<?xml version="1.0" encoding="UTF-8"?>
<con:soapui-project name="provider-uniontypes" soapui-version="2.5" resourceRoot="" xmlns:con="http://eviware.com/soapui/config"><con:settings><con:setting id="ProjectSettings@projectRoot">/home/raffaele/lavoro/Progetti/nokia/progetto/pragma_prefix/open-jbi-components/contrib-imola/corba-bc/integration-test/test-provider-uniontypes/provider-uniontypes-integration-test/src/test/etc/soapui</con:setting><con:setting id="com.eviware.soapui.impl.wsdl.actions.iface.tools.soapui.TestRunnerAction@values-local"><![CDATA[<xml-fragment xmlns:con="http://eviware.com/soapui/config">
  <con:entry key="TestRunner Path" value=""/>
  <con:entry key="Domain" value=""/>
  <con:entry key="WSS Password Type" value=""/>
  <con:entry key="Tool Args" value=""/>
  <con:entry key="Host:Port" value=""/>
  <con:entry key="Add Settings" value="false"/>
  <con:entry key="Save Project" value="false"/>
  <con:entry key="Root Folder" value=""/>
  <con:entry key="Export All" value="false"/>
  <con:entry key="Enable UI" value="false"/>
  <con:entry key="TestSuite" value="testsuite-provider-uniontypes"/>
  <con:entry key="Password" value=""/>
  <con:entry key="TestCase" value="EchoUnioTypesSoapBinding TestSuite"/>
  <con:entry key="Endpoint" value=""/>
  <con:entry key="Export JUnit Results" value="false"/>
  <con:entry key="Print Report" value="false"/>
  <con:entry key="Open Report" value="false"/>
  <con:entry key="Username" value=""/>
</xml-fragment>]]></con:setting></con:settings><con:interface name="EchoUnionTypesCorbaBinding" bindingName="{it.imolinfo.jbi4corba.test.testprovideruniontypes}EchoUnionTypesCorbaBinding" soapVersion="1_1" definition="http://localhost:8192/Service/test-provider-uniontypes/?wsdl" xsi:type="con:WsdlInterface" wsaVersion="NONE" xmlns:xsi="http://www.w3.org/2001/XMLSchema-instance"><con:settings/><con:endpoints><con:endpoint>http://localhost:8192/Service/test-provider-uniontypes/</con:endpoint></con:endpoints><con:operation isOneWay="false" action="" name="echo1" bindingOperationName="echo1" inputName="echo1" outputName="echo1Response" receivesAttachments="false" sendsAttachments="false"><con:settings/><con:call name="Request 1"><con:settings/><con:encoding>UTF-8</con:encoding><con:endpoint>http://localhost:8192/Service/test-provider-uniontypes/</con:endpoint><con:request><![CDATA[<soapenv:Envelope xmlns:soapenv="http://schemas.xmlsoap.org/soap/envelope/" xmlns:it="it.imolinfo.jbi4corba.test.testprovideruniontypes" xmlns:tes="http://testprovideruniontypes.test.jbi4corba.imolinfo.it/">
   <soapenv:Header/>
   <soapenv:Body>
      <it:echo1>
         <!--Optional:-->
         <it:msg>
            <!--You have a CHOICE of the next 4 items at this level-->
            <tes:primo>34</tes:primo>
           
         </it:msg>
      </it:echo1>
   </soapenv:Body>
</soapenv:Envelope>]]></con:request></con:call></con:operation><con:operation isOneWay="false" action="" name="echo2" bindingOperationName="echo2" inputName="echo2" outputName="echo2Response" receivesAttachments="false" sendsAttachments="false"><con:settings/><con:call name="Request 1"><con:settings/><con:encoding>UTF-8</con:encoding><con:endpoint>http://localhost:8192/Service/test-provider-uniontypes/</con:endpoint><con:request><![CDATA[<soapenv:Envelope xmlns:soapenv="http://schemas.xmlsoap.org/soap/envelope/" xmlns:it="it.imolinfo.jbi4corba.test.testprovideruniontypes" xmlns:tes="http://testprovideruniontypes.test.jbi4corba.imolinfo.it/">
   <soapenv:Header/>
   <soapenv:Body>
      <it:echo2>
         <!--Optional:-->
         <it:msg>
            <!--You have a CHOICE of the next 3 items at this level-->
           
            <tes:numeric>2</tes:numeric>
         
         </it:msg>
      </it:echo2>
   </soapenv:Body>
</soapenv:Envelope>]]></con:request></con:call></con:operation><con:operation isOneWay="false" action="" name="echo3" bindingOperationName="echo3" inputName="echo3" outputName="echo3Response" receivesAttachments="false" sendsAttachments="false"><con:settings/><con:call name="Request 1"><con:settings/><con:encoding>UTF-8</con:encoding><con:endpoint>http://localhost:8192/Service/test-provider-uniontypes/</con:endpoint><con:request><![CDATA[<soapenv:Envelope xmlns:soapenv="http://schemas.xmlsoap.org/soap/envelope/" xmlns:it="it.imolinfo.jbi4corba.test.testprovideruniontypes">
   <soapenv:Header/>
   <soapenv:Body>
      <it:echo3>
         <!--Optional:-->
         <it:msg>?</it:msg>
      </it:echo3>
   </soapenv:Body>
</soapenv:Envelope>]]></con:request></con:call></con:operation><con:operation isOneWay="false" action="" name="echo4" bindingOperationName="echo4" inputName="echo4" outputName="echo4Response" receivesAttachments="false" sendsAttachments="false"><con:settings/><con:call name="Request 1"><con:settings/><con:encoding>UTF-8</con:encoding><con:endpoint>http://localhost:8192/Service/test-provider-uniontypes/</con:endpoint><con:request><![CDATA[<soapenv:Envelope xmlns:soapenv="http://schemas.xmlsoap.org/soap/envelope/" xmlns:it="it.imolinfo.jbi4corba.test.testprovideruniontypes" xmlns:tes="http://testprovideruniontypes.test.jbi4corba.imolinfo.it/">
   <soapenv:Header/>
   <soapenv:Body>
      <it:echo4>
         <!--Optional:-->
         <it:msg>
            <tes:fieldBoolean>?</tes:fieldBoolean>
            <tes:fieldChar>?</tes:fieldChar>
            <!--You have a CHOICE of the next 3 items at this level-->
            <tes:alfanumeric>?</tes:alfanumeric>
            <tes:numeric>?</tes:numeric>
            <tes:two_format/>
         </it:msg>
      </it:echo4>
   </soapenv:Body>
</soapenv:Envelope>]]></con:request></con:call></con:operation><con:operation isOneWay="false" action="" name="echo5" bindingOperationName="echo5" inputName="echo5" outputName="echo5Response" receivesAttachments="false" sendsAttachments="false"><con:settings/><con:call name="Request 1"><con:settings/><con:encoding>UTF-8</con:encoding><con:endpoint>http://localhost:8192/Service/test-provider-uniontypes/</con:endpoint><con:request><![CDATA[<soapenv:Envelope xmlns:soapenv="http://schemas.xmlsoap.org/soap/envelope/" xmlns:it="it.imolinfo.jbi4corba.test.testprovideruniontypes" xmlns:tes="http://testprovideruniontypes.test.jbi4corba.imolinfo.it/">
   <soapenv:Header/>
   <soapenv:Body>
      <it:echo5>
         <!--Optional:-->
         <it:msg>
            <tes:fieldBoolean>?</tes:fieldBoolean>
            <tes:fieldChar>?</tes:fieldChar>
            <!--You have a CHOICE of the next 3 items at this level-->
            <tes:alfanumeric>?</tes:alfanumeric>
            <tes:numeric>?</tes:numeric>
            <tes:two_format/>
         </it:msg>
      </it:echo5>
   </soapenv:Body>
</soapenv:Envelope>]]></con:request></con:call></con:operation><con:operation isOneWay="false" action="" name="echo6" bindingOperationName="echo6" inputName="echo6" outputName="echo6Response" receivesAttachments="false" sendsAttachments="false"><con:settings/><con:call name="Request 1"><con:settings/><con:encoding>UTF-8</con:encoding><con:endpoint>http://localhost:8192/Service/test-provider-uniontypes/</con:endpoint><con:request><![CDATA[<soapenv:Envelope xmlns:soapenv="http://schemas.xmlsoap.org/soap/envelope/" xmlns:it="it.imolinfo.jbi4corba.test.testprovideruniontypes">
   <soapenv:Header/>
   <soapenv:Body>
      <it:echo6>
         <!--Optional:-->
         <it:msg>?</it:msg>
      </it:echo6>
   </soapenv:Body>
</soapenv:Envelope>]]></con:request></con:call></con:operation><con:operation isOneWay="false" action="" name="echo8" bindingOperationName="echo8" inputName="echo8" outputName="echo8Response" receivesAttachments="false" sendsAttachments="false"><con:settings/><con:call name="Request 1"><con:settings/><con:encoding>UTF-8</con:encoding><con:endpoint>http://localhost:8192/Service/test-provider-uniontypes/</con:endpoint><con:request><![CDATA[<soapenv:Envelope xmlns:soapenv="http://schemas.xmlsoap.org/soap/envelope/" xmlns:it="it.imolinfo.jbi4corba.test.testprovideruniontypes">
   <soapenv:Header/>
   <soapenv:Body>
      <it:echo8>
         <!--Optional:-->
         <it:msg>?</it:msg>
      </it:echo8>
   </soapenv:Body>
</soapenv:Envelope>]]></con:request></con:call></con:operation><con:operation isOneWay="false" action="" name="echo9" bindingOperationName="echo9" inputName="echo9" outputName="echo9Response" receivesAttachments="false" sendsAttachments="false"><con:settings/><con:call name="Request 1"><con:settings/><con:encoding>UTF-8</con:encoding><con:endpoint>http://localhost:8192/Service/test-provider-uniontypes/</con:endpoint><con:request><![CDATA[<soapenv:Envelope xmlns:soapenv="http://schemas.xmlsoap.org/soap/envelope/" xmlns:it="it.imolinfo.jbi4corba.test.testprovideruniontypes" xmlns:tes="http://testprovideruniontypes.test.jbi4corba.imolinfo.it/">
   <soapenv:Header/>
   <soapenv:Body>
      <it:echo9>
         <!--Zero or more repetitions:-->
         <it:msg>
            <!--Zero or more repetitions:-->
            <tes:item>
               <tes:fieldBoolean>?</tes:fieldBoolean>
               <tes:fieldChar>?</tes:fieldChar>
               <!--You have a CHOICE of the next 3 items at this level-->
               <tes:alfanumeric>?</tes:alfanumeric>
               <tes:numeric>?</tes:numeric>
               <tes:two_format/>
            </tes:item>
         </it:msg>
      </it:echo9>
   </soapenv:Body>
</soapenv:Envelope>]]></con:request></con:call></con:operation><con:operation isOneWay="false" action="" name="echo7" bindingOperationName="echo7" inputName="echo7" outputName="echo7Response" receivesAttachments="false" sendsAttachments="false"><con:settings/><con:call name="Request 1"><con:settings/><con:encoding>UTF-8</con:encoding><con:endpoint>http://localhost:8192/Service/test-provider-uniontypes/</con:endpoint><con:request><![CDATA[<soapenv:Envelope xmlns:soapenv="http://schemas.xmlsoap.org/soap/envelope/" xmlns:it="it.imolinfo.jbi4corba.test.testprovideruniontypes">
   <soapenv:Header/>
   <soapenv:Body>
      <it:echo7>
         <!--Optional:-->
         <it:msg>?</it:msg>
      </it:echo7>
   </soapenv:Body>
</soapenv:Envelope>]]></con:request></con:call></con:operation><con:definitionCache rootPart="http://localhost:8192/Service/test-provider-uniontypes/?wsdl" type="TEXT"><con:part><con:url>http://localhost:8192/Service/test-provider-uniontypes/?wsdl</con:url><con:content><![CDATA[<wsdl:definitions name="EchoUnionTypes" targetNamespace="it.imolinfo.jbi4corba.test.testprovideruniontypes" xmlns:plnk="http://docs.oasis-open.org/wsbpel/2.0/plnktype" xmlns:imolacorba="uri://schemas.imola.it/jbi/wsdl-extensions/corba/" xmlns:wsdl="http://schemas.xmlsoap.org/wsdl/" xmlns:tns="it.imolinfo.jbi4corba.test.testprovideruniontypes" xmlns:xsd="http://www.w3.org/2001/XMLSchema" xmlns:soap="http://schemas.xmlsoap.org/wsdl/soap/">
  <wsdl:types>
    <xs:schema attributeFormDefault="qualified" elementFormDefault="qualified" targetNamespace="http://testprovideruniontypes.test.jbi4corba.imolinfo.it/" xmlns="http://testprovideruniontypes.test.jbi4corba.imolinfo.it/" xmlns:ns1="it.imolinfo.jbi4corba.test.testprovideruniontypes" xmlns:ns2="http://jaxb.dev.java.net/array" xmlns:xs="http://www.w3.org/2001/XMLSchema">
      <xs:import namespace="it.imolinfo.jbi4corba.test.testprovideruniontypes"/>
      <xs:import namespace="http://jaxb.dev.java.net/array"/>
      <xs:complexType name="complexStruct1">
        <xs:sequence>
          <xs:element name="fieldBoolean" type="xs:boolean"/>
          <xs:element name="fieldChar" type="xs:unsignedShort"/>
          <xs:choice minOccurs="0">
            <xs:element name="alfanumeric" type="xs:string"/>
            <xs:element name="numeric" type="xs:int"/>
            <xs:element name="two_format" type="ns1:any"/>
          </xs:choice>
        </xs:sequence>
      </xs:complexType>
      <xs:complexType final="#all" name="complexStruct1Array">
        <xs:sequence>
          <xs:element maxOccurs="unbounded" minOccurs="0" name="item" nillable="true" type="complexStruct1"/>
        </xs:sequence>
      </xs:complexType>
      <xs:complexType name="SecondUnionWrapper">
        <xs:sequence>
          <xs:choice minOccurs="0">
            <xs:element name="alfanumeric" type="xs:string"/>
            <xs:element name="numeric" type="xs:int"/>
            <xs:element name="two_format" type="ns1:any"/>
          </xs:choice>
        </xs:sequence>
      </xs:complexType>
      <xs:complexType name="ThirdUnionWrapper">
        <xs:sequence>
          <xs:choice minOccurs="0">
            <xs:element name="primo" type="xs:int"/>
            <xs:element name="altro" type="xs:boolean"/>
            <xs:element name="secondo" type="xs:short"/>
            <xs:element name="third" type="ns2:anyTypeArray"/>
          </xs:choice>
        </xs:sequence>
      </xs:complexType>
    </xs:schema>
    <xs:schema attributeFormDefault="unqualified" elementFormDefault="unqualified" targetNamespace="http://jaxb.dev.java.net/array" xmlns="http://jaxb.dev.java.net/array" xmlns:xs="http://www.w3.org/2001/XMLSchema">
      <xs:complexType final="#all" name="anyTypeArray">
        <xs:sequence>
          <xs:element maxOccurs="unbounded" minOccurs="0" name="item" nillable="true" type="xs:anyType"/>
        </xs:sequence>
      </xs:complexType>
    </xs:schema>
    <xs:schema attributeFormDefault="unqualified" elementFormDefault="qualified" targetNamespace="it.imolinfo.jbi4corba.test.testprovideruniontypes" xmlns="it.imolinfo.jbi4corba.test.testprovideruniontypes" xmlns:ns1="http://testprovideruniontypes.test.jbi4corba.imolinfo.it/" xmlns:xs="http://www.w3.org/2001/XMLSchema">
      <xs:import namespace="http://testprovideruniontypes.test.jbi4corba.imolinfo.it/"/>
      <xs:element name="echo1">
        <xs:complexType>
          <xs:sequence>
            <xs:element minOccurs="0" name="msg" type="ns1:ThirdUnionWrapper"/>
          </xs:sequence>
        </xs:complexType>
      </xs:element>
      <xs:element name="echo1Response">
        <xs:complexType>
          <xs:sequence>
            <xs:element minOccurs="0" name="return" type="xs:string"/>
          </xs:sequence>
        </xs:complexType>
      </xs:element>
      <xs:element name="echo2">
        <xs:complexType>
          <xs:sequence>
            <xs:element minOccurs="0" name="msg" type="ns1:SecondUnionWrapper"/>
          </xs:sequence>
        </xs:complexType>
      </xs:element>
      <xs:element name="echo2Response">
        <xs:complexType>
          <xs:sequence>
            <xs:element minOccurs="0" name="return" type="ns1:ThirdUnionWrapper"/>
            <xs:element minOccurs="0" name="msg" type="ns1:SecondUnionWrapper"/>
          </xs:sequence>
        </xs:complexType>
      </xs:element>
      <xs:element name="echo3">
        <xs:complexType>
          <xs:sequence>
            <xs:element minOccurs="0" name="msg" type="xs:string"/>
          </xs:sequence>
        </xs:complexType>
      </xs:element>
      <xs:element name="echo3Response">
        <xs:complexType>
          <xs:sequence>
            <xs:element minOccurs="0" name="return" type="ns1:complexStruct1"/>
          </xs:sequence>
        </xs:complexType>
      </xs:element>
      <xs:element name="echo4">
        <xs:complexType>
          <xs:sequence>
            <xs:element minOccurs="0" name="msg" type="ns1:complexStruct1"/>
          </xs:sequence>
        </xs:complexType>
      </xs:element>
      <xs:element name="echo4Response">
        <xs:complexType>
          <xs:sequence>
            <xs:element minOccurs="0" name="return" type="xs:string"/>
          </xs:sequence>
        </xs:complexType>
      </xs:element>
      <xs:element name="echo5">
        <xs:complexType>
          <xs:sequence>
            <xs:element minOccurs="0" name="msg" type="ns1:complexStruct1"/>
          </xs:sequence>
        </xs:complexType>
      </xs:element>
      <xs:element name="echo5Response">
        <xs:complexType>
          <xs:sequence>
            <xs:element minOccurs="0" name="return" type="xs:string"/>
            <xs:element minOccurs="0" name="msg" type="ns1:complexStruct1"/>
          </xs:sequence>
        </xs:complexType>
      </xs:element>
      <xs:element name="echo6">
        <xs:complexType>
          <xs:sequence>
            <xs:element minOccurs="0" name="msg" type="xs:string"/>
          </xs:sequence>
        </xs:complexType>
      </xs:element>
      <xs:element name="echo6Response">
        <xs:complexType>
          <xs:sequence>
            <xs:element minOccurs="0" name="return" type="ns1:complexStruct1"/>
          </xs:sequence>
        </xs:complexType>
      </xs:element>
      <xs:element name="echo7">
        <xs:complexType>
          <xs:sequence>
            <xs:element minOccurs="0" name="msg" type="xs:string"/>
          </xs:sequence>
        </xs:complexType>
      </xs:element>
      <xs:element name="echo7Response">
        <xs:complexType>
          <xs:sequence>
            <xs:element maxOccurs="unbounded" minOccurs="0" name="return" type="ns1:complexStruct1Array"/>
          </xs:sequence>
        </xs:complexType>
      </xs:element>
      <xs:element name="echo8">
        <xs:complexType>
          <xs:sequence>
            <xs:element minOccurs="0" name="msg" type="xs:string"/>
          </xs:sequence>
        </xs:complexType>
      </xs:element>
      <xs:element name="echo8Response">
        <xs:complexType>
          <xs:sequence>
            <xs:element minOccurs="0" name="return" type="ns1:SecondUnionWrapper"/>
          </xs:sequence>
        </xs:complexType>
      </xs:element>
      <xs:element name="echo9">
        <xs:complexType>
          <xs:sequence>
            <xs:element maxOccurs="unbounded" minOccurs="0" name="msg" type="ns1:complexStruct1Array"/>
          </xs:sequence>
        </xs:complexType>
      </xs:element>
      <xs:element name="echo9Response">
        <xs:complexType>
          <xs:sequence>
            <xs:element minOccurs="0" name="return" type="xs:string"/>
          </xs:sequence>
        </xs:complexType>
      </xs:element>
      <xs:complexType abstract="true" name="any"/>
      <xs:element name="EchoUnionException" type="EchoUnionException"/>
      <xs:complexType name="EchoUnionException">
        <xs:sequence>
          <xs:element name="reason" nillable="true" type="xs:anyType"/>
        </xs:sequence>
      </xs:complexType>
    </xs:schema>
  </wsdl:types>
  <wsdl:message name="echo3">
    <wsdl:part name="parameters" element="tns:echo3"></wsdl:part>
  </wsdl:message>
  <wsdl:message name="echo4">
    <wsdl:part name="parameters" element="tns:echo4"></wsdl:part>
  </wsdl:message>
  <wsdl:message name="echo1">
    <wsdl:part name="parameters" element="tns:echo1"></wsdl:part>
  </wsdl:message>
  <wsdl:message name="echo2">
    <wsdl:part name="parameters" element="tns:echo2"></wsdl:part>
  </wsdl:message>
  <wsdl:message name="echo3Response">
    <wsdl:part name="parameters" element="tns:echo3Response"></wsdl:part>
  </wsdl:message>
  <wsdl:message name="EchoUnionException">
    <wsdl:part name="EchoUnionException" element="tns:EchoUnionException"></wsdl:part>
  </wsdl:message>
  <wsdl:message name="echo6Response">
    <wsdl:part name="parameters" element="tns:echo6Response"></wsdl:part>
  </wsdl:message>
  <wsdl:message name="echo2Response">
    <wsdl:part name="parameters" element="tns:echo2Response"></wsdl:part>
  </wsdl:message>
  <wsdl:message name="echo9Response">
    <wsdl:part name="parameters" element="tns:echo9Response"></wsdl:part>
  </wsdl:message>
  <wsdl:message name="echo8Response">
    <wsdl:part name="parameters" element="tns:echo8Response"></wsdl:part>
  </wsdl:message>
  <wsdl:message name="echo8">
    <wsdl:part name="parameters" element="tns:echo8"></wsdl:part>
  </wsdl:message>
  <wsdl:message name="echo7">
    <wsdl:part name="parameters" element="tns:echo7"></wsdl:part>
  </wsdl:message>
  <wsdl:message name="echo4Response">
    <wsdl:part name="parameters" element="tns:echo4Response"></wsdl:part>
  </wsdl:message>
  <wsdl:message name="echo6">
    <wsdl:part name="parameters" element="tns:echo6"></wsdl:part>
  </wsdl:message>
  <wsdl:message name="echo5">
    <wsdl:part name="parameters" element="tns:echo5"></wsdl:part>
  </wsdl:message>
  <wsdl:message name="echo7Response">
    <wsdl:part name="parameters" element="tns:echo7Response"></wsdl:part>
  </wsdl:message>
  <wsdl:message name="echo5Response">
    <wsdl:part name="parameters" element="tns:echo5Response"></wsdl:part>
  </wsdl:message>
  <wsdl:message name="echo1Response">
    <wsdl:part name="parameters" element="tns:echo1Response"></wsdl:part>
  </wsdl:message>
  <wsdl:message name="echo9">
    <wsdl:part name="parameters" element="tns:echo9"></wsdl:part>
  </wsdl:message>
  <wsdl:portType name="EchoUnionTypes">
    <wsdl:operation name="echo8">
      <wsdl:input name="echo8" message="tns:echo8"></wsdl:input>
      <wsdl:output name="echo8Response" message="tns:echo8Response"></wsdl:output>
      <wsdl:fault name="EchoUnionException" message="tns:EchoUnionException"></wsdl:fault>
    </wsdl:operation>
    <wsdl:operation name="echo1">
      <wsdl:input name="echo1" message="tns:echo1"></wsdl:input>
      <wsdl:output name="echo1Response" message="tns:echo1Response"></wsdl:output>
    </wsdl:operation>
    <wsdl:operation name="echo3">
      <wsdl:input name="echo3" message="tns:echo3"></wsdl:input>
      <wsdl:output name="echo3Response" message="tns:echo3Response"></wsdl:output>
    </wsdl:operation>
    <wsdl:operation name="echo6">
      <wsdl:input name="echo6" message="tns:echo6"></wsdl:input>
      <wsdl:output name="echo6Response" message="tns:echo6Response"></wsdl:output>
    </wsdl:operation>
    <wsdl:operation name="echo9">
      <wsdl:input name="echo9" message="tns:echo9"></wsdl:input>
      <wsdl:output name="echo9Response" message="tns:echo9Response"></wsdl:output>
    </wsdl:operation>
    <wsdl:operation name="echo2">
      <wsdl:input name="echo2" message="tns:echo2"></wsdl:input>
      <wsdl:output name="echo2Response" message="tns:echo2Response"></wsdl:output>
    </wsdl:operation>
    <wsdl:operation name="echo7">
      <wsdl:input name="echo7" message="tns:echo7"></wsdl:input>
      <wsdl:output name="echo7Response" message="tns:echo7Response"></wsdl:output>
    </wsdl:operation>
    <wsdl:operation name="echo4">
      <wsdl:input name="echo4" message="tns:echo4"></wsdl:input>
      <wsdl:output name="echo4Response" message="tns:echo4Response"></wsdl:output>
    </wsdl:operation>
    <wsdl:operation name="echo5">
      <wsdl:input name="echo5" message="tns:echo5"></wsdl:input>
      <wsdl:output name="echo5Response" message="tns:echo5Response"></wsdl:output>
    </wsdl:operation>
  </wsdl:portType>
  <wsdl:binding name="EchoUnionTypesCorbaBinding" type="tns:EchoUnionTypes">
    <soap:binding style="document" transport="http://schemas.xmlsoap.org/soap/http"/>
    <wsdl:operation name="echo8">
      <soap:operation/>
      <wsdl:input name="echo8">
        <soap:body use="literal"/>
      </wsdl:input>
      <wsdl:output name="echo8Response">
        <soap:body use="literal"/>
      </wsdl:output>
      <wsdl:fault name="EchoUnionException">
        <soap:fault name="EchoUnionException" use="literal"/>
      </wsdl:fault>
    </wsdl:operation>
    <wsdl:operation name="echo9">
      <soap:operation/>
      <wsdl:input name="echo9">
        <soap:body use="literal"/>
      </wsdl:input>
      <wsdl:output name="echo9Response">
        <soap:body use="literal"/>
      </wsdl:output>
    </wsdl:operation>
    <wsdl:operation name="echo7">
      <soap:operation/>
      <wsdl:input name="echo7">
        <soap:body use="literal"/>
      </wsdl:input>
      <wsdl:output name="echo7Response">
        <soap:body use="literal"/>
      </wsdl:output>
    </wsdl:operation>
    <wsdl:operation name="echo6">
      <soap:operation/>
      <wsdl:input name="echo6">
        <soap:body use="literal"/>
      </wsdl:input>
      <wsdl:output name="echo6Response">
        <soap:body use="literal"/>
      </wsdl:output>
    </wsdl:operation>
    <wsdl:operation name="echo2">
      <soap:operation/>
      <wsdl:input name="echo2">
        <soap:body use="literal"/>
      </wsdl:input>
      <wsdl:output name="echo2Response">
        <soap:body use="literal"/>
      </wsdl:output>
    </wsdl:operation>
    <wsdl:operation name="echo1">
      <soap:operation/>
      <wsdl:input name="echo1">
        <soap:body use="literal"/>
      </wsdl:input>
      <wsdl:output name="echo1Response">
        <soap:body use="literal"/>
      </wsdl:output>
    </wsdl:operation>
    <wsdl:operation name="echo4">
      <soap:operation/>
      <wsdl:input name="echo4">
        <soap:body use="literal"/>
      </wsdl:input>
      <wsdl:output name="echo4Response">
        <soap:body use="literal"/>
      </wsdl:output>
    </wsdl:operation>
    <wsdl:operation name="echo3">
      <soap:operation/>
      <wsdl:input name="echo3">
        <soap:body use="literal"/>
      </wsdl:input>
      <wsdl:output name="echo3Response">
        <soap:body use="literal"/>
      </wsdl:output>
    </wsdl:operation>
    <wsdl:operation name="echo5">
      <soap:operation/>
      <wsdl:input name="echo5">
        <soap:body use="literal"/>
      </wsdl:input>
      <wsdl:output name="echo5Response">
        <soap:body use="literal"/>
      </wsdl:output>
    </wsdl:operation>
  </wsdl:binding>
  <wsdl:service name="EchoUnionTypes">
    <wsdl:port name="EchoUnionTypesCorbaPort" binding="tns:EchoUnionTypesCorbaBinding">
      <soap:address location="http://localhost:8192/Service/test-provider-uniontypes/"/>
    </wsdl:port>
  </wsdl:service>
  <plnk:partnerLinkType name="EchoUnionTypes">
    <plnk:role name="EchoUnionTypesPortTypeRole" portType="tns:EchoUnionTypes"/>
  </plnk:partnerLinkType>
</wsdl:definitions>]]></con:content><con:type>http://schemas.xmlsoap.org/wsdl/</con:type></con:part></con:definitionCache></con:interface><con:testSuite name="testsuite-provider-uniontypes"><con:settings/><con:runType>SEQUENTIAL</con:runType><con:testCase failOnError="true" failTestCaseOnErrors="true" keepSession="false" name="EchoUnioTypesSoapBinding TestSuite" searchProperties="true" maxResults="0" id="be1886b1-3a60-4e92-abc9-9b13fabf735a"><con:settings/><con:testStep type="request" name="echo1UnionWrapperIntChoice"><con:settings/><con:config xsi:type="con:RequestStep" xmlns:xsi="http://www.w3.org/2001/XMLSchema-instance"><con:interface>EchoUnionTypesCorbaBinding</con:interface><con:operation>echo1</con:operation><con:request name="echo1UnionWrapperIntChoice"><con:settings/><con:encoding>UTF-8</con:encoding><con:endpoint>http://localhost:8192/Service/test-provider-uniontypes/</con:endpoint><con:request><![CDATA[<soapenv:Envelope xmlns:soapenv="http://schemas.xmlsoap.org/soap/envelope/" xmlns:it="it.imolinfo.jbi4corba.test.testprovideruniontypes" xmlns:tes="http://testprovideruniontypes.test.jbi4corba.imolinfo.it/">
   <soapenv:Header/>
   <soapenv:Body>
      <it:echo1>
         <!--Optional:-->
         <it:msg>
            <!--You have a CHOICE of the next 4 items at this level-->
            <tes:primo>12</tes:primo>
            
         </it:msg>
      </it:echo1>
   </soapenv:Body>
</soapenv:Envelope>]]></con:request><con:assertion type="SOAP Response"/><con:assertion type="Schema Compliance"><con:configuration><definition/></con:configuration></con:assertion><con:wsaConfig mustUnderstand="NONE" version="200508"/></con:request></con:config></con:testStep><con:testStep type="request" name="echo1UnionWrapperBooleanChoice"><con:settings/><con:config xsi:type="con:RequestStep" xmlns:xsi="http://www.w3.org/2001/XMLSchema-instance"><con:interface>EchoUnionTypesCorbaBinding</con:interface><con:operation>echo1</con:operation><con:request name="echo1UnionWrapperBooleanChoice"><con:settings/><con:encoding>UTF-8</con:encoding><con:endpoint>http://localhost:8192/Service/test-provider-uniontypes/</con:endpoint><con:request><![CDATA[<soapenv:Envelope xmlns:soapenv="http://schemas.xmlsoap.org/soap/envelope/" xmlns:it="it.imolinfo.jbi4corba.test.testprovideruniontypes" xmlns:tes="http://testprovideruniontypes.test.jbi4corba.imolinfo.it/">
   <soapenv:Header/>
   <soapenv:Body>
      <it:echo1><!--Optional:-->
         <it:msg>
            <!--You have a CHOICE of the next 4 items at this level-->
           
            <tes:altro>true</tes:altro>
            
         </it:msg>
      </it:echo1>
   </soapenv:Body>
</soapenv:Envelope>]]></con:request><con:assertion type="SOAP Response"/><con:assertion type="Schema Compliance"><con:configuration/></con:assertion><con:wsaConfig mustUnderstand="NONE" version="200508"/></con:request></con:config></con:testStep><con:testStep type="request" name="echo1UnionWrapperShortChoice"><con:settings/><con:config xsi:type="con:RequestStep" xmlns:xsi="http://www.w3.org/2001/XMLSchema-instance"><con:interface>EchoUnionTypesCorbaBinding</con:interface><con:operation>echo1</con:operation><con:request name="echo1UnionWrapperShortChoice"><con:settings/><con:encoding>UTF-8</con:encoding><con:endpoint>http://localhost:8192/Service/test-provider-uniontypes/</con:endpoint><con:request><![CDATA[<soapenv:Envelope xmlns:soapenv="http://schemas.xmlsoap.org/soap/envelope/" xmlns:it="it.imolinfo.jbi4corba.test.testprovideruniontypes" xmlns:tes="http://testprovideruniontypes.test.jbi4corba.imolinfo.it/">
   <soapenv:Header/>
   <soapenv:Body>
      <it:echo1><!--Optional:-->
         <it:msg>
            <!--You have a CHOICE of the next 4 items at this level-->
            
            
            <tes:secondo>15</tes:secondo>
            
         </it:msg>
      </it:echo1>
   </soapenv:Body>
</soapenv:Envelope>]]></con:request><con:assertion type="SOAP Response"/><con:assertion type="Schema Compliance"><con:configuration/></con:assertion><con:wsaConfig mustUnderstand="NONE" version="200508"/></con:request></con:config></con:testStep><con:testStep type="request" name="echo2UnionAsINOUT"><con:settings/><con:config xsi:type="con:RequestStep" xmlns:xsi="http://www.w3.org/2001/XMLSchema-instance"><con:interface>EchoUnionTypesCorbaBinding</con:interface><con:operation>echo2</con:operation><con:request name="echo2UnionAsINOUT"><con:settings/><con:encoding>UTF-8</con:encoding><con:endpoint>http://localhost:8192/Service/test-provider-uniontypes/</con:endpoint><con:request><![CDATA[<soapenv:Envelope xmlns:soapenv="http://schemas.xmlsoap.org/soap/envelope/" xmlns:it="it.imolinfo.jbi4corba.test.testprovideruniontypes" xmlns:tes="http://testprovideruniontypes.test.jbi4corba.imolinfo.it/">
   <soapenv:Header/>
   <soapenv:Body>
      <it:echo2><!--Optional:-->
         <it:msg>
            <!--You have a CHOICE of the next 3 items at this level-->
            <tes:alfanumeric>string message</tes:alfanumeric>
            
         </it:msg>
      </it:echo2>
   </soapenv:Body>
</soapenv:Envelope>]]></con:request><con:assertion type="SOAP Response"/><con:assertion type="Schema Compliance"><con:configuration/></con:assertion><con:wsaConfig mustUnderstand="NONE" version="200508"/></con:request></con:config></con:testStep><con:testStep type="request" name="echo8UnionAsReturnType"><con:settings/><con:config xsi:type="con:RequestStep" xmlns:xsi="http://www.w3.org/2001/XMLSchema-instance"><con:interface>EchoUnionTypesCorbaBinding</con:interface><con:operation>echo8</con:operation><con:request name="echo8UnionAsReturnType"><con:settings/><con:encoding>UTF-8</con:encoding><con:endpoint>http://localhost:8192/Service/test-provider-uniontypes/</con:endpoint><con:request><![CDATA[<soapenv:Envelope xmlns:soapenv="http://schemas.xmlsoap.org/soap/envelope/" xmlns:it="it.imolinfo.jbi4corba.test.testprovideruniontypes">
   <soapenv:Header/>
   <soapenv:Body>
      <it:echo8><!--Optional:-->
         <it:msg>not exception</it:msg>
      </it:echo8>
   </soapenv:Body>
</soapenv:Envelope>]]></con:request><con:assertion type="SOAP Response"/><con:assertion type="Schema Compliance"><con:configuration/></con:assertion><con:wsaConfig mustUnderstand="NONE" version="200508"/></con:request></con:config></con:testStep><con:testStep type="request" name="echo3UnionInReturnType"><con:settings/><con:config xsi:type="con:RequestStep" xmlns:xsi="http://www.w3.org/2001/XMLSchema-instance"><con:interface>EchoUnionTypesCorbaBinding</con:interface><con:operation>echo3</con:operation><con:request name="echo3UnionInReturnType"><con:settings/><con:encoding>UTF-8</con:encoding><con:endpoint>http://localhost:8192/Service/test-provider-uniontypes/</con:endpoint><con:request><![CDATA[<soapenv:Envelope xmlns:soapenv="http://schemas.xmlsoap.org/soap/envelope/" xmlns:it="it.imolinfo.jbi4corba.test.testprovideruniontypes">
   <soapenv:Header/>
   <soapenv:Body>
      <it:echo3><!--Optional:-->
         <it:msg>blabalaaa</it:msg>
      </it:echo3>
   </soapenv:Body>
</soapenv:Envelope>]]></con:request><con:assertion type="SOAP Response"/><con:wsaConfig mustUnderstand="NONE" version="200508"/></con:request></con:config></con:testStep><con:testStep type="request" name="echo4UnionInComplexParam"><con:settings/><con:config xsi:type="con:RequestStep" xmlns:xsi="http://www.w3.org/2001/XMLSchema-instance"><con:interface>EchoUnionTypesCorbaBinding</con:interface><con:operation>echo4</con:operation><con:request name="echo4UnionInComplexParam"><con:settings/><con:encoding>UTF-8</con:encoding><con:endpoint>http://localhost:8192/Service/test-provider-uniontypes/</con:endpoint><con:request><![CDATA[<soapenv:Envelope xmlns:soapenv="http://schemas.xmlsoap.org/soap/envelope/" xmlns:it="it.imolinfo.jbi4corba.test.testprovideruniontypes" xmlns:tes="http://testprovideruniontypes.test.jbi4corba.imolinfo.it/">
   <soapenv:Header/>
   <soapenv:Body>
      <it:echo4><!--Optional:-->
         <it:msg>
            <tes:fieldBoolean>true</tes:fieldBoolean>
            <tes:fieldChar>251</tes:fieldChar>
            <!--You have a CHOICE of the next 3 items at this level-->
           <tes:fieldWChar>
            <tes:numeric>34</tes:numeric>
          </tes:fieldWChar>
         </it:msg>
      </it:echo4>
   </soapenv:Body>
</soapenv:Envelope>]]></con:request><con:assertion type="SOAP Response"/><con:assertion type="Schema Compliance"><con:configuration/></con:assertion><con:wsaConfig mustUnderstand="NONE" version="200508"/></con:request></con:config></con:testStep><con:testStep type="request" name="echo5UnionInComplexINOUT"><con:settings/><con:config xsi:type="con:RequestStep" xmlns:xsi="http://www.w3.org/2001/XMLSchema-instance"><con:interface>EchoUnionTypesCorbaBinding</con:interface><con:operation>echo5</con:operation><con:request name="echo5UnionInComplexINOUT"><con:settings/><con:encoding>UTF-8</con:encoding><con:endpoint>http://localhost:8192/Service/test-provider-uniontypes/</con:endpoint><con:request><![CDATA[<soapenv:Envelope xmlns:soapenv="http://schemas.xmlsoap.org/soap/envelope/" xmlns:it="it.imolinfo.jbi4corba.test.testprovideruniontypes" xmlns:tes="http://testprovideruniontypes.test.jbi4corba.imolinfo.it/">
   <soapenv:Header/>
   <soapenv:Body>
      <it:echo5><!--Optional:-->
         <it:msg>
            <tes:fieldBoolean>true</tes:fieldBoolean>
            <tes:fieldChar>220</tes:fieldChar>
            <!--You have a CHOICE of the next 3 items at this level-->
<tes:fieldWChar>
            <tes:alfanumeric>good message</tes:alfanumeric>
 </tes:fieldWChar>
         </it:msg>
      </it:echo5>
   </soapenv:Body>
</soapenv:Envelope>]]></con:request><con:assertion type="SOAP Response"/><con:wsaConfig mustUnderstand="NONE" version="200508"/></con:request></con:config></con:testStep><con:testStep type="request" name="echo8ThrowExceptionWithUnion"><con:settings/><con:config xsi:type="con:RequestStep" xmlns:xsi="http://www.w3.org/2001/XMLSchema-instance"><con:interface>EchoUnionTypesCorbaBinding</con:interface><con:operation>echo8</con:operation><con:request name="echo8ThrowExceptionWithUnion"><con:settings/><con:encoding>UTF-8</con:encoding><con:endpoint>http://localhost:8192/Service/test-provider-uniontypes/</con:endpoint><con:request><![CDATA[<soapenv:Envelope xmlns:soapenv="http://schemas.xmlsoap.org/soap/envelope/" xmlns:it="it.imolinfo.jbi4corba.test.testprovideruniontypes">
   <soapenv:Header/>
   <soapenv:Body>
      <it:echo8><!--Optional:-->
         <it:msg>exception</it:msg>
      </it:echo8>
   </soapenv:Body>
</soapenv:Envelope>]]></con:request><con:assertion type="SOAP Response"/><con:assertion type="Schema Compliance" disabled="true"><con:configuration/></con:assertion><con:wsaConfig mustUnderstand="NONE" version="200508"/></con:request></con:config></con:testStep><con:testStep type="request" name="echo7UnionInMultipleArrayReturnType"><con:settings/><con:config xsi:type="con:RequestStep" xmlns:xsi="http://www.w3.org/2001/XMLSchema-instance"><con:interface>EchoUnionTypesCorbaBinding</con:interface><con:operation>echo7</con:operation><con:request name="echo7UnionInMultipleArrayReturnType"><con:settings/><con:encoding>UTF-8</con:encoding><con:endpoint>http://localhost:8192/Service/test-provider-uniontypes/</con:endpoint><con:request><![CDATA[<soapenv:Envelope xmlns:soapenv="http://schemas.xmlsoap.org/soap/envelope/" xmlns:it="it.imolinfo.jbi4corba.test.testprovideruniontypes">
   <soapenv:Header/>
   <soapenv:Body>
      <it:echo7><!--Optional:-->
         <it:msg>merge?</it:msg>
      </it:echo7>
   </soapenv:Body>
</soapenv:Envelope>]]></con:request><con:assertion type="SOAP Response"/><con:assertion type="Schema Compliance" disabled="true"><con:configuration/></con:assertion><con:wsaConfig mustUnderstand="NONE" version="200508"/></con:request></con:config></con:testStep><con:testStep type="request" name="echo9UnionInMultipleArrayParam"><con:settings/><con:config xsi:type="con:RequestStep" xmlns:xsi="http://www.w3.org/2001/XMLSchema-instance"><con:interface>EchoUnionTypesCorbaBinding</con:interface><con:operation>echo9</con:operation><con:request name="echo9UnionInMultipleArrayParam"><con:settings/><con:encoding>UTF-8</con:encoding><con:endpoint>http://localhost:8192/Service/test-provider-uniontypes/</con:endpoint><con:request><![CDATA[<soapenv:Envelope xmlns:soapenv="http://schemas.xmlsoap.org/soap/envelope/" xmlns:it="it.imolinfo.jbi4corba.test.testprovideruniontypes" xmlns:tes="http://testprovideruniontypes.test.jbi4corba.imolinfo.it/">
   <soapenv:Header/>
   <soapenv:Body>
      <it:echo9>
         <!--Zero or more repetitions:-->
         <it:msg>
            <!--Zero or more repetitions:-->
            <item>
               <tes:fieldBoolean>false</tes:fieldBoolean>
               <tes:fieldChar>233</tes:fieldChar>
               <!--You have a CHOICE of the next 3 items at this level-->
              <tes:fieldWChar>
			<tes:alfanumeric>00</tes:alfanumeric>
		</tes:fieldWChar>
     
            </item>
 	    <item>
               <tes:fieldBoolean>false</tes:fieldBoolean>
               <tes:fieldChar>233</tes:fieldChar>
               <!--You have a CHOICE of the next 3 items at this level-->
               <tes:fieldWChar>
			<tes:alfanumeric>01</tes:alfanumeric>
		</tes:fieldWChar>
          
            </item>
            <item>
               <tes:fieldBoolean>false</tes:fieldBoolean>
               <tes:fieldChar>233</tes:fieldChar>
               <!--You have a CHOICE of the next 3 items at this level-->
              <tes:fieldWChar>
			<tes:alfanumeric>02</tes:alfanumeric>
		</tes:fieldWChar>
       
            </item>
         </it:msg>
         <it:msg>
            <!--Zero or more repetitions:-->
            <item xmlns="" xmlns:ns3="http://testprovideruniontypes.test.jbi4corba.imolinfo.it/">
               <ns3:fieldBoolean>false</ns3:fieldBoolean>
               <ns3:fieldChar>233</ns3:fieldChar>
               <!--You have a CHOICE of the next 3 items at this level-->
               <ns3:fieldWChar>
			<ns3:alfanumeric>10</ns3:alfanumeric>
		</ns3:fieldWChar>
          
            </item>
            <item xmlns="" xmlns:ns3="http://testprovideruniontypes.test.jbi4corba.imolinfo.it/">
               <ns3:fieldBoolean>false</ns3:fieldBoolean>
               <ns3:fieldChar>233</ns3:fieldChar>
               <!--You have a CHOICE of the next 3 items at this level-->
               <ns3:fieldWChar>
			<ns3:alfanumeric>11</ns3:alfanumeric>
		</ns3:fieldWChar>
       
            </item>
            <item xmlns="" xmlns:ns3="http://testprovideruniontypes.test.jbi4corba.imolinfo.it/">
               <ns3:fieldBoolean>false</ns3:fieldBoolean>
               <ns3:fieldChar>233</ns3:fieldChar>
               <!--You have a CHOICE of the next 3 items at this level-->
               <ns3:fieldWChar>
			<ns3:alfanumeric>12</ns3:alfanumeric>
		</ns3:fieldWChar>
     
            </item>
         </it:msg>
      </it:echo9>
   </soapenv:Body>
</soapenv:Envelope>]]></con:request><con:assertion type="SOAP Response"/><con:wsaConfig mustUnderstand="NONE" version="200508"/></con:request></con:config></con:testStep><con:properties/></con:testCase><con:properties/></con:testSuite><con:properties/><con:wssContainer/></con:soapui-project>