<?xml version="1.0" encoding="UTF-8"?>
<con:soapui-project name="test-provider-oneway" soapui-version="2.5" resourceRoot="" xmlns:con="http://eviware.com/soapui/config"><con:settings><con:setting id="ProjectSettings@projectRoot">/home/raffaele/lavoro/Progetti/nokia/progetto/pragma_prefix/open-jbi-components/contrib-imola/corba-bc/integration-test/test-provider-oneway/provider-oneway-integration-test/src/test/etc/soapui</con:setting></con:settings><con:interface name="EchoOnewayCorbaBinding" bindingName="{urn:jbi4corba/test-provider-oneway}EchoOnewayCorbaBinding" soapVersion="1_1" definition="http://localhost:8192/Service/test-provider-oneway/?wsdl" xsi:type="con:WsdlInterface" wsaVersion="NONE" xmlns:xsi="http://www.w3.org/2001/XMLSchema-instance"><con:settings/><con:endpoints><con:endpoint>http://localhost:8192/Service/test-provider-oneway/</con:endpoint></con:endpoints><con:operation isOneWay="true" action="" name="echoOneway" bindingOperationName="echoOneway" inputName="echoOneway" sendsAttachments="false" type="One-Way"><con:settings/><con:call name="Request 1"><con:settings/><con:encoding>UTF-8</con:encoding><con:endpoint>http://localhost:8192/Service/test-provider-oneway/</con:endpoint><con:request><![CDATA[<soapenv:Envelope xmlns:soapenv="http://schemas.xmlsoap.org/soap/envelope/" xmlns:test="urn:jbi4corba/test-provider-oneway">
   <soapenv:Header/>
   <soapenv:Body>
      <test:echoOneway>
         <!--Optional:-->
         <test:message>ONEWAY</test:message>
      </test:echoOneway>
   </soapenv:Body>
</soapenv:Envelope>]]></con:request></con:call></con:operation><con:operation isOneWay="true" action="" name="echoOnewayStruct" bindingOperationName="echoOnewayStruct" inputName="echoOnewayStruct" sendsAttachments="false" type="One-Way"><con:settings/><con:call name="Request 1"><con:settings/><con:encoding>UTF-8</con:encoding><con:endpoint>http://localhost:8192/Service/test-provider-oneway/</con:endpoint><con:request><![CDATA[<soapenv:Envelope xmlns:soapenv="http://schemas.xmlsoap.org/soap/envelope/" xmlns:test="urn:jbi4corba/test-provider-oneway" xmlns:tes="http://testprovideroneway.test.jbi4corba.imolinfo.it/">
   <soapenv:Header/>
   <soapenv:Body>
      <test:echoOnewayStruct>
         <!--Optional:-->
         <test:message>
            <!--Optional:-->
            <tes:fieldBoolean>true</tes:fieldBoolean>
            <!--Optional:-->
            <tes:fieldChar>c</tes:fieldChar>
            <!--Optional:-->
            <tes:fieldDouble>1.0</tes:fieldDouble>
            <!--Optional:-->
            <tes:fieldFloat>2.0</tes:fieldFloat>
            <!--Optional:-->
            <tes:fieldLong>3</tes:fieldLong>
            <!--Optional:-->
            <tes:fieldLongLong>444</tes:fieldLongLong>
            <!--Optional:-->
            <tes:fieldOctet>5</tes:fieldOctet>
            <!--Optional:-->
            <tes:fieldShort>6</tes:fieldShort>
            <!--Optional:-->
            <tes:fieldString>string</tes:fieldString>
            <!--Optional:-->
            <tes:fieldUnsignedLong>7</tes:fieldUnsignedLong>
            <!--Optional:-->
            <tes:fieldUnsignedLongLong>8</tes:fieldUnsignedLongLong>
            <!--Optional:-->
            <tes:fieldUnsignedShort>9</tes:fieldUnsignedShort>
            <!--Optional:-->
            <tes:fieldWChar>w</tes:fieldWChar>
            <!--Optional:-->
            <tes:fieldWString>wstring</tes:fieldWString>
         </test:message>
      </test:echoOnewayStruct>
   </soapenv:Body>
</soapenv:Envelope>]]></con:request></con:call></con:operation><con:definitionCache rootPart="http://localhost:8192/Service/test-provider-oneway/?wsdl"><con:part><con:url>http://localhost:8192/Service/test-provider-oneway/?wsdl</con:url><con:content><wsdl:definitions name="EchoOneway" targetNamespace="urn:jbi4corba/test-provider-oneway" xmlns:plnk="http://docs.oasis-open.org/wsbpel/2.0/plnktype" xmlns:wsdl="http://schemas.xmlsoap.org/wsdl/" xmlns:tns="urn:jbi4corba/test-provider-oneway" xmlns:xsd="http://www.w3.org/2001/XMLSchema" xmlns:soap="http://schemas.xmlsoap.org/wsdl/soap/">
  <wsdl:types>
    <xs:schema attributeFormDefault="qualified" elementFormDefault="qualified" targetNamespace="http://testprovideroneway.test.jbi4corba.imolinfo.it/" xmlns="http://testprovideroneway.test.jbi4corba.imolinfo.it/" xmlns:xs="http://www.w3.org/2001/XMLSchema">
    <xs:complexType name="echoStruct">
        <xs:sequence>
            <xs:element name="fieldBoolean" type="xs:boolean"/>
            <xs:element name="fieldChar" type="xs:unsignedShort"/>
            <xs:element name="fieldDouble" type="xs:double"/>
            <xs:element name="fieldFloat" type="xs:float"/>
            <xs:element name="fieldLong" type="xs:int"/>
            <xs:element name="fieldLongLong" type="xs:long"/>
            <xs:element name="fieldOctet" type="xs:byte"/>
            <xs:element name="fieldShort" type="xs:short"/>
            <xs:element minOccurs="0" name="fieldString" type="xs:string"/>
            <xs:element name="fieldUnsignedLong" type="xs:int"/>
            <xs:element name="fieldUnsignedLongLong" type="xs:long"/>
            <xs:element name="fieldUnsignedShort" type="xs:short"/>
            <xs:element name="fieldWChar" type="xs:unsignedShort"/>
            <xs:element minOccurs="0" name="fieldWString" type="xs:string"/>
        </xs:sequence>
    </xs:complexType>
</xs:schema>
    <xsd:schema attributeFormDefault="unqualified" elementFormDefault="qualified" targetNamespace="urn:jbi4corba/test-provider-oneway" xmlns:ns0="http://testprovideroneway.test.jbi4corba.imolinfo.it/">
        <xsd:import namespace="http://testprovideroneway.test.jbi4corba.imolinfo.it/"/>
    <xsd:element name="echoOnewayStruct">
        <xsd:complexType>
            <xsd:sequence>
                <xsd:element minOccurs="0" name="message" type="ns0:echoStruct"/>
            </xsd:sequence>
        </xsd:complexType>
    </xsd:element>
    <xsd:element name="echoOneway">
        <xsd:complexType>
            <xsd:sequence>
                <xsd:element minOccurs="0" name="message" type="xsd:string"/>
            </xsd:sequence>
        </xsd:complexType>
    </xsd:element>
</xsd:schema>
  </wsdl:types>
  <wsdl:message name="echoOnewayStruct">
    <wsdl:part name="parameters" element="tns:echoOnewayStruct">
    </wsdl:part>
  </wsdl:message>
  <wsdl:message name="echoOneway">
    <wsdl:part name="parameters" element="tns:echoOneway">
    </wsdl:part>
  </wsdl:message>
  <wsdl:portType name="EchoOneway">
    <wsdl:operation name="echoOnewayStruct">
      <wsdl:input name="echoOnewayStruct" message="tns:echoOnewayStruct">
    </wsdl:input>
    </wsdl:operation>
    <wsdl:operation name="echoOneway">
      <wsdl:input name="echoOneway" message="tns:echoOneway">
    </wsdl:input>
    </wsdl:operation>
  </wsdl:portType>
  <wsdl:binding name="EchoOnewayCorbaBinding" type="tns:EchoOneway">
    <soap:binding style="document" transport="http://schemas.xmlsoap.org/soap/http"/>
    <wsdl:operation name="echoOnewayStruct">
      <soap:operation/>
      <wsdl:input name="echoOnewayStruct">
        <soap:body use="literal"/>
      </wsdl:input>
    </wsdl:operation>
    <wsdl:operation name="echoOneway">
      <soap:operation/>
      <wsdl:input name="echoOneway">
        <soap:body use="literal"/>
      </wsdl:input>
    </wsdl:operation>
  </wsdl:binding>
  <wsdl:service name="EchoOneway">
    <wsdl:port name="EchoOnewayCorbaPort" binding="tns:EchoOnewayCorbaBinding">
      <soap:address location="http://192.168.1.230:8192/Service/test-provider-oneway/"/>
    </wsdl:port>
  </wsdl:service>
    <plnk:partnerLinkType name="EchoOneway">
<plnk:role name="EchoOnewayPortTypeRole" portType="tns:EchoOneway"/>
</plnk:partnerLinkType>
</wsdl:definitions></con:content><con:type>http://schemas.xmlsoap.org/wsdl/</con:type></con:part></con:definitionCache></con:interface><con:testSuite name="testsuite-provider-oneway"><con:settings/><con:runType>SEQUENTIAL</con:runType><con:testCase failOnError="true" failTestCaseOnErrors="true" keepSession="false" name="EchoOnewayCorbaBinding TestSuite" searchProperties="true" maxResults="0" id="363231ae-1183-44aa-b834-d700de926241"><con:settings/><con:testStep type="request" name="echoOneway"><con:settings/><con:config xsi:type="con:RequestStep" xmlns:xsi="http://www.w3.org/2001/XMLSchema-instance"><con:interface>EchoOnewayCorbaBinding</con:interface><con:operation>echoOneway</con:operation><con:request name="echoOneway" wssPasswordType=""><con:settings><con:setting id="com.eviware.soapui.impl.wsdl.WsdlRequest@request-headers">&lt;xml-fragment/></con:setting></con:settings><con:encoding>UTF-8</con:encoding><con:endpoint>http://localhost:8192/Service/test-provider-oneway/</con:endpoint><con:request><![CDATA[<soapenv:Envelope xmlns:soapenv="http://schemas.xmlsoap.org/soap/envelope/" xmlns:test="urn:jbi4corba/test-provider-oneway">
   <soapenv:Header/>
   <soapenv:Body>
      <test:echoOneway>
         <!--Optional:-->
         <test:message>ONEWAY</test:message>
      </test:echoOneway>
   </soapenv:Body>
</soapenv:Envelope>]]></con:request><con:wsaConfig mustUnderstand="NONE" version="200508"/></con:request></con:config></con:testStep><con:testStep type="request" name="echoOnewayStruct"><con:settings/><con:config xsi:type="con:RequestStep" xmlns:xsi="http://www.w3.org/2001/XMLSchema-instance"><con:interface>EchoOnewayCorbaBinding</con:interface><con:operation>echoOnewayStruct</con:operation><con:request name="echoOnewayStruct" wssPasswordType=""><con:settings><con:setting id="com.eviware.soapui.impl.wsdl.WsdlRequest@request-headers">&lt;xml-fragment/></con:setting></con:settings><con:encoding>UTF-8</con:encoding><con:endpoint>http://localhost:8192/Service/test-provider-oneway/</con:endpoint><con:request><![CDATA[<soapenv:Envelope xmlns:soapenv="http://schemas.xmlsoap.org/soap/envelope/" xmlns:test="urn:jbi4corba/test-provider-oneway" xmlns:tes="http://testprovideroneway.test.jbi4corba.imolinfo.it/">
   <soapenv:Header/>
   <soapenv:Body>
      <test:echoOnewayStruct>
         <!--Optional:-->
         <test:message>
            <!--Optional:-->
            <tes:fieldBoolean>true</tes:fieldBoolean>
            <!--Optional:-->
            <tes:fieldChar>c</tes:fieldChar>
            <!--Optional:-->
            <tes:fieldDouble>1.0</tes:fieldDouble>
            <!--Optional:-->
            <tes:fieldFloat>2.0</tes:fieldFloat>
            <!--Optional:-->
            <tes:fieldLong>3</tes:fieldLong>
            <!--Optional:-->
            <tes:fieldLongLong>444</tes:fieldLongLong>
            <!--Optional:-->
            <tes:fieldOctet>5</tes:fieldOctet>
            <!--Optional:-->
            <tes:fieldShort>6</tes:fieldShort>
            <!--Optional:-->
            <tes:fieldString>string</tes:fieldString>
            <!--Optional:-->
            <tes:fieldUnsignedLong>7</tes:fieldUnsignedLong>
            <!--Optional:-->
            <tes:fieldUnsignedLongLong>8</tes:fieldUnsignedLongLong>
            <!--Optional:-->
            <tes:fieldUnsignedShort>9</tes:fieldUnsignedShort>
            <!--Optional:-->
            <tes:fieldWChar>w</tes:fieldWChar>
            <!--Optional:-->
            <tes:fieldWString>wstring</tes:fieldWString>
         </test:message>
      </test:echoOnewayStruct>
   </soapenv:Body>
</soapenv:Envelope>]]></con:request><con:wsaConfig mustUnderstand="NONE" version="200508"/></con:request></con:config></con:testStep><con:properties/></con:testCase><con:properties/></con:testSuite><con:properties/><con:wssContainer/></con:soapui-project>