<?xml version="1.0" encoding="UTF-8"?>
<con:soapui-project name="provider-anytypes" soapui-version="3.0.1" resourceRoot="" abortOnError="false" runType="SEQUENTIAL" xmlns:con="http://eviware.com/soapui/config"><con:settings><con:setting id="com.eviware.soapui.impl.wsdl.actions.iface.tools.soapui.TestRunnerAction@values-local"><![CDATA[<xml-fragment xmlns:con="http://eviware.com/soapui/config">
  <con:entry key="TestRunner Path" value=""/>
  <con:entry key="Domain" value=""/>
  <con:entry key="WSS Password Type" value=""/>
  <con:entry key="Tool Args" value=""/>
  <con:entry key="Host:Port" value=""/>
  <con:entry key="Add Settings" value="false"/>
  <con:entry key="Save Project" value="false"/>
  <con:entry key="Root Folder" value=""/>
  <con:entry key="Export All" value="false"/>
  <con:entry key="Enable UI" value="false"/>
  <con:entry key="TestSuite" value="testsuite-provider-anytypes"/>
  <con:entry key="Password" value=""/>
  <con:entry key="TestCase" value="EchoAnyTypesSoapBinding TestSuite"/>
  <con:entry key="Endpoint" value=""/>
  <con:entry key="Export JUnit Results" value="false"/>
  <con:entry key="Print Report" value="false"/>
  <con:entry key="Open Report" value="false"/>
  <con:entry key="Username" value=""/>
</xml-fragment>]]></con:setting>
</con:settings>
<con:interface name="EchoAnyTypesCorbaBinding" bindingName="{http://it.imolinfo.jbi4corba.test.testprovideranytypes.EchoAnyTypes}EchoAnyTypesCorbaBinding" soapVersion="1_1" definition="http://localhost:8192/Service/test-provider-anytypes/?wsdl" xsi:type="con:WsdlInterface" wsaVersion="NONE" anonymous="optional" xmlns:xsi="http://www.w3.org/2001/XMLSchema-instance"><con:settings/><con:definitionCache type="TEXT" rootPart="http://localhost:8192/Service/test-provider-anytypes/?wsdl"><con:part><con:url>http://localhost:8192/Service/test-provider-anytypes/?wsdl</con:url><con:content><![CDATA[<wsdl:definitions name="EchoAnyTypes" targetNamespace="http://it.imolinfo.jbi4corba.test.testprovideranytypes.EchoAnyTypes" xmlns:plnk="http://docs.oasis-open.org/wsbpel/2.0/plnktype" xmlns:wsdl="http://schemas.xmlsoap.org/wsdl/" xmlns:tns="http://it.imolinfo.jbi4corba.test.testprovideranytypes.EchoAnyTypes" xmlns:xsd="http://www.w3.org/2001/XMLSchema" xmlns:soap="http://schemas.xmlsoap.org/wsdl/soap/">
  <wsdl:types>
    <xs:schema attributeFormDefault="unqualified" elementFormDefault="unqualified" targetNamespace="http://jaxb.dev.java.net/array" xmlns="http://jaxb.dev.java.net/array" xmlns:xs="http://www.w3.org/2001/XMLSchema">
      <xs:complexType final="#all" name="anyTypeArray">
        <xs:sequence>
          <xs:element maxOccurs="unbounded" minOccurs="0" name="item" nillable="true" type="xs:anyType"/>
        </xs:sequence>
      </xs:complexType>
    </xs:schema>
    <xs:schema attributeFormDefault="qualified" elementFormDefault="qualified" targetNamespace="http://testprovideranytypes.test.jbi4corba.imolinfo.it/" xmlns="http://testprovideranytypes.test.jbi4corba.imolinfo.it/" xmlns:xs="http://www.w3.org/2001/XMLSchema">
      <xs:complexType name="complexStruct1">
        <xs:sequence>
          <xs:element name="fieldBoolean" type="xs:boolean"/>
          <xs:element name="fieldChar" type="xs:unsignedShort"/>
          <xs:element maxOccurs="unbounded" minOccurs="0" name="fieldAny" nillable="true" type="xs:anyType"/>
        </xs:sequence>
      </xs:complexType>
      <xs:complexType name="TempUnion">
        <xs:sequence>
          <xs:choice minOccurs="0">
            <xs:element name="alfanumeric" type="xs:string"/>
            <xs:element name="numeric" type="xs:int"/>
            <xs:element name="two_format" type="xs:anyType"/>
          </xs:choice>
        </xs:sequence>
      </xs:complexType>
    </xs:schema>
    <xs:schema attributeFormDefault="unqualified" elementFormDefault="qualified" targetNamespace="http://it.imolinfo.jbi4corba.test.testprovideranytypes.EchoAnyTypes" xmlns="http://it.imolinfo.jbi4corba.test.testprovideranytypes.EchoAnyTypes" xmlns:ns1="http://testprovideranytypes.test.jbi4corba.imolinfo.it/" xmlns:ns2="http://jaxb.dev.java.net/array" xmlns:xs="http://www.w3.org/2001/XMLSchema">
      <xs:import namespace="http://testprovideranytypes.test.jbi4corba.imolinfo.it/"/>
      <xs:import namespace="http://jaxb.dev.java.net/array"/>
      <xs:element name="echo1">
        <xs:complexType>
          <xs:sequence>
            <xs:element minOccurs="0" name="msg" type="xs:anyType"/>
          </xs:sequence>
        </xs:complexType>
      </xs:element>
      <xs:element name="echo1Response">
        <xs:complexType>
          <xs:sequence>
            <xs:element minOccurs="0" name="return" type="xs:string"/>
            <xs:element minOccurs="0" name="msg" type="xs:anyType"/>
          </xs:sequence>
        </xs:complexType>
      </xs:element>
      <xs:element name="echo2">
        <xs:complexType>
          <xs:sequence>
            <xs:element minOccurs="0" name="msg" type="xs:anyType"/>
          </xs:sequence>
        </xs:complexType>
      </xs:element>
      <xs:element name="echo2Response">
        <xs:complexType>
          <xs:sequence>
            <xs:element minOccurs="0" name="return" type="xs:anyType"/>
          </xs:sequence>
        </xs:complexType>
      </xs:element>
      <xs:element name="echo3">
        <xs:complexType>
          <xs:sequence>
            <xs:element minOccurs="0" name="msg" type="ns1:TempUnion"/>
          </xs:sequence>
        </xs:complexType>
      </xs:element>
      <xs:element name="echo3Response">
        <xs:complexType>
          <xs:sequence>
            <xs:element minOccurs="0" name="return" type="ns1:complexStruct1"/>
          </xs:sequence>
        </xs:complexType>
      </xs:element>
      <xs:element name="echo4">
        <xs:complexType>
          <xs:sequence>
            <xs:element minOccurs="0" name="msg" type="ns1:complexStruct1"/>
          </xs:sequence>
        </xs:complexType>
      </xs:element>
      <xs:element name="echo4Response">
        <xs:complexType>
          <xs:sequence>
            <xs:element maxOccurs="unbounded" minOccurs="0" name="return" type="ns2:anyTypeArray"/>
            <xs:element minOccurs="0" name="msg" type="ns1:complexStruct1"/>
          </xs:sequence>
        </xs:complexType>
      </xs:element>
      <xs:element name="EchoAnyException" type="EchoAnyException"/>
      <xs:complexType name="EchoAnyException">
        <xs:sequence>
          <xs:element name="reason" nillable="true" type="xs:anyType"/>
        </xs:sequence>
      </xs:complexType>
    </xs:schema>
  </wsdl:types>
  <wsdl:message name="echo3">
    <wsdl:part name="parameters" element="tns:echo3"></wsdl:part>
  </wsdl:message>
  <wsdl:message name="echo4">
    <wsdl:part name="parameters" element="tns:echo4"></wsdl:part>
  </wsdl:message>
  <wsdl:message name="echo1">
    <wsdl:part name="parameters" element="tns:echo1"></wsdl:part>
  </wsdl:message>
  <wsdl:message name="echo2">
    <wsdl:part name="parameters" element="tns:echo2"></wsdl:part>
  </wsdl:message>
  <wsdl:message name="echo2Response">
    <wsdl:part name="parameters" element="tns:echo2Response"></wsdl:part>
  </wsdl:message>
  <wsdl:message name="echo1Response">
    <wsdl:part name="parameters" element="tns:echo1Response"></wsdl:part>
  </wsdl:message>
  <wsdl:message name="echo3Response">
    <wsdl:part name="parameters" element="tns:echo3Response"></wsdl:part>
  </wsdl:message>
  <wsdl:message name="echo4Response">
    <wsdl:part name="parameters" element="tns:echo4Response"></wsdl:part>
  </wsdl:message>
  <wsdl:message name="EchoAnyException">
    <wsdl:part name="EchoAnyException" element="tns:EchoAnyException"></wsdl:part>
  </wsdl:message>
  <wsdl:portType name="EchoAnyTypes">
    <wsdl:operation name="echo4">
      <wsdl:input name="echo4" message="tns:echo4"></wsdl:input>
      <wsdl:output name="echo4Response" message="tns:echo4Response"></wsdl:output>
    </wsdl:operation>
    <wsdl:operation name="echo1">
      <wsdl:input name="echo1" message="tns:echo1"></wsdl:input>
      <wsdl:output name="echo1Response" message="tns:echo1Response"></wsdl:output>
    </wsdl:operation>
    <wsdl:operation name="echo2">
      <wsdl:input name="echo2" message="tns:echo2"></wsdl:input>
      <wsdl:output name="echo2Response" message="tns:echo2Response"></wsdl:output>
      <wsdl:fault name="EchoAnyException" message="tns:EchoAnyException"></wsdl:fault>
    </wsdl:operation>
    <wsdl:operation name="echo3">
      <wsdl:input name="echo3" message="tns:echo3"></wsdl:input>
      <wsdl:output name="echo3Response" message="tns:echo3Response"></wsdl:output>
    </wsdl:operation>
  </wsdl:portType>
  <wsdl:binding name="EchoAnyTypesCorbaBinding" type="tns:EchoAnyTypes">
    <soap:binding style="document" transport="http://schemas.xmlsoap.org/soap/http"/>
    <wsdl:operation name="echo1">
      <wsdl:input name="echo1">
        <soap:body use="literal"/>
      </wsdl:input>
      <wsdl:output name="echo1Response">
        <soap:body use="literal"/>
      </wsdl:output>
    </wsdl:operation>
    <wsdl:operation name="echo4">
      <wsdl:input name="echo4">
        <soap:body use="literal"/>
      </wsdl:input>
      <wsdl:output name="echo4Response">
        <soap:body use="literal"/>
      </wsdl:output>
    </wsdl:operation>
    <wsdl:operation name="echo2">
      <wsdl:input name="echo2">
        <soap:body use="literal"/>
      </wsdl:input>
      <wsdl:output name="echo2Response">
        <soap:body use="literal"/>
      </wsdl:output>
      <wsdl:fault name="EchoAnyException">
        <soap:fault name="EchoUnionException" use="literal"/>
      </wsdl:fault>
    </wsdl:operation>
    <wsdl:operation name="echo3">
      <wsdl:input name="echo3">
        <soap:body use="literal"/>
      </wsdl:input>
      <wsdl:output name="echo3Response">
        <soap:body use="literal"/>
      </wsdl:output>
    </wsdl:operation>
  </wsdl:binding>
  <wsdl:service name="EchoAnyTypes">
    <wsdl:port name="EchoAnyTypesCorbaPort" binding="tns:EchoAnyTypesCorbaBinding">
      <soap:address location="http://192.168.1.209:8192/Service/test-provider-anytypes/"/>
    </wsdl:port>
  </wsdl:service>
  <plnk:partnerLinkType name="EchoAnyTypes">
    <plnk:role name="EchoAnyTypesPortTypeRole" portType="tns:EchoAnyTypes"/>
  </plnk:partnerLinkType>
</wsdl:definitions>]]></con:content><con:type>http://schemas.xmlsoap.org/wsdl/</con:type></con:part></con:definitionCache><con:endpoints><con:endpoint>http://localhost:8192/Service/test-provider-anytypes/</con:endpoint><con:endpoint>http://192.168.1.209:8192/Service/test-provider-anytypes/</con:endpoint></con:endpoints><con:operation isOneWay="false" action="" name="echo1" bindingOperationName="echo1" inputName="echo1" outputName="echo1Response" receivesAttachments="false" sendsAttachments="false" type="Request-Response" anonymous="optional"><con:settings/><con:call name="Request 1"><con:settings/><con:encoding>UTF-8</con:encoding><con:endpoint>http://192.168.1.209:8192/Service/test-provider-anytypes/</con:endpoint><con:request><![CDATA[<soapenv:Envelope xmlns:soapenv="http://schemas.xmlsoap.org/soap/envelope/" xmlns:it="http://it.imolinfo.jbi4corba.test.testprovideranytypes.EchoAnyTypes" xmlns:xsi="http://www.w3.org/2001/XMLSchema-instance">
   <soapenv:Header/>
   <soapenv:Body>
      <it:echo1>
         <!--Optional:-->
         <it:msg xmlns:xs="http://www.w3.org/2001/XMLSchema" xsi:type="xs:string">striiiinng</it:msg>
      </it:echo1>
   </soapenv:Body>
</soapenv:Envelope>]]></con:request><con:wsaConfig mustUnderstand="NONE" version="200508"/><con:wsrmConfig version="1.2"/></con:call></con:operation><con:operation isOneWay="false" action="" name="echo2" bindingOperationName="echo2" inputName="echo2" outputName="echo2Response" receivesAttachments="false" sendsAttachments="false" type="Request-Response" anonymous="optional"><con:settings/><con:call name="Request 1"><con:settings/><con:encoding>UTF-8</con:encoding><con:endpoint>http://192.168.1.209:8192/Service/test-provider-anytypes/</con:endpoint><con:request><![CDATA[<soapenv:Envelope xmlns:soapenv="http://schemas.xmlsoap.org/soap/envelope/" xmlns:it="http://it.imolinfo.jbi4corba.test.testprovideranytypes.EchoAnyTypes" xmlns:xs="http://www.w3.org/2001/XMLSchema" >
   <soapenv:Header/>
   <soapenv:Body>
      <it:echo2>
         <!--Optional:-->
         <it:msg xmlns:xs="http://www.w3.org/2001/XMLSchema" xsi:type="xs:string">striiiinng</it:msg>
      </it:echo2>
   </soapenv:Body>
</soapenv:Envelope>]]></con:request><con:wsaConfig mustUnderstand="NONE" version="200508"/><con:wsrmConfig version="1.2"/></con:call></con:operation><con:operation isOneWay="false" action="" name="echo3" bindingOperationName="echo3" inputName="echo3" outputName="echo3Response" receivesAttachments="false" sendsAttachments="false" type="Request-Response" anonymous="optional"><con:settings/><con:call name="Request 1"><con:settings/><con:encoding>UTF-8</con:encoding><con:endpoint>http://192.168.1.209:8192/Service/test-provider-anytypes/</con:endpoint><con:request><![CDATA[<soapenv:Envelope xmlns:soapenv="http://schemas.xmlsoap.org/soap/envelope/" xmlns:it="http://it.imolinfo.jbi4corba.test.testprovideranytypes.EchoAnyTypes" xmlns:tes="http://testprovideranytypes.test.jbi4corba.imolinfo.it/">
   <soapenv:Header/>
   <soapenv:Body>
      <it:echo3>
         <!--Optional:-->
         <it:msg>
            <!--You have a CHOICE of the next 3 items at this level-->
            <tes:alfanumeric>a</tes:alfanumeric>
            <tes:numeric></tes:numeric>
            <tes:two_format></tes:two_format>
         </it:msg>
      </it:echo3>
   </soapenv:Body>
</soapenv:Envelope>]]></con:request><con:wsaConfig mustUnderstand="NONE" version="200508"/><con:wsrmConfig version="1.2"/></con:call></con:operation><con:operation isOneWay="false" action="" name="echo4" bindingOperationName="echo4" inputName="echo4" outputName="echo4Response" receivesAttachments="false" sendsAttachments="false" type="Request-Response" anonymous="optional"><con:settings/><con:call name="Request 1"><con:settings/><con:encoding>UTF-8</con:encoding><con:endpoint>http://192.168.1.209:8192/Service/test-provider-anytypes/</con:endpoint><con:request><![CDATA[<soapenv:Envelope xmlns:soapenv="http://schemas.xmlsoap.org/soap/envelope/" xmlns:it="it.imolinfo.jbi4corba.test.testprovideranytypes" xmlns:tes="http://testprovideranytypes.test.jbi4corba.imolinfo.it/">
   <soapenv:Header/>
   <soapenv:Body>
      <it:echo4>
         <!--Optional:-->
         <it:msg>
            <tes:fieldBoolean>?</tes:fieldBoolean>
            <tes:fieldChar>?</tes:fieldChar>
            <!--Zero or more repetitions:-->
            <tes:fieldAny>?</tes:fieldAny>
         </it:msg>
      </it:echo4>
   </soapenv:Body>
</soapenv:Envelope>]]></con:request></con:call></con:operation></con:interface><con:testSuite name="testsuite-provider-anytypes"><con:settings/><con:runType>SEQUENTIAL</con:runType><con:testCase failOnError="true" failTestCaseOnErrors="true" keepSession="false" name="EchoAnyTypesSoapBinging TestSuite" searchProperties="true" id="d5654e44-0b4f-42f8-b45f-d4631cfd63b2" maxResults="0"><con:settings/><con:testStep type="request" name="EchoAnyHolderString"><con:settings/><con:config xsi:type="con:RequestStep" xmlns:xsi="http://www.w3.org/2001/XMLSchema-instance"><con:interface>EchoAnyTypesCorbaBinding</con:interface><con:operation>echo1</con:operation><con:request name="EchoAnyHolderString"><con:settings/><con:encoding>UTF-8</con:encoding><con:endpoint>http://localhost:8192/Service/test-provider-anytypes/</con:endpoint><con:request><![CDATA[<soapenv:Envelope xmlns:soapenv="http://schemas.xmlsoap.org/soap/envelope/" xmlns:it="http://it.imolinfo.jbi4corba.test.testprovideranytypes.EchoAnyTypes">
   <soapenv:Header/>
   <soapenv:Body>
     <it:echo1>
         <!--Optional:-->
         <it:msg xmlns:xsi="http://www.w3.org/2001/XMLSchema-instance" xmlns:xs="http://www.w3.org/2001/XMLSchema" xsi:type="xs:string">string value</it:msg>
      </it:echo1>
   </soapenv:Body>
</soapenv:Envelope>]]></con:request><con:assertion type="SOAP Response"/><con:assertion type="SOAP Fault Assertion"/><con:wsaConfig mustUnderstand="NONE" version="200508"/><con:wsrmConfig version="1.2"/></con:request></con:config></con:testStep><con:testStep type="request" name="EchoAnyHolderBoolean"><con:settings/><con:config xsi:type="con:RequestStep" xmlns:xsi="http://www.w3.org/2001/XMLSchema-instance"><con:interface>EchoAnyTypesCorbaBinding</con:interface><con:operation>echo1</con:operation><con:request name="EchoAnyHolderBoolean"><con:settings/><con:encoding>UTF-8</con:encoding><con:endpoint>http://localhost:8192/Service/test-provider-anytypes/</con:endpoint><con:request><![CDATA[<soapenv:Envelope xmlns:soapenv="http://schemas.xmlsoap.org/soap/envelope/" xmlns:it="http://it.imolinfo.jbi4corba.test.testprovideranytypes.EchoAnyTypes">
   <soapenv:Header/>
   <soapenv:Body>
     <it:echo1>
         <!--Optional:-->
         <it:msg xmlns:xsi="http://www.w3.org/2001/XMLSchema-instance" xmlns:xs="http://www.w3.org/2001/XMLSchema" xsi:type="xs:boolean">false</it:msg>
      </it:echo1>
   </soapenv:Body>
</soapenv:Envelope>]]></con:request><con:assertion type="SOAP Response"/><con:assertion type="SOAP Fault Assertion"/><con:wsaConfig mustUnderstand="NONE" version="200508"/><con:wsrmConfig version="1.2"/></con:request></con:config></con:testStep><con:testStep type="request" name="EchoAnyHolderFloat"><con:settings/><con:config xsi:type="con:RequestStep" xmlns:xsi="http://www.w3.org/2001/XMLSchema-instance"><con:interface>EchoAnyTypesCorbaBinding</con:interface><con:operation>echo1</con:operation><con:request name="EchoAnyHolderFloat"><con:settings/><con:encoding>UTF-8</con:encoding><con:endpoint>http://localhost:8192/Service/test-provider-anytypes/</con:endpoint><con:request><![CDATA[<soapenv:Envelope xmlns:soapenv="http://schemas.xmlsoap.org/soap/envelope/" xmlns:it="http://it.imolinfo.jbi4corba.test.testprovideranytypes.EchoAnyTypes">
   <soapenv:Header/>
   <soapenv:Body>
     <it:echo1>
         <!--Optional:-->
         <it:msg xmlns:xsi="http://www.w3.org/2001/XMLSchema-instance" xmlns:xs="http://www.w3.org/2001/XMLSchema" xsi:type="xs:float">3.4</it:msg>
      </it:echo1>
   </soapenv:Body>
</soapenv:Envelope>]]></con:request><con:assertion type="SOAP Response"/><con:wsaConfig mustUnderstand="NONE" version="200508"/><con:wsrmConfig version="1.2"/></con:request></con:config></con:testStep><con:testStep type="request" name="EchoAnyHolderDouble"><con:settings/><con:config xsi:type="con:RequestStep" xmlns:xsi="http://www.w3.org/2001/XMLSchema-instance"><con:interface>EchoAnyTypesCorbaBinding</con:interface><con:operation>echo1</con:operation><con:request name="EchoAnyHolderDouble"><con:settings/><con:encoding>UTF-8</con:encoding><con:endpoint>http://localhost:8192/Service/test-provider-anytypes/</con:endpoint><con:request><![CDATA[<soapenv:Envelope xmlns:soapenv="http://schemas.xmlsoap.org/soap/envelope/" xmlns:it="http://it.imolinfo.jbi4corba.test.testprovideranytypes.EchoAnyTypes">
   <soapenv:Header/>
   <soapenv:Body>
     <it:echo1>
         <!--Optional:-->
         <it:msg xmlns:xsi="http://www.w3.org/2001/XMLSchema-instance" xmlns:xs="http://www.w3.org/2001/XMLSchema" xsi:type="xs:double">222.222</it:msg>
      </it:echo1>
   </soapenv:Body>
</soapenv:Envelope>]]></con:request><con:assertion type="SOAP Response"/><con:assertion type="SOAP Fault Assertion"/><con:wsaConfig mustUnderstand="NONE" version="200508"/><con:wsrmConfig version="1.2"/></con:request></con:config></con:testStep><con:testStep type="request" name="EchoAnyHolderInteger"><con:settings/><con:config xsi:type="con:RequestStep" xmlns:xsi="http://www.w3.org/2001/XMLSchema-instance"><con:interface>EchoAnyTypesCorbaBinding</con:interface><con:operation>echo1</con:operation><con:request name="EchoAnyHolderInteger"><con:settings/><con:encoding>UTF-8</con:encoding><con:endpoint>http://localhost:8192/Service/test-provider-anytypes/</con:endpoint><con:request><![CDATA[<soapenv:Envelope xmlns:soapenv="http://schemas.xmlsoap.org/soap/envelope/" xmlns:it="http://it.imolinfo.jbi4corba.test.testprovideranytypes.EchoAnyTypes">
   <soapenv:Header/>
   <soapenv:Body>
       <it:echo1>
         <!--Optional:-->
         <it:msg xmlns:xsi="http://www.w3.org/2001/XMLSchema-instance" xmlns:xs="http://www.w3.org/2001/XMLSchema" xsi:type="xs:long">333</it:msg>
      </it:echo1>
   </soapenv:Body>
</soapenv:Envelope>]]></con:request><con:assertion type="SOAP Response"/><con:assertion type="SOAP Fault Assertion"/><con:wsaConfig mustUnderstand="NONE" version="200508"/><con:wsrmConfig version="1.2"/></con:request></con:config></con:testStep><con:testStep type="request" name="EchoHolderAnyNonPositiveInteger"><con:settings/><con:config xsi:type="con:RequestStep" xmlns:xsi="http://www.w3.org/2001/XMLSchema-instance"><con:interface>EchoAnyTypesCorbaBinding</con:interface><con:operation>echo1</con:operation><con:request name="EchoHolderAnyNonPositiveInteger"><con:settings/><con:encoding>UTF-8</con:encoding><con:endpoint>http://localhost:8192/Service/test-provider-anytypes/</con:endpoint><con:request><![CDATA[<soapenv:Envelope xmlns:soapenv="http://schemas.xmlsoap.org/soap/envelope/" xmlns:it="http://it.imolinfo.jbi4corba.test.testprovideranytypes.EchoAnyTypes">
   <soapenv:Header/>
   <soapenv:Body>
<it:echo1>
         <!--Optional:-->
         <it:msg xmlns:xsi="http://www.w3.org/2001/XMLSchema-instance" xmlns:xs="http://www.w3.org/2001/XMLSchema" xsi:type="xs:nonPositiveInteger">-53323234123432423423432233</it:msg>
      </it:echo1>
     
   </soapenv:Body>
</soapenv:Envelope>]]></con:request><con:assertion type="SOAP Response"/><con:wsaConfig mustUnderstand="NONE" version="200508"/><con:wsrmConfig version="1.2"/></con:request></con:config></con:testStep><con:testStep type="request" name="EchoAnyHolderNonNegativeInteger"><con:settings/><con:config xsi:type="con:RequestStep" xmlns:xsi="http://www.w3.org/2001/XMLSchema-instance"><con:interface>EchoAnyTypesCorbaBinding</con:interface><con:operation>echo1</con:operation><con:request name="EchoAnyHolderNonNegativeInteger"><con:settings/><con:encoding>UTF-8</con:encoding><con:endpoint>http://localhost:8192/Service/test-provider-anytypes/</con:endpoint><con:request><![CDATA[<soapenv:Envelope xmlns:soapenv="http://schemas.xmlsoap.org/soap/envelope/" xmlns:it="http://it.imolinfo.jbi4corba.test.testprovideranytypes.EchoAnyTypes">
   <soapenv:Header/>
   <soapenv:Body>
      <it:echo1>
         <!--Optional:-->
         <it:msg xmlns:xsi="http://www.w3.org/2001/XMLSchema-instance" xmlns:xs="http://www.w3.org/2001/XMLSchema" xsi:type="xs:int">333</it:msg>
      </it:echo1>
   </soapenv:Body>
</soapenv:Envelope>]]></con:request><con:assertion type="SOAP Response"/><con:assertion type="SOAP Fault Assertion"/><con:wsaConfig mustUnderstand="NONE" version="200508"/><con:wsrmConfig version="1.2"/></con:request></con:config></con:testStep><con:testStep type="request" name="EchoAnyHolderDecimal"><con:settings/><con:config xsi:type="con:RequestStep" xmlns:xsi="http://www.w3.org/2001/XMLSchema-instance"><con:interface>EchoAnyTypesCorbaBinding</con:interface><con:operation>echo1</con:operation><con:request name="EchoAnyHolderDecimal"><con:settings/><con:encoding>UTF-8</con:encoding><con:endpoint>http://localhost:8192/Service/test-provider-anytypes/</con:endpoint><con:request><![CDATA[<soapenv:Envelope xmlns:soapenv="http://schemas.xmlsoap.org/soap/envelope/" xmlns:it="http://it.imolinfo.jbi4corba.test.testprovideranytypes.EchoAnyTypes">
   <soapenv:Header/>
   <soapenv:Body>
     <it:echo1>
         <!--Optional:-->
         <it:msg xmlns:xsi="http://www.w3.org/2001/XMLSchema-instance" xmlns:xs="http://www.w3.org/2001/XMLSchema" xsi:type="xs:decimal">-53323234123432423423432233</it:msg>
      </it:echo1>
     
   </soapenv:Body>
</soapenv:Envelope>]]></con:request><con:assertion type="SOAP Response"/><con:assertion type="SOAP Fault Assertion"/><con:wsaConfig mustUnderstand="NONE" version="200508"/><con:wsrmConfig version="1.2"/></con:request></con:config></con:testStep><con:testStep type="request" name="EchoAnyHolderByte"><con:settings/><con:config xsi:type="con:RequestStep" xmlns:xsi="http://www.w3.org/2001/XMLSchema-instance"><con:interface>EchoAnyTypesCorbaBinding</con:interface><con:operation>echo1</con:operation><con:request name="EchoAnyHolderByte"><con:settings/><con:encoding>UTF-8</con:encoding><con:endpoint>http://localhost:8192/Service/test-provider-anytypes/</con:endpoint><con:request><![CDATA[<soapenv:Envelope xmlns:soapenv="http://schemas.xmlsoap.org/soap/envelope/" xmlns:it="http://it.imolinfo.jbi4corba.test.testprovideranytypes.EchoAnyTypes">
   <soapenv:Header/>
   <soapenv:Body>
       <it:echo1>
         <!--Optional:-->
         <it:msg xmlns:xsi="http://www.w3.org/2001/XMLSchema-instance" xmlns:xs="http://www.w3.org/2001/XMLSchema" xsi:type="xs:byte">1</it:msg>
      </it:echo1>
   </soapenv:Body>
</soapenv:Envelope>]]></con:request><con:assertion type="SOAP Response"/><con:assertion type="SOAP Fault Assertion"/><con:wsaConfig mustUnderstand="NONE" version="200508"/><con:wsrmConfig version="1.2"/></con:request></con:config></con:testStep><con:testStep type="request" name="EchoAnyReturnAnyWithComplexType(struct)"><con:settings/><con:config xsi:type="con:RequestStep" xmlns:xsi="http://www.w3.org/2001/XMLSchema-instance"><con:interface>EchoAnyTypesCorbaBinding</con:interface><con:operation>echo2</con:operation><con:request name="EchoAnyReturnAnyWithComplexType(struct)"><con:settings/><con:encoding>UTF-8</con:encoding><con:endpoint>http://localhost:8192/Service/test-provider-anytypes/</con:endpoint><con:request><![CDATA[<soapenv:Envelope xmlns:soapenv="http://schemas.xmlsoap.org/soap/envelope/" xmlns:it="http://it.imolinfo.jbi4corba.test.testprovideranytypes.EchoAnyTypes">
   <soapenv:Header/>
   <soapenv:Body>
      <it:echo2>
         <!--Optional:-->
         <it:msg xmlns:xsi="http://www.w3.org/2001/XMLSchema-instance" xmlns:xs="http://www.w3.org/2001/XMLSchema" xsi:type="xs:string">ssd</it:msg>
      </it:echo2>
   </soapenv:Body>
</soapenv:Envelope>]]></con:request><con:assertion type="SOAP Response"/><con:assertion type="SOAP Fault Assertion"/><con:wsaConfig mustUnderstand="NONE" version="200508"/><con:wsrmConfig version="1.2"/></con:request></con:config></con:testStep><con:testStep type="request" name="EchoAnyReturnAnyWithAny"><con:settings/><con:config xsi:type="con:RequestStep" xmlns:xsi="http://www.w3.org/2001/XMLSchema-instance"><con:interface>EchoAnyTypesCorbaBinding</con:interface><con:operation>echo2</con:operation><con:request name="EchoAnyReturnAnyWithAny"><con:settings/><con:encoding>UTF-8</con:encoding><con:endpoint>http://localhost:8192/Service/test-provider-anytypes/</con:endpoint><con:request><![CDATA[<soapenv:Envelope xmlns:soapenv="http://schemas.xmlsoap.org/soap/envelope/" xmlns:it="http://it.imolinfo.jbi4corba.test.testprovideranytypes.EchoAnyTypes">
   <soapenv:Header/>
   <soapenv:Body>
       <it:echo2>
         <!--Optional:-->
         <it:msg xmlns:xsi="http://www.w3.org/2001/XMLSchema-instance" xmlns:xs="http://www.w3.org/2001/XMLSchema" xsi:type="xs:string">anyAny</it:msg>
      </it:echo2>
   </soapenv:Body>
</soapenv:Envelope>]]></con:request><con:assertion type="SOAP Response"/><con:assertion type="SOAP Fault Assertion"/><con:wsaConfig mustUnderstand="NONE" version="200508"/><con:wsrmConfig version="1.2"/></con:request></con:config></con:testStep><con:testStep type="request" name="EchoAnyReturnWithUnion"><con:settings/><con:config xsi:type="con:RequestStep" xmlns:xsi="http://www.w3.org/2001/XMLSchema-instance"><con:interface>EchoAnyTypesCorbaBinding</con:interface><con:operation>echo2</con:operation><con:request name="EchoAnyReturnWithUnion"><con:settings/><con:encoding>UTF-8</con:encoding><con:endpoint>http://localhost:8192/Service/test-provider-anytypes/</con:endpoint><con:request><![CDATA[<soapenv:Envelope xmlns:soapenv="http://schemas.xmlsoap.org/soap/envelope/" xmlns:it="http://it.imolinfo.jbi4corba.test.testprovideranytypes.EchoAnyTypes">
   <soapenv:Header/>
   <soapenv:Body>
      <it:echo2>
         <!--Optional:-->
         <it:msg xmlns:xsi="http://www.w3.org/2001/XMLSchema-instance" xmlns:xs="http://www.w3.org/2001/XMLSchema" xsi:type="xs:string">anyUnion</it:msg>
      </it:echo2>
   </soapenv:Body>
</soapenv:Envelope>]]></con:request><con:assertion type="SOAP Response"/><con:assertion type="SOAP Fault Assertion"/><con:wsaConfig mustUnderstand="NONE" version="200508"/><con:wsrmConfig version="1.2"/></con:request></con:config></con:testStep><con:testStep type="request" name="EchoAnyReturnAnyWithString"><con:settings/><con:config xsi:type="con:RequestStep" xmlns:xsi="http://www.w3.org/2001/XMLSchema-instance"><con:interface>EchoAnyTypesCorbaBinding</con:interface><con:operation>echo2</con:operation><con:request name="EchoAnyReturnAnyWithString"><con:settings/><con:encoding>UTF-8</con:encoding><con:endpoint>http://localhost:8192/Service/test-provider-anytypes/</con:endpoint><con:request><![CDATA[<soapenv:Envelope xmlns:soapenv="http://schemas.xmlsoap.org/soap/envelope/" xmlns:it="http://it.imolinfo.jbi4corba.test.testprovideranytypes.EchoAnyTypes">
   <soapenv:Header/>
   <soapenv:Body>
      <it:echo2>
         <!--Optional:-->
         <it:msg xmlns:xsi="http://www.w3.org/2001/XMLSchema-instance" xmlns:xs="http://www.w3.org/2001/XMLSchema" xsi:type="xs:string">anyString</it:msg>
      </it:echo2>
   </soapenv:Body>
</soapenv:Envelope>]]></con:request><con:assertion type="SOAP Response"/><con:assertion type="SOAP Fault Assertion"/><con:wsaConfig mustUnderstand="NONE" version="200508"/><con:wsrmConfig version="1.2"/></con:request></con:config></con:testStep><con:testStep type="request" name="EchoAnyExceptionWithString"><con:settings/><con:config xsi:type="con:RequestStep" xmlns:xsi="http://www.w3.org/2001/XMLSchema-instance"><con:interface>EchoAnyTypesCorbaBinding</con:interface><con:operation>echo2</con:operation><con:request name="EchoAnyExceptionWithString"><con:settings/><con:encoding>UTF-8</con:encoding><con:endpoint>http://localhost:8192/Service/test-provider-anytypes/</con:endpoint><con:request><![CDATA[<soapenv:Envelope xmlns:soapenv="http://schemas.xmlsoap.org/soap/envelope/" xmlns:it="http://it.imolinfo.jbi4corba.test.testprovideranytypes.EchoAnyTypes">
   <soapenv:Header/>
   <soapenv:Body>
       <it:echo2>
         <!--Optional:-->
         <it:msg xmlns:xsi="http://www.w3.org/2001/XMLSchema-instance" xmlns:xs="http://www.w3.org/2001/XMLSchema" xsi:type="xs:string">exceptionString</it:msg>
      </it:echo2>
   </soapenv:Body>
</soapenv:Envelope>]]></con:request><con:assertion type="SOAP Response"/><con:assertion type="Not SOAP Fault Assertion"/><con:wsaConfig mustUnderstand="NONE" version="200508"/><con:wsrmConfig version="1.2"/></con:request></con:config></con:testStep><con:testStep type="request" name="EchoAnyExceptionWithStruct"><con:settings/><con:config xsi:type="con:RequestStep" xmlns:xsi="http://www.w3.org/2001/XMLSchema-instance"><con:interface>EchoAnyTypesCorbaBinding</con:interface><con:operation>echo2</con:operation><con:request name="EchoAnyExceptionWithStruct"><con:settings/><con:encoding>UTF-8</con:encoding><con:endpoint>http://localhost:8192/Service/test-provider-anytypes/</con:endpoint><con:request><![CDATA[<soapenv:Envelope xmlns:soapenv="http://schemas.xmlsoap.org/soap/envelope/" xmlns:it="http://it.imolinfo.jbi4corba.test.testprovideranytypes.EchoAnyTypes">
   <soapenv:Header/>
   <soapenv:Body>
      <it:echo2>
         <!--Optional:-->
         <it:msg xmlns:xsi="http://www.w3.org/2001/XMLSchema-instance" xmlns:xs="http://www.w3.org/2001/XMLSchema" xsi:type="xs:string">exceptionStruct</it:msg>
      </it:echo2>
   </soapenv:Body>
</soapenv:Envelope>]]></con:request><con:assertion type="SOAP Response"/><con:assertion type="Not SOAP Fault Assertion"/><con:wsaConfig mustUnderstand="NONE" version="200508"/><con:wsrmConfig version="1.2"/></con:request></con:config></con:testStep><con:testStep type="request" name="EchoAnyExceptionWithUnion"><con:settings/><con:config xsi:type="con:RequestStep" xmlns:xsi="http://www.w3.org/2001/XMLSchema-instance"><con:interface>EchoAnyTypesCorbaBinding</con:interface><con:operation>echo2</con:operation><con:request name="EchoAnyExceptionWithUnion"><con:settings/><con:encoding>UTF-8</con:encoding><con:endpoint>http://localhost:8192/Service/test-provider-anytypes/</con:endpoint><con:request><![CDATA[<soapenv:Envelope xmlns:soapenv="http://schemas.xmlsoap.org/soap/envelope/" xmlns:it="http://it.imolinfo.jbi4corba.test.testprovideranytypes.EchoAnyTypes">
   <soapenv:Header/>
   <soapenv:Body>
      <it:echo2>
         <!--Optional:-->
         <it:msg xmlns:xsi="http://www.w3.org/2001/XMLSchema-instance" xmlns:xs="http://www.w3.org/2001/XMLSchema" xsi:type="xs:string">exceptionUnion</it:msg>
      </it:echo2>
   </soapenv:Body>
</soapenv:Envelope>]]></con:request><con:assertion type="SOAP Response"/><con:assertion type="Not SOAP Fault Assertion"/><con:wsaConfig mustUnderstand="NONE" version="200508"/><con:wsrmConfig version="1.2"/></con:request></con:config></con:testStep><con:properties/></con:testCase><con:properties/></con:testSuite><con:properties/><con:wssContainer/></con:soapui-project>