<?xml version="1.0" encoding="UTF-8"?>
<con:soapui-project name="test-provider-complex-mult-interface" resourceRoot="" soapui-version="3.0.1" abortOnError="false" runType="SEQUENTIAL" xmlns:con="http://eviware.com/soapui/config"><con:settings><con:setting id="com.eviware.soapui.impl.wsdl.actions.iface.tools.soapui.TestRunnerAction@values-local"><![CDATA[<xml-fragment xmlns:con="http://eviware.com/soapui/config">
  <con:entry key="TestSuite" value="TestSuite 1"/>
  <con:entry key="Domain" value=""/>
  <con:entry key="Password" value=""/>
  <con:entry key="Coverage Report" value="false"/>
  <con:entry key="Export JUnit Results" value="false"/>
  <con:entry key="Open Report" value="false"/>
  <con:entry key="TestRunner Path" value=""/>
  <con:entry key="Tool Args" value=""/>
  <con:entry key="Export All" value="false"/>
  <con:entry key="TestCase" value="&lt;all>"/>
  <con:entry key="Print Report" value="false"/>
  <con:entry key="Host:Port" value=""/>
  <con:entry key="Username" value=""/>
  <con:entry key="WSS Password Type" value=""/>
  <con:entry key="Root Folder" value=""/>
  <con:entry key="Endpoint" value=""/>
  <con:entry key="Enable UI" value="false"/>
  <con:entry key="Save Project" value="false"/>
  <con:entry key="Add Settings" value="false"/>
</xml-fragment>]]></con:setting></con:settings><con:interface xsi:type="con:WsdlInterface" wsaVersion="NONE" name="EchoComplexCorbaBinding" type="wsdl" bindingName="{http://it.imolinfo.jbi4corba.test.testprovidercomplexmult.EchoComplex}EchoComplexCorbaBinding" soapVersion="1_1" anonymous="optional" definition="http://localhost:8192/Service/test-provider-complex-mult-interface/?wsdl" xmlns:xsi="http://www.w3.org/2001/XMLSchema-instance"><con:settings/><con:definitionCache type="TEXT" rootPart="http://localhost:8192/Service/test-provider-complex-mult-interface/?wsdl"><con:part><con:url>http://localhost:8192/Service/test-provider-complex-mult-interface/?wsdl</con:url><con:content><![CDATA[<wsdl:definitions name="EchoComplex" targetNamespace="http://it.imolinfo.jbi4corba.test.testprovidercomplexmult.EchoComplex" xmlns:plnk="http://docs.oasis-open.org/wsbpel/2.0/plnktype" xmlns:wsdl="http://schemas.xmlsoap.org/wsdl/" xmlns:tns="http://it.imolinfo.jbi4corba.test.testprovidercomplexmult.EchoComplex" xmlns:xsd="http://www.w3.org/2001/XMLSchema" xmlns:soap="http://schemas.xmlsoap.org/wsdl/soap/">
  <wsdl:types>
    <xs:schema attributeFormDefault="unqualified" elementFormDefault="qualified" targetNamespace="http://it.imolinfo.jbi4corba.test.testprovidercomplexmult.EchoComplex" xmlns="http://it.imolinfo.jbi4corba.test.testprovidercomplexmult.EchoComplex" xmlns:ns1="http://testprovidercomplexmult.test.jbi4corba.imolinfo.it/" xmlns:xs="http://www.w3.org/2001/XMLSchema">
      <xs:import namespace="http://testprovidercomplexmult.test.jbi4corba.imolinfo.it/" schemaLocation="http://192.168.1.209:8192/provider-complex-mult-interface-http-consumer/TypeDef_testprovidercomplexmult.test.jbi4corba.imolinfo.it.xsd"/>
      <xs:element name="echo">
        <xs:complexType>
          <xs:sequence>
            <xs:element minOccurs="0" name="msg" type="xs:string"/>
          </xs:sequence>
        </xs:complexType>
      </xs:element>
      <xs:element name="echoExceptionNotThrown">
        <xs:complexType>
          <xs:sequence>
            <xs:element minOccurs="0" name="es" type="ns1:echoStruct"/>
          </xs:sequence>
        </xs:complexType>
      </xs:element>
      <xs:element name="echoExceptionNotThrownResponse">
        <xs:complexType>
          <xs:sequence>
            <xs:element minOccurs="0" name="return" type="ns1:echoStruct"/>
          </xs:sequence>
        </xs:complexType>
      </xs:element>
      <xs:element name="echoExceptionThrown">
        <xs:complexType>
          <xs:sequence>
            <xs:element minOccurs="0" name="es" type="ns1:echoStruct"/>
          </xs:sequence>
        </xs:complexType>
      </xs:element>
      <xs:element name="echoExceptionThrownResponse">
        <xs:complexType>
          <xs:sequence>
            <xs:element minOccurs="0" name="return" type="ns1:echoStruct"/>
          </xs:sequence>
        </xs:complexType>
      </xs:element>
      <xs:element name="echoResponse">
        <xs:complexType>
          <xs:sequence>
            <xs:element minOccurs="0" name="return" type="xs:string"/>
          </xs:sequence>
        </xs:complexType>
      </xs:element>
      <xs:element name="echoSequence">
        <xs:complexType>
          <xs:sequence>
            <xs:element maxOccurs="unbounded" minOccurs="0" name="es" type="xs:int"/>
          </xs:sequence>
        </xs:complexType>
      </xs:element>
      <xs:element name="echoSequenceResponse">
        <xs:complexType>
          <xs:sequence>
            <xs:element maxOccurs="unbounded" minOccurs="0" name="return" type="xs:int"/>
          </xs:sequence>
        </xs:complexType>
      </xs:element>
      <xs:element name="echoSequenceSeqEchoStruct">
        <xs:complexType>
          <xs:sequence>
            <xs:element maxOccurs="unbounded" minOccurs="0" name="es" type="ns1:echoStruct"/>
          </xs:sequence>
        </xs:complexType>
      </xs:element>
      <xs:element name="echoSequenceSeqEchoStructResponse">
        <xs:complexType>
          <xs:sequence>
            <xs:element maxOccurs="unbounded" minOccurs="0" name="return" type="ns1:echoStruct"/>
          </xs:sequence>
        </xs:complexType>
      </xs:element>
      <xs:element name="echoSequenceSeqMySequence">
        <xs:complexType>
          <xs:sequence>
            <xs:element maxOccurs="unbounded" minOccurs="0" name="es" type="ns1:mySequence"/>
          </xs:sequence>
        </xs:complexType>
      </xs:element>
      <xs:element name="echoSequenceSeqMySequenceResponse">
        <xs:complexType>
          <xs:sequence>
            <xs:element maxOccurs="unbounded" minOccurs="0" name="return" type="ns1:mySequence"/>
          </xs:sequence>
        </xs:complexType>
      </xs:element>
      <xs:element name="echoSequenceValueType">
        <xs:complexType>
          <xs:sequence>
            <xs:element minOccurs="0" name="es" type="ns1:mySequence"/>
          </xs:sequence>
        </xs:complexType>
      </xs:element>
      <xs:element name="echoSequenceValueTypeResponse">
        <xs:complexType>
          <xs:sequence>
            <xs:element minOccurs="0" name="return" type="ns1:mySequence"/>
          </xs:sequence>
        </xs:complexType>
      </xs:element>
      <xs:element name="echoStruct">
        <xs:complexType>
          <xs:sequence>
            <xs:element minOccurs="0" name="es" type="ns1:echoStruct"/>
          </xs:sequence>
        </xs:complexType>
      </xs:element>
      <xs:element name="echoStructOfStruct">
        <xs:complexType>
          <xs:sequence>
            <xs:element minOccurs="0" name="v" type="ns1:structOfStruct"/>
          </xs:sequence>
        </xs:complexType>
      </xs:element>
      <xs:element name="echoStructOfStructResponse">
        <xs:complexType>
          <xs:sequence>
            <xs:element minOccurs="0" name="return" type="ns1:structOfStruct"/>
          </xs:sequence>
        </xs:complexType>
      </xs:element>
      <xs:element name="echoStructOfValuetype">
        <xs:complexType>
          <xs:sequence>
            <xs:element minOccurs="0" name="v" type="ns1:structOfValuetype"/>
          </xs:sequence>
        </xs:complexType>
      </xs:element>
      <xs:element name="echoStructOfValuetypeResponse">
        <xs:complexType>
          <xs:sequence>
            <xs:element minOccurs="0" name="return" type="ns1:structOfValuetype"/>
          </xs:sequence>
        </xs:complexType>
      </xs:element>
      <xs:element name="echoStructResponse">
        <xs:complexType>
          <xs:sequence>
            <xs:element minOccurs="0" name="return" type="ns1:echoStruct"/>
          </xs:sequence>
        </xs:complexType>
      </xs:element>
      <xs:element name="echoVTPrimi">
        <xs:complexType>
          <xs:sequence>
            <xs:element minOccurs="0" name="v" type="ns1:vtPrimi"/>
          </xs:sequence>
        </xs:complexType>
      </xs:element>
      <xs:element name="echoVTPrimiResponse">
        <xs:complexType>
          <xs:sequence>
            <xs:element minOccurs="0" name="return" type="ns1:vtPrimi"/>
          </xs:sequence>
        </xs:complexType>
      </xs:element>
      <xs:element name="echoVTPrimiSeq">
        <xs:complexType>
          <xs:sequence>
            <xs:element minOccurs="0" name="v" type="ns1:vtPrimiSeq"/>
          </xs:sequence>
        </xs:complexType>
      </xs:element>
      <xs:element name="echoVTPrimiSeqResponse">
        <xs:complexType>
          <xs:sequence>
            <xs:element minOccurs="0" name="return" type="ns1:vtPrimiSeq"/>
          </xs:sequence>
        </xs:complexType>
      </xs:element>
      <xs:element name="echoValueBoxedTypeComplex">
        <xs:complexType>
          <xs:sequence>
            <xs:element minOccurs="0" name="e" type="ns1:mySequence"/>
          </xs:sequence>
        </xs:complexType>
      </xs:element>
      <xs:element name="echoValueBoxedTypeComplexResponse">
        <xs:complexType>
          <xs:sequence>
            <xs:element minOccurs="0" name="return" type="ns1:mySequence"/>
          </xs:sequence>
        </xs:complexType>
      </xs:element>
      <xs:element name="echoValueBoxedTypePrimitive">
        <xs:complexType>
          <xs:sequence>
            <xs:element minOccurs="0" name="e" type="ns1:myLong"/>
          </xs:sequence>
        </xs:complexType>
      </xs:element>
      <xs:element name="echoValueBoxedTypePrimitiveResponse">
        <xs:complexType>
          <xs:sequence>
            <xs:element minOccurs="0" name="return" type="ns1:myLong"/>
          </xs:sequence>
        </xs:complexType>
      </xs:element>
      <xs:element name="echoValueType">
        <xs:complexType>
          <xs:sequence>
            <xs:element minOccurs="0" name="e" type="ns1:echoVT"/>
          </xs:sequence>
        </xs:complexType>
      </xs:element>
      <xs:element name="echoValueTypeOfStruct">
        <xs:complexType>
          <xs:sequence>
            <xs:element minOccurs="0" name="v" type="ns1:valueTypeOfStruct"/>
          </xs:sequence>
        </xs:complexType>
      </xs:element>
      <xs:element name="echoValueTypeOfStructResponse">
        <xs:complexType>
          <xs:sequence>
            <xs:element minOccurs="0" name="return" type="ns1:valueTypeOfStruct"/>
          </xs:sequence>
        </xs:complexType>
      </xs:element>
      <xs:element name="echoValueTypeOfValueType">
        <xs:complexType>
          <xs:sequence>
            <xs:element minOccurs="0" name="v" type="ns1:valueTypeOfValueType"/>
          </xs:sequence>
        </xs:complexType>
      </xs:element>
      <xs:element name="echoValueTypeOfValueTypeResponse">
        <xs:complexType>
          <xs:sequence>
            <xs:element minOccurs="0" name="return" type="ns1:valueTypeOfValueType"/>
          </xs:sequence>
        </xs:complexType>
      </xs:element>
      <xs:element name="echoValueTypeResponse">
        <xs:complexType>
          <xs:sequence>
            <xs:element minOccurs="0" name="return" type="ns1:echoVT"/>
          </xs:sequence>
        </xs:complexType>
      </xs:element>
      <xs:element name="EchoComplexException" type="EchoComplexException"/>
      <xs:complexType name="EchoComplexException">
        <xs:sequence>
          <xs:element maxOccurs="unbounded" minOccurs="0" name="reason" type="ns1:echoStruct"/>
        </xs:sequence>
      </xs:complexType>
    </xs:schema>
  </wsdl:types>
  <wsdl:message name="echoExceptionThrown">
    <wsdl:part name="parameters" element="tns:echoExceptionThrown"></wsdl:part>
  </wsdl:message>
  <wsdl:message name="echoStructOfValuetypeResponse">
    <wsdl:part name="parameters" element="tns:echoStructOfValuetypeResponse"></wsdl:part>
  </wsdl:message>
  <wsdl:message name="echoValueTypeResponse">
    <wsdl:part name="parameters" element="tns:echoValueTypeResponse"></wsdl:part>
  </wsdl:message>
  <wsdl:message name="echoStructOfStructResponse">
    <wsdl:part name="parameters" element="tns:echoStructOfStructResponse"></wsdl:part>
  </wsdl:message>
  <wsdl:message name="EchoComplexException">
    <wsdl:part name="EchoComplexException" element="tns:EchoComplexException"></wsdl:part>
  </wsdl:message>
  <wsdl:message name="echo">
    <wsdl:part name="parameters" element="tns:echo"></wsdl:part>
  </wsdl:message>
  <wsdl:message name="echoExceptionThrownResponse">
    <wsdl:part name="parameters" element="tns:echoExceptionThrownResponse"></wsdl:part>
  </wsdl:message>
  <wsdl:message name="echoStructResponse">
    <wsdl:part name="parameters" element="tns:echoStructResponse"></wsdl:part>
  </wsdl:message>
  <wsdl:message name="echoVTPrimiResponse">
    <wsdl:part name="parameters" element="tns:echoVTPrimiResponse"></wsdl:part>
  </wsdl:message>
  <wsdl:message name="echoSequenceValueTypeResponse">
    <wsdl:part name="parameters" element="tns:echoSequenceValueTypeResponse"></wsdl:part>
  </wsdl:message>
  <wsdl:message name="echoValueBoxedTypePrimitive">
    <wsdl:part name="parameters" element="tns:echoValueBoxedTypePrimitive"></wsdl:part>
  </wsdl:message>
  <wsdl:message name="echoSequenceValueType">
    <wsdl:part name="parameters" element="tns:echoSequenceValueType"></wsdl:part>
  </wsdl:message>
  <wsdl:message name="echoSequenceSeqMySequenceResponse">
    <wsdl:part name="parameters" element="tns:echoSequenceSeqMySequenceResponse"></wsdl:part>
  </wsdl:message>
  <wsdl:message name="echoValueTypeOfValueType">
    <wsdl:part name="parameters" element="tns:echoValueTypeOfValueType"></wsdl:part>
  </wsdl:message>
  <wsdl:message name="echoExceptionNotThrown">
    <wsdl:part name="parameters" element="tns:echoExceptionNotThrown"></wsdl:part>
  </wsdl:message>
  <wsdl:message name="echoValueBoxedTypePrimitiveResponse">
    <wsdl:part name="parameters" element="tns:echoValueBoxedTypePrimitiveResponse"></wsdl:part>
  </wsdl:message>
  <wsdl:message name="echoVTPrimiSeq">
    <wsdl:part name="parameters" element="tns:echoVTPrimiSeq"></wsdl:part>
  </wsdl:message>
  <wsdl:message name="echoVTPrimi">
    <wsdl:part name="parameters" element="tns:echoVTPrimi"></wsdl:part>
  </wsdl:message>
  <wsdl:message name="echoResponse">
    <wsdl:part name="parameters" element="tns:echoResponse"></wsdl:part>
  </wsdl:message>
  <wsdl:message name="echoSequenceResponse">
    <wsdl:part name="parameters" element="tns:echoSequenceResponse"></wsdl:part>
  </wsdl:message>
  <wsdl:message name="echoStruct">
    <wsdl:part name="parameters" element="tns:echoStruct"></wsdl:part>
  </wsdl:message>
  <wsdl:message name="echoValueBoxedTypeComplexResponse">
    <wsdl:part name="parameters" element="tns:echoValueBoxedTypeComplexResponse"></wsdl:part>
  </wsdl:message>
  <wsdl:message name="echoValueTypeOfStruct">
    <wsdl:part name="parameters" element="tns:echoValueTypeOfStruct"></wsdl:part>
  </wsdl:message>
  <wsdl:message name="echoValueBoxedTypeComplex">
    <wsdl:part name="parameters" element="tns:echoValueBoxedTypeComplex"></wsdl:part>
  </wsdl:message>
  <wsdl:message name="echoValueTypeOfValueTypeResponse">
    <wsdl:part name="parameters" element="tns:echoValueTypeOfValueTypeResponse"></wsdl:part>
  </wsdl:message>
  <wsdl:message name="echoSequence">
    <wsdl:part name="parameters" element="tns:echoSequence"></wsdl:part>
  </wsdl:message>
  <wsdl:message name="echoSequenceSeqMySequence">
    <wsdl:part name="parameters" element="tns:echoSequenceSeqMySequence"></wsdl:part>
  </wsdl:message>
  <wsdl:message name="echoValueType">
    <wsdl:part name="parameters" element="tns:echoValueType"></wsdl:part>
  </wsdl:message>
  <wsdl:message name="echoValueTypeOfStructResponse">
    <wsdl:part name="parameters" element="tns:echoValueTypeOfStructResponse"></wsdl:part>
  </wsdl:message>
  <wsdl:message name="echoVTPrimiSeqResponse">
    <wsdl:part name="parameters" element="tns:echoVTPrimiSeqResponse"></wsdl:part>
  </wsdl:message>
  <wsdl:message name="echoStructOfValuetype">
    <wsdl:part name="parameters" element="tns:echoStructOfValuetype"></wsdl:part>
  </wsdl:message>
  <wsdl:message name="echoStructOfStruct">
    <wsdl:part name="parameters" element="tns:echoStructOfStruct"></wsdl:part>
  </wsdl:message>
  <wsdl:message name="echoExceptionNotThrownResponse">
    <wsdl:part name="parameters" element="tns:echoExceptionNotThrownResponse"></wsdl:part>
  </wsdl:message>
  <wsdl:message name="echoSequenceSeqEchoStructResponse">
    <wsdl:part name="parameters" element="tns:echoSequenceSeqEchoStructResponse"></wsdl:part>
  </wsdl:message>
  <wsdl:message name="echoSequenceSeqEchoStruct">
    <wsdl:part name="parameters" element="tns:echoSequenceSeqEchoStruct"></wsdl:part>
  </wsdl:message>
  <wsdl:portType name="EchoComplex">
    <wsdl:operation name="echo">
      <wsdl:input name="echo" message="tns:echo"></wsdl:input>
      <wsdl:output name="echoResponse" message="tns:echoResponse"></wsdl:output>
    </wsdl:operation>
    <wsdl:operation name="echoValueTypeOfStruct">
      <wsdl:input name="echoValueTypeOfStruct" message="tns:echoValueTypeOfStruct"></wsdl:input>
      <wsdl:output name="echoValueTypeOfStructResponse" message="tns:echoValueTypeOfStructResponse"></wsdl:output>
    </wsdl:operation>
    <wsdl:operation name="echoStruct">
      <wsdl:input name="echoStruct" message="tns:echoStruct"></wsdl:input>
      <wsdl:output name="echoStructResponse" message="tns:echoStructResponse"></wsdl:output>
    </wsdl:operation>
    <wsdl:operation name="echoValueTypeOfValueType">
      <wsdl:input name="echoValueTypeOfValueType" message="tns:echoValueTypeOfValueType"></wsdl:input>
      <wsdl:output name="echoValueTypeOfValueTypeResponse" message="tns:echoValueTypeOfValueTypeResponse"></wsdl:output>
    </wsdl:operation>
    <wsdl:operation name="echoValueBoxedTypeComplex">
      <wsdl:input name="echoValueBoxedTypeComplex" message="tns:echoValueBoxedTypeComplex"></wsdl:input>
      <wsdl:output name="echoValueBoxedTypeComplexResponse" message="tns:echoValueBoxedTypeComplexResponse"></wsdl:output>
    </wsdl:operation>
    <wsdl:operation name="echoValueType">
      <wsdl:input name="echoValueType" message="tns:echoValueType"></wsdl:input>
      <wsdl:output name="echoValueTypeResponse" message="tns:echoValueTypeResponse"></wsdl:output>
    </wsdl:operation>
    <wsdl:operation name="echoSequenceValueType">
      <wsdl:input name="echoSequenceValueType" message="tns:echoSequenceValueType"></wsdl:input>
      <wsdl:output name="echoSequenceValueTypeResponse" message="tns:echoSequenceValueTypeResponse"></wsdl:output>
    </wsdl:operation>
    <wsdl:operation name="echoValueBoxedTypePrimitive">
      <wsdl:input name="echoValueBoxedTypePrimitive" message="tns:echoValueBoxedTypePrimitive"></wsdl:input>
      <wsdl:output name="echoValueBoxedTypePrimitiveResponse" message="tns:echoValueBoxedTypePrimitiveResponse"></wsdl:output>
    </wsdl:operation>
    <wsdl:operation name="echoStructOfStruct">
      <wsdl:input name="echoStructOfStruct" message="tns:echoStructOfStruct"></wsdl:input>
      <wsdl:output name="echoStructOfStructResponse" message="tns:echoStructOfStructResponse"></wsdl:output>
    </wsdl:operation>
    <wsdl:operation name="echoExceptionThrown">
      <wsdl:input name="echoExceptionThrown" message="tns:echoExceptionThrown"></wsdl:input>
      <wsdl:output name="echoExceptionThrownResponse" message="tns:echoExceptionThrownResponse"></wsdl:output>
      <wsdl:fault name="EchoComplexException" message="tns:EchoComplexException"></wsdl:fault>
    </wsdl:operation>
    <wsdl:operation name="echoStructOfValuetype">
      <wsdl:input name="echoStructOfValuetype" message="tns:echoStructOfValuetype"></wsdl:input>
      <wsdl:output name="echoStructOfValuetypeResponse" message="tns:echoStructOfValuetypeResponse"></wsdl:output>
    </wsdl:operation>
    <wsdl:operation name="echoVTPrimiSeq">
      <wsdl:input name="echoVTPrimiSeq" message="tns:echoVTPrimiSeq"></wsdl:input>
      <wsdl:output name="echoVTPrimiSeqResponse" message="tns:echoVTPrimiSeqResponse"></wsdl:output>
    </wsdl:operation>
    <wsdl:operation name="echoSequence">
      <wsdl:input name="echoSequence" message="tns:echoSequence"></wsdl:input>
      <wsdl:output name="echoSequenceResponse" message="tns:echoSequenceResponse"></wsdl:output>
    </wsdl:operation>
    <wsdl:operation name="echoExceptionNotThrown">
      <wsdl:input name="echoExceptionNotThrown" message="tns:echoExceptionNotThrown"></wsdl:input>
      <wsdl:output name="echoExceptionNotThrownResponse" message="tns:echoExceptionNotThrownResponse"></wsdl:output>
      <wsdl:fault name="EchoComplexException" message="tns:EchoComplexException"></wsdl:fault>
    </wsdl:operation>
    <wsdl:operation name="echoSequenceSeqMySequence">
      <wsdl:input name="echoSequenceSeqMySequence" message="tns:echoSequenceSeqMySequence"></wsdl:input>
      <wsdl:output name="echoSequenceSeqMySequenceResponse" message="tns:echoSequenceSeqMySequenceResponse"></wsdl:output>
    </wsdl:operation>
    <wsdl:operation name="echoVTPrimi">
      <wsdl:input name="echoVTPrimi" message="tns:echoVTPrimi"></wsdl:input>
      <wsdl:output name="echoVTPrimiResponse" message="tns:echoVTPrimiResponse"></wsdl:output>
    </wsdl:operation>
    <wsdl:operation name="echoSequenceSeqEchoStruct">
      <wsdl:input name="echoSequenceSeqEchoStruct" message="tns:echoSequenceSeqEchoStruct"></wsdl:input>
      <wsdl:output name="echoSequenceSeqEchoStructResponse" message="tns:echoSequenceSeqEchoStructResponse"></wsdl:output>
    </wsdl:operation>
  </wsdl:portType>
  <wsdl:binding name="EchoComplexCorbaBinding" type="tns:EchoComplex">
    <soap:binding style="document" transport="http://schemas.xmlsoap.org/soap/http"/>
    <wsdl:operation name="echo">
      <soap:operation/>
      <wsdl:input name="echo">
        <soap:body use="literal"/>
      </wsdl:input>
      <wsdl:output name="echoResponse">
        <soap:body use="literal"/>
      </wsdl:output>
    </wsdl:operation>
    <wsdl:operation name="echoValueTypeOfStruct">
      <soap:operation/>
      <wsdl:input name="echoValueTypeOfStruct">
        <soap:body use="literal"/>
      </wsdl:input>
      <wsdl:output name="echoValueTypeOfStructResponse">
        <soap:body use="literal"/>
      </wsdl:output>
    </wsdl:operation>
    <wsdl:operation name="echoStruct">
      <soap:operation/>
      <wsdl:input name="echoStruct">
        <soap:body use="literal"/>
      </wsdl:input>
      <wsdl:output name="echoStructResponse">
        <soap:body use="literal"/>
      </wsdl:output>
    </wsdl:operation>
    <wsdl:operation name="echoValueTypeOfValueType">
      <soap:operation/>
      <wsdl:input name="echoValueTypeOfValueType">
        <soap:body use="literal"/>
      </wsdl:input>
      <wsdl:output name="echoValueTypeOfValueTypeResponse">
        <soap:body use="literal"/>
      </wsdl:output>
    </wsdl:operation>
    <wsdl:operation name="echoValueBoxedTypeComplex">
      <soap:operation/>
      <wsdl:input name="echoValueBoxedTypeComplex">
        <soap:body use="literal"/>
      </wsdl:input>
      <wsdl:output name="echoValueBoxedTypeComplexResponse">
        <soap:body use="literal"/>
      </wsdl:output>
    </wsdl:operation>
    <wsdl:operation name="echoValueType">
      <soap:operation/>
      <wsdl:input name="echoValueType">
        <soap:body use="literal"/>
      </wsdl:input>
      <wsdl:output name="echoValueTypeResponse">
        <soap:body use="literal"/>
      </wsdl:output>
    </wsdl:operation>
    <wsdl:operation name="echoSequenceValueType">
      <soap:operation/>
      <wsdl:input name="echoSequenceValueType">
        <soap:body use="literal"/>
      </wsdl:input>
      <wsdl:output name="echoSequenceValueTypeResponse">
        <soap:body use="literal"/>
      </wsdl:output>
    </wsdl:operation>
    <wsdl:operation name="echoValueBoxedTypePrimitive">
      <soap:operation/>
      <wsdl:input name="echoValueBoxedTypePrimitive">
        <soap:body use="literal"/>
      </wsdl:input>
      <wsdl:output name="echoValueBoxedTypePrimitiveResponse">
        <soap:body use="literal"/>
      </wsdl:output>
    </wsdl:operation>
    <wsdl:operation name="echoStructOfStruct">
      <soap:operation/>
      <wsdl:input name="echoStructOfStruct">
        <soap:body use="literal"/>
      </wsdl:input>
      <wsdl:output name="echoStructOfStructResponse">
        <soap:body use="literal"/>
      </wsdl:output>
    </wsdl:operation>
    <wsdl:operation name="echoExceptionThrown">
      <soap:operation/>
      <wsdl:input name="echoExceptionThrown">
        <soap:body use="literal"/>
      </wsdl:input>
      <wsdl:output name="echoExceptionThrownResponse">
        <soap:body use="literal"/>
      </wsdl:output>
      <wsdl:fault name="EchoComplexException">
        <soap:fault name="EchoComplexException" use="literal"/>
      </wsdl:fault>
    </wsdl:operation>
    <wsdl:operation name="echoStructOfValuetype">
      <soap:operation/>
      <wsdl:input name="echoStructOfValuetype">
        <soap:body use="literal"/>
      </wsdl:input>
      <wsdl:output name="echoStructOfValuetypeResponse">
        <soap:body use="literal"/>
      </wsdl:output>
    </wsdl:operation>
    <wsdl:operation name="echoVTPrimiSeq">
      <soap:operation/>
      <wsdl:input name="echoVTPrimiSeq">
        <soap:body use="literal"/>
      </wsdl:input>
      <wsdl:output name="echoVTPrimiSeqResponse">
        <soap:body use="literal"/>
      </wsdl:output>
    </wsdl:operation>
    <wsdl:operation name="echoSequence">
      <soap:operation/>
      <wsdl:input name="echoSequence">
        <soap:body use="literal"/>
      </wsdl:input>
      <wsdl:output name="echoSequenceResponse">
        <soap:body use="literal"/>
      </wsdl:output>
    </wsdl:operation>
    <wsdl:operation name="echoExceptionNotThrown">
      <soap:operation/>
      <wsdl:input name="echoExceptionNotThrown">
        <soap:body use="literal"/>
      </wsdl:input>
      <wsdl:output name="echoExceptionNotThrownResponse">
        <soap:body use="literal"/>
      </wsdl:output>
      <wsdl:fault name="EchoComplexException">
        <soap:fault name="EchoComplexException" use="literal"/>
      </wsdl:fault>
    </wsdl:operation>
    <wsdl:operation name="echoSequenceSeqMySequence">
      <soap:operation/>
      <wsdl:input name="echoSequenceSeqMySequence">
        <soap:body use="literal"/>
      </wsdl:input>
      <wsdl:output name="echoSequenceSeqMySequenceResponse">
        <soap:body use="literal"/>
      </wsdl:output>
    </wsdl:operation>
    <wsdl:operation name="echoVTPrimi">
      <soap:operation/>
      <wsdl:input name="echoVTPrimi">
        <soap:body use="literal"/>
      </wsdl:input>
      <wsdl:output name="echoVTPrimiResponse">
        <soap:body use="literal"/>
      </wsdl:output>
    </wsdl:operation>
    <wsdl:operation name="echoSequenceSeqEchoStruct">
      <soap:operation/>
      <wsdl:input name="echoSequenceSeqEchoStruct">
        <soap:body use="literal"/>
      </wsdl:input>
      <wsdl:output name="echoSequenceSeqEchoStructResponse">
        <soap:body use="literal"/>
      </wsdl:output>
    </wsdl:operation>
  </wsdl:binding>
  <wsdl:service name="EchoComplex">
    <wsdl:port name="EchoComplexCorbaPort" binding="tns:EchoComplexCorbaBinding">
      <soap:address location="http://192.168.1.209:8192/Service/test-provider-complex-mult-interface/"/>
    </wsdl:port>
  </wsdl:service>
  <plnk:partnerLinkType name="EchoComplex">
    <plnk:role name="EchoComplexPortTypeRole" portType="tns:EchoComplex"/>
  </plnk:partnerLinkType>
</wsdl:definitions>]]></con:content><con:type>http://schemas.xmlsoap.org/wsdl/</con:type></con:part><con:part><con:url>http://192.168.1.209:8192/provider-complex-mult-interface-http-consumer/TypeDef_testprovidercomplexmult.test.jbi4corba.imolinfo.it.xsd</con:url><con:content><![CDATA[<xs:schema attributeFormDefault="qualified" elementFormDefault="qualified" targetNamespace="http://testprovidercomplexmult.test.jbi4corba.imolinfo.it/" xmlns:xs="http://www.w3.org/2001/XMLSchema" xmlns:tns="http://testprovidercomplexmult.test.jbi4corba.imolinfo.it/">
  <xs:complexType name="echoVT">
    <xs:sequence>
      <xs:element name="publicShort" type="xs:short"/>
      <xs:element name="privateLong" type="xs:int"/>
    </xs:sequence>
  </xs:complexType>
  <xs:complexType name="echoStruct">
    <xs:sequence>
      <xs:element name="fieldBoolean" type="xs:boolean"/>
      <xs:element name="fieldChar" type="xs:unsignedShort"/>
      <xs:element name="fieldWChar" type="xs:unsignedShort"/>
      <xs:element name="fieldOctet" type="xs:byte"/>
      <xs:element minOccurs="0" name="fieldString" type="xs:string"/>
      <xs:element minOccurs="0" name="fieldWString" type="xs:string"/>
      <xs:element name="fieldShort" type="xs:short"/>
      <xs:element name="fieldUnsignedShort" type="xs:short"/>
      <xs:element name="fieldLong" type="xs:int"/>
      <xs:element name="fieldUnsignedLong" type="xs:int"/>
      <xs:element name="fieldLongLong" type="xs:long"/>
      <xs:element name="fieldUnsignedLongLong" type="xs:long"/>
      <xs:element name="fieldFloat" type="xs:float"/>
      <xs:element name="fieldDouble" type="xs:double"/>
    </xs:sequence>
  </xs:complexType>
  <xs:complexType name="mySequence">
    <xs:sequence>
      <xs:element maxOccurs="unbounded" minOccurs="0" name="data" nillable="true" type="xs:int"/>
    </xs:sequence>
  </xs:complexType>
  <xs:complexType name="valueTypeOfValueType">
    <xs:sequence>
      <xs:element minOccurs="0" name="data" type="tns:vtPrimi"/>
    </xs:sequence>
  </xs:complexType>
  <xs:complexType name="vtPrimi">
    <xs:sequence>
      <xs:element name="fieldBoolean" type="xs:boolean"/>
      <xs:element name="fieldChar" type="xs:unsignedShort"/>
      <xs:element name="fieldWChar" type="xs:unsignedShort"/>
      <xs:element name="fieldOctet" type="xs:byte"/>
      <xs:element minOccurs="0" name="fieldString" type="xs:string"/>
      <xs:element minOccurs="0" name="fieldWString" type="xs:string"/>
      <xs:element name="fieldShort" type="xs:short"/>
      <xs:element name="fieldUnsignedShort" type="xs:short"/>
      <xs:element name="fieldLong" type="xs:int"/>
      <xs:element name="fieldUnsignedLong" type="xs:int"/>
      <xs:element name="fieldLongLong" type="xs:long"/>
      <xs:element name="fieldUnsignedLongLong" type="xs:long"/>
      <xs:element name="fieldFloat" type="xs:float"/>
      <xs:element name="fieldDouble" type="xs:double"/>
    </xs:sequence>
  </xs:complexType>
  <xs:complexType name="vtPrimiSeq">
    <xs:sequence>
      <xs:element maxOccurs="unbounded" minOccurs="0" name="data" nillable="true" type="tns:vtPrimi"/>
    </xs:sequence>
  </xs:complexType>
  <xs:complexType name="structOfStruct">
    <xs:sequence>
      <xs:element minOccurs="0" name="internalStruct" type="tns:echoStruct"/>
    </xs:sequence>
  </xs:complexType>
  <xs:complexType name="structOfValuetype">
    <xs:sequence>
      <xs:element minOccurs="0" name="data" type="tns:vtPrimi"/>
    </xs:sequence>
  </xs:complexType>
  <xs:complexType name="valueTypeOfStruct">
    <xs:sequence>
      <xs:element minOccurs="0" name="data" type="tns:echoStruct"/>
    </xs:sequence>
  </xs:complexType>
  <xs:complexType name="myLong">
    <xs:sequence>
      <xs:element name="data" type="xs:int"/>
    </xs:sequence>
  </xs:complexType>
</xs:schema>]]></con:content><con:type>http://www.w3.org/2001/XMLSchema</con:type></con:part></con:definitionCache><con:endpoints><con:endpoint>http://localhost:8192/Service/test-provider-complex-mult-interface/</con:endpoint><con:endpoint>http://192.168.1.209:8192/Service/test-provider-complex-mult-interface/</con:endpoint></con:endpoints><con:operation isOneWay="false" action="" name="echo" bindingOperationName="echo" type="Request-Response" outputName="echoResponse" inputName="echo" receivesAttachments="false" sendsAttachments="false" anonymous="optional"><con:settings/><con:call name="Request 1"><con:settings/><con:encoding>UTF-8</con:encoding><con:endpoint>http://192.168.1.209:8192/Service/test-provider-complex-mult-interface/</con:endpoint><con:request><![CDATA[<soapenv:Envelope xmlns:soapenv="http://schemas.xmlsoap.org/soap/envelope/" xmlns:it="http://it.imolinfo.jbi4corba.test.testprovidercomplexmult.EchoComplex">
   <soapenv:Header/>
   <soapenv:Body>
      <it:echo>
         <!--Optional:-->
         <it:msg>ciao1</it:msg>
      </it:echo>
   </soapenv:Body>
</soapenv:Envelope>]]></con:request><con:wsaConfig mustUnderstand="NONE" version="200508" action="http://it.imolinfo.jbi4corba.test.testprovidercomplexmult/EchoComplex/echo"/><con:wsrmConfig version="1.2"/></con:call></con:operation><con:operation isOneWay="false" action="" name="echoExceptionNotThrown" bindingOperationName="echoExceptionNotThrown" type="Request-Response" outputName="echoExceptionNotThrownResponse" inputName="echoExceptionNotThrown" receivesAttachments="false" sendsAttachments="false" anonymous="optional"><con:settings/><con:call name="Request 1"><con:settings/><con:encoding>UTF-8</con:encoding><con:endpoint>http://192.168.1.209:8192/Service/test-provider-complex-mult-interface/</con:endpoint><con:request><![CDATA[<soapenv:Envelope xmlns:soapenv="http://schemas.xmlsoap.org/soap/envelope/" xmlns:it="http://it.imolinfo.jbi4corba.test.testprovidercomplexmult.EchoComplex" xmlns:tes="http://testprovidercomplexmult.test.jbi4corba.imolinfo.it/">
   <soapenv:Header/>
   <soapenv:Body>
      <it:echoExceptionNotThrown>
         <!--Optional:-->
         <it:es>
            <tes:fieldBoolean>false</tes:fieldBoolean>
            <tes:fieldChar>1</tes:fieldChar>
            <tes:fieldWChar>22</tes:fieldWChar>
            <tes:fieldOctet>1234214</tes:fieldOctet>
            <!--Optional:-->
            <tes:fieldString>ciao</tes:fieldString>
            <!--Optional:-->
            <tes:fieldWString>asd</tes:fieldWString>
            <tes:fieldShort>2</tes:fieldShort>
            <tes:fieldUnsignedShort>3</tes:fieldUnsignedShort>
            <tes:fieldLong>22</tes:fieldLong>
            <tes:fieldUnsignedLong>33</tes:fieldUnsignedLong>
            <tes:fieldLongLong>3</tes:fieldLongLong>
            <tes:fieldUnsignedLongLong>3</tes:fieldUnsignedLongLong>
            <tes:fieldFloat>3</tes:fieldFloat>
            <tes:fieldDouble>3</tes:fieldDouble>
         </it:es>
      </it:echoExceptionNotThrown>
   </soapenv:Body>
</soapenv:Envelope>]]></con:request><con:wsaConfig mustUnderstand="NONE" version="200508" action="http://it.imolinfo.jbi4corba.test.testprovidercomplexmult/EchoComplex/echoExceptionNotThrown"/><con:wsrmConfig version="1.2"/></con:call></con:operation><con:operation isOneWay="false" action="" name="echoExceptionThrown" bindingOperationName="echoExceptionThrown" type="Request-Response" outputName="echoExceptionThrownResponse" inputName="echoExceptionThrown" receivesAttachments="false" sendsAttachments="false" anonymous="optional"><con:settings/><con:call name="Request 1"><con:settings/><con:encoding>UTF-8</con:encoding><con:endpoint>http://192.168.1.209:8192/Service/test-provider-complex-mult-interface/</con:endpoint><con:request><![CDATA[<soapenv:Envelope xmlns:soapenv="http://schemas.xmlsoap.org/soap/envelope/" xmlns:it="http://it.imolinfo.jbi4corba.test.testprovidercomplexmult" xmlns:tes="http://testprovidercomplexmult.test.jbi4corba.imolinfo.it/">
   <soapenv:Header/>
   <soapenv:Body>
      <it1:echoExceptionThrown xmlns:it1="http://it.imolinfo.jbi4corba.test.testprovidercomplexmult.EchoComplex"><!--Optional:-->
         <it1:es>
            <tes:fieldBoolean>false</tes:fieldBoolean>
            <tes:fieldChar>2</tes:fieldChar>
            <tes:fieldWChar>2</tes:fieldWChar>
            <tes:fieldOctet>2</tes:fieldOctet>
            <!--Optional:-->
            <tes:fieldString>Interface1</tes:fieldString>
            <!--Optional:-->
            <tes:fieldWString>12s3</tes:fieldWString>
            <tes:fieldShort>12</tes:fieldShort>
            <tes:fieldUnsignedShort>2</tes:fieldUnsignedShort>
            <tes:fieldLong>22</tes:fieldLong>
            <tes:fieldUnsignedLong>2</tes:fieldUnsignedLong>
            <tes:fieldLongLong>2</tes:fieldLongLong>
            <tes:fieldUnsignedLongLong>3</tes:fieldUnsignedLongLong>
            <tes:fieldFloat>4.5</tes:fieldFloat>
            <tes:fieldDouble>6.6</tes:fieldDouble>
         </it1:es>
      </it1:echoExceptionThrown>
   </soapenv:Body>
</soapenv:Envelope>]]></con:request><con:wsaConfig mustUnderstand="NONE" version="200508" action="http://it.imolinfo.jbi4corba.test.testprovidercomplexmult/EchoComplex/echoExceptionThrown"/><con:wsrmConfig version="1.2"/></con:call></con:operation><con:operation isOneWay="false" action="" name="echoSequence" bindingOperationName="echoSequence" type="Request-Response" outputName="echoSequenceResponse" inputName="echoSequence" receivesAttachments="false" sendsAttachments="false" anonymous="optional"><con:settings/><con:call name="Request 1"><con:settings/><con:encoding>UTF-8</con:encoding><con:endpoint>http://192.168.1.209:8192/Service/test-provider-complex-mult-interface/</con:endpoint><con:request><![CDATA[<soapenv:Envelope xmlns:soapenv="http://schemas.xmlsoap.org/soap/envelope/" xmlns:it="http://it.imolinfo.jbi4corba.test.testprovidercomplexmult">
   <soapenv:Header/>
   <soapenv:Body>
      <it1:echoSequence xmlns:it1="http://it.imolinfo.jbi4corba.test.testprovidercomplexmult.EchoComplex"><!--Zero or more repetitions:-->
         <it1:es>1</it1:es>
      </it1:echoSequence>
   </soapenv:Body>
</soapenv:Envelope>]]></con:request><con:wsaConfig mustUnderstand="NONE" version="200508" action="http://it.imolinfo.jbi4corba.test.testprovidercomplexmult/EchoComplex/echoSequence"/><con:wsrmConfig version="1.2"/></con:call></con:operation><con:operation isOneWay="false" action="" name="echoSequenceSeqEchoStruct" bindingOperationName="echoSequenceSeqEchoStruct" type="Request-Response" outputName="echoSequenceSeqEchoStructResponse" inputName="echoSequenceSeqEchoStruct" receivesAttachments="false" sendsAttachments="false" anonymous="optional"><con:settings/><con:call name="Request 1"><con:settings/><con:encoding>UTF-8</con:encoding><con:endpoint>http://192.168.1.209:8192/Service/test-provider-complex-mult-interface/</con:endpoint><con:request><![CDATA[<soapenv:Envelope xmlns:soapenv="http://schemas.xmlsoap.org/soap/envelope/" xmlns:it="http://it.imolinfo.jbi4corba.test.testprovidercomplexmult" xmlns:tes="http://testprovidercomplexmult.test.jbi4corba.imolinfo.it/">
   <soapenv:Header/>
   <soapenv:Body>
      <it1:echoSequenceSeqEchoStruct xmlns:it1="http://it.imolinfo.jbi4corba.test.testprovidercomplexmult.EchoComplex"><!--Zero or more repetitions:-->
         <it1:es>
            <tes:fieldBoolean>false</tes:fieldBoolean>
            <tes:fieldChar>2</tes:fieldChar>
            <tes:fieldWChar>22</tes:fieldWChar>
            <tes:fieldOctet>35333333</tes:fieldOctet>
            <!--Optional:-->
            <tes:fieldString>pippo</tes:fieldString>
            <!--Optional:-->
            <tes:fieldWString>dd</tes:fieldWString>
            <tes:fieldShort>1</tes:fieldShort>
            <tes:fieldUnsignedShort>2</tes:fieldUnsignedShort>
            <tes:fieldLong>303</tes:fieldLong>
            <tes:fieldUnsignedLong>94</tes:fieldUnsignedLong>
            <tes:fieldLongLong>4343</tes:fieldLongLong>
            <tes:fieldUnsignedLongLong>343</tes:fieldUnsignedLongLong>
            <tes:fieldFloat>4.5</tes:fieldFloat>
            <tes:fieldDouble>16.045</tes:fieldDouble>
         </it1:es>
      </it1:echoSequenceSeqEchoStruct>
   </soapenv:Body>
</soapenv:Envelope>]]></con:request><con:wsaConfig mustUnderstand="NONE" version="200508" action="http://it.imolinfo.jbi4corba.test.testprovidercomplexmult/EchoComplex/echoSequenceSeqEchoStruct"/><con:wsrmConfig version="1.2"/></con:call></con:operation><con:operation isOneWay="false" action="" name="echoSequenceSeqMySequence" bindingOperationName="echoSequenceSeqMySequence" type="Request-Response" outputName="echoSequenceSeqMySequenceResponse" inputName="echoSequenceSeqMySequence" receivesAttachments="false" sendsAttachments="false" anonymous="optional"><con:settings/><con:call name="Request 1"><con:settings/><con:encoding>UTF-8</con:encoding><con:endpoint>http://192.168.1.209:8192/Service/test-provider-complex-mult-interface/</con:endpoint><con:request><![CDATA[<soapenv:Envelope xmlns:soapenv="http://schemas.xmlsoap.org/soap/envelope/" xmlns:it="http://it.imolinfo.jbi4corba.test.testprovidercomplexmult" xmlns:tes="http://testprovidercomplexmult.test.jbi4corba.imolinfo.it/">
   <soapenv:Header/>
   <soapenv:Body>
      <it1:echoSequenceSeqMySequence xmlns:it1="http://it.imolinfo.jbi4corba.test.testprovidercomplexmult.EchoComplex"><!--Zero or more repetitions:-->
         <it1:es>
            <!--Zero or more repetitions:-->
            <tes:data>1</tes:data>
         </it1:es>
      </it1:echoSequenceSeqMySequence>
   </soapenv:Body>
</soapenv:Envelope>]]></con:request><con:wsaConfig mustUnderstand="NONE" version="200508" action="http://it.imolinfo.jbi4corba.test.testprovidercomplexmult/EchoComplex/echoSequenceSeqMySequence"/><con:wsrmConfig version="1.2"/></con:call></con:operation><con:operation isOneWay="false" action="" name="echoSequenceValueType" bindingOperationName="echoSequenceValueType" type="Request-Response" outputName="echoSequenceValueTypeResponse" inputName="echoSequenceValueType" receivesAttachments="false" sendsAttachments="false" anonymous="optional"><con:settings/><con:call name="Request 1"><con:settings/><con:encoding>UTF-8</con:encoding><con:endpoint>http://192.168.1.209:8192/Service/test-provider-complex-mult-interface/</con:endpoint><con:request><![CDATA[<soapenv:Envelope xmlns:soapenv="http://schemas.xmlsoap.org/soap/envelope/" xmlns:it="http://it.imolinfo.jbi4corba.test.testprovidercomplexmult" xmlns:tes="http://testprovidercomplexmult.test.jbi4corba.imolinfo.it/">
   <soapenv:Header/>
   <soapenv:Body>
      <it1:echoSequenceValueType xmlns:it1="http://it.imolinfo.jbi4corba.test.testprovidercomplexmult.EchoComplex"><!--Optional:-->
         <it1:es>
            <!--Zero or more repetitions:-->
            <tes:data>0</tes:data>
         </it1:es>
      </it1:echoSequenceValueType>
   </soapenv:Body>
</soapenv:Envelope>]]></con:request><con:wsaConfig mustUnderstand="NONE" version="200508" action="http://it.imolinfo.jbi4corba.test.testprovidercomplexmult/EchoComplex/echoSequenceValueType"/><con:wsrmConfig version="1.2"/></con:call></con:operation><con:operation isOneWay="false" action="" name="echoStruct" bindingOperationName="echoStruct" type="Request-Response" outputName="echoStructResponse" inputName="echoStruct" receivesAttachments="false" sendsAttachments="false" anonymous="optional"><con:settings/><con:call name="Request 1"><con:settings/><con:encoding>UTF-8</con:encoding><con:endpoint>http://192.168.1.209:8192/Service/test-provider-complex-mult-interface/</con:endpoint><con:request><![CDATA[<soapenv:Envelope xmlns:soapenv="http://schemas.xmlsoap.org/soap/envelope/" xmlns:it="http://it.imolinfo.jbi4corba.test.testprovidercomplexmult" xmlns:tes="http://testprovidercomplexmult.test.jbi4corba.imolinfo.it/">
   <soapenv:Header/>
   <soapenv:Body>
      <it1:echoStruct xmlns:it1="http://it.imolinfo.jbi4corba.test.testprovidercomplexmult.EchoComplex"><!--Optional:-->
          <it1:es>
            <tes:fieldBoolean>false</tes:fieldBoolean>
            <tes:fieldChar>2</tes:fieldChar>
            <tes:fieldWChar>22</tes:fieldWChar>
            <tes:fieldOctet>35333333</tes:fieldOctet>
            <!--Optional:-->
            <tes:fieldString>pippo</tes:fieldString>
            <!--Optional:-->
            <tes:fieldWString>dd</tes:fieldWString>
            <tes:fieldShort>1</tes:fieldShort>
            <tes:fieldUnsignedShort>2</tes:fieldUnsignedShort>
            <tes:fieldLong>303</tes:fieldLong>
            <tes:fieldUnsignedLong>94</tes:fieldUnsignedLong>
            <tes:fieldLongLong>4343</tes:fieldLongLong>
            <tes:fieldUnsignedLongLong>343</tes:fieldUnsignedLongLong>
            <tes:fieldFloat>4.5</tes:fieldFloat>
            <tes:fieldDouble>16.045</tes:fieldDouble>
         </it1:es>
      </it1:echoStruct>
   </soapenv:Body>
</soapenv:Envelope>]]></con:request><con:wsaConfig mustUnderstand="NONE" version="200508" action="http://it.imolinfo.jbi4corba.test.testprovidercomplexmult/EchoComplex/echoStruct"/><con:wsrmConfig version="1.2"/></con:call></con:operation><con:operation isOneWay="false" action="" name="echoStructOfStruct" bindingOperationName="echoStructOfStruct" type="Request-Response" outputName="echoStructOfStructResponse" inputName="echoStructOfStruct" receivesAttachments="false" sendsAttachments="false" anonymous="optional"><con:settings/><con:call name="Request 1"><con:settings/><con:encoding>UTF-8</con:encoding><con:endpoint>http://192.168.1.209:8192/Service/test-provider-complex-mult-interface/</con:endpoint><con:request><![CDATA[<soapenv:Envelope xmlns:soapenv="http://schemas.xmlsoap.org/soap/envelope/" xmlns:it="http://it.imolinfo.jbi4corba.test.testprovidercomplexmult" xmlns:tes="http://testprovidercomplexmult.test.jbi4corba.imolinfo.it/">
   <soapenv:Header/>
   <soapenv:Body>
      <it1:echoStructOfStruct xmlns:it1="http://it.imolinfo.jbi4corba.test.testprovidercomplexmult.EchoComplex"><!--Optional:-->
         <it1:v>
            <!--Optional:-->
            <tes:internalStruct>
               
            <tes:fieldBoolean>false</tes:fieldBoolean>
            <tes:fieldChar>2</tes:fieldChar>
            <tes:fieldWChar>22</tes:fieldWChar>
            <tes:fieldOctet>35333333</tes:fieldOctet>
            <!--Optional:-->
            <tes:fieldString>pippo</tes:fieldString>
            <!--Optional:-->
            <tes:fieldWString>dd</tes:fieldWString>
            <tes:fieldShort>1</tes:fieldShort>
            <tes:fieldUnsignedShort>2</tes:fieldUnsignedShort>
            <tes:fieldLong>303</tes:fieldLong>
            <tes:fieldUnsignedLong>94</tes:fieldUnsignedLong>
            <tes:fieldLongLong>4343</tes:fieldLongLong>
            <tes:fieldUnsignedLongLong>343</tes:fieldUnsignedLongLong>
            <tes:fieldFloat>4.5</tes:fieldFloat>
            <tes:fieldDouble>16.045</tes:fieldDouble>
        
            </tes:internalStruct>
         </it1:v>
      </it1:echoStructOfStruct>
   </soapenv:Body>
</soapenv:Envelope>]]></con:request><con:wsaConfig mustUnderstand="NONE" version="200508" action="http://it.imolinfo.jbi4corba.test.testprovidercomplexmult/EchoComplex/echoStructOfStruct"/><con:wsrmConfig version="1.2"/></con:call></con:operation><con:operation isOneWay="false" action="" name="echoStructOfValuetype" bindingOperationName="echoStructOfValuetype" type="Request-Response" outputName="echoStructOfValuetypeResponse" inputName="echoStructOfValuetype" receivesAttachments="false" sendsAttachments="false" anonymous="optional"><con:settings/><con:call name="Request 1"><con:settings/><con:encoding>UTF-8</con:encoding><con:endpoint>http://192.168.1.209:8192/Service/test-provider-complex-mult-interface/</con:endpoint><con:request><![CDATA[<soapenv:Envelope xmlns:soapenv="http://schemas.xmlsoap.org/soap/envelope/" xmlns:it="http://it.imolinfo.jbi4corba.test.testprovidercomplexmult" xmlns:tes="http://testprovidercomplexmult.test.jbi4corba.imolinfo.it/">
   <soapenv:Header/>
   <soapenv:Body>
      <it1:echoStructOfValuetype xmlns:it1="http://it.imolinfo.jbi4corba.test.testprovidercomplexmult.EchoComplex"><!--Optional:-->
         <it1:v>
            <!--Optional:-->
            <tes:data>
               <tes:fieldBoolean>false</tes:fieldBoolean>
               <tes:fieldChar>2</tes:fieldChar>
               <tes:fieldWChar>2</tes:fieldWChar>
               <tes:fieldOctet>2</tes:fieldOctet>
               <!--Optional:-->
               <tes:fieldString>Interface1</tes:fieldString>
               <!--Optional:-->
               <tes:fieldWString>34</tes:fieldWString>
               <tes:fieldShort>2</tes:fieldShort>
               <tes:fieldUnsignedShort>3</tes:fieldUnsignedShort>
               <tes:fieldLong>222</tes:fieldLong>
               <tes:fieldUnsignedLong>23283</tes:fieldUnsignedLong>
               <tes:fieldLongLong>2323</tes:fieldLongLong>
               <tes:fieldUnsignedLongLong>2323</tes:fieldUnsignedLongLong>
               <tes:fieldFloat>3.5</tes:fieldFloat>
               <tes:fieldDouble>6.7</tes:fieldDouble>
            </tes:data>
         </it1:v>
      </it1:echoStructOfValuetype>
   </soapenv:Body>
</soapenv:Envelope>]]></con:request><con:wsaConfig mustUnderstand="NONE" version="200508" action="http://it.imolinfo.jbi4corba.test.testprovidercomplexmult/EchoComplex/echoStructOfValuetype"/><con:wsrmConfig version="1.2"/></con:call></con:operation><con:operation isOneWay="false" action="" name="echoValueBoxedTypeComplex" bindingOperationName="echoValueBoxedTypeComplex" type="Request-Response" outputName="echoValueBoxedTypeComplexResponse" inputName="echoValueBoxedTypeComplex" receivesAttachments="false" sendsAttachments="false" anonymous="optional"><con:settings/><con:call name="Request 1"><con:settings/><con:encoding>UTF-8</con:encoding><con:endpoint>http://192.168.1.209:8192/Service/test-provider-complex-mult-interface/</con:endpoint><con:request><![CDATA[<soapenv:Envelope xmlns:soapenv="http://schemas.xmlsoap.org/soap/envelope/" xmlns:it="http://it.imolinfo.jbi4corba.test.testprovidercomplexmult" xmlns:tes="http://testprovidercomplexmult.test.jbi4corba.imolinfo.it/">
   <soapenv:Header/>
   <soapenv:Body>
      <it1:echoValueBoxedTypeComplex xmlns:it1="http://it.imolinfo.jbi4corba.test.testprovidercomplexmult.EchoComplex"><!--Optional:-->
         <it1:e>
            <!--Zero or more repetitions:-->
            <tes:data>3</tes:data>
         </it1:e>
      </it1:echoValueBoxedTypeComplex>
   </soapenv:Body>
</soapenv:Envelope>]]></con:request><con:wsaConfig mustUnderstand="NONE" version="200508" action="http://it.imolinfo.jbi4corba.test.testprovidercomplexmult/EchoComplex/echoValueBoxedTypeComplex"/><con:wsrmConfig version="1.2"/></con:call></con:operation><con:operation isOneWay="false" action="" name="echoValueBoxedTypePrimitive" bindingOperationName="echoValueBoxedTypePrimitive" type="Request-Response" outputName="echoValueBoxedTypePrimitiveResponse" inputName="echoValueBoxedTypePrimitive" receivesAttachments="false" sendsAttachments="false" anonymous="optional"><con:settings/><con:call name="Request 1"><con:settings/><con:encoding>UTF-8</con:encoding><con:endpoint>http://192.168.1.209:8192/Service/test-provider-complex-mult-interface/</con:endpoint><con:request><![CDATA[<soapenv:Envelope xmlns:soapenv="http://schemas.xmlsoap.org/soap/envelope/" xmlns:it="http://it.imolinfo.jbi4corba.test.testprovidercomplexmult.EchoComplex" xmlns:tes="http://testprovidercomplexmult.test.jbi4corba.imolinfo.it/">
   <soapenv:Header/>
   <soapenv:Body>
      <it:echoValueBoxedTypePrimitive xmlns:it1="http://it.imolinfo.jbi4corba.test.testprovidercomplexmult.EchoComplex"><!--Optional:-->
         <it:e>
            <tes:data>1</tes:data>
         </it:e>
      </it:echoValueBoxedTypePrimitive>
   </soapenv:Body>
</soapenv:Envelope>]]></con:request><con:wsaConfig mustUnderstand="NONE" version="200508" action="http://it.imolinfo.jbi4corba.test.testprovidercomplexmult/EchoComplex/echoValueBoxedTypePrimitive"/><con:wsrmConfig version="1.2"/></con:call></con:operation><con:operation isOneWay="false" action="" name="echoValueType" bindingOperationName="echoValueType" type="Request-Response" outputName="echoValueTypeResponse" inputName="echoValueType" receivesAttachments="false" sendsAttachments="false" anonymous="optional"><con:settings/><con:call name="Request 1"><con:settings/><con:encoding>UTF-8</con:encoding><con:endpoint>http://192.168.1.209:8192/Service/test-provider-complex-mult-interface/</con:endpoint><con:request><![CDATA[<soapenv:Envelope xmlns:soapenv="http://schemas.xmlsoap.org/soap/envelope/" xmlns:it="http://it.imolinfo.jbi4corba.test.testprovidercomplexmult" xmlns:tes="http://testprovidercomplexmult.test.jbi4corba.imolinfo.it/">
   <soapenv:Header/>
   <soapenv:Body>
      <it1:echoValueType xmlns:it1="http://it.imolinfo.jbi4corba.test.testprovidercomplexmult.EchoComplex"><!--Optional:-->
         <it1:e>
            <tes:publicShort>3</tes:publicShort>
            <tes:privateLong>444</tes:privateLong>
         </it1:e>
      </it1:echoValueType>
   </soapenv:Body>
</soapenv:Envelope>]]></con:request><con:wsaConfig mustUnderstand="NONE" version="200508" action="http://it.imolinfo.jbi4corba.test.testprovidercomplexmult/EchoComplex/echoValueType"/><con:wsrmConfig version="1.2"/></con:call></con:operation><con:operation isOneWay="false" action="" name="echoValueTypeOfStruct" bindingOperationName="echoValueTypeOfStruct" type="Request-Response" outputName="echoValueTypeOfStructResponse" inputName="echoValueTypeOfStruct" receivesAttachments="false" sendsAttachments="false" anonymous="optional"><con:settings/><con:call name="Request 1"><con:settings/><con:encoding>UTF-8</con:encoding><con:endpoint>http://192.168.1.209:8192/Service/test-provider-complex-mult-interface/</con:endpoint><con:request><![CDATA[<soapenv:Envelope xmlns:soapenv="http://schemas.xmlsoap.org/soap/envelope/" xmlns:it="http://it.imolinfo.jbi4corba.test.testprovidercomplexmult" xmlns:tes="http://testprovidercomplexmult.test.jbi4corba.imolinfo.it/">
   <soapenv:Header/>
   <soapenv:Body>
      <it1:echoValueTypeOfStruct xmlns:it1="http://it.imolinfo.jbi4corba.test.testprovidercomplexmult.EchoComplex"><!--Optional:-->
         <it1:v>
            <!--Optional:-->
            <tes:data>
              <tes:fieldBoolean>false</tes:fieldBoolean>
               <tes:fieldChar>1</tes:fieldChar>
               <tes:fieldWChar>22</tes:fieldWChar>
               <tes:fieldOctet>1234214</tes:fieldOctet>
               <!--Optional:-->
               <tes:fieldString>ciao</tes:fieldString>
               <!--Optional:-->
               <tes:fieldWString>asd</tes:fieldWString>
               <tes:fieldShort>2</tes:fieldShort>
               <tes:fieldUnsignedShort>3</tes:fieldUnsignedShort>
               <tes:fieldLong>22</tes:fieldLong>
               <tes:fieldUnsignedLong>33</tes:fieldUnsignedLong>
               <tes:fieldLongLong>3</tes:fieldLongLong>
               <tes:fieldUnsignedLongLong>3</tes:fieldUnsignedLongLong>
               <tes:fieldFloat>3</tes:fieldFloat>
               <tes:fieldDouble>3</tes:fieldDouble>
            </tes:data>
         </it1:v>
      </it1:echoValueTypeOfStruct>
   </soapenv:Body>
</soapenv:Envelope>]]></con:request><con:wsaConfig mustUnderstand="NONE" version="200508" action="http://it.imolinfo.jbi4corba.test.testprovidercomplexmult/EchoComplex/echoValueTypeOfStruct"/><con:wsrmConfig version="1.2"/></con:call></con:operation><con:operation isOneWay="false" action="" name="echoValueTypeOfValueType" bindingOperationName="echoValueTypeOfValueType" type="Request-Response" outputName="echoValueTypeOfValueTypeResponse" inputName="echoValueTypeOfValueType" receivesAttachments="false" sendsAttachments="false" anonymous="optional"><con:settings/><con:call name="Request 1"><con:settings/><con:encoding>UTF-8</con:encoding><con:endpoint>http://192.168.1.209:8192/Service/test-provider-complex-mult-interface/</con:endpoint><con:request><![CDATA[<soapenv:Envelope xmlns:soapenv="http://schemas.xmlsoap.org/soap/envelope/" xmlns:it="http://it.imolinfo.jbi4corba.test.testprovidercomplexmult" xmlns:tes="http://testprovidercomplexmult.test.jbi4corba.imolinfo.it/">
   <soapenv:Header/>
   <soapenv:Body>
      <it1:echoValueTypeOfValueType xmlns:it1="http://it.imolinfo.jbi4corba.test.testprovidercomplexmult.EchoComplex"><!--Optional:-->
         <it1:v>
            <!--Optional:-->
            <tes:data>
               <tes:fieldBoolean>false</tes:fieldBoolean>

            <tes:fieldChar>1</tes:fieldChar>

            <tes:fieldWChar>22</tes:fieldWChar>

            <tes:fieldOctet>1234214</tes:fieldOctet>

            <!--Optional:-->

            <tes:fieldString>ciao</tes:fieldString>

            <!--Optional:-->

            <tes:fieldWString>asd</tes:fieldWString>

            <tes:fieldShort>2</tes:fieldShort>

            <tes:fieldUnsignedShort>3</tes:fieldUnsignedShort>

            <tes:fieldLong>22</tes:fieldLong>

            <tes:fieldUnsignedLong>33</tes:fieldUnsignedLong>

            <tes:fieldLongLong>3</tes:fieldLongLong>

            <tes:fieldUnsignedLongLong>3</tes:fieldUnsignedLongLong>

            <tes:fieldFloat>3</tes:fieldFloat>

            <tes:fieldDouble>3</tes:fieldDouble>

            </tes:data>
         </it1:v>
      </it1:echoValueTypeOfValueType>
   </soapenv:Body>
</soapenv:Envelope>]]></con:request><con:wsaConfig mustUnderstand="NONE" version="200508" action="http://it.imolinfo.jbi4corba.test.testprovidercomplexmult/EchoComplex/echoValueTypeOfValueType"/><con:wsrmConfig version="1.2"/></con:call></con:operation><con:operation isOneWay="false" action="" name="echoVTPrimi" bindingOperationName="echoVTPrimi" type="Request-Response" outputName="echoVTPrimiResponse" inputName="echoVTPrimi" receivesAttachments="false" sendsAttachments="false" anonymous="optional"><con:settings/><con:call name="Request 1"><con:settings/><con:encoding>UTF-8</con:encoding><con:endpoint>http://192.168.1.209:8192/Service/test-provider-complex-mult-interface/</con:endpoint><con:request><![CDATA[<soapenv:Envelope xmlns:soapenv="http://schemas.xmlsoap.org/soap/envelope/" xmlns:it="http://it.imolinfo.jbi4corba.test.testprovidercomplexmult" xmlns:tes="http://testprovidercomplexmult.test.jbi4corba.imolinfo.it/">
   <soapenv:Header/>
   <soapenv:Body>
      <it1:echoVTPrimi xmlns:it1="http://it.imolinfo.jbi4corba.test.testprovidercomplexmult.EchoComplex"><!--Optional:-->
         <it1:v>
            <tes:fieldBoolean>false</tes:fieldBoolean>
            <tes:fieldChar>1</tes:fieldChar>
            <tes:fieldWChar>22</tes:fieldWChar>
            <tes:fieldOctet>1234214</tes:fieldOctet>
            <!--Optional:-->
            <tes:fieldString>ciao</tes:fieldString>
            <!--Optional:-->
            <tes:fieldWString>asd</tes:fieldWString>
            <tes:fieldShort>2</tes:fieldShort>
            <tes:fieldUnsignedShort>3</tes:fieldUnsignedShort>
            <tes:fieldLong>22</tes:fieldLong>
            <tes:fieldUnsignedLong>33</tes:fieldUnsignedLong>
            <tes:fieldLongLong>3</tes:fieldLongLong>
            <tes:fieldUnsignedLongLong>3</tes:fieldUnsignedLongLong>
            <tes:fieldFloat>3</tes:fieldFloat>
            <tes:fieldDouble>3</tes:fieldDouble>
         </it1:v>
      </it1:echoVTPrimi>
   </soapenv:Body>
</soapenv:Envelope>]]></con:request><con:wsaConfig mustUnderstand="NONE" version="200508" action="http://it.imolinfo.jbi4corba.test.testprovidercomplexmult/EchoComplex/echoVTPrimi"/><con:wsrmConfig version="1.2"/></con:call></con:operation><con:operation isOneWay="false" action="" name="echoVTPrimiSeq" bindingOperationName="echoVTPrimiSeq" type="Request-Response" outputName="echoVTPrimiSeqResponse" inputName="echoVTPrimiSeq" receivesAttachments="false" sendsAttachments="false" anonymous="optional"><con:settings/><con:call name="Request 1"><con:settings/><con:encoding>UTF-8</con:encoding><con:endpoint>http://192.168.1.209:8192/Service/test-provider-complex-mult-interface/</con:endpoint><con:request><![CDATA[<soapenv:Envelope xmlns:soapenv="http://schemas.xmlsoap.org/soap/envelope/" xmlns:it="http://it.imolinfo.jbi4corba.test.testprovidercomplexmult" xmlns:tes="http://testprovidercomplexmult.test.jbi4corba.imolinfo.it/">
   <soapenv:Header/>
   <soapenv:Body>
      <it1:echoVTPrimiSeq xmlns:it1="http://it.imolinfo.jbi4corba.test.testprovidercomplexmult.EchoComplex"><!--Optional:-->
         <it1:v>
            <!--Zero or more repetitions:-->
            <tes:data>
               <tes:fieldBoolean>false</tes:fieldBoolean>
               <tes:fieldChar>1</tes:fieldChar>
               <tes:fieldWChar>22</tes:fieldWChar>
               <tes:fieldOctet>1234214</tes:fieldOctet>
               <!--Optional:-->
               <tes:fieldString>ciao</tes:fieldString>
               <!--Optional:-->
               <tes:fieldWString>333</tes:fieldWString>
               <tes:fieldShort>2</tes:fieldShort>
               <tes:fieldUnsignedShort>3</tes:fieldUnsignedShort>
               <tes:fieldLong>22</tes:fieldLong>
               <tes:fieldUnsignedLong>33</tes:fieldUnsignedLong>
               <tes:fieldLongLong>3</tes:fieldLongLong>
               <tes:fieldUnsignedLongLong>3</tes:fieldUnsignedLongLong>
               <tes:fieldFloat>3</tes:fieldFloat>
               <tes:fieldDouble>3</tes:fieldDouble>
            </tes:data>
         </it1:v>
      </it1:echoVTPrimiSeq>
   </soapenv:Body>
</soapenv:Envelope>]]></con:request><con:wsaConfig mustUnderstand="NONE" version="200508" action="http://it.imolinfo.jbi4corba.test.testprovidercomplexmult/EchoComplex/echoVTPrimiSeq"/><con:wsrmConfig version="1.2"/></con:call></con:operation></con:interface><con:interface xsi:type="con:WsdlInterface" wsaVersion="NONE" name="EchoComplex2CorbaBinding" type="wsdl" bindingName="{http://it.imolinfo.jbi4corba.test.testprovidercomplexmult.EchoComplex2}EchoComplex2CorbaBinding" soapVersion="1_1" anonymous="optional" definition="http://localhost:8192/Service/test-provider-complex-mult-interface2/?wsdl" xmlns:xsi="http://www.w3.org/2001/XMLSchema-instance"><con:settings/><con:definitionCache type="TEXT" rootPart="http://localhost:8192/Service/test-provider-complex-mult-interface2/?wsdl"><con:part><con:url>http://localhost:8192/Service/test-provider-complex-mult-interface2/?wsdl</con:url><con:content><![CDATA[<wsdl:definitions name="EchoComplex2" targetNamespace="http://it.imolinfo.jbi4corba.test.testprovidercomplexmult.EchoComplex2" xmlns:plnk="http://docs.oasis-open.org/wsbpel/2.0/plnktype" xmlns:wsdl="http://schemas.xmlsoap.org/wsdl/" xmlns:tns="http://it.imolinfo.jbi4corba.test.testprovidercomplexmult.EchoComplex2" xmlns:xsd="http://www.w3.org/2001/XMLSchema" xmlns:soap="http://schemas.xmlsoap.org/wsdl/soap/">
  <wsdl:types>
    <xs:schema attributeFormDefault="unqualified" elementFormDefault="qualified" targetNamespace="http://it.imolinfo.jbi4corba.test.testprovidercomplexmult.EchoComplex2" xmlns="http://it.imolinfo.jbi4corba.test.testprovidercomplexmult.EchoComplex2" xmlns:ns1="http://testprovidercomplexmult.test.jbi4corba.imolinfo.it/" xmlns:xs="http://www.w3.org/2001/XMLSchema">
      <xs:import namespace="http://testprovidercomplexmult.test.jbi4corba.imolinfo.it/" schemaLocation="http://192.168.1.209:8192/provider-complex-mult-interface-http-consumer/TypeDef_testprovidercomplexmult.test.jbi4corba.imolinfo.it.xsd"/>
      <xs:element name="echo2">
        <xs:complexType>
          <xs:sequence>
            <xs:element minOccurs="0" name="msg" type="xs:string"/>
          </xs:sequence>
        </xs:complexType>
      </xs:element>
      <xs:element name="echo2Response">
        <xs:complexType>
          <xs:sequence>
            <xs:element minOccurs="0" name="return" type="xs:string"/>
          </xs:sequence>
        </xs:complexType>
      </xs:element>
      <xs:element name="echoExceptionNotThrown2">
        <xs:complexType>
          <xs:sequence>
            <xs:element minOccurs="0" name="es" type="ns1:echoStruct"/>
          </xs:sequence>
        </xs:complexType>
      </xs:element>
      <xs:element name="echoExceptionNotThrown2Response">
        <xs:complexType>
          <xs:sequence>
            <xs:element minOccurs="0" name="return" type="ns1:echoStruct"/>
          </xs:sequence>
        </xs:complexType>
      </xs:element>
      <xs:element name="echoExceptionThrown2">
        <xs:complexType>
          <xs:sequence>
            <xs:element minOccurs="0" name="es" type="ns1:echoStruct"/>
          </xs:sequence>
        </xs:complexType>
      </xs:element>
      <xs:element name="echoExceptionThrown2Response">
        <xs:complexType>
          <xs:sequence>
            <xs:element minOccurs="0" name="return" type="ns1:echoStruct"/>
          </xs:sequence>
        </xs:complexType>
      </xs:element>
      <xs:element name="echoSequence2">
        <xs:complexType>
          <xs:sequence>
            <xs:element maxOccurs="unbounded" minOccurs="0" name="es" type="xs:int"/>
          </xs:sequence>
        </xs:complexType>
      </xs:element>
      <xs:element name="echoSequence2Response">
        <xs:complexType>
          <xs:sequence>
            <xs:element maxOccurs="unbounded" minOccurs="0" name="return" type="xs:int"/>
          </xs:sequence>
        </xs:complexType>
      </xs:element>
      <xs:element name="echoSequenceSeqEchoStruct2">
        <xs:complexType>
          <xs:sequence>
            <xs:element maxOccurs="unbounded" minOccurs="0" name="es" type="ns1:echoStruct"/>
          </xs:sequence>
        </xs:complexType>
      </xs:element>
      <xs:element name="echoSequenceSeqEchoStruct2Response">
        <xs:complexType>
          <xs:sequence>
            <xs:element maxOccurs="unbounded" minOccurs="0" name="return" type="ns1:echoStruct"/>
          </xs:sequence>
        </xs:complexType>
      </xs:element>
      <xs:element name="echoSequenceSeqMySequence2">
        <xs:complexType>
          <xs:sequence>
            <xs:element maxOccurs="unbounded" minOccurs="0" name="es" type="ns1:mySequence"/>
          </xs:sequence>
        </xs:complexType>
      </xs:element>
      <xs:element name="echoSequenceSeqMySequence2Response">
        <xs:complexType>
          <xs:sequence>
            <xs:element maxOccurs="unbounded" minOccurs="0" name="return" type="ns1:mySequence"/>
          </xs:sequence>
        </xs:complexType>
      </xs:element>
      <xs:element name="echoSequenceValueType2">
        <xs:complexType>
          <xs:sequence>
            <xs:element minOccurs="0" name="es" type="ns1:mySequence"/>
          </xs:sequence>
        </xs:complexType>
      </xs:element>
      <xs:element name="echoSequenceValueType2Response">
        <xs:complexType>
          <xs:sequence>
            <xs:element minOccurs="0" name="return" type="ns1:mySequence"/>
          </xs:sequence>
        </xs:complexType>
      </xs:element>
      <xs:element name="echoStruct2">
        <xs:complexType>
          <xs:sequence>
            <xs:element minOccurs="0" name="es" type="ns1:echoStruct"/>
          </xs:sequence>
        </xs:complexType>
      </xs:element>
      <xs:element name="echoStruct2Response">
        <xs:complexType>
          <xs:sequence>
            <xs:element minOccurs="0" name="return" type="ns1:echoStruct"/>
          </xs:sequence>
        </xs:complexType>
      </xs:element>
      <xs:element name="echoStructOfStruct2">
        <xs:complexType>
          <xs:sequence>
            <xs:element minOccurs="0" name="v" type="ns1:structOfStruct"/>
          </xs:sequence>
        </xs:complexType>
      </xs:element>
      <xs:element name="echoStructOfStruct2Response">
        <xs:complexType>
          <xs:sequence>
            <xs:element minOccurs="0" name="return" type="ns1:structOfStruct"/>
          </xs:sequence>
        </xs:complexType>
      </xs:element>
      <xs:element name="echoStructOfValuetype2">
        <xs:complexType>
          <xs:sequence>
            <xs:element minOccurs="0" name="v" type="ns1:structOfValuetype"/>
          </xs:sequence>
        </xs:complexType>
      </xs:element>
      <xs:element name="echoStructOfValuetype2Response">
        <xs:complexType>
          <xs:sequence>
            <xs:element minOccurs="0" name="return" type="ns1:structOfValuetype"/>
          </xs:sequence>
        </xs:complexType>
      </xs:element>
      <xs:element name="echoVTPrimi2">
        <xs:complexType>
          <xs:sequence>
            <xs:element minOccurs="0" name="v" type="ns1:vtPrimi"/>
          </xs:sequence>
        </xs:complexType>
      </xs:element>
      <xs:element name="echoVTPrimi2Response">
        <xs:complexType>
          <xs:sequence>
            <xs:element minOccurs="0" name="return" type="ns1:vtPrimi"/>
          </xs:sequence>
        </xs:complexType>
      </xs:element>
      <xs:element name="echoVTPrimiSeq2">
        <xs:complexType>
          <xs:sequence>
            <xs:element minOccurs="0" name="v" type="ns1:vtPrimiSeq"/>
          </xs:sequence>
        </xs:complexType>
      </xs:element>
      <xs:element name="echoVTPrimiSeq2Response">
        <xs:complexType>
          <xs:sequence>
            <xs:element minOccurs="0" name="return" type="ns1:vtPrimiSeq"/>
          </xs:sequence>
        </xs:complexType>
      </xs:element>
      <xs:element name="echoValueBoxedTypeComplex2">
        <xs:complexType>
          <xs:sequence>
            <xs:element minOccurs="0" name="e" type="ns1:mySequence"/>
          </xs:sequence>
        </xs:complexType>
      </xs:element>
      <xs:element name="echoValueBoxedTypeComplex2Response">
        <xs:complexType>
          <xs:sequence>
            <xs:element minOccurs="0" name="return" type="ns1:mySequence"/>
          </xs:sequence>
        </xs:complexType>
      </xs:element>
      <xs:element name="echoValueBoxedTypePrimitive2">
        <xs:complexType>
          <xs:sequence>
            <xs:element minOccurs="0" name="e" type="ns1:myLong"/>
          </xs:sequence>
        </xs:complexType>
      </xs:element>
      <xs:element name="echoValueBoxedTypePrimitive2Response">
        <xs:complexType>
          <xs:sequence>
            <xs:element minOccurs="0" name="return" type="ns1:myLong"/>
          </xs:sequence>
        </xs:complexType>
      </xs:element>
      <xs:element name="echoValueType2">
        <xs:complexType>
          <xs:sequence>
            <xs:element minOccurs="0" name="e" type="ns1:echoVT"/>
          </xs:sequence>
        </xs:complexType>
      </xs:element>
      <xs:element name="echoValueType2Response">
        <xs:complexType>
          <xs:sequence>
            <xs:element minOccurs="0" name="return" type="ns1:echoVT"/>
          </xs:sequence>
        </xs:complexType>
      </xs:element>
      <xs:element name="echoValueTypeOfStruct2">
        <xs:complexType>
          <xs:sequence>
            <xs:element minOccurs="0" name="v" type="ns1:valueTypeOfStruct"/>
          </xs:sequence>
        </xs:complexType>
      </xs:element>
      <xs:element name="echoValueTypeOfStruct2Response">
        <xs:complexType>
          <xs:sequence>
            <xs:element minOccurs="0" name="return" type="ns1:valueTypeOfStruct"/>
          </xs:sequence>
        </xs:complexType>
      </xs:element>
      <xs:element name="echoValueTypeOfValueType2">
        <xs:complexType>
          <xs:sequence>
            <xs:element minOccurs="0" name="v" type="ns1:valueTypeOfValueType"/>
          </xs:sequence>
        </xs:complexType>
      </xs:element>
      <xs:element name="echoValueTypeOfValueType2Response">
        <xs:complexType>
          <xs:sequence>
            <xs:element minOccurs="0" name="return" type="ns1:valueTypeOfValueType"/>
          </xs:sequence>
        </xs:complexType>
      </xs:element>
      <xs:element name="EchoComplexException" type="EchoComplexException"/>
      <xs:complexType name="EchoComplexException">
        <xs:sequence>
          <xs:element maxOccurs="unbounded" minOccurs="0" name="reason" type="ns1:echoStruct"/>
        </xs:sequence>
      </xs:complexType>
    </xs:schema>
  </wsdl:types>
  <wsdl:message name="echoStructOfValuetype2">
    <wsdl:part name="parameters" element="tns:echoStructOfValuetype2"></wsdl:part>
  </wsdl:message>
  <wsdl:message name="echoStruct2">
    <wsdl:part name="parameters" element="tns:echoStruct2"></wsdl:part>
  </wsdl:message>
  <wsdl:message name="echoStruct2Response">
    <wsdl:part name="parameters" element="tns:echoStruct2Response"></wsdl:part>
  </wsdl:message>
  <wsdl:message name="echoValueBoxedTypePrimitive2Response">
    <wsdl:part name="parameters" element="tns:echoValueBoxedTypePrimitive2Response"></wsdl:part>
  </wsdl:message>
  <wsdl:message name="echoValueTypeOfValueType2">
    <wsdl:part name="parameters" element="tns:echoValueTypeOfValueType2"></wsdl:part>
  </wsdl:message>
  <wsdl:message name="echoValueTypeOfStruct2Response">
    <wsdl:part name="parameters" element="tns:echoValueTypeOfStruct2Response"></wsdl:part>
  </wsdl:message>
  <wsdl:message name="echoSequence2">
    <wsdl:part name="parameters" element="tns:echoSequence2"></wsdl:part>
  </wsdl:message>
  <wsdl:message name="echoSequenceSeqEchoStruct2Response">
    <wsdl:part name="parameters" element="tns:echoSequenceSeqEchoStruct2Response"></wsdl:part>
  </wsdl:message>
  <wsdl:message name="echoSequenceValueType2Response">
    <wsdl:part name="parameters" element="tns:echoSequenceValueType2Response"></wsdl:part>
  </wsdl:message>
  <wsdl:message name="echo2">
    <wsdl:part name="parameters" element="tns:echo2"></wsdl:part>
  </wsdl:message>
  <wsdl:message name="echoValueTypeOfValueType2Response">
    <wsdl:part name="parameters" element="tns:echoValueTypeOfValueType2Response"></wsdl:part>
  </wsdl:message>
  <wsdl:message name="echoSequenceSeqEchoStruct2">
    <wsdl:part name="parameters" element="tns:echoSequenceSeqEchoStruct2"></wsdl:part>
  </wsdl:message>
  <wsdl:message name="echoExceptionNotThrown2">
    <wsdl:part name="parameters" element="tns:echoExceptionNotThrown2"></wsdl:part>
  </wsdl:message>
  <wsdl:message name="echoSequenceSeqMySequence2">
    <wsdl:part name="parameters" element="tns:echoSequenceSeqMySequence2"></wsdl:part>
  </wsdl:message>
  <wsdl:message name="echoVTPrimi2Response">
    <wsdl:part name="parameters" element="tns:echoVTPrimi2Response"></wsdl:part>
  </wsdl:message>
  <wsdl:message name="echoValueBoxedTypeComplex2">
    <wsdl:part name="parameters" element="tns:echoValueBoxedTypeComplex2"></wsdl:part>
  </wsdl:message>
  <wsdl:message name="echoValueTypeOfStruct2">
    <wsdl:part name="parameters" element="tns:echoValueTypeOfStruct2"></wsdl:part>
  </wsdl:message>
  <wsdl:message name="echoStructOfValuetype2Response">
    <wsdl:part name="parameters" element="tns:echoStructOfValuetype2Response"></wsdl:part>
  </wsdl:message>
  <wsdl:message name="echoValueBoxedTypePrimitive2">
    <wsdl:part name="parameters" element="tns:echoValueBoxedTypePrimitive2"></wsdl:part>
  </wsdl:message>
  <wsdl:message name="echoExceptionNotThrown2Response">
    <wsdl:part name="parameters" element="tns:echoExceptionNotThrown2Response"></wsdl:part>
  </wsdl:message>
  <wsdl:message name="echoSequence2Response">
    <wsdl:part name="parameters" element="tns:echoSequence2Response"></wsdl:part>
  </wsdl:message>
  <wsdl:message name="echoStructOfStruct2Response">
    <wsdl:part name="parameters" element="tns:echoStructOfStruct2Response"></wsdl:part>
  </wsdl:message>
  <wsdl:message name="echoValueBoxedTypeComplex2Response">
    <wsdl:part name="parameters" element="tns:echoValueBoxedTypeComplex2Response"></wsdl:part>
  </wsdl:message>
  <wsdl:message name="echoExceptionThrown2Response">
    <wsdl:part name="parameters" element="tns:echoExceptionThrown2Response"></wsdl:part>
  </wsdl:message>
  <wsdl:message name="echoStructOfStruct2">
    <wsdl:part name="parameters" element="tns:echoStructOfStruct2"></wsdl:part>
  </wsdl:message>
  <wsdl:message name="EchoComplexException">
    <wsdl:part name="EchoComplexException" element="tns:EchoComplexException"></wsdl:part>
  </wsdl:message>
  <wsdl:message name="echoVTPrimi2">
    <wsdl:part name="parameters" element="tns:echoVTPrimi2"></wsdl:part>
  </wsdl:message>
  <wsdl:message name="echoVTPrimiSeq2">
    <wsdl:part name="parameters" element="tns:echoVTPrimiSeq2"></wsdl:part>
  </wsdl:message>
  <wsdl:message name="echoSequenceSeqMySequence2Response">
    <wsdl:part name="parameters" element="tns:echoSequenceSeqMySequence2Response"></wsdl:part>
  </wsdl:message>
  <wsdl:message name="echoSequenceValueType2">
    <wsdl:part name="parameters" element="tns:echoSequenceValueType2"></wsdl:part>
  </wsdl:message>
  <wsdl:message name="echoVTPrimiSeq2Response">
    <wsdl:part name="parameters" element="tns:echoVTPrimiSeq2Response"></wsdl:part>
  </wsdl:message>
  <wsdl:message name="echoValueType2Response">
    <wsdl:part name="parameters" element="tns:echoValueType2Response"></wsdl:part>
  </wsdl:message>
  <wsdl:message name="echoValueType2">
    <wsdl:part name="parameters" element="tns:echoValueType2"></wsdl:part>
  </wsdl:message>
  <wsdl:message name="echo2Response">
    <wsdl:part name="parameters" element="tns:echo2Response"></wsdl:part>
  </wsdl:message>
  <wsdl:message name="echoExceptionThrown2">
    <wsdl:part name="parameters" element="tns:echoExceptionThrown2"></wsdl:part>
  </wsdl:message>
  <wsdl:portType name="EchoComplex2">
    <wsdl:operation name="echoValueTypeOfStruct2">
      <wsdl:input name="echoValueTypeOfStruct2" message="tns:echoValueTypeOfStruct2"></wsdl:input>
      <wsdl:output name="echoValueTypeOfStruct2Response" message="tns:echoValueTypeOfStruct2Response"></wsdl:output>
    </wsdl:operation>
    <wsdl:operation name="echoValueType2">
      <wsdl:input name="echoValueType2" message="tns:echoValueType2"></wsdl:input>
      <wsdl:output name="echoValueType2Response" message="tns:echoValueType2Response"></wsdl:output>
    </wsdl:operation>
    <wsdl:operation name="echoSequenceSeqEchoStruct2">
      <wsdl:input name="echoSequenceSeqEchoStruct2" message="tns:echoSequenceSeqEchoStruct2"></wsdl:input>
      <wsdl:output name="echoSequenceSeqEchoStruct2Response" message="tns:echoSequenceSeqEchoStruct2Response"></wsdl:output>
    </wsdl:operation>
    <wsdl:operation name="echoSequence2">
      <wsdl:input name="echoSequence2" message="tns:echoSequence2"></wsdl:input>
      <wsdl:output name="echoSequence2Response" message="tns:echoSequence2Response"></wsdl:output>
    </wsdl:operation>
    <wsdl:operation name="echoVTPrimiSeq2">
      <wsdl:input name="echoVTPrimiSeq2" message="tns:echoVTPrimiSeq2"></wsdl:input>
      <wsdl:output name="echoVTPrimiSeq2Response" message="tns:echoVTPrimiSeq2Response"></wsdl:output>
    </wsdl:operation>
    <wsdl:operation name="echoStructOfStruct2">
      <wsdl:input name="echoStructOfStruct2" message="tns:echoStructOfStruct2"></wsdl:input>
      <wsdl:output name="echoStructOfStruct2Response" message="tns:echoStructOfStruct2Response"></wsdl:output>
    </wsdl:operation>
    <wsdl:operation name="echoStructOfValuetype2">
      <wsdl:input name="echoStructOfValuetype2" message="tns:echoStructOfValuetype2"></wsdl:input>
      <wsdl:output name="echoStructOfValuetype2Response" message="tns:echoStructOfValuetype2Response"></wsdl:output>
    </wsdl:operation>
    <wsdl:operation name="echoExceptionNotThrown2">
      <wsdl:input name="echoExceptionNotThrown2" message="tns:echoExceptionNotThrown2"></wsdl:input>
      <wsdl:output name="echoExceptionNotThrown2Response" message="tns:echoExceptionNotThrown2Response"></wsdl:output>
      <wsdl:fault name="EchoComplexException" message="tns:EchoComplexException"></wsdl:fault>
    </wsdl:operation>
    <wsdl:operation name="echoValueBoxedTypePrimitive2">
      <wsdl:input name="echoValueBoxedTypePrimitive2" message="tns:echoValueBoxedTypePrimitive2"></wsdl:input>
      <wsdl:output name="echoValueBoxedTypePrimitive2Response" message="tns:echoValueBoxedTypePrimitive2Response"></wsdl:output>
    </wsdl:operation>
    <wsdl:operation name="echoExceptionThrown2">
      <wsdl:input name="echoExceptionThrown2" message="tns:echoExceptionThrown2"></wsdl:input>
      <wsdl:output name="echoExceptionThrown2Response" message="tns:echoExceptionThrown2Response"></wsdl:output>
      <wsdl:fault name="EchoComplexException" message="tns:EchoComplexException"></wsdl:fault>
    </wsdl:operation>
    <wsdl:operation name="echoValueTypeOfValueType2">
      <wsdl:input name="echoValueTypeOfValueType2" message="tns:echoValueTypeOfValueType2"></wsdl:input>
      <wsdl:output name="echoValueTypeOfValueType2Response" message="tns:echoValueTypeOfValueType2Response"></wsdl:output>
    </wsdl:operation>
    <wsdl:operation name="echo2">
      <wsdl:input name="echo2" message="tns:echo2"></wsdl:input>
      <wsdl:output name="echo2Response" message="tns:echo2Response"></wsdl:output>
    </wsdl:operation>
    <wsdl:operation name="echoStruct2">
      <wsdl:input name="echoStruct2" message="tns:echoStruct2"></wsdl:input>
      <wsdl:output name="echoStruct2Response" message="tns:echoStruct2Response"></wsdl:output>
    </wsdl:operation>
    <wsdl:operation name="echoSequenceSeqMySequence2">
      <wsdl:input name="echoSequenceSeqMySequence2" message="tns:echoSequenceSeqMySequence2"></wsdl:input>
      <wsdl:output name="echoSequenceSeqMySequence2Response" message="tns:echoSequenceSeqMySequence2Response"></wsdl:output>
    </wsdl:operation>
    <wsdl:operation name="echoSequenceValueType2">
      <wsdl:input name="echoSequenceValueType2" message="tns:echoSequenceValueType2"></wsdl:input>
      <wsdl:output name="echoSequenceValueType2Response" message="tns:echoSequenceValueType2Response"></wsdl:output>
    </wsdl:operation>
    <wsdl:operation name="echoVTPrimi2">
      <wsdl:input name="echoVTPrimi2" message="tns:echoVTPrimi2"></wsdl:input>
      <wsdl:output name="echoVTPrimi2Response" message="tns:echoVTPrimi2Response"></wsdl:output>
    </wsdl:operation>
    <wsdl:operation name="echoValueBoxedTypeComplex2">
      <wsdl:input name="echoValueBoxedTypeComplex2" message="tns:echoValueBoxedTypeComplex2"></wsdl:input>
      <wsdl:output name="echoValueBoxedTypeComplex2Response" message="tns:echoValueBoxedTypeComplex2Response"></wsdl:output>
    </wsdl:operation>
  </wsdl:portType>
  <wsdl:binding name="EchoComplex2CorbaBinding" type="tns:EchoComplex2">
    <soap:binding style="document" transport="http://schemas.xmlsoap.org/soap/http"/>
    <wsdl:operation name="echoValueTypeOfStruct2">
      <soap:operation/>
      <wsdl:input name="echoValueTypeOfStruct2">
        <soap:body use="literal"/>
      </wsdl:input>
      <wsdl:output name="echoValueTypeOfStruct2Response">
        <soap:body use="literal"/>
      </wsdl:output>
    </wsdl:operation>
    <wsdl:operation name="echoValueType2">
      <soap:operation/>
      <wsdl:input name="echoValueType2">
        <soap:body use="literal"/>
      </wsdl:input>
      <wsdl:output name="echoValueType2Response">
        <soap:body use="literal"/>
      </wsdl:output>
    </wsdl:operation>
    <wsdl:operation name="echoSequenceSeqEchoStruct2">
      <soap:operation/>
      <wsdl:input name="echoSequenceSeqEchoStruct2">
        <soap:body use="literal"/>
      </wsdl:input>
      <wsdl:output name="echoSequenceSeqEchoStruct2Response">
        <soap:body use="literal"/>
      </wsdl:output>
    </wsdl:operation>
    <wsdl:operation name="echoSequence2">
      <soap:operation/>
      <wsdl:input name="echoSequence2">
        <soap:body use="literal"/>
      </wsdl:input>
      <wsdl:output name="echoSequence2Response">
        <soap:body use="literal"/>
      </wsdl:output>
    </wsdl:operation>
    <wsdl:operation name="echoVTPrimiSeq2">
      <soap:operation/>
      <wsdl:input name="echoVTPrimiSeq2">
        <soap:body use="literal"/>
      </wsdl:input>
      <wsdl:output name="echoVTPrimiSeq2Response">
        <soap:body use="literal"/>
      </wsdl:output>
    </wsdl:operation>
    <wsdl:operation name="echoStructOfStruct2">
      <soap:operation/>
      <wsdl:input name="echoStructOfStruct2">
        <soap:body use="literal"/>
      </wsdl:input>
      <wsdl:output name="echoStructOfStruct2Response">
        <soap:body use="literal"/>
      </wsdl:output>
    </wsdl:operation>
    <wsdl:operation name="echoStructOfValuetype2">
      <soap:operation/>
      <wsdl:input name="echoStructOfValuetype2">
        <soap:body use="literal"/>
      </wsdl:input>
      <wsdl:output name="echoStructOfValuetype2Response">
        <soap:body use="literal"/>
      </wsdl:output>
    </wsdl:operation>
    <wsdl:operation name="echoExceptionNotThrown2">
      <soap:operation/>
      <wsdl:input name="echoExceptionNotThrown2">
        <soap:body use="literal"/>
      </wsdl:input>
      <wsdl:output name="echoExceptionNotThrown2Response">
        <soap:body use="literal"/>
      </wsdl:output>
      <wsdl:fault name="EchoComplexException">
        <soap:fault name="EchoComplexException" use="literal"/>
      </wsdl:fault>
    </wsdl:operation>
    <wsdl:operation name="echoValueBoxedTypePrimitive2">
      <soap:operation/>
      <wsdl:input name="echoValueBoxedTypePrimitive2">
        <soap:body use="literal"/>
      </wsdl:input>
      <wsdl:output name="echoValueBoxedTypePrimitive2Response">
        <soap:body use="literal"/>
      </wsdl:output>
    </wsdl:operation>
    <wsdl:operation name="echoExceptionThrown2">
      <soap:operation/>
      <wsdl:input name="echoExceptionThrown2">
        <soap:body use="literal"/>
      </wsdl:input>
      <wsdl:output name="echoExceptionThrown2Response">
        <soap:body use="literal"/>
      </wsdl:output>
      <wsdl:fault name="EchoComplexException">
        <soap:fault name="EchoComplexException" use="literal"/>
      </wsdl:fault>
    </wsdl:operation>
    <wsdl:operation name="echoValueTypeOfValueType2">
      <soap:operation/>
      <wsdl:input name="echoValueTypeOfValueType2">
        <soap:body use="literal"/>
      </wsdl:input>
      <wsdl:output name="echoValueTypeOfValueType2Response">
        <soap:body use="literal"/>
      </wsdl:output>
    </wsdl:operation>
    <wsdl:operation name="echo2">
      <soap:operation/>
      <wsdl:input name="echo2">
        <soap:body use="literal"/>
      </wsdl:input>
      <wsdl:output name="echo2Response">
        <soap:body use="literal"/>
      </wsdl:output>
    </wsdl:operation>
    <wsdl:operation name="echoStruct2">
      <soap:operation/>
      <wsdl:input name="echoStruct2">
        <soap:body use="literal"/>
      </wsdl:input>
      <wsdl:output name="echoStruct2Response">
        <soap:body use="literal"/>
      </wsdl:output>
    </wsdl:operation>
    <wsdl:operation name="echoSequenceSeqMySequence2">
      <soap:operation/>
      <wsdl:input name="echoSequenceSeqMySequence2">
        <soap:body use="literal"/>
      </wsdl:input>
      <wsdl:output name="echoSequenceSeqMySequence2Response">
        <soap:body use="literal"/>
      </wsdl:output>
    </wsdl:operation>
    <wsdl:operation name="echoSequenceValueType2">
      <soap:operation/>
      <wsdl:input name="echoSequenceValueType2">
        <soap:body use="literal"/>
      </wsdl:input>
      <wsdl:output name="echoSequenceValueType2Response">
        <soap:body use="literal"/>
      </wsdl:output>
    </wsdl:operation>
    <wsdl:operation name="echoVTPrimi2">
      <soap:operation/>
      <wsdl:input name="echoVTPrimi2">
        <soap:body use="literal"/>
      </wsdl:input>
      <wsdl:output name="echoVTPrimi2Response">
        <soap:body use="literal"/>
      </wsdl:output>
    </wsdl:operation>
    <wsdl:operation name="echoValueBoxedTypeComplex2">
      <soap:operation/>
      <wsdl:input name="echoValueBoxedTypeComplex2">
        <soap:body use="literal"/>
      </wsdl:input>
      <wsdl:output name="echoValueBoxedTypeComplex2Response">
        <soap:body use="literal"/>
      </wsdl:output>
    </wsdl:operation>
  </wsdl:binding>
  <wsdl:service name="EchoComplex2">
    <wsdl:port name="EchoComplex2CorbaPort" binding="tns:EchoComplex2CorbaBinding">
      <soap:address location="http://192.168.1.209:8192/Service/test-provider-complex-mult-interface2/"/>
    </wsdl:port>
  </wsdl:service>
  <plnk:partnerLinkType name="EchoComplex2">
    <plnk:role name="EchoComplex2PortTypeRole" portType="tns:EchoComplex2"/>
  </plnk:partnerLinkType>
</wsdl:definitions>]]></con:content><con:type>http://schemas.xmlsoap.org/wsdl/</con:type></con:part><con:part><con:url>http://192.168.1.209:8192/provider-complex-mult-interface-http-consumer/TypeDef_testprovidercomplexmult.test.jbi4corba.imolinfo.it.xsd</con:url><con:content><![CDATA[<xs:schema attributeFormDefault="qualified" elementFormDefault="qualified" targetNamespace="http://testprovidercomplexmult.test.jbi4corba.imolinfo.it/" xmlns:xs="http://www.w3.org/2001/XMLSchema" xmlns:tns="http://testprovidercomplexmult.test.jbi4corba.imolinfo.it/">
  <xs:complexType name="echoVT">
    <xs:sequence>
      <xs:element name="publicShort" type="xs:short"/>
      <xs:element name="privateLong" type="xs:int"/>
    </xs:sequence>
  </xs:complexType>
  <xs:complexType name="echoStruct">
    <xs:sequence>
      <xs:element name="fieldBoolean" type="xs:boolean"/>
      <xs:element name="fieldChar" type="xs:unsignedShort"/>
      <xs:element name="fieldWChar" type="xs:unsignedShort"/>
      <xs:element name="fieldOctet" type="xs:byte"/>
      <xs:element minOccurs="0" name="fieldString" type="xs:string"/>
      <xs:element minOccurs="0" name="fieldWString" type="xs:string"/>
      <xs:element name="fieldShort" type="xs:short"/>
      <xs:element name="fieldUnsignedShort" type="xs:short"/>
      <xs:element name="fieldLong" type="xs:int"/>
      <xs:element name="fieldUnsignedLong" type="xs:int"/>
      <xs:element name="fieldLongLong" type="xs:long"/>
      <xs:element name="fieldUnsignedLongLong" type="xs:long"/>
      <xs:element name="fieldFloat" type="xs:float"/>
      <xs:element name="fieldDouble" type="xs:double"/>
    </xs:sequence>
  </xs:complexType>
  <xs:complexType name="mySequence">
    <xs:sequence>
      <xs:element maxOccurs="unbounded" minOccurs="0" name="data" nillable="true" type="xs:int"/>
    </xs:sequence>
  </xs:complexType>
  <xs:complexType name="valueTypeOfValueType">
    <xs:sequence>
      <xs:element minOccurs="0" name="data" type="tns:vtPrimi"/>
    </xs:sequence>
  </xs:complexType>
  <xs:complexType name="vtPrimi">
    <xs:sequence>
      <xs:element name="fieldBoolean" type="xs:boolean"/>
      <xs:element name="fieldChar" type="xs:unsignedShort"/>
      <xs:element name="fieldWChar" type="xs:unsignedShort"/>
      <xs:element name="fieldOctet" type="xs:byte"/>
      <xs:element minOccurs="0" name="fieldString" type="xs:string"/>
      <xs:element minOccurs="0" name="fieldWString" type="xs:string"/>
      <xs:element name="fieldShort" type="xs:short"/>
      <xs:element name="fieldUnsignedShort" type="xs:short"/>
      <xs:element name="fieldLong" type="xs:int"/>
      <xs:element name="fieldUnsignedLong" type="xs:int"/>
      <xs:element name="fieldLongLong" type="xs:long"/>
      <xs:element name="fieldUnsignedLongLong" type="xs:long"/>
      <xs:element name="fieldFloat" type="xs:float"/>
      <xs:element name="fieldDouble" type="xs:double"/>
    </xs:sequence>
  </xs:complexType>
  <xs:complexType name="vtPrimiSeq">
    <xs:sequence>
      <xs:element maxOccurs="unbounded" minOccurs="0" name="data" nillable="true" type="tns:vtPrimi"/>
    </xs:sequence>
  </xs:complexType>
  <xs:complexType name="structOfStruct">
    <xs:sequence>
      <xs:element minOccurs="0" name="internalStruct" type="tns:echoStruct"/>
    </xs:sequence>
  </xs:complexType>
  <xs:complexType name="structOfValuetype">
    <xs:sequence>
      <xs:element minOccurs="0" name="data" type="tns:vtPrimi"/>
    </xs:sequence>
  </xs:complexType>
  <xs:complexType name="valueTypeOfStruct">
    <xs:sequence>
      <xs:element minOccurs="0" name="data" type="tns:echoStruct"/>
    </xs:sequence>
  </xs:complexType>
  <xs:complexType name="myLong">
    <xs:sequence>
      <xs:element name="data" type="xs:int"/>
    </xs:sequence>
  </xs:complexType>
</xs:schema>]]></con:content><con:type>http://www.w3.org/2001/XMLSchema</con:type></con:part></con:definitionCache><con:endpoints><con:endpoint>http://localhost:8192/Service/test-provider-complex-mult-interface2/</con:endpoint><con:endpoint>http://192.168.1.209:8192/Service/test-provider-complex-mult-interface2/</con:endpoint></con:endpoints><con:operation isOneWay="false" action="" name="echo2" bindingOperationName="echo2" type="Request-Response" outputName="echo2Response" inputName="echo2" receivesAttachments="false" sendsAttachments="false" anonymous="optional"><con:settings/><con:call name="Request 1"><con:settings/><con:encoding>UTF-8</con:encoding><con:endpoint>http://192.168.1.209:8192/Service/test-provider-complex-mult-interface2/</con:endpoint><con:request><![CDATA[<soapenv:Envelope xmlns:soapenv="http://schemas.xmlsoap.org/soap/envelope/" xmlns:it="http://it.imolinfo.jbi4corba.test.testprovidercomplexmult">
   <soapenv:Header/>
   <soapenv:Body>
      <it1:echo2 xmlns:it1="http://it.imolinfo.jbi4corba.test.testprovidercomplexmult.EchoComplex2"><!--Optional:-->
         <it1:msg>ciao</it1:msg>
      </it1:echo2>
   </soapenv:Body>
</soapenv:Envelope>]]></con:request><con:wsaConfig mustUnderstand="NONE" version="200508" action="http://it.imolinfo.jbi4corba.test.testprovidercomplexmult/EchoComplex2/echo2"/><con:wsrmConfig version="1.2"/></con:call></con:operation><con:operation isOneWay="false" action="" name="echoExceptionNotThrown2" bindingOperationName="echoExceptionNotThrown2" type="Request-Response" outputName="echoExceptionNotThrown2Response" inputName="echoExceptionNotThrown2" receivesAttachments="false" sendsAttachments="false" anonymous="optional"><con:settings/><con:call name="Request 1"><con:settings/><con:encoding>UTF-8</con:encoding><con:endpoint>http://192.168.1.209:8192/Service/test-provider-complex-mult-interface2/</con:endpoint><con:request><![CDATA[<soapenv:Envelope xmlns:soapenv="http://schemas.xmlsoap.org/soap/envelope/" xmlns:it="http://it.imolinfo.jbi4corba.test.testprovidercomplexmult" xmlns:tes="http://testprovidercomplexmult.test.jbi4corba.imolinfo.it/">
   <soapenv:Header/>
   <soapenv:Body>
      <it1:echoExceptionNotThrown2 xmlns:it1="http://it.imolinfo.jbi4corba.test.testprovidercomplexmult.EchoComplex2"><!--Optional:-->
         <it1:es>
            <tes:fieldBoolean>?</tes:fieldBoolean>
            <tes:fieldChar>?</tes:fieldChar>
            <tes:fieldWChar>?</tes:fieldWChar>
            <tes:fieldOctet>?</tes:fieldOctet>
            <!--Optional:-->
            <tes:fieldString>?</tes:fieldString>
            <!--Optional:-->
            <tes:fieldWString>?</tes:fieldWString>
            <tes:fieldShort>?</tes:fieldShort>
            <tes:fieldUnsignedShort>?</tes:fieldUnsignedShort>
            <tes:fieldLong>?</tes:fieldLong>
            <tes:fieldUnsignedLong>?</tes:fieldUnsignedLong>
            <tes:fieldLongLong>?</tes:fieldLongLong>
            <tes:fieldUnsignedLongLong>?</tes:fieldUnsignedLongLong>
            <tes:fieldFloat>?</tes:fieldFloat>
            <tes:fieldDouble>?</tes:fieldDouble>
         </it1:es>
      </it1:echoExceptionNotThrown2>
   </soapenv:Body>
</soapenv:Envelope>]]></con:request><con:wsaConfig mustUnderstand="NONE" version="200508" action="http://it.imolinfo.jbi4corba.test.testprovidercomplexmult/EchoComplex2/echoExceptionNotThrown2"/><con:wsrmConfig version="1.2"/></con:call></con:operation><con:operation isOneWay="false" action="" name="echoExceptionThrown2" bindingOperationName="echoExceptionThrown2" type="Request-Response" outputName="echoExceptionThrown2Response" inputName="echoExceptionThrown2" receivesAttachments="false" sendsAttachments="false" anonymous="optional"><con:settings/><con:call name="Request 1"><con:settings/><con:encoding>UTF-8</con:encoding><con:endpoint>http://192.168.1.209:8192/Service/test-provider-complex-mult-interface2/</con:endpoint><con:request><![CDATA[<soapenv:Envelope xmlns:soapenv="http://schemas.xmlsoap.org/soap/envelope/" xmlns:it="http://it.imolinfo.jbi4corba.test.testprovidercomplexmult" xmlns:tes="http://testprovidercomplexmult.test.jbi4corba.imolinfo.it/">
   <soapenv:Header/>
   <soapenv:Body>
      <it1:echoExceptionThrown2 xmlns:it1="http://it.imolinfo.jbi4corba.test.testprovidercomplexmult.EchoComplex2"/>
   </soapenv:Body>
</soapenv:Envelope>]]></con:request><con:wsaConfig mustUnderstand="NONE" version="200508" action="http://it.imolinfo.jbi4corba.test.testprovidercomplexmult/EchoComplex2/echoExceptionThrown2"/></con:call></con:operation><con:operation isOneWay="false" action="" name="echoSequence2" bindingOperationName="echoSequence2" type="Request-Response" outputName="echoSequence2Response" inputName="echoSequence2" receivesAttachments="false" sendsAttachments="false" anonymous="optional"><con:settings/><con:call name="Request 1"><con:settings/><con:encoding>UTF-8</con:encoding><con:endpoint>http://192.168.1.209:8192/Service/test-provider-complex-mult-interface2/</con:endpoint><con:request><![CDATA[<soapenv:Envelope xmlns:soapenv="http://schemas.xmlsoap.org/soap/envelope/" xmlns:it="http://it.imolinfo.jbi4corba.test.testprovidercomplexmult">
   <soapenv:Header/>
   <soapenv:Body>
      <it1:echoSequence2 xmlns:it1="http://it.imolinfo.jbi4corba.test.testprovidercomplexmult.EchoComplex2"><!--Zero or more repetitions:-->
         <it1:es>123</it1:es>
      </it1:echoSequence2>
   </soapenv:Body>
</soapenv:Envelope>]]></con:request><con:wsaConfig mustUnderstand="NONE" version="200508" action="http://it.imolinfo.jbi4corba.test.testprovidercomplexmult/EchoComplex2/echoSequence2"/><con:wsrmConfig version="1.2"/></con:call></con:operation><con:operation isOneWay="false" action="" name="echoSequenceSeqEchoStruct2" bindingOperationName="echoSequenceSeqEchoStruct2" type="Request-Response" outputName="echoSequenceSeqEchoStruct2Response" inputName="echoSequenceSeqEchoStruct2" receivesAttachments="false" sendsAttachments="false" anonymous="optional"><con:settings/><con:call name="Request 1"><con:settings/><con:encoding>UTF-8</con:encoding><con:endpoint>http://192.168.1.209:8192/Service/test-provider-complex-mult-interface2/</con:endpoint><con:request><![CDATA[<soapenv:Envelope xmlns:soapenv="http://schemas.xmlsoap.org/soap/envelope/" xmlns:it="http://it.imolinfo.jbi4corba.test.testprovidercomplexmult" xmlns:tes="http://testprovidercomplexmult.test.jbi4corba.imolinfo.it/">
   <soapenv:Header/>
   <soapenv:Body>
      <it1:echoSequenceSeqEchoStruct2 xmlns:it1="http://it.imolinfo.jbi4corba.test.testprovidercomplexmult.EchoComplex2"><!--Zero or more repetitions:-->
         <it1:es>
            <tes:fieldBoolean>false</tes:fieldBoolean>
            <tes:fieldChar>2</tes:fieldChar>
            <tes:fieldWChar>22</tes:fieldWChar>
            <tes:fieldOctet>35333333</tes:fieldOctet>
            <!--Optional:-->
            <tes:fieldString>pippo</tes:fieldString>
            <!--Optional:-->
            <tes:fieldWString>dd</tes:fieldWString>
            <tes:fieldShort>1</tes:fieldShort>
            <tes:fieldUnsignedShort>2</tes:fieldUnsignedShort>
            <tes:fieldLong>303</tes:fieldLong>
            <tes:fieldUnsignedLong>94</tes:fieldUnsignedLong>
            <tes:fieldLongLong>4343</tes:fieldLongLong>
            <tes:fieldUnsignedLongLong>343</tes:fieldUnsignedLongLong>
            <tes:fieldFloat>4.5</tes:fieldFloat>
            <tes:fieldDouble>16.045</tes:fieldDouble>
         </it1:es>
      </it1:echoSequenceSeqEchoStruct2>
   </soapenv:Body>
</soapenv:Envelope>]]></con:request><con:wsaConfig mustUnderstand="NONE" version="200508" action="http://it.imolinfo.jbi4corba.test.testprovidercomplexmult/EchoComplex2/echoSequenceSeqEchoStruct2"/><con:wsrmConfig version="1.2"/></con:call></con:operation><con:operation isOneWay="false" action="" name="echoSequenceSeqMySequence2" bindingOperationName="echoSequenceSeqMySequence2" type="Request-Response" outputName="echoSequenceSeqMySequence2Response" inputName="echoSequenceSeqMySequence2" receivesAttachments="false" sendsAttachments="false" anonymous="optional"><con:settings/><con:call name="Request 1"><con:settings/><con:encoding>UTF-8</con:encoding><con:endpoint>http://192.168.1.209:8192/Service/test-provider-complex-mult-interface2/</con:endpoint><con:request><![CDATA[<soapenv:Envelope xmlns:soapenv="http://schemas.xmlsoap.org/soap/envelope/" xmlns:it="http://it.imolinfo.jbi4corba.test.testprovidercomplexmult" xmlns:tes="http://testprovidercomplexmult.test.jbi4corba.imolinfo.it/">
   <soapenv:Header/>
   <soapenv:Body>
      <it1:echoSequenceSeqMySequence2 xmlns:it1="http://it.imolinfo.jbi4corba.test.testprovidercomplexmult.EchoComplex2"><!--Zero or more repetitions:-->
         <it1:es>
            <!--Zero or more repetitions:-->
            <tes:data>?</tes:data>
         </it1:es>
      </it1:echoSequenceSeqMySequence2>
   </soapenv:Body>
</soapenv:Envelope>]]></con:request><con:wsaConfig mustUnderstand="NONE" version="200508" action="http://it.imolinfo.jbi4corba.test.testprovidercomplexmult/EchoComplex2/echoSequenceSeqMySequence2"/><con:wsrmConfig version="1.2"/></con:call></con:operation><con:operation isOneWay="false" action="" name="echoSequenceValueType2" bindingOperationName="echoSequenceValueType2" type="Request-Response" outputName="echoSequenceValueType2Response" inputName="echoSequenceValueType2" receivesAttachments="false" sendsAttachments="false" anonymous="optional"><con:settings/><con:call name="Request 1"><con:settings/><con:encoding>UTF-8</con:encoding><con:endpoint>http://192.168.1.209:8192/Service/test-provider-complex-mult-interface2/</con:endpoint><con:request><![CDATA[<soapenv:Envelope xmlns:soapenv="http://schemas.xmlsoap.org/soap/envelope/" xmlns:it="http://it.imolinfo.jbi4corba.test.testprovidercomplexmult" xmlns:tes="http://testprovidercomplexmult.test.jbi4corba.imolinfo.it/">
   <soapenv:Header/>
   <soapenv:Body>
      <it1:echoSequenceValueType2 xmlns:it1="http://it.imolinfo.jbi4corba.test.testprovidercomplexmult.EchoComplex2"/>
   </soapenv:Body>
</soapenv:Envelope>]]></con:request><con:wsaConfig mustUnderstand="NONE" version="200508" action="http://it.imolinfo.jbi4corba.test.testprovidercomplexmult/EchoComplex2/echoSequenceValueType2"/></con:call></con:operation><con:operation isOneWay="false" action="" name="echoStruct2" bindingOperationName="echoStruct2" type="Request-Response" outputName="echoStruct2Response" inputName="echoStruct2" receivesAttachments="false" sendsAttachments="false" anonymous="optional"><con:settings/><con:call name="Request 1"><con:settings/><con:encoding>UTF-8</con:encoding><con:endpoint>http://192.168.1.209:8192/Service/test-provider-complex-mult-interface2/</con:endpoint><con:request><![CDATA[<soapenv:Envelope xmlns:soapenv="http://schemas.xmlsoap.org/soap/envelope/" xmlns:it="http://it.imolinfo.jbi4corba.test.testprovidercomplexmult" xmlns:tes="http://testprovidercomplexmult.test.jbi4corba.imolinfo.it/">
   <soapenv:Header/>
   <soapenv:Body>
      <it1:echoStruct2 xmlns:it1="http://it.imolinfo.jbi4corba.test.testprovidercomplexmult.EchoComplex2"><!--Optional:-->
         <it1:es>
            <tes:fieldBoolean>?</tes:fieldBoolean>
            <tes:fieldChar>?</tes:fieldChar>
            <tes:fieldWChar>?</tes:fieldWChar>
            <tes:fieldOctet>?</tes:fieldOctet>
            <!--Optional:-->
            <tes:fieldString>?</tes:fieldString>
            <!--Optional:-->
            <tes:fieldWString>?</tes:fieldWString>
            <tes:fieldShort>?</tes:fieldShort>
            <tes:fieldUnsignedShort>?</tes:fieldUnsignedShort>
            <tes:fieldLong>?</tes:fieldLong>
            <tes:fieldUnsignedLong>?</tes:fieldUnsignedLong>
            <tes:fieldLongLong>?</tes:fieldLongLong>
            <tes:fieldUnsignedLongLong>?</tes:fieldUnsignedLongLong>
            <tes:fieldFloat>?</tes:fieldFloat>
            <tes:fieldDouble>?</tes:fieldDouble>
         </it1:es>
      </it1:echoStruct2>
   </soapenv:Body>
</soapenv:Envelope>]]></con:request><con:wsaConfig mustUnderstand="NONE" version="200508" action="http://it.imolinfo.jbi4corba.test.testprovidercomplexmult/EchoComplex2/echoStruct2"/><con:wsrmConfig version="1.2"/></con:call></con:operation><con:operation isOneWay="false" action="" name="echoStructOfStruct2" bindingOperationName="echoStructOfStruct2" type="Request-Response" outputName="echoStructOfStruct2Response" inputName="echoStructOfStruct2" receivesAttachments="false" sendsAttachments="false" anonymous="optional"><con:settings/><con:call name="Request 1"><con:settings/><con:encoding>UTF-8</con:encoding><con:endpoint>http://192.168.1.209:8192/Service/test-provider-complex-mult-interface2/</con:endpoint><con:request><![CDATA[<soapenv:Envelope xmlns:soapenv="http://schemas.xmlsoap.org/soap/envelope/" xmlns:it="http://it.imolinfo.jbi4corba.test.testprovidercomplexmult" xmlns:tes="http://testprovidercomplexmult.test.jbi4corba.imolinfo.it/">
   <soapenv:Header/>
   <soapenv:Body>
      <it1:echoStructOfStruct2 xmlns:it1="http://it.imolinfo.jbi4corba.test.testprovidercomplexmult.EchoComplex2"><!--Optional:-->
         <it1:v>
            <!--Optional:-->
            <tes:internalStruct>
                
            <tes:fieldBoolean>false</tes:fieldBoolean>
            <tes:fieldChar>2</tes:fieldChar>
            <tes:fieldWChar>22</tes:fieldWChar>
            <tes:fieldOctet>35333333</tes:fieldOctet>
            <!--Optional:-->
            <tes:fieldString>pippo</tes:fieldString>
            <!--Optional:-->
            <tes:fieldWString>dd</tes:fieldWString>
            <tes:fieldShort>1</tes:fieldShort>
            <tes:fieldUnsignedShort>2</tes:fieldUnsignedShort>
            <tes:fieldLong>303</tes:fieldLong>
            <tes:fieldUnsignedLong>94</tes:fieldUnsignedLong>
            <tes:fieldLongLong>4343</tes:fieldLongLong>
            <tes:fieldUnsignedLongLong>343</tes:fieldUnsignedLongLong>
            <tes:fieldFloat>4.5</tes:fieldFloat>
            <tes:fieldDouble>16.045</tes:fieldDouble>
         
            </tes:internalStruct>
         </it1:v>
      </it1:echoStructOfStruct2>
   </soapenv:Body>
</soapenv:Envelope>]]></con:request><con:wsaConfig mustUnderstand="NONE" version="200508" action="http://it.imolinfo.jbi4corba.test.testprovidercomplexmult/EchoComplex2/echoStructOfStruct2"/><con:wsrmConfig version="1.2"/></con:call></con:operation><con:operation isOneWay="false" action="" name="echoStructOfValuetype2" bindingOperationName="echoStructOfValuetype2" type="Request-Response" outputName="echoStructOfValuetype2Response" inputName="echoStructOfValuetype2" receivesAttachments="false" sendsAttachments="false" anonymous="optional"><con:settings/><con:call name="Request 1"><con:settings/><con:encoding>UTF-8</con:encoding><con:endpoint>http://192.168.1.209:8192/Service/test-provider-complex-mult-interface2/</con:endpoint><con:request><![CDATA[<soapenv:Envelope xmlns:soapenv="http://schemas.xmlsoap.org/soap/envelope/" xmlns:it="http://it.imolinfo.jbi4corba.test.testprovidercomplexmult" xmlns:tes="http://testprovidercomplexmult.test.jbi4corba.imolinfo.it/">
   <soapenv:Header/>
   <soapenv:Body>
      <it1:echoStructOfValuetype2 xmlns:it1="http://it.imolinfo.jbi4corba.test.testprovidercomplexmult.EchoComplex2"/>
   </soapenv:Body>
</soapenv:Envelope>]]></con:request><con:wsaConfig mustUnderstand="NONE" version="200508" action="http://it.imolinfo.jbi4corba.test.testprovidercomplexmult/EchoComplex2/echoStructOfValuetype2"/></con:call></con:operation><con:operation isOneWay="false" action="" name="echoValueBoxedTypeComplex2" bindingOperationName="echoValueBoxedTypeComplex2" type="Request-Response" outputName="echoValueBoxedTypeComplex2Response" inputName="echoValueBoxedTypeComplex2" receivesAttachments="false" sendsAttachments="false" anonymous="optional"><con:settings/><con:call name="Request 1"><con:settings/><con:encoding>UTF-8</con:encoding><con:endpoint>http://192.168.1.209:8192/Service/test-provider-complex-mult-interface2/</con:endpoint><con:request><![CDATA[<soapenv:Envelope xmlns:soapenv="http://schemas.xmlsoap.org/soap/envelope/" xmlns:it="http://it.imolinfo.jbi4corba.test.testprovidercomplexmult" xmlns:tes="http://testprovidercomplexmult.test.jbi4corba.imolinfo.it/">
   <soapenv:Header/>
   <soapenv:Body>
      <it1:echoValueBoxedTypeComplex2 xmlns:it1="http://it.imolinfo.jbi4corba.test.testprovidercomplexmult.EchoComplex2"/>
   </soapenv:Body>
</soapenv:Envelope>]]></con:request><con:wsaConfig mustUnderstand="NONE" version="200508" action="http://it.imolinfo.jbi4corba.test.testprovidercomplexmult/EchoComplex2/echoValueBoxedTypeComplex2"/></con:call></con:operation><con:operation isOneWay="false" action="" name="echoValueBoxedTypePrimitive2" bindingOperationName="echoValueBoxedTypePrimitive2" type="Request-Response" outputName="echoValueBoxedTypePrimitive2Response" inputName="echoValueBoxedTypePrimitive2" receivesAttachments="false" sendsAttachments="false" anonymous="optional"><con:settings/><con:call name="Request 1"><con:settings/><con:encoding>UTF-8</con:encoding><con:endpoint>http://192.168.1.209:8192/Service/test-provider-complex-mult-interface2/</con:endpoint><con:request><![CDATA[<soapenv:Envelope xmlns:soapenv="http://schemas.xmlsoap.org/soap/envelope/" xmlns:it="http://it.imolinfo.jbi4corba.test.testprovidercomplexmult" xmlns:tes="http://testprovidercomplexmult.test.jbi4corba.imolinfo.it/">
   <soapenv:Header/>
   <soapenv:Body>
      <it1:echoValueBoxedTypePrimitive2 xmlns:it1="http://it.imolinfo.jbi4corba.test.testprovidercomplexmult.EchoComplex2"><!--Optional:-->
         <it1:e>
            <tes:data>1</tes:data>
         </it1:e>
      </it1:echoValueBoxedTypePrimitive2>
   </soapenv:Body>
</soapenv:Envelope>]]></con:request><con:wsaConfig mustUnderstand="NONE" version="200508" action="http://it.imolinfo.jbi4corba.test.testprovidercomplexmult/EchoComplex2/echoValueBoxedTypePrimitive2"/><con:wsrmConfig version="1.2"/></con:call></con:operation><con:operation isOneWay="false" action="" name="echoValueType2" bindingOperationName="echoValueType2" type="Request-Response" outputName="echoValueType2Response" inputName="echoValueType2" receivesAttachments="false" sendsAttachments="false" anonymous="optional"><con:settings/><con:call name="Request 1"><con:settings/><con:encoding>UTF-8</con:encoding><con:endpoint>http://192.168.1.209:8192/Service/test-provider-complex-mult-interface2/</con:endpoint><con:request><![CDATA[<soapenv:Envelope xmlns:soapenv="http://schemas.xmlsoap.org/soap/envelope/" xmlns:it="http://it.imolinfo.jbi4corba.test.testprovidercomplexmult" xmlns:tes="http://testprovidercomplexmult.test.jbi4corba.imolinfo.it/">
   <soapenv:Header/>
   <soapenv:Body>
      <it1:echoValueType2 xmlns:it1="http://it.imolinfo.jbi4corba.test.testprovidercomplexmult.EchoComplex2"/>
   </soapenv:Body>
</soapenv:Envelope>]]></con:request><con:wsaConfig mustUnderstand="NONE" version="200508" action="http://it.imolinfo.jbi4corba.test.testprovidercomplexmult/EchoComplex2/echoValueType2"/></con:call></con:operation><con:operation isOneWay="false" action="" name="echoValueTypeOfStruct2" bindingOperationName="echoValueTypeOfStruct2" type="Request-Response" outputName="echoValueTypeOfStruct2Response" inputName="echoValueTypeOfStruct2" receivesAttachments="false" sendsAttachments="false" anonymous="optional"><con:settings/><con:call name="Request 1"><con:settings/><con:encoding>UTF-8</con:encoding><con:endpoint>http://192.168.1.209:8192/Service/test-provider-complex-mult-interface2/</con:endpoint><con:request><![CDATA[<soapenv:Envelope xmlns:soapenv="http://schemas.xmlsoap.org/soap/envelope/" xmlns:it="http://it.imolinfo.jbi4corba.test.testprovidercomplexmult" xmlns:tes="http://testprovidercomplexmult.test.jbi4corba.imolinfo.it/">
   <soapenv:Header/>
   <soapenv:Body>
      <it1:echoValueTypeOfStruct2 xmlns:it1="http://it.imolinfo.jbi4corba.test.testprovidercomplexmult.EchoComplex2"/>
   </soapenv:Body>
</soapenv:Envelope>]]></con:request><con:wsaConfig mustUnderstand="NONE" version="200508" action="http://it.imolinfo.jbi4corba.test.testprovidercomplexmult/EchoComplex2/echoValueTypeOfStruct2"/></con:call></con:operation><con:operation isOneWay="false" action="" name="echoValueTypeOfValueType2" bindingOperationName="echoValueTypeOfValueType2" type="Request-Response" outputName="echoValueTypeOfValueType2Response" inputName="echoValueTypeOfValueType2" receivesAttachments="false" sendsAttachments="false" anonymous="optional"><con:settings/><con:call name="Request 1"><con:settings/><con:encoding>UTF-8</con:encoding><con:endpoint>http://192.168.1.209:8192/Service/test-provider-complex-mult-interface2/</con:endpoint><con:request><![CDATA[<soapenv:Envelope xmlns:soapenv="http://schemas.xmlsoap.org/soap/envelope/" xmlns:it="http://it.imolinfo.jbi4corba.test.testprovidercomplexmult" xmlns:tes="http://testprovidercomplexmult.test.jbi4corba.imolinfo.it/">
   <soapenv:Header/>
   <soapenv:Body>
      <it1:echoValueTypeOfValueType2 xmlns:it1="http://it.imolinfo.jbi4corba.test.testprovidercomplexmult.EchoComplex2"/>
   </soapenv:Body>
</soapenv:Envelope>]]></con:request><con:wsaConfig mustUnderstand="NONE" version="200508" action="http://it.imolinfo.jbi4corba.test.testprovidercomplexmult/EchoComplex2/echoValueTypeOfValueType2"/></con:call></con:operation><con:operation isOneWay="false" action="" name="echoVTPrimi2" bindingOperationName="echoVTPrimi2" type="Request-Response" outputName="echoVTPrimi2Response" inputName="echoVTPrimi2" receivesAttachments="false" sendsAttachments="false" anonymous="optional"><con:settings/><con:call name="Request 1"><con:settings/><con:encoding>UTF-8</con:encoding><con:endpoint>http://192.168.1.209:8192/Service/test-provider-complex-mult-interface2/</con:endpoint><con:request><![CDATA[<soapenv:Envelope xmlns:soapenv="http://schemas.xmlsoap.org/soap/envelope/" xmlns:it="http://it.imolinfo.jbi4corba.test.testprovidercomplexmult" xmlns:tes="http://testprovidercomplexmult.test.jbi4corba.imolinfo.it/">
   <soapenv:Header/>
   <soapenv:Body>
      <it1:echoVTPrimi2 xmlns:it1="http://it.imolinfo.jbi4corba.test.testprovidercomplexmult.EchoComplex2"/>
   </soapenv:Body>
</soapenv:Envelope>]]></con:request><con:wsaConfig mustUnderstand="NONE" version="200508" action="http://it.imolinfo.jbi4corba.test.testprovidercomplexmult/EchoComplex2/echoVTPrimi2"/></con:call></con:operation><con:operation isOneWay="false" action="" name="echoVTPrimiSeq2" bindingOperationName="echoVTPrimiSeq2" type="Request-Response" outputName="echoVTPrimiSeq2Response" inputName="echoVTPrimiSeq2" receivesAttachments="false" sendsAttachments="false" anonymous="optional"><con:settings/><con:call name="Request 1"><con:settings/><con:encoding>UTF-8</con:encoding><con:endpoint>http://192.168.1.209:8192/Service/test-provider-complex-mult-interface2/</con:endpoint><con:request><![CDATA[<soapenv:Envelope xmlns:soapenv="http://schemas.xmlsoap.org/soap/envelope/" xmlns:it="http://it.imolinfo.jbi4corba.test.testprovidercomplexmult" xmlns:tes="http://testprovidercomplexmult.test.jbi4corba.imolinfo.it/">
   <soapenv:Header/>
   <soapenv:Body>
      <it1:echoVTPrimiSeq2 xmlns:it1="http://it.imolinfo.jbi4corba.test.testprovidercomplexmult.EchoComplex2"/>
   </soapenv:Body>
</soapenv:Envelope>]]></con:request><con:wsaConfig mustUnderstand="NONE" version="200508" action="http://it.imolinfo.jbi4corba.test.testprovidercomplexmult/EchoComplex2/echoVTPrimiSeq2"/></con:call></con:operation></con:interface><con:interface xsi:type="con:WsdlInterface" wsaVersion="NONE" name="EchoComplex3CorbaBinding" type="wsdl" bindingName="{http://it.imolinfo.jbi4corba.test.testprovidercomplexmult.EchoComplex3}EchoComplex3CorbaBinding" soapVersion="1_1" anonymous="optional" definition="http://localhost:8192/Service/test-provider-complex-mult-interface3/?wsdl" xmlns:xsi="http://www.w3.org/2001/XMLSchema-instance"><con:settings/><con:definitionCache type="TEXT" rootPart="http://localhost:8192/Service/test-provider-complex-mult-interface3/?wsdl"><con:part><con:url>http://localhost:8192/Service/test-provider-complex-mult-interface3/?wsdl</con:url><con:content><![CDATA[<wsdl:definitions name="EchoComplex3" targetNamespace="http://it.imolinfo.jbi4corba.test.testprovidercomplexmult.EchoComplex3" xmlns:plnk="http://docs.oasis-open.org/wsbpel/2.0/plnktype" xmlns:wsdl="http://schemas.xmlsoap.org/wsdl/" xmlns:tns="http://it.imolinfo.jbi4corba.test.testprovidercomplexmult.EchoComplex3" xmlns:xsd="http://www.w3.org/2001/XMLSchema" xmlns:soap="http://schemas.xmlsoap.org/wsdl/soap/">
  <wsdl:types>
    <xs:schema attributeFormDefault="unqualified" elementFormDefault="qualified" targetNamespace="http://it.imolinfo.jbi4corba.test.testprovidercomplexmult.EchoComplex3" xmlns="http://it.imolinfo.jbi4corba.test.testprovidercomplexmult.EchoComplex3" xmlns:ns1="http://testprovidercomplexmult.test.jbi4corba.imolinfo.it/" xmlns:xs="http://www.w3.org/2001/XMLSchema">
      <xs:import namespace="http://testprovidercomplexmult.test.jbi4corba.imolinfo.it/" schemaLocation="http://192.168.1.209:8192/provider-complex-mult-interface-http-consumer/TypeDef_testprovidercomplexmult.test.jbi4corba.imolinfo.it.xsd"/>
      <xs:element name="echo">
        <xs:complexType>
          <xs:sequence>
            <xs:element minOccurs="0" name="msg" type="xs:string"/>
          </xs:sequence>
        </xs:complexType>
      </xs:element>
      <xs:element name="echoExceptionNotThrown">
        <xs:complexType>
          <xs:sequence>
            <xs:element minOccurs="0" name="es" type="ns1:echoStruct"/>
          </xs:sequence>
        </xs:complexType>
      </xs:element>
      <xs:element name="echoExceptionNotThrownResponse">
        <xs:complexType>
          <xs:sequence>
            <xs:element minOccurs="0" name="return" type="ns1:echoStruct"/>
          </xs:sequence>
        </xs:complexType>
      </xs:element>
      <xs:element name="echoExceptionThrown">
        <xs:complexType>
          <xs:sequence>
            <xs:element minOccurs="0" name="es" type="ns1:echoStruct"/>
          </xs:sequence>
        </xs:complexType>
      </xs:element>
      <xs:element name="echoExceptionThrownResponse">
        <xs:complexType>
          <xs:sequence>
            <xs:element minOccurs="0" name="return" type="ns1:echoStruct"/>
          </xs:sequence>
        </xs:complexType>
      </xs:element>
      <xs:element name="echoResponse">
        <xs:complexType>
          <xs:sequence>
            <xs:element minOccurs="0" name="return" type="xs:string"/>
          </xs:sequence>
        </xs:complexType>
      </xs:element>
      <xs:element name="echoSequence">
        <xs:complexType>
          <xs:sequence>
            <xs:element maxOccurs="unbounded" minOccurs="0" name="es" type="xs:int"/>
          </xs:sequence>
        </xs:complexType>
      </xs:element>
      <xs:element name="echoSequenceResponse">
        <xs:complexType>
          <xs:sequence>
            <xs:element maxOccurs="unbounded" minOccurs="0" name="return" type="xs:int"/>
          </xs:sequence>
        </xs:complexType>
      </xs:element>
      <xs:element name="echoSequenceSeqEchoStruct">
        <xs:complexType>
          <xs:sequence>
            <xs:element maxOccurs="unbounded" minOccurs="0" name="es" type="ns1:echoStruct"/>
          </xs:sequence>
        </xs:complexType>
      </xs:element>
      <xs:element name="echoSequenceSeqEchoStructResponse">
        <xs:complexType>
          <xs:sequence>
            <xs:element maxOccurs="unbounded" minOccurs="0" name="return" type="ns1:echoStruct"/>
          </xs:sequence>
        </xs:complexType>
      </xs:element>
      <xs:element name="echoSequenceSeqMySequence">
        <xs:complexType>
          <xs:sequence>
            <xs:element maxOccurs="unbounded" minOccurs="0" name="es" type="ns1:mySequence"/>
          </xs:sequence>
        </xs:complexType>
      </xs:element>
      <xs:element name="echoSequenceSeqMySequenceResponse">
        <xs:complexType>
          <xs:sequence>
            <xs:element maxOccurs="unbounded" minOccurs="0" name="return" type="ns1:mySequence"/>
          </xs:sequence>
        </xs:complexType>
      </xs:element>
      <xs:element name="echoSequenceValueType">
        <xs:complexType>
          <xs:sequence>
            <xs:element minOccurs="0" name="es" type="ns1:mySequence"/>
          </xs:sequence>
        </xs:complexType>
      </xs:element>
      <xs:element name="echoSequenceValueTypeResponse">
        <xs:complexType>
          <xs:sequence>
            <xs:element minOccurs="0" name="return" type="ns1:mySequence"/>
          </xs:sequence>
        </xs:complexType>
      </xs:element>
      <xs:element name="echoStruct">
        <xs:complexType>
          <xs:sequence>
            <xs:element minOccurs="0" name="es" type="ns1:echoStruct"/>
          </xs:sequence>
        </xs:complexType>
      </xs:element>
      <xs:element name="echoStructOfStruct">
        <xs:complexType>
          <xs:sequence>
            <xs:element minOccurs="0" name="v" type="ns1:structOfStruct"/>
          </xs:sequence>
        </xs:complexType>
      </xs:element>
      <xs:element name="echoStructOfStructResponse">
        <xs:complexType>
          <xs:sequence>
            <xs:element minOccurs="0" name="return" type="ns1:structOfStruct"/>
          </xs:sequence>
        </xs:complexType>
      </xs:element>
      <xs:element name="echoStructOfValuetype">
        <xs:complexType>
          <xs:sequence>
            <xs:element minOccurs="0" name="v" type="ns1:structOfValuetype"/>
          </xs:sequence>
        </xs:complexType>
      </xs:element>
      <xs:element name="echoStructOfValuetypeResponse">
        <xs:complexType>
          <xs:sequence>
            <xs:element minOccurs="0" name="return" type="ns1:structOfValuetype"/>
          </xs:sequence>
        </xs:complexType>
      </xs:element>
      <xs:element name="echoStructResponse">
        <xs:complexType>
          <xs:sequence>
            <xs:element minOccurs="0" name="return" type="ns1:echoStruct"/>
          </xs:sequence>
        </xs:complexType>
      </xs:element>
      <xs:element name="echoVTPrimi">
        <xs:complexType>
          <xs:sequence>
            <xs:element minOccurs="0" name="v" type="ns1:vtPrimi"/>
          </xs:sequence>
        </xs:complexType>
      </xs:element>
      <xs:element name="echoVTPrimiResponse">
        <xs:complexType>
          <xs:sequence>
            <xs:element minOccurs="0" name="return" type="ns1:vtPrimi"/>
          </xs:sequence>
        </xs:complexType>
      </xs:element>
      <xs:element name="echoVTPrimiSeq">
        <xs:complexType>
          <xs:sequence>
            <xs:element minOccurs="0" name="v" type="ns1:vtPrimiSeq"/>
          </xs:sequence>
        </xs:complexType>
      </xs:element>
      <xs:element name="echoVTPrimiSeqResponse">
        <xs:complexType>
          <xs:sequence>
            <xs:element minOccurs="0" name="return" type="ns1:vtPrimiSeq"/>
          </xs:sequence>
        </xs:complexType>
      </xs:element>
      <xs:element name="echoValueBoxedTypeComplex">
        <xs:complexType>
          <xs:sequence>
            <xs:element minOccurs="0" name="e" type="ns1:mySequence"/>
          </xs:sequence>
        </xs:complexType>
      </xs:element>
      <xs:element name="echoValueBoxedTypeComplexResponse">
        <xs:complexType>
          <xs:sequence>
            <xs:element minOccurs="0" name="return" type="ns1:mySequence"/>
          </xs:sequence>
        </xs:complexType>
      </xs:element>
      <xs:element name="echoValueBoxedTypePrimitive">
        <xs:complexType>
          <xs:sequence>
            <xs:element minOccurs="0" name="e" type="ns1:myLong"/>
          </xs:sequence>
        </xs:complexType>
      </xs:element>
      <xs:element name="echoValueBoxedTypePrimitiveResponse">
        <xs:complexType>
          <xs:sequence>
            <xs:element minOccurs="0" name="return" type="ns1:myLong"/>
          </xs:sequence>
        </xs:complexType>
      </xs:element>
      <xs:element name="echoValueType">
        <xs:complexType>
          <xs:sequence>
            <xs:element minOccurs="0" name="e" type="ns1:echoVT"/>
          </xs:sequence>
        </xs:complexType>
      </xs:element>
      <xs:element name="echoValueTypeOfStruct">
        <xs:complexType>
          <xs:sequence>
            <xs:element minOccurs="0" name="v" type="ns1:valueTypeOfStruct"/>
          </xs:sequence>
        </xs:complexType>
      </xs:element>
      <xs:element name="echoValueTypeOfStructResponse">
        <xs:complexType>
          <xs:sequence>
            <xs:element minOccurs="0" name="return" type="ns1:valueTypeOfStruct"/>
          </xs:sequence>
        </xs:complexType>
      </xs:element>
      <xs:element name="echoValueTypeOfValueType">
        <xs:complexType>
          <xs:sequence>
            <xs:element minOccurs="0" name="v" type="ns1:valueTypeOfValueType"/>
          </xs:sequence>
        </xs:complexType>
      </xs:element>
      <xs:element name="echoValueTypeOfValueTypeResponse">
        <xs:complexType>
          <xs:sequence>
            <xs:element minOccurs="0" name="return" type="ns1:valueTypeOfValueType"/>
          </xs:sequence>
        </xs:complexType>
      </xs:element>
      <xs:element name="echoValueTypeResponse">
        <xs:complexType>
          <xs:sequence>
            <xs:element minOccurs="0" name="return" type="ns1:echoVT"/>
          </xs:sequence>
        </xs:complexType>
      </xs:element>
      <xs:element name="EchoComplexException" type="EchoComplexException"/>
      <xs:complexType name="EchoComplexException">
        <xs:sequence>
          <xs:element maxOccurs="unbounded" minOccurs="0" name="reason" type="ns1:echoStruct"/>
        </xs:sequence>
      </xs:complexType>
    </xs:schema>
  </wsdl:types>
  <wsdl:message name="echoValueTypeOfValueTypeResponse">
    <wsdl:part name="parameters" element="tns:echoValueTypeOfValueTypeResponse"></wsdl:part>
  </wsdl:message>
  <wsdl:message name="echoValueBoxedTypeComplex">
    <wsdl:part name="parameters" element="tns:echoValueBoxedTypeComplex"></wsdl:part>
  </wsdl:message>
  <wsdl:message name="echoValueBoxedTypeComplexResponse">
    <wsdl:part name="parameters" element="tns:echoValueBoxedTypeComplexResponse"></wsdl:part>
  </wsdl:message>
  <wsdl:message name="echoValueTypeOfStruct">
    <wsdl:part name="parameters" element="tns:echoValueTypeOfStruct"></wsdl:part>
  </wsdl:message>
  <wsdl:message name="echoSequenceResponse">
    <wsdl:part name="parameters" element="tns:echoSequenceResponse"></wsdl:part>
  </wsdl:message>
  <wsdl:message name="echoStruct">
    <wsdl:part name="parameters" element="tns:echoStruct"></wsdl:part>
  </wsdl:message>
  <wsdl:message name="echoVTPrimi">
    <wsdl:part name="parameters" element="tns:echoVTPrimi"></wsdl:part>
  </wsdl:message>
  <wsdl:message name="echoVTPrimiSeq">
    <wsdl:part name="parameters" element="tns:echoVTPrimiSeq"></wsdl:part>
  </wsdl:message>
  <wsdl:message name="echoValueBoxedTypePrimitiveResponse">
    <wsdl:part name="parameters" element="tns:echoValueBoxedTypePrimitiveResponse"></wsdl:part>
  </wsdl:message>
  <wsdl:message name="echoResponse">
    <wsdl:part name="parameters" element="tns:echoResponse"></wsdl:part>
  </wsdl:message>
  <wsdl:message name="echoSequenceSeqEchoStructResponse">
    <wsdl:part name="parameters" element="tns:echoSequenceSeqEchoStructResponse"></wsdl:part>
  </wsdl:message>
  <wsdl:message name="echoSequenceSeqEchoStruct">
    <wsdl:part name="parameters" element="tns:echoSequenceSeqEchoStruct"></wsdl:part>
  </wsdl:message>
  <wsdl:message name="echoExceptionNotThrownResponse">
    <wsdl:part name="parameters" element="tns:echoExceptionNotThrownResponse"></wsdl:part>
  </wsdl:message>
  <wsdl:message name="echoStructOfStruct">
    <wsdl:part name="parameters" element="tns:echoStructOfStruct"></wsdl:part>
  </wsdl:message>
  <wsdl:message name="echoStructOfValuetype">
    <wsdl:part name="parameters" element="tns:echoStructOfValuetype"></wsdl:part>
  </wsdl:message>
  <wsdl:message name="echoVTPrimiSeqResponse">
    <wsdl:part name="parameters" element="tns:echoVTPrimiSeqResponse"></wsdl:part>
  </wsdl:message>
  <wsdl:message name="echoValueType">
    <wsdl:part name="parameters" element="tns:echoValueType"></wsdl:part>
  </wsdl:message>
  <wsdl:message name="echoValueTypeOfStructResponse">
    <wsdl:part name="parameters" element="tns:echoValueTypeOfStructResponse"></wsdl:part>
  </wsdl:message>
  <wsdl:message name="echoSequenceSeqMySequence">
    <wsdl:part name="parameters" element="tns:echoSequenceSeqMySequence"></wsdl:part>
  </wsdl:message>
  <wsdl:message name="echoSequence">
    <wsdl:part name="parameters" element="tns:echoSequence"></wsdl:part>
  </wsdl:message>
  <wsdl:message name="EchoComplexException">
    <wsdl:part name="EchoComplexException" element="tns:EchoComplexException"></wsdl:part>
  </wsdl:message>
  <wsdl:message name="echoStructOfStructResponse">
    <wsdl:part name="parameters" element="tns:echoStructOfStructResponse"></wsdl:part>
  </wsdl:message>
  <wsdl:message name="echoValueTypeResponse">
    <wsdl:part name="parameters" element="tns:echoValueTypeResponse"></wsdl:part>
  </wsdl:message>
  <wsdl:message name="echoStructOfValuetypeResponse">
    <wsdl:part name="parameters" element="tns:echoStructOfValuetypeResponse"></wsdl:part>
  </wsdl:message>
  <wsdl:message name="echoExceptionThrown">
    <wsdl:part name="parameters" element="tns:echoExceptionThrown"></wsdl:part>
  </wsdl:message>
  <wsdl:message name="echoValueTypeOfValueType">
    <wsdl:part name="parameters" element="tns:echoValueTypeOfValueType"></wsdl:part>
  </wsdl:message>
  <wsdl:message name="echoSequenceSeqMySequenceResponse">
    <wsdl:part name="parameters" element="tns:echoSequenceSeqMySequenceResponse"></wsdl:part>
  </wsdl:message>
  <wsdl:message name="echoExceptionNotThrown">
    <wsdl:part name="parameters" element="tns:echoExceptionNotThrown"></wsdl:part>
  </wsdl:message>
  <wsdl:message name="echoSequenceValueTypeResponse">
    <wsdl:part name="parameters" element="tns:echoSequenceValueTypeResponse"></wsdl:part>
  </wsdl:message>
  <wsdl:message name="echoValueBoxedTypePrimitive">
    <wsdl:part name="parameters" element="tns:echoValueBoxedTypePrimitive"></wsdl:part>
  </wsdl:message>
  <wsdl:message name="echoSequenceValueType">
    <wsdl:part name="parameters" element="tns:echoSequenceValueType"></wsdl:part>
  </wsdl:message>
  <wsdl:message name="echoStructResponse">
    <wsdl:part name="parameters" element="tns:echoStructResponse"></wsdl:part>
  </wsdl:message>
  <wsdl:message name="echoExceptionThrownResponse">
    <wsdl:part name="parameters" element="tns:echoExceptionThrownResponse"></wsdl:part>
  </wsdl:message>
  <wsdl:message name="echoVTPrimiResponse">
    <wsdl:part name="parameters" element="tns:echoVTPrimiResponse"></wsdl:part>
  </wsdl:message>
  <wsdl:message name="echo">
    <wsdl:part name="parameters" element="tns:echo"></wsdl:part>
  </wsdl:message>
  <wsdl:portType name="EchoComplex3">
    <wsdl:operation name="echoValueType">
      <wsdl:input name="echoValueType" message="tns:echoValueType"></wsdl:input>
      <wsdl:output name="echoValueTypeResponse" message="tns:echoValueTypeResponse"></wsdl:output>
    </wsdl:operation>
    <wsdl:operation name="echoSequenceSeqEchoStruct">
      <wsdl:input name="echoSequenceSeqEchoStruct" message="tns:echoSequenceSeqEchoStruct"></wsdl:input>
      <wsdl:output name="echoSequenceSeqEchoStructResponse" message="tns:echoSequenceSeqEchoStructResponse"></wsdl:output>
    </wsdl:operation>
    <wsdl:operation name="echoSequenceSeqMySequence">
      <wsdl:input name="echoSequenceSeqMySequence" message="tns:echoSequenceSeqMySequence"></wsdl:input>
      <wsdl:output name="echoSequenceSeqMySequenceResponse" message="tns:echoSequenceSeqMySequenceResponse"></wsdl:output>
    </wsdl:operation>
    <wsdl:operation name="echoExceptionNotThrown">
      <wsdl:input name="echoExceptionNotThrown" message="tns:echoExceptionNotThrown"></wsdl:input>
      <wsdl:output name="echoExceptionNotThrownResponse" message="tns:echoExceptionNotThrownResponse"></wsdl:output>
      <wsdl:fault name="EchoComplexException" message="tns:EchoComplexException"></wsdl:fault>
    </wsdl:operation>
    <wsdl:operation name="echoValueTypeOfValueType">
      <wsdl:input name="echoValueTypeOfValueType" message="tns:echoValueTypeOfValueType"></wsdl:input>
      <wsdl:output name="echoValueTypeOfValueTypeResponse" message="tns:echoValueTypeOfValueTypeResponse"></wsdl:output>
    </wsdl:operation>
    <wsdl:operation name="echoSequence">
      <wsdl:input name="echoSequence" message="tns:echoSequence"></wsdl:input>
      <wsdl:output name="echoSequenceResponse" message="tns:echoSequenceResponse"></wsdl:output>
    </wsdl:operation>
    <wsdl:operation name="echoVTPrimiSeq">
      <wsdl:input name="echoVTPrimiSeq" message="tns:echoVTPrimiSeq"></wsdl:input>
      <wsdl:output name="echoVTPrimiSeqResponse" message="tns:echoVTPrimiSeqResponse"></wsdl:output>
    </wsdl:operation>
    <wsdl:operation name="echoSequenceValueType">
      <wsdl:input name="echoSequenceValueType" message="tns:echoSequenceValueType"></wsdl:input>
      <wsdl:output name="echoSequenceValueTypeResponse" message="tns:echoSequenceValueTypeResponse"></wsdl:output>
    </wsdl:operation>
    <wsdl:operation name="echo">
      <wsdl:input name="echo" message="tns:echo"></wsdl:input>
      <wsdl:output name="echoResponse" message="tns:echoResponse"></wsdl:output>
    </wsdl:operation>
    <wsdl:operation name="echoStruct">
      <wsdl:input name="echoStruct" message="tns:echoStruct"></wsdl:input>
      <wsdl:output name="echoStructResponse" message="tns:echoStructResponse"></wsdl:output>
    </wsdl:operation>
    <wsdl:operation name="echoStructOfStruct">
      <wsdl:input name="echoStructOfStruct" message="tns:echoStructOfStruct"></wsdl:input>
      <wsdl:output name="echoStructOfStructResponse" message="tns:echoStructOfStructResponse"></wsdl:output>
    </wsdl:operation>
    <wsdl:operation name="echoStructOfValuetype">
      <wsdl:input name="echoStructOfValuetype" message="tns:echoStructOfValuetype"></wsdl:input>
      <wsdl:output name="echoStructOfValuetypeResponse" message="tns:echoStructOfValuetypeResponse"></wsdl:output>
    </wsdl:operation>
    <wsdl:operation name="echoVTPrimi">
      <wsdl:input name="echoVTPrimi" message="tns:echoVTPrimi"></wsdl:input>
      <wsdl:output name="echoVTPrimiResponse" message="tns:echoVTPrimiResponse"></wsdl:output>
    </wsdl:operation>
    <wsdl:operation name="echoValueBoxedTypeComplex">
      <wsdl:input name="echoValueBoxedTypeComplex" message="tns:echoValueBoxedTypeComplex"></wsdl:input>
      <wsdl:output name="echoValueBoxedTypeComplexResponse" message="tns:echoValueBoxedTypeComplexResponse"></wsdl:output>
    </wsdl:operation>
    <wsdl:operation name="echoExceptionThrown">
      <wsdl:input name="echoExceptionThrown" message="tns:echoExceptionThrown"></wsdl:input>
      <wsdl:output name="echoExceptionThrownResponse" message="tns:echoExceptionThrownResponse"></wsdl:output>
      <wsdl:fault name="EchoComplexException" message="tns:EchoComplexException"></wsdl:fault>
    </wsdl:operation>
    <wsdl:operation name="echoValueTypeOfStruct">
      <wsdl:input name="echoValueTypeOfStruct" message="tns:echoValueTypeOfStruct"></wsdl:input>
      <wsdl:output name="echoValueTypeOfStructResponse" message="tns:echoValueTypeOfStructResponse"></wsdl:output>
    </wsdl:operation>
    <wsdl:operation name="echoValueBoxedTypePrimitive">
      <wsdl:input name="echoValueBoxedTypePrimitive" message="tns:echoValueBoxedTypePrimitive"></wsdl:input>
      <wsdl:output name="echoValueBoxedTypePrimitiveResponse" message="tns:echoValueBoxedTypePrimitiveResponse"></wsdl:output>
    </wsdl:operation>
  </wsdl:portType>
  <wsdl:binding name="EchoComplex3CorbaBinding" type="tns:EchoComplex3">
    <soap:binding style="document" transport="http://schemas.xmlsoap.org/soap/http"/>
    <wsdl:operation name="echoValueType">
      <soap:operation/>
      <wsdl:input name="echoValueType">
        <soap:body use="literal"/>
      </wsdl:input>
      <wsdl:output name="echoValueTypeResponse">
        <soap:body use="literal"/>
      </wsdl:output>
    </wsdl:operation>
    <wsdl:operation name="echoSequenceSeqEchoStruct">
      <soap:operation/>
      <wsdl:input name="echoSequenceSeqEchoStruct">
        <soap:body use="literal"/>
      </wsdl:input>
      <wsdl:output name="echoSequenceSeqEchoStructResponse">
        <soap:body use="literal"/>
      </wsdl:output>
    </wsdl:operation>
    <wsdl:operation name="echoSequenceSeqMySequence">
      <soap:operation/>
      <wsdl:input name="echoSequenceSeqMySequence">
        <soap:body use="literal"/>
      </wsdl:input>
      <wsdl:output name="echoSequenceSeqMySequenceResponse">
        <soap:body use="literal"/>
      </wsdl:output>
    </wsdl:operation>
    <wsdl:operation name="echoExceptionNotThrown">
      <soap:operation/>
      <wsdl:input name="echoExceptionNotThrown">
        <soap:body use="literal"/>
      </wsdl:input>
      <wsdl:output name="echoExceptionNotThrownResponse">
        <soap:body use="literal"/>
      </wsdl:output>
      <wsdl:fault name="EchoComplexException">
        <soap:fault name="EchoComplexException" use="literal"/>
      </wsdl:fault>
    </wsdl:operation>
    <wsdl:operation name="echoValueTypeOfValueType">
      <soap:operation/>
      <wsdl:input name="echoValueTypeOfValueType">
        <soap:body use="literal"/>
      </wsdl:input>
      <wsdl:output name="echoValueTypeOfValueTypeResponse">
        <soap:body use="literal"/>
      </wsdl:output>
    </wsdl:operation>
    <wsdl:operation name="echoSequence">
      <soap:operation/>
      <wsdl:input name="echoSequence">
        <soap:body use="literal"/>
      </wsdl:input>
      <wsdl:output name="echoSequenceResponse">
        <soap:body use="literal"/>
      </wsdl:output>
    </wsdl:operation>
    <wsdl:operation name="echoVTPrimiSeq">
      <soap:operation/>
      <wsdl:input name="echoVTPrimiSeq">
        <soap:body use="literal"/>
      </wsdl:input>
      <wsdl:output name="echoVTPrimiSeqResponse">
        <soap:body use="literal"/>
      </wsdl:output>
    </wsdl:operation>
    <wsdl:operation name="echoSequenceValueType">
      <soap:operation/>
      <wsdl:input name="echoSequenceValueType">
        <soap:body use="literal"/>
      </wsdl:input>
      <wsdl:output name="echoSequenceValueTypeResponse">
        <soap:body use="literal"/>
      </wsdl:output>
    </wsdl:operation>
    <wsdl:operation name="echo">
      <soap:operation/>
      <wsdl:input name="echo">
        <soap:body use="literal"/>
      </wsdl:input>
      <wsdl:output name="echoResponse">
        <soap:body use="literal"/>
      </wsdl:output>
    </wsdl:operation>
    <wsdl:operation name="echoStruct">
      <soap:operation/>
      <wsdl:input name="echoStruct">
        <soap:body use="literal"/>
      </wsdl:input>
      <wsdl:output name="echoStructResponse">
        <soap:body use="literal"/>
      </wsdl:output>
    </wsdl:operation>
    <wsdl:operation name="echoStructOfStruct">
      <soap:operation/>
      <wsdl:input name="echoStructOfStruct">
        <soap:body use="literal"/>
      </wsdl:input>
      <wsdl:output name="echoStructOfStructResponse">
        <soap:body use="literal"/>
      </wsdl:output>
    </wsdl:operation>
    <wsdl:operation name="echoStructOfValuetype">
      <soap:operation/>
      <wsdl:input name="echoStructOfValuetype">
        <soap:body use="literal"/>
      </wsdl:input>
      <wsdl:output name="echoStructOfValuetypeResponse">
        <soap:body use="literal"/>
      </wsdl:output>
    </wsdl:operation>
    <wsdl:operation name="echoVTPrimi">
      <soap:operation/>
      <wsdl:input name="echoVTPrimi">
        <soap:body use="literal"/>
      </wsdl:input>
      <wsdl:output name="echoVTPrimiResponse">
        <soap:body use="literal"/>
      </wsdl:output>
    </wsdl:operation>
    <wsdl:operation name="echoValueBoxedTypeComplex">
      <soap:operation/>
      <wsdl:input name="echoValueBoxedTypeComplex">
        <soap:body use="literal"/>
      </wsdl:input>
      <wsdl:output name="echoValueBoxedTypeComplexResponse">
        <soap:body use="literal"/>
      </wsdl:output>
    </wsdl:operation>
    <wsdl:operation name="echoExceptionThrown">
      <soap:operation/>
      <wsdl:input name="echoExceptionThrown">
        <soap:body use="literal"/>
      </wsdl:input>
      <wsdl:output name="echoExceptionThrownResponse">
        <soap:body use="literal"/>
      </wsdl:output>
      <wsdl:fault name="EchoComplexException">
        <soap:fault name="EchoComplexException" use="literal"/>
      </wsdl:fault>
    </wsdl:operation>
    <wsdl:operation name="echoValueTypeOfStruct">
      <soap:operation/>
      <wsdl:input name="echoValueTypeOfStruct">
        <soap:body use="literal"/>
      </wsdl:input>
      <wsdl:output name="echoValueTypeOfStructResponse">
        <soap:body use="literal"/>
      </wsdl:output>
    </wsdl:operation>
    <wsdl:operation name="echoValueBoxedTypePrimitive">
      <soap:operation/>
      <wsdl:input name="echoValueBoxedTypePrimitive">
        <soap:body use="literal"/>
      </wsdl:input>
      <wsdl:output name="echoValueBoxedTypePrimitiveResponse">
        <soap:body use="literal"/>
      </wsdl:output>
    </wsdl:operation>
  </wsdl:binding>
  <wsdl:service name="EchoComplex3">
    <wsdl:port name="EchoComplex3CorbaPort" binding="tns:EchoComplex3CorbaBinding">
      <soap:address location="http://192.168.1.209:8192/Service/test-provider-complex-mult-interface3/"/>
    </wsdl:port>
  </wsdl:service>
  <plnk:partnerLinkType name="EchoComplex3">
    <plnk:role name="EchoComplex3PortTypeRole" portType="tns:EchoComplex3"/>
  </plnk:partnerLinkType>
</wsdl:definitions>]]></con:content><con:type>http://schemas.xmlsoap.org/wsdl/</con:type></con:part><con:part><con:url>http://192.168.1.209:8192/provider-complex-mult-interface-http-consumer/TypeDef_testprovidercomplexmult.test.jbi4corba.imolinfo.it.xsd</con:url><con:content><![CDATA[<xs:schema attributeFormDefault="qualified" elementFormDefault="qualified" targetNamespace="http://testprovidercomplexmult.test.jbi4corba.imolinfo.it/" xmlns:xs="http://www.w3.org/2001/XMLSchema" xmlns:tns="http://testprovidercomplexmult.test.jbi4corba.imolinfo.it/">
  <xs:complexType name="echoVT">
    <xs:sequence>
      <xs:element name="publicShort" type="xs:short"/>
      <xs:element name="privateLong" type="xs:int"/>
    </xs:sequence>
  </xs:complexType>
  <xs:complexType name="echoStruct">
    <xs:sequence>
      <xs:element name="fieldBoolean" type="xs:boolean"/>
      <xs:element name="fieldChar" type="xs:unsignedShort"/>
      <xs:element name="fieldWChar" type="xs:unsignedShort"/>
      <xs:element name="fieldOctet" type="xs:byte"/>
      <xs:element minOccurs="0" name="fieldString" type="xs:string"/>
      <xs:element minOccurs="0" name="fieldWString" type="xs:string"/>
      <xs:element name="fieldShort" type="xs:short"/>
      <xs:element name="fieldUnsignedShort" type="xs:short"/>
      <xs:element name="fieldLong" type="xs:int"/>
      <xs:element name="fieldUnsignedLong" type="xs:int"/>
      <xs:element name="fieldLongLong" type="xs:long"/>
      <xs:element name="fieldUnsignedLongLong" type="xs:long"/>
      <xs:element name="fieldFloat" type="xs:float"/>
      <xs:element name="fieldDouble" type="xs:double"/>
    </xs:sequence>
  </xs:complexType>
  <xs:complexType name="mySequence">
    <xs:sequence>
      <xs:element maxOccurs="unbounded" minOccurs="0" name="data" nillable="true" type="xs:int"/>
    </xs:sequence>
  </xs:complexType>
  <xs:complexType name="valueTypeOfValueType">
    <xs:sequence>
      <xs:element minOccurs="0" name="data" type="tns:vtPrimi"/>
    </xs:sequence>
  </xs:complexType>
  <xs:complexType name="vtPrimi">
    <xs:sequence>
      <xs:element name="fieldBoolean" type="xs:boolean"/>
      <xs:element name="fieldChar" type="xs:unsignedShort"/>
      <xs:element name="fieldWChar" type="xs:unsignedShort"/>
      <xs:element name="fieldOctet" type="xs:byte"/>
      <xs:element minOccurs="0" name="fieldString" type="xs:string"/>
      <xs:element minOccurs="0" name="fieldWString" type="xs:string"/>
      <xs:element name="fieldShort" type="xs:short"/>
      <xs:element name="fieldUnsignedShort" type="xs:short"/>
      <xs:element name="fieldLong" type="xs:int"/>
      <xs:element name="fieldUnsignedLong" type="xs:int"/>
      <xs:element name="fieldLongLong" type="xs:long"/>
      <xs:element name="fieldUnsignedLongLong" type="xs:long"/>
      <xs:element name="fieldFloat" type="xs:float"/>
      <xs:element name="fieldDouble" type="xs:double"/>
    </xs:sequence>
  </xs:complexType>
  <xs:complexType name="vtPrimiSeq">
    <xs:sequence>
      <xs:element maxOccurs="unbounded" minOccurs="0" name="data" nillable="true" type="tns:vtPrimi"/>
    </xs:sequence>
  </xs:complexType>
  <xs:complexType name="structOfStruct">
    <xs:sequence>
      <xs:element minOccurs="0" name="internalStruct" type="tns:echoStruct"/>
    </xs:sequence>
  </xs:complexType>
  <xs:complexType name="structOfValuetype">
    <xs:sequence>
      <xs:element minOccurs="0" name="data" type="tns:vtPrimi"/>
    </xs:sequence>
  </xs:complexType>
  <xs:complexType name="valueTypeOfStruct">
    <xs:sequence>
      <xs:element minOccurs="0" name="data" type="tns:echoStruct"/>
    </xs:sequence>
  </xs:complexType>
  <xs:complexType name="myLong">
    <xs:sequence>
      <xs:element name="data" type="xs:int"/>
    </xs:sequence>
  </xs:complexType>
</xs:schema>]]></con:content><con:type>http://www.w3.org/2001/XMLSchema</con:type></con:part></con:definitionCache><con:endpoints><con:endpoint>http://localhost:8192/Service/test-provider-complex-mult-interface3/</con:endpoint><con:endpoint>http://192.168.1.209:8192/Service/test-provider-complex-mult-interface3/</con:endpoint></con:endpoints><con:operation isOneWay="false" action="" name="echo" bindingOperationName="echo" type="Request-Response" outputName="echoResponse" inputName="echo" receivesAttachments="false" sendsAttachments="false" anonymous="optional"><con:settings/><con:call name="Request 1"><con:settings/><con:encoding>UTF-8</con:encoding><con:endpoint>http://192.168.1.209:8192/Service/test-provider-complex-mult-interface3/</con:endpoint><con:request><![CDATA[<soapenv:Envelope xmlns:soapenv="http://schemas.xmlsoap.org/soap/envelope/" xmlns:it="http://it.imolinfo.jbi4corba.test.testprovidercomplexmult">
   <soapenv:Header/>
   <soapenv:Body>
      <it1:echo xmlns:it1="http://it.imolinfo.jbi4corba.test.testprovidercomplexmult.EchoComplex3"><!--Optional:-->
         <it1:msg>ciao</it1:msg>
      </it1:echo>
   </soapenv:Body>
</soapenv:Envelope>]]></con:request><con:wsaConfig mustUnderstand="NONE" version="200508" action="http://it.imolinfo.jbi4corba.test.testprovidercomplexmult/EchoComplex3/echo"/><con:wsrmConfig version="1.2"/></con:call></con:operation><con:operation isOneWay="false" action="" name="echoExceptionNotThrown" bindingOperationName="echoExceptionNotThrown" type="Request-Response" outputName="echoExceptionNotThrownResponse" inputName="echoExceptionNotThrown" receivesAttachments="false" sendsAttachments="false" anonymous="optional"><con:settings/><con:call name="Request 1"><con:settings/><con:encoding>UTF-8</con:encoding><con:endpoint>http://192.168.1.209:8192/Service/test-provider-complex-mult-interface3/</con:endpoint><con:request><![CDATA[<soapenv:Envelope xmlns:soapenv="http://schemas.xmlsoap.org/soap/envelope/" xmlns:it="http://it.imolinfo.jbi4corba.test.testprovidercomplexmult" xmlns:tes="http://testprovidercomplexmult.test.jbi4corba.imolinfo.it/">
   <soapenv:Header/>
   <soapenv:Body>
      <it1:echoExceptionNotThrown xmlns:it1="http://it.imolinfo.jbi4corba.test.testprovidercomplexmult.EchoComplex3"/>
   </soapenv:Body>
</soapenv:Envelope>]]></con:request><con:wsaConfig mustUnderstand="NONE" version="200508" action="http://it.imolinfo.jbi4corba.test.testprovidercomplexmult/EchoComplex3/echoExceptionNotThrown"/></con:call></con:operation><con:operation isOneWay="false" action="" name="echoExceptionThrown" bindingOperationName="echoExceptionThrown" type="Request-Response" outputName="echoExceptionThrownResponse" inputName="echoExceptionThrown" receivesAttachments="false" sendsAttachments="false" anonymous="optional"><con:settings/><con:call name="Request 1"><con:settings/><con:encoding>UTF-8</con:encoding><con:endpoint>http://192.168.1.209:8192/Service/test-provider-complex-mult-interface3/</con:endpoint><con:request><![CDATA[<soapenv:Envelope xmlns:soapenv="http://schemas.xmlsoap.org/soap/envelope/" xmlns:it="http://it.imolinfo.jbi4corba.test.testprovidercomplexmult" xmlns:tes="http://testprovidercomplexmult.test.jbi4corba.imolinfo.it/">
   <soapenv:Header/>
   <soapenv:Body>
      <it1:echoExceptionThrown xmlns:it1="http://it.imolinfo.jbi4corba.test.testprovidercomplexmult.EchoComplex3"/>
   </soapenv:Body>
</soapenv:Envelope>]]></con:request><con:wsaConfig mustUnderstand="NONE" version="200508" action="http://it.imolinfo.jbi4corba.test.testprovidercomplexmult/EchoComplex3/echoExceptionThrown"/></con:call></con:operation><con:operation isOneWay="false" action="" name="echoSequence" bindingOperationName="echoSequence" type="Request-Response" outputName="echoSequenceResponse" inputName="echoSequence" receivesAttachments="false" sendsAttachments="false" anonymous="optional"><con:settings/><con:call name="Request 1"><con:settings/><con:encoding>UTF-8</con:encoding><con:endpoint>http://192.168.1.209:8192/Service/test-provider-complex-mult-interface3/</con:endpoint><con:request><![CDATA[<soapenv:Envelope xmlns:soapenv="http://schemas.xmlsoap.org/soap/envelope/" xmlns:it="http://it.imolinfo.jbi4corba.test.testprovidercomplexmult">
   <soapenv:Header/>
   <soapenv:Body>
      <it1:echoSequence xmlns:it1="http://it.imolinfo.jbi4corba.test.testprovidercomplexmult.EchoComplex3"/>
   </soapenv:Body>
</soapenv:Envelope>]]></con:request><con:wsaConfig mustUnderstand="NONE" version="200508" action="http://it.imolinfo.jbi4corba.test.testprovidercomplexmult/EchoComplex3/echoSequence"/></con:call></con:operation><con:operation isOneWay="false" action="" name="echoSequenceSeqEchoStruct" bindingOperationName="echoSequenceSeqEchoStruct" type="Request-Response" outputName="echoSequenceSeqEchoStructResponse" inputName="echoSequenceSeqEchoStruct" receivesAttachments="false" sendsAttachments="false" anonymous="optional"><con:settings/><con:call name="Request 1"><con:settings/><con:encoding>UTF-8</con:encoding><con:endpoint>http://192.168.1.209:8192/Service/test-provider-complex-mult-interface3/</con:endpoint><con:request><![CDATA[<soapenv:Envelope xmlns:soapenv="http://schemas.xmlsoap.org/soap/envelope/" xmlns:it="http://it.imolinfo.jbi4corba.test.testprovidercomplexmult" xmlns:tes="http://testprovidercomplexmult.test.jbi4corba.imolinfo.it/">
   <soapenv:Header/>
   <soapenv:Body>
      <it1:echoSequenceSeqEchoStruct xmlns:it1="http://it.imolinfo.jbi4corba.test.testprovidercomplexmult.EchoComplex3"/>
   </soapenv:Body>
</soapenv:Envelope>]]></con:request><con:wsaConfig mustUnderstand="NONE" version="200508" action="http://it.imolinfo.jbi4corba.test.testprovidercomplexmult/EchoComplex3/echoSequenceSeqEchoStruct"/></con:call></con:operation><con:operation isOneWay="false" action="" name="echoSequenceSeqMySequence" bindingOperationName="echoSequenceSeqMySequence" type="Request-Response" outputName="echoSequenceSeqMySequenceResponse" inputName="echoSequenceSeqMySequence" receivesAttachments="false" sendsAttachments="false" anonymous="optional"><con:settings/><con:call name="Request 1"><con:settings/><con:encoding>UTF-8</con:encoding><con:endpoint>http://192.168.1.209:8192/Service/test-provider-complex-mult-interface3/</con:endpoint><con:request><![CDATA[<soapenv:Envelope xmlns:soapenv="http://schemas.xmlsoap.org/soap/envelope/" xmlns:it="http://it.imolinfo.jbi4corba.test.testprovidercomplexmult" xmlns:tes="http://testprovidercomplexmult.test.jbi4corba.imolinfo.it/">
   <soapenv:Header/>
   <soapenv:Body>
      <it1:echoSequenceSeqMySequence xmlns:it1="http://it.imolinfo.jbi4corba.test.testprovidercomplexmult.EchoComplex3"/>
   </soapenv:Body>
</soapenv:Envelope>]]></con:request><con:wsaConfig mustUnderstand="NONE" version="200508" action="http://it.imolinfo.jbi4corba.test.testprovidercomplexmult/EchoComplex3/echoSequenceSeqMySequence"/></con:call></con:operation><con:operation isOneWay="false" action="" name="echoSequenceValueType" bindingOperationName="echoSequenceValueType" type="Request-Response" outputName="echoSequenceValueTypeResponse" inputName="echoSequenceValueType" receivesAttachments="false" sendsAttachments="false" anonymous="optional"><con:settings/><con:call name="Request 1"><con:settings/><con:encoding>UTF-8</con:encoding><con:endpoint>http://192.168.1.209:8192/Service/test-provider-complex-mult-interface3/</con:endpoint><con:request><![CDATA[<soapenv:Envelope xmlns:soapenv="http://schemas.xmlsoap.org/soap/envelope/" xmlns:it="http://it.imolinfo.jbi4corba.test.testprovidercomplexmult" xmlns:tes="http://testprovidercomplexmult.test.jbi4corba.imolinfo.it/">
   <soapenv:Header/>
   <soapenv:Body>
      <it1:echoSequenceValueType xmlns:it1="http://it.imolinfo.jbi4corba.test.testprovidercomplexmult.EchoComplex3"/>
   </soapenv:Body>
</soapenv:Envelope>]]></con:request><con:wsaConfig mustUnderstand="NONE" version="200508" action="http://it.imolinfo.jbi4corba.test.testprovidercomplexmult/EchoComplex3/echoSequenceValueType"/></con:call></con:operation><con:operation isOneWay="false" action="" name="echoStruct" bindingOperationName="echoStruct" type="Request-Response" outputName="echoStructResponse" inputName="echoStruct" receivesAttachments="false" sendsAttachments="false" anonymous="optional"><con:settings/><con:call name="Request 1"><con:settings/><con:encoding>UTF-8</con:encoding><con:endpoint>http://192.168.1.209:8192/Service/test-provider-complex-mult-interface3/</con:endpoint><con:request><![CDATA[<soapenv:Envelope xmlns:soapenv="http://schemas.xmlsoap.org/soap/envelope/" xmlns:it="http://it.imolinfo.jbi4corba.test.testprovidercomplexmult" xmlns:tes="http://testprovidercomplexmult.test.jbi4corba.imolinfo.it/">
   <soapenv:Header/>
   <soapenv:Body>
      <it1:echoStruct xmlns:it1="http://it.imolinfo.jbi4corba.test.testprovidercomplexmult.EchoComplex3"/>
   </soapenv:Body>
</soapenv:Envelope>]]></con:request><con:wsaConfig mustUnderstand="NONE" version="200508" action="http://it.imolinfo.jbi4corba.test.testprovidercomplexmult/EchoComplex3/echoStruct"/></con:call></con:operation><con:operation isOneWay="false" action="" name="echoStructOfStruct" bindingOperationName="echoStructOfStruct" type="Request-Response" outputName="echoStructOfStructResponse" inputName="echoStructOfStruct" receivesAttachments="false" sendsAttachments="false" anonymous="optional"><con:settings/><con:call name="Request 1"><con:settings/><con:encoding>UTF-8</con:encoding><con:endpoint>http://192.168.1.209:8192/Service/test-provider-complex-mult-interface3/</con:endpoint><con:request><![CDATA[<soapenv:Envelope xmlns:soapenv="http://schemas.xmlsoap.org/soap/envelope/" xmlns:it="http://it.imolinfo.jbi4corba.test.testprovidercomplexmult" xmlns:tes="http://testprovidercomplexmult.test.jbi4corba.imolinfo.it/">
   <soapenv:Header/>
   <soapenv:Body>
      <it1:echoStructOfStruct xmlns:it1="http://it.imolinfo.jbi4corba.test.testprovidercomplexmult.EchoComplex3"/>
   </soapenv:Body>
</soapenv:Envelope>]]></con:request><con:wsaConfig mustUnderstand="NONE" version="200508" action="http://it.imolinfo.jbi4corba.test.testprovidercomplexmult/EchoComplex3/echoStructOfStruct"/></con:call></con:operation><con:operation isOneWay="false" action="" name="echoStructOfValuetype" bindingOperationName="echoStructOfValuetype" type="Request-Response" outputName="echoStructOfValuetypeResponse" inputName="echoStructOfValuetype" receivesAttachments="false" sendsAttachments="false" anonymous="optional"><con:settings/><con:call name="Request 1"><con:settings/><con:encoding>UTF-8</con:encoding><con:endpoint>http://192.168.1.209:8192/Service/test-provider-complex-mult-interface3/</con:endpoint><con:request><![CDATA[<soapenv:Envelope xmlns:soapenv="http://schemas.xmlsoap.org/soap/envelope/" xmlns:it="http://it.imolinfo.jbi4corba.test.testprovidercomplexmult" xmlns:tes="http://testprovidercomplexmult.test.jbi4corba.imolinfo.it/">
   <soapenv:Header/>
   <soapenv:Body>
      <it1:echoStructOfValuetype xmlns:it1="http://it.imolinfo.jbi4corba.test.testprovidercomplexmult.EchoComplex3"/>
   </soapenv:Body>
</soapenv:Envelope>]]></con:request><con:wsaConfig mustUnderstand="NONE" version="200508" action="http://it.imolinfo.jbi4corba.test.testprovidercomplexmult/EchoComplex3/echoStructOfValuetype"/></con:call></con:operation><con:operation isOneWay="false" action="" name="echoValueBoxedTypeComplex" bindingOperationName="echoValueBoxedTypeComplex" type="Request-Response" outputName="echoValueBoxedTypeComplexResponse" inputName="echoValueBoxedTypeComplex" receivesAttachments="false" sendsAttachments="false" anonymous="optional"><con:settings/><con:call name="Request 1"><con:settings/><con:encoding>UTF-8</con:encoding><con:endpoint>http://192.168.1.209:8192/Service/test-provider-complex-mult-interface3/</con:endpoint><con:request><![CDATA[<soapenv:Envelope xmlns:soapenv="http://schemas.xmlsoap.org/soap/envelope/" xmlns:it="http://it.imolinfo.jbi4corba.test.testprovidercomplexmult" xmlns:tes="http://testprovidercomplexmult.test.jbi4corba.imolinfo.it/">
   <soapenv:Header/>
   <soapenv:Body>
      <it1:echoValueBoxedTypeComplex xmlns:it1="http://it.imolinfo.jbi4corba.test.testprovidercomplexmult.EchoComplex3"/>
   </soapenv:Body>
</soapenv:Envelope>]]></con:request><con:wsaConfig mustUnderstand="NONE" version="200508" action="http://it.imolinfo.jbi4corba.test.testprovidercomplexmult/EchoComplex3/echoValueBoxedTypeComplex"/></con:call></con:operation><con:operation isOneWay="false" action="" name="echoValueBoxedTypePrimitive" bindingOperationName="echoValueBoxedTypePrimitive" type="Request-Response" outputName="echoValueBoxedTypePrimitiveResponse" inputName="echoValueBoxedTypePrimitive" receivesAttachments="false" sendsAttachments="false" anonymous="optional"><con:settings/><con:call name="Request 1"><con:settings/><con:encoding>UTF-8</con:encoding><con:endpoint>http://192.168.1.209:8192/Service/test-provider-complex-mult-interface3/</con:endpoint><con:request><![CDATA[<soapenv:Envelope xmlns:soapenv="http://schemas.xmlsoap.org/soap/envelope/" xmlns:it="http://it.imolinfo.jbi4corba.test.testprovidercomplexmult" xmlns:tes="http://testprovidercomplexmult.test.jbi4corba.imolinfo.it/">
   <soapenv:Header/>
   <soapenv:Body>
      <it1:echoValueBoxedTypePrimitive xmlns:it1="http://it.imolinfo.jbi4corba.test.testprovidercomplexmult.EchoComplex3"/>
   </soapenv:Body>
</soapenv:Envelope>]]></con:request><con:wsaConfig mustUnderstand="NONE" version="200508" action="http://it.imolinfo.jbi4corba.test.testprovidercomplexmult/EchoComplex3/echoValueBoxedTypePrimitive"/></con:call></con:operation><con:operation isOneWay="false" action="" name="echoValueType" bindingOperationName="echoValueType" type="Request-Response" outputName="echoValueTypeResponse" inputName="echoValueType" receivesAttachments="false" sendsAttachments="false" anonymous="optional"><con:settings/><con:call name="Request 1"><con:settings/><con:encoding>UTF-8</con:encoding><con:endpoint>http://192.168.1.209:8192/Service/test-provider-complex-mult-interface3/</con:endpoint><con:request><![CDATA[<soapenv:Envelope xmlns:soapenv="http://schemas.xmlsoap.org/soap/envelope/" xmlns:it="http://it.imolinfo.jbi4corba.test.testprovidercomplexmult" xmlns:tes="http://testprovidercomplexmult.test.jbi4corba.imolinfo.it/">
   <soapenv:Header/>
   <soapenv:Body>
      <it1:echoValueType xmlns:it1="http://it.imolinfo.jbi4corba.test.testprovidercomplexmult.EchoComplex3"/>
   </soapenv:Body>
</soapenv:Envelope>]]></con:request><con:wsaConfig mustUnderstand="NONE" version="200508" action="http://it.imolinfo.jbi4corba.test.testprovidercomplexmult/EchoComplex3/echoValueType"/></con:call></con:operation><con:operation isOneWay="false" action="" name="echoValueTypeOfStruct" bindingOperationName="echoValueTypeOfStruct" type="Request-Response" outputName="echoValueTypeOfStructResponse" inputName="echoValueTypeOfStruct" receivesAttachments="false" sendsAttachments="false" anonymous="optional"><con:settings/><con:call name="Request 1"><con:settings/><con:encoding>UTF-8</con:encoding><con:endpoint>http://192.168.1.209:8192/Service/test-provider-complex-mult-interface3/</con:endpoint><con:request><![CDATA[<soapenv:Envelope xmlns:soapenv="http://schemas.xmlsoap.org/soap/envelope/" xmlns:it="http://it.imolinfo.jbi4corba.test.testprovidercomplexmult" xmlns:tes="http://testprovidercomplexmult.test.jbi4corba.imolinfo.it/">
   <soapenv:Header/>
   <soapenv:Body>
      <it1:echoValueTypeOfStruct xmlns:it1="http://it.imolinfo.jbi4corba.test.testprovidercomplexmult.EchoComplex3"/>
   </soapenv:Body>
</soapenv:Envelope>]]></con:request><con:wsaConfig mustUnderstand="NONE" version="200508" action="http://it.imolinfo.jbi4corba.test.testprovidercomplexmult/EchoComplex3/echoValueTypeOfStruct"/></con:call></con:operation><con:operation isOneWay="false" action="" name="echoValueTypeOfValueType" bindingOperationName="echoValueTypeOfValueType" type="Request-Response" outputName="echoValueTypeOfValueTypeResponse" inputName="echoValueTypeOfValueType" receivesAttachments="false" sendsAttachments="false" anonymous="optional"><con:settings/><con:call name="Request 1"><con:settings/><con:encoding>UTF-8</con:encoding><con:endpoint>http://192.168.1.209:8192/Service/test-provider-complex-mult-interface3/</con:endpoint><con:request><![CDATA[<soapenv:Envelope xmlns:soapenv="http://schemas.xmlsoap.org/soap/envelope/" xmlns:it="http://it.imolinfo.jbi4corba.test.testprovidercomplexmult" xmlns:tes="http://testprovidercomplexmult.test.jbi4corba.imolinfo.it/">
   <soapenv:Header/>
   <soapenv:Body>
      <it1:echoValueTypeOfValueType xmlns:it1="http://it.imolinfo.jbi4corba.test.testprovidercomplexmult.EchoComplex3"/>
   </soapenv:Body>
</soapenv:Envelope>]]></con:request><con:wsaConfig mustUnderstand="NONE" version="200508" action="http://it.imolinfo.jbi4corba.test.testprovidercomplexmult/EchoComplex3/echoValueTypeOfValueType"/></con:call></con:operation><con:operation isOneWay="false" action="" name="echoVTPrimi" bindingOperationName="echoVTPrimi" type="Request-Response" outputName="echoVTPrimiResponse" inputName="echoVTPrimi" receivesAttachments="false" sendsAttachments="false" anonymous="optional"><con:settings/><con:call name="Request 1"><con:settings/><con:encoding>UTF-8</con:encoding><con:endpoint>http://192.168.1.209:8192/Service/test-provider-complex-mult-interface3/</con:endpoint><con:request><![CDATA[<soapenv:Envelope xmlns:soapenv="http://schemas.xmlsoap.org/soap/envelope/" xmlns:it="http://it.imolinfo.jbi4corba.test.testprovidercomplexmult" xmlns:tes="http://testprovidercomplexmult.test.jbi4corba.imolinfo.it/">
   <soapenv:Header/>
   <soapenv:Body>
      <it1:echoVTPrimi xmlns:it1="http://it.imolinfo.jbi4corba.test.testprovidercomplexmult.EchoComplex3"/>
   </soapenv:Body>
</soapenv:Envelope>]]></con:request><con:wsaConfig mustUnderstand="NONE" version="200508" action="http://it.imolinfo.jbi4corba.test.testprovidercomplexmult/EchoComplex3/echoVTPrimi"/></con:call></con:operation><con:operation isOneWay="false" action="" name="echoVTPrimiSeq" bindingOperationName="echoVTPrimiSeq" type="Request-Response" outputName="echoVTPrimiSeqResponse" inputName="echoVTPrimiSeq" receivesAttachments="false" sendsAttachments="false" anonymous="optional"><con:settings/><con:call name="Request 1"><con:settings/><con:encoding>UTF-8</con:encoding><con:endpoint>http://192.168.1.209:8192/Service/test-provider-complex-mult-interface3/</con:endpoint><con:request><![CDATA[<soapenv:Envelope xmlns:soapenv="http://schemas.xmlsoap.org/soap/envelope/" xmlns:it="http://it.imolinfo.jbi4corba.test.testprovidercomplexmult" xmlns:tes="http://testprovidercomplexmult.test.jbi4corba.imolinfo.it/">
   <soapenv:Header/>
   <soapenv:Body>
      <it1:echoVTPrimiSeq xmlns:it1="http://it.imolinfo.jbi4corba.test.testprovidercomplexmult.EchoComplex3"/>
   </soapenv:Body>
</soapenv:Envelope>]]></con:request><con:wsaConfig mustUnderstand="NONE" version="200508" action="http://it.imolinfo.jbi4corba.test.testprovidercomplexmult/EchoComplex3/echoVTPrimiSeq"/></con:call></con:operation></con:interface><con:testSuite name="EchoComplexCorbaBinding TestSuite"><con:settings/><con:runType>SEQUENTIAL</con:runType><con:testCase failOnError="true" failTestCaseOnErrors="true" keepSession="false" maxResults="0" name="echo TestCase" searchProperties="true" id="a590e469-b380-492f-8fa4-6c7893c3099a"><con:settings/><con:testStep type="request" name="echo"><con:settings/><con:config xsi:type="con:RequestStep" xmlns:xsi="http://www.w3.org/2001/XMLSchema-instance"><con:interface>EchoComplexCorbaBinding</con:interface><con:operation>echo</con:operation><con:request name="echo"><con:settings/><con:encoding>UTF-8</con:encoding><con:endpoint>http://localhost:8192/Service/test-provider-complex-mult-interface/</con:endpoint><con:request><![CDATA[<soapenv:Envelope xmlns:soapenv="http://schemas.xmlsoap.org/soap/envelope/" xmlns:it="http://it.imolinfo.jbi4corba.test.testprovidercomplexmult.EchoComplex">
   <soapenv:Header/>
   <soapenv:Body>
      <it:echo>
         <!--Optional:-->
         <it:msg>ciao</it:msg>
      </it:echo>
   </soapenv:Body>
</soapenv:Envelope>]]></con:request><con:assertion type="SOAP Fault Assertion"/><con:assertion type="SOAP Response"/><con:assertion type="Simple Contains"><con:configuration><token>Interface1</token><ignoreCase>false</ignoreCase><useRegEx>false</useRegEx></con:configuration></con:assertion><con:assertion type="Schema Compliance"><con:configuration><definition/></con:configuration></con:assertion><con:wsaConfig action="http://it.imolinfo.jbi4corba.test.testprovidercomplexmult.EchoComplex/EchoComplex/echo" mustUnderstand="NONE" version="200508"/><con:wsrmConfig version="1.2"/></con:request></con:config></con:testStep><con:properties/></con:testCase><con:testCase failOnError="true" failTestCaseOnErrors="true" keepSession="false" maxResults="0" name="echoExceptionNotThrown TestCase" searchProperties="true" id="22516746-2b3a-4c05-9899-538de36034cb"><con:settings/><con:testStep type="request" name="echoExceptionNotThrown"><con:settings/><con:config xsi:type="con:RequestStep" xmlns:xsi="http://www.w3.org/2001/XMLSchema-instance"><con:interface>EchoComplexCorbaBinding</con:interface><con:operation>echoExceptionNotThrown</con:operation><con:request name="echoExceptionNotThrown"><con:settings/><con:encoding>UTF-8</con:encoding><con:endpoint>http://localhost:8192/Service/test-provider-complex-mult-interface/</con:endpoint><con:request><![CDATA[<soapenv:Envelope xmlns:soapenv="http://schemas.xmlsoap.org/soap/envelope/" xmlns:it="http://it.imolinfo.jbi4corba.test.testprovidercomplexmult.EchoComplex" xmlns:tes="http://testprovidercomplexmult.test.jbi4corba.imolinfo.it/">
   <soapenv:Header/>
   <soapenv:Body>
      <it:echoExceptionNotThrown>
         <!--Optional:-->
         <it:es>
            <tes:fieldBoolean>false</tes:fieldBoolean>
            <tes:fieldChar>1</tes:fieldChar>
            <tes:fieldWChar>22</tes:fieldWChar>
            <tes:fieldOctet>1234214</tes:fieldOctet>
            <!--Optional:-->
            <tes:fieldString>ciao</tes:fieldString>
            <!--Optional:-->
            <tes:fieldWString>asd</tes:fieldWString>
            <tes:fieldShort>2</tes:fieldShort>
            <tes:fieldUnsignedShort>3</tes:fieldUnsignedShort>
            <tes:fieldLong>22</tes:fieldLong>
            <tes:fieldUnsignedLong>33</tes:fieldUnsignedLong>
            <tes:fieldLongLong>3</tes:fieldLongLong>
            <tes:fieldUnsignedLongLong>3</tes:fieldUnsignedLongLong>
            <tes:fieldFloat>3</tes:fieldFloat>
            <tes:fieldDouble>3</tes:fieldDouble>
         </it:es>
      </it:echoExceptionNotThrown>
   </soapenv:Body>
</soapenv:Envelope>]]></con:request><con:assertion type="SOAP Fault Assertion"/><con:assertion type="SOAP Response"/><con:assertion type="Schema Compliance"><con:configuration><definition/></con:configuration></con:assertion><con:wsaConfig action="http://it.imolinfo.jbi4corba.test.testprovidercomplexmult.EchoComplex/EchoComplex/echoExceptionNotThrown" mustUnderstand="NONE" version="200508"/><con:wsrmConfig version="1.2"/></con:request></con:config></con:testStep><con:properties/></con:testCase><con:testCase failOnError="true" failTestCaseOnErrors="true" keepSession="false" maxResults="0" name="echoSequence TestCase" searchProperties="true" id="8b9f46e0-9b46-4360-8d21-90a3a145abc6"><con:settings/><con:testStep type="request" name="echoSequence"><con:settings/><con:config xsi:type="con:RequestStep" xmlns:xsi="http://www.w3.org/2001/XMLSchema-instance"><con:interface>EchoComplexCorbaBinding</con:interface><con:operation>echoSequence</con:operation><con:request name="echoSequence"><con:settings/><con:encoding>UTF-8</con:encoding><con:endpoint>http://localhost:8192/Service/test-provider-complex-mult-interface/</con:endpoint><con:request><![CDATA[<soapenv:Envelope xmlns:soapenv="http://schemas.xmlsoap.org/soap/envelope/" xmlns:it="http://it.imolinfo.jbi4corba.test.testprovidercomplexmult.EchoComplex">
   <soapenv:Header/>
   <soapenv:Body>
      <it:echoSequence>
         <!--Zero or more repetitions:-->
         <it:es>1</it:es>
      </it:echoSequence>
   </soapenv:Body>
</soapenv:Envelope>]]></con:request><con:assertion type="SOAP Response"/><con:assertion type="SOAP Fault Assertion"/><con:assertion type="Schema Compliance"><con:configuration><definition/></con:configuration></con:assertion><con:wsaConfig action="http://it.imolinfo.jbi4corba.test.testprovidercomplexmult.EchoComplex/EchoComplex/echoSequence" mustUnderstand="NONE" version="200508"/><con:wsrmConfig version="1.2"/></con:request></con:config></con:testStep><con:properties/></con:testCase><con:testCase failOnError="true" failTestCaseOnErrors="true" keepSession="false" maxResults="0" name="echoSequenceSeqEchoStruct TestCase" searchProperties="true" id="aaefa7fd-17af-415f-9f5f-1da790e1d165"><con:settings/><con:testStep type="request" name="echoSequenceSeqEchoStruct"><con:settings/><con:config xsi:type="con:RequestStep" xmlns:xsi="http://www.w3.org/2001/XMLSchema-instance"><con:interface>EchoComplexCorbaBinding</con:interface><con:operation>echoSequenceSeqEchoStruct</con:operation><con:request name="echoSequenceSeqEchoStruct"><con:settings/><con:encoding>UTF-8</con:encoding><con:endpoint>http://localhost:8192/Service/test-provider-complex-mult-interface/</con:endpoint><con:request><![CDATA[<soapenv:Envelope xmlns:soapenv="http://schemas.xmlsoap.org/soap/envelope/" xmlns:it="http://it.imolinfo.jbi4corba.test.testprovidercomplexmult" xmlns:tes="http://testprovidercomplexmult.test.jbi4corba.imolinfo.it/">
   <soapenv:Header/>
   <soapenv:Body>
      <it1:echoSequenceSeqEchoStruct xmlns:it1="http://it.imolinfo.jbi4corba.test.testprovidercomplexmult.EchoComplex"><!--Zero or more repetitions:-->
         <it1:es>
            <tes:fieldBoolean>false</tes:fieldBoolean>
            <tes:fieldChar>2</tes:fieldChar>
            <tes:fieldWChar>22</tes:fieldWChar>
            <tes:fieldOctet>35333333</tes:fieldOctet>
            <!--Optional:-->
            <tes:fieldString>pippo</tes:fieldString>
            <!--Optional:-->
            <tes:fieldWString>dd</tes:fieldWString>
            <tes:fieldShort>1</tes:fieldShort>
            <tes:fieldUnsignedShort>2</tes:fieldUnsignedShort>
            <tes:fieldLong>303</tes:fieldLong>
            <tes:fieldUnsignedLong>94</tes:fieldUnsignedLong>
            <tes:fieldLongLong>4343</tes:fieldLongLong>
            <tes:fieldUnsignedLongLong>343</tes:fieldUnsignedLongLong>
            <tes:fieldFloat>4.5</tes:fieldFloat>
            <tes:fieldDouble>16.045</tes:fieldDouble>
         </it1:es>
      </it1:echoSequenceSeqEchoStruct>
   </soapenv:Body>
</soapenv:Envelope>]]></con:request><con:assertion type="SOAP Fault Assertion"/><con:assertion type="SOAP Response"/><con:assertion type="Schema Compliance"><con:configuration><definition/></con:configuration></con:assertion><con:assertion type="Simple Contains"><con:configuration><token>Interface1</token><ignoreCase>false</ignoreCase><useRegEx>false</useRegEx></con:configuration></con:assertion><con:wsaConfig action="http://it.imolinfo.jbi4corba.test.testprovidercomplexmult.EchoComplex/EchoComplex/echoSequenceSeqEchoStruct" mustUnderstand="NONE" version="200508"/><con:wsrmConfig version="1.2"/></con:request></con:config></con:testStep><con:properties/></con:testCase><con:testCase failOnError="true" failTestCaseOnErrors="true" keepSession="false" maxResults="0" name="echoSequenceSeqMySequence TestCase" searchProperties="true" id="e4518243-39b4-4e06-af6a-2fdee2e9df16"><con:settings/><con:testStep type="request" name="echoSequenceSeqMySequence"><con:settings/><con:config xsi:type="con:RequestStep" xmlns:xsi="http://www.w3.org/2001/XMLSchema-instance"><con:interface>EchoComplexCorbaBinding</con:interface><con:operation>echoSequenceSeqMySequence</con:operation><con:request name="echoSequenceSeqMySequence"><con:settings/><con:encoding>UTF-8</con:encoding><con:endpoint>http://localhost:8192/Service/test-provider-complex-mult-interface/</con:endpoint><con:request><![CDATA[<soapenv:Envelope xmlns:soapenv="http://schemas.xmlsoap.org/soap/envelope/" xmlns:it="http://it.imolinfo.jbi4corba.test.testprovidercomplexmult.EchoComplex" xmlns:tes="http://testprovidercomplexmult.test.jbi4corba.imolinfo.it/">
   <soapenv:Header/>
   <soapenv:Body>
      <it:echoSequenceSeqMySequence>
         <!--Zero or more repetitions:-->
         <it:es>
            <!--Zero or more repetitions:-->
            <tes:data>1</tes:data>
         </it:es>
      </it:echoSequenceSeqMySequence>
   </soapenv:Body>
</soapenv:Envelope>]]></con:request><con:assertion type="SOAP Fault Assertion"/><con:assertion type="Schema Compliance"><con:configuration><definition/></con:configuration></con:assertion><con:assertion type="SOAP Response"/><con:wsaConfig action="http://it.imolinfo.jbi4corba.test.testprovidercomplexmult.EchoComplex/EchoComplex/echoSequenceSeqMySequence" mustUnderstand="NONE" version="200508"/><con:wsrmConfig version="1.2"/></con:request></con:config></con:testStep><con:properties/></con:testCase><con:testCase failOnError="true" failTestCaseOnErrors="true" keepSession="false" maxResults="0" name="echoSequenceValueType TestCase" searchProperties="true" id="9f15cc22-8c3a-4507-aeb0-cf9d695c3eb6"><con:settings/><con:testStep type="request" name="echoSequenceValueType"><con:settings/><con:config xsi:type="con:RequestStep" xmlns:xsi="http://www.w3.org/2001/XMLSchema-instance"><con:interface>EchoComplexCorbaBinding</con:interface><con:operation>echoSequenceValueType</con:operation><con:request name="echoSequenceValueType"><con:settings/><con:encoding>UTF-8</con:encoding><con:endpoint>http://localhost:8192/Service/test-provider-complex-mult-interface/</con:endpoint><con:request><![CDATA[<soapenv:Envelope xmlns:soapenv="http://schemas.xmlsoap.org/soap/envelope/" xmlns:it="http://it.imolinfo.jbi4corba.test.testprovidercomplexmult.EchoComplex" xmlns:tes="http://testprovidercomplexmult.test.jbi4corba.imolinfo.it/">
   <soapenv:Header/>
   <soapenv:Body>
      <it:echoSequenceValueType>
         <!--Optional:-->
         <it:es>
            <!--Zero or more repetitions:-->
            <tes:data>0</tes:data>
         </it:es>
      </it:echoSequenceValueType>
   </soapenv:Body>
</soapenv:Envelope>]]></con:request><con:assertion type="SOAP Response"/><con:assertion type="Schema Compliance"><con:configuration><definition/></con:configuration></con:assertion><con:assertion type="SOAP Fault Assertion"/><con:wsaConfig action="http://it.imolinfo.jbi4corba.test.testprovidercomplexmult.EchoComplex/EchoComplex/echoSequenceValueType" mustUnderstand="NONE" version="200508"/><con:wsrmConfig version="1.2"/></con:request></con:config></con:testStep><con:properties/></con:testCase><con:testCase failOnError="true" failTestCaseOnErrors="true" keepSession="false" maxResults="0" name="echoStruct TestCase" searchProperties="true" id="a430a8b0-d7e2-49c9-bc75-56f3ef475f3a"><con:settings/><con:testStep type="request" name="echoStruct"><con:settings/><con:config xsi:type="con:RequestStep" xmlns:xsi="http://www.w3.org/2001/XMLSchema-instance"><con:interface>EchoComplexCorbaBinding</con:interface><con:operation>echoStruct</con:operation><con:request name="echoStruct"><con:settings/><con:encoding>UTF-8</con:encoding><con:endpoint>http://localhost:8192/Service/test-provider-complex-mult-interface/</con:endpoint><con:request><![CDATA[<soapenv:Envelope xmlns:soapenv="http://schemas.xmlsoap.org/soap/envelope/" xmlns:it="http://it.imolinfo.jbi4corba.test.testprovidercomplexmult" xmlns:tes="http://testprovidercomplexmult.test.jbi4corba.imolinfo.it/">
   <soapenv:Header/>
   <soapenv:Body>
      <it1:echoStruct xmlns:it1="http://it.imolinfo.jbi4corba.test.testprovidercomplexmult.EchoComplex"><!--Optional:-->
          <it1:es>
            <tes:fieldBoolean>false</tes:fieldBoolean>
            <tes:fieldChar>2</tes:fieldChar>
            <tes:fieldWChar>22</tes:fieldWChar>
            <tes:fieldOctet>35333333</tes:fieldOctet>
            <!--Optional:-->
            <tes:fieldString>pippo</tes:fieldString>
            <!--Optional:-->
            <tes:fieldWString>dd</tes:fieldWString>
            <tes:fieldShort>1</tes:fieldShort>
            <tes:fieldUnsignedShort>2</tes:fieldUnsignedShort>
            <tes:fieldLong>303</tes:fieldLong>
            <tes:fieldUnsignedLong>94</tes:fieldUnsignedLong>
            <tes:fieldLongLong>4343</tes:fieldLongLong>
            <tes:fieldUnsignedLongLong>343</tes:fieldUnsignedLongLong>
            <tes:fieldFloat>4.5</tes:fieldFloat>
            <tes:fieldDouble>16.045</tes:fieldDouble>
         </it1:es>
      </it1:echoStruct>
   </soapenv:Body>
</soapenv:Envelope>]]></con:request><con:assertion type="SOAP Fault Assertion"/><con:assertion type="SOAP Response"/><con:assertion type="Schema Compliance"><con:configuration><definition/></con:configuration></con:assertion><con:assertion type="Simple Contains"><con:configuration><token>Interface1</token><ignoreCase>false</ignoreCase><useRegEx>false</useRegEx></con:configuration></con:assertion><con:wsaConfig action="http://it.imolinfo.jbi4corba.test.testprovidercomplexmult.EchoComplex/EchoComplex/echoStruct" mustUnderstand="NONE" version="200508"/><con:wsrmConfig version="1.2"/></con:request></con:config></con:testStep><con:properties/></con:testCase><con:testCase failOnError="true" failTestCaseOnErrors="true" keepSession="false" maxResults="0" name="echoStructOfStruct TestCase" searchProperties="true" id="9721bcd7-d3a6-4734-a828-8d47ac3d40b9"><con:settings/><con:testStep type="request" name="echoStructOfStruct"><con:settings/><con:config xsi:type="con:RequestStep" xmlns:xsi="http://www.w3.org/2001/XMLSchema-instance"><con:interface>EchoComplexCorbaBinding</con:interface><con:operation>echoStructOfStruct</con:operation><con:request name="echoStructOfStruct"><con:settings/><con:encoding>UTF-8</con:encoding><con:endpoint>http://localhost:8192/Service/test-provider-complex-mult-interface/</con:endpoint><con:request><![CDATA[<soapenv:Envelope xmlns:soapenv="http://schemas.xmlsoap.org/soap/envelope/" xmlns:it="http://it.imolinfo.jbi4corba.test.testprovidercomplexmult" xmlns:tes="http://testprovidercomplexmult.test.jbi4corba.imolinfo.it/">
   <soapenv:Header/>
   <soapenv:Body>
      <it1:echoStructOfStruct xmlns:it1="http://it.imolinfo.jbi4corba.test.testprovidercomplexmult.EchoComplex"><!--Optional:-->
         <it1:v>
            <!--Optional:-->
            <tes:internalStruct>
               
            <tes:fieldBoolean>false</tes:fieldBoolean>
            <tes:fieldChar>2</tes:fieldChar>
            <tes:fieldWChar>22</tes:fieldWChar>
            <tes:fieldOctet>35333333</tes:fieldOctet>
            <!--Optional:-->
            <tes:fieldString>pippo</tes:fieldString>
            <!--Optional:-->
            <tes:fieldWString>dd</tes:fieldWString>
            <tes:fieldShort>1</tes:fieldShort>
            <tes:fieldUnsignedShort>2</tes:fieldUnsignedShort>
            <tes:fieldLong>303</tes:fieldLong>
            <tes:fieldUnsignedLong>94</tes:fieldUnsignedLong>
            <tes:fieldLongLong>4343</tes:fieldLongLong>
            <tes:fieldUnsignedLongLong>343</tes:fieldUnsignedLongLong>
            <tes:fieldFloat>4.5</tes:fieldFloat>
            <tes:fieldDouble>16.045</tes:fieldDouble>
        
            </tes:internalStruct>
         </it1:v>
      </it1:echoStructOfStruct>
   </soapenv:Body>
</soapenv:Envelope>]]></con:request><con:assertion type="SOAP Fault Assertion"/><con:assertion type="Schema Compliance"><con:configuration><definition/></con:configuration></con:assertion><con:assertion type="SOAP Response"/><con:wsaConfig action="http://it.imolinfo.jbi4corba.test.testprovidercomplexmult.EchoComplex/EchoComplex/echoStructOfStruct" mustUnderstand="NONE" version="200508"/><con:wsrmConfig version="1.2"/></con:request></con:config></con:testStep><con:properties/></con:testCase><con:testCase failOnError="true" failTestCaseOnErrors="true" keepSession="false" maxResults="0" name="echoValueBoxedTypeComplex TestCase" searchProperties="true" id="1b35fdb7-9007-40e1-bf97-77e901902d2c"><con:settings/><con:testStep type="request" name="echoValueBoxedTypeComplex"><con:settings/><con:config xsi:type="con:RequestStep" xmlns:xsi="http://www.w3.org/2001/XMLSchema-instance"><con:interface>EchoComplexCorbaBinding</con:interface><con:operation>echoValueBoxedTypeComplex</con:operation><con:request name="echoValueBoxedTypeComplex"><con:settings/><con:encoding>UTF-8</con:encoding><con:endpoint>http://localhost:8192/Service/test-provider-complex-mult-interface/</con:endpoint><con:request><![CDATA[<soapenv:Envelope xmlns:soapenv="http://schemas.xmlsoap.org/soap/envelope/" xmlns:it="http://it.imolinfo.jbi4corba.test.testprovidercomplexmult.EchoComplex" xmlns:tes="http://testprovidercomplexmult.test.jbi4corba.imolinfo.it/">
   <soapenv:Header/>
   <soapenv:Body>
      <it:echoValueBoxedTypeComplex>
         <!--Optional:-->
         <it:e>
            <!--Zero or more repetitions:-->
            <tes:data>3</tes:data>
         </it:e>
      </it:echoValueBoxedTypeComplex>
   </soapenv:Body>
</soapenv:Envelope>]]></con:request><con:assertion type="SOAP Fault Assertion"/><con:assertion type="SOAP Response"/><con:assertion type="Schema Compliance"><con:configuration><definition/></con:configuration></con:assertion><con:wsaConfig action="http://it.imolinfo.jbi4corba.test.testprovidercomplexmult.EchoComplex/EchoComplex/echoValueBoxedTypeComplex" mustUnderstand="NONE" version="200508"/><con:wsrmConfig version="1.2"/></con:request></con:config></con:testStep><con:properties/></con:testCase><con:testCase failOnError="true" failTestCaseOnErrors="true" keepSession="false" maxResults="0" name="echoValueType TestCase" searchProperties="true" id="9168e977-26a4-45cf-b3f2-f322c82b2c98"><con:settings/><con:testStep type="request" name="echoValueType"><con:settings/><con:config xsi:type="con:RequestStep" xmlns:xsi="http://www.w3.org/2001/XMLSchema-instance"><con:interface>EchoComplexCorbaBinding</con:interface><con:operation>echoValueType</con:operation><con:request name="echoValueType"><con:settings/><con:encoding>UTF-8</con:encoding><con:endpoint>http://localhost:8192/Service/test-provider-complex-mult-interface/</con:endpoint><con:request><![CDATA[<soapenv:Envelope xmlns:soapenv="http://schemas.xmlsoap.org/soap/envelope/" xmlns:it="http://it.imolinfo.jbi4corba.test.testprovidercomplexmult.EchoComplex" xmlns:tes="http://testprovidercomplexmult.test.jbi4corba.imolinfo.it/">
   <soapenv:Header/>
   <soapenv:Body>
      <it:echoValueType>
         <!--Optional:-->
         <it:e>
            <tes:publicShort>2</tes:publicShort>
            <tes:privateLong>33</tes:privateLong>
         </it:e>
      </it:echoValueType>
   </soapenv:Body>
</soapenv:Envelope>]]></con:request><con:assertion type="SOAP Fault Assertion"/><con:assertion type="SOAP Response"/><con:assertion type="SOAP Fault Assertion"/><con:wsaConfig action="http://it.imolinfo.jbi4corba.test.testprovidercomplexmult.EchoComplex/EchoComplex/echoValueType" mustUnderstand="NONE" version="200508"/><con:wsrmConfig version="1.2"/></con:request></con:config></con:testStep><con:properties/></con:testCase><con:testCase failOnError="true" failTestCaseOnErrors="true" keepSession="false" maxResults="0" name="echoValueTypeOfStruct TestCase" searchProperties="true" id="58d78561-0bcc-408b-98fb-5d1d684865df"><con:settings/><con:testStep type="request" name="echoValueTypeOfStruct"><con:settings/><con:config xsi:type="con:RequestStep" xmlns:xsi="http://www.w3.org/2001/XMLSchema-instance"><con:interface>EchoComplexCorbaBinding</con:interface><con:operation>echoValueTypeOfStruct</con:operation><con:request name="echoValueTypeOfStruct"><con:settings/><con:encoding>UTF-8</con:encoding><con:endpoint>http://localhost:8192/Service/test-provider-complex-mult-interface/</con:endpoint><con:request><![CDATA[<soapenv:Envelope xmlns:soapenv="http://schemas.xmlsoap.org/soap/envelope/" xmlns:it="http://it.imolinfo.jbi4corba.test.testprovidercomplexmult" xmlns:tes="http://testprovidercomplexmult.test.jbi4corba.imolinfo.it/">
   <soapenv:Header/>
   <soapenv:Body>
      <it1:echoValueTypeOfStruct xmlns:it1="http://it.imolinfo.jbi4corba.test.testprovidercomplexmult.EchoComplex"><!--Optional:-->
         <it1:v>
            <!--Optional:-->
            <tes:data>
              <tes:fieldBoolean>false</tes:fieldBoolean>
               <tes:fieldChar>1</tes:fieldChar>
               <tes:fieldWChar>22</tes:fieldWChar>
               <tes:fieldOctet>1234214</tes:fieldOctet>
               <!--Optional:-->
               <tes:fieldString>ciao</tes:fieldString>
               <!--Optional:-->
               <tes:fieldWString>asd</tes:fieldWString>
               <tes:fieldShort>2</tes:fieldShort>
               <tes:fieldUnsignedShort>3</tes:fieldUnsignedShort>
               <tes:fieldLong>22</tes:fieldLong>
               <tes:fieldUnsignedLong>33</tes:fieldUnsignedLong>
               <tes:fieldLongLong>3</tes:fieldLongLong>
               <tes:fieldUnsignedLongLong>3</tes:fieldUnsignedLongLong>
               <tes:fieldFloat>3</tes:fieldFloat>
               <tes:fieldDouble>3</tes:fieldDouble>
            </tes:data>
         </it1:v>
      </it1:echoValueTypeOfStruct>
   </soapenv:Body>
</soapenv:Envelope>]]></con:request><con:assertion type="SOAP Response"/><con:assertion type="Schema Compliance"><con:configuration><definition/></con:configuration></con:assertion><con:assertion type="SOAP Fault Assertion"/><con:wsaConfig action="http://it.imolinfo.jbi4corba.test.testprovidercomplexmult.EchoComplex/EchoComplex/echoValueTypeOfStruct" mustUnderstand="NONE" version="200508"/><con:wsrmConfig version="1.2"/></con:request></con:config></con:testStep><con:properties/></con:testCase><con:properties/></con:testSuite><con:testSuite name="EchoComplex2CorbaBinding TestSuite"><con:settings/><con:runType>SEQUENTIAL</con:runType><con:testCase failOnError="true" failTestCaseOnErrors="true" keepSession="false" maxResults="0" name="echo2 TestCase" searchProperties="true" id="d9218a1d-0a88-433a-b87a-e0b631afc100"><con:settings/><con:testStep type="request" name="echo2"><con:settings/><con:config xsi:type="con:RequestStep" xmlns:xsi="http://www.w3.org/2001/XMLSchema-instance"><con:interface>EchoComplex2CorbaBinding</con:interface><con:operation>echo2</con:operation><con:request name="echo2" outgoingWss="" incomingWss="" wssPasswordType=""><con:settings/><con:encoding>UTF-8</con:encoding><con:endpoint>http://192.168.1.209:8192/Service/test-provider-complex-mult-interface2/</con:endpoint><con:request><![CDATA[<soapenv:Envelope xmlns:soapenv="http://schemas.xmlsoap.org/soap/envelope/" xmlns:it="http://it.imolinfo.jbi4corba.test.testprovidercomplexmult">
   <soapenv:Header/>
   <soapenv:Body>
      <it1:echo2 xmlns:it1="http://it.imolinfo.jbi4corba.test.testprovidercomplexmult.EchoComplex2"><!--Optional:-->
         <it1:msg>ciao</it1:msg>
      </it1:echo2>
   </soapenv:Body>
</soapenv:Envelope>]]></con:request><con:assertion type="SOAP Response"/><con:assertion type="Simple Contains"><con:configuration><token>Interface2</token><ignoreCase>false</ignoreCase><useRegEx>false</useRegEx></con:configuration></con:assertion><con:assertion type="Schema Compliance"><con:configuration><definition/></con:configuration></con:assertion><con:assertion type="SOAP Fault Assertion"/><con:wsaConfig mustUnderstand="NONE" version="200508" action="http://it.imolinfo.jbi4corba.test.testprovidercomplexmult/EchoComplex2/echo2"/><con:wsrmConfig version="1.2"/></con:request></con:config></con:testStep><con:properties/></con:testCase><con:testCase failOnError="true" failTestCaseOnErrors="true" keepSession="false" maxResults="0" name="echoExceptionNotThrown2 TestCase" searchProperties="true" id="6696a9cf-cff9-4334-ba07-9decb606c613"><con:settings/><con:testStep type="request" name="echoExceptionNotThrown2"><con:settings/><con:config xsi:type="con:RequestStep" xmlns:xsi="http://www.w3.org/2001/XMLSchema-instance"><con:interface>EchoComplex2CorbaBinding</con:interface><con:operation>echoExceptionNotThrown2</con:operation><con:request name="echoExceptionNotThrown2" outgoingWss="" incomingWss="" wssPasswordType=""><con:settings/><con:encoding>UTF-8</con:encoding><con:endpoint>http://192.168.1.209:8192/Service/test-provider-complex-mult-interface2/</con:endpoint><con:request><![CDATA[<soapenv:Envelope xmlns:soapenv="http://schemas.xmlsoap.org/soap/envelope/" xmlns:it="http://it.imolinfo.jbi4corba.test.testprovidercomplexmult" xmlns:tes="http://testprovidercomplexmult.test.jbi4corba.imolinfo.it/">
   <soapenv:Header/>
   <soapenv:Body>
      <it1:echoExceptionNotThrown2 xmlns:it1="http://it.imolinfo.jbi4corba.test.testprovidercomplexmult.EchoComplex2"><!--Optional:-->
         <it1:es>
            <tes:fieldBoolean>false</tes:fieldBoolean>
            <tes:fieldChar>2</tes:fieldChar>
            <tes:fieldWChar>2</tes:fieldWChar>
            <tes:fieldOctet>2222</tes:fieldOctet>
            <!--Optional:-->
            <tes:fieldString>Interface2</tes:fieldString>
            <!--Optional:-->
            <tes:fieldWString>ss</tes:fieldWString>
            <tes:fieldShort>2</tes:fieldShort>
            <tes:fieldUnsignedShort>2</tes:fieldUnsignedShort>
            <tes:fieldLong>2</tes:fieldLong>
            <tes:fieldUnsignedLong>22</tes:fieldUnsignedLong>
            <tes:fieldLongLong>22</tes:fieldLongLong>
            <tes:fieldUnsignedLongLong>22</tes:fieldUnsignedLongLong>
            <tes:fieldFloat>2.2</tes:fieldFloat>
            <tes:fieldDouble>2.22</tes:fieldDouble>
         </it1:es>
      </it1:echoExceptionNotThrown2>
   </soapenv:Body>
</soapenv:Envelope>]]></con:request><con:assertion type="SOAP Fault Assertion"/><con:assertion type="Schema Compliance"><con:configuration><definition/></con:configuration></con:assertion><con:assertion type="SOAP Response"/><con:wsaConfig mustUnderstand="NONE" version="200508" action="http://it.imolinfo.jbi4corba.test.testprovidercomplexmult/EchoComplex2/echoExceptionNotThrown2"/><con:wsrmConfig version="1.2"/></con:request></con:config></con:testStep><con:properties/></con:testCase><con:testCase failOnError="true" failTestCaseOnErrors="true" keepSession="false" maxResults="0" name="echoSequence2 TestCase" searchProperties="true" id="6eba0cd7-9b91-47e3-ad43-f6e999197895"><con:settings/><con:testStep type="request" name="echoSequence2"><con:settings/><con:config xsi:type="con:RequestStep" xmlns:xsi="http://www.w3.org/2001/XMLSchema-instance"><con:interface>EchoComplex2CorbaBinding</con:interface><con:operation>echoSequence2</con:operation><con:request name="echoSequence2" outgoingWss="" incomingWss="" wssPasswordType=""><con:settings/><con:encoding>UTF-8</con:encoding><con:endpoint>http://192.168.1.209:8192/Service/test-provider-complex-mult-interface2/</con:endpoint><con:request><![CDATA[<soapenv:Envelope xmlns:soapenv="http://schemas.xmlsoap.org/soap/envelope/" xmlns:it="http://it.imolinfo.jbi4corba.test.testprovidercomplexmult">
   <soapenv:Header/>
   <soapenv:Body>
      <it1:echoSequence2 xmlns:it1="http://it.imolinfo.jbi4corba.test.testprovidercomplexmult.EchoComplex2"><!--Zero or more repetitions:-->
         <it1:es>123</it1:es>
      </it1:echoSequence2>
   </soapenv:Body>
</soapenv:Envelope>]]></con:request><con:assertion type="SOAP Fault Assertion"/><con:assertion type="SOAP Response"/><con:assertion type="Schema Compliance"><con:configuration><definition/></con:configuration></con:assertion><con:wsaConfig mustUnderstand="NONE" version="200508" action="http://it.imolinfo.jbi4corba.test.testprovidercomplexmult/EchoComplex2/echoSequence2"/><con:wsrmConfig version="1.2"/></con:request></con:config></con:testStep><con:properties/></con:testCase><con:testCase failOnError="true" failTestCaseOnErrors="true" keepSession="false" maxResults="0" name="echoSequenceSeqEchoStruct2 TestCase" searchProperties="true" id="807c02ce-3829-4f4f-85aa-bfbae742e82c"><con:settings/><con:testStep type="request" name="echoSequenceSeqEchoStruct2"><con:settings/><con:config xsi:type="con:RequestStep" xmlns:xsi="http://www.w3.org/2001/XMLSchema-instance"><con:interface>EchoComplex2CorbaBinding</con:interface><con:operation>echoSequenceSeqEchoStruct2</con:operation><con:request name="echoSequenceSeqEchoStruct2" outgoingWss="" incomingWss="" wssPasswordType=""><con:settings/><con:encoding>UTF-8</con:encoding><con:endpoint>http://192.168.1.209:8192/Service/test-provider-complex-mult-interface2/</con:endpoint><con:request><![CDATA[<soapenv:Envelope xmlns:soapenv="http://schemas.xmlsoap.org/soap/envelope/" xmlns:it="http://it.imolinfo.jbi4corba.test.testprovidercomplexmult" xmlns:tes="http://testprovidercomplexmult.test.jbi4corba.imolinfo.it/">
   <soapenv:Header/>
   <soapenv:Body>
      <it1:echoSequenceSeqEchoStruct2 xmlns:it1="http://it.imolinfo.jbi4corba.test.testprovidercomplexmult.EchoComplex2"><!--Zero or more repetitions:-->
         <it1:es>
            <tes:fieldBoolean>false</tes:fieldBoolean>
            <tes:fieldChar>2</tes:fieldChar>
            <tes:fieldWChar>22</tes:fieldWChar>
            <tes:fieldOctet>35333333</tes:fieldOctet>
            <!--Optional:-->
            <tes:fieldString>pippo</tes:fieldString>
            <!--Optional:-->
            <tes:fieldWString>dd</tes:fieldWString>
            <tes:fieldShort>1</tes:fieldShort>
            <tes:fieldUnsignedShort>2</tes:fieldUnsignedShort>
            <tes:fieldLong>303</tes:fieldLong>
            <tes:fieldUnsignedLong>94</tes:fieldUnsignedLong>
            <tes:fieldLongLong>4343</tes:fieldLongLong>
            <tes:fieldUnsignedLongLong>343</tes:fieldUnsignedLongLong>
            <tes:fieldFloat>4.5</tes:fieldFloat>
            <tes:fieldDouble>16.045</tes:fieldDouble>
         </it1:es>
      </it1:echoSequenceSeqEchoStruct2>
   </soapenv:Body>
</soapenv:Envelope>]]></con:request><con:assertion type="SOAP Fault Assertion"/><con:assertion type="SOAP Response"/><con:assertion type="Simple Contains"><con:configuration><token>Interface2</token><ignoreCase>false</ignoreCase><useRegEx>false</useRegEx></con:configuration></con:assertion><con:assertion type="Schema Compliance"><con:configuration><definition/></con:configuration></con:assertion><con:wsaConfig mustUnderstand="NONE" version="200508" action="http://it.imolinfo.jbi4corba.test.testprovidercomplexmult/EchoComplex2/echoSequenceSeqEchoStruct2"/><con:wsrmConfig version="1.2"/></con:request></con:config></con:testStep><con:properties/></con:testCase><con:testCase failOnError="true" failTestCaseOnErrors="true" keepSession="false" maxResults="0" name="echoSequenceSeqMySequence2 TestCase" searchProperties="true" id="d18fbf52-d1b7-4b23-a4b3-9c91d6399a91"><con:settings/><con:testStep type="request" name="echoSequenceSeqMySequence2"><con:settings/><con:config xsi:type="con:RequestStep" xmlns:xsi="http://www.w3.org/2001/XMLSchema-instance"><con:interface>EchoComplex2CorbaBinding</con:interface><con:operation>echoSequenceSeqMySequence2</con:operation><con:request name="echoSequenceSeqMySequence2" outgoingWss="" incomingWss="" wssPasswordType=""><con:settings/><con:encoding>UTF-8</con:encoding><con:endpoint>http://192.168.1.209:8192/Service/test-provider-complex-mult-interface2/</con:endpoint><con:request><![CDATA[<soapenv:Envelope xmlns:soapenv="http://schemas.xmlsoap.org/soap/envelope/" xmlns:it="http://it.imolinfo.jbi4corba.test.testprovidercomplexmult" xmlns:tes="http://testprovidercomplexmult.test.jbi4corba.imolinfo.it/">
   <soapenv:Header/>
   <soapenv:Body>
      <it1:echoSequenceSeqMySequence2 xmlns:it1="http://it.imolinfo.jbi4corba.test.testprovidercomplexmult.EchoComplex2"><!--Zero or more repetitions:-->
         <it1:es>
            <!--Zero or more repetitions:-->
            <tes:data>2</tes:data>
         </it1:es>
      </it1:echoSequenceSeqMySequence2>
   </soapenv:Body>
</soapenv:Envelope>]]></con:request><con:assertion type="SOAP Fault Assertion"/><con:assertion type="SOAP Response"/><con:assertion type="Schema Compliance"><con:configuration><definition/></con:configuration></con:assertion><con:wsaConfig mustUnderstand="NONE" version="200508" action="http://it.imolinfo.jbi4corba.test.testprovidercomplexmult/EchoComplex2/echoSequenceSeqMySequence2"/><con:wsrmConfig version="1.2"/></con:request></con:config></con:testStep><con:properties/></con:testCase><con:testCase failOnError="true" failTestCaseOnErrors="true" keepSession="false" maxResults="0" name="echoSequenceValueType2 TestCase" searchProperties="true" id="a650999e-c725-466c-99a4-12528e4a255d"><con:settings/><con:testStep type="request" name="echoSequenceValueType2"><con:settings/><con:config xsi:type="con:RequestStep" xmlns:xsi="http://www.w3.org/2001/XMLSchema-instance"><con:interface>EchoComplex2CorbaBinding</con:interface><con:operation>echoSequenceValueType2</con:operation><con:request name="echoSequenceValueType2" outgoingWss="" incomingWss="" wssPasswordType=""><con:settings/><con:encoding>UTF-8</con:encoding><con:endpoint>http://192.168.1.209:8192/Service/test-provider-complex-mult-interface2/</con:endpoint><con:request><![CDATA[<soapenv:Envelope xmlns:soapenv="http://schemas.xmlsoap.org/soap/envelope/" xmlns:it="http://it.imolinfo.jbi4corba.test.testprovidercomplexmult" xmlns:tes="http://testprovidercomplexmult.test.jbi4corba.imolinfo.it/">
   <soapenv:Header/>
   <soapenv:Body>
      <it1:echoSequenceValueType2 xmlns:it1="http://it.imolinfo.jbi4corba.test.testprovidercomplexmult.EchoComplex2"><!--Optional:-->
         <it1:es>
            <!--Zero or more repetitions:-->
            <tes:data>1</tes:data>
         </it1:es>
      </it1:echoSequenceValueType2>
   </soapenv:Body>
</soapenv:Envelope>]]></con:request><con:assertion type="SOAP Response"/><con:assertion type="Schema Compliance"><con:configuration><definition/></con:configuration></con:assertion><con:assertion type="SOAP Fault Assertion"/><con:wsaConfig mustUnderstand="NONE" version="200508" action="http://it.imolinfo.jbi4corba.test.testprovidercomplexmult/EchoComplex2/echoSequenceValueType2"/><con:wsrmConfig version="1.2"/></con:request></con:config></con:testStep><con:properties/></con:testCase><con:testCase failOnError="true" failTestCaseOnErrors="true" keepSession="false" maxResults="0" name="echoStruct2 TestCase" searchProperties="true" id="718d855f-2311-4f59-a339-28fc53e97287"><con:settings/><con:testStep type="request" name="echoStruct2"><con:settings/><con:config xsi:type="con:RequestStep" xmlns:xsi="http://www.w3.org/2001/XMLSchema-instance"><con:interface>EchoComplex2CorbaBinding</con:interface><con:operation>echoStruct2</con:operation><con:request name="echoStruct2" outgoingWss="" incomingWss="" wssPasswordType=""><con:settings/><con:encoding>UTF-8</con:encoding><con:endpoint>http://192.168.1.209:8192/Service/test-provider-complex-mult-interface2/</con:endpoint><con:request><![CDATA[<soapenv:Envelope xmlns:soapenv="http://schemas.xmlsoap.org/soap/envelope/" xmlns:it="http://it.imolinfo.jbi4corba.test.testprovidercomplexmult" xmlns:tes="http://testprovidercomplexmult.test.jbi4corba.imolinfo.it/">
   <soapenv:Header/>
   <soapenv:Body>
      <it1:echoStruct2 xmlns:it1="http://it.imolinfo.jbi4corba.test.testprovidercomplexmult.EchoComplex2"><!--Optional:-->
         <it1:es>
            <tes:fieldBoolean>false</tes:fieldBoolean>
            <tes:fieldChar>2</tes:fieldChar>
            <tes:fieldWChar>2</tes:fieldWChar>
            <tes:fieldOctet>213</tes:fieldOctet>
            <!--Optional:-->
            <tes:fieldString>pluto</tes:fieldString>
            <!--Optional:-->
            <tes:fieldWString>22</tes:fieldWString>
            <tes:fieldShort>-3</tes:fieldShort>
            <tes:fieldUnsignedShort>2</tes:fieldUnsignedShort>
            <tes:fieldLong>-312</tes:fieldLong>
            <tes:fieldUnsignedLong>2323</tes:fieldUnsignedLong>
            <tes:fieldLongLong>232233</tes:fieldLongLong>
            <tes:fieldUnsignedLongLong>232323</tes:fieldUnsignedLongLong>
            <tes:fieldFloat>3.4</tes:fieldFloat>
            <tes:fieldDouble>2.5</tes:fieldDouble>
         </it1:es>
      </it1:echoStruct2>
   </soapenv:Body>
</soapenv:Envelope>]]></con:request><con:assertion type="Simple Contains"><con:configuration><token>Interface2</token><ignoreCase>false</ignoreCase><useRegEx>false</useRegEx></con:configuration></con:assertion><con:assertion type="SOAP Fault Assertion"/><con:assertion type="SOAP Response"/><con:assertion type="Schema Compliance"><con:configuration><definition/></con:configuration></con:assertion><con:wsaConfig mustUnderstand="NONE" version="200508" action="http://it.imolinfo.jbi4corba.test.testprovidercomplexmult/EchoComplex2/echoStruct2"/><con:wsrmConfig version="1.2"/></con:request></con:config></con:testStep><con:properties/></con:testCase><con:testCase failOnError="true" failTestCaseOnErrors="true" keepSession="false" maxResults="0" name="echoStructOfStruct2 TestCase" searchProperties="true" id="63261147-d4bd-4bd0-a912-15d4e2c39257"><con:settings/><con:testStep type="request" name="echoStructOfStruct2"><con:settings/><con:config xsi:type="con:RequestStep" xmlns:xsi="http://www.w3.org/2001/XMLSchema-instance"><con:interface>EchoComplex2CorbaBinding</con:interface><con:operation>echoStructOfStruct2</con:operation><con:request name="echoStructOfStruct2" outgoingWss="" incomingWss="" wssPasswordType=""><con:settings/><con:encoding>UTF-8</con:encoding><con:endpoint>http://192.168.1.209:8192/Service/test-provider-complex-mult-interface2/</con:endpoint><con:request><![CDATA[<soapenv:Envelope xmlns:soapenv="http://schemas.xmlsoap.org/soap/envelope/" xmlns:it="http://it.imolinfo.jbi4corba.test.testprovidercomplexmult" xmlns:tes="http://testprovidercomplexmult.test.jbi4corba.imolinfo.it/">
   <soapenv:Header/>
   <soapenv:Body>
      <it1:echoStructOfStruct2 xmlns:it1="http://it.imolinfo.jbi4corba.test.testprovidercomplexmult.EchoComplex2"><!--Optional:-->
         <it1:v>
            <!--Optional:-->
            <tes:internalStruct>
                
            <tes:fieldBoolean>false</tes:fieldBoolean>
            <tes:fieldChar>2</tes:fieldChar>
            <tes:fieldWChar>22</tes:fieldWChar>
            <tes:fieldOctet>35333333</tes:fieldOctet>
            <!--Optional:-->
            <tes:fieldString>pippo</tes:fieldString>
            <!--Optional:-->
            <tes:fieldWString>dd</tes:fieldWString>
            <tes:fieldShort>1</tes:fieldShort>
            <tes:fieldUnsignedShort>2</tes:fieldUnsignedShort>
            <tes:fieldLong>303</tes:fieldLong>
            <tes:fieldUnsignedLong>94</tes:fieldUnsignedLong>
            <tes:fieldLongLong>4343</tes:fieldLongLong>
            <tes:fieldUnsignedLongLong>343</tes:fieldUnsignedLongLong>
            <tes:fieldFloat>4.5</tes:fieldFloat>
            <tes:fieldDouble>16.045</tes:fieldDouble>
         
            </tes:internalStruct>
         </it1:v>
      </it1:echoStructOfStruct2>
   </soapenv:Body>
</soapenv:Envelope>]]></con:request><con:assertion type="SOAP Fault Assertion"/><con:assertion type="SOAP Response"/><con:assertion type="Schema Compliance"><con:configuration><definition/></con:configuration></con:assertion><con:wsaConfig mustUnderstand="NONE" version="200508" action="http://it.imolinfo.jbi4corba.test.testprovidercomplexmult/EchoComplex2/echoStructOfStruct2"/><con:wsrmConfig version="1.2"/></con:request></con:config></con:testStep><con:properties/></con:testCase><con:testCase failOnError="true" failTestCaseOnErrors="true" keepSession="false" maxResults="0" name="echoValueBoxedTypeComplex2 TestCase" searchProperties="true" id="6a21b2e1-6fb4-4687-abba-fc740d2b559a"><con:settings/><con:testStep type="request" name="echoValueBoxedTypeComplex2"><con:settings/><con:config xsi:type="con:RequestStep" xmlns:xsi="http://www.w3.org/2001/XMLSchema-instance"><con:interface>EchoComplex2CorbaBinding</con:interface><con:operation>echoValueBoxedTypeComplex2</con:operation><con:request name="echoValueBoxedTypeComplex2" outgoingWss="" incomingWss="" wssPasswordType=""><con:settings/><con:encoding>UTF-8</con:encoding><con:endpoint>http://192.168.1.209:8192/Service/test-provider-complex-mult-interface2/</con:endpoint><con:request><![CDATA[<soapenv:Envelope xmlns:soapenv="http://schemas.xmlsoap.org/soap/envelope/" xmlns:it="http://it.imolinfo.jbi4corba.test.testprovidercomplexmult" xmlns:tes="http://testprovidercomplexmult.test.jbi4corba.imolinfo.it/">
   <soapenv:Header/>
   <soapenv:Body>
      <it1:echoValueBoxedTypeComplex2 xmlns:it1="http://it.imolinfo.jbi4corba.test.testprovidercomplexmult.EchoComplex2"><!--Optional:-->
         <it1:e>
            <!--Zero or more repetitions:-->
            <tes:data>2</tes:data>
         </it1:e>
      </it1:echoValueBoxedTypeComplex2>
   </soapenv:Body>
</soapenv:Envelope>]]></con:request><con:assertion type="SOAP Response"/><con:assertion type="SOAP Fault Assertion"/><con:assertion type="Schema Compliance"><con:configuration><definition/></con:configuration></con:assertion><con:wsaConfig mustUnderstand="NONE" version="200508" action="http://it.imolinfo.jbi4corba.test.testprovidercomplexmult/EchoComplex2/echoValueBoxedTypeComplex2"/><con:wsrmConfig version="1.2"/></con:request></con:config></con:testStep><con:properties/></con:testCase><con:testCase failOnError="true" failTestCaseOnErrors="true" keepSession="false" maxResults="0" name="echoValueType2 TestCase" searchProperties="true" id="4c534b12-57e5-4036-a6cc-fe940f08d9e0"><con:settings/><con:testStep type="request" name="echoValueType2"><con:settings/><con:config xsi:type="con:RequestStep" xmlns:xsi="http://www.w3.org/2001/XMLSchema-instance"><con:interface>EchoComplex2CorbaBinding</con:interface><con:operation>echoValueType2</con:operation><con:request name="echoValueType2" outgoingWss="" incomingWss="" wssPasswordType=""><con:settings/><con:encoding>UTF-8</con:encoding><con:endpoint>http://192.168.1.209:8192/Service/test-provider-complex-mult-interface2/</con:endpoint><con:request><![CDATA[<soapenv:Envelope xmlns:soapenv="http://schemas.xmlsoap.org/soap/envelope/" xmlns:it="http://it.imolinfo.jbi4corba.test.testprovidercomplexmult" xmlns:tes="http://testprovidercomplexmult.test.jbi4corba.imolinfo.it/">
   <soapenv:Header/>
   <soapenv:Body>
      <it1:echoValueType2 xmlns:it1="http://it.imolinfo.jbi4corba.test.testprovidercomplexmult.EchoComplex2"><!--Optional:-->
         <it1:e>
            <tes:publicShort>2</tes:publicShort>
            <tes:privateLong>2</tes:privateLong>
         </it1:e>
      </it1:echoValueType2>
   </soapenv:Body>
</soapenv:Envelope>]]></con:request><con:assertion type="SOAP Response"/><con:assertion type="SOAP Fault Assertion"/><con:assertion type="Schema Compliance"><con:configuration><definition/></con:configuration></con:assertion><con:wsaConfig mustUnderstand="NONE" version="200508" action="http://it.imolinfo.jbi4corba.test.testprovidercomplexmult/EchoComplex2/echoValueType2"/><con:wsrmConfig version="1.2"/></con:request></con:config></con:testStep><con:properties/></con:testCase><con:testCase failOnError="true" failTestCaseOnErrors="true" keepSession="false" maxResults="0" name="echoValueTypeOfStruct2 TestCase" searchProperties="true" id="b3b98157-acdf-4be0-ab94-82094ae4c4a0"><con:settings/><con:testStep type="request" name="echoValueTypeOfStruct2"><con:settings/><con:config xsi:type="con:RequestStep" xmlns:xsi="http://www.w3.org/2001/XMLSchema-instance"><con:interface>EchoComplex2CorbaBinding</con:interface><con:operation>echoValueTypeOfStruct2</con:operation><con:request name="echoValueTypeOfStruct2" outgoingWss="" incomingWss="" wssPasswordType=""><con:settings/><con:encoding>UTF-8</con:encoding><con:endpoint>http://192.168.1.209:8192/Service/test-provider-complex-mult-interface2/</con:endpoint><con:request><![CDATA[<soapenv:Envelope xmlns:soapenv="http://schemas.xmlsoap.org/soap/envelope/" xmlns:it="http://it.imolinfo.jbi4corba.test.testprovidercomplexmult" xmlns:tes="http://testprovidercomplexmult.test.jbi4corba.imolinfo.it/">
   <soapenv:Header/>
   <soapenv:Body>
      <it1:echoValueTypeOfStruct2 xmlns:it1="http://it.imolinfo.jbi4corba.test.testprovidercomplexmult.EchoComplex2"><!--Optional:-->
         <it1:v>
            <!--Optional:-->
            <tes:data>
               <tes:fieldBoolean>false</tes:fieldBoolean>
               <tes:fieldChar>2</tes:fieldChar>
               <tes:fieldWChar>2</tes:fieldWChar>
               <tes:fieldOctet>222</tes:fieldOctet>
               <!--Optional:-->
               <tes:fieldString>ss</tes:fieldString>
               <!--Optional:-->
               <tes:fieldWString>2</tes:fieldWString>
               <tes:fieldShort>2</tes:fieldShort>
               <tes:fieldUnsignedShort>2</tes:fieldUnsignedShort>
               <tes:fieldLong>2</tes:fieldLong>
               <tes:fieldUnsignedLong>2</tes:fieldUnsignedLong>
               <tes:fieldLongLong>2</tes:fieldLongLong>
               <tes:fieldUnsignedLongLong>2</tes:fieldUnsignedLongLong>
               <tes:fieldFloat>2</tes:fieldFloat>
               <tes:fieldDouble>2</tes:fieldDouble>
            </tes:data>
         </it1:v>
      </it1:echoValueTypeOfStruct2>
   </soapenv:Body>
</soapenv:Envelope>]]></con:request><con:assertion type="SOAP Fault Assertion"/><con:assertion type="Schema Compliance"><con:configuration><definition/></con:configuration></con:assertion><con:assertion type="SOAP Response"/><con:wsaConfig mustUnderstand="NONE" version="200508" action="http://it.imolinfo.jbi4corba.test.testprovidercomplexmult/EchoComplex2/echoValueTypeOfStruct2"/><con:wsrmConfig version="1.2"/></con:request></con:config></con:testStep><con:properties/></con:testCase><con:properties/></con:testSuite><con:testSuite name="EchoComplex3CorbaBinding TestSuite"><con:settings/><con:runType>SEQUENTIAL</con:runType><con:testCase failOnError="true" failTestCaseOnErrors="true" keepSession="false" maxResults="0" name="echo TestCase" searchProperties="true"><con:settings/><con:testStep type="request" name="echo"><con:settings/><con:config xsi:type="con:RequestStep" xmlns:xsi="http://www.w3.org/2001/XMLSchema-instance"><con:interface>EchoComplex3CorbaBinding</con:interface><con:operation>echo</con:operation><con:request name="echo"><con:settings/><con:encoding>UTF-8</con:encoding><con:endpoint>http://localhost:8192/Service/test-provider-complex-mult-interface3/</con:endpoint><con:request><![CDATA[<soapenv:Envelope xmlns:soapenv="http://schemas.xmlsoap.org/soap/envelope/" xmlns:it="http://it.imolinfo.jbi4corba.test.testprovidercomplexmult.EchoComplex3">
   <soapenv:Header/>
   <soapenv:Body>
      <it:echo>
         <!--Optional:-->
         <it:msg>ciao3</it:msg>
      </it:echo>
   </soapenv:Body>
</soapenv:Envelope>]]></con:request><con:assertion type="SOAP Response"/><con:assertion type="Schema Compliance"><con:configuration><definition/></con:configuration></con:assertion><con:assertion type="Simple Contains"><con:configuration><token>Interface3</token><ignoreCase>true</ignoreCase><useRegEx>false</useRegEx></con:configuration></con:assertion><con:assertion type="SOAP Fault Assertion"/><con:wsaConfig action="http://it.imolinfo.jbi4corba.test.testprovidercomplexmult.EchoComplex3/EchoComplex3/echo" mustUnderstand="NONE" version="200508"/><con:wsrmConfig version="1.2"/></con:request></con:config></con:testStep><con:properties/></con:testCase><con:testCase failOnError="true" failTestCaseOnErrors="true" keepSession="false" maxResults="0" name="echoSequence TestCase" searchProperties="true"><con:settings/><con:testStep type="request" name="echoSequence"><con:settings/><con:config xsi:type="con:RequestStep" xmlns:xsi="http://www.w3.org/2001/XMLSchema-instance"><con:interface>EchoComplex3CorbaBinding</con:interface><con:operation>echoSequence</con:operation><con:request name="echoSequence"><con:settings/><con:encoding>UTF-8</con:encoding><con:endpoint>http://localhost:8192/Service/test-provider-complex-mult-interface3/</con:endpoint><con:request><![CDATA[<soapenv:Envelope xmlns:soapenv="http://schemas.xmlsoap.org/soap/envelope/" xmlns:it="http://it.imolinfo.jbi4corba.test.testprovidercomplexmult.EchoComplex3">
   <soapenv:Header/>
   <soapenv:Body>
      <it:echoSequence>
         <!--Zero or more repetitions:-->
         <it:es>2</it:es>
      </it:echoSequence>
   </soapenv:Body>
</soapenv:Envelope>]]></con:request><con:assertion type="SOAP Fault Assertion"/><con:assertion type="SOAP Fault Assertion"/><con:assertion type="SOAP Response"/><con:assertion type="Schema Compliance"><con:configuration><definition/></con:configuration></con:assertion><con:wsaConfig action="http://it.imolinfo.jbi4corba.test.testprovidercomplexmult.EchoComplex3/EchoComplex3/echoSequence" mustUnderstand="NONE" version="200508"/><con:wsrmConfig version="1.2"/></con:request></con:config></con:testStep><con:properties/></con:testCase><con:testCase failOnError="true" failTestCaseOnErrors="true" keepSession="false" maxResults="0" name="echoSequenceSeqEchoStruct TestCase" searchProperties="true"><con:settings/><con:testStep type="request" name="echoSequenceSeqEchoStruct"><con:settings/><con:config xsi:type="con:RequestStep" xmlns:xsi="http://www.w3.org/2001/XMLSchema-instance"><con:interface>EchoComplex3CorbaBinding</con:interface><con:operation>echoSequenceSeqEchoStruct</con:operation><con:request name="echoSequenceSeqEchoStruct"><con:settings/><con:encoding>UTF-8</con:encoding><con:endpoint>http://localhost:8192/Service/test-provider-complex-mult-interface3/</con:endpoint><con:request><![CDATA[<soapenv:Envelope xmlns:soapenv="http://schemas.xmlsoap.org/soap/envelope/" xmlns:it="http://it.imolinfo.jbi4corba.test.testprovidercomplexmult.EchoComplex3" xmlns:tes="http://testprovidercomplexmult.test.jbi4corba.imolinfo.it/">
   <soapenv:Header/>
   <soapenv:Body>
      <it:echoSequenceSeqEchoStruct>
         <!--Zero or more repetitions:-->
         <it:es>
            <tes:fieldBoolean>3</tes:fieldBoolean>
            <tes:fieldChar>3</tes:fieldChar>
            <tes:fieldWChar>3</tes:fieldWChar>
            <tes:fieldOctet>3</tes:fieldOctet>
            <!--Optional:-->
            <tes:fieldString>3</tes:fieldString>
            <!--Optional:-->
            <tes:fieldWString>3</tes:fieldWString>
            <tes:fieldShort>3</tes:fieldShort>
            <tes:fieldUnsignedShort>3</tes:fieldUnsignedShort>
            <tes:fieldLong>3</tes:fieldLong>
            <tes:fieldUnsignedLong>3</tes:fieldUnsignedLong>
            <tes:fieldLongLong>3</tes:fieldLongLong>
            <tes:fieldUnsignedLongLong>3</tes:fieldUnsignedLongLong>
            <tes:fieldFloat>3</tes:fieldFloat>
            <tes:fieldDouble>3</tes:fieldDouble>
         </it:es>
      </it:echoSequenceSeqEchoStruct>
   </soapenv:Body>
</soapenv:Envelope>]]></con:request><con:assertion type="SOAP Fault Assertion"/><con:assertion type="Schema Compliance"><con:configuration><definition/></con:configuration></con:assertion><con:assertion type="SOAP Response"/><con:assertion type="Simple Contains"><con:configuration><token>interface3</token><ignoreCase>true</ignoreCase><useRegEx>false</useRegEx></con:configuration></con:assertion><con:wsaConfig action="http://it.imolinfo.jbi4corba.test.testprovidercomplexmult.EchoComplex3/EchoComplex3/echoSequenceSeqEchoStruct" mustUnderstand="NONE" version="200508"/><con:wsrmConfig version="1.2"/></con:request></con:config></con:testStep><con:properties/></con:testCase><con:testCase failOnError="true" failTestCaseOnErrors="true" keepSession="false" maxResults="0" name="echoSequenceSeqMySequence TestCase" searchProperties="true"><con:settings/><con:testStep type="request" name="echoSequenceSeqMySequence"><con:settings/><con:config xsi:type="con:RequestStep" xmlns:xsi="http://www.w3.org/2001/XMLSchema-instance"><con:interface>EchoComplex3CorbaBinding</con:interface><con:operation>echoSequenceSeqMySequence</con:operation><con:request name="echoSequenceSeqMySequence"><con:settings/><con:encoding>UTF-8</con:encoding><con:endpoint>http://localhost:8192/Service/test-provider-complex-mult-interface3/</con:endpoint><con:request><![CDATA[<soapenv:Envelope xmlns:soapenv="http://schemas.xmlsoap.org/soap/envelope/" xmlns:it="http://it.imolinfo.jbi4corba.test.testprovidercomplexmult.EchoComplex3" xmlns:tes="http://testprovidercomplexmult.test.jbi4corba.imolinfo.it/">
   <soapenv:Header/>
   <soapenv:Body>
      <it:echoSequenceSeqMySequence>
         <!--Zero or more repetitions:-->
         <it:es>
            <!--Zero or more repetitions:-->
            <tes:data>3</tes:data>
         </it:es>
      </it:echoSequenceSeqMySequence>
   </soapenv:Body>
</soapenv:Envelope>]]></con:request><con:assertion type="SOAP Response"/><con:assertion type="SOAP Fault Assertion"/><con:assertion type="Schema Compliance"><con:configuration><definition/></con:configuration></con:assertion><con:wsaConfig action="http://it.imolinfo.jbi4corba.test.testprovidercomplexmult.EchoComplex3/EchoComplex3/echoSequenceSeqMySequence" mustUnderstand="NONE" version="200508"/><con:wsrmConfig version="1.2"/></con:request></con:config></con:testStep><con:properties/></con:testCase><con:testCase failOnError="true" failTestCaseOnErrors="true" keepSession="false" maxResults="0" name="echoStruct TestCase" searchProperties="true"><con:settings/><con:testStep type="request" name="echoStruct"><con:settings/><con:config xsi:type="con:RequestStep" xmlns:xsi="http://www.w3.org/2001/XMLSchema-instance"><con:interface>EchoComplex3CorbaBinding</con:interface><con:operation>echoStruct</con:operation><con:request name="echoStruct"><con:settings/><con:encoding>UTF-8</con:encoding><con:endpoint>http://localhost:8192/Service/test-provider-complex-mult-interface3/</con:endpoint><con:request><![CDATA[<soapenv:Envelope xmlns:soapenv="http://schemas.xmlsoap.org/soap/envelope/" xmlns:it="http://it.imolinfo.jbi4corba.test.testprovidercomplexmult.EchoComplex3" xmlns:tes="http://testprovidercomplexmult.test.jbi4corba.imolinfo.it/">
   <soapenv:Header/>
   <soapenv:Body>
      <it:echoStruct>
         <!--Optional:-->
         <it:es>
            <tes:fieldBoolean>3</tes:fieldBoolean>
            <tes:fieldChar>3</tes:fieldChar>
            <tes:fieldWChar>3</tes:fieldWChar>
            <tes:fieldOctet>3</tes:fieldOctet>
            <!--Optional:-->
            <tes:fieldString>3</tes:fieldString>
            <!--Optional:-->
            <tes:fieldWString>3</tes:fieldWString>
            <tes:fieldShort>3</tes:fieldShort>
            <tes:fieldUnsignedShort>3</tes:fieldUnsignedShort>
            <tes:fieldLong>3</tes:fieldLong>
            <tes:fieldUnsignedLong>3</tes:fieldUnsignedLong>
            <tes:fieldLongLong>3</tes:fieldLongLong>
            <tes:fieldUnsignedLongLong>3</tes:fieldUnsignedLongLong>
            <tes:fieldFloat>3</tes:fieldFloat>
            <tes:fieldDouble>3</tes:fieldDouble>
         </it:es>
      </it:echoStruct>
   </soapenv:Body>
</soapenv:Envelope>]]></con:request><con:assertion type="Simple Contains"><con:configuration><token>Interface3</token><ignoreCase>false</ignoreCase><useRegEx>false</useRegEx></con:configuration></con:assertion><con:assertion type="SOAP Fault Assertion"/><con:assertion type="SOAP Response"/><con:assertion type="Schema Compliance"><con:configuration><definition/></con:configuration></con:assertion><con:wsaConfig action="http://it.imolinfo.jbi4corba.test.testprovidercomplexmult.EchoComplex3/EchoComplex3/echoStruct" mustUnderstand="NONE" version="200508"/><con:wsrmConfig version="1.2"/></con:request></con:config></con:testStep><con:properties/></con:testCase><con:testCase failOnError="true" failTestCaseOnErrors="true" keepSession="false" maxResults="0" name="echoStructOfStruct TestCase" searchProperties="true"><con:settings/><con:testStep type="request" name="echoStructOfStruct"><con:settings/><con:config xsi:type="con:RequestStep" xmlns:xsi="http://www.w3.org/2001/XMLSchema-instance"><con:interface>EchoComplex3CorbaBinding</con:interface><con:operation>echoStructOfStruct</con:operation><con:request name="echoStructOfStruct"><con:settings/><con:encoding>UTF-8</con:encoding><con:endpoint>http://localhost:8192/Service/test-provider-complex-mult-interface3/</con:endpoint><con:request><![CDATA[<soapenv:Envelope xmlns:soapenv="http://schemas.xmlsoap.org/soap/envelope/" xmlns:it="http://it.imolinfo.jbi4corba.test.testprovidercomplexmult.EchoComplex3" xmlns:tes="http://testprovidercomplexmult.test.jbi4corba.imolinfo.it/">
   <soapenv:Header/>
   <soapenv:Body>
      <it:echoStructOfStruct>
         <!--Optional:-->
         <it:v>
            <!--Optional:-->
            <tes:internalStruct>
               <tes:fieldBoolean>3</tes:fieldBoolean>
               <tes:fieldChar>3</tes:fieldChar>
               <tes:fieldWChar>3</tes:fieldWChar>
               <tes:fieldOctet>3</tes:fieldOctet>
               <!--Optional:-->
               <tes:fieldString>3</tes:fieldString>
               <!--Optional:-->
               <tes:fieldWString>3</tes:fieldWString>
               <tes:fieldShort>3</tes:fieldShort>
               <tes:fieldUnsignedShort>3</tes:fieldUnsignedShort>
               <tes:fieldLong>3</tes:fieldLong>
               <tes:fieldUnsignedLong>3</tes:fieldUnsignedLong>
               <tes:fieldLongLong>3</tes:fieldLongLong>
               <tes:fieldUnsignedLongLong>3</tes:fieldUnsignedLongLong>
               <tes:fieldFloat>3</tes:fieldFloat>
               <tes:fieldDouble>3</tes:fieldDouble>
            </tes:internalStruct>
         </it:v>
      </it:echoStructOfStruct>
   </soapenv:Body>
</soapenv:Envelope>]]></con:request><con:assertion type="SOAP Response"/><con:assertion type="SOAP Fault Assertion"/><con:assertion type="Schema Compliance"><con:configuration><definition/></con:configuration></con:assertion><con:wsaConfig action="http://it.imolinfo.jbi4corba.test.testprovidercomplexmult.EchoComplex3/EchoComplex3/echoStructOfStruct" mustUnderstand="NONE" version="200508"/><con:wsrmConfig version="1.2"/></con:request></con:config></con:testStep><con:properties/></con:testCase><con:testCase failOnError="true" failTestCaseOnErrors="true" keepSession="false" maxResults="0" name="echoValueType TestCase" searchProperties="true"><con:settings/><con:testStep type="request" name="echoValueType"><con:settings/><con:config xsi:type="con:RequestStep" xmlns:xsi="http://www.w3.org/2001/XMLSchema-instance"><con:interface>EchoComplex3CorbaBinding</con:interface><con:operation>echoValueType</con:operation><con:request name="echoValueType"><con:settings/><con:encoding>UTF-8</con:encoding><con:endpoint>http://localhost:8192/Service/test-provider-complex-mult-interface3/</con:endpoint><con:request><![CDATA[<soapenv:Envelope xmlns:soapenv="http://schemas.xmlsoap.org/soap/envelope/" xmlns:it="http://it.imolinfo.jbi4corba.test.testprovidercomplexmult.EchoComplex3" xmlns:tes="http://testprovidercomplexmult.test.jbi4corba.imolinfo.it/">
   <soapenv:Header/>
   <soapenv:Body>
      <it:echoValueType>
         <!--Optional:-->
         <it:e>
            <tes:publicShort>3</tes:publicShort>
            <tes:privateLong>3</tes:privateLong>
         </it:e>
      </it:echoValueType>
   </soapenv:Body>
</soapenv:Envelope>]]></con:request><con:assertion type="SOAP Fault Assertion"/><con:assertion type="SOAP Response"/><con:assertion type="Schema Compliance"><con:configuration><definition/></con:configuration></con:assertion><con:wsaConfig action="http://it.imolinfo.jbi4corba.test.testprovidercomplexmult.EchoComplex3/EchoComplex3/echoValueType" mustUnderstand="NONE" version="200508"/><con:wsrmConfig version="1.2"/></con:request></con:config></con:testStep><con:properties/></con:testCase><con:testCase failOnError="true" failTestCaseOnErrors="true" keepSession="false" maxResults="0" name="echoValueTypeOfStruct TestCase" searchProperties="true"><con:settings/><con:testStep type="request" name="echoValueTypeOfStruct"><con:settings/><con:config xsi:type="con:RequestStep" xmlns:xsi="http://www.w3.org/2001/XMLSchema-instance"><con:interface>EchoComplex3CorbaBinding</con:interface><con:operation>echoValueTypeOfStruct</con:operation><con:request name="echoValueTypeOfStruct"><con:settings/><con:encoding>UTF-8</con:encoding><con:endpoint>http://localhost:8192/Service/test-provider-complex-mult-interface3/</con:endpoint><con:request><![CDATA[<soapenv:Envelope xmlns:soapenv="http://schemas.xmlsoap.org/soap/envelope/" xmlns:it="http://it.imolinfo.jbi4corba.test.testprovidercomplexmult.EchoComplex3" xmlns:tes="http://testprovidercomplexmult.test.jbi4corba.imolinfo.it/">
   <soapenv:Header/>
   <soapenv:Body>
      <it:echoValueTypeOfStruct>
         <!--Optional:-->
         <it:v>
            <!--Optional:-->
            <tes:data>
               <tes:fieldBoolean>false</tes:fieldBoolean>
               <tes:fieldChar>3</tes:fieldChar>
               <tes:fieldWChar>3</tes:fieldWChar>
               <tes:fieldOctet>3</tes:fieldOctet>
               <!--Optional:-->
               <tes:fieldString>3</tes:fieldString>
               <!--Optional:-->
               <tes:fieldWString>3</tes:fieldWString>
               <tes:fieldShort>3</tes:fieldShort>
               <tes:fieldUnsignedShort>3</tes:fieldUnsignedShort>
               <tes:fieldLong>3</tes:fieldLong>
               <tes:fieldUnsignedLong>3</tes:fieldUnsignedLong>
               <tes:fieldLongLong>3</tes:fieldLongLong>
               <tes:fieldUnsignedLongLong>3</tes:fieldUnsignedLongLong>
               <tes:fieldFloat>3</tes:fieldFloat>
               <tes:fieldDouble>3</tes:fieldDouble>
            </tes:data>
         </it:v>
      </it:echoValueTypeOfStruct>
   </soapenv:Body>
</soapenv:Envelope>]]></con:request><con:assertion type="SOAP Fault Assertion"/><con:assertion type="Schema Compliance"><con:configuration><definition/></con:configuration></con:assertion><con:assertion type="SOAP Response"/><con:wsaConfig action="http://it.imolinfo.jbi4corba.test.testprovidercomplexmult.EchoComplex3/EchoComplex3/echoValueTypeOfStruct" mustUnderstand="NONE" version="200508"/><con:wsrmConfig version="1.2"/></con:request></con:config></con:testStep><con:properties/></con:testCase><con:properties/></con:testSuite><con:properties/><con:wssContainer/></con:soapui-project>