<?xml version="1.0" encoding="UTF-8" ?>
<testsuite errors="0" failures="0" name="org.netbeans.modules.compapp.catd.ConfiguredTest" tests="1" time="7.516">
  <properties>
    <property name="default.javac.source" value="1.4"></property>
    <property name="file.encoding.pkg" value="sun.io"></property>
    <property name="org.netbeans.modules.compapp.jbiserver.description.application-sub-assembly" value="Represents this Service Unit"></property>
    <property name="javac.source" value="1.4"></property>
    <property name="Env-TMP" value="C:\DOCUME~1\Sujit\LOCALS~1\Temp"></property>
    <property name="Env-DBROOT" value="C:\adabas\"></property>
    <property name="netbeans.system_http_proxy" value="webcache.singapore.sun.com:8080"></property>
    <property name="java.home" value="@alaska_root@/build-tools\jdk1.5.0_04\jre"></property>
    <property name="env-jserv" value="C:\oracle\ora92/Apache/Jserv/conf"></property>
    <property name="com.sun.jbi.sa.internal.routing" value="true"></property>
    <property name="javadoc.version" value="false"></property>
    <property name="Env-USERNAME" value="Sujit"></property>
    <property name="env-userdomain" value="SUJIT"></property>
    <property name="org.netbeans.modules.compapp.jbiserver.description.assembly-unit" value="Represents the Service Assembly of RequestReplyJbi"></property>
    <property name="java.endorsed.dirs" value="@alaska_root@/build-tools\jdk1.5.0_04\jre\lib\endorsed"></property>
    <property name="src.dir" value="src/jbiasa"></property>
    <property name="Env-COMPUTERNAME" value="SUJIT"></property>
    <property name="env-homedrive" value="C:"></property>
    <property name="source.root" value="src"></property>
    <property name="sun.os.patch.level" value="Service Pack 2"></property>
    <property name="java.vendor.url" value="http://java.sun.com/"></property>
    <property name="java.version" value="1.5.0_04"></property>
    <property name="Env-SystemDrive" value="C:"></property>
    <property name="caps.netbeans.home" value="@SRCROOT@/nb_all/nbbuild/netbeans"></property>
    <property name="Env-ComSpec" value="C:\WINDOWS\system32\@shell_cmd@"></property>
    <property name="Env-CLIENTNAME" value="Console"></property>
    <property name="javac.debug" value="true"></property>
    <property name="org.openide.major.version" value="IDE/1"></property>
    <property name="java.vendor.url.bug" value="http://java.sun.com/cgi-bin/bugreport.cgi"></property>
    <property name="netbeans.buildnumber" value="200610171010, Ent.Pack 20061103"></property>
    <property name="org.netbeans.modules.compapp.jbiserver.alias.application-sub-assembly" value="This Service Unit"></property>
    <property name="env-processor_architecture" value="x86"></property>
    <property name="org.netbeans.modules.compapp.jbiserver.deployment.conf.root" value="nbproject/deployment"></property>
    <property name="user.name" value="Sujit"></property>
    <property name="env-temp" value="C:\DOCUME~1\Sujit\LOCALS~1\Temp"></property>
    <property name="Env-PROCESSOR_REVISION" value="0d06"></property>
    <property name="env-dbconfig" value="C:\adabas\sql"></property>
    <property name="env-java_home" value="C:\jdk1.5.0_04"></property>
    <property name="sun.io.unicode.encoding" value="UnicodeLittle"></property>
    <property name="sun.jnu.encoding" value="Cp1252"></property>
    <property name="java.runtime.name" value="Java(TM) 2 Runtime Environment, Standard Edition"></property>
    <property name="env-logonserver" value="\\SUJIT"></property>
    <property name="jdk.home" value="@alaska_root@/build-tools/jdk1.5.0_04"></property>
    <property name="sun.awt.keepWorkingSetOnMinimize" value="true"></property>
    <property name="org.openide.TopManager" value="org.netbeans.core.NonGui"></property>
    <property name="netbeans.dirs" value="@SRCROOT@/nb_all\nbbuild\netbeans\nb5.5;@SRCROOT@/nb_all\nbbuild\netbeans\ide7;@SRCROOT@/nb_all\nbbuild\netbeans\enterprise3;@SRCROOT@/nb_all\nbbuild\netbeans\harness;@SRCROOT@/nb_all\nbbuild\netbeans\xmltools1;@SRCROOT@/nb_all\nbbuild\netbeans\soa1;@SRCROOT@/nb_all/nbbuild/netbeans/BusinessIntegration"></property>
    <property name="java.specification.name" value="Java Platform API Specification"></property>
    <property name="javadoc.author" value="false"></property>
    <property name="user.timezone" value=""></property>
    <property name="netbeans.system_http_non_proxy_hosts" value="onyx.stc.com;&lt;local&gt;"></property>
    <property name="org.openide.specification.version" value="6.2"></property>
    <property name="path.separator" value=";"></property>
    <property name="Env-LOGONSERVER" value="\\SUJIT"></property>
    <property name="Env-Path" value="@SRCROOT@/Sun\AppServer\bin;@SRCROOT@/Sun\AppServer\lib\ant\bin;@SRCROOT@/Sun\AppServer\addons\OpenESB\bin;C:\jdk1.5.0_04\jre\bin\;C:\oracle\ora92\bin;C:\Program Files\Oracle\jre\1.3.1\bin;C:\Program Files\Oracle\jre\1.1.8\bin;C:\WINDOWS\system32;C:\WINDOWS;C:\WINDOWS\System32\Wbem;C:\downloads\developer\cvs-1-11-20;C:\ApacheSoftwareFoundation\Maven1.0.2\bin;C:\bea\weblogic90\server\native\win\32;C:\downloads\message queue\mq4_0-as-win\imq\bin;C:\adabas\bin;C:\adabas\pgm;C:\Sun\jstudio_enttpr1\AppServ8.1\bin;C:\Sun\jwsdp-1.6\jwsdp-shared\bin;C:\Sun\AppServer\bin;C:\java.net\publish\glassfish\bin;@SRCROOT@/Sun\AppServer\bin;@SRCROOT@/Sun\AppServer\lib\ant\bin;@SRCROOT@/Sun\AppServer\addons\OpenESB\bin;C:\jdk1.5.0_04\jre\bin\;C:\oracle\ora92\bin;C:\Program Files\Oracle\jre\1.3.1\bin;C:\Program Files\Oracle\jre\1.1.8\bin;C:\WINDOWS\system32;C:\WINDOWS;C:\WINDOWS\System32\Wbem;C:\downloads\developer\cvs-1-11-20;C:\ApacheSoftwareFoundation\Maven1.0.2\bin;C:\bea\weblogic90\server\native\win\32;C:\downloads\message queue\mq4_0-as-win\imq\bin;C:\adabas\bin;C:\adabas\pgm;C:\Sun\jstudio_enttpr1\AppServ8.1\bin;C:\Sun\jwsdp-1.6\jwsdp-shared\bin;C:\Sun\AppServer\bin;C:\java.net\publish\glassfish\bin;C:\netbeans-5.5dev\uml2\modules\DoorsIntegrationFiles\modules\bin;C:\Program Files\cvsnt"></property>
    <property name="netbeans.accept_license_class" value="org.netbeans.license.AcceptLicense"></property>
    <property name="file.encoding" value="Cp1252"></property>
    <property name="dist.javadoc.dir" value="dist/javadoc"></property>
    <property name="project.RequestReplyEtl" value="@drivertest_dir@/etlse\requestReply\RequestReplyEtl"></property>
    <property name="env-programfiles" value="C:\Program Files"></property>
    <property name="env-jboss_home" value="C:\jboss-4.0.4.GA"></property>
    <property name="https.nonProxyHosts" value="onyx.stc.com*|&lt;local&gt;*|localhost|127.0.0.1|sujit|129.158.230.248"></property>
    <property name="env-systemroot" value="C:\WINDOWS"></property>
    <property name="ant.file" value="@drivertest_dir@/etlse\requestReply\RequestReplyJbi\build.xml"></property>
    <property name="env-dbwork" value="C:\adabas\sql"></property>
    <property name="j2ee.server.instance" value="[@SRCROOT@/Sun\AppServer]deployer:Sun:AppServer::localhost:4848"></property>
    <property name="Env-windir" value="C:\WINDOWS"></property>
    <property name="java.io.tmpdir" value="C:\DOCUME~1\Sujit\LOCALS~1\Temp\"></property>
    <property name="env-processor_identifier" value="x86 Family 6 Model 13 Stepping 6, GenuineIntel"></property>
    <property name="user.language" value="en"></property>
    <property name="env-maven_home" value="C:\ApacheSoftwareFoundation\Maven1.0.2"></property>
    <property name="Env-=::" value="::\"></property>
    <property name="line.separator" value="
"></property>
    <property name="apple.laf.useScreenMenuBar" value="true"></property>
    <property name="env-imq_home" value="C:\downloads\message queue\mq4_0-as-win\imq"></property>
    <property name="caps.alaska.root" value="@alaska_root@"></property>
    <property name="netbeans.osenv.nullsep" value="true"></property>
    <property name="org.netbeans.modules.compapp.jbiserver.alias.assembly-unit" value="This Service Assembly"></property>
    <property name="pack.build.number" value="20061103"></property>
    <property name="env-tmp" value="C:\DOCUME~1\Sujit\LOCALS~1\Temp"></property>
    <property name="Env-SystemRoot" value="C:\WINDOWS"></property>
    <property name="jar.compress" value="false"></property>
    <property name="Env-FP_NO_HOST_CHECK" value="NO"></property>
    <property name="caps.jbi.home" value="@SRCROOT@/Sun/Appserver/addons/jbi"></property>
    <property name="java.vm.info" value="mixed mode"></property>
    <property name="env-os" value="Windows_NT"></property>
    <property name="javadoc.private" value="false"></property>
    <property name="sun.desktop" value="windows"></property>
    <property name="java.vm.specification.name" value="Java Virtual Machine Specification"></property>
    <property name="env-systemdrive" value="C:"></property>
    <property name="jbi.content.additional" value="@drivertest_dir@/etlse\requestReply\RequestReplyEtl/build/SEDeployment.jar"></property>
    <property name="netbeans.dynamic.classpath" value="@SRCROOT@/nb_all\nbbuild\netbeans\platform6\core\core.jar;@SRCROOT@/nb_all\nbbuild\netbeans\platform6\core\org-openide-filesystems.jar;@SRCROOT@/nb_all\nbbuild\netbeans\nb5.5\core\org-netbeans-upgrader.jar;@SRCROOT@/nb_all\nbbuild\netbeans\nb5.5\core\locale\core_nb.jar;@SRCROOT@/nb_all\nbbuild\netbeans\ide7\core\org-netbeans-modules-utilities-cli.jar"></property>
    <property name="platform.active" value="default_platform"></property>
    <property name="Env-CommonProgramFiles" value="C:\Program Files\Common Files"></property>
    <property name="meta.inf" value="src/conf"></property>
    <property name="env-appdata" value="C:\Documents and Settings\Sujit\Application Data"></property>
    <property name="env-dbroot" value="C:\adabas\"></property>
    <property name="http.nonProxyHosts" value="onyx.stc.com*|&lt;local&gt;*|localhost|127.0.0.1|sujit|129.158.230.248"></property>
    <property name="Env-DBCONFIG" value="C:\adabas\sql"></property>
    <property name="Env-PROCESSOR_LEVEL" value="6"></property>
    <property name="test.results.dir" value="@drivertest_dir@/etlse\requestReply\RequestReplyJbi/test/results"></property>
    <property name="env-j2ee_home" value="C:\downloads\sun\cts\j2eeri-1_4_1"></property>
    <property name="javadoc.encoding" value=""></property>
    <property name="java.awt.printerjob" value="sun.awt.windows.WPrinterJob"></property>
    <property name="jbi.content.component" value="sun-etl-engine"></property>
    <property name="dist.jar" value="dist/RequestReplyJbi.zip"></property>
    <property name="ant.version" value="Apache Ant version 1.6.5 compiled on June 2 2005"></property>
    <property name="netbeans.home" value="@SRCROOT@/nb_all\nbbuild\netbeans\platform6"></property>
    <property name="javadoc.nonavbar" value="false"></property>
    <property name="user.properties.file" value="C:/Documents and Settings/&lt;username&gt;/.netbeans/5.5dev/build.properties"></property>
    <property name="jar.name" value="RequestReplyJbi.jar"></property>
    <property name="netbeans.importclass" value="org.netbeans.upgrade.AutoUpgrade"></property>
    <property name="env-allusersprofile" value="C:\Documents and Settings\All Users"></property>
    <property name="module.install.dir" value="@SRCROOT@/nb_all\nbbuild\netbeans\soa1\modules"></property>
    <property name="https.proxyPort" value="8080"></property>
    <property name="env-windir" value="C:\WINDOWS"></property>
    <property name="Env-APPDATA" value="C:\Documents and Settings\Sujit\Application Data"></property>
    <property name="build.generated.dir" value="build/generated"></property>
    <property name="netbeans.home+have.tests" value="true"></property>
    <property name="env-clientname" value="Console"></property>
    <property name="os.name" value="Windows XP"></property>
    <property name="caps.netbeans.user" value="C:/Documents and Settings/&lt;username&gt;/.netbeans/5.5dev"></property>
    <property name="java.specification.vendor" value="Sun Microsystems Inc."></property>
    <property name="java.vm.name" value="Java HotSpot(TM) Client VM"></property>
    <property name="env-number_of_processors" value="1"></property>
    <property name="org.openide.version" value="deprecated"></property>
    <property name="org.netbeans.modules.compapp.jbiserver.component.conf.file" value="ComponentInformation.xml"></property>
    <property name="java.library.path" value="@alaska_root@/build-tools\jdk1.5.0_04\jre\bin;.;C:\WINDOWS\system32;C:\WINDOWS;@SRCROOT@/Sun\AppServer\bin;@SRCROOT@/Sun\AppServer\lib\ant\bin;@SRCROOT@/Sun\AppServer\addons\OpenESB\bin;C:\jdk1.5.0_04\jre\bin\;C:\oracle\ora92\bin;C:\Program Files\Oracle\jre\1.3.1\bin;C:\Program Files\Oracle\jre\1.1.8\bin;C:\WINDOWS\system32;C:\WINDOWS;C:\WINDOWS\System32\Wbem;C:\downloads\developer\cvs-1-11-20;C:\ApacheSoftwareFoundation\Maven1.0.2\bin;C:\bea\weblogic90\server\native\win\32;C:\downloads\message queue\mq4_0-as-win\imq\bin;C:\adabas\bin;C:\adabas\pgm;C:\Sun\jstudio_enttpr1\AppServ8.1\bin;C:\Sun\jwsdp-1.6\jwsdp-shared\bin;C:\Sun\AppServer\bin;C:\java.net\publish\glassfish\bin;@SRCROOT@/Sun\AppServer\bin;@SRCROOT@/Sun\AppServer\lib\ant\bin;@SRCROOT@/Sun\AppServer\addons\OpenESB\bin;C:\jdk1.5.0_04\jre\bin\;C:\oracle\ora92\bin;C:\Program Files\Oracle\jre\1.3.1\bin;C:\Program Files\Oracle\jre\1.1.8\bin;C:\WINDOWS\system32;C:\WINDOWS;C:\WINDOWS\System32\Wbem;C:\downloads\developer\cvs-1-11-20;C:\ApacheSoftwareFoundation\Maven1.0.2\bin;C:\bea\weblogic90\server\native\win\32;C:\downloads\message queue\mq4_0-as-win\imq\bin;C:\adabas\bin;C:\adabas\pgm;C:\Sun\jstudio_enttpr1\AppServ8.1\bin;C:\Sun\jwsdp-1.6\jwsdp-shared\bin;C:\Sun\AppServer\bin;C:\java.net\publish\glassfish\bin;C:\netbeans-5.5dev\uml2\modules\DoorsIntegrationFiles\modules\bin;C:\Program Files\cvsnt"></property>
    <property name="env-homepath" value="\Documents and Settings\Sujit"></property>
    <property name="env-pathext" value=".COM;.EXE;.BAT;.CMD;.VBS;.VBE;.JS;.JSE;.WSF;.WSH"></property>
    <property name="env-processor_revision" value="0d06"></property>
    <property name="ant.java.version" value="1.5"></property>
    <property name="Env-IMQ_HOME" value="C:\downloads\message queue\mq4_0-as-win\imq"></property>
    <property name="basedir" value="@drivertest_dir@/etlse\requestReply\RequestReplyJbi"></property>
    <property name="javadoc.noindex" value="false"></property>
    <property name="java.class.version" value="49.0"></property>
    <property name="sun.awt.exception.handler" value="org.netbeans.core.NbErrorManager$AWTHandler"></property>
    <property name="j2ee.platform" value="1.4"></property>
    <property name="Env-USERDOMAIN" value="SUJIT"></property>
    <property name="ant.home" value="@SRCROOT@/nb_all\nbbuild\netbeans\ide7\ant"></property>
    <property name="javadoc.splitindex" value="true"></property>
    <property name="Env-TEMP" value="C:\DOCUME~1\Sujit\LOCALS~1\Temp"></property>
    <property name="javadoc.preview" value="true"></property>
    <property name="env-stc_root" value="C:\eclipse_workspace\etl5.1"></property>
    <property name="env-=::" value="::\"></property>
    <property name="env-sessionname" value="Console"></property>
    <property name="Env-PATHEXT" value=".COM;.EXE;.BAT;.CMD;.VBS;.VBE;.JS;.JSE;.WSF;.WSH"></property>
    <property name="build.dir" value="build"></property>
    <property name="sun.boot.library.path" value="@alaska_root@/build-tools\jdk1.5.0_04\jre\bin"></property>
    <property name="ant.file." value="@drivertest_dir@/etlse\requestReply\RequestReplyJbi\build.xml"></property>
    <property name="sun.management.compiler" value="HotSpot Client Compiler"></property>
    <property name="org.netbeans.modules.compapp.projects.jbi.descriptor.uuid.assembly-unit" value="RequestReplyJbi"></property>
    <property name="user.variant" value=""></property>
    <property name="java.awt.graphicsenv" value="sun.awt.Win32GraphicsEnvironment"></property>
    <property name="Env-SESSIONNAME" value="Console"></property>
    <property name="javadoc.windowtitle" value=""></property>
    <property name="http.proxyPort" value="8080"></property>
    <property name="Env-JSERV" value="C:\oracle\ora92/Apache/Jserv/conf"></property>
    <property name="env-computername" value="SUJIT"></property>
    <property name="env-ant_home" value="@alaska_root@/build-tools\apache-ant-1.6.5"></property>
    <property name="https.proxyHost" value="webcache.singapore.sun.com"></property>
    <property name="Env-WV_GATEWAY_CFG" value="C:\oracle\ora92\Apache\modplsql\cfg\wdbsvr.app"></property>
    <property name="netbeans.osenv" value="C:\DOCUME~1\Sujit\LOCALS~1\Temp\nbenv2"></property>
    <property name="build.compiler.emacs" value="true"></property>
    <property name="ant.project.name" value=""></property>
    <property name="env-commonprogramfiles" value="C:\Program Files\Common Files"></property>
    <property name="java.vm.specification.version" value="1.0"></property>
    <property name="caps.appserver.home" value="@SRCROOT@/Sun/Appserver"></property>
    <property name="awt.toolkit" value="sun.awt.windows.WToolkit"></property>
    <property name="javadoc.use" value="true"></property>
    <property name="sun.cpu.isalist" value="pentium_pro+mmx pentium_pro pentium+mmx pentium i486 i386 i86"></property>
    <property name="java.ext.dirs" value="@alaska_root@/build-tools\jdk1.5.0_04\jre\lib\ext"></property>
    <property name="os.version" value="5.1"></property>
    <property name="user.home" value="C:\Documents and Settings\Sujit"></property>
    <property name="org.xml.sax.driver" value="com.sun.org.apache.xerces.internal.parsers.SAXParser"></property>
    <property name="javax.xml.parsers.DocumentBuilderFactory" value="org.netbeans.core.startup.DOMFactoryImpl"></property>
    <property name="Env-ALLUSERSPROFILE" value="C:\Documents and Settings\All Users"></property>
    <property name="java.vm.vendor" value="Sun Microsystems Inc."></property>
    <property name="Env-STC_ROOT" value="C:\eclipse_workspace\etl5.1"></property>
    <property name="Env-PROCESSOR_IDENTIFIER" value="x86 Family 6 Model 13 Stepping 6, GenuineIntel"></property>
    <property name="env-comspec" value="C:\WINDOWS\system32\@shell_cmd@"></property>
    <property name="Env-JBOSS_HOME" value="C:\jboss-4.0.4.GA"></property>
    <property name="Env-J2EE_HOME" value="C:\downloads\sun\cts\j2eeri-1_4_1"></property>
    <property name="org.openide.TopManager.GUI" value="true"></property>
    <property name="user.dir" value="@drivertest_dir@/etlse\requestReply\RequestReplyJbi"></property>
    <property name="env-username" value="Sujit"></property>
    <property name="test.dir" value="test"></property>
    <property name="Env-NUMBER_OF_PROCESSORS" value="1"></property>
    <property name="org.netbeans.modules.compapp.jbiserver.component.conf.root" value="nbproject/private"></property>
    <property name="env-path" value="@SRCROOT@/Sun\AppServer\bin;@SRCROOT@/Sun\AppServer\lib\ant\bin;@SRCROOT@/Sun\AppServer\addons\OpenESB\bin;C:\jdk1.5.0_04\jre\bin\;C:\oracle\ora92\bin;C:\Program Files\Oracle\jre\1.3.1\bin;C:\Program Files\Oracle\jre\1.1.8\bin;C:\WINDOWS\system32;C:\WINDOWS;C:\WINDOWS\System32\Wbem;C:\downloads\developer\cvs-1-11-20;C:\ApacheSoftwareFoundation\Maven1.0.2\bin;C:\bea\weblogic90\server\native\win\32;C:\downloads\message queue\mq4_0-as-win\imq\bin;C:\adabas\bin;C:\adabas\pgm;C:\Sun\jstudio_enttpr1\AppServ8.1\bin;C:\Sun\jwsdp-1.6\jwsdp-shared\bin;C:\Sun\AppServer\bin;C:\java.net\publish\glassfish\bin;@SRCROOT@/Sun\AppServer\bin;@SRCROOT@/Sun\AppServer\lib\ant\bin;@SRCROOT@/Sun\AppServer\addons\OpenESB\bin;C:\jdk1.5.0_04\jre\bin\;C:\oracle\ora92\bin;C:\Program Files\Oracle\jre\1.3.1\bin;C:\Program Files\Oracle\jre\1.1.8\bin;C:\WINDOWS\system32;C:\WINDOWS;C:\WINDOWS\System32\Wbem;C:\downloads\developer\cvs-1-11-20;C:\ApacheSoftwareFoundation\Maven1.0.2\bin;C:\bea\weblogic90\server\native\win\32;C:\downloads\message queue\mq4_0-as-win\imq\bin;C:\adabas\bin;C:\adabas\pgm;C:\Sun\jstudio_enttpr1\AppServ8.1\bin;C:\Sun\jwsdp-1.6\jwsdp-shared\bin;C:\Sun\AppServer\bin;C:\java.net\publish\glassfish\bin;C:\netbeans-5.5dev\uml2\modules\DoorsIntegrationFiles\modules\bin;C:\Program Files\cvsnt"></property>
    <property name="Env-HOMEPATH" value="\Documents and Settings\Sujit"></property>
    <property name="sun.cpu.endian" value="little"></property>
    <property name="com.sun.jbi.routing" value="true"></property>
    <property name="Env-HOMEDRIVE" value="C:"></property>
    <property name="java.vm.version" value="1.5.0_04-b05"></property>
    <property name="java.class.path" value="@SRCROOT@/nb_all\nbbuild\netbeans\soa1\modules\ext\jbi\catd.jar;@SRCROOT@/nb_all\nbbuild\netbeans\soa1\modules\ext\jbi\xmlunit1.0.jar;@SRCROOT@/nb_all\nbbuild\netbeans\ide7\modules\ext\junit-3.8.1.jar;@SRCROOT@/nb_all\nbbuild\netbeans\ide7\modules\ext\jaxrpc16\FastInfoset.jar;@SRCROOT@/nb_all\nbbuild\netbeans\ide7\modules\ext\jaxrpc16\saaj-api.jar;@SRCROOT@/nb_all\nbbuild\netbeans\ide7\modules\ext\jaxrpc16\saaj-impl.jar;@SRCROOT@/nb_all\nbbuild\netbeans\ide7\modules\org-netbeans-modules-xml-xdm.jar;@SRCROOT@/nb_all\nbbuild\netbeans\ide7\modules\org-netbeans-modules-xml-xam.jar;@SRCROOT@/nb_all\nbbuild\netbeans\ide7\modules\org-netbeans-modules-editor-lib.jar;@SRCROOT@/nb_all\nbbuild\netbeans\ide7\modules\org-netbeans-modules-xml-text.jar;@SRCROOT@/nb_all\nbbuild\netbeans\ide7\modules\org-netbeans-modules-editor.jar;@SRCROOT@/nb_all\nbbuild\netbeans\ide7\modules\org-netbeans-modules-editor-util.jar;@SRCROOT@/nb_all\nbbuild\netbeans\ide7\modules\org-netbeans-modules-xml-core.jar;@SRCROOT@/nb_all\nbbuild\netbeans\platform6\lib\org-openide-modules.jar;@SRCROOT@/nb_all\nbbuild\netbeans\platform6\lib\org-openide-util.jar;@SRCROOT@/nb_all\nbbuild\netbeans\platform6\modules\org-openide-options.jar;@SRCROOT@/nb_all\nbbuild\netbeans\platform6\modules\org-openide-text.jar;@SRCROOT@/nb_all\nbbuild\netbeans\platform6\modules\org-openide-loaders.jar;@SRCROOT@/nb_all\nbbuild\netbeans\platform6\modules\org-openide-nodes.jar;@SRCROOT@/nb_all\nbbuild\netbeans\platform6\core\org-openide-filesystems.jar;@SRCROOT@/nb_all\nbbuild\netbeans\ide7\ant\lib\ant-launcher.jar;@SRCROOT@/nb_all\nbbuild\netbeans\ide7\ant\lib\ant.jar;@SRCROOT@/nb_all\nbbuild\netbeans\ide7\ant\lib\ant-junit.jar"></property>
    <property name="javax.xml.parsers.SAXParserFactory" value="org.netbeans.core.startup.SAXFactoryImpl"></property>
    <property name="env-ts_home" value="C:\downloads\sun\cts\j2eetck"></property>
    <property name="org.netbeans.modules.compapp.projects.jbi.descriptor.uuid.9" value="14000000-C143A5C20E0100-819EE646-01"></property>
    <property name="org.netbeans.modules.compapp.projects.jbi.descriptor.uuid.8" value="13000000-C143A5C20E0100-819EE646-01"></property>
    <property name="os.arch" value="x86"></property>
    <property name="org.netbeans.modules.compapp.projects.jbi.descriptor.uuid.7" value="12000000-C143A5C20E0100-819EE646-01"></property>
    <property name="javac.deprecation" value="false"></property>
    <property name="org.netbeans.modules.compapp.projects.jbi.descriptor.uuid.6" value="11000000-C143A5C20E0100-819EE646-01"></property>
    <property name="http.proxyHost" value="webcache.singapore.sun.com"></property>
    <property name="org.netbeans.modules.compapp.projects.jbi.descriptor.uuid.5" value="10000000-C143A5C20E0100-819EE646-01"></property>
    <property name="org.netbeans.modules.compapp.projects.jbi.descriptor.uuid.4" value="0F000000-C143A5C20E0100-819EE646-01"></property>
    <property name="org.netbeans.modules.compapp.projects.jbi.descriptor.uuid.3" value="0E000000-C143A5C20E0100-819EE646-01"></property>
    <property name="build.classes.excludes" value="**/*.java,**/*.form,**/.nbattrs"></property>
    <property name="org.netbeans.modules.compapp.projects.jbi.descriptor.uuid.2" value="0D000000-C143A5C20E0100-819EE646-01"></property>
    <property name="org.netbeans.modules.compapp.projects.jbi.descriptor.uuid.1" value="0C000000-C143A5C20E0100-819EE646-01"></property>
    <property name="dist.dir" value="dist"></property>
    <property name="netbeans.user" value="C:\Documents and Settings\Sujit\.netbeans\5.5dev"></property>
    <property name="debug.classpath" value="${javac.classpath}:build/jar"></property>
    <property name="Env-OS" value="Windows_NT"></property>
    <property name="org.netbeans.modules.compapp.projects.jbi.descriptor.uuid.0" value="0B000000-C143A5C20E0100-819EE646-01"></property>
    <property name="Env-ProgramFiles" value="C:\Program Files"></property>
    <property name="ant.file.RequestReplyJbi-jbi-impl" value="@drivertest_dir@/etlse\requestReply\RequestReplyJbi\nbproject\build-impl.xml"></property>
    <property name="env-fp_no_host_check" value="NO"></property>
    <property name="java.vm.specification.vendor" value="Sun Microsystems Inc."></property>
    <property name="Env-DBWORK" value="C:\adabas\sql"></property>
    <property name="Env-JAVA_HOME" value="C:\jdk1.5.0_04"></property>
    <property name="file.separator" value="\"></property>
    <property name="Env-TS_HOME" value="C:\downloads\sun\cts\j2eetck"></property>
    <property name="env-processor_level" value="6"></property>
    <property name="org.netbeans.modules.compapp.jbiserver.deployment.conf.file" value="default.xml"></property>
    <property name="java.runtime.version" value="1.5.0_04-b05"></property>
    <property name="Env-ANT_HOME" value="@alaska_root@/build-tools\apache-ant-1.6.5"></property>
    <property name="env-userprofile" value="C:\Documents and Settings\Sujit"></property>
    <property name="sun.boot.class.path" value="@alaska_root@/build-tools\jdk1.5.0_04\jre\lib\rt.jar;@alaska_root@/build-tools\jdk1.5.0_04\jre\lib\i18n.jar;@alaska_root@/build-tools\jdk1.5.0_04\jre\lib\sunrsasign.jar;@alaska_root@/build-tools\jdk1.5.0_04\jre\lib\jsse.jar;@alaska_root@/build-tools\jdk1.5.0_04\jre\lib\jce.jar;@alaska_root@/build-tools\jdk1.5.0_04\jre\lib\charsets.jar;@alaska_root@/build-tools\jdk1.5.0_04\jre\classes"></property>
    <property name="Env-MAVEN_HOME" value="C:\ApacheSoftwareFoundation\Maven1.0.2"></property>
    <property name="have.tests" value="true"></property>
    <property name="user.country" value="US"></property>
    <property name="javadoc.notree" value="false"></property>
    <property name="Env-USERPROFILE" value="C:\Documents and Settings\Sujit"></property>
    <property name="Env-PROCESSOR_ARCHITECTURE" value="x86"></property>
    <property name="env-wv_gateway_cfg" value="C:\oracle\ora92\Apache\modplsql\cfg\wdbsvr.app"></property>
    <property name="default.javac.target" value="1.4"></property>
    <property name="build.classes.dir" value="build/jar"></property>
    <property name="java.vendor" value="Sun Microsystems Inc."></property>
    <property name="javac.target" value="1.4"></property>
    <property name="reference.RequestReplyEtl.dist_se" value="@drivertest_dir@/etlse\requestReply\RequestReplyEtl/build/SEDeployment.jar"></property>
    <property name="java.specification.version" value="1.5"></property>
    <property name="sun.arch.data.model" value="32"></property>
  </properties>
  <testcase classname="org.netbeans.modules.compapp.catd.ConfiguredTest" name="jbiMessage" time="7.391"></testcase>
  <system-out><![CDATA[{java.runtime.name=Java(TM) 2 Runtime Environment, Standard Edition, sun.boot.library.path=@alaska_root@/build-tools\jdk1.5.0_04\jre\bin, java.vm.version=1.5.0_04-b05, java.vm.vendor=Sun Microsystems Inc., java.vendor.url=http://java.sun.com/, path.separator=;, java.vm.name=Java HotSpot(TM) Client VM, file.encoding.pkg=sun.io, user.country=US, sun.os.patch.level=Service Pack 2, java.vm.specification.name=Java Virtual Machine Specification, user.dir=@drivertest_dir@/etlse\requestReply\RequestReplyJbi, java.runtime.version=1.5.0_04-b05, java.awt.graphicsenv=sun.awt.Win32GraphicsEnvironment, java.endorsed.dirs=@alaska_root@/build-tools\jdk1.5.0_04\jre\lib\endorsed, os.arch=x86, java.io.tmpdir=C:\DOCUME~1\Sujit\LOCALS~1\Temp\, line.separator=
, java.vm.specification.vendor=Sun Microsystems Inc., user.variant=, os.name=Windows XP, sun.jnu.encoding=Cp1252, java.library.path=@alaska_root@/build-tools\jdk1.5.0_04\jre\bin;.;C:\WINDOWS\system32;C:\WINDOWS;@SRCROOT@/Sun\AppServer\bin;@SRCROOT@/Sun\AppServer\lib\ant\bin;@SRCROOT@/Sun\AppServer\addons\OpenESB\bin;C:\jdk1.5.0_04\jre\bin\;C:\oracle\ora92\bin;C:\Program Files\Oracle\jre\1.3.1\bin;C:\Program Files\Oracle\jre\1.1.8\bin;C:\WINDOWS\system32;C:\WINDOWS;C:\WINDOWS\System32\Wbem;C:\downloads\developer\cvs-1-11-20;C:\ApacheSoftwareFoundation\Maven1.0.2\bin;C:\bea\weblogic90\server\native\win\32;C:\downloads\message queue\mq4_0-as-win\imq\bin;C:\adabas\bin;C:\adabas\pgm;C:\Sun\jstudio_enttpr1\AppServ8.1\bin;C:\Sun\jwsdp-1.6\jwsdp-shared\bin;C:\Sun\AppServer\bin;C:\java.net\publish\glassfish\bin;@SRCROOT@/Sun\AppServer\bin;@SRCROOT@/Sun\AppServer\lib\ant\bin;@SRCROOT@/Sun\AppServer\addons\OpenESB\bin;C:\jdk1.5.0_04\jre\bin\;C:\oracle\ora92\bin;C:\Program Files\Oracle\jre\1.3.1\bin;C:\Program Files\Oracle\jre\1.1.8\bin;C:\WINDOWS\system32;C:\WINDOWS;C:\WINDOWS\System32\Wbem;C:\downloads\developer\cvs-1-11-20;C:\ApacheSoftwareFoundation\Maven1.0.2\bin;C:\bea\weblogic90\server\native\win\32;C:\downloads\message queue\mq4_0-as-win\imq\bin;C:\adabas\bin;C:\adabas\pgm;C:\Sun\jstudio_enttpr1\AppServ8.1\bin;C:\Sun\jwsdp-1.6\jwsdp-shared\bin;C:\Sun\AppServer\bin;C:\java.net\publish\glassfish\bin;C:\netbeans-5.5dev\uml2\modules\DoorsIntegrationFiles\modules\bin;C:\Program Files\cvsnt, java.specification.name=Java Platform API Specification, java.class.version=49.0, sun.management.compiler=HotSpot Client Compiler, os.version=5.1, user.home=C:\Documents and Settings\Sujit, user.timezone=Asia/Calcutta, java.awt.printerjob=sun.awt.windows.WPrinterJob, file.encoding=Cp1252, java.specification.version=1.5, java.class.path=@SRCROOT@/nb_all\nbbuild\netbeans\soa1\modules\ext\jbi\catd.jar;@SRCROOT@/nb_all\nbbuild\netbeans\soa1\modules\ext\jbi\xmlunit1.0.jar;@SRCROOT@/nb_all\nbbuild\netbeans\ide7\modules\ext\junit-3.8.1.jar;@SRCROOT@/nb_all\nbbuild\netbeans\ide7\modules\ext\jaxrpc16\FastInfoset.jar;@SRCROOT@/nb_all\nbbuild\netbeans\ide7\modules\ext\jaxrpc16\saaj-api.jar;@SRCROOT@/nb_all\nbbuild\netbeans\ide7\modules\ext\jaxrpc16\saaj-impl.jar;@SRCROOT@/nb_all\nbbuild\netbeans\ide7\modules\org-netbeans-modules-xml-xdm.jar;@SRCROOT@/nb_all\nbbuild\netbeans\ide7\modules\org-netbeans-modules-xml-xam.jar;@SRCROOT@/nb_all\nbbuild\netbeans\ide7\modules\org-netbeans-modules-editor-lib.jar;@SRCROOT@/nb_all\nbbuild\netbeans\ide7\modules\org-netbeans-modules-xml-text.jar;@SRCROOT@/nb_all\nbbuild\netbeans\ide7\modules\org-netbeans-modules-editor.jar;@SRCROOT@/nb_all\nbbuild\netbeans\ide7\modules\org-netbeans-modules-editor-util.jar;@SRCROOT@/nb_all\nbbuild\netbeans\ide7\modules\org-netbeans-modules-xml-core.jar;@SRCROOT@/nb_all\nbbuild\netbeans\platform6\lib\org-openide-modules.jar;@SRCROOT@/nb_all\nbbuild\netbeans\platform6\lib\org-openide-util.jar;@SRCROOT@/nb_all\nbbuild\netbeans\platform6\modules\org-openide-options.jar;@SRCROOT@/nb_all\nbbuild\netbeans\platform6\modules\org-openide-text.jar;@SRCROOT@/nb_all\nbbuild\netbeans\platform6\modules\org-openide-loaders.jar;@SRCROOT@/nb_all\nbbuild\netbeans\platform6\modules\org-openide-nodes.jar;@SRCROOT@/nb_all\nbbuild\netbeans\platform6\core\org-openide-filesystems.jar;@SRCROOT@/nb_all\nbbuild\netbeans\ide7\ant\lib\ant-launcher.jar;@SRCROOT@/nb_all\nbbuild\netbeans\ide7\ant\lib\ant.jar;@SRCROOT@/nb_all\nbbuild\netbeans\ide7\ant\lib\ant-junit.jar, user.name=Sujit, java.vm.specification.version=1.0, java.home=@alaska_root@/build-tools\jdk1.5.0_04\jre, sun.arch.data.model=32, user.language=en, java.specification.vendor=Sun Microsystems Inc., awt.toolkit=sun.awt.windows.WToolkit, java.vm.info=mixed mode, java.version=1.5.0_04, java.ext.dirs=@alaska_root@/build-tools\jdk1.5.0_04\jre\lib\ext, sun.boot.class.path=@alaska_root@/build-tools\jdk1.5.0_04\jre\lib\rt.jar;@alaska_root@/build-tools\jdk1.5.0_04\jre\lib\i18n.jar;@alaska_root@/build-tools\jdk1.5.0_04\jre\lib\sunrsasign.jar;@alaska_root@/build-tools\jdk1.5.0_04\jre\lib\jsse.jar;@alaska_root@/build-tools\jdk1.5.0_04\jre\lib\jce.jar;@alaska_root@/build-tools\jdk1.5.0_04\jre\lib\charsets.jar;@alaska_root@/build-tools\jdk1.5.0_04\jre\classes, java.vendor=Sun Microsystems Inc., file.separator=\, java.vendor.url.bug=http://java.sun.com/cgi-bin/bugreport.cgi, sun.io.unicode.encoding=UnicodeLittle, sun.cpu.endian=little, sun.desktop=windows, sun.cpu.isalist=pentium_pro+mmx pentium_pro pentium+mmx pentium i486 i386 i86}
Test jbiMessage\Concurrent.properties Passed. Threads count Success: <1> Error: <0> Not completed: <0>
]]></system-out>
  <system-err><![CDATA[]]></system-err>
</testsuite>
