<?xml version="1.0" encoding="UTF-8" ?>
<testsuite errors="0" failures="1" hostname="PVarghese-HP" name="org.netbeans.modules.compapp.catd.ConfiguredTest" tests="1" time="62.953" timestamp="2008-10-10T00:10:50">
  <properties>
    <property name="com.sun.jbi.sa.internal.routing" value="true" />
    <property name="javax.xml.parsers.SAXParserFactory" value="org.netbeans.core.startup.SAXFactoryImpl" />
    <property name="libs.DataBindingME.src" value="" />
    <property name="libs.j2me_ant_ext.javadoc" value="" />
    <property name="source.root" value="src" />
    <property name="org.openide.TopManager.GUI" value="true" />
    <property name="libs.theme-default.classpath" value="C:\sierra_all\soa-dev\nbbuild\netbeans\visualweb2\modules\ext\defaulttheme.jar" />
    <property name="libs.proguard.javadoc" value="" />
    <property name="libs.junit.javadoc" value="C:\sierra_all\soa-dev\nbbuild\netbeans\java2\docs\junit-3.8.2-api.zip" />
    <property name="libs.nsicom-ant-utils.src" value="" />
    <property name="libs.nokiaS80-ant-utils.javadoc" value="" />
    <property name="ant.core.lib" value="C:\sierra_all\soa-dev\nbbuild\netbeans\java2\ant\lib\ant.jar" />
    <property name="libs.swing-app-framework.src" value="" />
    <property name="libs.jakarta_slide_ant_webdav.javadoc" value="" />
    <property name="javadoc.windowtitle" value="" />
    <property name="libs.toplink.classpath" value="C:\sierra_all\soa-dev\nbbuild\netbeans\java2\modules\ext\toplink\toplink-essentials.jar;C:\sierra_all\soa-dev\nbbuild\netbeans\java2\modules\ext\toplink\toplink-essentials-agent.jar" />
    <property name="user.dir" value="C:\open-jbi-components\driver-tests\iepse\StressTest\StockTickerJbi" />
    <property name="libs.theme-default-green.classpath" value="C:\sierra_all\soa-dev\nbbuild\netbeans\visualweb2\modules\ext\defaulttheme-green.jar" />
    <property name="libs.JMUnit4CLDC10.javadoc" value="C:\sierra_all\soa-dev\nbbuild\netbeans\mobility8\modules\docs\jmunit-1.0.1-api.zip" />
    <property name="java.vm.version" value="1.5.0_12-b04" />
    <property name="libs.DataBindingME.classpath" value="C:\sierra_all\soa-dev\nbbuild\netbeans\mobility8\modules\ext\netbeans_databindingme.jar" />
    <property name="libs.jstl11.maven-pom" value="" />
    <property name="libs.nsicom-ant-utils.classpath" value="" />
    <property name="libs.MySQLDriver.classpath" value="C:\sierra_all\soa-dev\nbbuild\netbeans\ide9\modules\ext\mysql-connector-java-5.1.5-bin.jar" />
    <property name="jbi.content.additional" value="../StockTicker/build/SEDeployment.jar" />
    <property name="libs.jstl11.src" value="" />
    <property name="javadoc.notree" value="false" />
    <property name="libs.DataBindingME-PIM.maven-pom" value="" />
    <property name="libs.exceptionhandler-runtime.maven-pom" value="" />
    <property name="libs.NetBeans MIDP Components.maven-pom" value="" />
    <property name="jdk.home" value="C:\Java\jdk1.5.0_12" />
    <property name="libs.javac-api.src" value="" />
    <property name="javadoc.noindex" value="false" />
    <property name="xml.module.install.dir" value="C:\sierra_all\soa-dev\nbbuild\netbeans\xml2\modules" />
    <property name="libs.theme-default-green.runtime" value="C:\sierra_all\soa-dev\nbbuild\netbeans\visualweb2\modules\ext\defaulttheme-green.jar" />
    <property name="sun.os.patch.level" value="Service Pack 2" />
    <property name="libs.theme-default-gray.runtime" value="C:\sierra_all\soa-dev\nbbuild\netbeans\visualweb2\modules\ext\defaulttheme-gray.jar" />
    <property name="java.vm.specification.name" value="Java Virtual Machine Specification" />
    <property name="libs.semc-ant-utils.classpath" value="C:\sierra_all\soa-dev\nbbuild\netbeans\mobility8\modules\ext\org-netbeans-modules-j2me-cdc-project-semc.jar" />
    <property name="libs.jdbcsupport-runtime.classpath" value="C:\sierra_all\soa-dev\nbbuild\netbeans\visualweb2\modules\ext\sqlx.jar" />
    <property name="libs.nokiadeployment.classpath" value="C:\sierra_all\soa-dev\nbbuild\netbeans\mobility8\modules\org-netbeans-modules-mobility-deployment-nokia.jar" />
    <property name="have.tests" value="true" />
    <property name="libs.nokiaS80-ant-utils.maven-pom" value="" />
    <property name="libs.jdbcsupport-designtime.classpath" value="C:\sierra_all\soa-dev\nbbuild\netbeans\visualweb2\modules\ext\sqlx.jar" />
    <property name="org.xml.sax.driver" value="com.sun.org.apache.xerces.internal.parsers.SAXParser" />
    <property name="libs.nb_svg_midp_components.src" value="C:\sierra_all\soa-dev\nbbuild\netbeans\mobility8\sources\nb_svg_midp_components-src.zip" />
    <property name="j2ee.server.instance" value="[c:\ojc-runtime\glassfish]deployer:Sun:AppServer::localhost:4848" />
    <property name="libs.NetBeans MIDP Components WMA.src" value="C:\sierra_all\soa-dev\nbbuild\netbeans\mobility8\sources\netbeans_midp_components_wma-src.zip" />
    <property name="libs.javac-api.javadoc" value="" />
    <property name="os.name" value="Windows XP" />
    <property name="libs.beans-binding.classpath" value="C:\sierra_all\soa-dev\nbbuild\netbeans\java2\modules\ext\beansbinding-1.2.1.jar" />
    <property name="libs.DataBindingME-SVG.javadoc" value="C:\sierra_all\soa-dev\nbbuild\netbeans\mobility8\modules\docs\netbeans_databindingme_svg-api.zip" />
    <property name="libs.restapi.javadoc" value="C:\sierra_all\soa-dev\nbbuild\netbeans\enterprise5\docs\jsr311-api-doc.zip" />
    <property name="rave.build" value="thresher-fcs" />
    <property name="libs.restapi.classpath" value="C:\sierra_all\soa-dev\nbbuild\netbeans\enterprise5\modules\ext\rest\jsr311-api.jar" />
    <property name="java.vendor.url.bug" value="http://java.sun.com/cgi-bin/bugreport.cgi" />
    <property name="libs.nsicom-ant-utils.javadoc" value="" />
    <property name="os.arch" value="x86" />
    <property name="user.name" value="pVarghese" />
    <property name="libs.jsf12.javadoc" value="C:\sierra_all\soa-dev\nbbuild\netbeans\enterprise5\docs\javaee5-doc-api.zip" />
    <property name="libs.jaxb21.maven-pom" value="" />
    <property name="libs.swing-layout.maven-pom" value="" />
    <property name="build.classes.dir" value="build/jar" />
    <property name="netbeans.accept_license_class" value="org.netbeans.license.AcceptLicense" />
    <property name="enterprise.module.install.dir" value="C:\sierra_all\soa-dev\nbbuild\netbeans\enterprise5\modules" />
    <property name="project.StockTicker" value="../StockTicker" />
    <property name="libs.jaxws21.javadoc" value="C:\sierra_all\soa-dev\nbbuild\netbeans\java2\docs\jaxws-2_1-api-doc.zip" />
    <property name="javax.xml.parsers.DocumentBuilderFactory" value="org.netbeans.core.startup.DOMFactoryImpl" />
    <property name="user.country" value="US" />
    <property name="libs.jstl11.javadoc" value="C:\sierra_all\soa-dev\nbbuild\netbeans\enterprise5\docs\javaee5-doc-api.zip" />
    <property name="libs.JMUnit4CLDC11.src" value="" />
    <property name="javadoc.encoding" value="" />
    <property name="libs.jsfsupport-designtime.javadoc" value="C:\sierra_all\soa-dev\nbbuild\netbeans\visualweb2\docs\appbase-doc.zip;C:\sierra_all\soa-dev\nbbuild\netbeans\visualweb2\docs\dataprovider-doc.zip;C:\sierra_all\soa-dev\nbbuild\netbeans\visualweb2\docs\jsfcl-doc.zip" />
    <property name="libs.JAVADB_DRIVER_LABEL.src" value="" />
    <property name="meta.inf" value="src/conf" />
    <property name="netbeans.system_http_non_proxy_hosts" value="" />
    <property name="netbeans.home" value="C:\sierra_all\soa-dev\nbbuild\netbeans\platform8" />
    <property name="build.compiler.emacs" value="true" />
    <property name="libs.nokiaS80-ant-utils.src" value="" />
    <property name="libs.jdbcsupport-runtime.javadoc" value="" />
    <property name="libs.cdc-pp-awt-layout.javadoc" value="" />
    <property name="libs.j2me_ant_ext.classpath" value="C:\sierra_all\soa-dev\nbbuild\netbeans\mobility8\modules\org-netbeans-modules-mobility-antext.jar;C:\sierra_all\soa-dev\nbbuild\netbeans\ide9\modules\org-netbeans-modules-classfile.jar" />
    <property name="ant.file.StockTickerJbi-jbi-impl" value="C:\open-jbi-components\driver-tests\iepse\StressTest\StockTickerJbi\nbproject\build-impl.xml" />
    <property name="java.endorsed.dirs" value="C:\Java\jdk1.5.0_12\jre\lib\endorsed" />
    <property name="netbeans.dynamic.classpath" value="C:\sierra_all\soa-dev\nbbuild\netbeans\platform8\core\core.jar;C:\sierra_all\soa-dev\nbbuild\netbeans\platform8\core\org-openide-filesystems.jar;C:\sierra_all\soa-dev\nbbuild\netbeans\nb6.1\core\org-netbeans-upgrader.jar;C:\sierra_all\soa-dev\nbbuild\netbeans\nb6.1\core\locale\core_nb.jar" />
    <property name="libs.cdc-agui-swing-layout.maven-pom" value="" />
    <property name="libs.cdc-pp-awt-layout.src" value="C:\sierra_all\soa-dev\nbbuild\netbeans\mobility8\sources\cdc-pp-awt-layout-src.zip" />
    <property name="java.vm.specification.version" value="1.0" />
    <property name="libs.jakarta_slide_ant_webdav.src" value="" />
    <property name="libs.JMUnit4CLDC10.maven-pom" value="" />
    <property name="libs.jaxws21.src" value="" />
    <property name="libs.swing-app-framework.classpath" value="C:\sierra_all\soa-dev\nbbuild\netbeans\java2\modules\ext\appframework-1.0.3.jar;C:\sierra_all\soa-dev\nbbuild\netbeans\java2\modules\ext\swing-worker-1.1.jar" />
    <property name="libs.jakarta_slide_ant_webdav.classpath" value="C:\sierra_all\soa-dev\nbbuild\netbeans\mobility8\modules\ext\commons-httpclient-3.0.1.jar;C:\sierra_all\soa-dev\nbbuild\netbeans\ide9\modules\ext\commons-logging-1.0.4.jar;C:\sierra_all\soa-dev\nbbuild\netbeans\mobility8\modules\ext\jdom-1.0.jar;C:\sierra_all\soa-dev\nbbuild\netbeans\mobility8\modules\ext\jakarta-slide-webdavlib-2.1.jar;C:\sierra_all\soa-dev\nbbuild\netbeans\mobility8\modules\ext\jakarta-slide-ant-webdav-2.1.jar" />
    <property name="org.netbeans.core.startup.specialResource" value="nullcom.sun.jdo.api.persistence.mapping.ejb" />
    <property name="java.vendor" value="Sun Microsystems Inc." />
    <property name="libs.JMUnit4CLDC10.src" value="" />
    <property name="javac.debug" value="true" />
    <property name="javadoc.splitindex" value="true" />
    <property name="file.separator" value="\" />
    <property name="libs.IdentityAntTasks.src" value="" />
    <property name="libs.ActiveSync.classpath" value="C:\sierra_all\soa-dev\nbbuild\netbeans\mobility8\modules\ext\nbactivesync-5.0.jar" />
    <property name="libs.junit_4.maven-pom" value="" />
    <property name="netbeans.buildnumber" value="200810080102" />
    <property name="user.variant" value="" />
    <property name="libs.webui-runtime.classpath" value="C:\sierra_all\soa-dev\nbbuild\netbeans\visualweb2\modules\ext\webui.jar;C:\sierra_all\soa-dev\nbbuild\netbeans\enterprise5\modules\ext\commons-fileupload-1.0.jar" />
    <property name="sun.java.launcher" value="SUN_STANDARD" />
    <property name="libs.junit.classpath" value="C:\sierra_all\soa-dev\nbbuild\netbeans\java2\modules\ext\junit-3.8.2.jar" />
    <property name="libs.struts.classpath" value="C:\sierra_all\soa-dev\nbbuild\netbeans\enterprise5\modules\ext\struts\antlr.jar;C:\sierra_all\soa-dev\nbbuild\netbeans\enterprise5\modules\ext\struts\commons-beanutils.jar;C:\sierra_all\soa-dev\nbbuild\netbeans\enterprise5\modules\ext\struts\commons-digester.jar;C:\sierra_all\soa-dev\nbbuild\netbeans\enterprise5\modules\ext\struts\commons-logging.jar;C:\sierra_all\soa-dev\nbbuild\netbeans\enterprise5\modules\ext\struts\commons-validator.jar;C:\sierra_all\soa-dev\nbbuild\netbeans\enterprise5\modules\ext\struts\jakarta-oro.jar;C:\sierra_all\soa-dev\nbbuild\netbeans\enterprise5\modules\ext\struts\struts.jar;C:\sierra_all\soa-dev\nbbuild\netbeans\enterprise5\modules\ext\commons-fileupload-1.0.jar" />
    <property name="libs.woodstock-theme-default.classpath" value="C:\sierra_all\soa-dev\nbbuild\netbeans\visualweb2\modules\ext\webui-jsf-suntheme.jar" />
    <property name="ant.home" value="C:\sierra_all\soa-dev\nbbuild\netbeans\java2\ant" />
    <property name="libs.junit_4.src" value="" />
    <property name="libs.ricoh-ant-utils.maven-pom" value="" />
    <property name="libs.absolutelayout.maven-pom" value="" />
    <property name="ant.java.version" value="1.5" />
    <property name="java.library.path" value="C:\Java\jdk1.5.0_12\jre\bin;.;C:\WINDOWS\system32;C:\WINDOWS;C:\Java\jdk1.5.0_12\bin;C:\Applications\gnuserv;C:\WINDOWS\system32;C:\WINDOWS;C:\WINDOWS\System32\Wbem;C:\Program Files\Common Files\Roxio Shared\DLLShared\;C:\Program Files\Reflection\;C:\Program Files\Apache\maven-2.0.5\bin;C:\Program Files\TortoiseCVS;C:\Applications\build-tools\apache-ant-1.6.5\bin;C:\Program Files\Executive Software\DiskeeperWorkstation\;C:\Applications\eartool\;C:\Program Files\QuickTime\QTSystem\;C:\Applications\emacs-21.2\bin;C:\Applications\Mercurial;C:\product\10.1.3.1\OracleAS_1\MOBILE\sdk\bin" />
    <property name="javadoc.author" value="false" />
    <property name="libs.IdentityAntTasks.classpath" value="C:\sierra_all\soa-dev\nbbuild\netbeans\identity2\ant\nblib\org-netbeans-modules-identity-ant.jar;C:\sierra_all\soa-dev\nbbuild\netbeans\identity2\modules\org-netbeans-modules-identity-profile-api.jar" />
    <property name="java.util.logging.config.class" value="org.netbeans.core.startup.TopLogging" />
    <property name="libs.PostgreSQLDriver.src" value="" />
    <property name="sun.arch.data.model" value="32" />
    <property name="basedir" value="C:\open-jbi-components\driver-tests\iepse\StressTest\StockTickerJbi" />
    <property name="libs.ActiveSync.src" value="" />
    <property name="jar.compress" value="false" />
    <property name="libs.NetBeans MIDP Components PDA.src" value="C:\sierra_all\soa-dev\nbbuild\netbeans\mobility8\sources\netbeans_midp_components_pda-src.zip" />
    <property name="libs.jstl11.classpath" value="C:\sierra_all\soa-dev\nbbuild\netbeans\enterprise5\modules\ext\standard.jar;C:\sierra_all\soa-dev\nbbuild\netbeans\enterprise5\modules\ext\jstl.jar" />
    <property name="path.separator" value=";" />
    <property name="sun.io.unicode.encoding" value="UnicodeLittle" />
    <property name="libs.semc-ant-utils.javadoc" value="" />
    <property name="libs.jaxws21.classpath" value="C:\sierra_all\soa-dev\nbbuild\netbeans\java2\modules\ext\jaxws21\activation.jar;C:\sierra_all\soa-dev\nbbuild\netbeans\java2\modules\ext\jaxws21\FastInfoset.jar;C:\sierra_all\soa-dev\nbbuild\netbeans\java2\modules\ext\jaxws21\http.jar;C:\sierra_all\soa-dev\nbbuild\netbeans\java2\modules\ext\jaxws21\api\jaxb-api.jar;C:\sierra_all\soa-dev\nbbuild\netbeans\java2\modules\ext\jaxws21\jaxb-impl.jar;C:\sierra_all\soa-dev\nbbuild\netbeans\java2\modules\ext\jaxws21\jaxb-xjc.jar;C:\sierra_all\soa-dev\nbbuild\netbeans\java2\modules\ext\jaxws21\api\jaxws-api.jar;C:\sierra_all\soa-dev\nbbuild\netbeans\java2\modules\ext\jaxws21\jaxws-rt.jar;C:\sierra_all\soa-dev\nbbuild\netbeans\java2\modules\ext\jaxws21\jaxws-tools.jar;C:\sierra_all\soa-dev\nbbuild\netbeans\java2\modules\ext\jaxws21\api\jsr173_api.jar;C:\sierra_all\soa-dev\nbbuild\netbeans\java2\modules\ext\jaxws21\api\jsr181-api.jar;C:\sierra_all\soa-dev\nbbuild\netbeans\java2\modules\ext\jaxws21\api\jsr250-api.jar;C:\sierra_all\soa-dev\nbbuild\netbeans\java2\modules\ext\jaxws21\api\saaj-api.jar;C:\sierra_all\soa-dev\nbbuild\netbeans\java2\modules\ext\jaxws21\saaj-impl.jar;C:\sierra_all\soa-dev\nbbuild\netbeans\java2\modules\ext\jaxws21\sjsxp.jar;C:\sierra_all\soa-dev\nbbuild\netbeans\java2\modules\ext\jaxws21\stax-ex.jar;C:\sierra_all\soa-dev\nbbuild\netbeans\java2\modules\ext\jaxws21\streambuffer.jar" />
    <property name="libs.struts.src" value="" />
    <property name="user.language" value="en" />
    <property name="ant.file." value="C:\open-jbi-components\driver-tests\iepse\StressTest\StockTickerJbi\build.xml" />
    <property name="libs.jaxb21.javadoc" value="" />
    <property name="libs.spring-framework.classpath" value="C:\sierra_all\soa-dev\nbbuild\netbeans\java2\modules\ext\spring\commons-logging-1.1.jar;C:\sierra_all\soa-dev\nbbuild\netbeans\java2\modules\ext\spring\spring-2.5.jar" />
    <property name="libs.swing-layout.javadoc" value="C:\sierra_all\soa-dev\nbbuild\netbeans\platform8\docs\swing-layout-1.0.3-doc.zip" />
    <property name="libs.swing-app-framework.javadoc" value="C:\sierra_all\soa-dev\nbbuild\netbeans\java2\docs\appframework-1.0.3-doc.zip" />
    <property name="libs.proguard.classpath" value="C:\sierra_all\soa-dev\nbbuild\netbeans\mobility8\external\proguard\proguard3.7.jar" />
    <property name="libs.DataBindingME-SVG.classpath" value="C:\sierra_all\soa-dev\nbbuild\netbeans\mobility8\modules\ext\netbeans_databindingme_svg.jar" />
    <property name="https.nonProxyHosts" value="localhost|127.0.0.1|PVarghese-HP" />
    <property name="libs.PostgreSQLDriver.maven-pom" value="" />
    <property name="java.class.version" value="49.0" />
    <property name="libs.JAVADB_DRIVER_LABEL.classpath" value="C:\ojc-runtime\glassfish\javadb\lib\derby.jar;C:\ojc-runtime\glassfish\javadb\lib\derbyclient.jar;C:\ojc-runtime\glassfish\javadb\lib\derbynet.jar" />
    <property name="libs.cdc-ant-utils.classpath" value="C:\sierra_all\soa-dev\nbbuild\netbeans\mobility8\modules\ext\org-netbeans-modules-j2me-cdc-project.jar" />
    <property name="netbeans.system_http_proxy" value="DIRECT" />
    <property name="libs.NetBeans MIDP Components WMA.maven-pom" value="" />
    <property name="user.properties.file" value="C:\Documents and Settings\pvarghese\.netbeans\sierra\build.properties" />
    <property name="libs.spring-framework.src" value="" />
    <property name="libs.javac-api.maven-pom" value="" />
    <property name="file.encoding.pkg" value="sun.io" />
    <property name="sun.cpu.endian" value="little" />
    <property name="libs.PojoSELib.src" value="C:\sierra_all\soa-dev\nbbuild\netbeans\soa2\modules\ext\jbi\openesb-pojo-engine-api-src.jar" />
    <property name="libs.ant-contrib.classpath" value="C:\sierra_all\soa-dev\nbbuild\netbeans\mobility8\modules\ext\ant-contrib-1.0b3.jar" />
    <property name="libs.jaxb21.src" value="" />
    <property name="libs.jsfsupport-designtime.classpath" value="C:\sierra_all\soa-dev\nbbuild\netbeans\visualweb2\modules\ext\jsfcl.jar;C:\sierra_all\soa-dev\nbbuild\netbeans\visualweb2\modules\ext\appbase.jar;C:\sierra_all\soa-dev\nbbuild\netbeans\visualweb2\modules\ext\dataprovider.jar;C:\sierra_all\soa-dev\nbbuild\netbeans\visualweb2\modules\ext\sqlx.jar" />
    <property name="javadoc.preview" value="true" />
    <property name="nbplatform.default.harness.dir" value="C:\sierra_all\soa-dev\nbbuild\netbeans/harness" />
    <property name="java.home" value="C:\Java\jdk1.5.0_12\jre" />
    <property name="libs.ricoh-ant-utils.src" value="" />
    <property name="libs.spring-webmvc.src" value="" />
    <property name="copyfiles.classpath" value="C:\sierra_all\soa-dev\nbbuild\netbeans\enterprise5\ant\extra\copyfiles.jar" />
    <property name="libs.ant-contrib.javadoc" value="" />
    <property name="netbeans.importclass" value="org.netbeans.upgrade.AutoUpgrade" />
    <property name="libs.webui-designtime.src" value="C:\sierra_all\soa-dev\nbbuild\netbeans\visualweb2\docs\webui-src.zip" />
    <property name="reference.StockTicker.dist_se" value="../StockTicker/build/SEDeployment.jar" />
    <property name="org.openide.TopManager" value="org.netbeans.core.NonGui" />
    <property name="libs.savaje-ant-utils.classpath" value="C:\sierra_all\soa-dev\nbbuild\netbeans\mobility8\modules\ext\org-netbeans-modules-j2me-cdc-project-savaje.jar" />
    <property name="libs.toplink.maven-pom" value="" />
    <property name="libs.DataBindingME.maven-pom" value="" />
    <property name="libs.PostgreSQLDriver.javadoc" value="" />
    <property name="libs.restlib.classpath" value="C:\sierra_all\soa-dev\nbbuild\netbeans\enterprise5\modules\ext\rest\jersey.jar;C:\sierra_all\soa-dev\nbbuild\netbeans\java2\modules\ext\jaxws21\activation.jar;C:\sierra_all\soa-dev\nbbuild\netbeans\java2\modules\ext\jaxws21\api\jsr250-api.jar;C:\sierra_all\soa-dev\nbbuild\netbeans\enterprise5\modules\ext\rest\http.jar;C:\sierra_all\soa-dev\nbbuild\netbeans\enterprise5\modules\ext\rest\wadl2java.jar;C:\sierra_all\soa-dev\nbbuild\netbeans\java2\modules\ext\jaxws21\api\jaxws-api.jar;C:\sierra_all\soa-dev\nbbuild\netbeans\java2\modules\ext\jaxws21\api\jaxb-api.jar;C:\sierra_all\soa-dev\nbbuild\netbeans\java2\modules\ext\jaxws21\jaxb-impl.jar;C:\sierra_all\soa-dev\nbbuild\netbeans\java2\modules\ext\jaxws21\jaxb-xjc.jar;C:\sierra_all\soa-dev\nbbuild\netbeans\java2\modules\ext\jaxws21\api\jsr173_api.jar;C:\sierra_all\soa-dev\nbbuild\netbeans\enterprise5\modules\ext\rest\rome-0.9.jar;C:\sierra_all\soa-dev\nbbuild\netbeans\enterprise5\modules\ext\rest\jdom-1.0.jar;C:\sierra_all\soa-dev\nbbuild\netbeans\enterprise5\modules\ext\rest\jettison-1.0-RC1.jar;C:\sierra_all\soa-dev\nbbuild\netbeans\enterprise5\modules\ext\rest\asm-3.1.jar;C:\sierra_all\soa-dev\nbbuild\netbeans\enterprise5\modules\ext\rest\grizzly-servlet-webserver-1.7.3.2.jar" />
    <property name="libs.exceptionhandler-runtime.javadoc" value="" />
    <property name="libs.JMUnit4CLDC11.javadoc" value="C:\sierra_all\soa-dev\nbbuild\netbeans\mobility8\modules\docs\jmunit-1.0.1-api.zip" />
    <property name="jbi.service-unit.description" value="Represents this Service Unit" />
    <property name="libs.nsicom-ant-utils.maven-pom" value="" />
    <property name="libs.jsfsupport-runtime.classpath" value="C:\sierra_all\soa-dev\nbbuild\netbeans\visualweb2\modules\ext\jsfcl.jar;C:\sierra_all\soa-dev\nbbuild\netbeans\visualweb2\modules\ext\appbase.jar;C:\sierra_all\soa-dev\nbbuild\netbeans\visualweb2\modules\ext\dataprovider.jar;C:\sierra_all\soa-dev\nbbuild\netbeans\visualweb2\modules\ext\sqlx.jar" />
    <property name="libs.MySQLDriver.maven-pom" value="" />
    <property name="libs.savaje-ant-utils.src" value="" />
    <property name="http.nonProxyHosts" value="localhost|127.0.0.1|PVarghese-HP" />
    <property name="libs.junit_4.javadoc" value="" />
    <property name="libs.spring-webmvc.javadoc" value="" />
    <property name="libs.toplink.src" value="" />
    <property name="test.results.dir" value="C:\open-jbi-components\driver-tests\iepse\StressTest\StockTickerJbi/test/results" />
    <property name="libs.cdc-pp-awt-layout.classpath" value="C:\sierra_all\soa-dev\nbbuild\netbeans\mobility8\modules\ext\cdc-pp-awt-layout.jar" />
    <property name="libs.webui.javadoc" value="C:\sierra_all\soa-dev\nbbuild\netbeans\visualweb2\docs\webui-doc.zip" />
    <property name="libs.cdc-agui-swing-layout.src" value="C:\sierra_all\soa-dev\nbbuild\netbeans\mobility8\sources\cdc-agui-swing-layout-src.zip" />
    <property name="libs.jsf12-support.javadoc" value="C:\sierra_all\soa-dev\nbbuild\netbeans\visualweb2\docs\appbase-doc.zip;C:\sierra_all\soa-dev\nbbuild\netbeans\visualweb2\docs\dataprovider-doc.zip;C:\sierra_all\soa-dev\nbbuild\netbeans\visualweb2\docs\jsfcl-doc.zip" />
    <property name="libs.theme-default.runtime" value="C:\sierra_all\soa-dev\nbbuild\netbeans\visualweb2\modules\ext\defaulttheme.jar" />
    <property name="libs.JMUnit4CLDC11.classpath" value="C:\sierra_all\soa-dev\nbbuild\netbeans\mobility8\modules\ext\jmunit4cldc11-1.0.1.jar" />
    <property name="libs.nb_svg_midp_components.classpath" value="C:\sierra_all\soa-dev\nbbuild\netbeans\mobility8\modules\ext\nb_svg_midp_components.jar" />
    <property name="libs.PojoSELib.classpath" value="C:\sierra_all\soa-dev\nbbuild\netbeans\soa2\modules\ext\jbi\openesb-pojo-engine-api.jar;C:\sierra_all\soa-dev\nbbuild\netbeans\soa2\modules\ext\jbi\jbi.jar" />
    <property name="libs.NetBeans MIDP Components PDA.classpath" value="C:\sierra_all\soa-dev\nbbuild\netbeans\mobility8\modules\ext\netbeans_midp_components_pda.jar" />
    <property name="libs.semc-ant-utils.maven-pom" value="" />
    <property name="libs.jdbcsupport-runtime.maven-pom" value="" />
    <property name="libs.nokiadeployment.maven-pom" value="" />
    <property name="libs.restapi.src" value="" />
    <property name="libs.NetBeans MIDP Components.javadoc" value="C:\sierra_all\soa-dev\nbbuild\netbeans\mobility8\modules\docs\netbeans_midp_components_basic-api.zip" />
    <property name="sun.management.compiler" value="HotSpot Client Compiler" />
    <property name="javac.deprecation" value="false" />
    <property name="javadoc.use" value="true" />
    <property name="libs.jdbcsupport-runtime.src" value="" />
    <property name="libs.jdbcsupport-designtime.maven-pom" value="" />
    <property name="libs.theme-default-gray.classpath" value="C:\sierra_all\soa-dev\nbbuild\netbeans\visualweb2\modules\ext\defaulttheme-gray.jar" />
    <property name="libs.spring-webmvc.classpath" value="C:\sierra_all\soa-dev\nbbuild\netbeans\enterprise5\modules\ext\spring\spring-webmvc-2.5.jar" />
    <property name="ant.file" value="C:\open-jbi-components\driver-tests\iepse\StressTest\StockTickerJbi\build.xml" />
    <property name="libs.beans-binding.maven-pom" value="" />
    <property name="libs.jsf12.classpath" value="C:\sierra_all\soa-dev\nbbuild\netbeans\enterprise5\modules\ext\jsf-1_2\commons-beanutils.jar;C:\sierra_all\soa-dev\nbbuild\netbeans\enterprise5\modules\ext\jsf-1_2\commons-collections.jar;C:\sierra_all\soa-dev\nbbuild\netbeans\enterprise5\modules\ext\jsf-1_2\commons-digester.jar;C:\sierra_all\soa-dev\nbbuild\netbeans\enterprise5\modules\ext\jsf-1_2\commons-logging.jar;C:\sierra_all\soa-dev\nbbuild\netbeans\enterprise5\modules\ext\jsf-1_2\jsf-api.jar;C:\sierra_all\soa-dev\nbbuild\netbeans\enterprise5\modules\ext\jsf-1_2\jsf-impl.jar" />
    <property name="sun.awt.exception.handler" value="org.netbeans.core.startup.TopLogging$AWTHandler" />
    <property name="libs.restapi.maven-pom" value="" />
    <property name="libs.beans-binding.src" value="" />
    <property name="libs.NetBeans MIDP Components PDA.javadoc" value="C:\sierra_all\soa-dev\nbbuild\netbeans\mobility8\modules\docs\netbeans_midp_components_pda-api.zip" />
    <property name="java.vm.specification.vendor" value="Sun Microsystems Inc." />
    <property name="libs.DataBindingME-PIM.javadoc" value="C:\sierra_all\soa-dev\nbbuild\netbeans\mobility8\modules\docs\netbeans_databindingme_pim-api.zip" />
    <property name="libs.swing-layout.src" value="C:\sierra_all\soa-dev\nbbuild\netbeans\platform8\docs\swing-layout-1.0.3-src.zip" />
    <property name="libs.webui.src" value="C:\sierra_all\soa-dev\nbbuild\netbeans\visualweb2\docs\webui-src.zip" />
    <property name="libs.j2me_ant_ext.src" value="" />
    <property name="org.openide.major.version" value="IDE/1" />
    <property name="java.vm.name" value="Java HotSpot(TM) Client VM" />
    <property name="netbeans.user" value="C:\Documents and Settings\pvarghese\.netbeans\sierra" />
    <property name="libs.ricoh-ant-utils.classpath" value="C:\sierra_all\soa-dev\nbbuild\netbeans\mobility8\modules\ext\org-netbeans-modules-j2me-cdc-project-ricoh.jar;C:\sierra_all\soa-dev\nbbuild\netbeans\mobility8\modules\ext\RicohAntTasks-2.0.jar;C:\sierra_all\soa-dev\nbbuild\netbeans\mobility8\modules\ext\commons-httpclient-3.0.jar;C:\sierra_all\soa-dev\nbbuild\netbeans\ide9\modules\ext\commons-logging-1.0.4.jar;C:\sierra_all\soa-dev\nbbuild\netbeans\mobility8\modules\ext\commons-codec-1.3.jar" />
    <property name="java.io.tmpdir" value="C:\DOCUME~1\PVARGH~1\LOCALS~1\Temp\" />
    <property name="java.vendor.url" value="http://java.sun.com/" />
    <property name="jspc.classpath" value="C:\sierra_all\soa-dev\nbbuild\netbeans\java2\ant\lib\ant.jar:C:\sierra_all\soa-dev\nbbuild\netbeans\enterprise5\modules\ext\servlet2.5-jsp2.1-api.jar:${j2ee.platform.classpath}:C:\sierra_all\soa-dev\nbbuild\netbeans\enterprise5\modules\ext\glassfish-jspparser-2.0.jar:C:\sierra_all\soa-dev\nbbuild\netbeans\enterprise5\modules\ext\glassfish-logging-2.0.jar:C:\sierra_all\soa-dev\nbbuild\netbeans\ide9\modules\ext\commons-logging-1.0.4.jar:C:\sierra_all\soa-dev\nbbuild\netbeans\java2\ant\lib\ant-launcher.jar" />
    <property name="sun.boot.library.path" value="C:\Java\jdk1.5.0_12\jre\bin" />
    <property name="debug.classpath" value="${javac.classpath}:build/jar" />
    <property name="libs.woodstock-theme-default.runtime" value="C:\sierra_all\soa-dev\nbbuild\netbeans\visualweb2\modules\ext\webui-jsf-suntheme.jar" />
    <property name="javadoc.private" value="false" />
    <property name="src.build.dir" value="src/jbiServiceUnits" />
    <property name="libs.DataBindingME-SVG.src" value="" />
    <property name="dist.jar" value="dist/StockTickerJbi.zip" />
    <property name="java.runtime.name" value="Java(TM) 2 Runtime Environment, Standard Edition" />
    <property name="ant.project.name" value="" />
    <property name="libs.PojoSELib.javadoc" value="C:\sierra_all\soa-dev\nbbuild\netbeans\soa2\modules\ext\jbi\openesb-pojo-engine-api-javadoc.jar" />
    <property name="libs.jdbcsupport-designtime.javadoc" value="" />
    <property name="libs.j2me_ant_ext.maven-pom" value="" />
    <property name="sun.cpu.isalist" value="pentium_pro+mmx pentium_pro pentium+mmx pentium i486 i386 i86" />
    <property name="libs.CopyLibs.javadoc" value="" />
    <property name="libs.ActiveSync.javadoc" value="" />
    <property name="org.openide.specification.version" value="6.2" />
    <property name="libs.DataBindingME-PIM.classpath" value="C:\sierra_all\soa-dev\nbbuild\netbeans\mobility8\modules\ext\netbeans_databindingme_pim.jar" />
    <property name="user.home" value="C:\Documents and Settings\pvarghese" />
    <property name="libs.exceptionhandler-runtime.classpath" value="C:\sierra_all\soa-dev\nbbuild\netbeans\visualweb2\modules\ext\errorhandler.jar" />
    <property name="libs.NetBeans MIDP Components.classpath" value="C:\sierra_all\soa-dev\nbbuild\netbeans\mobility8\modules\ext\netbeans_midp_components_basic.jar" />
    <property name="com.sun.jbi.routing" value="true" />
    <property name="libs.CopyLibs.maven-pom" value="" />
    <property name="libs.absolutelayout.javadoc" value="" />
    <property name="java.specification.name" value="Java Platform API Specification" />
    <property name="libs.webui.classpath" value="C:\sierra_all\soa-dev\nbbuild\netbeans\visualweb2\modules\ext\webui.jar;C:\sierra_all\soa-dev\nbbuild\netbeans\enterprise5\modules\ext\commons-fileupload-1.0.jar" />
    <property name="libs.swing-app-framework.maven-pom" value="" />
    <property name="libs.jakarta_slide_ant_webdav.maven-pom" value="" />
    <property name="libs.NetBeans MIDP Components WMA.classpath" value="C:\sierra_all\soa-dev\nbbuild\netbeans\mobility8\modules\ext\netbeans_midp_components_wma.jar" />
    <property name="libs.woodstock-components.classpath" value="C:\sierra_all\soa-dev\nbbuild\netbeans\visualweb2\modules\ext\webui-jsf.jar;C:\sierra_all\soa-dev\nbbuild\netbeans\enterprise5\modules\ext\commons-fileupload-1.0.jar;C:\sierra_all\soa-dev\nbbuild\netbeans\visualweb2\modules\ext\json-2.jar;C:\sierra_all\soa-dev\nbbuild\netbeans\visualweb2\modules\ext\jsf-extensions-common-0.1.jar;C:\sierra_all\soa-dev\nbbuild\netbeans\visualweb2\modules\ext\jsf-extensions-dynamic-faces-0.1.jar" />
    <property name="ide.module.install.dir" value="C:\sierra_all\soa-dev\nbbuild\netbeans\ide9\modules" />
    <property name="libs.cdc-agui-swing-layout.javadoc" value="" />
    <property name="java.specification.vendor" value="Sun Microsystems Inc." />
    <property name="libs.jdbcsupport-designtime.src" value="" />
    <property name="libs.javac-api.classpath" value="C:\sierra_all\soa-dev\nbbuild\netbeans\java2\modules\ext\javac-api-nb-7.0-b07.jar" />
    <property name="libs.nokiaS80-ant-utils.classpath" value="C:\sierra_all\soa-dev\nbbuild\netbeans\mobility8\modules\ext\org-netbeans-modules-j2me-cdc-project-nokiaS80.jar" />
    <property name="java.version" value="1.5.0_12" />
    <property name="libs.NetBeans MIDP Components WMA.javadoc" value="C:\sierra_all\soa-dev\nbbuild\netbeans\mobility8\modules\docs\netbeans_midp_components_wma-api.zip" />
    <property name="javadoc.version" value="false" />
    <property name="libs.MySQLDriver.javadoc" value="" />
    <property name="org.openide.version" value="deprecated" />
    <property name="libs.ActiveSync.maven-pom" value="" />
    <property name="source.encoding" value="UTF-8" />
    <property name="libs.junit.maven-pom" value="" />
    <property name="libs.jsf12-support.src" value="C:\sierra_all\soa-dev\nbbuild\netbeans\visualweb2\docs\appbase-src.zip;C:\sierra_all\soa-dev\nbbuild\netbeans\visualweb2\docs\dataprovider-src.zip;C:\sierra_all\soa-dev\nbbuild\netbeans\visualweb2\docs\jsfcl-src.zip" />
    <property name="libs.struts.maven-pom" value="" />
    <property name="netbeans.home+have.tests" value="true" />
    <property name="NetBeansUserDir" value="C:\Documents and Settings\pvarghese\.netbeans\sierra" />
    <property name="test.dir" value="test" />
    <property name="libs.IdentityAntTasks.maven-pom" value="" />
    <property name="libs.cdc-ant-utils.src" value="" />
    <property name="libs.jaxb21.classpath" value="C:\sierra_all\soa-dev\nbbuild\netbeans\java2\modules\ext\jaxws21\activation.jar;C:\sierra_all\soa-dev\nbbuild\netbeans\java2\modules\ext\jaxws21\api\jaxb-api.jar;C:\sierra_all\soa-dev\nbbuild\netbeans\java2\modules\ext\jaxws21\jaxb-impl.jar;C:\sierra_all\soa-dev\nbbuild\netbeans\java2\modules\ext\jaxws21\jaxb-xjc.jar;C:\sierra_all\soa-dev\nbbuild\netbeans\java2\modules\ext\jaxws21\api\jsr173_api.jar" />
    <property name="dist.javadoc.dir" value="dist/javadoc" />
    <property name="libs.swing-layout.classpath" value="C:\sierra_all\soa-dev\nbbuild\netbeans\platform8\modules\ext\swing-layout-1.0.3.jar" />
    <property name="jbi.content.javaee.jars" value="" />
    <property name="libs.restlib.src" value="" />
    <property name="build.generated.dir" value="build/generated" />
    <property name="javac.source" value="1.4" />
    <property name="libs.proguard.src" value="" />
    <property name="line.separator" value="
" />
    <property name="java.specification.version" value="1.5" />
    <property name="libs.nb_svg_midp_components.javadoc" value="C:\sierra_all\soa-dev\nbbuild\netbeans\mobility8\modules\docs\nb_svg_midp_components-api.zip" />
    <property name="libs.jaxws21.maven-pom" value="" />
    <property name="java.vm.info" value="mixed mode" />
    <property name="libs.cdc-ant-utils.javadoc" value="" />
    <property name="netbeans.logger.console" value="true" />
    <property name="libs.jsf12-support.classpath" value="C:\sierra_all\soa-dev\nbbuild\netbeans\visualweb2\modules\ext\jsfcl.jar;C:\sierra_all\soa-dev\nbbuild\netbeans\visualweb2\modules\ext\appbase.jar;C:\sierra_all\soa-dev\nbbuild\netbeans\visualweb2\modules\ext\dataprovider.jar;C:\sierra_all\soa-dev\nbbuild\netbeans\visualweb2\modules\ext\sqlx.jar" />
    <property name="libs.spring-framework.maven-pom" value="" />
    <property name="sun.boot.class.path" value="C:\Java\jdk1.5.0_12\jre\lib\rt.jar;C:\Java\jdk1.5.0_12\jre\lib\i18n.jar;C:\Java\jdk1.5.0_12\jre\lib\sunrsasign.jar;C:\Java\jdk1.5.0_12\jre\lib\jsse.jar;C:\Java\jdk1.5.0_12\jre\lib\jce.jar;C:\Java\jdk1.5.0_12\jre\lib\charsets.jar;C:\Java\jdk1.5.0_12\jre\classes" />
    <property name="javac.target" value="1.4" />
    <property name="libs.woodstock-components.javadoc" value="C:\sierra_all\soa-dev\nbbuild\netbeans\visualweb2\docs\webui-jsf-doc.zip;C:\sierra_all\soa-dev\nbbuild\netbeans\visualweb2\docs\webui-jsf-tld.zip" />
    <property name="src.dir" value="src/jbiasa" />
    <property name="libs.IdentityAntTasks.javadoc" value="" />
    <property name="sun.awt.keepWorkingSetOnMinimize" value="true" />
    <property name="libs.proguard.maven-pom" value="" />
    <property name="libs.DataBindingME-SVG.maven-pom" value="" />
    <property name="libs.jsf12.src" value="" />
    <property name="libs.nokiadeployment.src" value="" />
    <property name="j2ee.platform" value="1.4" />
    <property name="libs.savaje-ant-utils.javadoc" value="" />
    <property name="libs.JAVADB_DRIVER_LABEL.maven-pom" value="" />
    <property name="nbplatform.default.netbeans.dest.dir" value="C:\sierra_all\soa-dev\nbbuild\netbeans" />
    <property name="libs.struts.javadoc" value="C:\sierra_all\soa-dev\nbbuild\netbeans\enterprise5\docs\struts-1.2.9-javadoc.zip" />
    <property name="libs.cdc-ant-utils.maven-pom" value="" />
    <property name="libs.cdc-agui-swing-layout.classpath" value="C:\sierra_all\soa-dev\nbbuild\netbeans\mobility8\modules\ext\cdc-agui-swing-layout.jar" />
    <property name="libs.webui-designtime.classpath" value="C:\sierra_all\soa-dev\nbbuild\netbeans\visualweb2\modules\ext\webui.jar;C:\sierra_all\soa-dev\nbbuild\netbeans\enterprise5\modules\ext\commons-fileupload-1.0.jar" />
    <property name="dist.dir" value="dist" />
    <property name="java.awt.printerjob" value="sun.awt.windows.WPrinterJob" />
    <property name="libs.JMUnit4CLDC10.classpath" value="C:\sierra_all\soa-dev\nbbuild\netbeans\mobility8\modules\ext\jmunit4cldc10-1.0.1.jar" />
    <property name="default.javac.source" value="1.5" />
    <property name="sun.jnu.encoding" value="Cp1252" />
    <property name="libs.MySQLDriver.src" value="" />
    <property name="jbi.service-assembly.id" value="StockTickerJbi" />
    <property name="libs.ant-contrib.maven-pom" value="" />
    <property name="libs.nokiadeployment.javadoc" value="" />
    <property name="libs.woodstock-components.src" value="C:\sierra_all\soa-dev\nbbuild\netbeans\visualweb2\docs\webui-jsf-src.zip" />
    <property name="java.runtime.version" value="1.5.0_12-b04" />
    <property name="libs.NetBeans MIDP Components.src" value="C:\sierra_all\soa-dev\nbbuild\netbeans\mobility8\sources\netbeans_midp_components_basic-src.zip" />
    <property name="jbi.service-assembly.description" value="Represents the Service Assembly of StockTickerJbi" />
    <property name="default.javac.target" value="1.5" />
    <property name="libs.junit_4.classpath" value="C:\sierra_all\soa-dev\nbbuild\netbeans\java2\modules\ext\junit-4.1.jar" />
    <property name="user.timezone" value="" />
    <property name="java.module.install.dir" value="C:\sierra_all\soa-dev\nbbuild\netbeans\java2\modules" />
    <property name="libs.jsfsupport-designtime.src" value="C:\sierra_all\soa-dev\nbbuild\netbeans\visualweb2\docs\appbase-src.zip;C:\sierra_all\soa-dev\nbbuild\netbeans\visualweb2\docs\dataprovider-src.zip;C:\sierra_all\soa-dev\nbbuild\netbeans\visualweb2\docs\jsfcl-src.zip" />
    <property name="libs.ant-contrib.src" value="" />
    <property name="libs.JAVADB_DRIVER_LABEL.javadoc" value="" />
    <property name="netbeans.dirs" value="C:\sierra_all\soa-dev\nbbuild\netbeans\nb6.1;C:\sierra_all\soa-dev\nbbuild\netbeans\ide9;C:\sierra_all\soa-dev\nbbuild\netbeans\java2;C:\sierra_all\soa-dev\nbbuild\netbeans\xml2;C:\sierra_all\soa-dev\nbbuild\netbeans\apisupport1;C:\sierra_all\soa-dev\nbbuild\netbeans\enterprise5;C:\sierra_all\soa-dev\nbbuild\netbeans\mobility8;C:\sierra_all\soa-dev\nbbuild\netbeans\profiler3;C:\sierra_all\soa-dev\nbbuild\netbeans\gsf1;C:\sierra_all\soa-dev\nbbuild\netbeans\ruby2;C:\sierra_all\soa-dev\nbbuild\netbeans\visualweb2;C:\sierra_all\soa-dev\nbbuild\netbeans\soa2;C:\sierra_all\soa-dev\nbbuild\netbeans\identity2;C:\sierra_all\soa-dev\nbbuild\netbeans\uml5;C:\sierra_all\soa-dev\nbbuild\netbeans\harness;C:\sierra_all\soa-dev\nbbuild\netbeans\cnd2" />
    <property name="libs.exceptionhandler-runtime.src" value="" />
    <property name="java.ext.dirs" value="C:\Java\jdk1.5.0_12\jre\lib\ext" />
    <property name="libs.semc-ant-utils.src" value="" />
    <property name="libs.savaje-ant-utils.maven-pom" value="" />
    <property name="libs.absolutelayout.classpath" value="C:\sierra_all\soa-dev\nbbuild\netbeans\java2\modules\ext\AbsoluteLayout.jar" />
    <property name="libs.restlib.maven-pom" value="" />
    <property name="libs.DataBindingME.javadoc" value="C:\sierra_all\soa-dev\nbbuild\netbeans\mobility8\modules\docs\netbeans_databindingme-api.zip" />
    <property name="jbi.content.component" value="sun-iep-engine" />
    <property name="java.class.path" value="C:\sierra_all\soa-dev\nbbuild\netbeans\soa2\modules\org-netbeans-modules-compapp-manager-jbi.jar;C:\sierra_all\soa-dev\nbbuild\netbeans\soa2\modules\org-netbeans-modules-compapp-projects-jbi.jar;C:\sierra_all\soa-dev\nbbuild\netbeans\soa2\modules\ext\jbi\jbi-admin-common.jar;C:\sierra_all\soa-dev\nbbuild\netbeans\soa2\modules\ext\jbi\catd.jar;C:\sierra_all\soa-dev\nbbuild\netbeans\java2\modules\ext\junit-3.8.2.jar;C:\sierra_all\soa-dev\nbbuild\netbeans\java2\modules\ext\jaxws21\api\saaj-api.jar;C:\sierra_all\soa-dev\nbbuild\netbeans\java2\modules\ext\jaxws21\saaj-impl.jar;C:\sierra_all\soa-dev\nbbuild\netbeans\java2\modules\ext\jaxws21\FastInfoset.jar;C:\sierra_all\soa-dev\nbbuild\netbeans\ide9\modules\org-netbeans-modules-editor-lib.jar;C:\sierra_all\soa-dev\nbbuild\netbeans\ide9\modules\org-netbeans-modules-editor.jar;C:\sierra_all\soa-dev\nbbuild\netbeans\ide9\modules\org-netbeans-modules-editor-util.jar;C:\sierra_all\soa-dev\nbbuild\netbeans\ide9\modules\org-netbeans-modules-editor-lib2.jar;C:\sierra_all\soa-dev\nbbuild\netbeans\ide9\modules\org-netbeans-modules-editor-indent.jar;C:\sierra_all\soa-dev\nbbuild\netbeans\ide9\modules\org-netbeans-modules-editor-plain.jar;C:\sierra_all\soa-dev\nbbuild\netbeans\ide9\modules\org-netbeans-modules-editor-plain-lib.jar;C:\sierra_all\soa-dev\nbbuild\netbeans\ide9\modules\org-netbeans-modules-editor-settings.jar;C:\sierra_all\soa-dev\nbbuild\netbeans\ide9\modules\org-netbeans-modules-lexer.jar;C:\sierra_all\soa-dev\nbbuild\netbeans\ide9\modules\org-netbeans-modules-xml-core.jar;C:\sierra_all\soa-dev\nbbuild\netbeans\ide9\modules\org-netbeans-modules-xml-lexer.jar;C:\sierra_all\soa-dev\nbbuild\netbeans\ide9\modules\org-netbeans-modules-xml-text.jar;C:\sierra_all\soa-dev\nbbuild\netbeans\ide9\modules\org-netbeans-modules-xml-xdm.jar;C:\sierra_all\soa-dev\nbbuild\netbeans\ide9\modules\org-netbeans-modules-xml-xam.jar;C:\sierra_all\soa-dev\nbbuild\netbeans\platform8\lib\org-openide-modules.jar;C:\sierra_all\soa-dev\nbbuild\netbeans\platform8\lib\org-openide-util.jar;C:\sierra_all\soa-dev\nbbuild\netbeans\platform8\modules\org-openide-options.jar;C:\sierra_all\soa-dev\nbbuild\netbeans\platform8\modules\org-openide-text.jar;C:\sierra_all\soa-dev\nbbuild\netbeans\platform8\modules\org-openide-loaders.jar;C:\sierra_all\soa-dev\nbbuild\netbeans\platform8\modules\org-openide-nodes.jar;C:\sierra_all\soa-dev\nbbuild\netbeans\platform8\modules\org-netbeans-modules-editor-mimelookup.jar;C:\sierra_all\soa-dev\nbbuild\netbeans\platform8\modules\org-netbeans-modules-editor-mimelookup-impl.jar;C:\sierra_all\soa-dev\nbbuild\netbeans\platform8\core\org-openide-filesystems.jar;C:\product\10.1.3.1\OracleAS_1\MOBILE\Sdk\bin\OLITE40.JAR;C:\open-jbi-components\driver-tests\iepse\StressTest\StockTickerJbi;C:\Java\jre1.6.0_04\lib\ext\QTJava.zip;C:\sierra_all\soa-dev\nbbuild\netbeans\java2\ant\lib\ant-launcher.jar;C:\sierra_all\soa-dev\nbbuild\netbeans\java2\ant\lib\ant.jar;C:\sierra_all\soa-dev\nbbuild\netbeans\java2\ant\lib\ant-junit.jar" />
    <property name="apple.laf.useScreenMenuBar" value="true" />
    <property name="libs.webui-designtime.javadoc" value="C:\sierra_all\soa-dev\nbbuild\netbeans\visualweb2\docs\webui-doc.zip" />
    <property name="libs.absolutelayout.src" value="" />
    <property name="libs.cdc-pp-awt-layout.maven-pom" value="" />
    <property name="os.version" value="5.1" />
    <property name="libs.JMUnit4CLDC11.maven-pom" value="" />
    <property name="libs.toplink.javadoc" value="C:\sierra_all\soa-dev\nbbuild\netbeans\enterprise5\docs\javaee5-doc-api.zip" />
    <property name="sun.desktop" value="windows" />
    <property name="libs.nb_svg_midp_components.maven-pom" value="" />
    <property name="libs.PojoSELib.maven-pom" value="" />
    <property name="libs.ricoh-ant-utils.javadoc" value="" />
    <property name="libs.NetBeans MIDP Components PDA.maven-pom" value="" />
    <property name="libs.restlib.javadoc" value="" />
    <property name="libs.beans-binding.javadoc" value="C:\sierra_all\soa-dev\nbbuild\netbeans\java2\docs\beansbinding-1.2.1-doc.zip" />
    <property name="java.awt.graphicsenv" value="sun.awt.Win32GraphicsEnvironment" />
    <property name="rave.version" value="2.0.0" />
    <property name="java.vm.vendor" value="Sun Microsystems Inc." />
    <property name="libs.CopyLibs.classpath" value="C:\sierra_all\soa-dev\nbbuild\netbeans\java2\ant\extra\org-netbeans-modules-java-j2seproject-copylibstask.jar" />
    <property name="resource.StockTicker" value="../StockTicker/setup" />
    <property name="libs.spring-webmvc.maven-pom" value="" />
    <property name="libs.spring-framework.javadoc" value="" />
    <property name="libs.DataBindingME-PIM.src" value="" />
    <property name="libs.PostgreSQLDriver.classpath" value="C:\sierra_all\soa-dev\nbbuild\netbeans\ide9\modules\ext\postgresql-8.3-603.jdbc3.jar" />
    <property name="libs.jsf12.maven-pom" value="" />
    <property name="soa.module.install.dir" value="C:\sierra_all\soa-dev\nbbuild\netbeans\soa2\modules" />
    <property name="libs.junit.src" value="" />
    <property name="libs.CopyLibs.src" value="" />
    <property name="build.dir" value="build" />
    <property name="ant.version" value="Apache Ant version 1.7.0 compiled on December 13 2006" />
    <property name="file.encoding" value="Cp1252" />
    <property name="build.classes.excludes" value="**/*.java,**/*.form,**/.nbattrs" />
    <property name="javadoc.nonavbar" value="false" />
    <property name="platform.active" value="default_platform" />
    <property name="awt.toolkit" value="sun.awt.windows.WToolkit" />
  </properties>
  <testcase classname="org.netbeans.modules.compapp.catd.ConfiguredTest" name="stocktest1" time="62.906">
    <failure message="output.0 expected:&lt;&lt;msgns:StreamOutput0_MsgObj xmlns:msgns=&quot;PriceProcess_iep&quot;&gt;&lt;symbol&gt;MUR&lt;/symbol&gt;&lt;AvgPrice&gt;5.58&lt;/AvgPrice&gt;&lt;currenttime&gt;2008-10-09T15:42:28.728-07:00&lt;/currenttime&gt;&lt;Timestamp&gt;2008-10-09T15:42:25.605-07:00&lt;/Timestamp&gt;&lt;/msgns:StreamOutput0_MsgObj&gt;&lt;msgns:StreamOutput0_MsgObj xmlns:msgns=&quot;PriceProcess_iep&quot;&gt;&lt;symbol&gt;MUR&lt;/symbol&gt;&lt;AvgPrice&gt;5.58&lt;/AvgPrice&gt;&lt;currenttime&gt;2008-10-09T15:42:28.728-07:00&lt;/currenttime&gt;&lt;Timestamp&gt;2008-10-09T15:42:25.625-07:00&lt;/Timestamp&gt;&lt;/msgns:StreamOutput0_MsgObj&gt;&lt;msgns:StreamOutput0_MsgObj xmlns:msgns=&quot;PriceProcess_iep&quot;&gt;&lt;symbol&gt;PHI&lt;/symbol&gt;&lt;AvgPrice&gt;12.98&lt;/AvgPrice&gt;&lt;currenttime&gt;2008-10-09T15:42:28.728-07:00&lt;/currenttime&gt;&lt;Timestamp&gt;2008-10-09T15:42:25.625-07:00&lt;/Timestamp&gt;&lt;/msgns:StreamOutput0_MsgObj&gt;&lt;msgns:StreamOutput0_MsgObj xmlns:msgns=&quot;PriceProcess_iep&quot;&gt;&lt;symbol&gt;MUR&lt;/symbol&gt;&lt;AvgPrice&gt;5.58&lt;/AvgPrice&gt;&lt;currenttime&gt;2008-10-09T15:42:28.728-07:00&lt;/currenttime&gt;&lt;Timestamp&gt;2008-10-09T15:42:25.647-07:00&lt;/Timestamp&gt;&lt;/msgns:StreamOutput0_MsgObj&gt;&lt;msgns:StreamOutput0_MsgObj xmlns:msgns=&quot;PriceProcess_iep&quot;&gt;&lt;symbol&gt;PHI&lt;/symbol&gt;&lt;AvgPrice&gt;12.98&lt;/AvgPrice&gt;&lt;currenttime&gt;2008-10-09T15:42:28.728-07:00&lt;/currenttime&gt;&lt;Timestamp&gt;2008-10-09T15:42:25.647-07:00&lt;/Timestamp&gt;&lt;/msgns:StreamOutput0_MsgObj&gt;&lt;msgns:StreamOutput0_MsgObj xmlns:msgns=&quot;PriceProcess_iep&quot;&gt;&lt;symbol&gt;DIJ&lt;/symbol&gt;&lt;AvgPrice&gt;5.6&lt;/AvgPrice&gt;&lt;currenttime&gt;2008-10-09T15:42:28.728-07:00&lt;/currenttime&gt;&lt;Timestamp&gt;2008-10-09T15:42:25.647-07:00&lt;/Timestamp&gt;&lt;/msgns:StreamOutput0_MsgObj&gt;&lt;msgns:StreamOutput0_MsgObj xmlns:msgns=&quot;PriceProcess_iep&quot;&gt;&lt;symbol&gt;MUR&lt;/symbol&gt;&lt;AvgPrice&gt;5.58&lt;/AvgPrice&gt;&lt;currenttime&gt;2008-10-09T15:42:28.728-07:00&lt;/currenttime&gt;&lt;Timestamp&gt;2008-10-09T15:42:25.672-07:00&lt;/Timestamp&gt;&lt;/msgns:StreamOutput0_MsgObj&gt;&lt;msgns:StreamOutput0_MsgObj xmlns:msgns=&quot;PriceProcess_iep&quot;&gt;&lt;symbol&gt;PHI&lt;/symbol&gt;&lt;AvgPrice&gt;12.98&lt;/AvgPrice&gt;&lt;currenttime&gt;2008-10-09T15:42:28.728-07:00&lt;/currenttime&gt;&lt;Timestamp&gt;2008-10-09T15:42:25.672-07:00&lt;/Timestamp&gt;&lt;/msgns:StreamOutput0_MsgObj&gt;&lt;msgns:StreamOutput0_MsgObj xmlns:msgns=&quot;PriceProcess_iep&quot;&gt;&lt;symbol&gt;DIJ&lt;/symbol&gt;&lt;AvgPrice&gt;5.6&lt;/AvgPrice&gt;&lt;currenttime&gt;2008-10-09T15:42:28.728-07:00&lt;/currenttime&gt;&lt;Timestamp&gt;2008-10-09T15:42:25.672-07:00&lt;/Timestamp&gt;&lt;/msgns:StreamOutput0_MsgObj&gt;&lt;msgns:StreamOutput0_MsgObj xmlns:msgns=&quot;PriceProcess_iep&quot;&gt;&lt;symbol&gt;JAVA&lt;/symbol&gt;&lt;AvgPrice&gt;10.98&lt;/AvgPrice&gt;&lt;currenttime&gt;2008-10-09T15:42:28.728-07:00&lt;/currenttime&gt;&lt;Timestamp&gt;2008-10-09T15:42:25.672-07:00&lt;/Timestamp&gt;&lt;/msgns:StreamOutput0_MsgObj&gt;&lt;msgns:StreamOutput0_MsgObj xmlns:msgns=&quot;PriceProcess_iep&quot;&gt;&lt;symbol&gt;PHI&lt;/symbol&gt;&lt;AvgPrice&gt;12.98&lt;/AvgPrice&gt;&lt;currenttime&gt;2008-10-09T15:42:28.728-07:00&lt;/currenttime&gt;&lt;Timestamp&gt;2008-10-09T15:42:25.688-07:00&lt;/Timestamp&gt;&lt;/msgns:StreamOutput0_MsgObj&gt;&lt;msgns:StreamOutput0_MsgObj xmlns:msgns=&quot;PriceProcess_iep&quot;&gt;&lt;symbol&gt;DIJ&lt;/symbol&gt;&lt;AvgPrice&gt;5.6&lt;/AvgPrice&gt;&lt;currenttime&gt;2008-10-09T15:42:28.728-07:00&lt;/currenttime&gt;&lt;Timestamp&gt;2008-10-09T15:42:25.688-07:00&lt;/Timestamp&gt;&lt;/msgns:StreamOutput0_MsgObj&gt;&lt;msgns:StreamOutput0_MsgObj xmlns:msgns=&quot;PriceProcess_iep&quot;&gt;&lt;symbol&gt;JAVA&lt;/symbol&gt;&lt;AvgPrice&gt;10.98&lt;/AvgPrice&gt;&lt;currenttime&gt;2008-10-09T15:42:28.728-07:00&lt;/currenttime&gt;&lt;Timestamp&gt;2008-10-09T15:42:25.688-07:00&lt;/Timestamp&gt;&lt;/msgns:StreamOutput0_MsgObj&gt;&lt;msgns:StreamOutput0_MsgObj xmlns:msgns=&quot;PriceProcess_iep&quot;&gt;&lt;symbol&gt;MUR&lt;/symbol&gt;&lt;AvgPrice&gt;5.48&lt;/AvgPrice&gt;&lt;currenttime&gt;2008-10-09T15:42:28.728-07:00&lt;/currenttime&gt;&lt;Timestamp&gt;2008-10-09T15:42:25.688-07:00&lt;/Timestamp&gt;&lt;/msgns:StreamOutput0_MsgObj&gt;&lt;msgns:StreamOutput0_MsgObj xmlns:msgns=&quot;PriceProcess_iep&quot;&gt;&lt;symbol&gt;DIJ&lt;/symbol&gt;&lt;AvgPrice&gt;5.6&lt;/AvgPrice&gt;&lt;currenttime&gt;2008-10-09T15:42:28.728-07:00&lt;/currenttime&gt;&lt;Timestamp&gt;2008-10-09T15:42:25.703-07:00&lt;/Timestamp&gt;&lt;/msgns:StreamOutput0_MsgObj&gt;&lt;msgns:StreamOutput0_MsgObj xmlns:msgns=&quot;PriceProcess_iep&quot;&gt;&lt;symbol&gt;JAVA&lt;/symbol&gt;&lt;AvgPrice&gt;10.98&lt;/AvgPrice&gt;&lt;currenttime&gt;2008-10-09T15:42:28.728-07:00&lt;/currenttime&gt;&lt;Timestamp&gt;2008-10-09T15:42:25.703-07:00&lt;/Timestamp&gt;&lt;/msgns:StreamOutput0_MsgObj&gt;&lt;msgns:StreamOutput0_MsgObj xmlns:msgns=&quot;PriceProcess_iep&quot;&gt;&lt;symbol&gt;MUR&lt;/symbol&gt;&lt;AvgPrice&gt;5.48&lt;/AvgPrice&gt;&lt;currenttime&gt;2008-10-09T15:42:28.728-07:00&lt;/currenttime&gt;&lt;Timestamp&gt;2008-10-09T15:42:25.703-07:00&lt;/Timestamp&gt;&lt;/msgns:StreamOutput0_MsgObj&gt;&lt;msgns:StreamOutput0_MsgObj xmlns:msgns=&quot;PriceProcess_iep&quot;&gt;&lt;symbol&gt;PHI&lt;/symbol&gt;&lt;AvgPrice&gt;13.48&lt;/AvgPrice&gt;&lt;currenttime&gt;2008-10-09T15:42:28.728-07:00&lt;/currenttime&gt;&lt;Timestamp&gt;2008-10-09T15:42:25.703-07:00&lt;/Timestamp&gt;&lt;/msgns:StreamOutput0_MsgObj&gt;&lt;msgns:StreamOutput0_MsgObj xmlns:msgns=&quot;PriceProcess_iep&quot;&gt;&lt;symbol&gt;DIJ&lt;/symbol&gt;&lt;AvgPrice&gt;5.6&lt;/AvgPrice&gt;&lt;currenttime&gt;2008-10-09T15:42:28.728-07:00&lt;/currenttime&gt;&lt;Timestamp&gt;2008-10-09T15:42:25.719-07:00&lt;/Timestamp&gt;&lt;/msgns:StreamOutput0_MsgObj&gt;&lt;msgns:StreamOutput0_MsgObj xmlns:msgns=&quot;PriceProcess_iep&quot;&gt;&lt;symbol&gt;MUR&lt;/symbol&gt;&lt;AvgPrice&gt;5.48&lt;/AvgPrice&gt;&lt;currenttime&gt;2008-10-09T15:42:28.728-07:00&lt;/currenttime&gt;&lt;Timestamp&gt;2008-10-09T15:42:25.719-07:00&lt;/Timestamp&gt;&lt;/msgns:StreamOutput0_MsgObj&gt;&lt;msgns:StreamOutput0_MsgObj xmlns:msgns=&quot;PriceProcess_iep&quot;&gt;&lt;symbol&gt;PHI&lt;/symbol&gt;&lt;AvgPrice&gt;13.48&lt;/AvgPrice&gt;&lt;currenttime&gt;2008-10-09T15:42:28.728-07:00&lt;/currenttime&gt;&lt;Timestamp&gt;2008-10-09T15:42:25.719-07:00&lt;/Timestamp&gt;&lt;/msgns:StreamOutput0_MsgObj&gt;&lt;msgns:StreamOutput0_MsgObj xmlns:msgns=&quot;PriceProcess_iep&quot;&gt;&lt;symbol&gt;JAVA&lt;/symbol&gt;&lt;AvgPrice&gt;7.985&lt;/AvgPrice&gt;&lt;currenttime&gt;2008-10-09T15:42:28.728-07:00&lt;/currenttime&gt;&lt;Timestamp&gt;2008-10-09T15:42:25.719-07:00&lt;/Timestamp&gt;&lt;/msgns:StreamOutput0_MsgObj&gt;&lt;msgns:StreamOutput0_MsgObj xmlns:msgns=&quot;PriceProcess_iep&quot;&gt;&lt;symbol&gt;DIJ&lt;/symbol&gt;&lt;AvgPrice&gt;5.6&lt;/AvgPrice&gt;&lt;currenttime&gt;2008-10-09T15:42:28.728-07:00&lt;/currenttime&gt;&lt;Timestamp&gt;2008-10-09T15:42:25.734-07:00&lt;/Timestamp&gt;&lt;/msgns:StreamOutput0_MsgObj&gt;&lt;msgns:StreamOutput0_MsgObj xmlns:msgns=&quot;PriceProcess_iep&quot;&gt;&lt;symbol&gt;MUR&lt;/symbol&gt;&lt;AvgPrice&gt;5.48&lt;/AvgPrice&gt;&lt;currenttime&gt;2008-10-09T15:42:28.728-07:00&lt;/currenttime&gt;&lt;Timestamp&gt;2008-10-09T15:42:25.734-07:00&lt;/Timestamp&gt;&lt;/msgns:StreamOutput0_MsgObj&gt;&lt;msgns:StreamOutput0_MsgObj xmlns:msgns=&quot;PriceProcess_iep&quot;&gt;&lt;symbol&gt;JAVA&lt;/symbol&gt;&lt;AvgPrice&gt;7.985&lt;/AvgPrice&gt;&lt;currenttime&gt;2008-10-09T15:42:28.728-07:00&lt;/currenttime&gt;&lt;Timestamp&gt;2008-10-09T15:42:25.734-07:00&lt;/Timestamp&gt;&lt;/msgns:StreamOutput0_MsgObj&gt;&lt;msgns:StreamOutput0_MsgObj xmlns:msgns=&quot;PriceProcess_iep&quot;&gt;&lt;symbol&gt;PHI&lt;/symbol&gt;&lt;AvgPrice&gt;14.313333333333333&lt;/AvgPrice&gt;&lt;currenttime&gt;2008-10-09T15:42:28.728-07:00&lt;/currenttime&gt;&lt;Timestamp&gt;2008-10-09T15:42:25.734-07:00&lt;/Timestamp&gt;&lt;/msgns:StreamOutput0_MsgObj&gt;&lt;msgns:StreamOutput0_MsgObj xmlns:msgns=&quot;PriceProcess_iep&quot;&gt;&lt;symbol&gt;DIJ&lt;/symbol&gt;&lt;AvgPrice&gt;5.6&lt;/AvgPrice&gt;&lt;currenttime&gt;2008-10-09T15:42:28.728-07:00&lt;/currenttime&gt;&lt;Timestamp&gt;2008-10-09T15:42:25.753-07:00&lt;/Timestamp&gt;&lt;/msgns:StreamOutput0_MsgObj&gt;&lt;msgns:StreamOutput0_MsgObj xmlns:msgns=&quot;PriceProcess_iep&quot;&gt;&lt;symbol&gt;JAVA&lt;/symbol&gt;&lt;AvgPrice&gt;7.985&lt;/AvgPrice&gt;&lt;currenttime&gt;2008-10-09T15:42:28.728-07:00&lt;/currenttime&gt;&lt;Timestamp&gt;2008-10-09T15:42:25.753-07:00&lt;/Timestamp&gt;&lt;/msgns:StreamOutput0_MsgObj&gt;&lt;msgns:StreamOutput0_MsgObj xmlns:msgns=&quot;PriceProcess_iep&quot;&gt;&lt;symbol&gt;PHI&lt;/symbol&gt;&lt;AvgPrice&gt;14.313333333333333&lt;/AvgPrice&gt;&lt;currenttime&gt;2008-10-09T15:42:28.728-07:00&lt;/currenttime&gt;&lt;Timestamp&gt;2008-10-09T15:42:25.753-07:00&lt;/Timestamp&gt;&lt;/msgns:StreamOutput0_MsgObj&gt;&lt;msgns:StreamOutput0_MsgObj xmlns:msgns=&quot;PriceProcess_iep&quot;&gt;&lt;symbol&gt;MUR&lt;/symbol&gt;&lt;AvgPrice&gt;5.283333333333333&lt;/AvgPrice&gt;&lt;currenttime&gt;2008-10-09T15:42:28.728-07:00&lt;/currenttime&gt;&lt;Timestamp&gt;2008-10-09T15:42:25.753-07:00&lt;/Timestamp&gt;&lt;/msgns:StreamOutput0_MsgObj&gt;&lt;msgns:StreamOutput0_MsgObj xmlns:msgns=&quot;PriceProcess_iep&quot;&gt;&lt;symbol&gt;DIJ&lt;/symbol&gt;&lt;AvgPrice&gt;5.6&lt;/AvgPrice&gt;&lt;currenttime&gt;2008-10-09T15:42:28.728-07:00&lt;/currenttime&gt;&lt;Timestamp&gt;2008-10-09T15:42:25.766-07:00&lt;/Timestamp&gt;&lt;/msgns:StreamOutput0_MsgObj&gt;&lt;msgns:StreamOutput0_MsgObj xmlns:msgns=&quot;PriceProcess_iep&quot;&gt;&lt;symbol&gt;JAVA&lt;/symbol&gt;&lt;AvgPrice&gt;7.985&lt;/AvgPrice&gt;&lt;currenttime&gt;2008-10-09T15:42:28.728-07:00&lt;/currenttime&gt;&lt;Timestamp&gt;2008-10-09T15:42:25.766-07:00&lt;/Timestamp&gt;&lt;/msgns:StreamOutput0_MsgObj&gt;&lt;msgns:StreamOutput0_MsgObj xmlns:msgns=&quot;PriceProcess_iep&quot;&gt;&lt;symbol&gt;MUR&lt;/symbol&gt;&lt;AvgPrice&gt;5.283333333333333&lt;/AvgPrice&gt;&lt;currenttime&gt;2008-10-09T15:42:28.728-07:00&lt;/currenttime&gt;&lt;Timestamp&gt;2008-10-09T15:42:25.766-07:00&lt;/Timestamp&gt;&lt;/msgns:StreamOutput0_MsgObj&gt;&lt;msgns:StreamOutput0_MsgObj xmlns:msgns=&quot;PriceProcess_iep&quot;&gt;&lt;symbol&gt;PHI&lt;/symbol&gt;&lt;AvgPrice&gt;13.23&lt;/AvgPrice&gt;&lt;currenttime&gt;2008-10-09T15:42:28.728-07:00&lt;/currenttime&gt;&lt;Timestamp&gt;2008-10-09T15:42:25.766-07:00&lt;/Timestamp&gt;&lt;/msgns:StreamOutput0_MsgObj&gt;&lt;msgns:StreamOutput0_MsgObj xmlns:msgns=&quot;PriceProcess_iep&quot;&gt;&lt;symbol&gt;JAVA&lt;/symbol&gt;&lt;AvgPrice&gt;7.985&lt;/AvgPrice&gt;&lt;currenttime&gt;2008-10-09T15:42:28.728-07:00&lt;/currenttime&gt;&lt;Timestamp&gt;2008-10-09T15:42:25.781-07:00&lt;/Timestamp&gt;&lt;/msgns:StreamOutput0_MsgObj&gt;&lt;msgns:StreamOutput0_MsgObj xmlns:msgns=&quot;PriceProcess_iep&quot;&gt;&lt;symbol&gt;MUR&lt;/symbol&gt;&lt;AvgPrice&gt;5.283333333333333&lt;/AvgPrice&gt;&lt;currenttime&gt;2008-10-09T15:42:28.728-07:00&lt;/currenttime&gt;&lt;Timestamp&gt;2008-10-09T15:42:25.781-07:00&lt;/Timestamp&gt;&lt;/msgns:StreamOutput0_MsgObj&gt;&lt;msgns:StreamOutput0_MsgObj xmlns:msgns=&quot;PriceProcess_iep&quot;&gt;&lt;symbol&gt;PHI&lt;/symbol&gt;&lt;AvgPrice&gt;13.23&lt;/AvgPrice&gt;&lt;currenttime&gt;2008-10-09T15:42:28.728-07:00&lt;/currenttime&gt;&lt;Timestamp&gt;2008-10-09T15:42:25.781-07:00&lt;/Timestamp&gt;&lt;/msgns:StreamOutput0_MsgObj&gt;&lt;msgns:StreamOutput0_MsgObj xmlns:msgns=&quot;PriceProcess_iep&quot;&gt;&lt;symbol&gt;DIJ&lt;/symbol&gt;&lt;AvgPrice&gt;5.255&lt;/AvgPrice&gt;&lt;currenttime&gt;2008-10-09T15:42:28.728-07:00&lt;/currenttime&gt;&lt;Timestamp&gt;2008-10-09T15:42:25.781-07:00&lt;/Timestamp&gt;&lt;/msgns:StreamOutput0_MsgObj&gt;&lt;msgns:StreamOutput0_MsgObj xmlns:msgns=&quot;PriceProcess_iep&quot;&gt;&lt;symbol&gt;JAVA&lt;/symbol&gt;&lt;AvgPrice&gt;7.985&lt;/AvgPrice&gt;&lt;currenttime&gt;2008-10-09T15:42:28.728-07:00&lt;/currenttime&gt;&lt;Timestamp&gt;2008-10-09T15:42:25.797-07:00&lt;/Timestamp&gt;&lt;/msgns:StreamOutput0_MsgObj&gt;&lt;msgns:StreamOutput0_MsgObj xmlns:msgns=&quot;PriceProcess_iep&quot;&gt;&lt;symbol&gt;MUR&lt;/symbol&gt;&lt;AvgPrice&gt;5.283333333333333&lt;/AvgPrice&gt;&lt;currenttime&gt;2008-10-09T15:42:28.728-07:00&lt;/currenttime&gt;&lt;Timestamp&gt;2008-10-09T15:42:25.797-07:00&lt;/Timestamp&gt;&lt;/msgns:StreamOutput0_MsgObj&gt;&lt;msgns:StreamOutput0_MsgObj xmlns:msgns=&quot;PriceProcess_iep&quot;&gt;&lt;symbol&gt;DIJ&lt;/symbol&gt;&lt;AvgPrice&gt;5.255&lt;/AvgPrice&gt;&lt;currenttime&gt;2008-10-09T15:42:28.728-07:00&lt;/currenttime&gt;&lt;Timestamp&gt;2008-10-09T15:42:25.797-07:00&lt;/Timestamp&gt;&lt;/msgns:StreamOutput0_MsgObj&gt;&lt;msgns:StreamOutput0_MsgObj xmlns:msgns=&quot;PriceProcess_iep&quot;&gt;&lt;symbol&gt;PHI&lt;/symbol&gt;&lt;AvgPrice&gt;12.180000000000001&lt;/AvgPrice&gt;&lt;currenttime&gt;2008-10-09T15:42:28.728-07:00&lt;/currenttime&gt;&lt;Timestamp&gt;2008-10-09T15:42:25.797-07:00&lt;/Timestamp&gt;&lt;/msgns:StreamOutput0_MsgObj&gt;&lt;msgns:StreamOutput0_MsgObj xmlns:msgns=&quot;PriceProcess_iep&quot;&gt;&lt;symbol&gt;JAVA&lt;/symbol&gt;&lt;AvgPrice&gt;7.985&lt;/AvgPrice&gt;&lt;currenttime&gt;2008-10-09T15:42:28.728-07:00&lt;/currenttime&gt;&lt;Timestamp&gt;2008-10-09T15:42:25.812-07:00&lt;/Timestamp&gt;&lt;/msgns:StreamOutput0_MsgObj&gt;&lt;msgns:StreamOutput0_MsgObj xmlns:msgns=&quot;PriceProcess_iep&quot;&gt;&lt;symbol&gt;DIJ&lt;/symbol&gt;&lt;AvgPrice&gt;5.255&lt;/AvgPrice&gt;&lt;currenttime&gt;2008-10-09T15:42:28.728-07:00&lt;/currenttime&gt;&lt;Timestamp&gt;2008-10-09T15:42:25.812-07:00&lt;/Timestamp&gt;&lt;/msgns:StreamOutput0_MsgObj&gt;&lt;msgns:StreamOutput0_MsgObj xmlns:msgns=&quot;PriceProcess_iep&quot;&gt;&lt;symbol&gt;PHI&lt;/symbol&gt;&lt;AvgPrice&gt;12.180000000000001&lt;/AvgPrice&gt;&lt;currenttime&gt;2008-10-09T15:42:28.728-07:00&lt;/currenttime&gt;&lt;Timestamp&gt;2008-10-09T15:42:25.812-07:00&lt;/Timestamp&gt;&lt;/msgns:StreamOutput0_MsgObj&gt;&lt;msgns:StreamOutput0_MsgObj xmlns:msgns=&quot;PriceProcess_iep&quot;&gt;&lt;symbol&gt;MUR&lt;/symbol&gt;&lt;AvgPrice&gt;5.27&lt;/AvgPrice&gt;&lt;currenttime&gt;2008-10-09T15:42:28.728-07:00&lt;/currenttime&gt;&lt;Timestamp&gt;2008-10-09T15:42:25.812-07:00&lt;/Timestamp&gt;&lt;/msgns:StreamOutput0_MsgObj&gt;&lt;msgns:StreamOutput0_MsgObj xmlns:msgns=&quot;PriceProcess_iep&quot;&gt;&lt;symbol&gt;JAVA&lt;/symbol&gt;&lt;AvgPrice&gt;7.985&lt;/AvgPrice&gt;&lt;currenttime&gt;2008-10-09T15:42:28.728-07:00&lt;/currenttime&gt;&lt;Timestamp&gt;2008-10-09T15:42:25.828-07:00&lt;/Timestamp&gt;&lt;/msgns:StreamOutput0_MsgObj&gt;&lt;msgns:StreamOutput0_MsgObj xmlns:msgns=&quot;PriceProcess_iep&quot;&gt;&lt;symbol&gt;DIJ&lt;/symbol&gt;&lt;AvgPrice&gt;5.255&lt;/AvgPrice&gt;&lt;currenttime&gt;2008-10-09T15:42:28.728-07:00&lt;/currenttime&gt;&lt;Timestamp&gt;2008-10-09T15:42:25.828-07:00&lt;/Timestamp&gt;&lt;/msgns:StreamOutput0_MsgObj&gt;&lt;msgns:StreamOutput0_MsgObj xmlns:msgns=&quot;PriceProcess_iep&quot;&gt;&lt;symbol&gt;MUR&lt;/symbol&gt;&lt;AvgPrice&gt;5.27&lt;/AvgPrice&gt;&lt;currenttime&gt;2008-10-09T15:42:28.728-07:00&lt;/currenttime&gt;&lt;Timestamp&gt;2008-10-09T15:42:25.828-07:00&lt;/Timestamp&gt;&lt;/msgns:StreamOutput0_MsgObj&gt;&lt;msgns:StreamOutput0_MsgObj xmlns:msgns=&quot;PriceProcess_iep&quot;&gt;&lt;symbol&gt;PHI&lt;/symbol&gt;&lt;AvgPrice&gt;10.813333333333334&lt;/AvgPrice&gt;&lt;currenttime&gt;2008-10-09T15:42:28.728-07:00&lt;/currenttime&gt;&lt;Timestamp&gt;2008-10-09T15:42:25.828-07:00&lt;/Timestamp&gt;&lt;/msgns:StreamOutput0_MsgObj&gt;&lt;msgns:StreamOutput0_MsgObj xmlns:msgns=&quot;PriceProcess_iep&quot;&gt;&lt;symbol&gt;JAVA&lt;/symbol&gt;&lt;AvgPrice&gt;7.985&lt;/AvgPrice&gt;&lt;currenttime&gt;2008-10-09T15:42:28.728-07:00&lt;/currenttime&gt;&lt;Timestamp&gt;2008-10-09T15:42:25.859-07:00&lt;/Timestamp&gt;&lt;/msgns:StreamOutput0_MsgObj&gt;&lt;msgns:StreamOutput0_MsgObj xmlns:msgns=&quot;PriceProcess_iep&quot;&gt;&lt;symbol&gt;DIJ&lt;/symbol&gt;&lt;AvgPrice&gt;5.255&lt;/AvgPrice&gt;&lt;currenttime&gt;2008-10-09T15:42:28.728-07:00&lt;/currenttime&gt;&lt;Timestamp&gt;2008-10-09T15:42:25.859-07:00&lt;/Timestamp&gt;&lt;/msgns:StreamOutput0_MsgObj&gt;&lt;msgns:StreamOutput0_MsgObj xmlns:msgns=&quot;PriceProcess_iep&quot;&gt;&lt;symbol&gt;PHI&lt;/symbol&gt;&lt;AvgPrice&gt;10.813333333333334&lt;/AvgPrice&gt;&lt;currenttime&gt;2008-10-09T15:42:28.728-07:00&lt;/currenttime&gt;&lt;Timestamp&gt;2008-10-09T15:42:25.859-07:00&lt;/Timestamp&gt;&lt;/msgns:StreamOutput0_MsgObj&gt;&lt;msgns:StreamOutput0_MsgObj xmlns:msgns=&quot;PriceProcess_iep&quot;&gt;&lt;symbol&gt;MUR&lt;/symbol&gt;&lt;AvgPrice&gt;5.223999999999999&lt;/AvgPrice&gt;&lt;currenttime&gt;2008-10-09T15:42:28.728-07:00&lt;/currenttime&gt;&lt;Timestamp&gt;2008-10-09T15:42:25.859-07:00&lt;/Timestamp&gt;&lt;/msgns:StreamOutput0_MsgObj&gt;&lt;msgns:StreamOutput0_MsgObj xmlns:msgns=&quot;PriceProcess_iep&quot;&gt;&lt;symbol&gt;DIJ&lt;/symbol&gt;&lt;AvgPrice&gt;5.255&lt;/AvgPrice&gt;&lt;currenttime&gt;2008-10-09T15:42:28.728-07:00&lt;/currenttime&gt;&lt;Timestamp&gt;2008-10-09T15:42:25.875-07:00&lt;/Timestamp&gt;&lt;/msgns:StreamOutput0_MsgObj&gt;&lt;msgns:StreamOutput0_MsgObj xmlns:msgns=&quot;PriceProcess_iep&quot;&gt;&lt;symbol&gt;PHI&lt;/symbol&gt;&lt;AvgPrice&gt;10.813333333333334&lt;/AvgPrice&gt;&lt;currenttime&gt;2008-10-09T15:42:28.728-07:00&lt;/currenttime&gt;&lt;Timestamp&gt;2008-10-09T15:42:25.875-07:00&lt;/Timestamp&gt;&lt;/msgns:StreamOutput0_MsgObj&gt;&lt;msgns:StreamOutput0_MsgObj xmlns:msgns=&quot;PriceProcess_iep&quot;&gt;&lt;symbol&gt;MUR&lt;/symbol&gt;&lt;AvgPrice&gt;5.223999999999999&lt;/AvgPrice&gt;&lt;currenttime&gt;2008-10-09T15:42:28.728-07:00&lt;/currenttime&gt;&lt;Timestamp&gt;2008-10-09T15:42:25.875-07:00&lt;/Timestamp&gt;&lt;/msgns:StreamOutput0_MsgObj&gt;&lt;msgns:StreamOutput0_MsgObj xmlns:msgns=&quot;PriceProcess_iep&quot;&gt;&lt;symbol&gt;JAVA&lt;/symbol&gt;&lt;AvgPrice&gt;10.65&lt;/AvgPrice&gt;&lt;currenttime&gt;2008-10-09T15:42:28.728-07:00&lt;/currenttime&gt;&lt;Timestamp&gt;2008-10-09T15:42:25.875-07:00&lt;/Timestamp&gt;&lt;/msgns:StreamOutput0_MsgObj&gt;&lt;msgns:StreamOutput0_MsgObj xmlns:msgns=&quot;PriceProcess_iep&quot;&gt;&lt;symbol&gt;DIJ&lt;/symbol&gt;&lt;AvgPrice&gt;5.255&lt;/AvgPrice&gt;&lt;currenttime&gt;2008-10-09T15:42:28.728-07:00&lt;/currenttime&gt;&lt;Timestamp&gt;2008-10-09T15:42:25.891-07:00&lt;/Timestamp&gt;&lt;/msgns:StreamOutput0_MsgObj&gt;&lt;msgns:StreamOutput0_MsgObj xmlns:msgns=&quot;PriceProcess_iep&quot;&gt;&lt;symbol&gt;PHI&lt;/symbol&gt;&lt;AvgPrice&gt;10.813333333333334&lt;/AvgPrice&gt;&lt;currenttime&gt;2008-10-09T15:42:28.728-07:00&lt;/currenttime&gt;&lt;Timestamp&gt;2008-10-09T15:42:25.891-07:00&lt;/Timestamp&gt;&lt;/msgns:StreamOutput0_MsgObj&gt;&lt;msgns:StreamOutput0_MsgObj xmlns:msgns=&quot;PriceProcess_iep&quot;&gt;&lt;symbol&gt;JAVA&lt;/symbol&gt;&lt;AvgPrice&gt;10.65&lt;/AvgPrice&gt;&lt;currenttime&gt;2008-10-09T15:42:28.728-07:00&lt;/currenttime&gt;&lt;Timestamp&gt;2008-10-09T15:42:25.891-07:00&lt;/Timestamp&gt;&lt;/msgns:StreamOutput0_MsgObj&gt;&lt;msgns:StreamOutput0_MsgObj xmlns:msgns=&quot;PriceProcess_iep&quot;&gt;&lt;symbol&gt;MUR&lt;/symbol&gt;&lt;AvgPrice&gt;5.218333333333334&lt;/AvgPrice&gt;&lt;currenttime&gt;2008-10-09T15:42:28.728-07:00&lt;/currenttime&gt;&lt;Timestamp&gt;2008-10-09T15:42:25.891-07:00&lt;/Timestamp&gt;&lt;/msgns:StreamOutput0_MsgObj&gt;&lt;msgns:StreamOutput0_MsgObj xmlns:msgns=&quot;PriceProcess_iep&quot;&gt;&lt;symbol&gt;DIJ&lt;/symbol&gt;&lt;AvgPrice&gt;5.255&lt;/AvgPrice&gt;&lt;currenttime&gt;2008-10-09T15:42:28.728-07:00&lt;/currenttime&gt;&lt;Timestamp&gt;2008-10-09T15:42:25.906-07:00&lt;/Timestamp&gt;&lt;/msgns:StreamOutput0_MsgObj&gt;&lt;msgns:StreamOutput0_MsgObj xmlns:msgns=&quot;PriceProcess_iep&quot;&gt;&lt;symbol&gt;JAVA&lt;/symbol&gt;&lt;AvgPrice&gt;10.65&lt;/AvgPrice&gt;&lt;currenttime&gt;2008-10-09T15:42:28.728-07:00&lt;/currenttime&gt;&lt;Timestamp&gt;2008-10-09T15:42:25.906-07:00&lt;/Timestamp&gt;&lt;/msgns:StreamOutput0_MsgObj&gt;&lt;msgns:StreamOutput0_MsgObj xmlns:msgns=&quot;PriceProcess_iep&quot;&gt;&lt;symbol&gt;MUR&lt;/symbol&gt;&lt;AvgPrice&gt;5.218333333333334&lt;/AvgPrice&gt;&lt;currenttime&gt;2008-10-09T15:42:28.728-07:00&lt;/currenttime&gt;&lt;Timestamp&gt;2008-10-09T15:42:25.906-07:00&lt;/Timestamp&gt;&lt;/msgns:StreamOutput0_MsgObj&gt;&lt;msgns:StreamOutput0_MsgObj xmlns:msgns=&quot;PriceProcess_iep&quot;&gt;&lt;symbol&gt;PHI&lt;/symbol&gt;&lt;AvgPrice&gt;9.83714285714286&lt;/AvgPrice&gt;&lt;currenttime&gt;2008-10-09T15:42:28.728-07:00&lt;/currenttime&gt;&lt;Timestamp&gt;2008-10-09T15:42:25.906-07:00&lt;/Timestamp&gt;&lt;/msgns:StreamOutput0_MsgObj&gt;&lt;msgns:StreamOutput0_MsgObj xmlns:msgns=&quot;PriceProcess_iep&quot;&gt;&lt;symbol&gt;DIJ&lt;/symbol&gt;&lt;AvgPrice&gt;5.255&lt;/AvgPrice&gt;&lt;currenttime&gt;2008-10-09T15:42:28.728-07:00&lt;/currenttime&gt;&lt;Timestamp&gt;2008-10-09T15:42:25.924-07:00&lt;/Timestamp&gt;&lt;/msgns:StreamOutput0_MsgObj&gt;&lt;msgns:StreamOutput0_MsgObj xmlns:msgns=&quot;PriceProcess_iep&quot;&gt;&lt;symbol&gt;JAVA&lt;/symbol&gt;&lt;AvgPrice&gt;10.65&lt;/AvgPrice&gt;&lt;currenttime&gt;2008-10-09T15:42:28.728-07:00&lt;/currenttime&gt;&lt;Timestamp&gt;2008-10-09T15:42:25.924-07:00&lt;/Timestamp&gt;&lt;/msgns:StreamOutput0_MsgObj&gt;&lt;msgns:StreamOutput0_MsgObj xmlns:msgns=&quot;PriceProcess_iep&quot;&gt;&lt;symbol&gt;PHI&lt;/symbol&gt;&lt;AvgPrice&gt;9.83714285714286&lt;/AvgPrice&gt;&lt;currenttime&gt;2008-10-09T15:42:28.728-07:00&lt;/currenttime&gt;&lt;Timestamp&gt;2008-10-09T15:42:25.924-07:00&lt;/Timestamp&gt;&lt;/msgns:StreamOutput0_MsgObj&gt;&lt;msgns:StreamOutput0_MsgObj xmlns:msgns=&quot;PriceProcess_iep&quot;&gt;&lt;symbol&gt;MUR&lt;/symbol&gt;&lt;AvgPrice&gt;5.298571428571429&lt;/AvgPrice&gt;&lt;currenttime&gt;2008-10-09T15:42:28.728-07:00&lt;/currenttime&gt;&lt;Timestamp&gt;2008-10-09T15:42:25.924-07:00&lt;/Timestamp&gt;&lt;/msgns:StreamOutput0_MsgObj&gt;&lt;msgns:StreamOutput0_MsgObj xmlns:msgns=&quot;PriceProcess_iep&quot;&gt;&lt;symbol&gt;DIJ&lt;/symbol&gt;&lt;AvgPrice&gt;5.255&lt;/AvgPrice&gt;&lt;currenttime&gt;2008-10-09T15:42:28.728-07:00&lt;/currenttime&gt;&lt;Timestamp&gt;2008-10-09T15:42:25.938-07:00&lt;/Timestamp&gt;&lt;/msgns:StreamOutput0_MsgObj&gt;&lt;msgns:StreamOutput0_MsgObj xmlns:msgns=&quot;PriceProcess_iep&quot;&gt;&lt;symbol&gt;JAVA&lt;/symbol&gt;&lt;AvgPrice&gt;10.65&lt;/AvgPrice&gt;&lt;currenttime&gt;2008-10-09T15:42:28.728-07:00&lt;/currenttime&gt;&lt;Timestamp&gt;2008-10-09T15:42:25.938-07:00&lt;/Timestamp&gt;&lt;/msgns:StreamOutput0_MsgObj&gt;&lt;msgns:StreamOutput0_MsgObj xmlns:msgns=&quot;PriceProcess_iep&quot;&gt;&lt;symbol&gt;MUR&lt;/symbol&gt;&lt;AvgPrice&gt;5.298571428571429&lt;/AvgPrice&gt;&lt;currenttime&gt;2008-10-09T15:42:28.728-07:00&lt;/currenttime&gt;&lt;Timestamp&gt;2008-10-09T15:42:25.938-07:00&lt;/Timestamp&gt;&lt;/msgns:StreamOutput0_MsgObj&gt;&lt;msgns:StreamOutput0_MsgObj xmlns:msgns=&quot;PriceProcess_iep&quot;&gt;&lt;symbol&gt;PHI&lt;/symbol&gt;&lt;AvgPrice&gt;8.855&lt;/AvgPrice&gt;&lt;currenttime&gt;2008-10-09T15:42:28.728-07:00&lt;/currenttime&gt;&lt;Timestamp&gt;2008-10-09T15:42:25.938-07:00&lt;/Timestamp&gt;&lt;/msgns:StreamOutput0_MsgObj&gt;&lt;msgns:StreamOutput0_MsgObj xmlns:msgns=&quot;PriceProcess_iep&quot;&gt;&lt;symbol&gt;JAVA&lt;/symbol&gt;&lt;AvgPrice&gt;10.65&lt;/AvgPrice&gt;&lt;currenttime&gt;2008-10-09T15:42:28.728-07:00&lt;/currenttime&gt;&lt;Timestamp&gt;2008-10-09T15:42:25.954-07:00&lt;/Timestamp&gt;&lt;/msgns:StreamOutput0_MsgObj&gt;&lt;msgns:StreamOutput0_MsgObj xmlns:msgns=&quot;PriceProcess_iep&quot;&gt;&lt;symbol&gt;MUR&lt;/symbol&gt;&lt;AvgPrice&gt;5.298571428571429&lt;/AvgPrice&gt;&lt;currenttime&gt;2008-10-09T15:42:28.728-07:00&lt;/currenttime&gt;&lt;Timestamp&gt;2008-10-09T15:42:25.954-07:00&lt;/Timestamp&gt;&lt;/msgns:StreamOutput0_MsgObj&gt;&lt;msgns:StreamOutput0_MsgObj xmlns:msgns=&quot;PriceProcess_iep&quot;&gt;&lt;symbol&gt;PHI&lt;/symbol&gt;&lt;AvgPrice&gt;8.855&lt;/AvgPrice&gt;&lt;currenttime&gt;2008-10-09T15:42:28.728-07:00&lt;/currenttime&gt;&lt;Timestamp&gt;2008-10-09T15:42:25.954-07:00&lt;/Timestamp&gt;&lt;/msgns:StreamOutput0_MsgObj&gt;&lt;msgns:StreamOutput0_MsgObj xmlns:msgns=&quot;PriceProcess_iep&quot;&gt;&lt;symbol&gt;DIJ&lt;/symbol&gt;&lt;AvgPrice&gt;5.466666666666666&lt;/AvgPrice&gt;&lt;currenttime&gt;2008-10-09T15:42:28.728-07:00&lt;/currenttime&gt;&lt;Timestamp&gt;2008-10-09T15:42:25.954-07:00&lt;/Timestamp&gt;&lt;/msgns:StreamOutput0_MsgObj&gt;&lt;msgns:StreamOutput0_MsgObj xmlns:msgns=&quot;PriceProcess_iep&quot;&gt;&lt;symbol&gt;JAVA&lt;/symbol&gt;&lt;AvgPrice&gt;10.65&lt;/AvgPrice&gt;&lt;currenttime&gt;2008-10-09T15:42:28.728-07:00&lt;/currenttime&gt;&lt;Timestamp&gt;2008-10-09T15:42:25.969-07:00&lt;/Timestamp&gt;&lt;/msgns:StreamOutput0_MsgObj&gt;&lt;msgns:StreamOutput0_MsgObj xmlns:msgns=&quot;PriceProcess_iep&quot;&gt;&lt;symbol&gt;MUR&lt;/symbol&gt;&lt;AvgPrice&gt;5.298571428571429&lt;/AvgPrice&gt;&lt;currenttime&gt;2008-10-09T15:42:28.728-07:00&lt;/currenttime&gt;&lt;Timestamp&gt;2008-10-09T15:42:25.969-07:00&lt;/Timestamp&gt;&lt;/msgns:StreamOutput0_MsgObj&gt;&lt;msgns:StreamOutput0_MsgObj xmlns:msgns=&quot;PriceProcess_iep&quot;&gt;&lt;symbol&gt;DIJ&lt;/symbol&gt;&lt;AvgPrice&gt;5.466666666666666&lt;/AvgPrice&gt;&lt;currenttime&gt;2008-10-09T15:42:28.728-07:00&lt;/currenttime&gt;&lt;Timestamp&gt;2008-10-09T15:42:25.969-07:00&lt;/Timestamp&gt;&lt;/msgns:StreamOutput0_MsgObj&gt;&lt;msgns:StreamOutput0_MsgObj xmlns:msgns=&quot;PriceProcess_iep&quot;&gt;&lt;symbol&gt;PHI&lt;/symbol&gt;&lt;AvgPrice&gt;8.202222222222224&lt;/AvgPrice&gt;&lt;currenttime&gt;2008-10-09T15:42:28.728-07:00&lt;/currenttime&gt;&lt;Timestamp&gt;2008-10-09T15:42:25.969-07:00&lt;/Timestamp&gt;&lt;/msgns:StreamOutput0_MsgObj&gt;&lt;msgns:StreamOutput0_MsgObj xmlns:msgns=&quot;PriceProcess_iep&quot;&gt;&lt;symbol&gt;JAVA&lt;/symbol&gt;&lt;AvgPrice&gt;10.65&lt;/AvgPrice&gt;&lt;currenttime&gt;2008-10-09T15:42:28.728-07:00&lt;/currenttime&gt;&lt;Timestamp&gt;2008-10-09T15:42:25.985-07:00&lt;/Timestamp&gt;&lt;/msgns:StreamOutput0_MsgObj&gt;&lt;msgns:StreamOutput0_MsgObj xmlns:msgns=&quot;PriceProcess_iep&quot;&gt;&lt;symbol&gt;DIJ&lt;/symbol&gt;&lt;AvgPrice&gt;5.466666666666666&lt;/AvgPrice&gt;&lt;currenttime&gt;2008-10-09T15:42:28.728-07:00&lt;/currenttime&gt;&lt;Timestamp&gt;2008-10-09T15:42:25.985-07:00&lt;/Timestamp&gt;&lt;/msgns:StreamOutput0_MsgObj&gt;&lt;msgns:StreamOutput0_MsgObj xmlns:msgns=&quot;PriceProcess_iep&quot;&gt;&lt;symbol&gt;PHI&lt;/symbol&gt;&lt;AvgPrice&gt;8.202222222222224&lt;/AvgPrice&gt;&lt;currenttime&gt;2008-10-09T15:42:28.728-07:00&lt;/currenttime&gt;&lt;Timestamp&gt;2008-10-09T15:42:25.985-07:00&lt;/Timestamp&gt;&lt;/msgns:StreamOutput0_MsgObj&gt;&lt;msgns:StreamOutput0_MsgObj xmlns:msgns=&quot;PriceProcess_iep&quot;&gt;&lt;symbol&gt;MUR&lt;/symbol&gt;&lt;AvgPrice&gt;5.3875&lt;/AvgPrice&gt;&lt;currenttime&gt;2008-10-09T15:42:28.728-07:00&lt;/currenttime&gt;&lt;Timestamp&gt;2008-10-09T15:42:25.985-07:00&lt;/Timestamp&gt;&lt;/msgns:StreamOutput0_MsgObj&gt;&lt;msgns:StreamOutput0_MsgObj xmlns:msgns=&quot;PriceProcess_iep&quot;&gt;&lt;symbol&gt;JAVA&lt;/symbol&gt;&lt;AvgPrice&gt;10.65&lt;/AvgPrice&gt;&lt;currenttime&gt;2008-10-09T15:42:28.728-07:00&lt;/currenttime&gt;&lt;Timestamp&gt;2008-10-09T15:42:26.000-07:00&lt;/Timestamp&gt;&lt;/msgns:StreamOutput0_MsgObj&gt;&lt;msgns:StreamOutput0_MsgObj xmlns:msgns=&quot;PriceProcess_iep&quot;&gt;&lt;symbol&gt;DIJ&lt;/symbol&gt;&lt;AvgPrice&gt;5.466666666666666&lt;/AvgPrice&gt;&lt;currenttime&gt;2008-10-09T15:42:28.728-07:00&lt;/currenttime&gt;&lt;Timestamp&gt;2008-10-09T15:42:26.000-07:00&lt;/Timestamp&gt;&lt;/msgns:StreamOutput0_MsgObj&gt;&lt;msgns:StreamOutput0_MsgObj xmlns:msgns=&quot;PriceProcess_iep&quot;&gt;&lt;symbol&gt;MUR&lt;/symbol&gt;&lt;AvgPrice&gt;5.3875&lt;/AvgPrice&gt;&lt;currenttime&gt;2008-10-09T15:42:28.728-07:00&lt;/currenttime&gt;&lt;Timestamp&gt;2008-10-09T15:42:26.000-07:00&lt;/Timestamp&gt;&lt;/msgns:StreamOutput0_MsgObj&gt;&lt;msgns:StreamOutput0_MsgObj xmlns:msgns=&quot;PriceProcess_iep&quot;&gt;&lt;symbol&gt;PHI&lt;/symbol&gt;&lt;AvgPrice&gt;8.080000000000002&lt;/AvgPrice&gt;&lt;currenttime&gt;2008-10-09T15:42:28.728-07:00&lt;/currenttime&gt;&lt;Timestamp&gt;2008-10-09T15:42:26.000-07:00&lt;/Timestamp&gt;&lt;/msgns:StreamOutput0_MsgObj&gt;&lt;msgns:StreamOutput0_MsgObj xmlns:msgns=&quot;PriceProcess_iep&quot;&gt;&lt;symbol&gt;DIJ&lt;/symbol&gt;&lt;AvgPrice&gt;5.466666666666666&lt;/AvgPrice&gt;&lt;currenttime&gt;2008-10-09T15:42:28.728-07:00&lt;/currenttime&gt;&lt;Timestamp&gt;2008-10-09T15:42:26.016-07:00&lt;/Timestamp&gt;&lt;/msgns:StreamOutput0_MsgObj&gt;&lt;msgns:StreamOutput0_MsgObj xmlns:msgns=&quot;PriceProcess_iep&quot;&gt;&lt;symbol&gt;MUR&lt;/symbol&gt;&lt;AvgPrice&gt;5.3875&lt;/AvgPrice&gt;&lt;currenttime&gt;2008-10-09T15:42:28.728-07:00&lt;/currenttime&gt;&lt;Timestamp&gt;2008-10-09T15:42:26.016-07:00&lt;/Timestamp&gt;&lt;/msgns:StreamOutput0_MsgObj&gt;&lt;msgns:StreamOutput0_MsgObj xmlns:msgns=&quot;PriceProcess_iep&quot;&gt;&lt;symbol&gt;PHI&lt;/symbol&gt;&lt;AvgPrice&gt;8.080000000000002&lt;/AvgPrice&gt;&lt;currenttime&gt;2008-10-09T15:42:28.728-07:00&lt;/currenttime&gt;&lt;Timestamp&gt;2008-10-09T15:42:26.016-07:00&lt;/Timestamp&gt;&lt;/msgns:StreamOutput0_MsgObj&gt;&lt;msgns:StreamOutput0_MsgObj xmlns:msgns=&quot;PriceProcess_iep&quot;&gt;&lt;symbol&gt;JAVA&lt;/symbol&gt;&lt;AvgPrice&gt;9.485&lt;/AvgPrice&gt;&lt;currenttime&gt;2008-10-09T15:42:28.728-07:00&lt;/currenttime&gt;&lt;Timestamp&gt;2008-10-09T15:42:26.016-07:00&lt;/Timestamp&gt;&lt;/msgns:StreamOutput0_MsgObj&gt;&lt;msgns:StreamOutput0_MsgObj xmlns:msgns=&quot;PriceProcess_iep&quot;&gt;&lt;symbol&gt;DIJ&lt;/symbol&gt;&lt;AvgPrice&gt;5.466666666666666&lt;/AvgPrice&gt;&lt;currenttime&gt;2008-10-09T15:42:38.072-07:00&lt;/currenttime&gt;&lt;Timestamp&gt;2008-10-09T15:42:36.031-07:00&lt;/Timestamp&gt;&lt;/msgns:StreamOutput0_MsgObj&gt;&lt;msgns:StreamOutput0_MsgObj xmlns:msgns=&quot;PriceProcess_iep&quot;&gt;&lt;symbol&gt;PHI&lt;/symbol&gt;&lt;AvgPrice&gt;8.080000000000002&lt;/AvgPrice&gt;&lt;currenttime&gt;2008-10-09T15:42:38.072-07:00&lt;/currenttime&gt;&lt;Timestamp&gt;2008-10-09T15:42:36.031-07:00&lt;/Timestamp&gt;&lt;/msgns:StreamOutput0_MsgObj&gt;&lt;msgns:StreamOutput0_MsgObj xmlns:msgns=&quot;PriceProcess_iep&quot;&gt;&lt;symbol&gt;JAVA&lt;/symbol&gt;&lt;AvgPrice&gt;9.485&lt;/AvgPrice&gt;&lt;currenttime&gt;2008-10-09T15:42:38.072-07:00&lt;/currenttime&gt;&lt;Timestamp&gt;2008-10-09T15:42:36.031-07:00&lt;/Timestamp&gt;&lt;/msgns:StreamOutput0_MsgObj&gt;&lt;msgns:StreamOutput0_MsgObj xmlns:msgns=&quot;PriceProcess_iep&quot;&gt;&lt;symbol&gt;MUR&lt;/symbol&gt;&lt;AvgPrice&gt;5.408888888888889&lt;/AvgPrice&gt;&lt;currenttime&gt;2008-10-09T15:42:38.072-07:00&lt;/currenttime&gt;&lt;Timestamp&gt;2008-10-09T15:42:36.031-07:00&lt;/Timestamp&gt;&lt;/msgns:StreamOutput0_MsgObj&gt;&lt;msgns:StreamOutput0_MsgObj xmlns:msgns=&quot;PriceProcess_iep&quot;&gt;&lt;symbol&gt;DIJ&lt;/symbol&gt;&lt;AvgPrice&gt;5.466666666666666&lt;/AvgPrice&gt;&lt;currenttime&gt;2008-10-09T15:42:38.072-07:00&lt;/currenttime&gt;&lt;Timestamp&gt;2008-10-09T15:42:36.046-07:00&lt;/Timestamp&gt;&lt;/msgns:StreamOutput0_MsgObj&gt;&lt;msgns:StreamOutput0_MsgObj xmlns:msgns=&quot;PriceProcess_iep&quot;&gt;&lt;symbol&gt;JAVA&lt;/symbol&gt;&lt;AvgPrice&gt;9.485&lt;/AvgPrice&gt;&lt;currenttime&gt;2008-10-09T15:42:38.072-07:00&lt;/currenttime&gt;&lt;Timestamp&gt;2008-10-09T15:42:36.046-07:00&lt;/Timestamp&gt;&lt;/msgns:StreamOutput0_MsgObj&gt;&lt;msgns:StreamOutput0_MsgObj xmlns:msgns=&quot;PriceProcess_iep&quot;&gt;&lt;symbol&gt;MUR&lt;/symbol&gt;&lt;AvgPrice&gt;5.408888888888889&lt;/AvgPrice&gt;&lt;currenttime&gt;2008-10-09T15:42:38.072-07:00&lt;/currenttime&gt;&lt;Timestamp&gt;2008-10-09T15:42:36.046-07:00&lt;/Timestamp&gt;&lt;/msgns:StreamOutput0_MsgObj&gt;&lt;msgns:StreamOutput0_MsgObj xmlns:msgns=&quot;PriceProcess_iep&quot;&gt;&lt;symbol&gt;PHI&lt;/symbol&gt;&lt;AvgPrice&gt;8.525454545454547&lt;/AvgPrice&gt;&lt;currenttime&gt;2008-10-09T15:42:38.072-07:00&lt;/currenttime&gt;&lt;Timestamp&gt;2008-10-09T15:42:36.046-07:00&lt;/Timestamp&gt;&lt;/msgns:StreamOutput0_MsgObj&gt;&lt;msgns:StreamOutput0_MsgObj xmlns:msgns=&quot;PriceProcess_iep&quot;&gt;&lt;symbol&gt;JAVA&lt;/symbol&gt;&lt;AvgPrice&gt;9.485&lt;/AvgPrice&gt;&lt;currenttime&gt;2008-10-09T15:42:38.119-07:00&lt;/currenttime&gt;&lt;Timestamp&gt;2008-10-09T15:42:36.062-07:00&lt;/Timestamp&gt;&lt;/msgns:StreamOutput0_MsgObj&gt;&lt;msgns:StreamOutput0_MsgObj xmlns:msgns=&quot;PriceProcess_iep&quot;&gt;&lt;symbol&gt;MUR&lt;/symbol&gt;&lt;AvgPrice&gt;5.408888888888889&lt;/AvgPrice&gt;&lt;currenttime&gt;2008-10-09T15:42:38.119-07:00&lt;/currenttime&gt;&lt;Timestamp&gt;2008-10-09T15:42:36.062-07:00&lt;/Timestamp&gt;&lt;/msgns:StreamOutput0_MsgObj&gt;&lt;msgns:StreamOutput0_MsgObj xmlns:msgns=&quot;PriceProcess_iep&quot;&gt;&lt;symbol&gt;PHI&lt;/symbol&gt;&lt;AvgPrice&gt;8.525454545454547&lt;/AvgPrice&gt;&lt;currenttime&gt;2008-10-09T15:42:38.119-07:00&lt;/currenttime&gt;&lt;Timestamp&gt;2008-10-09T15:42:36.062-07:00&lt;/Timestamp&gt;&lt;/msgns:StreamOutput0_MsgObj&gt;&lt;msgns:StreamOutput0_MsgObj xmlns:msgns=&quot;PriceProcess_iep&quot;&gt;&lt;symbol&gt;DIJ&lt;/symbol&gt;&lt;AvgPrice&gt;5.5&lt;/AvgPrice&gt;&lt;currenttime&gt;2008-10-09T15:42:38.119-07:00&lt;/currenttime&gt;&lt;Timestamp&gt;2008-10-09T15:42:36.062-07:00&lt;/Timestamp&gt;&lt;/msgns:StreamOutput0_MsgObj&gt;&lt;msgns:StreamOutput0_MsgObj xmlns:msgns=&quot;PriceProcess_iep&quot;&gt;&lt;symbol&gt;MUR&lt;/symbol&gt;&lt;AvgPrice&gt;5.408888888888889&lt;/AvgPrice&gt;&lt;currenttime&gt;2008-10-09T15:42:38.119-07:00&lt;/currenttime&gt;&lt;Timestamp&gt;2008-10-09T15:42:36.078-07:00&lt;/Timestamp&gt;&lt;/msgns:StreamOutput0_MsgObj&gt;&lt;msgns:StreamOutput0_MsgObj xmlns:msgns=&quot;PriceProcess_iep&quot;&gt;&lt;symbol&gt;PHI&lt;/symbol&gt;&lt;AvgPrice&gt;8.525454545454547&lt;/AvgPrice&gt;&lt;currenttime&gt;2008-10-09T15:42:38.119-07:00&lt;/currenttime&gt;&lt;Timestamp&gt;2008-10-09T15:42:36.078-07:00&lt;/Timestamp&gt;&lt;/msgns:StreamOutput0_MsgObj&gt;&lt;msgns:StreamOutput0_MsgObj xmlns:msgns=&quot;PriceProcess_iep&quot;&gt;&lt;symbol&gt;DIJ&lt;/symbol&gt;&lt;AvgPrice&gt;5.5&lt;/AvgPrice&gt;&lt;currenttime&gt;2008-10-09T15:42:38.119-07:00&lt;/currenttime&gt;&lt;Timestamp&gt;2008-10-09T15:42:36.078-07:00&lt;/Timestamp&gt;&lt;/msgns:StreamOutput0_MsgObj&gt;&lt;msgns:StreamOutput0_MsgObj xmlns:msgns=&quot;PriceProcess_iep&quot;&gt;&lt;symbol&gt;JAVA&lt;/symbol&gt;&lt;AvgPrice&gt;9.784&lt;/AvgPrice&gt;&lt;currenttime&gt;2008-10-09T15:42:38.119-07:00&lt;/currenttime&gt;&lt;Timestamp&gt;2008-10-09T15:42:36.078-07:00&lt;/Timestamp&gt;&lt;/msgns:StreamOutput0_MsgObj&gt;&lt;msgns:StreamOutput0_MsgObj xmlns:msgns=&quot;PriceProcess_iep&quot;&gt;&lt;symbol&gt;PHI&lt;/symbol&gt;&lt;AvgPrice&gt;8.525454545454547&lt;/AvgPrice&gt;&lt;currenttime&gt;2008-10-09T15:42:38.166-07:00&lt;/currenttime&gt;&lt;Timestamp&gt;2008-10-09T15:42:36.093-07:00&lt;/Timestamp&gt;&lt;/msgns:StreamOutput0_MsgObj&gt;&lt;msgns:StreamOutput0_MsgObj xmlns:msgns=&quot;PriceProcess_iep&quot;&gt;&lt;symbol&gt;DIJ&lt;/symbol&gt;&lt;AvgPrice&gt;5.5&lt;/AvgPrice&gt;&lt;currenttime&gt;2008-10-09T15:42:38.166-07:00&lt;/currenttime&gt;&lt;Timestamp&gt;2008-10-09T15:42:36.093-07:00&lt;/Timestamp&gt;&lt;/msgns:StreamOutput0_MsgObj&gt;&lt;msgns:StreamOutput0_MsgObj xmlns:msgns=&quot;PriceProcess_iep&quot;&gt;&lt;symbol&gt;JAVA&lt;/symbol&gt;&lt;AvgPrice&gt;9.784&lt;/AvgPrice&gt;&lt;currenttime&gt;2008-10-09T15:42:38.166-07:00&lt;/currenttime&gt;&lt;Timestamp&gt;2008-10-09T15:42:36.093-07:00&lt;/Timestamp&gt;&lt;/msgns:StreamOutput0_MsgObj&gt;&lt;msgns:StreamOutput0_MsgObj xmlns:msgns=&quot;PriceProcess_iep&quot;&gt;&lt;symbol&gt;MUR&lt;/symbol&gt;&lt;AvgPrice&gt;5.406000000000001&lt;/AvgPrice&gt;&lt;currenttime&gt;2008-10-09T15:42:38.166-07:00&lt;/currenttime&gt;&lt;Timestamp&gt;2008-10-09T15:42:36.093-07:00&lt;/Timestamp&gt;&lt;/msgns:StreamOutput0_MsgObj&gt;&lt;msgns:StreamOutput0_MsgObj xmlns:msgns=&quot;PriceProcess_iep&quot;&gt;&lt;symbol&gt;DIJ&lt;/symbol&gt;&lt;AvgPrice&gt;5.5&lt;/AvgPrice&gt;&lt;currenttime&gt;2008-10-09T15:42:38.166-07:00&lt;/currenttime&gt;&lt;Timestamp&gt;2008-10-09T15:42:36.109-07:00&lt;/Timestamp&gt;&lt;/msgns:StreamOutput0_MsgObj&gt;&lt;msgns:StreamOutput0_MsgObj xmlns:msgns=&quot;PriceProcess_iep&quot;&gt;&lt;symbol&gt;JAVA&lt;/symbol&gt;&lt;AvgPrice&gt;9.784&lt;/AvgPrice&gt;&lt;currenttime&gt;2008-10-09T15:42:38.166-07:00&lt;/currenttime&gt;&lt;Timestamp&gt;2008-10-09T15:42:36.109-07:00&lt;/Timestamp&gt;&lt;/msgns:StreamOutput0_MsgObj&gt;&lt;msgns:StreamOutput0_MsgObj xmlns:msgns=&quot;PriceProcess_iep&quot;&gt;&lt;symbol&gt;MUR&lt;/symbol&gt;&lt;AvgPrice&gt;5.406000000000001&lt;/AvgPrice&gt;&lt;currenttime&gt;2008-10-09T15:42:38.166-07:00&lt;/currenttime&gt;&lt;Timestamp&gt;2008-10-09T15:42:36.109-07:00&lt;/Timestamp&gt;&lt;/msgns:StreamOutput0_MsgObj&gt;&lt;msgns:StreamOutput0_MsgObj xmlns:msgns=&quot;PriceProcess_iep&quot;&gt;&lt;symbol&gt;PHI&lt;/symbol&gt;&lt;AvgPrice&gt;8.980000000000002&lt;/AvgPrice&gt;&lt;currenttime&gt;2008-10-09T15:42:38.166-07:00&lt;/currenttime&gt;&lt;Timestamp&gt;2008-10-09T15:42:36.109-07:00&lt;/Timestamp&gt;&lt;/msgns:StreamOutput0_MsgObj&gt;&lt;msgns:StreamOutput0_MsgObj xmlns:msgns=&quot;PriceProcess_iep&quot;&gt;&lt;symbol&gt;DIJ&lt;/symbol&gt;&lt;AvgPrice&gt;5.5&lt;/AvgPrice&gt;&lt;currenttime&gt;2008-10-09T15:42:38.166-07:00&lt;/currenttime&gt;&lt;Timestamp&gt;2008-10-09T15:42:36.124-07:00&lt;/Timestamp&gt;&lt;/msgns:StreamOutput0_MsgObj&gt;&lt;msgns:StreamOutput0_MsgObj xmlns:msgns=&quot;PriceProcess_iep&quot;&gt;&lt;symbol&gt;MUR&lt;/symbol&gt;&lt;AvgPrice&gt;5.406000000000001&lt;/AvgPrice&gt;&lt;currenttime&gt;2008-10-09T15:42:38.166-07:00&lt;/currenttime&gt;&lt;Timestamp&gt;2008-10-09T15:42:36.124-07:00&lt;/Timestamp&gt;&lt;/msgns:StreamOutput0_MsgObj&gt;&lt;msgns:StreamOutput0_MsgObj xmlns:msgns=&quot;PriceProcess_iep&quot;&gt;&lt;symbol&gt;PHI&lt;/symbol&gt;&lt;AvgPrice&gt;8.980000000000002&lt;/AvgPrice&gt;&lt;currenttime&gt;2008-10-09T15:42:38.166-07:00&lt;/currenttime&gt;&lt;Timestamp&gt;2008-10-09T15:42:36.124-07:00&lt;/Timestamp&gt;&lt;/msgns:StreamOutput0_MsgObj&gt;&lt;msgns:StreamOutput0_MsgObj xmlns:msgns=&quot;PriceProcess_iep&quot;&gt;&lt;symbol&gt;JAVA&lt;/symbol&gt;&lt;AvgPrice&gt;8.985000000000001&lt;/AvgPrice&gt;&lt;currenttime&gt;2008-10-09T15:42:38.166-07:00&lt;/currenttime&gt;&lt;Timestamp&gt;2008-10-09T15:42:36.124-07:00&lt;/Timestamp&gt;&lt;/msgns:StreamOutput0_MsgObj&gt;&lt;msgns:StreamOutput0_MsgObj xmlns:msgns=&quot;PriceProcess_iep&quot;&gt;&lt;symbol&gt;DIJ&lt;/symbol&gt;&lt;AvgPrice&gt;5.5&lt;/AvgPrice&gt;&lt;currenttime&gt;2008-10-09T15:42:38.228-07:00&lt;/currenttime&gt;&lt;Timestamp&gt;2008-10-09T15:42:36.142-07:00&lt;/Timestamp&gt;&lt;/msgns:StreamOutput0_MsgObj&gt;&lt;msgns:StreamOutput0_MsgObj xmlns:msgns=&quot;PriceProcess_iep&quot;&gt;&lt;symbol&gt;MUR&lt;/symbol&gt;&lt;AvgPrice&gt;5.406000000000001&lt;/AvgPrice&gt;&lt;currenttime&gt;2008-10-09T15:42:38.228-07:00&lt;/currenttime&gt;&lt;Timestamp&gt;2008-10-09T15:42:36.142-07:00&lt;/Timestamp&gt;&lt;/msgns:StreamOutput0_MsgObj&gt;&lt;msgns:StreamOutput0_MsgObj xmlns:msgns=&quot;PriceProcess_iep&quot;&gt;&lt;symbol&gt;JAVA&lt;/symbol&gt;&lt;AvgPrice&gt;8.985000000000001&lt;/AvgPrice&gt;&lt;currenttime&gt;2008-10-09T15:42:38.228-07:00&lt;/currenttime&gt;&lt;Timestamp&gt;2008-10-09T15:42:36.142-07:00&lt;/Timestamp&gt;&lt;/msgns:StreamOutput0_MsgObj&gt;&lt;msgns:StreamOutput0_MsgObj xmlns:msgns=&quot;PriceProcess_iep&quot;&gt;&lt;symbol&gt;PHI&lt;/symbol&gt;&lt;AvgPrice&gt;9.51846153846154&lt;/AvgPrice&gt;&lt;currenttime&gt;2008-10-09T15:42:38.228-07:00&lt;/currenttime&gt;&lt;Timestamp&gt;2008-10-09T15:42:36.142-07:00&lt;/Timestamp&gt;&lt;/msgns:StreamOutput0_MsgObj&gt;&lt;msgns:StreamOutput0_MsgObj xmlns:msgns=&quot;PriceProcess_iep&quot;&gt;&lt;symbol&gt;DIJ&lt;/symbol&gt;&lt;AvgPrice&gt;5.5&lt;/AvgPrice&gt;&lt;currenttime&gt;2008-10-09T15:42:38.228-07:00&lt;/currenttime&gt;&lt;Timestamp&gt;2008-10-09T15:42:36.156-07:00&lt;/Timestamp&gt;&lt;/msgns:StreamOutput0_MsgObj&gt;&lt;msgns:StreamOutput0_MsgObj xmlns:msgns=&quot;PriceProcess_iep&quot;&gt;&lt;symbol&gt;JAVA&lt;/symbol&gt;&lt;AvgPrice&gt;8.985000000000001&lt;/AvgPrice&gt;&lt;currenttime&gt;2008-10-09T15:42:38.228-07:00&lt;/currenttime&gt;&lt;Timestamp&gt;2008-10-09T15:42:36.156-07:00&lt;/Timestamp&gt;&lt;/msgns:StreamOutput0_MsgObj&gt;&lt;msgns:StreamOutput0_MsgObj xmlns:msgns=&quot;PriceProcess_iep&quot;&gt;&lt;symbol&gt;PHI&lt;/symbol&gt;&lt;AvgPrice&gt;9.51846153846154&lt;/AvgPrice&gt;&lt;currenttime&gt;2008-10-09T15:42:38.228-07:00&lt;/currenttime&gt;&lt;Timestamp&gt;2008-10-09T15:42:36.156-07:00&lt;/Timestamp&gt;&lt;/msgns:StreamOutput0_MsgObj&gt;&lt;msgns:StreamOutput0_MsgObj xmlns:msgns=&quot;PriceProcess_iep&quot;&gt;&lt;symbol&gt;MUR&lt;/symbol&gt;&lt;AvgPrice&gt;5.359090909090909&lt;/AvgPrice&gt;&lt;currenttime&gt;2008-10-09T15:42:38.228-07:00&lt;/currenttime&gt;&lt;Timestamp&gt;2008-10-09T15:42:36.156-07:00&lt;/Timestamp&gt;&lt;/msgns:StreamOutput0_MsgObj&gt;&lt;msgns:StreamOutput0_MsgObj xmlns:msgns=&quot;PriceProcess_iep&quot;&gt;&lt;symbol&gt;DIJ&lt;/symbol&gt;&lt;AvgPrice&gt;5.5&lt;/AvgPrice&gt;&lt;currenttime&gt;2008-10-09T15:42:38.228-07:00&lt;/currenttime&gt;&lt;Timestamp&gt;2008-10-09T15:42:36.171-07:00&lt;/Timestamp&gt;&lt;/msgns:StreamOutput0_MsgObj&gt;&lt;msgns:StreamOutput0_MsgObj xmlns:msgns=&quot;PriceProcess_iep&quot;&gt;&lt;symbol&gt;JAVA&lt;/symbol&gt;&lt;AvgPrice&gt;8.985000000000001&lt;/AvgPrice&gt;&lt;currenttime&gt;2008-10-09T15:42:38.228-07:00&lt;/currenttime&gt;&lt;Timestamp&gt;2008-10-09T15:42:36.171-07:00&lt;/Timestamp&gt;&lt;/msgns:StreamOutput0_MsgObj&gt;&lt;msgns:StreamOutput0_MsgObj xmlns:msgns=&quot;PriceProcess_iep&quot;&gt;&lt;symbol&gt;MUR&lt;/symbol&gt;&lt;AvgPrice&gt;5.359090909090909&lt;/AvgPrice&gt;&lt;currenttime&gt;2008-10-09T15:42:38.228-07:00&lt;/currenttime&gt;&lt;Timestamp&gt;2008-10-09T15:42:36.171-07:00&lt;/Timestamp&gt;&lt;/msgns:StreamOutput0_MsgObj&gt;&lt;msgns:StreamOutput0_MsgObj xmlns:msgns=&quot;PriceProcess_iep&quot;&gt;&lt;symbol&gt;PHI&lt;/symbol&gt;&lt;AvgPrice&gt;9.551428571428573&lt;/AvgPrice&gt;&lt;currenttime&gt;2008-10-09T15:42:38.228-07:00&lt;/currenttime&gt;&lt;Timestamp&gt;2008-10-09T15:42:36.171-07:00&lt;/Timestamp&gt;&lt;/msgns:StreamOutput0_MsgObj&gt;&lt;msgns:StreamOutput0_MsgObj xmlns:msgns=&quot;PriceProcess_iep&quot;&gt;&lt;symbol&gt;JAVA&lt;/symbol&gt;&lt;AvgPrice&gt;8.985000000000001&lt;/AvgPrice&gt;&lt;currenttime&gt;2008-10-09T15:42:38.275-07:00&lt;/currenttime&gt;&lt;Timestamp&gt;2008-10-09T15:42:36.187-07:00&lt;/Timestamp&gt;&lt;/msgns:StreamOutput0_MsgObj&gt;&lt;msgns:StreamOutput0_MsgObj xmlns:msgns=&quot;PriceProcess_iep&quot;&gt;&lt;symbol&gt;MUR&lt;/symbol&gt;&lt;AvgPrice&gt;5.359090909090909&lt;/AvgPrice&gt;&lt;currenttime&gt;2008-10-09T15:42:38.275-07:00&lt;/currenttime&gt;&lt;Timestamp&gt;2008-10-09T15:42:36.187-07:00&lt;/Timestamp&gt;&lt;/msgns:StreamOutput0_MsgObj&gt;&lt;msgns:StreamOutput0_MsgObj xmlns:msgns=&quot;PriceProcess_iep&quot;&gt;&lt;symbol&gt;PHI&lt;/symbol&gt;&lt;AvgPrice&gt;9.551428571428573&lt;/AvgPrice&gt;&lt;currenttime&gt;2008-10-09T15:42:38.275-07:00&lt;/currenttime&gt;&lt;Timestamp&gt;2008-10-09T15:42:36.187-07:00&lt;/Timestamp&gt;&lt;/msgns:StreamOutput0_MsgObj&gt;&lt;msgns:StreamOutput0_MsgObj xmlns:msgns=&quot;PriceProcess_iep&quot;&gt;&lt;symbol&gt;DIJ&lt;/symbol&gt;&lt;AvgPrice&gt;5.382&lt;/AvgPrice&gt;&lt;currenttime&gt;2008-10-09T15:42:38.275-07:00&lt;/currenttime&gt;&lt;Timestamp&gt;2008-10-09T15:42:36.187-07:00&lt;/Timestamp&gt;&lt;/msgns:StreamOutput0_MsgObj&gt;&lt;msgns:StreamOutput0_MsgObj xmlns:msgns=&quot;PriceProcess_iep&quot;&gt;&lt;symbol&gt;JAVA&lt;/symbol&gt;&lt;AvgPrice&gt;8.985000000000001&lt;/AvgPrice&gt;&lt;currenttime&gt;2008-10-09T15:42:38.275-07:00&lt;/currenttime&gt;&lt;Timestamp&gt;2008-10-09T15:42:36.203-07:00&lt;/Timestamp&gt;&lt;/msgns:StreamOutput0_MsgObj&gt;&lt;msgns:StreamOutput0_MsgObj xmlns:msgns=&quot;PriceProcess_iep&quot;&gt;&lt;symbol&gt;MUR&lt;/symbol&gt;&lt;AvgPrice&gt;5.359090909090909&lt;/AvgPrice&gt;&lt;currenttime&gt;2008-10-09T15:42:38.275-07:00&lt;/currenttime&gt;&lt;Timestamp&gt;2008-10-09T15:42:36.203-07:00&lt;/Timestamp&gt;&lt;/msgns:StreamOutput0_MsgObj&gt;&lt;msgns:StreamOutput0_MsgObj xmlns:msgns=&quot;PriceProcess_iep&quot;&gt;&lt;symbol&gt;DIJ&lt;/symbol&gt;&lt;AvgPrice&gt;5.382&lt;/AvgPrice&gt;&lt;currenttime&gt;2008-10-09T15:42:38.275-07:00&lt;/currenttime&gt;&lt;Timestamp&gt;2008-10-09T15:42:36.203-07:00&lt;/Timestamp&gt;&lt;/msgns:StreamOutput0_MsgObj&gt;&lt;msgns:StreamOutput0_MsgObj xmlns:msgns=&quot;PriceProcess_iep&quot;&gt;&lt;symbol&gt;PHI&lt;/symbol&gt;&lt;AvgPrice&gt;9.446666666666667&lt;/AvgPrice&gt;&lt;currenttime&gt;2008-10-09T15:42:38.275-07:00&lt;/currenttime&gt;&lt;Timestamp&gt;2008-10-09T15:42:36.203-07:00&lt;/Timestamp&gt;&lt;/msgns:StreamOutput0_MsgObj&gt;&lt;msgns:StreamOutput0_MsgObj xmlns:msgns=&quot;PriceProcess_iep&quot;&gt;&lt;symbol&gt;JAVA&lt;/symbol&gt;&lt;AvgPrice&gt;8.985000000000001&lt;/AvgPrice&gt;&lt;currenttime&gt;2008-10-09T15:42:38.275-07:00&lt;/currenttime&gt;&lt;Timestamp&gt;2008-10-09T15:42:36.218-07:00&lt;/Timestamp&gt;&lt;/msgns:StreamOutput0_MsgObj&gt;&lt;msgns:StreamOutput0_MsgObj xmlns:msgns=&quot;PriceProcess_iep&quot;&gt;&lt;symbol&gt;DIJ&lt;/symbol&gt;&lt;AvgPrice&gt;5.382&lt;/AvgPrice&gt;&lt;currenttime&gt;2008-10-09T15:42:38.275-07:00&lt;/currenttime&gt;&lt;Timestamp&gt;2008-10-09T15:42:36.218-07:00&lt;/Timestamp&gt;&lt;/msgns:StreamOutput0_MsgObj&gt;&lt;msgns:StreamOutput0_MsgObj xmlns:msgns=&quot;PriceProcess_iep&quot;&gt;&lt;symbol&gt;PHI&lt;/symbol&gt;&lt;AvgPrice&gt;9.446666666666667&lt;/AvgPrice&gt;&lt;currenttime&gt;2008-10-09T15:42:38.275-07:00&lt;/currenttime&gt;&lt;Timestamp&gt;2008-10-09T15:42:36.218-07:00&lt;/Timestamp&gt;&lt;/msgns:StreamOutput0_MsgObj&gt;&lt;msgns:StreamOutput0_MsgObj xmlns:msgns=&quot;PriceProcess_iep&quot;&gt;&lt;symbol&gt;MUR&lt;/symbol&gt;&lt;AvgPrice&gt;5.348333333333334&lt;/AvgPrice&gt;&lt;currenttime&gt;2008-10-09T15:42:38.275-07:00&lt;/currenttime&gt;&lt;Timestamp&gt;2008-10-09T15:42:36.218-07:00&lt;/Timestamp&gt;&lt;/msgns:StreamOutput0_MsgObj&gt;&lt;msgns:StreamOutput0_MsgObj xmlns:msgns=&quot;PriceProcess_iep&quot;&gt;&lt;symbol&gt;JAVA&lt;/symbol&gt;&lt;AvgPrice&gt;8.985000000000001&lt;/AvgPrice&gt;&lt;currenttime&gt;2008-10-09T15:42:38.322-07:00&lt;/currenttime&gt;&lt;Timestamp&gt;2008-10-09T15:42:36.234-07:00&lt;/Timestamp&gt;&lt;/msgns:StreamOutput0_MsgObj&gt;&lt;msgns:StreamOutput0_MsgObj xmlns:msgns=&quot;PriceProcess_iep&quot;&gt;&lt;symbol&gt;DIJ&lt;/symbol&gt;&lt;AvgPrice&gt;5.382&lt;/AvgPrice&gt;&lt;currenttime&gt;2008-10-09T15:42:38.322-07:00&lt;/currenttime&gt;&lt;Timestamp&gt;2008-10-09T15:42:36.234-07:00&lt;/Timestamp&gt;&lt;/msgns:StreamOutput0_MsgObj&gt;&lt;msgns:StreamOutput0_MsgObj xmlns:msgns=&quot;PriceProcess_iep&quot;&gt;&lt;symbol&gt;MUR&lt;/symbol&gt;&lt;AvgPrice&gt;5.348333333333334&lt;/AvgPrice&gt;&lt;currenttime&gt;2008-10-09T15:42:38.322-07:00&lt;/currenttime&gt;&lt;Timestamp&gt;2008-10-09T15:42:36.234-07:00&lt;/Timestamp&gt;&lt;/msgns:StreamOutput0_MsgObj&gt;&lt;msgns:StreamOutput0_MsgObj xmlns:msgns=&quot;PriceProcess_iep&quot;&gt;&lt;symbol&gt;PHI&lt;/symbol&gt;&lt;AvgPrice&gt;9.105&lt;/AvgPrice&gt;&lt;currenttime&gt;2008-10-09T15:42:38.322-07:00&lt;/currenttime&gt;&lt;Timestamp&gt;2008-10-09T15:42:36.234-07:00&lt;/Timestamp&gt;&lt;/msgns:StreamOutput0_MsgObj&gt;&lt;msgns:StreamOutput0_MsgObj xmlns:msgns=&quot;PriceProcess_iep&quot;&gt;&lt;symbol&gt;JAVA&lt;/symbol&gt;&lt;AvgPrice&gt;8.985000000000001&lt;/AvgPrice&gt;&lt;currenttime&gt;2008-10-09T15:42:38.322-07:00&lt;/currenttime&gt;&lt;Timestamp&gt;2008-10-09T15:42:36.249-07:00&lt;/Timestamp&gt;&lt;/msgns:StreamOutput0_MsgObj&gt;&lt;msgns:StreamOutput0_MsgObj xmlns:msgns=&quot;PriceProcess_iep&quot;&gt;&lt;symbol&gt;DIJ&lt;/symbol&gt;&lt;AvgPrice&gt;5.382&lt;/AvgPrice&gt;&lt;currenttime&gt;2008-10-09T15:42:38.322-07:00&lt;/currenttime&gt;&lt;Timestamp&gt;2008-10-09T15:42:36.249-07:00&lt;/Timestamp&gt;&lt;/msgns:StreamOutput0_MsgObj&gt;&lt;msgns:StreamOutput0_MsgObj xmlns:msgns=&quot;PriceProcess_iep&quot;&gt;&lt;symbol&gt;PHI&lt;/symbol&gt;&lt;AvgPrice&gt;9.105&lt;/AvgPrice&gt;&lt;currenttime&gt;2008-10-09T15:42:38.322-07:00&lt;/currenttime&gt;&lt;Timestamp&gt;2008-10-09T15:42:36.249-07:00&lt;/Timestamp&gt;&lt;/msgns:StreamOutput0_MsgObj&gt;&lt;msgns:StreamOutput0_MsgObj xmlns:msgns=&quot;PriceProcess_iep&quot;&gt;&lt;symbol&gt;MUR&lt;/symbol&gt;&lt;AvgPrice&gt;5.324615384615385&lt;/AvgPrice&gt;&lt;currenttime&gt;2008-10-09T15:42:38.322-07:00&lt;/currenttime&gt;&lt;Timestamp&gt;2008-10-09T15:42:36.249-07:00&lt;/Timestamp&gt;&lt;/msgns:StreamOutput0_MsgObj&gt;&lt;msgns:StreamOutput0_MsgObj xmlns:msgns=&quot;PriceProcess_iep&quot;&gt;&lt;symbol&gt;DIJ&lt;/symbol&gt;&lt;AvgPrice&gt;5.382&lt;/AvgPrice&gt;&lt;currenttime&gt;2008-10-09T15:42:38.322-07:00&lt;/currenttime&gt;&lt;Timestamp&gt;2008-10-09T15:42:36.265-07:00&lt;/Timestamp&gt;&lt;/msgns:StreamOutput0_MsgObj&gt;&lt;msgns:StreamOutput0_MsgObj xmlns:msgns=&quot;PriceProcess_iep&quot;&gt;&lt;symbol&gt;PHI&lt;/symbol&gt;&lt;AvgPrice&gt;9.105&lt;/AvgPrice&gt;&lt;currenttime&gt;2008-10-09T15:42:38.322-07:00&lt;/currenttime&gt;&lt;Timestamp&gt;2008-10-09T15:42:36.265-07:00&lt;/Timestamp&gt;&lt;/msgns:StreamOutput0_MsgObj&gt;&lt;msgns:StreamOutput0_MsgObj xmlns:msgns=&quot;PriceProcess_iep&quot;&gt;&lt;symbol&gt;MUR&lt;/symbol&gt;&lt;AvgPrice&gt;5.324615384615385&lt;/AvgPrice&gt;&lt;currenttime&gt;2008-10-09T15:42:38.322-07:00&lt;/currenttime&gt;&lt;Timestamp&gt;2008-10-09T15:42:36.265-07:00&lt;/Timestamp&gt;&lt;/msgns:StreamOutput0_MsgObj&gt;&lt;msgns:StreamOutput0_MsgObj xmlns:msgns=&quot;PriceProcess_iep&quot;&gt;&lt;symbol&gt;JAVA&lt;/symbol&gt;&lt;AvgPrice&gt;9.984285714285715&lt;/AvgPrice&gt;&lt;currenttime&gt;2008-10-09T15:42:38.322-07:00&lt;/currenttime&gt;&lt;Timestamp&gt;2008-10-09T15:42:36.265-07:00&lt;/Timestamp&gt;&lt;/msgns:StreamOutput0_MsgObj&gt;&lt;msgns:StreamOutput0_MsgObj xmlns:msgns=&quot;PriceProcess_iep&quot;&gt;&lt;symbol&gt;DIJ&lt;/symbol&gt;&lt;AvgPrice&gt;5.382&lt;/AvgPrice&gt;&lt;currenttime&gt;2008-10-09T15:42:38.369-07:00&lt;/currenttime&gt;&lt;Timestamp&gt;2008-10-09T15:42:36.281-07:00&lt;/Timestamp&gt;&lt;/msgns:StreamOutput0_MsgObj&gt;&lt;msgns:StreamOutput0_MsgObj xmlns:msgns=&quot;PriceProcess_iep&quot;&gt;&lt;symbol&gt;PHI&lt;/symbol&gt;&lt;AvgPrice&gt;9.105&lt;/AvgPrice&gt;&lt;currenttime&gt;2008-10-09T15:42:38.369-07:00&lt;/currenttime&gt;&lt;Timestamp&gt;2008-10-09T15:42:36.281-07:00&lt;/Timestamp&gt;&lt;/msgns:StreamOutput0_MsgObj&gt;&lt;msgns:StreamOutput0_MsgObj xmlns:msgns=&quot;PriceProcess_iep&quot;&gt;&lt;symbol&gt;JAVA&lt;/symbol&gt;&lt;AvgPrice&gt;9.984285714285715&lt;/AvgPrice&gt;&lt;currenttime&gt;2008-10-09T15:42:38.369-07:00&lt;/currenttime&gt;&lt;Timestamp&gt;2008-10-09T15:42:36.281-07:00&lt;/Timestamp&gt;&lt;/msgns:StreamOutput0_MsgObj&gt;&lt;msgns:StreamOutput0_MsgObj xmlns:msgns=&quot;PriceProcess_iep&quot;&gt;&lt;symbol&gt;MUR&lt;/symbol&gt;&lt;AvgPrice&gt;5.315&lt;/AvgPrice&gt;&lt;currenttime&gt;2008-10-09T15:42:38.369-07:00&lt;/currenttime&gt;&lt;Timestamp&gt;2008-10-09T15:42:36.281-07:00&lt;/Timestamp&gt;&lt;/msgns:StreamOutput0_MsgObj&gt;&lt;msgns:StreamOutput0_MsgObj xmlns:msgns=&quot;PriceProcess_iep&quot;&gt;&lt;symbol&gt;DIJ&lt;/symbol&gt;&lt;AvgPrice&gt;5.382&lt;/AvgPrice&gt;&lt;currenttime&gt;2008-10-09T15:42:38.369-07:00&lt;/currenttime&gt;&lt;Timestamp&gt;2008-10-09T15:42:36.296-07:00&lt;/Timestamp&gt;&lt;/msgns:StreamOutput0_MsgObj&gt;&lt;msgns:StreamOutput0_MsgObj xmlns:msgns=&quot;PriceProcess_iep&quot;&gt;&lt;symbol&gt;JAVA&lt;/symbol&gt;&lt;AvgPrice&gt;9.984285714285715&lt;/AvgPrice&gt;&lt;currenttime&gt;2008-10-09T15:42:38.369-07:00&lt;/currenttime&gt;&lt;Timestamp&gt;2008-10-09T15:42:36.296-07:00&lt;/Timestamp&gt;&lt;/msgns:StreamOutput0_MsgObj&gt;&lt;msgns:StreamOutput0_MsgObj xmlns:msgns=&quot;PriceProcess_iep&quot;&gt;&lt;symbol&gt;MUR&lt;/symbol&gt;&lt;AvgPrice&gt;5.315&lt;/AvgPrice&gt;&lt;currenttime&gt;2008-10-09T15:42:38.369-07:00&lt;/currenttime&gt;&lt;Timestamp&gt;2008-10-09T15:42:36.296-07:00&lt;/Timestamp&gt;&lt;/msgns:StreamOutput0_MsgObj&gt;&lt;msgns:StreamOutput0_MsgObj xmlns:msgns=&quot;PriceProcess_iep&quot;&gt;&lt;symbol&gt;PHI&lt;/symbol&gt;&lt;AvgPrice&gt;8.803529411764705&lt;/AvgPrice&gt;&lt;currenttime&gt;2008-10-09T15:42:38.369-07:00&lt;/currenttime&gt;&lt;Timestamp&gt;2008-10-09T15:42:36.296-07:00&lt;/Timestamp&gt;&lt;/msgns:StreamOutput0_MsgObj&gt;&lt;msgns:StreamOutput0_MsgObj xmlns:msgns=&quot;PriceProcess_iep&quot;&gt;&lt;symbol&gt;DIJ&lt;/symbol&gt;&lt;AvgPrice&gt;5.382&lt;/AvgPrice&gt;&lt;currenttime&gt;2008-10-09T15:42:38.369-07:00&lt;/currenttime&gt;&lt;Timestamp&gt;2008-10-09T15:42:36.312-07:00&lt;/Timestamp&gt;&lt;/msgns:StreamOutput0_MsgObj&gt;&lt;msgns:StreamOutput0_MsgObj xmlns:msgns=&quot;PriceProcess_iep&quot;&gt;&lt;symbol&gt;JAVA&lt;/symbol&gt;&lt;AvgPrice&gt;9.984285714285715&lt;/AvgPrice&gt;&lt;currenttime&gt;2008-10-09T15:42:38.369-07:00&lt;/currenttime&gt;&lt;Timestamp&gt;2008-10-09T15:42:36.312-07:00&lt;/Timestamp&gt;&lt;/msgns:StreamOutput0_MsgObj&gt;&lt;msgns:StreamOutput0_MsgObj xmlns:msgns=&quot;PriceProcess_iep&quot;&gt;&lt;symbol&gt;PHI&lt;/symbol&gt;&lt;AvgPrice&gt;8.803529411764705&lt;/AvgPrice&gt;&lt;currenttime&gt;2008-10-09T15:42:38.369-07:00&lt;/currenttime&gt;&lt;Timestamp&gt;2008-10-09T15:42:36.312-07:00&lt;/Timestamp&gt;&lt;/msgns:StreamOutput0_MsgObj&gt;&lt;msgns:StreamOutput0_MsgObj xmlns:msgns=&quot;PriceProcess_iep&quot;&gt;&lt;symbol&gt;MUR&lt;/symbol&gt;&lt;AvgPrice&gt;5.346000000000001&lt;/AvgPrice&gt;&lt;currenttime&gt;2008-10-09T15:42:38.369-07:00&lt;/currenttime&gt;&lt;Timestamp&gt;2008-10-09T15:42:36.312-07:00&lt;/Timestamp&gt;&lt;/msgns:StreamOutput0_MsgObj&gt;&lt;msgns:StreamOutput0_MsgObj xmlns:msgns=&quot;PriceProcess_iep&quot;&gt;&lt;symbol&gt;DIJ&lt;/symbol&gt;&lt;AvgPrice&gt;5.382&lt;/AvgPrice&gt;&lt;currenttime&gt;2008-10-09T15:42:38.416-07:00&lt;/currenttime&gt;&lt;Timestamp&gt;2008-10-09T15:42:36.327-07:00&lt;/Timestamp&gt;&lt;/msgns:StreamOutput0_MsgObj&gt;&lt;msgns:StreamOutput0_MsgObj xmlns:msgns=&quot;PriceProcess_iep&quot;&gt;&lt;symbol&gt;JAVA&lt;/symbol&gt;&lt;AvgPrice&gt;9.984285714285715&lt;/AvgPrice&gt;&lt;currenttime&gt;2008-10-09T15:42:38.416-07:00&lt;/currenttime&gt;&lt;Timestamp&gt;2008-10-09T15:42:36.327-07:00&lt;/Timestamp&gt;&lt;/msgns:StreamOutput0_MsgObj&gt;&lt;msgns:StreamOutput0_MsgObj xmlns:msgns=&quot;PriceProcess_iep&quot;&gt;&lt;symbol&gt;MUR&lt;/symbol&gt;&lt;AvgPrice&gt;5.346000000000001&lt;/AvgPrice&gt;&lt;currenttime&gt;2008-10-09T15:42:38.416-07:00&lt;/currenttime&gt;&lt;Timestamp&gt;2008-10-09T15:42:36.327-07:00&lt;/Timestamp&gt;&lt;/msgns:StreamOutput0_MsgObj&gt;&lt;msgns:StreamOutput0_MsgObj xmlns:msgns=&quot;PriceProcess_iep&quot;&gt;&lt;symbol&gt;PHI&lt;/symbol&gt;&lt;AvgPrice&gt;8.424444444444443&lt;/AvgPrice&gt;&lt;currenttime&gt;2008-10-09T15:42:38.416-07:00&lt;/currenttime&gt;&lt;Timestamp&gt;2008-10-09T15:42:36.327-07:00&lt;/Timestamp&gt;&lt;/msgns:StreamOutput0_MsgObj&gt;&lt;msgns:StreamOutput0_MsgObj xmlns:msgns=&quot;PriceProcess_iep&quot;&gt;&lt;symbol&gt;JAVA&lt;/symbol&gt;&lt;AvgPrice&gt;9.984285714285715&lt;/AvgPrice&gt;&lt;currenttime&gt;2008-10-09T15:42:48.853-07:00&lt;/currenttime&gt;&lt;Timestamp&gt;2008-10-09T15:42:46.343-07:00&lt;/Timestamp&gt;&lt;/msgns:StreamOutput0_MsgObj&gt;&lt;msgns:StreamOutput0_MsgObj xmlns:msgns=&quot;PriceProcess_iep&quot;&gt;&lt;symbol&gt;MUR&lt;/symbol&gt;&lt;AvgPrice&gt;5.346000000000001&lt;/AvgPrice&gt;&lt;currenttime&gt;2008-10-09T15:42:48.853-07:00&lt;/currenttime&gt;&lt;Timestamp&gt;2008-10-09T15:42:46.343-07:00&lt;/Timestamp&gt;&lt;/msgns:StreamOutput0_MsgObj&gt;&lt;msgns:StreamOutput0_MsgObj xmlns:msgns=&quot;PriceProcess_iep&quot;&gt;&lt;symbol&gt;PHI&lt;/symbol&gt;&lt;AvgPrice&gt;8.424444444444443&lt;/AvgPrice&gt;&lt;currenttime&gt;2008-10-09T15:42:48.853-07:00&lt;/currenttime&gt;&lt;Timestamp&gt;2008-10-09T15:42:46.343-07:00&lt;/Timestamp&gt;&lt;/msgns:StreamOutput0_MsgObj&gt;&lt;msgns:StreamOutput0_MsgObj xmlns:msgns=&quot;PriceProcess_iep&quot;&gt;&lt;symbol&gt;DIJ&lt;/symbol&gt;&lt;AvgPrice&gt;5.466666666666666&lt;/AvgPrice&gt;&lt;currenttime&gt;2008-10-09T15:42:48.853-07:00&lt;/currenttime&gt;&lt;Timestamp&gt;2008-10-09T15:42:46.343-07:00&lt;/Timestamp&gt;&lt;/msgns:StreamOutput0_MsgObj&gt;&lt;msgns:StreamOutput0_MsgObj xmlns:msgns=&quot;PriceProcess_iep&quot;&gt;&lt;symbol&gt;JAVA&lt;/symbol&gt;&lt;AvgPrice&gt;9.984285714285715&lt;/AvgPrice&gt;&lt;currenttime&gt;2008-10-09T15:42:48.853-07:00&lt;/currenttime&gt;&lt;Timestamp&gt;2008-10-09T15:42:46.359-07:00&lt;/Timestamp&gt;&lt;/msgns:StreamOutput0_MsgObj&gt;&lt;msgns:StreamOutput0_MsgObj xmlns:msgns=&quot;PriceProcess_iep&quot;&gt;&lt;symbol&gt;MUR&lt;/symbol&gt;&lt;AvgPrice&gt;5.346000000000001&lt;/AvgPrice&gt;&lt;currenttime&gt;2008-10-09T15:42:48.853-07:00&lt;/currenttime&gt;&lt;Timestamp&gt;2008-10-09T15:42:46.359-07:00&lt;/Timestamp&gt;&lt;/msgns:StreamOutput0_MsgObj&gt;&lt;msgns:StreamOutput0_MsgObj xmlns:msgns=&quot;PriceProcess_iep&quot;&gt;&lt;symbol&gt;DIJ&lt;/symbol&gt;&lt;AvgPrice&gt;5.466666666666666&lt;/AvgPrice&gt;&lt;currenttime&gt;2008-10-09T15:42:48.853-07:00&lt;/currenttime&gt;&lt;Timestamp&gt;2008-10-09T15:42:46.359-07:00&lt;/Timestamp&gt;&lt;/msgns:StreamOutput0_MsgObj&gt;&lt;msgns:StreamOutput0_MsgObj xmlns:msgns=&quot;PriceProcess_iep&quot;&gt;&lt;symbol&gt;PHI&lt;/symbol&gt;&lt;AvgPrice&gt;8.137894736842105&lt;/AvgPrice&gt;&lt;currenttime&gt;2008-10-09T15:42:48.853-07:00&lt;/currenttime&gt;&lt;Timestamp&gt;2008-10-09T15:42:46.359-07:00&lt;/Timestamp&gt;&lt;/msgns:StreamOutput0_MsgObj&gt;&lt;msgns:StreamOutput0_MsgObj xmlns:msgns=&quot;PriceProcess_iep&quot;&gt;&lt;symbol&gt;JAVA&lt;/symbol&gt;&lt;AvgPrice&gt;9.984285714285715&lt;/AvgPrice&gt;&lt;currenttime&gt;2008-10-09T15:42:48.853-07:00&lt;/currenttime&gt;&lt;Timestamp&gt;2008-10-09T15:42:46.374-07:00&lt;/Timestamp&gt;&lt;/msgns:StreamOutput0_MsgObj&gt;&lt;msgns:StreamOutput0_MsgObj xmlns:msgns=&quot;PriceProcess_iep&quot;&gt;&lt;symbol&gt;DIJ&lt;/symbol&gt;&lt;AvgPrice&gt;5.466666666666666&lt;/AvgPrice&gt;&lt;currenttime&gt;2008-10-09T15:42:48.853-07:00&lt;/currenttime&gt;&lt;Timestamp&gt;2008-10-09T15:42:46.374-07:00&lt;/Timestamp&gt;&lt;/msgns:StreamOutput0_MsgObj&gt;&lt;msgns:StreamOutput0_MsgObj xmlns:msgns=&quot;PriceProcess_iep&quot;&gt;&lt;symbol&gt;PHI&lt;/symbol&gt;&lt;AvgPrice&gt;8.137894736842105&lt;/AvgPrice&gt;&lt;currenttime&gt;2008-10-09T15:42:48.853-07:00&lt;/currenttime&gt;&lt;Timestamp&gt;2008-10-09T15:42:46.374-07:00&lt;/Timestamp&gt;&lt;/msgns:StreamOutput0_MsgObj&gt;&lt;msgns:StreamOutput0_MsgObj xmlns:msgns=&quot;PriceProcess_iep&quot;&gt;&lt;symbol&gt;MUR&lt;/symbol&gt;&lt;AvgPrice&gt;5.387500000000001&lt;/AvgPrice&gt;&lt;currenttime&gt;2008-10-09T15:42:48.853-07:00&lt;/currenttime&gt;&lt;Timestamp&gt;2008-10-09T15:42:46.374-07:00&lt;/Timestamp&gt;&lt;/msgns:StreamOutput0_MsgObj&gt;&lt;msgns:StreamOutput0_MsgObj xmlns:msgns=&quot;PriceProcess_iep&quot;&gt;&lt;symbol&gt;JAVA&lt;/symbol&gt;&lt;AvgPrice&gt;9.984285714285715&lt;/AvgPrice&gt;&lt;currenttime&gt;2008-10-09T15:42:48.853-07:00&lt;/currenttime&gt;&lt;Timestamp&gt;2008-10-09T15:42:46.390-07:00&lt;/Timestamp&gt;&lt;/msgns:StreamOutput0_MsgObj&gt;&lt;msgns:StreamOutput0_MsgObj xmlns:msgns=&quot;PriceProcess_iep&quot;&gt;&lt;symbol&gt;DIJ&lt;/symbol&gt;&lt;AvgPrice&gt;5.466666666666666&lt;/AvgPrice&gt;&lt;currenttime&gt;2008-10-09T15:42:48.853-07:00&lt;/currenttime&gt;&lt;Timestamp&gt;2008-10-09T15:42:46.390-07:00&lt;/Timestamp&gt;&lt;/msgns:StreamOutput0_MsgObj&gt;&lt;msgns:StreamOutput0_MsgObj xmlns:msgns=&quot;PriceProcess_iep&quot;&gt;&lt;symbol&gt;MUR&lt;/symbol&gt;&lt;AvgPrice&gt;5.387500000000001&lt;/AvgPrice&gt;&lt;currenttime&gt;2008-10-09T15:42:48.853-07:00&lt;/currenttime&gt;&lt;Timestamp&gt;2008-10-09T15:42:46.390-07:00&lt;/Timestamp&gt;&lt;/msgns:StreamOutput0_MsgObj&gt;&lt;msgns:StreamOutput0_MsgObj xmlns:msgns=&quot;PriceProcess_iep&quot;&gt;&lt;symbol&gt;PHI&lt;/symbol&gt;&lt;AvgPrice&gt;8.079999999999998&lt;/AvgPrice&gt;&lt;currenttime&gt;2008-10-09T15:42:48.853-07:00&lt;/currenttime&gt;&lt;Timestamp&gt;2008-10-09T15:42:46.390-07:00&lt;/Timestamp&gt;&lt;/msgns:StreamOutput0_MsgObj&gt;&lt;msgns:StreamOutput0_MsgObj xmlns:msgns=&quot;PriceProcess_iep&quot;&gt;&lt;symbol&gt;DIJ&lt;/symbol&gt;&lt;AvgPrice&gt;5.466666666666666&lt;/AvgPrice&gt;&lt;currenttime&gt;2008-10-09T15:42:48.853-07:00&lt;/currenttime&gt;&lt;Timestamp&gt;2008-10-09T15:42:46.405-07:00&lt;/Timestamp&gt;&lt;/msgns:StreamOutput0_MsgObj&gt;&lt;msgns:StreamOutput0_MsgObj xmlns:msgns=&quot;PriceProcess_iep&quot;&gt;&lt;symbol&gt;MUR&lt;/symbol&gt;&lt;AvgPrice&gt;5.387500000000001&lt;/AvgPrice&gt;&lt;currenttime&gt;2008-10-09T15:42:48.853-07:00&lt;/currenttime&gt;&lt;Timestamp&gt;2008-10-09T15:42:46.405-07:00&lt;/Timestamp&gt;&lt;/msgns:StreamOutput0_MsgObj&gt;&lt;msgns:StreamOutput0_MsgObj xmlns:msgns=&quot;PriceProcess_iep&quot;&gt;&lt;symbol&gt;PHI&lt;/symbol&gt;&lt;AvgPrice&gt;8.079999999999998&lt;/AvgPrice&gt;&lt;currenttime&gt;2008-10-09T15:42:48.853-07:00&lt;/currenttime&gt;&lt;Timestamp&gt;2008-10-09T15:42:46.405-07:00&lt;/Timestamp&gt;&lt;/msgns:StreamOutput0_MsgObj&gt;&lt;msgns:StreamOutput0_MsgObj xmlns:msgns=&quot;PriceProcess_iep&quot;&gt;&lt;symbol&gt;JAVA&lt;/symbol&gt;&lt;AvgPrice&gt;9.485&lt;/AvgPrice&gt;&lt;currenttime&gt;2008-10-09T15:42:48.853-07:00&lt;/currenttime&gt;&lt;Timestamp&gt;2008-10-09T15:42:46.405-07:00&lt;/Timestamp&gt;&lt;/msgns:StreamOutput0_MsgObj&gt;&lt;msgns:StreamOutput0_MsgObj xmlns:msgns=&quot;PriceProcess_iep&quot;&gt;&lt;symbol&gt;DIJ&lt;/symbol&gt;&lt;AvgPrice&gt;5.466666666666666&lt;/AvgPrice&gt;&lt;currenttime&gt;2008-10-09T15:42:48.853-07:00&lt;/currenttime&gt;&lt;Timestamp&gt;2008-10-09T15:42:46.421-07:00&lt;/Timestamp&gt;&lt;/msgns:StreamOutput0_MsgObj&gt;&lt;msgns:StreamOutput0_MsgObj xmlns:msgns=&quot;PriceProcess_iep&quot;&gt;&lt;symbol&gt;PHI&lt;/symbol&gt;&lt;AvgPrice&gt;8.079999999999998&lt;/AvgPrice&gt;&lt;currenttime&gt;2008-10-09T15:42:48.853-07:00&lt;/currenttime&gt;&lt;Timestamp&gt;2008-10-09T15:42:46.421-07:00&lt;/Timestamp&gt;&lt;/msgns:StreamOutput0_MsgObj&gt;&lt;msgns:StreamOutput0_MsgObj xmlns:msgns=&quot;PriceProcess_iep&quot;&gt;&lt;symbol&gt;JAVA&lt;/symbol&gt;&lt;AvgPrice&gt;9.485&lt;/AvgPrice&gt;&lt;currenttime&gt;2008-10-09T15:42:48.853-07:00&lt;/currenttime&gt;&lt;Timestamp&gt;2008-10-09T15:42:46.421-07:00&lt;/Timestamp&gt;&lt;/msgns:StreamOutput0_MsgObj&gt;&lt;msgns:StreamOutput0_MsgObj xmlns:msgns=&quot;PriceProcess_iep&quot;&gt;&lt;symbol&gt;MUR&lt;/symbol&gt;&lt;AvgPrice&gt;5.398823529411765&lt;/AvgPrice&gt;&lt;currenttime&gt;2008-10-09T15:42:48.853-07:00&lt;/currenttime&gt;&lt;Timestamp&gt;2008-10-09T15:42:46.421-07:00&lt;/Timestamp&gt;&lt;/msgns:StreamOutput0_MsgObj&gt;&lt;msgns:StreamOutput0_MsgObj xmlns:msgns=&quot;PriceProcess_iep&quot;&gt;&lt;symbol&gt;DIJ&lt;/symbol&gt;&lt;AvgPrice&gt;5.466666666666666&lt;/AvgPrice&gt;&lt;currenttime&gt;2008-10-09T15:42:48.853-07:00&lt;/currenttime&gt;&lt;Timestamp&gt;2008-10-09T15:42:46.437-07:00&lt;/Timestamp&gt;&lt;/msgns:StreamOutput0_MsgObj&gt;&lt;msgns:StreamOutput0_MsgObj xmlns:msgns=&quot;PriceProcess_iep&quot;&gt;&lt;symbol&gt;JAVA&lt;/symbol&gt;&lt;AvgPrice&gt;9.485&lt;/AvgPrice&gt;&lt;currenttime&gt;2008-10-09T15:42:48.853-07:00&lt;/currenttime&gt;&lt;Timestamp&gt;2008-10-09T15:42:46.437-07:00&lt;/Timestamp&gt;&lt;/msgns:StreamOutput0_MsgObj&gt;&lt;msgns:StreamOutput0_MsgObj xmlns:msgns=&quot;PriceProcess_iep&quot;&gt;&lt;symbol&gt;MUR&lt;/symbol&gt;&lt;AvgPrice&gt;5.398823529411765&lt;/AvgPrice&gt;&lt;currenttime&gt;2008-10-09T15:42:48.853-07:00&lt;/currenttime&gt;&lt;Timestamp&gt;2008-10-09T15:42:46.437-07:00&lt;/Timestamp&gt;&lt;/msgns:StreamOutput0_MsgObj&gt;&lt;msgns:StreamOutput0_MsgObj xmlns:msgns=&quot;PriceProcess_iep&quot;&gt;&lt;symbol&gt;PHI&lt;/symbol&gt;&lt;AvgPrice&gt;8.31333333333333&lt;/AvgPrice&gt;&lt;currenttime&gt;2008-10-09T15:42:48.853-07:00&lt;/currenttime&gt;&lt;Timestamp&gt;2008-10-09T15:42:46.437-07:00&lt;/Timestamp&gt;&lt;/msgns:StreamOutput0_MsgObj&gt;&lt;msgns:StreamOutput0_MsgObj xmlns:msgns=&quot;PriceProcess_iep&quot;&gt;&lt;symbol&gt;JAVA&lt;/symbol&gt;&lt;AvgPrice&gt;9.485&lt;/AvgPrice&gt;&lt;currenttime&gt;2008-10-09T15:42:48.853-07:00&lt;/currenttime&gt;&lt;Timestamp&gt;2008-10-09T15:42:46.452-07:00&lt;/Timestamp&gt;&lt;/msgns:StreamOutput0_MsgObj&gt;&lt;msgns:StreamOutput0_MsgObj xmlns:msgns=&quot;PriceProcess_iep&quot;&gt;&lt;symbol&gt;MUR&lt;/symbol&gt;&lt;AvgPrice&gt;5.398823529411765&lt;/AvgPrice&gt;&lt;currenttime&gt;2008-10-09T15:42:48.853-07:00&lt;/currenttime&gt;&lt;Timestamp&gt;2008-10-09T15:42:46.452-07:00&lt;/Timestamp&gt;&lt;/msgns:StreamOutput0_MsgObj&gt;&lt;msgns:StreamOutput0_MsgObj xmlns:msgns=&quot;PriceProcess_iep&quot;&gt;&lt;symbol&gt;PHI&lt;/symbol&gt;&lt;AvgPrice&gt;8.31333333333333&lt;/AvgPrice&gt;&lt;currenttime&gt;2008-10-09T15:42:48.853-07:00&lt;/currenttime&gt;&lt;Timestamp&gt;2008-10-09T15:42:46.452-07:00&lt;/Timestamp&gt;&lt;/msgns:StreamOutput0_MsgObj&gt;&lt;msgns:StreamOutput0_MsgObj xmlns:msgns=&quot;PriceProcess_iep&quot;&gt;&lt;symbol&gt;DIJ&lt;/symbol&gt;&lt;AvgPrice&gt;5.485714285714286&lt;/AvgPrice&gt;&lt;currenttime&gt;2008-10-09T15:42:48.853-07:00&lt;/currenttime&gt;&lt;Timestamp&gt;2008-10-09T15:42:46.452-07:00&lt;/Timestamp&gt;&lt;/msgns:StreamOutput0_MsgObj&gt;&lt;msgns:StreamOutput0_MsgObj xmlns:msgns=&quot;PriceProcess_iep&quot;&gt;&lt;symbol&gt;MUR&lt;/symbol&gt;&lt;AvgPrice&gt;5.398823529411765&lt;/AvgPrice&gt;&lt;currenttime&gt;2008-10-09T15:42:48.853-07:00&lt;/currenttime&gt;&lt;Timestamp&gt;2008-10-09T15:42:46.468-07:00&lt;/Timestamp&gt;&lt;/msgns:StreamOutput0_MsgObj&gt;&lt;msgns:StreamOutput0_MsgObj xmlns:msgns=&quot;PriceProcess_iep&quot;&gt;&lt;symbol&gt;PHI&lt;/symbol&gt;&lt;AvgPrice&gt;8.31333333333333&lt;/AvgPrice&gt;&lt;currenttime&gt;2008-10-09T15:42:48.853-07:00&lt;/currenttime&gt;&lt;Timestamp&gt;2008-10-09T15:42:46.468-07:00&lt;/Timestamp&gt;&lt;/msgns:StreamOutput0_MsgObj&gt;&lt;msgns:StreamOutput0_MsgObj xmlns:msgns=&quot;PriceProcess_iep&quot;&gt;&lt;symbol&gt;DIJ&lt;/symbol&gt;&lt;AvgPrice&gt;5.485714285714286&lt;/AvgPrice&gt;&lt;currenttime&gt;2008-10-09T15:42:48.853-07:00&lt;/currenttime&gt;&lt;Timestamp&gt;2008-10-09T15:42:46.468-07:00&lt;/Timestamp&gt;&lt;/msgns:StreamOutput0_MsgObj&gt;&lt;msgns:StreamOutput0_MsgObj xmlns:msgns=&quot;PriceProcess_iep&quot;&gt;&lt;symbol&gt;JAVA&lt;/symbol&gt;&lt;AvgPrice&gt;9.651111111111112&lt;/AvgPrice&gt;&lt;currenttime&gt;2008-10-09T15:42:48.853-07:00&lt;/currenttime&gt;&lt;Timestamp&gt;2008-10-09T15:42:46.468-07:00&lt;/Timestamp&gt;&lt;/msgns:StreamOutput0_MsgObj&gt;&lt;msgns:StreamOutput0_MsgObj xmlns:msgns=&quot;PriceProcess_iep&quot;&gt;&lt;symbol&gt;PHI&lt;/symbol&gt;&lt;AvgPrice&gt;8.31333333333333&lt;/AvgPrice&gt;&lt;currenttime&gt;2008-10-09T15:42:48.853-07:00&lt;/currenttime&gt;&lt;Timestamp&gt;2008-10-09T15:42:46.487-07:00&lt;/Timestamp&gt;&lt;/msgns:StreamOutput0_MsgObj&gt;&lt;msgns:StreamOutput0_MsgObj xmlns:msgns=&quot;PriceProcess_iep&quot;&gt;&lt;symbol&gt;DIJ&lt;/symbol&gt;&lt;AvgPrice&gt;5.485714285714286&lt;/AvgPrice&gt;&lt;currenttime&gt;2008-10-09T15:42:48.853-07:00&lt;/currenttime&gt;&lt;Timestamp&gt;2008-10-09T15:42:46.487-07:00&lt;/Timestamp&gt;&lt;/msgns:StreamOutput0_MsgObj&gt;&lt;msgns:StreamOutput0_MsgObj xmlns:msgns=&quot;PriceProcess_iep&quot;&gt;&lt;symbol&gt;JAVA&lt;/symbol&gt;&lt;AvgPrice&gt;9.651111111111112&lt;/AvgPrice&gt;&lt;currenttime&gt;2008-10-09T15:42:48.853-07:00&lt;/currenttime&gt;&lt;Timestamp&gt;2008-10-09T15:42:46.487-07:00&lt;/Timestamp&gt;&lt;/msgns:StreamOutput0_MsgObj&gt;&lt;msgns:StreamOutput0_MsgObj xmlns:msgns=&quot;PriceProcess_iep&quot;&gt;&lt;symbol&gt;MUR&lt;/symbol&gt;&lt;AvgPrice&gt;5.397777777777779&lt;/AvgPrice&gt;&lt;currenttime&gt;2008-10-09T15:42:48.853-07:00&lt;/currenttime&gt;&lt;Timestamp&gt;2008-10-09T15:42:46.487-07:00&lt;/Timestamp&gt;&lt;/msgns:StreamOutput0_MsgObj&gt;&lt;msgns:StreamOutput0_MsgObj xmlns:msgns=&quot;PriceProcess_iep&quot;&gt;&lt;symbol&gt;DIJ&lt;/symbol&gt;&lt;AvgPrice&gt;5.485714285714286&lt;/AvgPrice&gt;&lt;currenttime&gt;2008-10-09T15:42:48.853-07:00&lt;/currenttime&gt;&lt;Timestamp&gt;2008-10-09T15:42:46.499-07:00&lt;/Timestamp&gt;&lt;/msgns:StreamOutput0_MsgObj&gt;&lt;msgns:StreamOutput0_MsgObj xmlns:msgns=&quot;PriceProcess_iep&quot;&gt;&lt;symbol&gt;JAVA&lt;/symbol&gt;&lt;AvgPrice&gt;9.651111111111112&lt;/AvgPrice&gt;&lt;currenttime&gt;2008-10-09T15:42:48.853-07:00&lt;/currenttime&gt;&lt;Timestamp&gt;2008-10-09T15:42:46.499-07:00&lt;/Timestamp&gt;&lt;/msgns:StreamOutput0_MsgObj&gt;&lt;msgns:StreamOutput0_MsgObj xmlns:msgns=&quot;PriceProcess_iep&quot;&gt;&lt;symbol&gt;MUR&lt;/symbol&gt;&lt;AvgPrice&gt;5.397777777777779&lt;/AvgPrice&gt;&lt;currenttime&gt;2008-10-09T15:42:48.853-07:00&lt;/currenttime&gt;&lt;Timestamp&gt;2008-10-09T15:42:46.499-07:00&lt;/Timestamp&gt;&lt;/msgns:StreamOutput0_MsgObj&gt;&lt;msgns:StreamOutput0_MsgObj xmlns:msgns=&quot;PriceProcess_iep&quot;&gt;&lt;symbol&gt;PHI&lt;/symbol&gt;&lt;AvgPrice&gt;8.570909090909089&lt;/AvgPrice&gt;&lt;currenttime&gt;2008-10-09T15:42:48.853-07:00&lt;/currenttime&gt;&lt;Timestamp&gt;2008-10-09T15:42:46.499-07:00&lt;/Timestamp&gt;&lt;/msgns:StreamOutput0_MsgObj&gt;&lt;msgns:StreamOutput0_MsgObj xmlns:msgns=&quot;PriceProcess_iep&quot;&gt;&lt;symbol&gt;DIJ&lt;/symbol&gt;&lt;AvgPrice&gt;5.485714285714286&lt;/AvgPrice&gt;&lt;currenttime&gt;2008-10-09T15:42:48.853-07:00&lt;/currenttime&gt;&lt;Timestamp&gt;2008-10-09T15:42:46.515-07:00&lt;/Timestamp&gt;&lt;/msgns:StreamOutput0_MsgObj&gt;&lt;msgns:StreamOutput0_MsgObj xmlns:msgns=&quot;PriceProcess_iep&quot;&gt;&lt;symbol&gt;MUR&lt;/symbol&gt;&lt;AvgPrice&gt;5.397777777777779&lt;/AvgPrice&gt;&lt;currenttime&gt;2008-10-09T15:42:48.853-07:00&lt;/currenttime&gt;&lt;Timestamp&gt;2008-10-09T15:42:46.515-07:00&lt;/Timestamp&gt;&lt;/msgns:StreamOutput0_MsgObj&gt;&lt;msgns:StreamOutput0_MsgObj xmlns:msgns=&quot;PriceProcess_iep&quot;&gt;&lt;symbol&gt;PHI&lt;/symbol&gt;&lt;AvgPrice&gt;8.570909090909089&lt;/AvgPrice&gt;&lt;currenttime&gt;2008-10-09T15:42:48.853-07:00&lt;/currenttime&gt;&lt;Timestamp&gt;2008-10-09T15:42:46.515-07:00&lt;/Timestamp&gt;&lt;/msgns:StreamOutput0_MsgObj&gt;&lt;msgns:StreamOutput0_MsgObj xmlns:msgns=&quot;PriceProcess_iep&quot;&gt;&lt;symbol&gt;JAVA&lt;/symbol&gt;&lt;AvgPrice&gt;9.184999999999999&lt;/AvgPrice&gt;&lt;currenttime&gt;2008-10-09T15:42:48.853-07:00&lt;/currenttime&gt;&lt;Timestamp&gt;2008-10-09T15:42:46.515-07:00&lt;/Timestamp&gt;&lt;/msgns:StreamOutput0_MsgObj&gt;&lt;msgns:StreamOutput0_MsgObj xmlns:msgns=&quot;PriceProcess_iep&quot;&gt;&lt;symbol&gt;DIJ&lt;/symbol&gt;&lt;AvgPrice&gt;5.485714285714286&lt;/AvgPrice&gt;&lt;currenttime&gt;2008-10-09T15:42:48.853-07:00&lt;/currenttime&gt;&lt;Timestamp&gt;2008-10-09T15:42:46.530-07:00&lt;/Timestamp&gt;&lt;/msgns:StreamOutput0_MsgObj&gt;&lt;msgns:StreamOutput0_MsgObj xmlns:msgns=&quot;PriceProcess_iep&quot;&gt;&lt;symbol&gt;MUR&lt;/symbol&gt;&lt;AvgPrice&gt;5.397777777777779&lt;/AvgPrice&gt;&lt;currenttime&gt;2008-10-09T15:42:48.853-07:00&lt;/currenttime&gt;&lt;Timestamp&gt;2008-10-09T15:42:46.530-07:00&lt;/Timestamp&gt;&lt;/msgns:StreamOutput0_MsgObj&gt;&lt;msgns:StreamOutput0_MsgObj xmlns:msgns=&quot;PriceProcess_iep&quot;&gt;&lt;symbol&gt;JAVA&lt;/symbol&gt;&lt;AvgPrice&gt;9.184999999999999&lt;/AvgPrice&gt;&lt;currenttime&gt;2008-10-09T15:42:48.853-07:00&lt;/currenttime&gt;&lt;Timestamp&gt;2008-10-09T15:42:46.530-07:00&lt;/Timestamp&gt;&lt;/msgns:StreamOutput0_MsgObj&gt;&lt;msgns:StreamOutput0_MsgObj xmlns:msgns=&quot;PriceProcess_iep&quot;&gt;&lt;symbol&gt;PHI&lt;/symbol&gt;&lt;AvgPrice&gt;8.893043478260866&lt;/AvgPrice&gt;&lt;currenttime&gt;2008-10-09T15:42:48.853-07:00&lt;/currenttime&gt;&lt;Timestamp&gt;2008-10-09T15:42:46.530-07:00&lt;/Timestamp&gt;&lt;/msgns:StreamOutput0_MsgObj&gt;&lt;msgns:StreamOutput0_MsgObj xmlns:msgns=&quot;PriceProcess_iep&quot;&gt;&lt;symbol&gt;DIJ&lt;/symbol&gt;&lt;AvgPrice&gt;5.485714285714286&lt;/AvgPrice&gt;&lt;currenttime&gt;2008-10-09T15:42:48.853-07:00&lt;/currenttime&gt;&lt;Timestamp&gt;2008-10-09T15:42:46.546-07:00&lt;/Timestamp&gt;&lt;/msgns:StreamOutput0_MsgObj&gt;&lt;msgns:StreamOutput0_MsgObj xmlns:msgns=&quot;PriceProcess_iep&quot;&gt;&lt;symbol&gt;JAVA&lt;/symbol&gt;&lt;AvgPrice&gt;9.184999999999999&lt;/AvgPrice&gt;&lt;currenttime&gt;2008-10-09T15:42:48.853-07:00&lt;/currenttime&gt;&lt;Timestamp&gt;2008-10-09T15:42:46.546-07:00&lt;/Timestamp&gt;&lt;/msgns:StreamOutput0_MsgObj&gt;&lt;msgns:StreamOutput0_MsgObj xmlns:msgns=&quot;PriceProcess_iep&quot;&gt;&lt;symbol&gt;PHI&lt;/symbol&gt;&lt;AvgPrice&gt;8.893043478260866&lt;/AvgPrice&gt;&lt;currenttime&gt;2008-10-09T15:42:48.853-07:00&lt;/currenttime&gt;&lt;Timestamp&gt;2008-10-09T15:42:46.546-07:00&lt;/Timestamp&gt;&lt;/msgns:StreamOutput0_MsgObj&gt;&lt;msgns:StreamOutput0_MsgObj xmlns:msgns=&quot;PriceProcess_iep&quot;&gt;&lt;symbol&gt;MUR&lt;/symbol&gt;&lt;AvgPrice&gt;5.371052631578948&lt;/AvgPrice&gt;&lt;currenttime&gt;2008-10-09T15:42:48.853-07:00&lt;/currenttime&gt;&lt;Timestamp&gt;2008-10-09T15:42:46.546-07:00&lt;/Timestamp&gt;&lt;/msgns:StreamOutput0_MsgObj&gt;&lt;msgns:StreamOutput0_MsgObj xmlns:msgns=&quot;PriceProcess_iep&quot;&gt;&lt;symbol&gt;DIJ&lt;/symbol&gt;&lt;AvgPrice&gt;5.485714285714286&lt;/AvgPrice&gt;&lt;currenttime&gt;2008-10-09T15:42:48.853-07:00&lt;/currenttime&gt;&lt;Timestamp&gt;2008-10-09T15:42:46.561-07:00&lt;/Timestamp&gt;&lt;/msgns:StreamOutput0_MsgObj&gt;&lt;msgns:StreamOutput0_MsgObj xmlns:msgns=&quot;PriceProcess_iep&quot;&gt;&lt;symbol&gt;JAVA&lt;/symbol&gt;&lt;AvgPrice&gt;9.184999999999999&lt;/AvgPrice&gt;&lt;currenttime&gt;2008-10-09T15:42:48.853-07:00&lt;/currenttime&gt;&lt;Timestamp&gt;2008-10-09T15:42:46.561-07:00&lt;/Timestamp&gt;&lt;/msgns:StreamOutput0_MsgObj&gt;&lt;msgns:StreamOutput0_MsgObj xmlns:msgns=&quot;PriceProcess_iep&quot;&gt;&lt;symbol&gt;MUR&lt;/symbol&gt;&lt;AvgPrice&gt;5.371052631578948&lt;/AvgPrice&gt;&lt;currenttime&gt;2008-10-09T15:42:48.853-07:00&lt;/currenttime&gt;&lt;Timestamp&gt;2008-10-09T15:42:46.561-07:00&lt;/Timestamp&gt;&lt;/msgns:StreamOutput0_MsgObj&gt;&lt;msgns:StreamOutput0_MsgObj xmlns:msgns=&quot;PriceProcess_iep&quot;&gt;&lt;symbol&gt;PHI&lt;/symbol&gt;&lt;AvgPrice&gt;8.93833333333333&lt;/AvgPrice&gt;&lt;currenttime&gt;2008-10-09T15:42:48.853-07:00&lt;/currenttime&gt;&lt;Timestamp&gt;2008-10-09T15:42:46.561-07:00&lt;/Timestamp&gt;&lt;/msgns:StreamOutput0_MsgObj&gt;&lt;msgns:StreamOutput0_MsgObj xmlns:msgns=&quot;PriceProcess_iep&quot;&gt;&lt;symbol&gt;JAVA&lt;/symbol&gt;&lt;AvgPrice&gt;9.184999999999999&lt;/AvgPrice&gt;&lt;currenttime&gt;2008-10-09T15:42:59.087-07:00&lt;/currenttime&gt;&lt;Timestamp&gt;2008-10-09T15:42:56.577-07:00&lt;/Timestamp&gt;&lt;/msgns:StreamOutput0_MsgObj&gt;&lt;msgns:StreamOutput0_MsgObj xmlns:msgns=&quot;PriceProcess_iep&quot;&gt;&lt;symbol&gt;MUR&lt;/symbol&gt;&lt;AvgPrice&gt;5.371052631578948&lt;/AvgPrice&gt;&lt;currenttime&gt;2008-10-09T15:42:59.087-07:00&lt;/currenttime&gt;&lt;Timestamp&gt;2008-10-09T15:42:56.577-07:00&lt;/Timestamp&gt;&lt;/msgns:StreamOutput0_MsgObj&gt;&lt;msgns:StreamOutput0_MsgObj xmlns:msgns=&quot;PriceProcess_iep&quot;&gt;&lt;symbol&gt;PHI&lt;/symbol&gt;&lt;AvgPrice&gt;8.93833333333333&lt;/AvgPrice&gt;&lt;currenttime&gt;2008-10-09T15:42:59.087-07:00&lt;/currenttime&gt;&lt;Timestamp&gt;2008-10-09T15:42:56.577-07:00&lt;/Timestamp&gt;&lt;/msgns:StreamOutput0_MsgObj&gt;&lt;msgns:StreamOutput0_MsgObj xmlns:msgns=&quot;PriceProcess_iep&quot;&gt;&lt;symbol&gt;DIJ&lt;/symbol&gt;&lt;AvgPrice&gt;5.41375&lt;/AvgPrice&gt;&lt;currenttime&gt;2008-10-09T15:42:59.087-07:00&lt;/currenttime&gt;&lt;Timestamp&gt;2008-10-09T15:42:56.577-07:00&lt;/Timestamp&gt;&lt;/msgns:StreamOutput0_MsgObj&gt;&lt;msgns:StreamOutput0_MsgObj xmlns:msgns=&quot;PriceProcess_iep&quot;&gt;&lt;symbol&gt;JAVA&lt;/symbol&gt;&lt;AvgPrice&gt;9.184999999999999&lt;/AvgPrice&gt;&lt;currenttime&gt;2008-10-09T15:42:59.087-07:00&lt;/currenttime&gt;&lt;Timestamp&gt;2008-10-09T15:42:56.592-07:00&lt;/Timestamp&gt;&lt;/msgns:StreamOutput0_MsgObj&gt;&lt;msgns:StreamOutput0_MsgObj xmlns:msgns=&quot;PriceProcess_iep&quot;&gt;&lt;symbol&gt;MUR&lt;/symbol&gt;&lt;AvgPrice&gt;5.371052631578948&lt;/AvgPrice&gt;&lt;currenttime&gt;2008-10-09T15:42:59.087-07:00&lt;/currenttime&gt;&lt;Timestamp&gt;2008-10-09T15:42:56.592-07:00&lt;/Timestamp&gt;&lt;/msgns:StreamOutput0_MsgObj&gt;&lt;msgns:StreamOutput0_MsgObj xmlns:msgns=&quot;PriceProcess_iep&quot;&gt;&lt;symbol&gt;DIJ&lt;/symbol&gt;&lt;AvgPrice&gt;5.41375&lt;/AvgPrice&gt;&lt;currenttime&gt;2008-10-09T15:42:59.087-07:00&lt;/currenttime&gt;&lt;Timestamp&gt;2008-10-09T15:42:56.592-07:00&lt;/Timestamp&gt;&lt;/msgns:StreamOutput0_MsgObj&gt;&lt;msgns:StreamOutput0_MsgObj xmlns:msgns=&quot;PriceProcess_iep&quot;&gt;&lt;symbol&gt;PHI&lt;/symbol&gt;&lt;AvgPrice&gt;8.899999999999997&lt;/AvgPrice&gt;&lt;currenttime&gt;2008-10-09T15:42:59.087-07:00&lt;/currenttime&gt;&lt;Timestamp&gt;2008-10-09T15:42:56.592-07:00&lt;/Timestamp&gt;&lt;/msgns:StreamOutput0_MsgObj&gt;&lt;msgns:StreamOutput0_MsgObj xmlns:msgns=&quot;PriceProcess_iep&quot;&gt;&lt;symbol&gt;JAVA&lt;/symbol&gt;&lt;AvgPrice&gt;9.184999999999999&lt;/AvgPrice&gt;&lt;currenttime&gt;2008-10-09T15:42:59.087-07:00&lt;/currenttime&gt;&lt;Timestamp&gt;2008-10-09T15:42:56.608-07:00&lt;/Timestamp&gt;&lt;/msgns:StreamOutput0_MsgObj&gt;&lt;msgns:StreamOutput0_MsgObj xmlns:msgns=&quot;PriceProcess_iep&quot;&gt;&lt;symbol&gt;DIJ&lt;/symbol&gt;&lt;AvgPrice&gt;5.41375&lt;/AvgPrice&gt;&lt;currenttime&gt;2008-10-09T15:42:59.087-07:00&lt;/currenttime&gt;&lt;Timestamp&gt;2008-10-09T15:42:56.608-07:00&lt;/Timestamp&gt;&lt;/msgns:StreamOutput0_MsgObj&gt;&lt;msgns:StreamOutput0_MsgObj xmlns:msgns=&quot;PriceProcess_iep&quot;&gt;&lt;symbol&gt;PHI&lt;/symbol&gt;&lt;AvgPrice&gt;8.899999999999997&lt;/AvgPrice&gt;&lt;currenttime&gt;2008-10-09T15:42:59.087-07:00&lt;/currenttime&gt;&lt;Timestamp&gt;2008-10-09T15:42:56.608-07:00&lt;/Timestamp&gt;&lt;/msgns:StreamOutput0_MsgObj&gt;&lt;msgns:StreamOutput0_MsgObj xmlns:msgns=&quot;PriceProcess_iep&quot;&gt;&lt;symbol&gt;MUR&lt;/symbol&gt;&lt;AvgPrice&gt;5.364000000000001&lt;/AvgPrice&gt;&lt;currenttime&gt;2008-10-09T15:42:59.087-07:00&lt;/currenttime&gt;&lt;Timestamp&gt;2008-10-09T15:42:56.608-07:00&lt;/Timestamp&gt;&lt;/msgns:StreamOutput0_MsgObj&gt;&lt;msgns:StreamOutput0_MsgObj xmlns:msgns=&quot;PriceProcess_iep&quot;&gt;&lt;symbol&gt;JAVA&lt;/symbol&gt;&lt;AvgPrice&gt;9.184999999999999&lt;/AvgPrice&gt;&lt;currenttime&gt;2008-10-09T15:42:59.087-07:00&lt;/currenttime&gt;&lt;Timestamp&gt;2008-10-09T15:42:56.625-07:00&lt;/Timestamp&gt;&lt;/msgns:StreamOutput0_MsgObj&gt;&lt;msgns:StreamOutput0_MsgObj xmlns:msgns=&quot;PriceProcess_iep&quot;&gt;&lt;symbol&gt;DIJ&lt;/symbol&gt;&lt;AvgPrice&gt;5.41375&lt;/AvgPrice&gt;&lt;currenttime&gt;2008-10-09T15:42:59.087-07:00&lt;/currenttime&gt;&lt;Timestamp&gt;2008-10-09T15:42:56.625-07:00&lt;/Timestamp&gt;&lt;/msgns:StreamOutput0_MsgObj&gt;&lt;msgns:StreamOutput0_MsgObj xmlns:msgns=&quot;PriceProcess_iep&quot;&gt;&lt;symbol&gt;MUR&lt;/symbol&gt;&lt;AvgPrice&gt;5.364000000000001&lt;/AvgPrice&gt;&lt;currenttime&gt;2008-10-09T15:42:59.087-07:00&lt;/currenttime&gt;&lt;Timestamp&gt;2008-10-09T15:42:56.625-07:00&lt;/Timestamp&gt;&lt;/msgns:StreamOutput0_MsgObj&gt;&lt;msgns:StreamOutput0_MsgObj xmlns:msgns=&quot;PriceProcess_iep&quot;&gt;&lt;symbol&gt;PHI&lt;/symbol&gt;&lt;AvgPrice&gt;8.710769230769227&lt;/AvgPrice&gt;&lt;currenttime&gt;2008-10-09T15:42:59.087-07:00&lt;/currenttime&gt;&lt;Timestamp&gt;2008-10-09T15:42:56.625-07:00&lt;/Timestamp&gt;&lt;/msgns:StreamOutput0_MsgObj&gt;&lt;msgns:StreamOutput0_MsgObj xmlns:msgns=&quot;PriceProcess_iep&quot;&gt;&lt;symbol&gt;JAVA&lt;/symbol&gt;&lt;AvgPrice&gt;9.184999999999999&lt;/AvgPrice&gt;&lt;currenttime&gt;2008-10-09T15:42:59.087-07:00&lt;/currenttime&gt;&lt;Timestamp&gt;2008-10-09T15:42:56.639-07:00&lt;/Timestamp&gt;&lt;/msgns:StreamOutput0_MsgObj&gt;&lt;msgns:StreamOutput0_MsgObj xmlns:msgns=&quot;PriceProcess_iep&quot;&gt;&lt;symbol&gt;DIJ&lt;/symbol&gt;&lt;AvgPrice&gt;5.41375&lt;/AvgPrice&gt;&lt;currenttime&gt;2008-10-09T15:42:59.087-07:00&lt;/currenttime&gt;&lt;Timestamp&gt;2008-10-09T15:42:56.639-07:00&lt;/Timestamp&gt;&lt;/msgns:StreamOutput0_MsgObj&gt;&lt;msgns:StreamOutput0_MsgObj xmlns:msgns=&quot;PriceProcess_iep&quot;&gt;&lt;symbol&gt;PHI&lt;/symbol&gt;&lt;AvgPrice&gt;8.710769230769227&lt;/AvgPrice&gt;&lt;currenttime&gt;2008-10-09T15:42:59.087-07:00&lt;/currenttime&gt;&lt;Timestamp&gt;2008-10-09T15:42:56.639-07:00&lt;/Timestamp&gt;&lt;/msgns:StreamOutput0_MsgObj&gt;&lt;msgns:StreamOutput0_MsgObj xmlns:msgns=&quot;PriceProcess_iep&quot;&gt;&lt;symbol&gt;MUR&lt;/symbol&gt;&lt;AvgPrice&gt;5.34857142857143&lt;/AvgPrice&gt;&lt;currenttime&gt;2008-10-09T15:42:59.087-07:00&lt;/currenttime&gt;&lt;Timestamp&gt;2008-10-09T15:42:56.639-07:00&lt;/Timestamp&gt;&lt;/msgns:StreamOutput0_MsgObj&gt;&lt;msgns:StreamOutput0_MsgObj xmlns:msgns=&quot;PriceProcess_iep&quot;&gt;&lt;symbol&gt;DIJ&lt;/symbol&gt;&lt;AvgPrice&gt;5.41375&lt;/AvgPrice&gt;&lt;currenttime&gt;2008-10-09T15:42:59.087-07:00&lt;/currenttime&gt;&lt;Timestamp&gt;2008-10-09T15:42:56.655-07:00&lt;/Timestamp&gt;&lt;/msgns:StreamOutput0_MsgObj&gt;&lt;msgns:StreamOutput0_MsgObj xmlns:msgns=&quot;PriceProcess_iep&quot;&gt;&lt;symbol&gt;PHI&lt;/symbol&gt;&lt;AvgPrice&gt;8.710769230769227&lt;/AvgPrice&gt;&lt;currenttime&gt;2008-10-09T15:42:59.087-07:00&lt;/currenttime&gt;&lt;Timestamp&gt;2008-10-09T15:42:56.655-07:00&lt;/Timestamp&gt;&lt;/msgns:StreamOutput0_MsgObj&gt;&lt;msgns:StreamOutput0_MsgObj xmlns:msgns=&quot;PriceProcess_iep&quot;&gt;&lt;symbol&gt;MUR&lt;/symbol&gt;&lt;AvgPrice&gt;5.34857142857143&lt;/AvgPrice&gt;&lt;currenttime&gt;2008-10-09T15:42:59.087-07:00&lt;/currenttime&gt;&lt;Timestamp&gt;2008-10-09T15:42:56.655-07:00&lt;/Timestamp&gt;&lt;/msgns:StreamOutput0_MsgObj&gt;&lt;msgns:StreamOutput0_MsgObj xmlns:msgns=&quot;PriceProcess_iep&quot;&gt;&lt;symbol&gt;JAVA&lt;/symbol&gt;&lt;AvgPrice&gt;9.802727272727273&lt;/AvgPrice&gt;&lt;currenttime&gt;2008-10-09T15:42:59.087-07:00&lt;/currenttime&gt;&lt;Timestamp&gt;2008-10-09T15:42:56.655-07:00&lt;/Timestamp&gt;&lt;/msgns:StreamOutput0_MsgObj&gt;&lt;msgns:StreamOutput0_MsgObj xmlns:msgns=&quot;PriceProcess_iep&quot;&gt;&lt;symbol&gt;DIJ&lt;/symbol&gt;&lt;AvgPrice&gt;5.41375&lt;/AvgPrice&gt;&lt;currenttime&gt;2008-10-09T15:42:59.087-07:00&lt;/currenttime&gt;&lt;Timestamp&gt;2008-10-09T15:42:56.670-07:00&lt;/Timestamp&gt;&lt;/msgns:StreamOutput0_MsgObj&gt;&lt;msgns:StreamOutput0_MsgObj xmlns:msgns=&quot;PriceProcess_iep&quot;&gt;&lt;symbol&gt;PHI&lt;/symbol&gt;&lt;AvgPrice&gt;8.710769230769227&lt;/AvgPrice&gt;&lt;currenttime&gt;2008-10-09T15:42:59.087-07:00&lt;/currenttime&gt;&lt;Timestamp&gt;2008-10-09T15:42:56.670-07:00&lt;/Timestamp&gt;&lt;/msgns:StreamOutput0_MsgObj&gt;&lt;msgns:StreamOutput0_MsgObj xmlns:msgns=&quot;PriceProcess_iep&quot;&gt;&lt;symbol&gt;JAVA&lt;/symbol&gt;&lt;AvgPrice&gt;9.802727272727273&lt;/AvgPrice&gt;&lt;currenttime&gt;2008-10-09T15:42:59.087-07:00&lt;/currenttime&gt;&lt;Timestamp&gt;2008-10-09T15:42:56.670-07:00&lt;/Timestamp&gt;&lt;/msgns:StreamOutput0_MsgObj&gt;&lt;msgns:StreamOutput0_MsgObj xmlns:msgns=&quot;PriceProcess_iep&quot;&gt;&lt;symbol&gt;MUR&lt;/symbol&gt;&lt;AvgPrice&gt;5.341363636363638&lt;/AvgPrice&gt;&lt;currenttime&gt;2008-10-09T15:42:59.087-07:00&lt;/currenttime&gt;&lt;Timestamp&gt;2008-10-09T15:42:56.670-07:00&lt;/Timestamp&gt;&lt;/msgns:StreamOutput0_MsgObj&gt;&lt;msgns:StreamOutput0_MsgObj xmlns:msgns=&quot;PriceProcess_iep&quot;&gt;&lt;symbol&gt;DIJ&lt;/symbol&gt;&lt;AvgPrice&gt;5.41375&lt;/AvgPrice&gt;&lt;currenttime&gt;2008-10-09T15:42:59.087-07:00&lt;/currenttime&gt;&lt;Timestamp&gt;2008-10-09T15:42:56.686-07:00&lt;/Timestamp&gt;&lt;/msgns:StreamOutput0_MsgObj&gt;&lt;msgns:StreamOutput0_MsgObj xmlns:msgns=&quot;PriceProcess_iep&quot;&gt;&lt;symbol&gt;JAVA&lt;/symbol&gt;&lt;AvgPrice&gt;9.802727272727273&lt;/AvgPrice&gt;&lt;currenttime&gt;2008-10-09T15:42:59.087-07:00&lt;/currenttime&gt;&lt;Timestamp&gt;2008-10-09T15:42:56.686-07:00&lt;/Timestamp&gt;&lt;/msgns:StreamOutput0_MsgObj&gt;&lt;msgns:StreamOutput0_MsgObj xmlns:msgns=&quot;PriceProcess_iep&quot;&gt;&lt;symbol&gt;MUR&lt;/symbol&gt;&lt;AvgPrice&gt;5.341363636363638&lt;/AvgPrice&gt;&lt;currenttime&gt;2008-10-09T15:42:59.087-07:00&lt;/currenttime&gt;&lt;Timestamp&gt;2008-10-09T15:42:56.686-07:00&lt;/Timestamp&gt;&lt;/msgns:StreamOutput0_MsgObj&gt;&lt;msgns:StreamOutput0_MsgObj xmlns:msgns=&quot;PriceProcess_iep&quot;&gt;&lt;symbol&gt;PHI&lt;/symbol&gt;&lt;AvgPrice&gt;8.535555555555552&lt;/AvgPrice&gt;&lt;currenttime&gt;2008-10-09T15:42:59.087-07:00&lt;/currenttime&gt;&lt;Timestamp&gt;2008-10-09T15:42:56.686-07:00&lt;/Timestamp&gt;&lt;/msgns:StreamOutput0_MsgObj&gt;&lt;msgns:StreamOutput0_MsgObj xmlns:msgns=&quot;PriceProcess_iep&quot;&gt;&lt;symbol&gt;DIJ&lt;/symbol&gt;&lt;AvgPrice&gt;5.41375&lt;/AvgPrice&gt;&lt;currenttime&gt;2008-10-09T15:42:59.087-07:00&lt;/currenttime&gt;&lt;Timestamp&gt;2008-10-09T15:42:56.702-07:00&lt;/Timestamp&gt;&lt;/msgns:StreamOutput0_MsgObj&gt;&lt;msgns:StreamOutput0_MsgObj xmlns:msgns=&quot;PriceProcess_iep&quot;&gt;&lt;symbol&gt;JAVA&lt;/symbol&gt;&lt;AvgPrice&gt;9.802727272727273&lt;/AvgPrice&gt;&lt;currenttime&gt;2008-10-09T15:42:59.087-07:00&lt;/currenttime&gt;&lt;Timestamp&gt;2008-10-09T15:42:56.702-07:00&lt;/Timestamp&gt;&lt;/msgns:StreamOutput0_MsgObj&gt;&lt;msgns:StreamOutput0_MsgObj xmlns:msgns=&quot;PriceProcess_iep&quot;&gt;&lt;symbol&gt;PHI&lt;/symbol&gt;&lt;AvgPrice&gt;8.535555555555552&lt;/AvgPrice&gt;&lt;currenttime&gt;2008-10-09T15:42:59.087-07:00&lt;/currenttime&gt;&lt;Timestamp&gt;2008-10-09T15:42:56.702-07:00&lt;/Timestamp&gt;&lt;/msgns:StreamOutput0_MsgObj&gt;&lt;msgns:StreamOutput0_MsgObj xmlns:msgns=&quot;PriceProcess_iep&quot;&gt;&lt;symbol&gt;MUR&lt;/symbol&gt;&lt;AvgPrice&gt;5.360434782608697&lt;/AvgPrice&gt;&lt;currenttime&gt;2008-10-09T15:42:59.087-07:00&lt;/currenttime&gt;&lt;Timestamp&gt;2008-10-09T15:42:56.702-07:00&lt;/Timestamp&gt;&lt;/msgns:StreamOutput0_MsgObj&gt;&lt;msgns:StreamOutput0_MsgObj xmlns:msgns=&quot;PriceProcess_iep&quot;&gt;&lt;symbol&gt;DIJ&lt;/symbol&gt;&lt;AvgPrice&gt;5.41375&lt;/AvgPrice&gt;&lt;currenttime&gt;2008-10-09T15:42:59.087-07:00&lt;/currenttime&gt;&lt;Timestamp&gt;2008-10-09T15:42:56.717-07:00&lt;/Timestamp&gt;&lt;/msgns:StreamOutput0_MsgObj&gt;&lt;msgns:StreamOutput0_MsgObj xmlns:msgns=&quot;PriceProcess_iep&quot;&gt;&lt;symbol&gt;JAVA&lt;/symbol&gt;&lt;AvgPrice&gt;9.802727272727273&lt;/AvgPrice&gt;&lt;currenttime&gt;2008-10-09T15:42:59.087-07:00&lt;/currenttime&gt;&lt;Timestamp&gt;2008-10-09T15:42:56.717-07:00&lt;/Timestamp&gt;&lt;/msgns:StreamOutput0_MsgObj&gt;&lt;msgns:StreamOutput0_MsgObj xmlns:msgns=&quot;PriceProcess_iep&quot;&gt;&lt;symbol&gt;MUR&lt;/symbol&gt;&lt;AvgPrice&gt;5.360434782608697&lt;/AvgPrice&gt;&lt;currenttime&gt;2008-10-09T15:42:59.087-07:00&lt;/currenttime&gt;&lt;Timestamp&gt;2008-10-09T15:42:56.717-07:00&lt;/Timestamp&gt;&lt;/msgns:StreamOutput0_MsgObj&gt;&lt;msgns:StreamOutput0_MsgObj xmlns:msgns=&quot;PriceProcess_iep&quot;&gt;&lt;symbol&gt;PHI&lt;/symbol&gt;&lt;AvgPrice&gt;8.301428571428568&lt;/AvgPrice&gt;&lt;currenttime&gt;2008-10-09T15:42:59.087-07:00&lt;/currenttime&gt;&lt;Timestamp&gt;2008-10-09T15:42:56.717-07:00&lt;/Timestamp&gt;&lt;/msgns:StreamOutput0_MsgObj&gt;&lt;msgns:StreamOutput0_MsgObj xmlns:msgns=&quot;PriceProcess_iep&quot;&gt;&lt;symbol&gt;JAVA&lt;/symbol&gt;&lt;AvgPrice&gt;9.802727272727273&lt;/AvgPrice&gt;&lt;currenttime&gt;2008-10-09T15:43:09.243-07:00&lt;/currenttime&gt;&lt;Timestamp&gt;2008-10-09T15:43:06.733-07:00&lt;/Timestamp&gt;&lt;/msgns:StreamOutput0_MsgObj&gt;&lt;msgns:StreamOutput0_MsgObj xmlns:msgns=&quot;PriceProcess_iep&quot;&gt;&lt;symbol&gt;MUR&lt;/symbol&gt;&lt;AvgPrice&gt;5.360434782608697&lt;/AvgPrice&gt;&lt;currenttime&gt;2008-10-09T15:43:09.243-07:00&lt;/currenttime&gt;&lt;Timestamp&gt;2008-10-09T15:43:06.733-07:00&lt;/Timestamp&gt;&lt;/msgns:StreamOutput0_MsgObj&gt;&lt;msgns:StreamOutput0_MsgObj xmlns:msgns=&quot;PriceProcess_iep&quot;&gt;&lt;symbol&gt;PHI&lt;/symbol&gt;&lt;AvgPrice&gt;8.301428571428568&lt;/AvgPrice&gt;&lt;currenttime&gt;2008-10-09T15:43:09.243-07:00&lt;/currenttime&gt;&lt;Timestamp&gt;2008-10-09T15:43:06.733-07:00&lt;/Timestamp&gt;&lt;/msgns:StreamOutput0_MsgObj&gt;&lt;msgns:StreamOutput0_MsgObj xmlns:msgns=&quot;PriceProcess_iep&quot;&gt;&lt;symbol&gt;DIJ&lt;/symbol&gt;&lt;AvgPrice&gt;5.466666666666667&lt;/AvgPrice&gt;&lt;currenttime&gt;2008-10-09T15:43:09.243-07:00&lt;/currenttime&gt;&lt;Timestamp&gt;2008-10-09T15:43:06.733-07:00&lt;/Timestamp&gt;&lt;/msgns:StreamOutput0_MsgObj&gt;&lt;msgns:StreamOutput0_MsgObj xmlns:msgns=&quot;PriceProcess_iep&quot;&gt;&lt;symbol&gt;JAVA&lt;/symbol&gt;&lt;AvgPrice&gt;9.802727272727273&lt;/AvgPrice&gt;&lt;currenttime&gt;2008-10-09T15:43:09.243-07:00&lt;/currenttime&gt;&lt;Timestamp&gt;2008-10-09T15:43:06.748-07:00&lt;/Timestamp&gt;&lt;/msgns:StreamOutput0_MsgObj&gt;&lt;msgns:StreamOutput0_MsgObj xmlns:msgns=&quot;PriceProcess_iep&quot;&gt;&lt;symbol&gt;MUR&lt;/symbol&gt;&lt;AvgPrice&gt;5.360434782608697&lt;/AvgPrice&gt;&lt;currenttime&gt;2008-10-09T15:43:09.243-07:00&lt;/currenttime&gt;&lt;Timestamp&gt;2008-10-09T15:43:06.748-07:00&lt;/Timestamp&gt;&lt;/msgns:StreamOutput0_MsgObj&gt;&lt;msgns:StreamOutput0_MsgObj xmlns:msgns=&quot;PriceProcess_iep&quot;&gt;&lt;symbol&gt;DIJ&lt;/symbol&gt;&lt;AvgPrice&gt;5.466666666666667&lt;/AvgPrice&gt;&lt;currenttime&gt;2008-10-09T15:43:09.243-07:00&lt;/currenttime&gt;&lt;Timestamp&gt;2008-10-09T15:43:06.748-07:00&lt;/Timestamp&gt;&lt;/msgns:StreamOutput0_MsgObj&gt;&lt;msgns:StreamOutput0_MsgObj xmlns:msgns=&quot;PriceProcess_iep&quot;&gt;&lt;symbol&gt;PHI&lt;/symbol&gt;&lt;AvgPrice&gt;8.117931034482755&lt;/AvgPrice&gt;&lt;currenttime&gt;2008-10-09T15:43:09.243-07:00&lt;/currenttime&gt;&lt;Timestamp&gt;2008-10-09T15:43:06.748-07:00&lt;/Timestamp&gt;&lt;/msgns:StreamOutput0_MsgObj&gt;&lt;msgns:StreamOutput0_MsgObj xmlns:msgns=&quot;PriceProcess_iep&quot;&gt;&lt;symbol&gt;JAVA&lt;/symbol&gt;&lt;AvgPrice&gt;9.802727272727273&lt;/AvgPrice&gt;&lt;currenttime&gt;2008-10-09T15:43:09.243-07:00&lt;/currenttime&gt;&lt;Timestamp&gt;2008-10-09T15:43:06.764-07:00&lt;/Timestamp&gt;&lt;/msgns:StreamOutput0_MsgObj&gt;&lt;msgns:StreamOutput0_MsgObj xmlns:msgns=&quot;PriceProcess_iep&quot;&gt;&lt;symbol&gt;DIJ&lt;/symbol&gt;&lt;AvgPrice&gt;5.466666666666667&lt;/AvgPrice&gt;&lt;currenttime&gt;2008-10-09T15:43:09.243-07:00&lt;/currenttime&gt;&lt;Timestamp&gt;2008-10-09T15:43:06.764-07:00&lt;/Timestamp&gt;&lt;/msgns:StreamOutput0_MsgObj&gt;&lt;msgns:StreamOutput0_MsgObj xmlns:msgns=&quot;PriceProcess_iep&quot;&gt;&lt;symbol&gt;PHI&lt;/symbol&gt;&lt;AvgPrice&gt;8.117931034482755&lt;/AvgPrice&gt;&lt;currenttime&gt;2008-10-09T15:43:09.243-07:00&lt;/currenttime&gt;&lt;Timestamp&gt;2008-10-09T15:43:06.764-07:00&lt;/Timestamp&gt;&lt;/msgns:StreamOutput0_MsgObj&gt;&lt;msgns:StreamOutput0_MsgObj xmlns:msgns=&quot;PriceProcess_iep&quot;&gt;&lt;symbol&gt;MUR&lt;/symbol&gt;&lt;AvgPrice&gt;5.3875&lt;/AvgPrice&gt;&lt;currenttime&gt;2008-10-09T15:43:09.243-07:00&lt;/currenttime&gt;&lt;Timestamp&gt;2008-10-09T15:43:06.764-07:00&lt;/Timestamp&gt;&lt;/msgns:StreamOutput0_MsgObj&gt;&lt;msgns:StreamOutput0_MsgObj xmlns:msgns=&quot;PriceProcess_iep&quot;&gt;&lt;symbol&gt;JAVA&lt;/symbol&gt;&lt;AvgPrice&gt;9.802727272727273&lt;/AvgPrice&gt;&lt;currenttime&gt;2008-10-09T15:43:09.243-07:00&lt;/currenttime&gt;&lt;Timestamp&gt;2008-10-09T15:43:06.780-07:00&lt;/Timestamp&gt;&lt;/msgns:StreamOutput0_MsgObj&gt;&lt;msgns:StreamOutput0_MsgObj xmlns:msgns=&quot;PriceProcess_iep&quot;&gt;&lt;symbol&gt;DIJ&lt;/symbol&gt;&lt;AvgPrice&gt;5.466666666666667&lt;/AvgPrice&gt;&lt;currenttime&gt;2008-10-09T15:43:09.243-07:00&lt;/currenttime&gt;&lt;Timestamp&gt;2008-10-09T15:43:06.780-07:00&lt;/Timestamp&gt;&lt;/msgns:StreamOutput0_MsgObj&gt;&lt;msgns:StreamOutput0_MsgObj xmlns:msgns=&quot;PriceProcess_iep&quot;&gt;&lt;symbol&gt;MUR&lt;/symbol&gt;&lt;AvgPrice&gt;5.3875&lt;/AvgPrice&gt;&lt;currenttime&gt;2008-10-09T15:43:09.243-07:00&lt;/currenttime&gt;&lt;Timestamp&gt;2008-10-09T15:43:06.780-07:00&lt;/Timestamp&gt;&lt;/msgns:StreamOutput0_MsgObj&gt;&lt;msgns:StreamOutput0_MsgObj xmlns:msgns=&quot;PriceProcess_iep&quot;&gt;&lt;symbol&gt;PHI&lt;/symbol&gt;&lt;AvgPrice&gt;8.079999999999995&lt;/AvgPrice&gt;&lt;currenttime&gt;2008-10-09T15:43:09.243-07:00&lt;/currenttime&gt;&lt;Timestamp&gt;2008-10-09T15:43:06.780-07:00&lt;/Timestamp&gt;&lt;/msgns:StreamOutput0_MsgObj&gt;&lt;msgns:StreamOutput0_MsgObj xmlns:msgns=&quot;PriceProcess_iep&quot;&gt;&lt;symbol&gt;DIJ&lt;/symbol&gt;&lt;AvgPrice&gt;5.466666666666667&lt;/AvgPrice&gt;&lt;currenttime&gt;2008-10-09T15:43:09.243-07:00&lt;/currenttime&gt;&lt;Timestamp&gt;2008-10-09T15:43:06.795-07:00&lt;/Timestamp&gt;&lt;/msgns:StreamOutput0_MsgObj&gt;&lt;msgns:StreamOutput0_MsgObj xmlns:msgns=&quot;PriceProcess_iep&quot;&gt;&lt;symbol&gt;MUR&lt;/symbol&gt;&lt;AvgPrice&gt;5.3875&lt;/AvgPrice&gt;&lt;currenttime&gt;2008-10-09T15:43:09.243-07:00&lt;/currenttime&gt;&lt;Timestamp&gt;2008-10-09T15:43:06.795-07:00&lt;/Timestamp&gt;&lt;/msgns:StreamOutput0_MsgObj&gt;&lt;msgns:StreamOutput0_MsgObj xmlns:msgns=&quot;PriceProcess_iep&quot;&gt;&lt;symbol&gt;PHI&lt;/symbol&gt;&lt;AvgPrice&gt;8.079999999999995&lt;/AvgPrice&gt;&lt;currenttime&gt;2008-10-09T15:43:09.243-07:00&lt;/currenttime&gt;&lt;Timestamp&gt;2008-10-09T15:43:06.795-07:00&lt;/Timestamp&gt;&lt;/msgns:StreamOutput0_MsgObj&gt;&lt;msgns:StreamOutput0_MsgObj xmlns:msgns=&quot;PriceProcess_iep&quot;&gt;&lt;symbol&gt;JAVA&lt;/symbol&gt;&lt;AvgPrice&gt;9.485&lt;/AvgPrice&gt;&lt;currenttime&gt;2008-10-09T15:43:09.243-07:00&lt;/currenttime&gt;&lt;Timestamp&gt;2008-10-09T15:43:06.795-07:00&lt;/Timestamp&gt;&lt;/msgns:StreamOutput0_MsgObj&gt;&gt; but was:&lt;null&gt;" type="junit.framework.ComparisonFailure">junit.framework.ComparisonFailure: output.0 expected:&lt;&lt;msgns:StreamOutput0_MsgObj xmlns:msgns=&quot;PriceProcess_iep&quot;&gt;&lt;symbol&gt;MUR&lt;/symbol&gt;&lt;AvgPrice&gt;5.58&lt;/AvgPrice&gt;&lt;currenttime&gt;2008-10-09T15:42:28.728-07:00&lt;/currenttime&gt;&lt;Timestamp&gt;2008-10-09T15:42:25.605-07:00&lt;/Timestamp&gt;&lt;/msgns:StreamOutput0_MsgObj&gt;&lt;msgns:StreamOutput0_MsgObj xmlns:msgns=&quot;PriceProcess_iep&quot;&gt;&lt;symbol&gt;MUR&lt;/symbol&gt;&lt;AvgPrice&gt;5.58&lt;/AvgPrice&gt;&lt;currenttime&gt;2008-10-09T15:42:28.728-07:00&lt;/currenttime&gt;&lt;Timestamp&gt;2008-10-09T15:42:25.625-07:00&lt;/Timestamp&gt;&lt;/msgns:StreamOutput0_MsgObj&gt;&lt;msgns:StreamOutput0_MsgObj xmlns:msgns=&quot;PriceProcess_iep&quot;&gt;&lt;symbol&gt;PHI&lt;/symbol&gt;&lt;AvgPrice&gt;12.98&lt;/AvgPrice&gt;&lt;currenttime&gt;2008-10-09T15:42:28.728-07:00&lt;/currenttime&gt;&lt;Timestamp&gt;2008-10-09T15:42:25.625-07:00&lt;/Timestamp&gt;&lt;/msgns:StreamOutput0_MsgObj&gt;&lt;msgns:StreamOutput0_MsgObj xmlns:msgns=&quot;PriceProcess_iep&quot;&gt;&lt;symbol&gt;MUR&lt;/symbol&gt;&lt;AvgPrice&gt;5.58&lt;/AvgPrice&gt;&lt;currenttime&gt;2008-10-09T15:42:28.728-07:00&lt;/currenttime&gt;&lt;Timestamp&gt;2008-10-09T15:42:25.647-07:00&lt;/Timestamp&gt;&lt;/msgns:StreamOutput0_MsgObj&gt;&lt;msgns:StreamOutput0_MsgObj xmlns:msgns=&quot;PriceProcess_iep&quot;&gt;&lt;symbol&gt;PHI&lt;/symbol&gt;&lt;AvgPrice&gt;12.98&lt;/AvgPrice&gt;&lt;currenttime&gt;2008-10-09T15:42:28.728-07:00&lt;/currenttime&gt;&lt;Timestamp&gt;2008-10-09T15:42:25.647-07:00&lt;/Timestamp&gt;&lt;/msgns:StreamOutput0_MsgObj&gt;&lt;msgns:StreamOutput0_MsgObj xmlns:msgns=&quot;PriceProcess_iep&quot;&gt;&lt;symbol&gt;DIJ&lt;/symbol&gt;&lt;AvgPrice&gt;5.6&lt;/AvgPrice&gt;&lt;currenttime&gt;2008-10-09T15:42:28.728-07:00&lt;/currenttime&gt;&lt;Timestamp&gt;2008-10-09T15:42:25.647-07:00&lt;/Timestamp&gt;&lt;/msgns:StreamOutput0_MsgObj&gt;&lt;msgns:StreamOutput0_MsgObj xmlns:msgns=&quot;PriceProcess_iep&quot;&gt;&lt;symbol&gt;MUR&lt;/symbol&gt;&lt;AvgPrice&gt;5.58&lt;/AvgPrice&gt;&lt;currenttime&gt;2008-10-09T15:42:28.728-07:00&lt;/currenttime&gt;&lt;Timestamp&gt;2008-10-09T15:42:25.672-07:00&lt;/Timestamp&gt;&lt;/msgns:StreamOutput0_MsgObj&gt;&lt;msgns:StreamOutput0_MsgObj xmlns:msgns=&quot;PriceProcess_iep&quot;&gt;&lt;symbol&gt;PHI&lt;/symbol&gt;&lt;AvgPrice&gt;12.98&lt;/AvgPrice&gt;&lt;currenttime&gt;2008-10-09T15:42:28.728-07:00&lt;/currenttime&gt;&lt;Timestamp&gt;2008-10-09T15:42:25.672-07:00&lt;/Timestamp&gt;&lt;/msgns:StreamOutput0_MsgObj&gt;&lt;msgns:StreamOutput0_MsgObj xmlns:msgns=&quot;PriceProcess_iep&quot;&gt;&lt;symbol&gt;DIJ&lt;/symbol&gt;&lt;AvgPrice&gt;5.6&lt;/AvgPrice&gt;&lt;currenttime&gt;2008-10-09T15:42:28.728-07:00&lt;/currenttime&gt;&lt;Timestamp&gt;2008-10-09T15:42:25.672-07:00&lt;/Timestamp&gt;&lt;/msgns:StreamOutput0_MsgObj&gt;&lt;msgns:StreamOutput0_MsgObj xmlns:msgns=&quot;PriceProcess_iep&quot;&gt;&lt;symbol&gt;JAVA&lt;/symbol&gt;&lt;AvgPrice&gt;10.98&lt;/AvgPrice&gt;&lt;currenttime&gt;2008-10-09T15:42:28.728-07:00&lt;/currenttime&gt;&lt;Timestamp&gt;2008-10-09T15:42:25.672-07:00&lt;/Timestamp&gt;&lt;/msgns:StreamOutput0_MsgObj&gt;&lt;msgns:StreamOutput0_MsgObj xmlns:msgns=&quot;PriceProcess_iep&quot;&gt;&lt;symbol&gt;PHI&lt;/symbol&gt;&lt;AvgPrice&gt;12.98&lt;/AvgPrice&gt;&lt;currenttime&gt;2008-10-09T15:42:28.728-07:00&lt;/currenttime&gt;&lt;Timestamp&gt;2008-10-09T15:42:25.688-07:00&lt;/Timestamp&gt;&lt;/msgns:StreamOutput0_MsgObj&gt;&lt;msgns:StreamOutput0_MsgObj xmlns:msgns=&quot;PriceProcess_iep&quot;&gt;&lt;symbol&gt;DIJ&lt;/symbol&gt;&lt;AvgPrice&gt;5.6&lt;/AvgPrice&gt;&lt;currenttime&gt;2008-10-09T15:42:28.728-07:00&lt;/currenttime&gt;&lt;Timestamp&gt;2008-10-09T15:42:25.688-07:00&lt;/Timestamp&gt;&lt;/msgns:StreamOutput0_MsgObj&gt;&lt;msgns:StreamOutput0_MsgObj xmlns:msgns=&quot;PriceProcess_iep&quot;&gt;&lt;symbol&gt;JAVA&lt;/symbol&gt;&lt;AvgPrice&gt;10.98&lt;/AvgPrice&gt;&lt;currenttime&gt;2008-10-09T15:42:28.728-07:00&lt;/currenttime&gt;&lt;Timestamp&gt;2008-10-09T15:42:25.688-07:00&lt;/Timestamp&gt;&lt;/msgns:StreamOutput0_MsgObj&gt;&lt;msgns:StreamOutput0_MsgObj xmlns:msgns=&quot;PriceProcess_iep&quot;&gt;&lt;symbol&gt;MUR&lt;/symbol&gt;&lt;AvgPrice&gt;5.48&lt;/AvgPrice&gt;&lt;currenttime&gt;2008-10-09T15:42:28.728-07:00&lt;/currenttime&gt;&lt;Timestamp&gt;2008-10-09T15:42:25.688-07:00&lt;/Timestamp&gt;&lt;/msgns:StreamOutput0_MsgObj&gt;&lt;msgns:StreamOutput0_MsgObj xmlns:msgns=&quot;PriceProcess_iep&quot;&gt;&lt;symbol&gt;DIJ&lt;/symbol&gt;&lt;AvgPrice&gt;5.6&lt;/AvgPrice&gt;&lt;currenttime&gt;2008-10-09T15:42:28.728-07:00&lt;/currenttime&gt;&lt;Timestamp&gt;2008-10-09T15:42:25.703-07:00&lt;/Timestamp&gt;&lt;/msgns:StreamOutput0_MsgObj&gt;&lt;msgns:StreamOutput0_MsgObj xmlns:msgns=&quot;PriceProcess_iep&quot;&gt;&lt;symbol&gt;JAVA&lt;/symbol&gt;&lt;AvgPrice&gt;10.98&lt;/AvgPrice&gt;&lt;currenttime&gt;2008-10-09T15:42:28.728-07:00&lt;/currenttime&gt;&lt;Timestamp&gt;2008-10-09T15:42:25.703-07:00&lt;/Timestamp&gt;&lt;/msgns:StreamOutput0_MsgObj&gt;&lt;msgns:StreamOutput0_MsgObj xmlns:msgns=&quot;PriceProcess_iep&quot;&gt;&lt;symbol&gt;MUR&lt;/symbol&gt;&lt;AvgPrice&gt;5.48&lt;/AvgPrice&gt;&lt;currenttime&gt;2008-10-09T15:42:28.728-07:00&lt;/currenttime&gt;&lt;Timestamp&gt;2008-10-09T15:42:25.703-07:00&lt;/Timestamp&gt;&lt;/msgns:StreamOutput0_MsgObj&gt;&lt;msgns:StreamOutput0_MsgObj xmlns:msgns=&quot;PriceProcess_iep&quot;&gt;&lt;symbol&gt;PHI&lt;/symbol&gt;&lt;AvgPrice&gt;13.48&lt;/AvgPrice&gt;&lt;currenttime&gt;2008-10-09T15:42:28.728-07:00&lt;/currenttime&gt;&lt;Timestamp&gt;2008-10-09T15:42:25.703-07:00&lt;/Timestamp&gt;&lt;/msgns:StreamOutput0_MsgObj&gt;&lt;msgns:StreamOutput0_MsgObj xmlns:msgns=&quot;PriceProcess_iep&quot;&gt;&lt;symbol&gt;DIJ&lt;/symbol&gt;&lt;AvgPrice&gt;5.6&lt;/AvgPrice&gt;&lt;currenttime&gt;2008-10-09T15:42:28.728-07:00&lt;/currenttime&gt;&lt;Timestamp&gt;2008-10-09T15:42:25.719-07:00&lt;/Timestamp&gt;&lt;/msgns:StreamOutput0_MsgObj&gt;&lt;msgns:StreamOutput0_MsgObj xmlns:msgns=&quot;PriceProcess_iep&quot;&gt;&lt;symbol&gt;MUR&lt;/symbol&gt;&lt;AvgPrice&gt;5.48&lt;/AvgPrice&gt;&lt;currenttime&gt;2008-10-09T15:42:28.728-07:00&lt;/currenttime&gt;&lt;Timestamp&gt;2008-10-09T15:42:25.719-07:00&lt;/Timestamp&gt;&lt;/msgns:StreamOutput0_MsgObj&gt;&lt;msgns:StreamOutput0_MsgObj xmlns:msgns=&quot;PriceProcess_iep&quot;&gt;&lt;symbol&gt;PHI&lt;/symbol&gt;&lt;AvgPrice&gt;13.48&lt;/AvgPrice&gt;&lt;currenttime&gt;2008-10-09T15:42:28.728-07:00&lt;/currenttime&gt;&lt;Timestamp&gt;2008-10-09T15:42:25.719-07:00&lt;/Timestamp&gt;&lt;/msgns:StreamOutput0_MsgObj&gt;&lt;msgns:StreamOutput0_MsgObj xmlns:msgns=&quot;PriceProcess_iep&quot;&gt;&lt;symbol&gt;JAVA&lt;/symbol&gt;&lt;AvgPrice&gt;7.985&lt;/AvgPrice&gt;&lt;currenttime&gt;2008-10-09T15:42:28.728-07:00&lt;/currenttime&gt;&lt;Timestamp&gt;2008-10-09T15:42:25.719-07:00&lt;/Timestamp&gt;&lt;/msgns:StreamOutput0_MsgObj&gt;&lt;msgns:StreamOutput0_MsgObj xmlns:msgns=&quot;PriceProcess_iep&quot;&gt;&lt;symbol&gt;DIJ&lt;/symbol&gt;&lt;AvgPrice&gt;5.6&lt;/AvgPrice&gt;&lt;currenttime&gt;2008-10-09T15:42:28.728-07:00&lt;/currenttime&gt;&lt;Timestamp&gt;2008-10-09T15:42:25.734-07:00&lt;/Timestamp&gt;&lt;/msgns:StreamOutput0_MsgObj&gt;&lt;msgns:StreamOutput0_MsgObj xmlns:msgns=&quot;PriceProcess_iep&quot;&gt;&lt;symbol&gt;MUR&lt;/symbol&gt;&lt;AvgPrice&gt;5.48&lt;/AvgPrice&gt;&lt;currenttime&gt;2008-10-09T15:42:28.728-07:00&lt;/currenttime&gt;&lt;Timestamp&gt;2008-10-09T15:42:25.734-07:00&lt;/Timestamp&gt;&lt;/msgns:StreamOutput0_MsgObj&gt;&lt;msgns:StreamOutput0_MsgObj xmlns:msgns=&quot;PriceProcess_iep&quot;&gt;&lt;symbol&gt;JAVA&lt;/symbol&gt;&lt;AvgPrice&gt;7.985&lt;/AvgPrice&gt;&lt;currenttime&gt;2008-10-09T15:42:28.728-07:00&lt;/currenttime&gt;&lt;Timestamp&gt;2008-10-09T15:42:25.734-07:00&lt;/Timestamp&gt;&lt;/msgns:StreamOutput0_MsgObj&gt;&lt;msgns:StreamOutput0_MsgObj xmlns:msgns=&quot;PriceProcess_iep&quot;&gt;&lt;symbol&gt;PHI&lt;/symbol&gt;&lt;AvgPrice&gt;14.313333333333333&lt;/AvgPrice&gt;&lt;currenttime&gt;2008-10-09T15:42:28.728-07:00&lt;/currenttime&gt;&lt;Timestamp&gt;2008-10-09T15:42:25.734-07:00&lt;/Timestamp&gt;&lt;/msgns:StreamOutput0_MsgObj&gt;&lt;msgns:StreamOutput0_MsgObj xmlns:msgns=&quot;PriceProcess_iep&quot;&gt;&lt;symbol&gt;DIJ&lt;/symbol&gt;&lt;AvgPrice&gt;5.6&lt;/AvgPrice&gt;&lt;currenttime&gt;2008-10-09T15:42:28.728-07:00&lt;/currenttime&gt;&lt;Timestamp&gt;2008-10-09T15:42:25.753-07:00&lt;/Timestamp&gt;&lt;/msgns:StreamOutput0_MsgObj&gt;&lt;msgns:StreamOutput0_MsgObj xmlns:msgns=&quot;PriceProcess_iep&quot;&gt;&lt;symbol&gt;JAVA&lt;/symbol&gt;&lt;AvgPrice&gt;7.985&lt;/AvgPrice&gt;&lt;currenttime&gt;2008-10-09T15:42:28.728-07:00&lt;/currenttime&gt;&lt;Timestamp&gt;2008-10-09T15:42:25.753-07:00&lt;/Timestamp&gt;&lt;/msgns:StreamOutput0_MsgObj&gt;&lt;msgns:StreamOutput0_MsgObj xmlns:msgns=&quot;PriceProcess_iep&quot;&gt;&lt;symbol&gt;PHI&lt;/symbol&gt;&lt;AvgPrice&gt;14.313333333333333&lt;/AvgPrice&gt;&lt;currenttime&gt;2008-10-09T15:42:28.728-07:00&lt;/currenttime&gt;&lt;Timestamp&gt;2008-10-09T15:42:25.753-07:00&lt;/Timestamp&gt;&lt;/msgns:StreamOutput0_MsgObj&gt;&lt;msgns:StreamOutput0_MsgObj xmlns:msgns=&quot;PriceProcess_iep&quot;&gt;&lt;symbol&gt;MUR&lt;/symbol&gt;&lt;AvgPrice&gt;5.283333333333333&lt;/AvgPrice&gt;&lt;currenttime&gt;2008-10-09T15:42:28.728-07:00&lt;/currenttime&gt;&lt;Timestamp&gt;2008-10-09T15:42:25.753-07:00&lt;/Timestamp&gt;&lt;/msgns:StreamOutput0_MsgObj&gt;&lt;msgns:StreamOutput0_MsgObj xmlns:msgns=&quot;PriceProcess_iep&quot;&gt;&lt;symbol&gt;DIJ&lt;/symbol&gt;&lt;AvgPrice&gt;5.6&lt;/AvgPrice&gt;&lt;currenttime&gt;2008-10-09T15:42:28.728-07:00&lt;/currenttime&gt;&lt;Timestamp&gt;2008-10-09T15:42:25.766-07:00&lt;/Timestamp&gt;&lt;/msgns:StreamOutput0_MsgObj&gt;&lt;msgns:StreamOutput0_MsgObj xmlns:msgns=&quot;PriceProcess_iep&quot;&gt;&lt;symbol&gt;JAVA&lt;/symbol&gt;&lt;AvgPrice&gt;7.985&lt;/AvgPrice&gt;&lt;currenttime&gt;2008-10-09T15:42:28.728-07:00&lt;/currenttime&gt;&lt;Timestamp&gt;2008-10-09T15:42:25.766-07:00&lt;/Timestamp&gt;&lt;/msgns:StreamOutput0_MsgObj&gt;&lt;msgns:StreamOutput0_MsgObj xmlns:msgns=&quot;PriceProcess_iep&quot;&gt;&lt;symbol&gt;MUR&lt;/symbol&gt;&lt;AvgPrice&gt;5.283333333333333&lt;/AvgPrice&gt;&lt;currenttime&gt;2008-10-09T15:42:28.728-07:00&lt;/currenttime&gt;&lt;Timestamp&gt;2008-10-09T15:42:25.766-07:00&lt;/Timestamp&gt;&lt;/msgns:StreamOutput0_MsgObj&gt;&lt;msgns:StreamOutput0_MsgObj xmlns:msgns=&quot;PriceProcess_iep&quot;&gt;&lt;symbol&gt;PHI&lt;/symbol&gt;&lt;AvgPrice&gt;13.23&lt;/AvgPrice&gt;&lt;currenttime&gt;2008-10-09T15:42:28.728-07:00&lt;/currenttime&gt;&lt;Timestamp&gt;2008-10-09T15:42:25.766-07:00&lt;/Timestamp&gt;&lt;/msgns:StreamOutput0_MsgObj&gt;&lt;msgns:StreamOutput0_MsgObj xmlns:msgns=&quot;PriceProcess_iep&quot;&gt;&lt;symbol&gt;JAVA&lt;/symbol&gt;&lt;AvgPrice&gt;7.985&lt;/AvgPrice&gt;&lt;currenttime&gt;2008-10-09T15:42:28.728-07:00&lt;/currenttime&gt;&lt;Timestamp&gt;2008-10-09T15:42:25.781-07:00&lt;/Timestamp&gt;&lt;/msgns:StreamOutput0_MsgObj&gt;&lt;msgns:StreamOutput0_MsgObj xmlns:msgns=&quot;PriceProcess_iep&quot;&gt;&lt;symbol&gt;MUR&lt;/symbol&gt;&lt;AvgPrice&gt;5.283333333333333&lt;/AvgPrice&gt;&lt;currenttime&gt;2008-10-09T15:42:28.728-07:00&lt;/currenttime&gt;&lt;Timestamp&gt;2008-10-09T15:42:25.781-07:00&lt;/Timestamp&gt;&lt;/msgns:StreamOutput0_MsgObj&gt;&lt;msgns:StreamOutput0_MsgObj xmlns:msgns=&quot;PriceProcess_iep&quot;&gt;&lt;symbol&gt;PHI&lt;/symbol&gt;&lt;AvgPrice&gt;13.23&lt;/AvgPrice&gt;&lt;currenttime&gt;2008-10-09T15:42:28.728-07:00&lt;/currenttime&gt;&lt;Timestamp&gt;2008-10-09T15:42:25.781-07:00&lt;/Timestamp&gt;&lt;/msgns:StreamOutput0_MsgObj&gt;&lt;msgns:StreamOutput0_MsgObj xmlns:msgns=&quot;PriceProcess_iep&quot;&gt;&lt;symbol&gt;DIJ&lt;/symbol&gt;&lt;AvgPrice&gt;5.255&lt;/AvgPrice&gt;&lt;currenttime&gt;2008-10-09T15:42:28.728-07:00&lt;/currenttime&gt;&lt;Timestamp&gt;2008-10-09T15:42:25.781-07:00&lt;/Timestamp&gt;&lt;/msgns:StreamOutput0_MsgObj&gt;&lt;msgns:StreamOutput0_MsgObj xmlns:msgns=&quot;PriceProcess_iep&quot;&gt;&lt;symbol&gt;JAVA&lt;/symbol&gt;&lt;AvgPrice&gt;7.985&lt;/AvgPrice&gt;&lt;currenttime&gt;2008-10-09T15:42:28.728-07:00&lt;/currenttime&gt;&lt;Timestamp&gt;2008-10-09T15:42:25.797-07:00&lt;/Timestamp&gt;&lt;/msgns:StreamOutput0_MsgObj&gt;&lt;msgns:StreamOutput0_MsgObj xmlns:msgns=&quot;PriceProcess_iep&quot;&gt;&lt;symbol&gt;MUR&lt;/symbol&gt;&lt;AvgPrice&gt;5.283333333333333&lt;/AvgPrice&gt;&lt;currenttime&gt;2008-10-09T15:42:28.728-07:00&lt;/currenttime&gt;&lt;Timestamp&gt;2008-10-09T15:42:25.797-07:00&lt;/Timestamp&gt;&lt;/msgns:StreamOutput0_MsgObj&gt;&lt;msgns:StreamOutput0_MsgObj xmlns:msgns=&quot;PriceProcess_iep&quot;&gt;&lt;symbol&gt;DIJ&lt;/symbol&gt;&lt;AvgPrice&gt;5.255&lt;/AvgPrice&gt;&lt;currenttime&gt;2008-10-09T15:42:28.728-07:00&lt;/currenttime&gt;&lt;Timestamp&gt;2008-10-09T15:42:25.797-07:00&lt;/Timestamp&gt;&lt;/msgns:StreamOutput0_MsgObj&gt;&lt;msgns:StreamOutput0_MsgObj xmlns:msgns=&quot;PriceProcess_iep&quot;&gt;&lt;symbol&gt;PHI&lt;/symbol&gt;&lt;AvgPrice&gt;12.180000000000001&lt;/AvgPrice&gt;&lt;currenttime&gt;2008-10-09T15:42:28.728-07:00&lt;/currenttime&gt;&lt;Timestamp&gt;2008-10-09T15:42:25.797-07:00&lt;/Timestamp&gt;&lt;/msgns:StreamOutput0_MsgObj&gt;&lt;msgns:StreamOutput0_MsgObj xmlns:msgns=&quot;PriceProcess_iep&quot;&gt;&lt;symbol&gt;JAVA&lt;/symbol&gt;&lt;AvgPrice&gt;7.985&lt;/AvgPrice&gt;&lt;currenttime&gt;2008-10-09T15:42:28.728-07:00&lt;/currenttime&gt;&lt;Timestamp&gt;2008-10-09T15:42:25.812-07:00&lt;/Timestamp&gt;&lt;/msgns:StreamOutput0_MsgObj&gt;&lt;msgns:StreamOutput0_MsgObj xmlns:msgns=&quot;PriceProcess_iep&quot;&gt;&lt;symbol&gt;DIJ&lt;/symbol&gt;&lt;AvgPrice&gt;5.255&lt;/AvgPrice&gt;&lt;currenttime&gt;2008-10-09T15:42:28.728-07:00&lt;/currenttime&gt;&lt;Timestamp&gt;2008-10-09T15:42:25.812-07:00&lt;/Timestamp&gt;&lt;/msgns:StreamOutput0_MsgObj&gt;&lt;msgns:StreamOutput0_MsgObj xmlns:msgns=&quot;PriceProcess_iep&quot;&gt;&lt;symbol&gt;PHI&lt;/symbol&gt;&lt;AvgPrice&gt;12.180000000000001&lt;/AvgPrice&gt;&lt;currenttime&gt;2008-10-09T15:42:28.728-07:00&lt;/currenttime&gt;&lt;Timestamp&gt;2008-10-09T15:42:25.812-07:00&lt;/Timestamp&gt;&lt;/msgns:StreamOutput0_MsgObj&gt;&lt;msgns:StreamOutput0_MsgObj xmlns:msgns=&quot;PriceProcess_iep&quot;&gt;&lt;symbol&gt;MUR&lt;/symbol&gt;&lt;AvgPrice&gt;5.27&lt;/AvgPrice&gt;&lt;currenttime&gt;2008-10-09T15:42:28.728-07:00&lt;/currenttime&gt;&lt;Timestamp&gt;2008-10-09T15:42:25.812-07:00&lt;/Timestamp&gt;&lt;/msgns:StreamOutput0_MsgObj&gt;&lt;msgns:StreamOutput0_MsgObj xmlns:msgns=&quot;PriceProcess_iep&quot;&gt;&lt;symbol&gt;JAVA&lt;/symbol&gt;&lt;AvgPrice&gt;7.985&lt;/AvgPrice&gt;&lt;currenttime&gt;2008-10-09T15:42:28.728-07:00&lt;/currenttime&gt;&lt;Timestamp&gt;2008-10-09T15:42:25.828-07:00&lt;/Timestamp&gt;&lt;/msgns:StreamOutput0_MsgObj&gt;&lt;msgns:StreamOutput0_MsgObj xmlns:msgns=&quot;PriceProcess_iep&quot;&gt;&lt;symbol&gt;DIJ&lt;/symbol&gt;&lt;AvgPrice&gt;5.255&lt;/AvgPrice&gt;&lt;currenttime&gt;2008-10-09T15:42:28.728-07:00&lt;/currenttime&gt;&lt;Timestamp&gt;2008-10-09T15:42:25.828-07:00&lt;/Timestamp&gt;&lt;/msgns:StreamOutput0_MsgObj&gt;&lt;msgns:StreamOutput0_MsgObj xmlns:msgns=&quot;PriceProcess_iep&quot;&gt;&lt;symbol&gt;MUR&lt;/symbol&gt;&lt;AvgPrice&gt;5.27&lt;/AvgPrice&gt;&lt;currenttime&gt;2008-10-09T15:42:28.728-07:00&lt;/currenttime&gt;&lt;Timestamp&gt;2008-10-09T15:42:25.828-07:00&lt;/Timestamp&gt;&lt;/msgns:StreamOutput0_MsgObj&gt;&lt;msgns:StreamOutput0_MsgObj xmlns:msgns=&quot;PriceProcess_iep&quot;&gt;&lt;symbol&gt;PHI&lt;/symbol&gt;&lt;AvgPrice&gt;10.813333333333334&lt;/AvgPrice&gt;&lt;currenttime&gt;2008-10-09T15:42:28.728-07:00&lt;/currenttime&gt;&lt;Timestamp&gt;2008-10-09T15:42:25.828-07:00&lt;/Timestamp&gt;&lt;/msgns:StreamOutput0_MsgObj&gt;&lt;msgns:StreamOutput0_MsgObj xmlns:msgns=&quot;PriceProcess_iep&quot;&gt;&lt;symbol&gt;JAVA&lt;/symbol&gt;&lt;AvgPrice&gt;7.985&lt;/AvgPrice&gt;&lt;currenttime&gt;2008-10-09T15:42:28.728-07:00&lt;/currenttime&gt;&lt;Timestamp&gt;2008-10-09T15:42:25.859-07:00&lt;/Timestamp&gt;&lt;/msgns:StreamOutput0_MsgObj&gt;&lt;msgns:StreamOutput0_MsgObj xmlns:msgns=&quot;PriceProcess_iep&quot;&gt;&lt;symbol&gt;DIJ&lt;/symbol&gt;&lt;AvgPrice&gt;5.255&lt;/AvgPrice&gt;&lt;currenttime&gt;2008-10-09T15:42:28.728-07:00&lt;/currenttime&gt;&lt;Timestamp&gt;2008-10-09T15:42:25.859-07:00&lt;/Timestamp&gt;&lt;/msgns:StreamOutput0_MsgObj&gt;&lt;msgns:StreamOutput0_MsgObj xmlns:msgns=&quot;PriceProcess_iep&quot;&gt;&lt;symbol&gt;PHI&lt;/symbol&gt;&lt;AvgPrice&gt;10.813333333333334&lt;/AvgPrice&gt;&lt;currenttime&gt;2008-10-09T15:42:28.728-07:00&lt;/currenttime&gt;&lt;Timestamp&gt;2008-10-09T15:42:25.859-07:00&lt;/Timestamp&gt;&lt;/msgns:StreamOutput0_MsgObj&gt;&lt;msgns:StreamOutput0_MsgObj xmlns:msgns=&quot;PriceProcess_iep&quot;&gt;&lt;symbol&gt;MUR&lt;/symbol&gt;&lt;AvgPrice&gt;5.223999999999999&lt;/AvgPrice&gt;&lt;currenttime&gt;2008-10-09T15:42:28.728-07:00&lt;/currenttime&gt;&lt;Timestamp&gt;2008-10-09T15:42:25.859-07:00&lt;/Timestamp&gt;&lt;/msgns:StreamOutput0_MsgObj&gt;&lt;msgns:StreamOutput0_MsgObj xmlns:msgns=&quot;PriceProcess_iep&quot;&gt;&lt;symbol&gt;DIJ&lt;/symbol&gt;&lt;AvgPrice&gt;5.255&lt;/AvgPrice&gt;&lt;currenttime&gt;2008-10-09T15:42:28.728-07:00&lt;/currenttime&gt;&lt;Timestamp&gt;2008-10-09T15:42:25.875-07:00&lt;/Timestamp&gt;&lt;/msgns:StreamOutput0_MsgObj&gt;&lt;msgns:StreamOutput0_MsgObj xmlns:msgns=&quot;PriceProcess_iep&quot;&gt;&lt;symbol&gt;PHI&lt;/symbol&gt;&lt;AvgPrice&gt;10.813333333333334&lt;/AvgPrice&gt;&lt;currenttime&gt;2008-10-09T15:42:28.728-07:00&lt;/currenttime&gt;&lt;Timestamp&gt;2008-10-09T15:42:25.875-07:00&lt;/Timestamp&gt;&lt;/msgns:StreamOutput0_MsgObj&gt;&lt;msgns:StreamOutput0_MsgObj xmlns:msgns=&quot;PriceProcess_iep&quot;&gt;&lt;symbol&gt;MUR&lt;/symbol&gt;&lt;AvgPrice&gt;5.223999999999999&lt;/AvgPrice&gt;&lt;currenttime&gt;2008-10-09T15:42:28.728-07:00&lt;/currenttime&gt;&lt;Timestamp&gt;2008-10-09T15:42:25.875-07:00&lt;/Timestamp&gt;&lt;/msgns:StreamOutput0_MsgObj&gt;&lt;msgns:StreamOutput0_MsgObj xmlns:msgns=&quot;PriceProcess_iep&quot;&gt;&lt;symbol&gt;JAVA&lt;/symbol&gt;&lt;AvgPrice&gt;10.65&lt;/AvgPrice&gt;&lt;currenttime&gt;2008-10-09T15:42:28.728-07:00&lt;/currenttime&gt;&lt;Timestamp&gt;2008-10-09T15:42:25.875-07:00&lt;/Timestamp&gt;&lt;/msgns:StreamOutput0_MsgObj&gt;&lt;msgns:StreamOutput0_MsgObj xmlns:msgns=&quot;PriceProcess_iep&quot;&gt;&lt;symbol&gt;DIJ&lt;/symbol&gt;&lt;AvgPrice&gt;5.255&lt;/AvgPrice&gt;&lt;currenttime&gt;2008-10-09T15:42:28.728-07:00&lt;/currenttime&gt;&lt;Timestamp&gt;2008-10-09T15:42:25.891-07:00&lt;/Timestamp&gt;&lt;/msgns:StreamOutput0_MsgObj&gt;&lt;msgns:StreamOutput0_MsgObj xmlns:msgns=&quot;PriceProcess_iep&quot;&gt;&lt;symbol&gt;PHI&lt;/symbol&gt;&lt;AvgPrice&gt;10.813333333333334&lt;/AvgPrice&gt;&lt;currenttime&gt;2008-10-09T15:42:28.728-07:00&lt;/currenttime&gt;&lt;Timestamp&gt;2008-10-09T15:42:25.891-07:00&lt;/Timestamp&gt;&lt;/msgns:StreamOutput0_MsgObj&gt;&lt;msgns:StreamOutput0_MsgObj xmlns:msgns=&quot;PriceProcess_iep&quot;&gt;&lt;symbol&gt;JAVA&lt;/symbol&gt;&lt;AvgPrice&gt;10.65&lt;/AvgPrice&gt;&lt;currenttime&gt;2008-10-09T15:42:28.728-07:00&lt;/currenttime&gt;&lt;Timestamp&gt;2008-10-09T15:42:25.891-07:00&lt;/Timestamp&gt;&lt;/msgns:StreamOutput0_MsgObj&gt;&lt;msgns:StreamOutput0_MsgObj xmlns:msgns=&quot;PriceProcess_iep&quot;&gt;&lt;symbol&gt;MUR&lt;/symbol&gt;&lt;AvgPrice&gt;5.218333333333334&lt;/AvgPrice&gt;&lt;currenttime&gt;2008-10-09T15:42:28.728-07:00&lt;/currenttime&gt;&lt;Timestamp&gt;2008-10-09T15:42:25.891-07:00&lt;/Timestamp&gt;&lt;/msgns:StreamOutput0_MsgObj&gt;&lt;msgns:StreamOutput0_MsgObj xmlns:msgns=&quot;PriceProcess_iep&quot;&gt;&lt;symbol&gt;DIJ&lt;/symbol&gt;&lt;AvgPrice&gt;5.255&lt;/AvgPrice&gt;&lt;currenttime&gt;2008-10-09T15:42:28.728-07:00&lt;/currenttime&gt;&lt;Timestamp&gt;2008-10-09T15:42:25.906-07:00&lt;/Timestamp&gt;&lt;/msgns:StreamOutput0_MsgObj&gt;&lt;msgns:StreamOutput0_MsgObj xmlns:msgns=&quot;PriceProcess_iep&quot;&gt;&lt;symbol&gt;JAVA&lt;/symbol&gt;&lt;AvgPrice&gt;10.65&lt;/AvgPrice&gt;&lt;currenttime&gt;2008-10-09T15:42:28.728-07:00&lt;/currenttime&gt;&lt;Timestamp&gt;2008-10-09T15:42:25.906-07:00&lt;/Timestamp&gt;&lt;/msgns:StreamOutput0_MsgObj&gt;&lt;msgns:StreamOutput0_MsgObj xmlns:msgns=&quot;PriceProcess_iep&quot;&gt;&lt;symbol&gt;MUR&lt;/symbol&gt;&lt;AvgPrice&gt;5.218333333333334&lt;/AvgPrice&gt;&lt;currenttime&gt;2008-10-09T15:42:28.728-07:00&lt;/currenttime&gt;&lt;Timestamp&gt;2008-10-09T15:42:25.906-07:00&lt;/Timestamp&gt;&lt;/msgns:StreamOutput0_MsgObj&gt;&lt;msgns:StreamOutput0_MsgObj xmlns:msgns=&quot;PriceProcess_iep&quot;&gt;&lt;symbol&gt;PHI&lt;/symbol&gt;&lt;AvgPrice&gt;9.83714285714286&lt;/AvgPrice&gt;&lt;currenttime&gt;2008-10-09T15:42:28.728-07:00&lt;/currenttime&gt;&lt;Timestamp&gt;2008-10-09T15:42:25.906-07:00&lt;/Timestamp&gt;&lt;/msgns:StreamOutput0_MsgObj&gt;&lt;msgns:StreamOutput0_MsgObj xmlns:msgns=&quot;PriceProcess_iep&quot;&gt;&lt;symbol&gt;DIJ&lt;/symbol&gt;&lt;AvgPrice&gt;5.255&lt;/AvgPrice&gt;&lt;currenttime&gt;2008-10-09T15:42:28.728-07:00&lt;/currenttime&gt;&lt;Timestamp&gt;2008-10-09T15:42:25.924-07:00&lt;/Timestamp&gt;&lt;/msgns:StreamOutput0_MsgObj&gt;&lt;msgns:StreamOutput0_MsgObj xmlns:msgns=&quot;PriceProcess_iep&quot;&gt;&lt;symbol&gt;JAVA&lt;/symbol&gt;&lt;AvgPrice&gt;10.65&lt;/AvgPrice&gt;&lt;currenttime&gt;2008-10-09T15:42:28.728-07:00&lt;/currenttime&gt;&lt;Timestamp&gt;2008-10-09T15:42:25.924-07:00&lt;/Timestamp&gt;&lt;/msgns:StreamOutput0_MsgObj&gt;&lt;msgns:StreamOutput0_MsgObj xmlns:msgns=&quot;PriceProcess_iep&quot;&gt;&lt;symbol&gt;PHI&lt;/symbol&gt;&lt;AvgPrice&gt;9.83714285714286&lt;/AvgPrice&gt;&lt;currenttime&gt;2008-10-09T15:42:28.728-07:00&lt;/currenttime&gt;&lt;Timestamp&gt;2008-10-09T15:42:25.924-07:00&lt;/Timestamp&gt;&lt;/msgns:StreamOutput0_MsgObj&gt;&lt;msgns:StreamOutput0_MsgObj xmlns:msgns=&quot;PriceProcess_iep&quot;&gt;&lt;symbol&gt;MUR&lt;/symbol&gt;&lt;AvgPrice&gt;5.298571428571429&lt;/AvgPrice&gt;&lt;currenttime&gt;2008-10-09T15:42:28.728-07:00&lt;/currenttime&gt;&lt;Timestamp&gt;2008-10-09T15:42:25.924-07:00&lt;/Timestamp&gt;&lt;/msgns:StreamOutput0_MsgObj&gt;&lt;msgns:StreamOutput0_MsgObj xmlns:msgns=&quot;PriceProcess_iep&quot;&gt;&lt;symbol&gt;DIJ&lt;/symbol&gt;&lt;AvgPrice&gt;5.255&lt;/AvgPrice&gt;&lt;currenttime&gt;2008-10-09T15:42:28.728-07:00&lt;/currenttime&gt;&lt;Timestamp&gt;2008-10-09T15:42:25.938-07:00&lt;/Timestamp&gt;&lt;/msgns:StreamOutput0_MsgObj&gt;&lt;msgns:StreamOutput0_MsgObj xmlns:msgns=&quot;PriceProcess_iep&quot;&gt;&lt;symbol&gt;JAVA&lt;/symbol&gt;&lt;AvgPrice&gt;10.65&lt;/AvgPrice&gt;&lt;currenttime&gt;2008-10-09T15:42:28.728-07:00&lt;/currenttime&gt;&lt;Timestamp&gt;2008-10-09T15:42:25.938-07:00&lt;/Timestamp&gt;&lt;/msgns:StreamOutput0_MsgObj&gt;&lt;msgns:StreamOutput0_MsgObj xmlns:msgns=&quot;PriceProcess_iep&quot;&gt;&lt;symbol&gt;MUR&lt;/symbol&gt;&lt;AvgPrice&gt;5.298571428571429&lt;/AvgPrice&gt;&lt;currenttime&gt;2008-10-09T15:42:28.728-07:00&lt;/currenttime&gt;&lt;Timestamp&gt;2008-10-09T15:42:25.938-07:00&lt;/Timestamp&gt;&lt;/msgns:StreamOutput0_MsgObj&gt;&lt;msgns:StreamOutput0_MsgObj xmlns:msgns=&quot;PriceProcess_iep&quot;&gt;&lt;symbol&gt;PHI&lt;/symbol&gt;&lt;AvgPrice&gt;8.855&lt;/AvgPrice&gt;&lt;currenttime&gt;2008-10-09T15:42:28.728-07:00&lt;/currenttime&gt;&lt;Timestamp&gt;2008-10-09T15:42:25.938-07:00&lt;/Timestamp&gt;&lt;/msgns:StreamOutput0_MsgObj&gt;&lt;msgns:StreamOutput0_MsgObj xmlns:msgns=&quot;PriceProcess_iep&quot;&gt;&lt;symbol&gt;JAVA&lt;/symbol&gt;&lt;AvgPrice&gt;10.65&lt;/AvgPrice&gt;&lt;currenttime&gt;2008-10-09T15:42:28.728-07:00&lt;/currenttime&gt;&lt;Timestamp&gt;2008-10-09T15:42:25.954-07:00&lt;/Timestamp&gt;&lt;/msgns:StreamOutput0_MsgObj&gt;&lt;msgns:StreamOutput0_MsgObj xmlns:msgns=&quot;PriceProcess_iep&quot;&gt;&lt;symbol&gt;MUR&lt;/symbol&gt;&lt;AvgPrice&gt;5.298571428571429&lt;/AvgPrice&gt;&lt;currenttime&gt;2008-10-09T15:42:28.728-07:00&lt;/currenttime&gt;&lt;Timestamp&gt;2008-10-09T15:42:25.954-07:00&lt;/Timestamp&gt;&lt;/msgns:StreamOutput0_MsgObj&gt;&lt;msgns:StreamOutput0_MsgObj xmlns:msgns=&quot;PriceProcess_iep&quot;&gt;&lt;symbol&gt;PHI&lt;/symbol&gt;&lt;AvgPrice&gt;8.855&lt;/AvgPrice&gt;&lt;currenttime&gt;2008-10-09T15:42:28.728-07:00&lt;/currenttime&gt;&lt;Timestamp&gt;2008-10-09T15:42:25.954-07:00&lt;/Timestamp&gt;&lt;/msgns:StreamOutput0_MsgObj&gt;&lt;msgns:StreamOutput0_MsgObj xmlns:msgns=&quot;PriceProcess_iep&quot;&gt;&lt;symbol&gt;DIJ&lt;/symbol&gt;&lt;AvgPrice&gt;5.466666666666666&lt;/AvgPrice&gt;&lt;currenttime&gt;2008-10-09T15:42:28.728-07:00&lt;/currenttime&gt;&lt;Timestamp&gt;2008-10-09T15:42:25.954-07:00&lt;/Timestamp&gt;&lt;/msgns:StreamOutput0_MsgObj&gt;&lt;msgns:StreamOutput0_MsgObj xmlns:msgns=&quot;PriceProcess_iep&quot;&gt;&lt;symbol&gt;JAVA&lt;/symbol&gt;&lt;AvgPrice&gt;10.65&lt;/AvgPrice&gt;&lt;currenttime&gt;2008-10-09T15:42:28.728-07:00&lt;/currenttime&gt;&lt;Timestamp&gt;2008-10-09T15:42:25.969-07:00&lt;/Timestamp&gt;&lt;/msgns:StreamOutput0_MsgObj&gt;&lt;msgns:StreamOutput0_MsgObj xmlns:msgns=&quot;PriceProcess_iep&quot;&gt;&lt;symbol&gt;MUR&lt;/symbol&gt;&lt;AvgPrice&gt;5.298571428571429&lt;/AvgPrice&gt;&lt;currenttime&gt;2008-10-09T15:42:28.728-07:00&lt;/currenttime&gt;&lt;Timestamp&gt;2008-10-09T15:42:25.969-07:00&lt;/Timestamp&gt;&lt;/msgns:StreamOutput0_MsgObj&gt;&lt;msgns:StreamOutput0_MsgObj xmlns:msgns=&quot;PriceProcess_iep&quot;&gt;&lt;symbol&gt;DIJ&lt;/symbol&gt;&lt;AvgPrice&gt;5.466666666666666&lt;/AvgPrice&gt;&lt;currenttime&gt;2008-10-09T15:42:28.728-07:00&lt;/currenttime&gt;&lt;Timestamp&gt;2008-10-09T15:42:25.969-07:00&lt;/Timestamp&gt;&lt;/msgns:StreamOutput0_MsgObj&gt;&lt;msgns:StreamOutput0_MsgObj xmlns:msgns=&quot;PriceProcess_iep&quot;&gt;&lt;symbol&gt;PHI&lt;/symbol&gt;&lt;AvgPrice&gt;8.202222222222224&lt;/AvgPrice&gt;&lt;currenttime&gt;2008-10-09T15:42:28.728-07:00&lt;/currenttime&gt;&lt;Timestamp&gt;2008-10-09T15:42:25.969-07:00&lt;/Timestamp&gt;&lt;/msgns:StreamOutput0_MsgObj&gt;&lt;msgns:StreamOutput0_MsgObj xmlns:msgns=&quot;PriceProcess_iep&quot;&gt;&lt;symbol&gt;JAVA&lt;/symbol&gt;&lt;AvgPrice&gt;10.65&lt;/AvgPrice&gt;&lt;currenttime&gt;2008-10-09T15:42:28.728-07:00&lt;/currenttime&gt;&lt;Timestamp&gt;2008-10-09T15:42:25.985-07:00&lt;/Timestamp&gt;&lt;/msgns:StreamOutput0_MsgObj&gt;&lt;msgns:StreamOutput0_MsgObj xmlns:msgns=&quot;PriceProcess_iep&quot;&gt;&lt;symbol&gt;DIJ&lt;/symbol&gt;&lt;AvgPrice&gt;5.466666666666666&lt;/AvgPrice&gt;&lt;currenttime&gt;2008-10-09T15:42:28.728-07:00&lt;/currenttime&gt;&lt;Timestamp&gt;2008-10-09T15:42:25.985-07:00&lt;/Timestamp&gt;&lt;/msgns:StreamOutput0_MsgObj&gt;&lt;msgns:StreamOutput0_MsgObj xmlns:msgns=&quot;PriceProcess_iep&quot;&gt;&lt;symbol&gt;PHI&lt;/symbol&gt;&lt;AvgPrice&gt;8.202222222222224&lt;/AvgPrice&gt;&lt;currenttime&gt;2008-10-09T15:42:28.728-07:00&lt;/currenttime&gt;&lt;Timestamp&gt;2008-10-09T15:42:25.985-07:00&lt;/Timestamp&gt;&lt;/msgns:StreamOutput0_MsgObj&gt;&lt;msgns:StreamOutput0_MsgObj xmlns:msgns=&quot;PriceProcess_iep&quot;&gt;&lt;symbol&gt;MUR&lt;/symbol&gt;&lt;AvgPrice&gt;5.3875&lt;/AvgPrice&gt;&lt;currenttime&gt;2008-10-09T15:42:28.728-07:00&lt;/currenttime&gt;&lt;Timestamp&gt;2008-10-09T15:42:25.985-07:00&lt;/Timestamp&gt;&lt;/msgns:StreamOutput0_MsgObj&gt;&lt;msgns:StreamOutput0_MsgObj xmlns:msgns=&quot;PriceProcess_iep&quot;&gt;&lt;symbol&gt;JAVA&lt;/symbol&gt;&lt;AvgPrice&gt;10.65&lt;/AvgPrice&gt;&lt;currenttime&gt;2008-10-09T15:42:28.728-07:00&lt;/currenttime&gt;&lt;Timestamp&gt;2008-10-09T15:42:26.000-07:00&lt;/Timestamp&gt;&lt;/msgns:StreamOutput0_MsgObj&gt;&lt;msgns:StreamOutput0_MsgObj xmlns:msgns=&quot;PriceProcess_iep&quot;&gt;&lt;symbol&gt;DIJ&lt;/symbol&gt;&lt;AvgPrice&gt;5.466666666666666&lt;/AvgPrice&gt;&lt;currenttime&gt;2008-10-09T15:42:28.728-07:00&lt;/currenttime&gt;&lt;Timestamp&gt;2008-10-09T15:42:26.000-07:00&lt;/Timestamp&gt;&lt;/msgns:StreamOutput0_MsgObj&gt;&lt;msgns:StreamOutput0_MsgObj xmlns:msgns=&quot;PriceProcess_iep&quot;&gt;&lt;symbol&gt;MUR&lt;/symbol&gt;&lt;AvgPrice&gt;5.3875&lt;/AvgPrice&gt;&lt;currenttime&gt;2008-10-09T15:42:28.728-07:00&lt;/currenttime&gt;&lt;Timestamp&gt;2008-10-09T15:42:26.000-07:00&lt;/Timestamp&gt;&lt;/msgns:StreamOutput0_MsgObj&gt;&lt;msgns:StreamOutput0_MsgObj xmlns:msgns=&quot;PriceProcess_iep&quot;&gt;&lt;symbol&gt;PHI&lt;/symbol&gt;&lt;AvgPrice&gt;8.080000000000002&lt;/AvgPrice&gt;&lt;currenttime&gt;2008-10-09T15:42:28.728-07:00&lt;/currenttime&gt;&lt;Timestamp&gt;2008-10-09T15:42:26.000-07:00&lt;/Timestamp&gt;&lt;/msgns:StreamOutput0_MsgObj&gt;&lt;msgns:StreamOutput0_MsgObj xmlns:msgns=&quot;PriceProcess_iep&quot;&gt;&lt;symbol&gt;DIJ&lt;/symbol&gt;&lt;AvgPrice&gt;5.466666666666666&lt;/AvgPrice&gt;&lt;currenttime&gt;2008-10-09T15:42:28.728-07:00&lt;/currenttime&gt;&lt;Timestamp&gt;2008-10-09T15:42:26.016-07:00&lt;/Timestamp&gt;&lt;/msgns:StreamOutput0_MsgObj&gt;&lt;msgns:StreamOutput0_MsgObj xmlns:msgns=&quot;PriceProcess_iep&quot;&gt;&lt;symbol&gt;MUR&lt;/symbol&gt;&lt;AvgPrice&gt;5.3875&lt;/AvgPrice&gt;&lt;currenttime&gt;2008-10-09T15:42:28.728-07:00&lt;/currenttime&gt;&lt;Timestamp&gt;2008-10-09T15:42:26.016-07:00&lt;/Timestamp&gt;&lt;/msgns:StreamOutput0_MsgObj&gt;&lt;msgns:StreamOutput0_MsgObj xmlns:msgns=&quot;PriceProcess_iep&quot;&gt;&lt;symbol&gt;PHI&lt;/symbol&gt;&lt;AvgPrice&gt;8.080000000000002&lt;/AvgPrice&gt;&lt;currenttime&gt;2008-10-09T15:42:28.728-07:00&lt;/currenttime&gt;&lt;Timestamp&gt;2008-10-09T15:42:26.016-07:00&lt;/Timestamp&gt;&lt;/msgns:StreamOutput0_MsgObj&gt;&lt;msgns:StreamOutput0_MsgObj xmlns:msgns=&quot;PriceProcess_iep&quot;&gt;&lt;symbol&gt;JAVA&lt;/symbol&gt;&lt;AvgPrice&gt;9.485&lt;/AvgPrice&gt;&lt;currenttime&gt;2008-10-09T15:42:28.728-07:00&lt;/currenttime&gt;&lt;Timestamp&gt;2008-10-09T15:42:26.016-07:00&lt;/Timestamp&gt;&lt;/msgns:StreamOutput0_MsgObj&gt;&lt;msgns:StreamOutput0_MsgObj xmlns:msgns=&quot;PriceProcess_iep&quot;&gt;&lt;symbol&gt;DIJ&lt;/symbol&gt;&lt;AvgPrice&gt;5.466666666666666&lt;/AvgPrice&gt;&lt;currenttime&gt;2008-10-09T15:42:38.072-07:00&lt;/currenttime&gt;&lt;Timestamp&gt;2008-10-09T15:42:36.031-07:00&lt;/Timestamp&gt;&lt;/msgns:StreamOutput0_MsgObj&gt;&lt;msgns:StreamOutput0_MsgObj xmlns:msgns=&quot;PriceProcess_iep&quot;&gt;&lt;symbol&gt;PHI&lt;/symbol&gt;&lt;AvgPrice&gt;8.080000000000002&lt;/AvgPrice&gt;&lt;currenttime&gt;2008-10-09T15:42:38.072-07:00&lt;/currenttime&gt;&lt;Timestamp&gt;2008-10-09T15:42:36.031-07:00&lt;/Timestamp&gt;&lt;/msgns:StreamOutput0_MsgObj&gt;&lt;msgns:StreamOutput0_MsgObj xmlns:msgns=&quot;PriceProcess_iep&quot;&gt;&lt;symbol&gt;JAVA&lt;/symbol&gt;&lt;AvgPrice&gt;9.485&lt;/AvgPrice&gt;&lt;currenttime&gt;2008-10-09T15:42:38.072-07:00&lt;/currenttime&gt;&lt;Timestamp&gt;2008-10-09T15:42:36.031-07:00&lt;/Timestamp&gt;&lt;/msgns:StreamOutput0_MsgObj&gt;&lt;msgns:StreamOutput0_MsgObj xmlns:msgns=&quot;PriceProcess_iep&quot;&gt;&lt;symbol&gt;MUR&lt;/symbol&gt;&lt;AvgPrice&gt;5.408888888888889&lt;/AvgPrice&gt;&lt;currenttime&gt;2008-10-09T15:42:38.072-07:00&lt;/currenttime&gt;&lt;Timestamp&gt;2008-10-09T15:42:36.031-07:00&lt;/Timestamp&gt;&lt;/msgns:StreamOutput0_MsgObj&gt;&lt;msgns:StreamOutput0_MsgObj xmlns:msgns=&quot;PriceProcess_iep&quot;&gt;&lt;symbol&gt;DIJ&lt;/symbol&gt;&lt;AvgPrice&gt;5.466666666666666&lt;/AvgPrice&gt;&lt;currenttime&gt;2008-10-09T15:42:38.072-07:00&lt;/currenttime&gt;&lt;Timestamp&gt;2008-10-09T15:42:36.046-07:00&lt;/Timestamp&gt;&lt;/msgns:StreamOutput0_MsgObj&gt;&lt;msgns:StreamOutput0_MsgObj xmlns:msgns=&quot;PriceProcess_iep&quot;&gt;&lt;symbol&gt;JAVA&lt;/symbol&gt;&lt;AvgPrice&gt;9.485&lt;/AvgPrice&gt;&lt;currenttime&gt;2008-10-09T15:42:38.072-07:00&lt;/currenttime&gt;&lt;Timestamp&gt;2008-10-09T15:42:36.046-07:00&lt;/Timestamp&gt;&lt;/msgns:StreamOutput0_MsgObj&gt;&lt;msgns:StreamOutput0_MsgObj xmlns:msgns=&quot;PriceProcess_iep&quot;&gt;&lt;symbol&gt;MUR&lt;/symbol&gt;&lt;AvgPrice&gt;5.408888888888889&lt;/AvgPrice&gt;&lt;currenttime&gt;2008-10-09T15:42:38.072-07:00&lt;/currenttime&gt;&lt;Timestamp&gt;2008-10-09T15:42:36.046-07:00&lt;/Timestamp&gt;&lt;/msgns:StreamOutput0_MsgObj&gt;&lt;msgns:StreamOutput0_MsgObj xmlns:msgns=&quot;PriceProcess_iep&quot;&gt;&lt;symbol&gt;PHI&lt;/symbol&gt;&lt;AvgPrice&gt;8.525454545454547&lt;/AvgPrice&gt;&lt;currenttime&gt;2008-10-09T15:42:38.072-07:00&lt;/currenttime&gt;&lt;Timestamp&gt;2008-10-09T15:42:36.046-07:00&lt;/Timestamp&gt;&lt;/msgns:StreamOutput0_MsgObj&gt;&lt;msgns:StreamOutput0_MsgObj xmlns:msgns=&quot;PriceProcess_iep&quot;&gt;&lt;symbol&gt;JAVA&lt;/symbol&gt;&lt;AvgPrice&gt;9.485&lt;/AvgPrice&gt;&lt;currenttime&gt;2008-10-09T15:42:38.119-07:00&lt;/currenttime&gt;&lt;Timestamp&gt;2008-10-09T15:42:36.062-07:00&lt;/Timestamp&gt;&lt;/msgns:StreamOutput0_MsgObj&gt;&lt;msgns:StreamOutput0_MsgObj xmlns:msgns=&quot;PriceProcess_iep&quot;&gt;&lt;symbol&gt;MUR&lt;/symbol&gt;&lt;AvgPrice&gt;5.408888888888889&lt;/AvgPrice&gt;&lt;currenttime&gt;2008-10-09T15:42:38.119-07:00&lt;/currenttime&gt;&lt;Timestamp&gt;2008-10-09T15:42:36.062-07:00&lt;/Timestamp&gt;&lt;/msgns:StreamOutput0_MsgObj&gt;&lt;msgns:StreamOutput0_MsgObj xmlns:msgns=&quot;PriceProcess_iep&quot;&gt;&lt;symbol&gt;PHI&lt;/symbol&gt;&lt;AvgPrice&gt;8.525454545454547&lt;/AvgPrice&gt;&lt;currenttime&gt;2008-10-09T15:42:38.119-07:00&lt;/currenttime&gt;&lt;Timestamp&gt;2008-10-09T15:42:36.062-07:00&lt;/Timestamp&gt;&lt;/msgns:StreamOutput0_MsgObj&gt;&lt;msgns:StreamOutput0_MsgObj xmlns:msgns=&quot;PriceProcess_iep&quot;&gt;&lt;symbol&gt;DIJ&lt;/symbol&gt;&lt;AvgPrice&gt;5.5&lt;/AvgPrice&gt;&lt;currenttime&gt;2008-10-09T15:42:38.119-07:00&lt;/currenttime&gt;&lt;Timestamp&gt;2008-10-09T15:42:36.062-07:00&lt;/Timestamp&gt;&lt;/msgns:StreamOutput0_MsgObj&gt;&lt;msgns:StreamOutput0_MsgObj xmlns:msgns=&quot;PriceProcess_iep&quot;&gt;&lt;symbol&gt;MUR&lt;/symbol&gt;&lt;AvgPrice&gt;5.408888888888889&lt;/AvgPrice&gt;&lt;currenttime&gt;2008-10-09T15:42:38.119-07:00&lt;/currenttime&gt;&lt;Timestamp&gt;2008-10-09T15:42:36.078-07:00&lt;/Timestamp&gt;&lt;/msgns:StreamOutput0_MsgObj&gt;&lt;msgns:StreamOutput0_MsgObj xmlns:msgns=&quot;PriceProcess_iep&quot;&gt;&lt;symbol&gt;PHI&lt;/symbol&gt;&lt;AvgPrice&gt;8.525454545454547&lt;/AvgPrice&gt;&lt;currenttime&gt;2008-10-09T15:42:38.119-07:00&lt;/currenttime&gt;&lt;Timestamp&gt;2008-10-09T15:42:36.078-07:00&lt;/Timestamp&gt;&lt;/msgns:StreamOutput0_MsgObj&gt;&lt;msgns:StreamOutput0_MsgObj xmlns:msgns=&quot;PriceProcess_iep&quot;&gt;&lt;symbol&gt;DIJ&lt;/symbol&gt;&lt;AvgPrice&gt;5.5&lt;/AvgPrice&gt;&lt;currenttime&gt;2008-10-09T15:42:38.119-07:00&lt;/currenttime&gt;&lt;Timestamp&gt;2008-10-09T15:42:36.078-07:00&lt;/Timestamp&gt;&lt;/msgns:StreamOutput0_MsgObj&gt;&lt;msgns:StreamOutput0_MsgObj xmlns:msgns=&quot;PriceProcess_iep&quot;&gt;&lt;symbol&gt;JAVA&lt;/symbol&gt;&lt;AvgPrice&gt;9.784&lt;/AvgPrice&gt;&lt;currenttime&gt;2008-10-09T15:42:38.119-07:00&lt;/currenttime&gt;&lt;Timestamp&gt;2008-10-09T15:42:36.078-07:00&lt;/Timestamp&gt;&lt;/msgns:StreamOutput0_MsgObj&gt;&lt;msgns:StreamOutput0_MsgObj xmlns:msgns=&quot;PriceProcess_iep&quot;&gt;&lt;symbol&gt;PHI&lt;/symbol&gt;&lt;AvgPrice&gt;8.525454545454547&lt;/AvgPrice&gt;&lt;currenttime&gt;2008-10-09T15:42:38.166-07:00&lt;/currenttime&gt;&lt;Timestamp&gt;2008-10-09T15:42:36.093-07:00&lt;/Timestamp&gt;&lt;/msgns:StreamOutput0_MsgObj&gt;&lt;msgns:StreamOutput0_MsgObj xmlns:msgns=&quot;PriceProcess_iep&quot;&gt;&lt;symbol&gt;DIJ&lt;/symbol&gt;&lt;AvgPrice&gt;5.5&lt;/AvgPrice&gt;&lt;currenttime&gt;2008-10-09T15:42:38.166-07:00&lt;/currenttime&gt;&lt;Timestamp&gt;2008-10-09T15:42:36.093-07:00&lt;/Timestamp&gt;&lt;/msgns:StreamOutput0_MsgObj&gt;&lt;msgns:StreamOutput0_MsgObj xmlns:msgns=&quot;PriceProcess_iep&quot;&gt;&lt;symbol&gt;JAVA&lt;/symbol&gt;&lt;AvgPrice&gt;9.784&lt;/AvgPrice&gt;&lt;currenttime&gt;2008-10-09T15:42:38.166-07:00&lt;/currenttime&gt;&lt;Timestamp&gt;2008-10-09T15:42:36.093-07:00&lt;/Timestamp&gt;&lt;/msgns:StreamOutput0_MsgObj&gt;&lt;msgns:StreamOutput0_MsgObj xmlns:msgns=&quot;PriceProcess_iep&quot;&gt;&lt;symbol&gt;MUR&lt;/symbol&gt;&lt;AvgPrice&gt;5.406000000000001&lt;/AvgPrice&gt;&lt;currenttime&gt;2008-10-09T15:42:38.166-07:00&lt;/currenttime&gt;&lt;Timestamp&gt;2008-10-09T15:42:36.093-07:00&lt;/Timestamp&gt;&lt;/msgns:StreamOutput0_MsgObj&gt;&lt;msgns:StreamOutput0_MsgObj xmlns:msgns=&quot;PriceProcess_iep&quot;&gt;&lt;symbol&gt;DIJ&lt;/symbol&gt;&lt;AvgPrice&gt;5.5&lt;/AvgPrice&gt;&lt;currenttime&gt;2008-10-09T15:42:38.166-07:00&lt;/currenttime&gt;&lt;Timestamp&gt;2008-10-09T15:42:36.109-07:00&lt;/Timestamp&gt;&lt;/msgns:StreamOutput0_MsgObj&gt;&lt;msgns:StreamOutput0_MsgObj xmlns:msgns=&quot;PriceProcess_iep&quot;&gt;&lt;symbol&gt;JAVA&lt;/symbol&gt;&lt;AvgPrice&gt;9.784&lt;/AvgPrice&gt;&lt;currenttime&gt;2008-10-09T15:42:38.166-07:00&lt;/currenttime&gt;&lt;Timestamp&gt;2008-10-09T15:42:36.109-07:00&lt;/Timestamp&gt;&lt;/msgns:StreamOutput0_MsgObj&gt;&lt;msgns:StreamOutput0_MsgObj xmlns:msgns=&quot;PriceProcess_iep&quot;&gt;&lt;symbol&gt;MUR&lt;/symbol&gt;&lt;AvgPrice&gt;5.406000000000001&lt;/AvgPrice&gt;&lt;currenttime&gt;2008-10-09T15:42:38.166-07:00&lt;/currenttime&gt;&lt;Timestamp&gt;2008-10-09T15:42:36.109-07:00&lt;/Timestamp&gt;&lt;/msgns:StreamOutput0_MsgObj&gt;&lt;msgns:StreamOutput0_MsgObj xmlns:msgns=&quot;PriceProcess_iep&quot;&gt;&lt;symbol&gt;PHI&lt;/symbol&gt;&lt;AvgPrice&gt;8.980000000000002&lt;/AvgPrice&gt;&lt;currenttime&gt;2008-10-09T15:42:38.166-07:00&lt;/currenttime&gt;&lt;Timestamp&gt;2008-10-09T15:42:36.109-07:00&lt;/Timestamp&gt;&lt;/msgns:StreamOutput0_MsgObj&gt;&lt;msgns:StreamOutput0_MsgObj xmlns:msgns=&quot;PriceProcess_iep&quot;&gt;&lt;symbol&gt;DIJ&lt;/symbol&gt;&lt;AvgPrice&gt;5.5&lt;/AvgPrice&gt;&lt;currenttime&gt;2008-10-09T15:42:38.166-07:00&lt;/currenttime&gt;&lt;Timestamp&gt;2008-10-09T15:42:36.124-07:00&lt;/Timestamp&gt;&lt;/msgns:StreamOutput0_MsgObj&gt;&lt;msgns:StreamOutput0_MsgObj xmlns:msgns=&quot;PriceProcess_iep&quot;&gt;&lt;symbol&gt;MUR&lt;/symbol&gt;&lt;AvgPrice&gt;5.406000000000001&lt;/AvgPrice&gt;&lt;currenttime&gt;2008-10-09T15:42:38.166-07:00&lt;/currenttime&gt;&lt;Timestamp&gt;2008-10-09T15:42:36.124-07:00&lt;/Timestamp&gt;&lt;/msgns:StreamOutput0_MsgObj&gt;&lt;msgns:StreamOutput0_MsgObj xmlns:msgns=&quot;PriceProcess_iep&quot;&gt;&lt;symbol&gt;PHI&lt;/symbol&gt;&lt;AvgPrice&gt;8.980000000000002&lt;/AvgPrice&gt;&lt;currenttime&gt;2008-10-09T15:42:38.166-07:00&lt;/currenttime&gt;&lt;Timestamp&gt;2008-10-09T15:42:36.124-07:00&lt;/Timestamp&gt;&lt;/msgns:StreamOutput0_MsgObj&gt;&lt;msgns:StreamOutput0_MsgObj xmlns:msgns=&quot;PriceProcess_iep&quot;&gt;&lt;symbol&gt;JAVA&lt;/symbol&gt;&lt;AvgPrice&gt;8.985000000000001&lt;/AvgPrice&gt;&lt;currenttime&gt;2008-10-09T15:42:38.166-07:00&lt;/currenttime&gt;&lt;Timestamp&gt;2008-10-09T15:42:36.124-07:00&lt;/Timestamp&gt;&lt;/msgns:StreamOutput0_MsgObj&gt;&lt;msgns:StreamOutput0_MsgObj xmlns:msgns=&quot;PriceProcess_iep&quot;&gt;&lt;symbol&gt;DIJ&lt;/symbol&gt;&lt;AvgPrice&gt;5.5&lt;/AvgPrice&gt;&lt;currenttime&gt;2008-10-09T15:42:38.228-07:00&lt;/currenttime&gt;&lt;Timestamp&gt;2008-10-09T15:42:36.142-07:00&lt;/Timestamp&gt;&lt;/msgns:StreamOutput0_MsgObj&gt;&lt;msgns:StreamOutput0_MsgObj xmlns:msgns=&quot;PriceProcess_iep&quot;&gt;&lt;symbol&gt;MUR&lt;/symbol&gt;&lt;AvgPrice&gt;5.406000000000001&lt;/AvgPrice&gt;&lt;currenttime&gt;2008-10-09T15:42:38.228-07:00&lt;/currenttime&gt;&lt;Timestamp&gt;2008-10-09T15:42:36.142-07:00&lt;/Timestamp&gt;&lt;/msgns:StreamOutput0_MsgObj&gt;&lt;msgns:StreamOutput0_MsgObj xmlns:msgns=&quot;PriceProcess_iep&quot;&gt;&lt;symbol&gt;JAVA&lt;/symbol&gt;&lt;AvgPrice&gt;8.985000000000001&lt;/AvgPrice&gt;&lt;currenttime&gt;2008-10-09T15:42:38.228-07:00&lt;/currenttime&gt;&lt;Timestamp&gt;2008-10-09T15:42:36.142-07:00&lt;/Timestamp&gt;&lt;/msgns:StreamOutput0_MsgObj&gt;&lt;msgns:StreamOutput0_MsgObj xmlns:msgns=&quot;PriceProcess_iep&quot;&gt;&lt;symbol&gt;PHI&lt;/symbol&gt;&lt;AvgPrice&gt;9.51846153846154&lt;/AvgPrice&gt;&lt;currenttime&gt;2008-10-09T15:42:38.228-07:00&lt;/currenttime&gt;&lt;Timestamp&gt;2008-10-09T15:42:36.142-07:00&lt;/Timestamp&gt;&lt;/msgns:StreamOutput0_MsgObj&gt;&lt;msgns:StreamOutput0_MsgObj xmlns:msgns=&quot;PriceProcess_iep&quot;&gt;&lt;symbol&gt;DIJ&lt;/symbol&gt;&lt;AvgPrice&gt;5.5&lt;/AvgPrice&gt;&lt;currenttime&gt;2008-10-09T15:42:38.228-07:00&lt;/currenttime&gt;&lt;Timestamp&gt;2008-10-09T15:42:36.156-07:00&lt;/Timestamp&gt;&lt;/msgns:StreamOutput0_MsgObj&gt;&lt;msgns:StreamOutput0_MsgObj xmlns:msgns=&quot;PriceProcess_iep&quot;&gt;&lt;symbol&gt;JAVA&lt;/symbol&gt;&lt;AvgPrice&gt;8.985000000000001&lt;/AvgPrice&gt;&lt;currenttime&gt;2008-10-09T15:42:38.228-07:00&lt;/currenttime&gt;&lt;Timestamp&gt;2008-10-09T15:42:36.156-07:00&lt;/Timestamp&gt;&lt;/msgns:StreamOutput0_MsgObj&gt;&lt;msgns:StreamOutput0_MsgObj xmlns:msgns=&quot;PriceProcess_iep&quot;&gt;&lt;symbol&gt;PHI&lt;/symbol&gt;&lt;AvgPrice&gt;9.51846153846154&lt;/AvgPrice&gt;&lt;currenttime&gt;2008-10-09T15:42:38.228-07:00&lt;/currenttime&gt;&lt;Timestamp&gt;2008-10-09T15:42:36.156-07:00&lt;/Timestamp&gt;&lt;/msgns:StreamOutput0_MsgObj&gt;&lt;msgns:StreamOutput0_MsgObj xmlns:msgns=&quot;PriceProcess_iep&quot;&gt;&lt;symbol&gt;MUR&lt;/symbol&gt;&lt;AvgPrice&gt;5.359090909090909&lt;/AvgPrice&gt;&lt;currenttime&gt;2008-10-09T15:42:38.228-07:00&lt;/currenttime&gt;&lt;Timestamp&gt;2008-10-09T15:42:36.156-07:00&lt;/Timestamp&gt;&lt;/msgns:StreamOutput0_MsgObj&gt;&lt;msgns:StreamOutput0_MsgObj xmlns:msgns=&quot;PriceProcess_iep&quot;&gt;&lt;symbol&gt;DIJ&lt;/symbol&gt;&lt;AvgPrice&gt;5.5&lt;/AvgPrice&gt;&lt;currenttime&gt;2008-10-09T15:42:38.228-07:00&lt;/currenttime&gt;&lt;Timestamp&gt;2008-10-09T15:42:36.171-07:00&lt;/Timestamp&gt;&lt;/msgns:StreamOutput0_MsgObj&gt;&lt;msgns:StreamOutput0_MsgObj xmlns:msgns=&quot;PriceProcess_iep&quot;&gt;&lt;symbol&gt;JAVA&lt;/symbol&gt;&lt;AvgPrice&gt;8.985000000000001&lt;/AvgPrice&gt;&lt;currenttime&gt;2008-10-09T15:42:38.228-07:00&lt;/currenttime&gt;&lt;Timestamp&gt;2008-10-09T15:42:36.171-07:00&lt;/Timestamp&gt;&lt;/msgns:StreamOutput0_MsgObj&gt;&lt;msgns:StreamOutput0_MsgObj xmlns:msgns=&quot;PriceProcess_iep&quot;&gt;&lt;symbol&gt;MUR&lt;/symbol&gt;&lt;AvgPrice&gt;5.359090909090909&lt;/AvgPrice&gt;&lt;currenttime&gt;2008-10-09T15:42:38.228-07:00&lt;/currenttime&gt;&lt;Timestamp&gt;2008-10-09T15:42:36.171-07:00&lt;/Timestamp&gt;&lt;/msgns:StreamOutput0_MsgObj&gt;&lt;msgns:StreamOutput0_MsgObj xmlns:msgns=&quot;PriceProcess_iep&quot;&gt;&lt;symbol&gt;PHI&lt;/symbol&gt;&lt;AvgPrice&gt;9.551428571428573&lt;/AvgPrice&gt;&lt;currenttime&gt;2008-10-09T15:42:38.228-07:00&lt;/currenttime&gt;&lt;Timestamp&gt;2008-10-09T15:42:36.171-07:00&lt;/Timestamp&gt;&lt;/msgns:StreamOutput0_MsgObj&gt;&lt;msgns:StreamOutput0_MsgObj xmlns:msgns=&quot;PriceProcess_iep&quot;&gt;&lt;symbol&gt;JAVA&lt;/symbol&gt;&lt;AvgPrice&gt;8.985000000000001&lt;/AvgPrice&gt;&lt;currenttime&gt;2008-10-09T15:42:38.275-07:00&lt;/currenttime&gt;&lt;Timestamp&gt;2008-10-09T15:42:36.187-07:00&lt;/Timestamp&gt;&lt;/msgns:StreamOutput0_MsgObj&gt;&lt;msgns:StreamOutput0_MsgObj xmlns:msgns=&quot;PriceProcess_iep&quot;&gt;&lt;symbol&gt;MUR&lt;/symbol&gt;&lt;AvgPrice&gt;5.359090909090909&lt;/AvgPrice&gt;&lt;currenttime&gt;2008-10-09T15:42:38.275-07:00&lt;/currenttime&gt;&lt;Timestamp&gt;2008-10-09T15:42:36.187-07:00&lt;/Timestamp&gt;&lt;/msgns:StreamOutput0_MsgObj&gt;&lt;msgns:StreamOutput0_MsgObj xmlns:msgns=&quot;PriceProcess_iep&quot;&gt;&lt;symbol&gt;PHI&lt;/symbol&gt;&lt;AvgPrice&gt;9.551428571428573&lt;/AvgPrice&gt;&lt;currenttime&gt;2008-10-09T15:42:38.275-07:00&lt;/currenttime&gt;&lt;Timestamp&gt;2008-10-09T15:42:36.187-07:00&lt;/Timestamp&gt;&lt;/msgns:StreamOutput0_MsgObj&gt;&lt;msgns:StreamOutput0_MsgObj xmlns:msgns=&quot;PriceProcess_iep&quot;&gt;&lt;symbol&gt;DIJ&lt;/symbol&gt;&lt;AvgPrice&gt;5.382&lt;/AvgPrice&gt;&lt;currenttime&gt;2008-10-09T15:42:38.275-07:00&lt;/currenttime&gt;&lt;Timestamp&gt;2008-10-09T15:42:36.187-07:00&lt;/Timestamp&gt;&lt;/msgns:StreamOutput0_MsgObj&gt;&lt;msgns:StreamOutput0_MsgObj xmlns:msgns=&quot;PriceProcess_iep&quot;&gt;&lt;symbol&gt;JAVA&lt;/symbol&gt;&lt;AvgPrice&gt;8.985000000000001&lt;/AvgPrice&gt;&lt;currenttime&gt;2008-10-09T15:42:38.275-07:00&lt;/currenttime&gt;&lt;Timestamp&gt;2008-10-09T15:42:36.203-07:00&lt;/Timestamp&gt;&lt;/msgns:StreamOutput0_MsgObj&gt;&lt;msgns:StreamOutput0_MsgObj xmlns:msgns=&quot;PriceProcess_iep&quot;&gt;&lt;symbol&gt;MUR&lt;/symbol&gt;&lt;AvgPrice&gt;5.359090909090909&lt;/AvgPrice&gt;&lt;currenttime&gt;2008-10-09T15:42:38.275-07:00&lt;/currenttime&gt;&lt;Timestamp&gt;2008-10-09T15:42:36.203-07:00&lt;/Timestamp&gt;&lt;/msgns:StreamOutput0_MsgObj&gt;&lt;msgns:StreamOutput0_MsgObj xmlns:msgns=&quot;PriceProcess_iep&quot;&gt;&lt;symbol&gt;DIJ&lt;/symbol&gt;&lt;AvgPrice&gt;5.382&lt;/AvgPrice&gt;&lt;currenttime&gt;2008-10-09T15:42:38.275-07:00&lt;/currenttime&gt;&lt;Timestamp&gt;2008-10-09T15:42:36.203-07:00&lt;/Timestamp&gt;&lt;/msgns:StreamOutput0_MsgObj&gt;&lt;msgns:StreamOutput0_MsgObj xmlns:msgns=&quot;PriceProcess_iep&quot;&gt;&lt;symbol&gt;PHI&lt;/symbol&gt;&lt;AvgPrice&gt;9.446666666666667&lt;/AvgPrice&gt;&lt;currenttime&gt;2008-10-09T15:42:38.275-07:00&lt;/currenttime&gt;&lt;Timestamp&gt;2008-10-09T15:42:36.203-07:00&lt;/Timestamp&gt;&lt;/msgns:StreamOutput0_MsgObj&gt;&lt;msgns:StreamOutput0_MsgObj xmlns:msgns=&quot;PriceProcess_iep&quot;&gt;&lt;symbol&gt;JAVA&lt;/symbol&gt;&lt;AvgPrice&gt;8.985000000000001&lt;/AvgPrice&gt;&lt;currenttime&gt;2008-10-09T15:42:38.275-07:00&lt;/currenttime&gt;&lt;Timestamp&gt;2008-10-09T15:42:36.218-07:00&lt;/Timestamp&gt;&lt;/msgns:StreamOutput0_MsgObj&gt;&lt;msgns:StreamOutput0_MsgObj xmlns:msgns=&quot;PriceProcess_iep&quot;&gt;&lt;symbol&gt;DIJ&lt;/symbol&gt;&lt;AvgPrice&gt;5.382&lt;/AvgPrice&gt;&lt;currenttime&gt;2008-10-09T15:42:38.275-07:00&lt;/currenttime&gt;&lt;Timestamp&gt;2008-10-09T15:42:36.218-07:00&lt;/Timestamp&gt;&lt;/msgns:StreamOutput0_MsgObj&gt;&lt;msgns:StreamOutput0_MsgObj xmlns:msgns=&quot;PriceProcess_iep&quot;&gt;&lt;symbol&gt;PHI&lt;/symbol&gt;&lt;AvgPrice&gt;9.446666666666667&lt;/AvgPrice&gt;&lt;currenttime&gt;2008-10-09T15:42:38.275-07:00&lt;/currenttime&gt;&lt;Timestamp&gt;2008-10-09T15:42:36.218-07:00&lt;/Timestamp&gt;&lt;/msgns:StreamOutput0_MsgObj&gt;&lt;msgns:StreamOutput0_MsgObj xmlns:msgns=&quot;PriceProcess_iep&quot;&gt;&lt;symbol&gt;MUR&lt;/symbol&gt;&lt;AvgPrice&gt;5.348333333333334&lt;/AvgPrice&gt;&lt;currenttime&gt;2008-10-09T15:42:38.275-07:00&lt;/currenttime&gt;&lt;Timestamp&gt;2008-10-09T15:42:36.218-07:00&lt;/Timestamp&gt;&lt;/msgns:StreamOutput0_MsgObj&gt;&lt;msgns:StreamOutput0_MsgObj xmlns:msgns=&quot;PriceProcess_iep&quot;&gt;&lt;symbol&gt;JAVA&lt;/symbol&gt;&lt;AvgPrice&gt;8.985000000000001&lt;/AvgPrice&gt;&lt;currenttime&gt;2008-10-09T15:42:38.322-07:00&lt;/currenttime&gt;&lt;Timestamp&gt;2008-10-09T15:42:36.234-07:00&lt;/Timestamp&gt;&lt;/msgns:StreamOutput0_MsgObj&gt;&lt;msgns:StreamOutput0_MsgObj xmlns:msgns=&quot;PriceProcess_iep&quot;&gt;&lt;symbol&gt;DIJ&lt;/symbol&gt;&lt;AvgPrice&gt;5.382&lt;/AvgPrice&gt;&lt;currenttime&gt;2008-10-09T15:42:38.322-07:00&lt;/currenttime&gt;&lt;Timestamp&gt;2008-10-09T15:42:36.234-07:00&lt;/Timestamp&gt;&lt;/msgns:StreamOutput0_MsgObj&gt;&lt;msgns:StreamOutput0_MsgObj xmlns:msgns=&quot;PriceProcess_iep&quot;&gt;&lt;symbol&gt;MUR&lt;/symbol&gt;&lt;AvgPrice&gt;5.348333333333334&lt;/AvgPrice&gt;&lt;currenttime&gt;2008-10-09T15:42:38.322-07:00&lt;/currenttime&gt;&lt;Timestamp&gt;2008-10-09T15:42:36.234-07:00&lt;/Timestamp&gt;&lt;/msgns:StreamOutput0_MsgObj&gt;&lt;msgns:StreamOutput0_MsgObj xmlns:msgns=&quot;PriceProcess_iep&quot;&gt;&lt;symbol&gt;PHI&lt;/symbol&gt;&lt;AvgPrice&gt;9.105&lt;/AvgPrice&gt;&lt;currenttime&gt;2008-10-09T15:42:38.322-07:00&lt;/currenttime&gt;&lt;Timestamp&gt;2008-10-09T15:42:36.234-07:00&lt;/Timestamp&gt;&lt;/msgns:StreamOutput0_MsgObj&gt;&lt;msgns:StreamOutput0_MsgObj xmlns:msgns=&quot;PriceProcess_iep&quot;&gt;&lt;symbol&gt;JAVA&lt;/symbol&gt;&lt;AvgPrice&gt;8.985000000000001&lt;/AvgPrice&gt;&lt;currenttime&gt;2008-10-09T15:42:38.322-07:00&lt;/currenttime&gt;&lt;Timestamp&gt;2008-10-09T15:42:36.249-07:00&lt;/Timestamp&gt;&lt;/msgns:StreamOutput0_MsgObj&gt;&lt;msgns:StreamOutput0_MsgObj xmlns:msgns=&quot;PriceProcess_iep&quot;&gt;&lt;symbol&gt;DIJ&lt;/symbol&gt;&lt;AvgPrice&gt;5.382&lt;/AvgPrice&gt;&lt;currenttime&gt;2008-10-09T15:42:38.322-07:00&lt;/currenttime&gt;&lt;Timestamp&gt;2008-10-09T15:42:36.249-07:00&lt;/Timestamp&gt;&lt;/msgns:StreamOutput0_MsgObj&gt;&lt;msgns:StreamOutput0_MsgObj xmlns:msgns=&quot;PriceProcess_iep&quot;&gt;&lt;symbol&gt;PHI&lt;/symbol&gt;&lt;AvgPrice&gt;9.105&lt;/AvgPrice&gt;&lt;currenttime&gt;2008-10-09T15:42:38.322-07:00&lt;/currenttime&gt;&lt;Timestamp&gt;2008-10-09T15:42:36.249-07:00&lt;/Timestamp&gt;&lt;/msgns:StreamOutput0_MsgObj&gt;&lt;msgns:StreamOutput0_MsgObj xmlns:msgns=&quot;PriceProcess_iep&quot;&gt;&lt;symbol&gt;MUR&lt;/symbol&gt;&lt;AvgPrice&gt;5.324615384615385&lt;/AvgPrice&gt;&lt;currenttime&gt;2008-10-09T15:42:38.322-07:00&lt;/currenttime&gt;&lt;Timestamp&gt;2008-10-09T15:42:36.249-07:00&lt;/Timestamp&gt;&lt;/msgns:StreamOutput0_MsgObj&gt;&lt;msgns:StreamOutput0_MsgObj xmlns:msgns=&quot;PriceProcess_iep&quot;&gt;&lt;symbol&gt;DIJ&lt;/symbol&gt;&lt;AvgPrice&gt;5.382&lt;/AvgPrice&gt;&lt;currenttime&gt;2008-10-09T15:42:38.322-07:00&lt;/currenttime&gt;&lt;Timestamp&gt;2008-10-09T15:42:36.265-07:00&lt;/Timestamp&gt;&lt;/msgns:StreamOutput0_MsgObj&gt;&lt;msgns:StreamOutput0_MsgObj xmlns:msgns=&quot;PriceProcess_iep&quot;&gt;&lt;symbol&gt;PHI&lt;/symbol&gt;&lt;AvgPrice&gt;9.105&lt;/AvgPrice&gt;&lt;currenttime&gt;2008-10-09T15:42:38.322-07:00&lt;/currenttime&gt;&lt;Timestamp&gt;2008-10-09T15:42:36.265-07:00&lt;/Timestamp&gt;&lt;/msgns:StreamOutput0_MsgObj&gt;&lt;msgns:StreamOutput0_MsgObj xmlns:msgns=&quot;PriceProcess_iep&quot;&gt;&lt;symbol&gt;MUR&lt;/symbol&gt;&lt;AvgPrice&gt;5.324615384615385&lt;/AvgPrice&gt;&lt;currenttime&gt;2008-10-09T15:42:38.322-07:00&lt;/currenttime&gt;&lt;Timestamp&gt;2008-10-09T15:42:36.265-07:00&lt;/Timestamp&gt;&lt;/msgns:StreamOutput0_MsgObj&gt;&lt;msgns:StreamOutput0_MsgObj xmlns:msgns=&quot;PriceProcess_iep&quot;&gt;&lt;symbol&gt;JAVA&lt;/symbol&gt;&lt;AvgPrice&gt;9.984285714285715&lt;/AvgPrice&gt;&lt;currenttime&gt;2008-10-09T15:42:38.322-07:00&lt;/currenttime&gt;&lt;Timestamp&gt;2008-10-09T15:42:36.265-07:00&lt;/Timestamp&gt;&lt;/msgns:StreamOutput0_MsgObj&gt;&lt;msgns:StreamOutput0_MsgObj xmlns:msgns=&quot;PriceProcess_iep&quot;&gt;&lt;symbol&gt;DIJ&lt;/symbol&gt;&lt;AvgPrice&gt;5.382&lt;/AvgPrice&gt;&lt;currenttime&gt;2008-10-09T15:42:38.369-07:00&lt;/currenttime&gt;&lt;Timestamp&gt;2008-10-09T15:42:36.281-07:00&lt;/Timestamp&gt;&lt;/msgns:StreamOutput0_MsgObj&gt;&lt;msgns:StreamOutput0_MsgObj xmlns:msgns=&quot;PriceProcess_iep&quot;&gt;&lt;symbol&gt;PHI&lt;/symbol&gt;&lt;AvgPrice&gt;9.105&lt;/AvgPrice&gt;&lt;currenttime&gt;2008-10-09T15:42:38.369-07:00&lt;/currenttime&gt;&lt;Timestamp&gt;2008-10-09T15:42:36.281-07:00&lt;/Timestamp&gt;&lt;/msgns:StreamOutput0_MsgObj&gt;&lt;msgns:StreamOutput0_MsgObj xmlns:msgns=&quot;PriceProcess_iep&quot;&gt;&lt;symbol&gt;JAVA&lt;/symbol&gt;&lt;AvgPrice&gt;9.984285714285715&lt;/AvgPrice&gt;&lt;currenttime&gt;2008-10-09T15:42:38.369-07:00&lt;/currenttime&gt;&lt;Timestamp&gt;2008-10-09T15:42:36.281-07:00&lt;/Timestamp&gt;&lt;/msgns:StreamOutput0_MsgObj&gt;&lt;msgns:StreamOutput0_MsgObj xmlns:msgns=&quot;PriceProcess_iep&quot;&gt;&lt;symbol&gt;MUR&lt;/symbol&gt;&lt;AvgPrice&gt;5.315&lt;/AvgPrice&gt;&lt;currenttime&gt;2008-10-09T15:42:38.369-07:00&lt;/currenttime&gt;&lt;Timestamp&gt;2008-10-09T15:42:36.281-07:00&lt;/Timestamp&gt;&lt;/msgns:StreamOutput0_MsgObj&gt;&lt;msgns:StreamOutput0_MsgObj xmlns:msgns=&quot;PriceProcess_iep&quot;&gt;&lt;symbol&gt;DIJ&lt;/symbol&gt;&lt;AvgPrice&gt;5.382&lt;/AvgPrice&gt;&lt;currenttime&gt;2008-10-09T15:42:38.369-07:00&lt;/currenttime&gt;&lt;Timestamp&gt;2008-10-09T15:42:36.296-07:00&lt;/Timestamp&gt;&lt;/msgns:StreamOutput0_MsgObj&gt;&lt;msgns:StreamOutput0_MsgObj xmlns:msgns=&quot;PriceProcess_iep&quot;&gt;&lt;symbol&gt;JAVA&lt;/symbol&gt;&lt;AvgPrice&gt;9.984285714285715&lt;/AvgPrice&gt;&lt;currenttime&gt;2008-10-09T15:42:38.369-07:00&lt;/currenttime&gt;&lt;Timestamp&gt;2008-10-09T15:42:36.296-07:00&lt;/Timestamp&gt;&lt;/msgns:StreamOutput0_MsgObj&gt;&lt;msgns:StreamOutput0_MsgObj xmlns:msgns=&quot;PriceProcess_iep&quot;&gt;&lt;symbol&gt;MUR&lt;/symbol&gt;&lt;AvgPrice&gt;5.315&lt;/AvgPrice&gt;&lt;currenttime&gt;2008-10-09T15:42:38.369-07:00&lt;/currenttime&gt;&lt;Timestamp&gt;2008-10-09T15:42:36.296-07:00&lt;/Timestamp&gt;&lt;/msgns:StreamOutput0_MsgObj&gt;&lt;msgns:StreamOutput0_MsgObj xmlns:msgns=&quot;PriceProcess_iep&quot;&gt;&lt;symbol&gt;PHI&lt;/symbol&gt;&lt;AvgPrice&gt;8.803529411764705&lt;/AvgPrice&gt;&lt;currenttime&gt;2008-10-09T15:42:38.369-07:00&lt;/currenttime&gt;&lt;Timestamp&gt;2008-10-09T15:42:36.296-07:00&lt;/Timestamp&gt;&lt;/msgns:StreamOutput0_MsgObj&gt;&lt;msgns:StreamOutput0_MsgObj xmlns:msgns=&quot;PriceProcess_iep&quot;&gt;&lt;symbol&gt;DIJ&lt;/symbol&gt;&lt;AvgPrice&gt;5.382&lt;/AvgPrice&gt;&lt;currenttime&gt;2008-10-09T15:42:38.369-07:00&lt;/currenttime&gt;&lt;Timestamp&gt;2008-10-09T15:42:36.312-07:00&lt;/Timestamp&gt;&lt;/msgns:StreamOutput0_MsgObj&gt;&lt;msgns:StreamOutput0_MsgObj xmlns:msgns=&quot;PriceProcess_iep&quot;&gt;&lt;symbol&gt;JAVA&lt;/symbol&gt;&lt;AvgPrice&gt;9.984285714285715&lt;/AvgPrice&gt;&lt;currenttime&gt;2008-10-09T15:42:38.369-07:00&lt;/currenttime&gt;&lt;Timestamp&gt;2008-10-09T15:42:36.312-07:00&lt;/Timestamp&gt;&lt;/msgns:StreamOutput0_MsgObj&gt;&lt;msgns:StreamOutput0_MsgObj xmlns:msgns=&quot;PriceProcess_iep&quot;&gt;&lt;symbol&gt;PHI&lt;/symbol&gt;&lt;AvgPrice&gt;8.803529411764705&lt;/AvgPrice&gt;&lt;currenttime&gt;2008-10-09T15:42:38.369-07:00&lt;/currenttime&gt;&lt;Timestamp&gt;2008-10-09T15:42:36.312-07:00&lt;/Timestamp&gt;&lt;/msgns:StreamOutput0_MsgObj&gt;&lt;msgns:StreamOutput0_MsgObj xmlns:msgns=&quot;PriceProcess_iep&quot;&gt;&lt;symbol&gt;MUR&lt;/symbol&gt;&lt;AvgPrice&gt;5.346000000000001&lt;/AvgPrice&gt;&lt;currenttime&gt;2008-10-09T15:42:38.369-07:00&lt;/currenttime&gt;&lt;Timestamp&gt;2008-10-09T15:42:36.312-07:00&lt;/Timestamp&gt;&lt;/msgns:StreamOutput0_MsgObj&gt;&lt;msgns:StreamOutput0_MsgObj xmlns:msgns=&quot;PriceProcess_iep&quot;&gt;&lt;symbol&gt;DIJ&lt;/symbol&gt;&lt;AvgPrice&gt;5.382&lt;/AvgPrice&gt;&lt;currenttime&gt;2008-10-09T15:42:38.416-07:00&lt;/currenttime&gt;&lt;Timestamp&gt;2008-10-09T15:42:36.327-07:00&lt;/Timestamp&gt;&lt;/msgns:StreamOutput0_MsgObj&gt;&lt;msgns:StreamOutput0_MsgObj xmlns:msgns=&quot;PriceProcess_iep&quot;&gt;&lt;symbol&gt;JAVA&lt;/symbol&gt;&lt;AvgPrice&gt;9.984285714285715&lt;/AvgPrice&gt;&lt;currenttime&gt;2008-10-09T15:42:38.416-07:00&lt;/currenttime&gt;&lt;Timestamp&gt;2008-10-09T15:42:36.327-07:00&lt;/Timestamp&gt;&lt;/msgns:StreamOutput0_MsgObj&gt;&lt;msgns:StreamOutput0_MsgObj xmlns:msgns=&quot;PriceProcess_iep&quot;&gt;&lt;symbol&gt;MUR&lt;/symbol&gt;&lt;AvgPrice&gt;5.346000000000001&lt;/AvgPrice&gt;&lt;currenttime&gt;2008-10-09T15:42:38.416-07:00&lt;/currenttime&gt;&lt;Timestamp&gt;2008-10-09T15:42:36.327-07:00&lt;/Timestamp&gt;&lt;/msgns:StreamOutput0_MsgObj&gt;&lt;msgns:StreamOutput0_MsgObj xmlns:msgns=&quot;PriceProcess_iep&quot;&gt;&lt;symbol&gt;PHI&lt;/symbol&gt;&lt;AvgPrice&gt;8.424444444444443&lt;/AvgPrice&gt;&lt;currenttime&gt;2008-10-09T15:42:38.416-07:00&lt;/currenttime&gt;&lt;Timestamp&gt;2008-10-09T15:42:36.327-07:00&lt;/Timestamp&gt;&lt;/msgns:StreamOutput0_MsgObj&gt;&lt;msgns:StreamOutput0_MsgObj xmlns:msgns=&quot;PriceProcess_iep&quot;&gt;&lt;symbol&gt;JAVA&lt;/symbol&gt;&lt;AvgPrice&gt;9.984285714285715&lt;/AvgPrice&gt;&lt;currenttime&gt;2008-10-09T15:42:48.853-07:00&lt;/currenttime&gt;&lt;Timestamp&gt;2008-10-09T15:42:46.343-07:00&lt;/Timestamp&gt;&lt;/msgns:StreamOutput0_MsgObj&gt;&lt;msgns:StreamOutput0_MsgObj xmlns:msgns=&quot;PriceProcess_iep&quot;&gt;&lt;symbol&gt;MUR&lt;/symbol&gt;&lt;AvgPrice&gt;5.346000000000001&lt;/AvgPrice&gt;&lt;currenttime&gt;2008-10-09T15:42:48.853-07:00&lt;/currenttime&gt;&lt;Timestamp&gt;2008-10-09T15:42:46.343-07:00&lt;/Timestamp&gt;&lt;/msgns:StreamOutput0_MsgObj&gt;&lt;msgns:StreamOutput0_MsgObj xmlns:msgns=&quot;PriceProcess_iep&quot;&gt;&lt;symbol&gt;PHI&lt;/symbol&gt;&lt;AvgPrice&gt;8.424444444444443&lt;/AvgPrice&gt;&lt;currenttime&gt;2008-10-09T15:42:48.853-07:00&lt;/currenttime&gt;&lt;Timestamp&gt;2008-10-09T15:42:46.343-07:00&lt;/Timestamp&gt;&lt;/msgns:StreamOutput0_MsgObj&gt;&lt;msgns:StreamOutput0_MsgObj xmlns:msgns=&quot;PriceProcess_iep&quot;&gt;&lt;symbol&gt;DIJ&lt;/symbol&gt;&lt;AvgPrice&gt;5.466666666666666&lt;/AvgPrice&gt;&lt;currenttime&gt;2008-10-09T15:42:48.853-07:00&lt;/currenttime&gt;&lt;Timestamp&gt;2008-10-09T15:42:46.343-07:00&lt;/Timestamp&gt;&lt;/msgns:StreamOutput0_MsgObj&gt;&lt;msgns:StreamOutput0_MsgObj xmlns:msgns=&quot;PriceProcess_iep&quot;&gt;&lt;symbol&gt;JAVA&lt;/symbol&gt;&lt;AvgPrice&gt;9.984285714285715&lt;/AvgPrice&gt;&lt;currenttime&gt;2008-10-09T15:42:48.853-07:00&lt;/currenttime&gt;&lt;Timestamp&gt;2008-10-09T15:42:46.359-07:00&lt;/Timestamp&gt;&lt;/msgns:StreamOutput0_MsgObj&gt;&lt;msgns:StreamOutput0_MsgObj xmlns:msgns=&quot;PriceProcess_iep&quot;&gt;&lt;symbol&gt;MUR&lt;/symbol&gt;&lt;AvgPrice&gt;5.346000000000001&lt;/AvgPrice&gt;&lt;currenttime&gt;2008-10-09T15:42:48.853-07:00&lt;/currenttime&gt;&lt;Timestamp&gt;2008-10-09T15:42:46.359-07:00&lt;/Timestamp&gt;&lt;/msgns:StreamOutput0_MsgObj&gt;&lt;msgns:StreamOutput0_MsgObj xmlns:msgns=&quot;PriceProcess_iep&quot;&gt;&lt;symbol&gt;DIJ&lt;/symbol&gt;&lt;AvgPrice&gt;5.466666666666666&lt;/AvgPrice&gt;&lt;currenttime&gt;2008-10-09T15:42:48.853-07:00&lt;/currenttime&gt;&lt;Timestamp&gt;2008-10-09T15:42:46.359-07:00&lt;/Timestamp&gt;&lt;/msgns:StreamOutput0_MsgObj&gt;&lt;msgns:StreamOutput0_MsgObj xmlns:msgns=&quot;PriceProcess_iep&quot;&gt;&lt;symbol&gt;PHI&lt;/symbol&gt;&lt;AvgPrice&gt;8.137894736842105&lt;/AvgPrice&gt;&lt;currenttime&gt;2008-10-09T15:42:48.853-07:00&lt;/currenttime&gt;&lt;Timestamp&gt;2008-10-09T15:42:46.359-07:00&lt;/Timestamp&gt;&lt;/msgns:StreamOutput0_MsgObj&gt;&lt;msgns:StreamOutput0_MsgObj xmlns:msgns=&quot;PriceProcess_iep&quot;&gt;&lt;symbol&gt;JAVA&lt;/symbol&gt;&lt;AvgPrice&gt;9.984285714285715&lt;/AvgPrice&gt;&lt;currenttime&gt;2008-10-09T15:42:48.853-07:00&lt;/currenttime&gt;&lt;Timestamp&gt;2008-10-09T15:42:46.374-07:00&lt;/Timestamp&gt;&lt;/msgns:StreamOutput0_MsgObj&gt;&lt;msgns:StreamOutput0_MsgObj xmlns:msgns=&quot;PriceProcess_iep&quot;&gt;&lt;symbol&gt;DIJ&lt;/symbol&gt;&lt;AvgPrice&gt;5.466666666666666&lt;/AvgPrice&gt;&lt;currenttime&gt;2008-10-09T15:42:48.853-07:00&lt;/currenttime&gt;&lt;Timestamp&gt;2008-10-09T15:42:46.374-07:00&lt;/Timestamp&gt;&lt;/msgns:StreamOutput0_MsgObj&gt;&lt;msgns:StreamOutput0_MsgObj xmlns:msgns=&quot;PriceProcess_iep&quot;&gt;&lt;symbol&gt;PHI&lt;/symbol&gt;&lt;AvgPrice&gt;8.137894736842105&lt;/AvgPrice&gt;&lt;currenttime&gt;2008-10-09T15:42:48.853-07:00&lt;/currenttime&gt;&lt;Timestamp&gt;2008-10-09T15:42:46.374-07:00&lt;/Timestamp&gt;&lt;/msgns:StreamOutput0_MsgObj&gt;&lt;msgns:StreamOutput0_MsgObj xmlns:msgns=&quot;PriceProcess_iep&quot;&gt;&lt;symbol&gt;MUR&lt;/symbol&gt;&lt;AvgPrice&gt;5.387500000000001&lt;/AvgPrice&gt;&lt;currenttime&gt;2008-10-09T15:42:48.853-07:00&lt;/currenttime&gt;&lt;Timestamp&gt;2008-10-09T15:42:46.374-07:00&lt;/Timestamp&gt;&lt;/msgns:StreamOutput0_MsgObj&gt;&lt;msgns:StreamOutput0_MsgObj xmlns:msgns=&quot;PriceProcess_iep&quot;&gt;&lt;symbol&gt;JAVA&lt;/symbol&gt;&lt;AvgPrice&gt;9.984285714285715&lt;/AvgPrice&gt;&lt;currenttime&gt;2008-10-09T15:42:48.853-07:00&lt;/currenttime&gt;&lt;Timestamp&gt;2008-10-09T15:42:46.390-07:00&lt;/Timestamp&gt;&lt;/msgns:StreamOutput0_MsgObj&gt;&lt;msgns:StreamOutput0_MsgObj xmlns:msgns=&quot;PriceProcess_iep&quot;&gt;&lt;symbol&gt;DIJ&lt;/symbol&gt;&lt;AvgPrice&gt;5.466666666666666&lt;/AvgPrice&gt;&lt;currenttime&gt;2008-10-09T15:42:48.853-07:00&lt;/currenttime&gt;&lt;Timestamp&gt;2008-10-09T15:42:46.390-07:00&lt;/Timestamp&gt;&lt;/msgns:StreamOutput0_MsgObj&gt;&lt;msgns:StreamOutput0_MsgObj xmlns:msgns=&quot;PriceProcess_iep&quot;&gt;&lt;symbol&gt;MUR&lt;/symbol&gt;&lt;AvgPrice&gt;5.387500000000001&lt;/AvgPrice&gt;&lt;currenttime&gt;2008-10-09T15:42:48.853-07:00&lt;/currenttime&gt;&lt;Timestamp&gt;2008-10-09T15:42:46.390-07:00&lt;/Timestamp&gt;&lt;/msgns:StreamOutput0_MsgObj&gt;&lt;msgns:StreamOutput0_MsgObj xmlns:msgns=&quot;PriceProcess_iep&quot;&gt;&lt;symbol&gt;PHI&lt;/symbol&gt;&lt;AvgPrice&gt;8.079999999999998&lt;/AvgPrice&gt;&lt;currenttime&gt;2008-10-09T15:42:48.853-07:00&lt;/currenttime&gt;&lt;Timestamp&gt;2008-10-09T15:42:46.390-07:00&lt;/Timestamp&gt;&lt;/msgns:StreamOutput0_MsgObj&gt;&lt;msgns:StreamOutput0_MsgObj xmlns:msgns=&quot;PriceProcess_iep&quot;&gt;&lt;symbol&gt;DIJ&lt;/symbol&gt;&lt;AvgPrice&gt;5.466666666666666&lt;/AvgPrice&gt;&lt;currenttime&gt;2008-10-09T15:42:48.853-07:00&lt;/currenttime&gt;&lt;Timestamp&gt;2008-10-09T15:42:46.405-07:00&lt;/Timestamp&gt;&lt;/msgns:StreamOutput0_MsgObj&gt;&lt;msgns:StreamOutput0_MsgObj xmlns:msgns=&quot;PriceProcess_iep&quot;&gt;&lt;symbol&gt;MUR&lt;/symbol&gt;&lt;AvgPrice&gt;5.387500000000001&lt;/AvgPrice&gt;&lt;currenttime&gt;2008-10-09T15:42:48.853-07:00&lt;/currenttime&gt;&lt;Timestamp&gt;2008-10-09T15:42:46.405-07:00&lt;/Timestamp&gt;&lt;/msgns:StreamOutput0_MsgObj&gt;&lt;msgns:StreamOutput0_MsgObj xmlns:msgns=&quot;PriceProcess_iep&quot;&gt;&lt;symbol&gt;PHI&lt;/symbol&gt;&lt;AvgPrice&gt;8.079999999999998&lt;/AvgPrice&gt;&lt;currenttime&gt;2008-10-09T15:42:48.853-07:00&lt;/currenttime&gt;&lt;Timestamp&gt;2008-10-09T15:42:46.405-07:00&lt;/Timestamp&gt;&lt;/msgns:StreamOutput0_MsgObj&gt;&lt;msgns:StreamOutput0_MsgObj xmlns:msgns=&quot;PriceProcess_iep&quot;&gt;&lt;symbol&gt;JAVA&lt;/symbol&gt;&lt;AvgPrice&gt;9.485&lt;/AvgPrice&gt;&lt;currenttime&gt;2008-10-09T15:42:48.853-07:00&lt;/currenttime&gt;&lt;Timestamp&gt;2008-10-09T15:42:46.405-07:00&lt;/Timestamp&gt;&lt;/msgns:StreamOutput0_MsgObj&gt;&lt;msgns:StreamOutput0_MsgObj xmlns:msgns=&quot;PriceProcess_iep&quot;&gt;&lt;symbol&gt;DIJ&lt;/symbol&gt;&lt;AvgPrice&gt;5.466666666666666&lt;/AvgPrice&gt;&lt;currenttime&gt;2008-10-09T15:42:48.853-07:00&lt;/currenttime&gt;&lt;Timestamp&gt;2008-10-09T15:42:46.421-07:00&lt;/Timestamp&gt;&lt;/msgns:StreamOutput0_MsgObj&gt;&lt;msgns:StreamOutput0_MsgObj xmlns:msgns=&quot;PriceProcess_iep&quot;&gt;&lt;symbol&gt;PHI&lt;/symbol&gt;&lt;AvgPrice&gt;8.079999999999998&lt;/AvgPrice&gt;&lt;currenttime&gt;2008-10-09T15:42:48.853-07:00&lt;/currenttime&gt;&lt;Timestamp&gt;2008-10-09T15:42:46.421-07:00&lt;/Timestamp&gt;&lt;/msgns:StreamOutput0_MsgObj&gt;&lt;msgns:StreamOutput0_MsgObj xmlns:msgns=&quot;PriceProcess_iep&quot;&gt;&lt;symbol&gt;JAVA&lt;/symbol&gt;&lt;AvgPrice&gt;9.485&lt;/AvgPrice&gt;&lt;currenttime&gt;2008-10-09T15:42:48.853-07:00&lt;/currenttime&gt;&lt;Timestamp&gt;2008-10-09T15:42:46.421-07:00&lt;/Timestamp&gt;&lt;/msgns:StreamOutput0_MsgObj&gt;&lt;msgns:StreamOutput0_MsgObj xmlns:msgns=&quot;PriceProcess_iep&quot;&gt;&lt;symbol&gt;MUR&lt;/symbol&gt;&lt;AvgPrice&gt;5.398823529411765&lt;/AvgPrice&gt;&lt;currenttime&gt;2008-10-09T15:42:48.853-07:00&lt;/currenttime&gt;&lt;Timestamp&gt;2008-10-09T15:42:46.421-07:00&lt;/Timestamp&gt;&lt;/msgns:StreamOutput0_MsgObj&gt;&lt;msgns:StreamOutput0_MsgObj xmlns:msgns=&quot;PriceProcess_iep&quot;&gt;&lt;symbol&gt;DIJ&lt;/symbol&gt;&lt;AvgPrice&gt;5.466666666666666&lt;/AvgPrice&gt;&lt;currenttime&gt;2008-10-09T15:42:48.853-07:00&lt;/currenttime&gt;&lt;Timestamp&gt;2008-10-09T15:42:46.437-07:00&lt;/Timestamp&gt;&lt;/msgns:StreamOutput0_MsgObj&gt;&lt;msgns:StreamOutput0_MsgObj xmlns:msgns=&quot;PriceProcess_iep&quot;&gt;&lt;symbol&gt;JAVA&lt;/symbol&gt;&lt;AvgPrice&gt;9.485&lt;/AvgPrice&gt;&lt;currenttime&gt;2008-10-09T15:42:48.853-07:00&lt;/currenttime&gt;&lt;Timestamp&gt;2008-10-09T15:42:46.437-07:00&lt;/Timestamp&gt;&lt;/msgns:StreamOutput0_MsgObj&gt;&lt;msgns:StreamOutput0_MsgObj xmlns:msgns=&quot;PriceProcess_iep&quot;&gt;&lt;symbol&gt;MUR&lt;/symbol&gt;&lt;AvgPrice&gt;5.398823529411765&lt;/AvgPrice&gt;&lt;currenttime&gt;2008-10-09T15:42:48.853-07:00&lt;/currenttime&gt;&lt;Timestamp&gt;2008-10-09T15:42:46.437-07:00&lt;/Timestamp&gt;&lt;/msgns:StreamOutput0_MsgObj&gt;&lt;msgns:StreamOutput0_MsgObj xmlns:msgns=&quot;PriceProcess_iep&quot;&gt;&lt;symbol&gt;PHI&lt;/symbol&gt;&lt;AvgPrice&gt;8.31333333333333&lt;/AvgPrice&gt;&lt;currenttime&gt;2008-10-09T15:42:48.853-07:00&lt;/currenttime&gt;&lt;Timestamp&gt;2008-10-09T15:42:46.437-07:00&lt;/Timestamp&gt;&lt;/msgns:StreamOutput0_MsgObj&gt;&lt;msgns:StreamOutput0_MsgObj xmlns:msgns=&quot;PriceProcess_iep&quot;&gt;&lt;symbol&gt;JAVA&lt;/symbol&gt;&lt;AvgPrice&gt;9.485&lt;/AvgPrice&gt;&lt;currenttime&gt;2008-10-09T15:42:48.853-07:00&lt;/currenttime&gt;&lt;Timestamp&gt;2008-10-09T15:42:46.452-07:00&lt;/Timestamp&gt;&lt;/msgns:StreamOutput0_MsgObj&gt;&lt;msgns:StreamOutput0_MsgObj xmlns:msgns=&quot;PriceProcess_iep&quot;&gt;&lt;symbol&gt;MUR&lt;/symbol&gt;&lt;AvgPrice&gt;5.398823529411765&lt;/AvgPrice&gt;&lt;currenttime&gt;2008-10-09T15:42:48.853-07:00&lt;/currenttime&gt;&lt;Timestamp&gt;2008-10-09T15:42:46.452-07:00&lt;/Timestamp&gt;&lt;/msgns:StreamOutput0_MsgObj&gt;&lt;msgns:StreamOutput0_MsgObj xmlns:msgns=&quot;PriceProcess_iep&quot;&gt;&lt;symbol&gt;PHI&lt;/symbol&gt;&lt;AvgPrice&gt;8.31333333333333&lt;/AvgPrice&gt;&lt;currenttime&gt;2008-10-09T15:42:48.853-07:00&lt;/currenttime&gt;&lt;Timestamp&gt;2008-10-09T15:42:46.452-07:00&lt;/Timestamp&gt;&lt;/msgns:StreamOutput0_MsgObj&gt;&lt;msgns:StreamOutput0_MsgObj xmlns:msgns=&quot;PriceProcess_iep&quot;&gt;&lt;symbol&gt;DIJ&lt;/symbol&gt;&lt;AvgPrice&gt;5.485714285714286&lt;/AvgPrice&gt;&lt;currenttime&gt;2008-10-09T15:42:48.853-07:00&lt;/currenttime&gt;&lt;Timestamp&gt;2008-10-09T15:42:46.452-07:00&lt;/Timestamp&gt;&lt;/msgns:StreamOutput0_MsgObj&gt;&lt;msgns:StreamOutput0_MsgObj xmlns:msgns=&quot;PriceProcess_iep&quot;&gt;&lt;symbol&gt;MUR&lt;/symbol&gt;&lt;AvgPrice&gt;5.398823529411765&lt;/AvgPrice&gt;&lt;currenttime&gt;2008-10-09T15:42:48.853-07:00&lt;/currenttime&gt;&lt;Timestamp&gt;2008-10-09T15:42:46.468-07:00&lt;/Timestamp&gt;&lt;/msgns:StreamOutput0_MsgObj&gt;&lt;msgns:StreamOutput0_MsgObj xmlns:msgns=&quot;PriceProcess_iep&quot;&gt;&lt;symbol&gt;PHI&lt;/symbol&gt;&lt;AvgPrice&gt;8.31333333333333&lt;/AvgPrice&gt;&lt;currenttime&gt;2008-10-09T15:42:48.853-07:00&lt;/currenttime&gt;&lt;Timestamp&gt;2008-10-09T15:42:46.468-07:00&lt;/Timestamp&gt;&lt;/msgns:StreamOutput0_MsgObj&gt;&lt;msgns:StreamOutput0_MsgObj xmlns:msgns=&quot;PriceProcess_iep&quot;&gt;&lt;symbol&gt;DIJ&lt;/symbol&gt;&lt;AvgPrice&gt;5.485714285714286&lt;/AvgPrice&gt;&lt;currenttime&gt;2008-10-09T15:42:48.853-07:00&lt;/currenttime&gt;&lt;Timestamp&gt;2008-10-09T15:42:46.468-07:00&lt;/Timestamp&gt;&lt;/msgns:StreamOutput0_MsgObj&gt;&lt;msgns:StreamOutput0_MsgObj xmlns:msgns=&quot;PriceProcess_iep&quot;&gt;&lt;symbol&gt;JAVA&lt;/symbol&gt;&lt;AvgPrice&gt;9.651111111111112&lt;/AvgPrice&gt;&lt;currenttime&gt;2008-10-09T15:42:48.853-07:00&lt;/currenttime&gt;&lt;Timestamp&gt;2008-10-09T15:42:46.468-07:00&lt;/Timestamp&gt;&lt;/msgns:StreamOutput0_MsgObj&gt;&lt;msgns:StreamOutput0_MsgObj xmlns:msgns=&quot;PriceProcess_iep&quot;&gt;&lt;symbol&gt;PHI&lt;/symbol&gt;&lt;AvgPrice&gt;8.31333333333333&lt;/AvgPrice&gt;&lt;currenttime&gt;2008-10-09T15:42:48.853-07:00&lt;/currenttime&gt;&lt;Timestamp&gt;2008-10-09T15:42:46.487-07:00&lt;/Timestamp&gt;&lt;/msgns:StreamOutput0_MsgObj&gt;&lt;msgns:StreamOutput0_MsgObj xmlns:msgns=&quot;PriceProcess_iep&quot;&gt;&lt;symbol&gt;DIJ&lt;/symbol&gt;&lt;AvgPrice&gt;5.485714285714286&lt;/AvgPrice&gt;&lt;currenttime&gt;2008-10-09T15:42:48.853-07:00&lt;/currenttime&gt;&lt;Timestamp&gt;2008-10-09T15:42:46.487-07:00&lt;/Timestamp&gt;&lt;/msgns:StreamOutput0_MsgObj&gt;&lt;msgns:StreamOutput0_MsgObj xmlns:msgns=&quot;PriceProcess_iep&quot;&gt;&lt;symbol&gt;JAVA&lt;/symbol&gt;&lt;AvgPrice&gt;9.651111111111112&lt;/AvgPrice&gt;&lt;currenttime&gt;2008-10-09T15:42:48.853-07:00&lt;/currenttime&gt;&lt;Timestamp&gt;2008-10-09T15:42:46.487-07:00&lt;/Timestamp&gt;&lt;/msgns:StreamOutput0_MsgObj&gt;&lt;msgns:StreamOutput0_MsgObj xmlns:msgns=&quot;PriceProcess_iep&quot;&gt;&lt;symbol&gt;MUR&lt;/symbol&gt;&lt;AvgPrice&gt;5.397777777777779&lt;/AvgPrice&gt;&lt;currenttime&gt;2008-10-09T15:42:48.853-07:00&lt;/currenttime&gt;&lt;Timestamp&gt;2008-10-09T15:42:46.487-07:00&lt;/Timestamp&gt;&lt;/msgns:StreamOutput0_MsgObj&gt;&lt;msgns:StreamOutput0_MsgObj xmlns:msgns=&quot;PriceProcess_iep&quot;&gt;&lt;symbol&gt;DIJ&lt;/symbol&gt;&lt;AvgPrice&gt;5.485714285714286&lt;/AvgPrice&gt;&lt;currenttime&gt;2008-10-09T15:42:48.853-07:00&lt;/currenttime&gt;&lt;Timestamp&gt;2008-10-09T15:42:46.499-07:00&lt;/Timestamp&gt;&lt;/msgns:StreamOutput0_MsgObj&gt;&lt;msgns:StreamOutput0_MsgObj xmlns:msgns=&quot;PriceProcess_iep&quot;&gt;&lt;symbol&gt;JAVA&lt;/symbol&gt;&lt;AvgPrice&gt;9.651111111111112&lt;/AvgPrice&gt;&lt;currenttime&gt;2008-10-09T15:42:48.853-07:00&lt;/currenttime&gt;&lt;Timestamp&gt;2008-10-09T15:42:46.499-07:00&lt;/Timestamp&gt;&lt;/msgns:StreamOutput0_MsgObj&gt;&lt;msgns:StreamOutput0_MsgObj xmlns:msgns=&quot;PriceProcess_iep&quot;&gt;&lt;symbol&gt;MUR&lt;/symbol&gt;&lt;AvgPrice&gt;5.397777777777779&lt;/AvgPrice&gt;&lt;currenttime&gt;2008-10-09T15:42:48.853-07:00&lt;/currenttime&gt;&lt;Timestamp&gt;2008-10-09T15:42:46.499-07:00&lt;/Timestamp&gt;&lt;/msgns:StreamOutput0_MsgObj&gt;&lt;msgns:StreamOutput0_MsgObj xmlns:msgns=&quot;PriceProcess_iep&quot;&gt;&lt;symbol&gt;PHI&lt;/symbol&gt;&lt;AvgPrice&gt;8.570909090909089&lt;/AvgPrice&gt;&lt;currenttime&gt;2008-10-09T15:42:48.853-07:00&lt;/currenttime&gt;&lt;Timestamp&gt;2008-10-09T15:42:46.499-07:00&lt;/Timestamp&gt;&lt;/msgns:StreamOutput0_MsgObj&gt;&lt;msgns:StreamOutput0_MsgObj xmlns:msgns=&quot;PriceProcess_iep&quot;&gt;&lt;symbol&gt;DIJ&lt;/symbol&gt;&lt;AvgPrice&gt;5.485714285714286&lt;/AvgPrice&gt;&lt;currenttime&gt;2008-10-09T15:42:48.853-07:00&lt;/currenttime&gt;&lt;Timestamp&gt;2008-10-09T15:42:46.515-07:00&lt;/Timestamp&gt;&lt;/msgns:StreamOutput0_MsgObj&gt;&lt;msgns:StreamOutput0_MsgObj xmlns:msgns=&quot;PriceProcess_iep&quot;&gt;&lt;symbol&gt;MUR&lt;/symbol&gt;&lt;AvgPrice&gt;5.397777777777779&lt;/AvgPrice&gt;&lt;currenttime&gt;2008-10-09T15:42:48.853-07:00&lt;/currenttime&gt;&lt;Timestamp&gt;2008-10-09T15:42:46.515-07:00&lt;/Timestamp&gt;&lt;/msgns:StreamOutput0_MsgObj&gt;&lt;msgns:StreamOutput0_MsgObj xmlns:msgns=&quot;PriceProcess_iep&quot;&gt;&lt;symbol&gt;PHI&lt;/symbol&gt;&lt;AvgPrice&gt;8.570909090909089&lt;/AvgPrice&gt;&lt;currenttime&gt;2008-10-09T15:42:48.853-07:00&lt;/currenttime&gt;&lt;Timestamp&gt;2008-10-09T15:42:46.515-07:00&lt;/Timestamp&gt;&lt;/msgns:StreamOutput0_MsgObj&gt;&lt;msgns:StreamOutput0_MsgObj xmlns:msgns=&quot;PriceProcess_iep&quot;&gt;&lt;symbol&gt;JAVA&lt;/symbol&gt;&lt;AvgPrice&gt;9.184999999999999&lt;/AvgPrice&gt;&lt;currenttime&gt;2008-10-09T15:42:48.853-07:00&lt;/currenttime&gt;&lt;Timestamp&gt;2008-10-09T15:42:46.515-07:00&lt;/Timestamp&gt;&lt;/msgns:StreamOutput0_MsgObj&gt;&lt;msgns:StreamOutput0_MsgObj xmlns:msgns=&quot;PriceProcess_iep&quot;&gt;&lt;symbol&gt;DIJ&lt;/symbol&gt;&lt;AvgPrice&gt;5.485714285714286&lt;/AvgPrice&gt;&lt;currenttime&gt;2008-10-09T15:42:48.853-07:00&lt;/currenttime&gt;&lt;Timestamp&gt;2008-10-09T15:42:46.530-07:00&lt;/Timestamp&gt;&lt;/msgns:StreamOutput0_MsgObj&gt;&lt;msgns:StreamOutput0_MsgObj xmlns:msgns=&quot;PriceProcess_iep&quot;&gt;&lt;symbol&gt;MUR&lt;/symbol&gt;&lt;AvgPrice&gt;5.397777777777779&lt;/AvgPrice&gt;&lt;currenttime&gt;2008-10-09T15:42:48.853-07:00&lt;/currenttime&gt;&lt;Timestamp&gt;2008-10-09T15:42:46.530-07:00&lt;/Timestamp&gt;&lt;/msgns:StreamOutput0_MsgObj&gt;&lt;msgns:StreamOutput0_MsgObj xmlns:msgns=&quot;PriceProcess_iep&quot;&gt;&lt;symbol&gt;JAVA&lt;/symbol&gt;&lt;AvgPrice&gt;9.184999999999999&lt;/AvgPrice&gt;&lt;currenttime&gt;2008-10-09T15:42:48.853-07:00&lt;/currenttime&gt;&lt;Timestamp&gt;2008-10-09T15:42:46.530-07:00&lt;/Timestamp&gt;&lt;/msgns:StreamOutput0_MsgObj&gt;&lt;msgns:StreamOutput0_MsgObj xmlns:msgns=&quot;PriceProcess_iep&quot;&gt;&lt;symbol&gt;PHI&lt;/symbol&gt;&lt;AvgPrice&gt;8.893043478260866&lt;/AvgPrice&gt;&lt;currenttime&gt;2008-10-09T15:42:48.853-07:00&lt;/currenttime&gt;&lt;Timestamp&gt;2008-10-09T15:42:46.530-07:00&lt;/Timestamp&gt;&lt;/msgns:StreamOutput0_MsgObj&gt;&lt;msgns:StreamOutput0_MsgObj xmlns:msgns=&quot;PriceProcess_iep&quot;&gt;&lt;symbol&gt;DIJ&lt;/symbol&gt;&lt;AvgPrice&gt;5.485714285714286&lt;/AvgPrice&gt;&lt;currenttime&gt;2008-10-09T15:42:48.853-07:00&lt;/currenttime&gt;&lt;Timestamp&gt;2008-10-09T15:42:46.546-07:00&lt;/Timestamp&gt;&lt;/msgns:StreamOutput0_MsgObj&gt;&lt;msgns:StreamOutput0_MsgObj xmlns:msgns=&quot;PriceProcess_iep&quot;&gt;&lt;symbol&gt;JAVA&lt;/symbol&gt;&lt;AvgPrice&gt;9.184999999999999&lt;/AvgPrice&gt;&lt;currenttime&gt;2008-10-09T15:42:48.853-07:00&lt;/currenttime&gt;&lt;Timestamp&gt;2008-10-09T15:42:46.546-07:00&lt;/Timestamp&gt;&lt;/msgns:StreamOutput0_MsgObj&gt;&lt;msgns:StreamOutput0_MsgObj xmlns:msgns=&quot;PriceProcess_iep&quot;&gt;&lt;symbol&gt;PHI&lt;/symbol&gt;&lt;AvgPrice&gt;8.893043478260866&lt;/AvgPrice&gt;&lt;currenttime&gt;2008-10-09T15:42:48.853-07:00&lt;/currenttime&gt;&lt;Timestamp&gt;2008-10-09T15:42:46.546-07:00&lt;/Timestamp&gt;&lt;/msgns:StreamOutput0_MsgObj&gt;&lt;msgns:StreamOutput0_MsgObj xmlns:msgns=&quot;PriceProcess_iep&quot;&gt;&lt;symbol&gt;MUR&lt;/symbol&gt;&lt;AvgPrice&gt;5.371052631578948&lt;/AvgPrice&gt;&lt;currenttime&gt;2008-10-09T15:42:48.853-07:00&lt;/currenttime&gt;&lt;Timestamp&gt;2008-10-09T15:42:46.546-07:00&lt;/Timestamp&gt;&lt;/msgns:StreamOutput0_MsgObj&gt;&lt;msgns:StreamOutput0_MsgObj xmlns:msgns=&quot;PriceProcess_iep&quot;&gt;&lt;symbol&gt;DIJ&lt;/symbol&gt;&lt;AvgPrice&gt;5.485714285714286&lt;/AvgPrice&gt;&lt;currenttime&gt;2008-10-09T15:42:48.853-07:00&lt;/currenttime&gt;&lt;Timestamp&gt;2008-10-09T15:42:46.561-07:00&lt;/Timestamp&gt;&lt;/msgns:StreamOutput0_MsgObj&gt;&lt;msgns:StreamOutput0_MsgObj xmlns:msgns=&quot;PriceProcess_iep&quot;&gt;&lt;symbol&gt;JAVA&lt;/symbol&gt;&lt;AvgPrice&gt;9.184999999999999&lt;/AvgPrice&gt;&lt;currenttime&gt;2008-10-09T15:42:48.853-07:00&lt;/currenttime&gt;&lt;Timestamp&gt;2008-10-09T15:42:46.561-07:00&lt;/Timestamp&gt;&lt;/msgns:StreamOutput0_MsgObj&gt;&lt;msgns:StreamOutput0_MsgObj xmlns:msgns=&quot;PriceProcess_iep&quot;&gt;&lt;symbol&gt;MUR&lt;/symbol&gt;&lt;AvgPrice&gt;5.371052631578948&lt;/AvgPrice&gt;&lt;currenttime&gt;2008-10-09T15:42:48.853-07:00&lt;/currenttime&gt;&lt;Timestamp&gt;2008-10-09T15:42:46.561-07:00&lt;/Timestamp&gt;&lt;/msgns:StreamOutput0_MsgObj&gt;&lt;msgns:StreamOutput0_MsgObj xmlns:msgns=&quot;PriceProcess_iep&quot;&gt;&lt;symbol&gt;PHI&lt;/symbol&gt;&lt;AvgPrice&gt;8.93833333333333&lt;/AvgPrice&gt;&lt;currenttime&gt;2008-10-09T15:42:48.853-07:00&lt;/currenttime&gt;&lt;Timestamp&gt;2008-10-09T15:42:46.561-07:00&lt;/Timestamp&gt;&lt;/msgns:StreamOutput0_MsgObj&gt;&lt;msgns:StreamOutput0_MsgObj xmlns:msgns=&quot;PriceProcess_iep&quot;&gt;&lt;symbol&gt;JAVA&lt;/symbol&gt;&lt;AvgPrice&gt;9.184999999999999&lt;/AvgPrice&gt;&lt;currenttime&gt;2008-10-09T15:42:59.087-07:00&lt;/currenttime&gt;&lt;Timestamp&gt;2008-10-09T15:42:56.577-07:00&lt;/Timestamp&gt;&lt;/msgns:StreamOutput0_MsgObj&gt;&lt;msgns:StreamOutput0_MsgObj xmlns:msgns=&quot;PriceProcess_iep&quot;&gt;&lt;symbol&gt;MUR&lt;/symbol&gt;&lt;AvgPrice&gt;5.371052631578948&lt;/AvgPrice&gt;&lt;currenttime&gt;2008-10-09T15:42:59.087-07:00&lt;/currenttime&gt;&lt;Timestamp&gt;2008-10-09T15:42:56.577-07:00&lt;/Timestamp&gt;&lt;/msgns:StreamOutput0_MsgObj&gt;&lt;msgns:StreamOutput0_MsgObj xmlns:msgns=&quot;PriceProcess_iep&quot;&gt;&lt;symbol&gt;PHI&lt;/symbol&gt;&lt;AvgPrice&gt;8.93833333333333&lt;/AvgPrice&gt;&lt;currenttime&gt;2008-10-09T15:42:59.087-07:00&lt;/currenttime&gt;&lt;Timestamp&gt;2008-10-09T15:42:56.577-07:00&lt;/Timestamp&gt;&lt;/msgns:StreamOutput0_MsgObj&gt;&lt;msgns:StreamOutput0_MsgObj xmlns:msgns=&quot;PriceProcess_iep&quot;&gt;&lt;symbol&gt;DIJ&lt;/symbol&gt;&lt;AvgPrice&gt;5.41375&lt;/AvgPrice&gt;&lt;currenttime&gt;2008-10-09T15:42:59.087-07:00&lt;/currenttime&gt;&lt;Timestamp&gt;2008-10-09T15:42:56.577-07:00&lt;/Timestamp&gt;&lt;/msgns:StreamOutput0_MsgObj&gt;&lt;msgns:StreamOutput0_MsgObj xmlns:msgns=&quot;PriceProcess_iep&quot;&gt;&lt;symbol&gt;JAVA&lt;/symbol&gt;&lt;AvgPrice&gt;9.184999999999999&lt;/AvgPrice&gt;&lt;currenttime&gt;2008-10-09T15:42:59.087-07:00&lt;/currenttime&gt;&lt;Timestamp&gt;2008-10-09T15:42:56.592-07:00&lt;/Timestamp&gt;&lt;/msgns:StreamOutput0_MsgObj&gt;&lt;msgns:StreamOutput0_MsgObj xmlns:msgns=&quot;PriceProcess_iep&quot;&gt;&lt;symbol&gt;MUR&lt;/symbol&gt;&lt;AvgPrice&gt;5.371052631578948&lt;/AvgPrice&gt;&lt;currenttime&gt;2008-10-09T15:42:59.087-07:00&lt;/currenttime&gt;&lt;Timestamp&gt;2008-10-09T15:42:56.592-07:00&lt;/Timestamp&gt;&lt;/msgns:StreamOutput0_MsgObj&gt;&lt;msgns:StreamOutput0_MsgObj xmlns:msgns=&quot;PriceProcess_iep&quot;&gt;&lt;symbol&gt;DIJ&lt;/symbol&gt;&lt;AvgPrice&gt;5.41375&lt;/AvgPrice&gt;&lt;currenttime&gt;2008-10-09T15:42:59.087-07:00&lt;/currenttime&gt;&lt;Timestamp&gt;2008-10-09T15:42:56.592-07:00&lt;/Timestamp&gt;&lt;/msgns:StreamOutput0_MsgObj&gt;&lt;msgns:StreamOutput0_MsgObj xmlns:msgns=&quot;PriceProcess_iep&quot;&gt;&lt;symbol&gt;PHI&lt;/symbol&gt;&lt;AvgPrice&gt;8.899999999999997&lt;/AvgPrice&gt;&lt;currenttime&gt;2008-10-09T15:42:59.087-07:00&lt;/currenttime&gt;&lt;Timestamp&gt;2008-10-09T15:42:56.592-07:00&lt;/Timestamp&gt;&lt;/msgns:StreamOutput0_MsgObj&gt;&lt;msgns:StreamOutput0_MsgObj xmlns:msgns=&quot;PriceProcess_iep&quot;&gt;&lt;symbol&gt;JAVA&lt;/symbol&gt;&lt;AvgPrice&gt;9.184999999999999&lt;/AvgPrice&gt;&lt;currenttime&gt;2008-10-09T15:42:59.087-07:00&lt;/currenttime&gt;&lt;Timestamp&gt;2008-10-09T15:42:56.608-07:00&lt;/Timestamp&gt;&lt;/msgns:StreamOutput0_MsgObj&gt;&lt;msgns:StreamOutput0_MsgObj xmlns:msgns=&quot;PriceProcess_iep&quot;&gt;&lt;symbol&gt;DIJ&lt;/symbol&gt;&lt;AvgPrice&gt;5.41375&lt;/AvgPrice&gt;&lt;currenttime&gt;2008-10-09T15:42:59.087-07:00&lt;/currenttime&gt;&lt;Timestamp&gt;2008-10-09T15:42:56.608-07:00&lt;/Timestamp&gt;&lt;/msgns:StreamOutput0_MsgObj&gt;&lt;msgns:StreamOutput0_MsgObj xmlns:msgns=&quot;PriceProcess_iep&quot;&gt;&lt;symbol&gt;PHI&lt;/symbol&gt;&lt;AvgPrice&gt;8.899999999999997&lt;/AvgPrice&gt;&lt;currenttime&gt;2008-10-09T15:42:59.087-07:00&lt;/currenttime&gt;&lt;Timestamp&gt;2008-10-09T15:42:56.608-07:00&lt;/Timestamp&gt;&lt;/msgns:StreamOutput0_MsgObj&gt;&lt;msgns:StreamOutput0_MsgObj xmlns:msgns=&quot;PriceProcess_iep&quot;&gt;&lt;symbol&gt;MUR&lt;/symbol&gt;&lt;AvgPrice&gt;5.364000000000001&lt;/AvgPrice&gt;&lt;currenttime&gt;2008-10-09T15:42:59.087-07:00&lt;/currenttime&gt;&lt;Timestamp&gt;2008-10-09T15:42:56.608-07:00&lt;/Timestamp&gt;&lt;/msgns:StreamOutput0_MsgObj&gt;&lt;msgns:StreamOutput0_MsgObj xmlns:msgns=&quot;PriceProcess_iep&quot;&gt;&lt;symbol&gt;JAVA&lt;/symbol&gt;&lt;AvgPrice&gt;9.184999999999999&lt;/AvgPrice&gt;&lt;currenttime&gt;2008-10-09T15:42:59.087-07:00&lt;/currenttime&gt;&lt;Timestamp&gt;2008-10-09T15:42:56.625-07:00&lt;/Timestamp&gt;&lt;/msgns:StreamOutput0_MsgObj&gt;&lt;msgns:StreamOutput0_MsgObj xmlns:msgns=&quot;PriceProcess_iep&quot;&gt;&lt;symbol&gt;DIJ&lt;/symbol&gt;&lt;AvgPrice&gt;5.41375&lt;/AvgPrice&gt;&lt;currenttime&gt;2008-10-09T15:42:59.087-07:00&lt;/currenttime&gt;&lt;Timestamp&gt;2008-10-09T15:42:56.625-07:00&lt;/Timestamp&gt;&lt;/msgns:StreamOutput0_MsgObj&gt;&lt;msgns:StreamOutput0_MsgObj xmlns:msgns=&quot;PriceProcess_iep&quot;&gt;&lt;symbol&gt;MUR&lt;/symbol&gt;&lt;AvgPrice&gt;5.364000000000001&lt;/AvgPrice&gt;&lt;currenttime&gt;2008-10-09T15:42:59.087-07:00&lt;/currenttime&gt;&lt;Timestamp&gt;2008-10-09T15:42:56.625-07:00&lt;/Timestamp&gt;&lt;/msgns:StreamOutput0_MsgObj&gt;&lt;msgns:StreamOutput0_MsgObj xmlns:msgns=&quot;PriceProcess_iep&quot;&gt;&lt;symbol&gt;PHI&lt;/symbol&gt;&lt;AvgPrice&gt;8.710769230769227&lt;/AvgPrice&gt;&lt;currenttime&gt;2008-10-09T15:42:59.087-07:00&lt;/currenttime&gt;&lt;Timestamp&gt;2008-10-09T15:42:56.625-07:00&lt;/Timestamp&gt;&lt;/msgns:StreamOutput0_MsgObj&gt;&lt;msgns:StreamOutput0_MsgObj xmlns:msgns=&quot;PriceProcess_iep&quot;&gt;&lt;symbol&gt;JAVA&lt;/symbol&gt;&lt;AvgPrice&gt;9.184999999999999&lt;/AvgPrice&gt;&lt;currenttime&gt;2008-10-09T15:42:59.087-07:00&lt;/currenttime&gt;&lt;Timestamp&gt;2008-10-09T15:42:56.639-07:00&lt;/Timestamp&gt;&lt;/msgns:StreamOutput0_MsgObj&gt;&lt;msgns:StreamOutput0_MsgObj xmlns:msgns=&quot;PriceProcess_iep&quot;&gt;&lt;symbol&gt;DIJ&lt;/symbol&gt;&lt;AvgPrice&gt;5.41375&lt;/AvgPrice&gt;&lt;currenttime&gt;2008-10-09T15:42:59.087-07:00&lt;/currenttime&gt;&lt;Timestamp&gt;2008-10-09T15:42:56.639-07:00&lt;/Timestamp&gt;&lt;/msgns:StreamOutput0_MsgObj&gt;&lt;msgns:StreamOutput0_MsgObj xmlns:msgns=&quot;PriceProcess_iep&quot;&gt;&lt;symbol&gt;PHI&lt;/symbol&gt;&lt;AvgPrice&gt;8.710769230769227&lt;/AvgPrice&gt;&lt;currenttime&gt;2008-10-09T15:42:59.087-07:00&lt;/currenttime&gt;&lt;Timestamp&gt;2008-10-09T15:42:56.639-07:00&lt;/Timestamp&gt;&lt;/msgns:StreamOutput0_MsgObj&gt;&lt;msgns:StreamOutput0_MsgObj xmlns:msgns=&quot;PriceProcess_iep&quot;&gt;&lt;symbol&gt;MUR&lt;/symbol&gt;&lt;AvgPrice&gt;5.34857142857143&lt;/AvgPrice&gt;&lt;currenttime&gt;2008-10-09T15:42:59.087-07:00&lt;/currenttime&gt;&lt;Timestamp&gt;2008-10-09T15:42:56.639-07:00&lt;/Timestamp&gt;&lt;/msgns:StreamOutput0_MsgObj&gt;&lt;msgns:StreamOutput0_MsgObj xmlns:msgns=&quot;PriceProcess_iep&quot;&gt;&lt;symbol&gt;DIJ&lt;/symbol&gt;&lt;AvgPrice&gt;5.41375&lt;/AvgPrice&gt;&lt;currenttime&gt;2008-10-09T15:42:59.087-07:00&lt;/currenttime&gt;&lt;Timestamp&gt;2008-10-09T15:42:56.655-07:00&lt;/Timestamp&gt;&lt;/msgns:StreamOutput0_MsgObj&gt;&lt;msgns:StreamOutput0_MsgObj xmlns:msgns=&quot;PriceProcess_iep&quot;&gt;&lt;symbol&gt;PHI&lt;/symbol&gt;&lt;AvgPrice&gt;8.710769230769227&lt;/AvgPrice&gt;&lt;currenttime&gt;2008-10-09T15:42:59.087-07:00&lt;/currenttime&gt;&lt;Timestamp&gt;2008-10-09T15:42:56.655-07:00&lt;/Timestamp&gt;&lt;/msgns:StreamOutput0_MsgObj&gt;&lt;msgns:StreamOutput0_MsgObj xmlns:msgns=&quot;PriceProcess_iep&quot;&gt;&lt;symbol&gt;MUR&lt;/symbol&gt;&lt;AvgPrice&gt;5.34857142857143&lt;/AvgPrice&gt;&lt;currenttime&gt;2008-10-09T15:42:59.087-07:00&lt;/currenttime&gt;&lt;Timestamp&gt;2008-10-09T15:42:56.655-07:00&lt;/Timestamp&gt;&lt;/msgns:StreamOutput0_MsgObj&gt;&lt;msgns:StreamOutput0_MsgObj xmlns:msgns=&quot;PriceProcess_iep&quot;&gt;&lt;symbol&gt;JAVA&lt;/symbol&gt;&lt;AvgPrice&gt;9.802727272727273&lt;/AvgPrice&gt;&lt;currenttime&gt;2008-10-09T15:42:59.087-07:00&lt;/currenttime&gt;&lt;Timestamp&gt;2008-10-09T15:42:56.655-07:00&lt;/Timestamp&gt;&lt;/msgns:StreamOutput0_MsgObj&gt;&lt;msgns:StreamOutput0_MsgObj xmlns:msgns=&quot;PriceProcess_iep&quot;&gt;&lt;symbol&gt;DIJ&lt;/symbol&gt;&lt;AvgPrice&gt;5.41375&lt;/AvgPrice&gt;&lt;currenttime&gt;2008-10-09T15:42:59.087-07:00&lt;/currenttime&gt;&lt;Timestamp&gt;2008-10-09T15:42:56.670-07:00&lt;/Timestamp&gt;&lt;/msgns:StreamOutput0_MsgObj&gt;&lt;msgns:StreamOutput0_MsgObj xmlns:msgns=&quot;PriceProcess_iep&quot;&gt;&lt;symbol&gt;PHI&lt;/symbol&gt;&lt;AvgPrice&gt;8.710769230769227&lt;/AvgPrice&gt;&lt;currenttime&gt;2008-10-09T15:42:59.087-07:00&lt;/currenttime&gt;&lt;Timestamp&gt;2008-10-09T15:42:56.670-07:00&lt;/Timestamp&gt;&lt;/msgns:StreamOutput0_MsgObj&gt;&lt;msgns:StreamOutput0_MsgObj xmlns:msgns=&quot;PriceProcess_iep&quot;&gt;&lt;symbol&gt;JAVA&lt;/symbol&gt;&lt;AvgPrice&gt;9.802727272727273&lt;/AvgPrice&gt;&lt;currenttime&gt;2008-10-09T15:42:59.087-07:00&lt;/currenttime&gt;&lt;Timestamp&gt;2008-10-09T15:42:56.670-07:00&lt;/Timestamp&gt;&lt;/msgns:StreamOutput0_MsgObj&gt;&lt;msgns:StreamOutput0_MsgObj xmlns:msgns=&quot;PriceProcess_iep&quot;&gt;&lt;symbol&gt;MUR&lt;/symbol&gt;&lt;AvgPrice&gt;5.341363636363638&lt;/AvgPrice&gt;&lt;currenttime&gt;2008-10-09T15:42:59.087-07:00&lt;/currenttime&gt;&lt;Timestamp&gt;2008-10-09T15:42:56.670-07:00&lt;/Timestamp&gt;&lt;/msgns:StreamOutput0_MsgObj&gt;&lt;msgns:StreamOutput0_MsgObj xmlns:msgns=&quot;PriceProcess_iep&quot;&gt;&lt;symbol&gt;DIJ&lt;/symbol&gt;&lt;AvgPrice&gt;5.41375&lt;/AvgPrice&gt;&lt;currenttime&gt;2008-10-09T15:42:59.087-07:00&lt;/currenttime&gt;&lt;Timestamp&gt;2008-10-09T15:42:56.686-07:00&lt;/Timestamp&gt;&lt;/msgns:StreamOutput0_MsgObj&gt;&lt;msgns:StreamOutput0_MsgObj xmlns:msgns=&quot;PriceProcess_iep&quot;&gt;&lt;symbol&gt;JAVA&lt;/symbol&gt;&lt;AvgPrice&gt;9.802727272727273&lt;/AvgPrice&gt;&lt;currenttime&gt;2008-10-09T15:42:59.087-07:00&lt;/currenttime&gt;&lt;Timestamp&gt;2008-10-09T15:42:56.686-07:00&lt;/Timestamp&gt;&lt;/msgns:StreamOutput0_MsgObj&gt;&lt;msgns:StreamOutput0_MsgObj xmlns:msgns=&quot;PriceProcess_iep&quot;&gt;&lt;symbol&gt;MUR&lt;/symbol&gt;&lt;AvgPrice&gt;5.341363636363638&lt;/AvgPrice&gt;&lt;currenttime&gt;2008-10-09T15:42:59.087-07:00&lt;/currenttime&gt;&lt;Timestamp&gt;2008-10-09T15:42:56.686-07:00&lt;/Timestamp&gt;&lt;/msgns:StreamOutput0_MsgObj&gt;&lt;msgns:StreamOutput0_MsgObj xmlns:msgns=&quot;PriceProcess_iep&quot;&gt;&lt;symbol&gt;PHI&lt;/symbol&gt;&lt;AvgPrice&gt;8.535555555555552&lt;/AvgPrice&gt;&lt;currenttime&gt;2008-10-09T15:42:59.087-07:00&lt;/currenttime&gt;&lt;Timestamp&gt;2008-10-09T15:42:56.686-07:00&lt;/Timestamp&gt;&lt;/msgns:StreamOutput0_MsgObj&gt;&lt;msgns:StreamOutput0_MsgObj xmlns:msgns=&quot;PriceProcess_iep&quot;&gt;&lt;symbol&gt;DIJ&lt;/symbol&gt;&lt;AvgPrice&gt;5.41375&lt;/AvgPrice&gt;&lt;currenttime&gt;2008-10-09T15:42:59.087-07:00&lt;/currenttime&gt;&lt;Timestamp&gt;2008-10-09T15:42:56.702-07:00&lt;/Timestamp&gt;&lt;/msgns:StreamOutput0_MsgObj&gt;&lt;msgns:StreamOutput0_MsgObj xmlns:msgns=&quot;PriceProcess_iep&quot;&gt;&lt;symbol&gt;JAVA&lt;/symbol&gt;&lt;AvgPrice&gt;9.802727272727273&lt;/AvgPrice&gt;&lt;currenttime&gt;2008-10-09T15:42:59.087-07:00&lt;/currenttime&gt;&lt;Timestamp&gt;2008-10-09T15:42:56.702-07:00&lt;/Timestamp&gt;&lt;/msgns:StreamOutput0_MsgObj&gt;&lt;msgns:StreamOutput0_MsgObj xmlns:msgns=&quot;PriceProcess_iep&quot;&gt;&lt;symbol&gt;PHI&lt;/symbol&gt;&lt;AvgPrice&gt;8.535555555555552&lt;/AvgPrice&gt;&lt;currenttime&gt;2008-10-09T15:42:59.087-07:00&lt;/currenttime&gt;&lt;Timestamp&gt;2008-10-09T15:42:56.702-07:00&lt;/Timestamp&gt;&lt;/msgns:StreamOutput0_MsgObj&gt;&lt;msgns:StreamOutput0_MsgObj xmlns:msgns=&quot;PriceProcess_iep&quot;&gt;&lt;symbol&gt;MUR&lt;/symbol&gt;&lt;AvgPrice&gt;5.360434782608697&lt;/AvgPrice&gt;&lt;currenttime&gt;2008-10-09T15:42:59.087-07:00&lt;/currenttime&gt;&lt;Timestamp&gt;2008-10-09T15:42:56.702-07:00&lt;/Timestamp&gt;&lt;/msgns:StreamOutput0_MsgObj&gt;&lt;msgns:StreamOutput0_MsgObj xmlns:msgns=&quot;PriceProcess_iep&quot;&gt;&lt;symbol&gt;DIJ&lt;/symbol&gt;&lt;AvgPrice&gt;5.41375&lt;/AvgPrice&gt;&lt;currenttime&gt;2008-10-09T15:42:59.087-07:00&lt;/currenttime&gt;&lt;Timestamp&gt;2008-10-09T15:42:56.717-07:00&lt;/Timestamp&gt;&lt;/msgns:StreamOutput0_MsgObj&gt;&lt;msgns:StreamOutput0_MsgObj xmlns:msgns=&quot;PriceProcess_iep&quot;&gt;&lt;symbol&gt;JAVA&lt;/symbol&gt;&lt;AvgPrice&gt;9.802727272727273&lt;/AvgPrice&gt;&lt;currenttime&gt;2008-10-09T15:42:59.087-07:00&lt;/currenttime&gt;&lt;Timestamp&gt;2008-10-09T15:42:56.717-07:00&lt;/Timestamp&gt;&lt;/msgns:StreamOutput0_MsgObj&gt;&lt;msgns:StreamOutput0_MsgObj xmlns:msgns=&quot;PriceProcess_iep&quot;&gt;&lt;symbol&gt;MUR&lt;/symbol&gt;&lt;AvgPrice&gt;5.360434782608697&lt;/AvgPrice&gt;&lt;currenttime&gt;2008-10-09T15:42:59.087-07:00&lt;/currenttime&gt;&lt;Timestamp&gt;2008-10-09T15:42:56.717-07:00&lt;/Timestamp&gt;&lt;/msgns:StreamOutput0_MsgObj&gt;&lt;msgns:StreamOutput0_MsgObj xmlns:msgns=&quot;PriceProcess_iep&quot;&gt;&lt;symbol&gt;PHI&lt;/symbol&gt;&lt;AvgPrice&gt;8.301428571428568&lt;/AvgPrice&gt;&lt;currenttime&gt;2008-10-09T15:42:59.087-07:00&lt;/currenttime&gt;&lt;Timestamp&gt;2008-10-09T15:42:56.717-07:00&lt;/Timestamp&gt;&lt;/msgns:StreamOutput0_MsgObj&gt;&lt;msgns:StreamOutput0_MsgObj xmlns:msgns=&quot;PriceProcess_iep&quot;&gt;&lt;symbol&gt;JAVA&lt;/symbol&gt;&lt;AvgPrice&gt;9.802727272727273&lt;/AvgPrice&gt;&lt;currenttime&gt;2008-10-09T15:43:09.243-07:00&lt;/currenttime&gt;&lt;Timestamp&gt;2008-10-09T15:43:06.733-07:00&lt;/Timestamp&gt;&lt;/msgns:StreamOutput0_MsgObj&gt;&lt;msgns:StreamOutput0_MsgObj xmlns:msgns=&quot;PriceProcess_iep&quot;&gt;&lt;symbol&gt;MUR&lt;/symbol&gt;&lt;AvgPrice&gt;5.360434782608697&lt;/AvgPrice&gt;&lt;currenttime&gt;2008-10-09T15:43:09.243-07:00&lt;/currenttime&gt;&lt;Timestamp&gt;2008-10-09T15:43:06.733-07:00&lt;/Timestamp&gt;&lt;/msgns:StreamOutput0_MsgObj&gt;&lt;msgns:StreamOutput0_MsgObj xmlns:msgns=&quot;PriceProcess_iep&quot;&gt;&lt;symbol&gt;PHI&lt;/symbol&gt;&lt;AvgPrice&gt;8.301428571428568&lt;/AvgPrice&gt;&lt;currenttime&gt;2008-10-09T15:43:09.243-07:00&lt;/currenttime&gt;&lt;Timestamp&gt;2008-10-09T15:43:06.733-07:00&lt;/Timestamp&gt;&lt;/msgns:StreamOutput0_MsgObj&gt;&lt;msgns:StreamOutput0_MsgObj xmlns:msgns=&quot;PriceProcess_iep&quot;&gt;&lt;symbol&gt;DIJ&lt;/symbol&gt;&lt;AvgPrice&gt;5.466666666666667&lt;/AvgPrice&gt;&lt;currenttime&gt;2008-10-09T15:43:09.243-07:00&lt;/currenttime&gt;&lt;Timestamp&gt;2008-10-09T15:43:06.733-07:00&lt;/Timestamp&gt;&lt;/msgns:StreamOutput0_MsgObj&gt;&lt;msgns:StreamOutput0_MsgObj xmlns:msgns=&quot;PriceProcess_iep&quot;&gt;&lt;symbol&gt;JAVA&lt;/symbol&gt;&lt;AvgPrice&gt;9.802727272727273&lt;/AvgPrice&gt;&lt;currenttime&gt;2008-10-09T15:43:09.243-07:00&lt;/currenttime&gt;&lt;Timestamp&gt;2008-10-09T15:43:06.748-07:00&lt;/Timestamp&gt;&lt;/msgns:StreamOutput0_MsgObj&gt;&lt;msgns:StreamOutput0_MsgObj xmlns:msgns=&quot;PriceProcess_iep&quot;&gt;&lt;symbol&gt;MUR&lt;/symbol&gt;&lt;AvgPrice&gt;5.360434782608697&lt;/AvgPrice&gt;&lt;currenttime&gt;2008-10-09T15:43:09.243-07:00&lt;/currenttime&gt;&lt;Timestamp&gt;2008-10-09T15:43:06.748-07:00&lt;/Timestamp&gt;&lt;/msgns:StreamOutput0_MsgObj&gt;&lt;msgns:StreamOutput0_MsgObj xmlns:msgns=&quot;PriceProcess_iep&quot;&gt;&lt;symbol&gt;DIJ&lt;/symbol&gt;&lt;AvgPrice&gt;5.466666666666667&lt;/AvgPrice&gt;&lt;currenttime&gt;2008-10-09T15:43:09.243-07:00&lt;/currenttime&gt;&lt;Timestamp&gt;2008-10-09T15:43:06.748-07:00&lt;/Timestamp&gt;&lt;/msgns:StreamOutput0_MsgObj&gt;&lt;msgns:StreamOutput0_MsgObj xmlns:msgns=&quot;PriceProcess_iep&quot;&gt;&lt;symbol&gt;PHI&lt;/symbol&gt;&lt;AvgPrice&gt;8.117931034482755&lt;/AvgPrice&gt;&lt;currenttime&gt;2008-10-09T15:43:09.243-07:00&lt;/currenttime&gt;&lt;Timestamp&gt;2008-10-09T15:43:06.748-07:00&lt;/Timestamp&gt;&lt;/msgns:StreamOutput0_MsgObj&gt;&lt;msgns:StreamOutput0_MsgObj xmlns:msgns=&quot;PriceProcess_iep&quot;&gt;&lt;symbol&gt;JAVA&lt;/symbol&gt;&lt;AvgPrice&gt;9.802727272727273&lt;/AvgPrice&gt;&lt;currenttime&gt;2008-10-09T15:43:09.243-07:00&lt;/currenttime&gt;&lt;Timestamp&gt;2008-10-09T15:43:06.764-07:00&lt;/Timestamp&gt;&lt;/msgns:StreamOutput0_MsgObj&gt;&lt;msgns:StreamOutput0_MsgObj xmlns:msgns=&quot;PriceProcess_iep&quot;&gt;&lt;symbol&gt;DIJ&lt;/symbol&gt;&lt;AvgPrice&gt;5.466666666666667&lt;/AvgPrice&gt;&lt;currenttime&gt;2008-10-09T15:43:09.243-07:00&lt;/currenttime&gt;&lt;Timestamp&gt;2008-10-09T15:43:06.764-07:00&lt;/Timestamp&gt;&lt;/msgns:StreamOutput0_MsgObj&gt;&lt;msgns:StreamOutput0_MsgObj xmlns:msgns=&quot;PriceProcess_iep&quot;&gt;&lt;symbol&gt;PHI&lt;/symbol&gt;&lt;AvgPrice&gt;8.117931034482755&lt;/AvgPrice&gt;&lt;currenttime&gt;2008-10-09T15:43:09.243-07:00&lt;/currenttime&gt;&lt;Timestamp&gt;2008-10-09T15:43:06.764-07:00&lt;/Timestamp&gt;&lt;/msgns:StreamOutput0_MsgObj&gt;&lt;msgns:StreamOutput0_MsgObj xmlns:msgns=&quot;PriceProcess_iep&quot;&gt;&lt;symbol&gt;MUR&lt;/symbol&gt;&lt;AvgPrice&gt;5.3875&lt;/AvgPrice&gt;&lt;currenttime&gt;2008-10-09T15:43:09.243-07:00&lt;/currenttime&gt;&lt;Timestamp&gt;2008-10-09T15:43:06.764-07:00&lt;/Timestamp&gt;&lt;/msgns:StreamOutput0_MsgObj&gt;&lt;msgns:StreamOutput0_MsgObj xmlns:msgns=&quot;PriceProcess_iep&quot;&gt;&lt;symbol&gt;JAVA&lt;/symbol&gt;&lt;AvgPrice&gt;9.802727272727273&lt;/AvgPrice&gt;&lt;currenttime&gt;2008-10-09T15:43:09.243-07:00&lt;/currenttime&gt;&lt;Timestamp&gt;2008-10-09T15:43:06.780-07:00&lt;/Timestamp&gt;&lt;/msgns:StreamOutput0_MsgObj&gt;&lt;msgns:StreamOutput0_MsgObj xmlns:msgns=&quot;PriceProcess_iep&quot;&gt;&lt;symbol&gt;DIJ&lt;/symbol&gt;&lt;AvgPrice&gt;5.466666666666667&lt;/AvgPrice&gt;&lt;currenttime&gt;2008-10-09T15:43:09.243-07:00&lt;/currenttime&gt;&lt;Timestamp&gt;2008-10-09T15:43:06.780-07:00&lt;/Timestamp&gt;&lt;/msgns:StreamOutput0_MsgObj&gt;&lt;msgns:StreamOutput0_MsgObj xmlns:msgns=&quot;PriceProcess_iep&quot;&gt;&lt;symbol&gt;MUR&lt;/symbol&gt;&lt;AvgPrice&gt;5.3875&lt;/AvgPrice&gt;&lt;currenttime&gt;2008-10-09T15:43:09.243-07:00&lt;/currenttime&gt;&lt;Timestamp&gt;2008-10-09T15:43:06.780-07:00&lt;/Timestamp&gt;&lt;/msgns:StreamOutput0_MsgObj&gt;&lt;msgns:StreamOutput0_MsgObj xmlns:msgns=&quot;PriceProcess_iep&quot;&gt;&lt;symbol&gt;PHI&lt;/symbol&gt;&lt;AvgPrice&gt;8.079999999999995&lt;/AvgPrice&gt;&lt;currenttime&gt;2008-10-09T15:43:09.243-07:00&lt;/currenttime&gt;&lt;Timestamp&gt;2008-10-09T15:43:06.780-07:00&lt;/Timestamp&gt;&lt;/msgns:StreamOutput0_MsgObj&gt;&lt;msgns:StreamOutput0_MsgObj xmlns:msgns=&quot;PriceProcess_iep&quot;&gt;&lt;symbol&gt;DIJ&lt;/symbol&gt;&lt;AvgPrice&gt;5.466666666666667&lt;/AvgPrice&gt;&lt;currenttime&gt;2008-10-09T15:43:09.243-07:00&lt;/currenttime&gt;&lt;Timestamp&gt;2008-10-09T15:43:06.795-07:00&lt;/Timestamp&gt;&lt;/msgns:StreamOutput0_MsgObj&gt;&lt;msgns:StreamOutput0_MsgObj xmlns:msgns=&quot;PriceProcess_iep&quot;&gt;&lt;symbol&gt;MUR&lt;/symbol&gt;&lt;AvgPrice&gt;5.3875&lt;/AvgPrice&gt;&lt;currenttime&gt;2008-10-09T15:43:09.243-07:00&lt;/currenttime&gt;&lt;Timestamp&gt;2008-10-09T15:43:06.795-07:00&lt;/Timestamp&gt;&lt;/msgns:StreamOutput0_MsgObj&gt;&lt;msgns:StreamOutput0_MsgObj xmlns:msgns=&quot;PriceProcess_iep&quot;&gt;&lt;symbol&gt;PHI&lt;/symbol&gt;&lt;AvgPrice&gt;8.079999999999995&lt;/AvgPrice&gt;&lt;currenttime&gt;2008-10-09T15:43:09.243-07:00&lt;/currenttime&gt;&lt;Timestamp&gt;2008-10-09T15:43:06.795-07:00&lt;/Timestamp&gt;&lt;/msgns:StreamOutput0_MsgObj&gt;&lt;msgns:StreamOutput0_MsgObj xmlns:msgns=&quot;PriceProcess_iep&quot;&gt;&lt;symbol&gt;JAVA&lt;/symbol&gt;&lt;AvgPrice&gt;9.485&lt;/AvgPrice&gt;&lt;currenttime&gt;2008-10-09T15:43:09.243-07:00&lt;/currenttime&gt;&lt;Timestamp&gt;2008-10-09T15:43:06.795-07:00&lt;/Timestamp&gt;&lt;/msgns:StreamOutput0_MsgObj&gt;&gt; but was:&lt;null&gt;
	at org.netbeans.modules.compapp.catd.ConfiguredTest.testN2MInboundSOAPRequest(ConfiguredTest.java:2709)
</failure>
  </testcase>
  <system-out><![CDATA[{java.runtime.name=Java(TM) 2 Runtime Environment, Standard Edition, sun.boot.library.path=C:\Java\jdk1.5.0_12\jre\bin, java.vm.version=1.5.0_12-b04, java.vm.vendor=Sun Microsystems Inc., java.vendor.url=http://java.sun.com/, path.separator=;, java.vm.name=Java HotSpot(TM) Client VM, file.encoding.pkg=sun.io, sun.java.launcher=SUN_STANDARD, user.country=US, sun.os.patch.level=Service Pack 2, java.vm.specification.name=Java Virtual Machine Specification, user.dir=C:\open-jbi-components\driver-tests\iepse\StressTest\StockTickerJbi, java.runtime.version=1.5.0_12-b04, java.awt.graphicsenv=sun.awt.Win32GraphicsEnvironment, java.endorsed.dirs=C:\Java\jdk1.5.0_12\jre\lib\endorsed, os.arch=x86, java.io.tmpdir=C:\DOCUME~1\PVARGH~1\LOCALS~1\Temp\, line.separator=
, java.vm.specification.vendor=Sun Microsystems Inc., user.variant=, os.name=Windows XP, sun.jnu.encoding=Cp1252, java.library.path=C:\Java\jdk1.5.0_12\jre\bin;.;C:\WINDOWS\system32;C:\WINDOWS;C:\Java\jdk1.5.0_12\bin;C:\Applications\gnuserv;C:\WINDOWS\system32;C:\WINDOWS;C:\WINDOWS\System32\Wbem;C:\Program Files\Common Files\Roxio Shared\DLLShared\;C:\Program Files\Reflection\;C:\Program Files\Apache\maven-2.0.5\bin;C:\Program Files\TortoiseCVS;C:\Applications\build-tools\apache-ant-1.6.5\bin;C:\Program Files\Executive Software\DiskeeperWorkstation\;C:\Applications\eartool\;C:\Program Files\QuickTime\QTSystem\;C:\Applications\emacs-21.2\bin;C:\Applications\Mercurial;C:\product\10.1.3.1\OracleAS_1\MOBILE\sdk\bin, java.specification.name=Java Platform API Specification, java.class.version=49.0, sun.management.compiler=HotSpot Client Compiler, os.version=5.1, user.home=C:\Documents and Settings\pvarghese, user.timezone=America/Los_Angeles, java.awt.printerjob=sun.awt.windows.WPrinterJob, file.encoding=Cp1252, java.specification.version=1.5, java.class.path=C:\sierra_all\soa-dev\nbbuild\netbeans\soa2\modules\org-netbeans-modules-compapp-manager-jbi.jar;C:\sierra_all\soa-dev\nbbuild\netbeans\soa2\modules\org-netbeans-modules-compapp-projects-jbi.jar;C:\sierra_all\soa-dev\nbbuild\netbeans\soa2\modules\ext\jbi\jbi-admin-common.jar;C:\sierra_all\soa-dev\nbbuild\netbeans\soa2\modules\ext\jbi\catd.jar;C:\sierra_all\soa-dev\nbbuild\netbeans\java2\modules\ext\junit-3.8.2.jar;C:\sierra_all\soa-dev\nbbuild\netbeans\java2\modules\ext\jaxws21\api\saaj-api.jar;C:\sierra_all\soa-dev\nbbuild\netbeans\java2\modules\ext\jaxws21\saaj-impl.jar;C:\sierra_all\soa-dev\nbbuild\netbeans\java2\modules\ext\jaxws21\FastInfoset.jar;C:\sierra_all\soa-dev\nbbuild\netbeans\ide9\modules\org-netbeans-modules-editor-lib.jar;C:\sierra_all\soa-dev\nbbuild\netbeans\ide9\modules\org-netbeans-modules-editor.jar;C:\sierra_all\soa-dev\nbbuild\netbeans\ide9\modules\org-netbeans-modules-editor-util.jar;C:\sierra_all\soa-dev\nbbuild\netbeans\ide9\modules\org-netbeans-modules-editor-lib2.jar;C:\sierra_all\soa-dev\nbbuild\netbeans\ide9\modules\org-netbeans-modules-editor-indent.jar;C:\sierra_all\soa-dev\nbbuild\netbeans\ide9\modules\org-netbeans-modules-editor-plain.jar;C:\sierra_all\soa-dev\nbbuild\netbeans\ide9\modules\org-netbeans-modules-editor-plain-lib.jar;C:\sierra_all\soa-dev\nbbuild\netbeans\ide9\modules\org-netbeans-modules-editor-settings.jar;C:\sierra_all\soa-dev\nbbuild\netbeans\ide9\modules\org-netbeans-modules-lexer.jar;C:\sierra_all\soa-dev\nbbuild\netbeans\ide9\modules\org-netbeans-modules-xml-core.jar;C:\sierra_all\soa-dev\nbbuild\netbeans\ide9\modules\org-netbeans-modules-xml-lexer.jar;C:\sierra_all\soa-dev\nbbuild\netbeans\ide9\modules\org-netbeans-modules-xml-text.jar;C:\sierra_all\soa-dev\nbbuild\netbeans\ide9\modules\org-netbeans-modules-xml-xdm.jar;C:\sierra_all\soa-dev\nbbuild\netbeans\ide9\modules\org-netbeans-modules-xml-xam.jar;C:\sierra_all\soa-dev\nbbuild\netbeans\platform8\lib\org-openide-modules.jar;C:\sierra_all\soa-dev\nbbuild\netbeans\platform8\lib\org-openide-util.jar;C:\sierra_all\soa-dev\nbbuild\netbeans\platform8\modules\org-openide-options.jar;C:\sierra_all\soa-dev\nbbuild\netbeans\platform8\modules\org-openide-text.jar;C:\sierra_all\soa-dev\nbbuild\netbeans\platform8\modules\org-openide-loaders.jar;C:\sierra_all\soa-dev\nbbuild\netbeans\platform8\modules\org-openide-nodes.jar;C:\sierra_all\soa-dev\nbbuild\netbeans\platform8\modules\org-netbeans-modules-editor-mimelookup.jar;C:\sierra_all\soa-dev\nbbuild\netbeans\platform8\modules\org-netbeans-modules-editor-mimelookup-impl.jar;C:\sierra_all\soa-dev\nbbuild\netbeans\platform8\core\org-openide-filesystems.jar;C:\product\10.1.3.1\OracleAS_1\MOBILE\Sdk\bin\OLITE40.JAR;C:\open-jbi-components\driver-tests\iepse\StressTest\StockTickerJbi;C:\Java\jre1.6.0_04\lib\ext\QTJava.zip;C:\sierra_all\soa-dev\nbbuild\netbeans\java2\ant\lib\ant-launcher.jar;C:\sierra_all\soa-dev\nbbuild\netbeans\java2\ant\lib\ant.jar;C:\sierra_all\soa-dev\nbbuild\netbeans\java2\ant\lib\ant-junit.jar, user.name=pVarghese, java.vm.specification.version=1.0, java.home=C:\Java\jdk1.5.0_12\jre, sun.arch.data.model=32, user.language=en, java.specification.vendor=Sun Microsystems Inc., NetBeansUserDir=C:\Documents and Settings\pvarghese\.netbeans\sierra, awt.toolkit=sun.awt.windows.WToolkit, java.vm.info=mixed mode, java.version=1.5.0_12, java.ext.dirs=C:\Java\jdk1.5.0_12\jre\lib\ext, sun.boot.class.path=C:\Java\jdk1.5.0_12\jre\lib\rt.jar;C:\Java\jdk1.5.0_12\jre\lib\i18n.jar;C:\Java\jdk1.5.0_12\jre\lib\sunrsasign.jar;C:\Java\jdk1.5.0_12\jre\lib\jsse.jar;C:\Java\jdk1.5.0_12\jre\lib\jce.jar;C:\Java\jdk1.5.0_12\jre\lib\charsets.jar;C:\Java\jdk1.5.0_12\jre\classes, java.vendor=Sun Microsystems Inc., file.separator=\, java.vendor.url.bug=http://java.sun.com/cgi-bin/bugreport.cgi, sun.io.unicode.encoding=UnicodeLittle, sun.cpu.endian=little, sun.desktop=windows, sun.cpu.isalist=pentium_pro+mmx pentium_pro pentium+mmx pentium i486 i386 i86}
Test stocktest1\N2M.properties Failed.
]]></system-out>
  <system-err><![CDATA[java.io.FileNotFoundException: C:\open-jbi-components\driver-tests\iepse\StressTest\StockTickerJbi\test\stocktest1\avgOutput.txt (The system cannot find the file specified)
	at java.io.FileInputStream.open(Native Method)
	at java.io.FileInputStream.<init>(FileInputStream.java:106)
	at org.netbeans.modules.compapp.catd.util.Util.getFileContentWithoutCRNL(Util.java:91)
	at org.netbeans.modules.compapp.catd.Output.getActualWithoutCRNL(Output.java:89)
	at org.netbeans.modules.compapp.catd.ConfiguredTest.testN2MInboundSOAPRequest(ConfiguredTest.java:2708)
	at sun.reflect.NativeMethodAccessorImpl.invoke0(Native Method)
	at sun.reflect.NativeMethodAccessorImpl.invoke(NativeMethodAccessorImpl.java:39)
	at sun.reflect.DelegatingMethodAccessorImpl.invoke(DelegatingMethodAccessorImpl.java:25)
	at java.lang.reflect.Method.invoke(Method.java:585)
	at junit.framework.TestCase.runTest(TestCase.java:164)
	at junit.framework.TestCase.runBare(TestCase.java:130)
	at junit.framework.TestResult$1.protect(TestResult.java:106)
	at junit.framework.TestResult.runProtected(TestResult.java:124)
	at junit.framework.TestResult.run(TestResult.java:109)
	at junit.framework.TestCase.run(TestCase.java:120)
	at junit.framework.TestSuite.runTest(TestSuite.java:230)
	at junit.framework.TestSuite.run(TestSuite.java:225)
	at org.apache.tools.ant.taskdefs.optional.junit.JUnitTestRunner.run(JUnitTestRunner.java:421)
	at org.apache.tools.ant.taskdefs.optional.junit.JUnitTestRunner.launch(JUnitTestRunner.java:912)
	at org.apache.tools.ant.taskdefs.optional.junit.JUnitTestRunner.main(JUnitTestRunner.java:766)
]]></system-err>
</testsuite>
