<?xml version="1.0" encoding="UTF-8"?>
<con:soapui-project name="test-provider-complex-IntType" soapui-version="3.0.1" resourceRoot="" abortOnError="false" runType="SEQUENTIAL" xmlns:con="http://eviware.com/soapui/config"><con:settings><con:setting id="com.eviware.soapui.impl.wsdl.actions.iface.tools.soapui.TestRunnerAction@values-local"><![CDATA[<xml-fragment xmlns:con="http://eviware.com/soapui/config">
  <con:entry key="TestSuite" value="TestSuite 1"/>
  <con:entry key="Domain" value=""/>
  <con:entry key="Password" value=""/>
  <con:entry key="Coverage Report" value="false"/>
  <con:entry key="Export JUnit Results" value="false"/>
  <con:entry key="Open Report" value="false"/>
  <con:entry key="TestRunner Path" value=""/>
  <con:entry key="Tool Args" value=""/>
  <con:entry key="Export All" value="false"/>
  <con:entry key="TestCase" value="&lt;all>"/>
  <con:entry key="Print Report" value="false"/>
  <con:entry key="Host:Port" value=""/>
  <con:entry key="Username" value=""/>
  <con:entry key="WSS Password Type" value=""/>
  <con:entry key="Root Folder" value=""/>
  <con:entry key="Endpoint" value=""/>
  <con:entry key="Enable UI" value="false"/>
  <con:entry key="Save Project" value="false"/>
  <con:entry key="Add Settings" value="false"/>
</xml-fragment>]]></con:setting></con:settings><con:interface xsi:type="con:WsdlInterface" wsaVersion="NONE" name="Echo2CorbaBinding" type="wsdl" bindingName="{http://it.imolinfo.jbi4corba.test.webservice.generator.complexintType}Echo2CorbaBinding" soapVersion="1_1" anonymous="optional" definition="http://localhost:8192/Service/test-provider-complex-IntType-Echo2/?wsdl" xmlns:xsi="http://www.w3.org/2001/XMLSchema-instance"><con:settings/><con:definitionCache type="TEXT" rootPart="http://localhost:8192/Service/test-provider-complex-IntType-Echo2/?wsdl"><con:part><con:url>http://www.w3.org/2006/03/addressing/ws-addr.xsd</con:url><con:content><![CDATA[<!--W3C XML Schema defined in the Web Services Addressing 1.0 specification
    http://www.w3.org/TR/ws-addr-core

   Copyright © 2005 World Wide Web Consortium,

   (Massachusetts Institute of Technology, European Research Consortium for
   Informatics and Mathematics, Keio University). All Rights Reserved. This
   work is distributed under the W3C® Software License [1] in the hope that
   it will be useful, but WITHOUT ANY WARRANTY; without even the implied
   warranty of MERCHANTABILITY or FITNESS FOR A PARTICULAR PURPOSE.

   [1] http://www.w3.org/Consortium/Legal/2002/copyright-software-20021231

   $Id: test-provider-complex-IntType-soapui-project.xml,v 1.5 2010/02/16 08:25:00 lacquaviva Exp $-->
<xs:schema targetNamespace="http://www.w3.org/2005/08/addressing" blockDefault="#all" elementFormDefault="qualified" finalDefault="" attributeFormDefault="unqualified" xmlns:xs="http://www.w3.org/2001/XMLSchema" xmlns:tns="http://www.w3.org/2005/08/addressing">
  <!--Constructs from the WS-Addressing Core-->
  <xs:element name="EndpointReference" type="tns:EndpointReferenceType"/>
  <xs:complexType name="EndpointReferenceType" mixed="false">
    <xs:sequence>
      <xs:element name="Address" type="tns:AttributedURIType"/>
      <xs:element ref="tns:ReferenceParameters" minOccurs="0"/>
      <xs:element ref="tns:Metadata" minOccurs="0"/>
      <xs:any namespace="##other" processContents="lax" minOccurs="0" maxOccurs="unbounded"/>
    </xs:sequence>
    <xs:anyAttribute namespace="##other" processContents="lax"/>
  </xs:complexType>
  <xs:element name="ReferenceParameters" type="tns:ReferenceParametersType"/>
  <xs:complexType name="ReferenceParametersType" mixed="false">
    <xs:sequence>
      <xs:any namespace="##any" processContents="lax" minOccurs="0" maxOccurs="unbounded"/>
    </xs:sequence>
    <xs:anyAttribute namespace="##other" processContents="lax"/>
  </xs:complexType>
  <xs:element name="Metadata" type="tns:MetadataType"/>
  <xs:complexType name="MetadataType" mixed="false">
    <xs:sequence>
      <xs:any namespace="##any" processContents="lax" minOccurs="0" maxOccurs="unbounded"/>
    </xs:sequence>
    <xs:anyAttribute namespace="##other" processContents="lax"/>
  </xs:complexType>
  <xs:element name="MessageID" type="tns:AttributedURIType"/>
  <xs:element name="RelatesTo" type="tns:RelatesToType"/>
  <xs:complexType name="RelatesToType" mixed="false">
    <xs:simpleContent>
      <xs:extension base="xs:anyURI">
        <xs:attribute name="RelationshipType" type="tns:RelationshipTypeOpenEnum" use="optional" default="http://www.w3.org/2005/08/addressing/reply"/>
        <xs:anyAttribute namespace="##other" processContents="lax"/>
      </xs:extension>
    </xs:simpleContent>
  </xs:complexType>
  <xs:simpleType name="RelationshipTypeOpenEnum">
    <xs:union memberTypes="tns:RelationshipType xs:anyURI"/>
  </xs:simpleType>
  <xs:simpleType name="RelationshipType">
    <xs:restriction base="xs:anyURI">
      <xs:enumeration value="http://www.w3.org/2005/08/addressing/reply"/>
    </xs:restriction>
  </xs:simpleType>
  <xs:element name="ReplyTo" type="tns:EndpointReferenceType"/>
  <xs:element name="From" type="tns:EndpointReferenceType"/>
  <xs:element name="FaultTo" type="tns:EndpointReferenceType"/>
  <xs:element name="To" type="tns:AttributedURIType"/>
  <xs:element name="Action" type="tns:AttributedURIType"/>
  <xs:complexType name="AttributedURIType" mixed="false">
    <xs:simpleContent>
      <xs:extension base="xs:anyURI">
        <xs:anyAttribute namespace="##other" processContents="lax"/>
      </xs:extension>
    </xs:simpleContent>
  </xs:complexType>
  <!--Constructs from the WS-Addressing SOAP binding-->
  <xs:attribute name="IsReferenceParameter" type="xs:boolean"/>
  <xs:simpleType name="FaultCodesOpenEnumType">
    <xs:union memberTypes="tns:FaultCodesType xs:QName"/>
  </xs:simpleType>
  <xs:simpleType name="FaultCodesType">
    <xs:restriction base="xs:QName">
      <xs:enumeration value="tns:InvalidAddressingHeader"/>
      <xs:enumeration value="tns:InvalidAddress"/>
      <xs:enumeration value="tns:InvalidEPR"/>
      <xs:enumeration value="tns:InvalidCardinality"/>
      <xs:enumeration value="tns:MissingAddressInEPR"/>
      <xs:enumeration value="tns:DuplicateMessageID"/>
      <xs:enumeration value="tns:ActionMismatch"/>
      <xs:enumeration value="tns:MessageAddressingHeaderRequired"/>
      <xs:enumeration value="tns:DestinationUnreachable"/>
      <xs:enumeration value="tns:ActionNotSupported"/>
      <xs:enumeration value="tns:EndpointUnavailable"/>
    </xs:restriction>
  </xs:simpleType>
  <xs:element name="RetryAfter" type="tns:AttributedUnsignedLongType"/>
  <xs:complexType name="AttributedUnsignedLongType" mixed="false">
    <xs:simpleContent>
      <xs:extension base="xs:unsignedLong">
        <xs:anyAttribute namespace="##other" processContents="lax"/>
      </xs:extension>
    </xs:simpleContent>
  </xs:complexType>
  <xs:element name="ProblemHeaderQName" type="tns:AttributedQNameType"/>
  <xs:complexType name="AttributedQNameType" mixed="false">
    <xs:simpleContent>
      <xs:extension base="xs:QName">
        <xs:anyAttribute namespace="##other" processContents="lax"/>
      </xs:extension>
    </xs:simpleContent>
  </xs:complexType>
  <xs:element name="ProblemIRI" type="tns:AttributedURIType"/>
  <xs:element name="ProblemAction" type="tns:ProblemActionType"/>
  <xs:complexType name="ProblemActionType" mixed="false">
    <xs:sequence>
      <xs:element ref="tns:Action" minOccurs="0"/>
      <xs:element name="SoapAction" minOccurs="0" type="xs:anyURI"/>
    </xs:sequence>
    <xs:anyAttribute namespace="##other" processContents="lax"/>
  </xs:complexType>
</xs:schema>]]></con:content><con:type>http://www.w3.org/2001/XMLSchema</con:type></con:part><con:part><con:url>http://localhost:8192/Service/test-provider-complex-IntType-Echo2/?wsdl</con:url><con:content><![CDATA[<wsdl:definitions name="Echo2" targetNamespace="http://it.imolinfo.jbi4corba.test.webservice.generator.complexintType" xmlns:plnk="http://docs.oasis-open.org/wsbpel/2.0/plnktype" xmlns:imolacorba="uri://schemas.imola.it/jbi/wsdl-extensions/corba/" xmlns:wsdl="http://schemas.xmlsoap.org/wsdl/" xmlns:tns="http://it.imolinfo.jbi4corba.test.webservice.generator.complexintType" xmlns:xsd="http://www.w3.org/2001/XMLSchema" xmlns:soap="http://schemas.xmlsoap.org/wsdl/soap/">
  <wsdl:types>
    <xs:schema attributeFormDefault="qualified" elementFormDefault="qualified" targetNamespace="http://complexintType.generator.webservice.test.jbi4corba.imolinfo.it/" xmlns:ns1="http://www.w3.org/2005/08/addressing" xmlns:tns="http://complexintType.generator.webservice.test.jbi4corba.imolinfo.it/" xmlns:xs="http://www.w3.org/2001/XMLSchema">
      <xs:import namespace="http://www.w3.org/2005/08/addressing" schemaLocation="http://www.w3.org/2006/03/addressing/ws-addr.xsd"/>
      <xs:complexType name="echoStruct">
        <xs:sequence>
          <xs:element minOccurs="0" name="fieldEcho2" type="ns1:EndpointReferenceType"/>
          <xs:element minOccurs="0" name="persona" type="tns:persona"/>
        </xs:sequence>
      </xs:complexType>
      <xs:complexType name="persona">
        <xs:sequence>
          <xs:element minOccurs="0" name="echopersona" type="ns1:EndpointReferenceType"/>
          <xs:element minOccurs="0" name="nome" type="xs:string"/>
          <xs:element minOccurs="0" name="cognome" type="xs:string"/>
        </xs:sequence>
      </xs:complexType>
    </xs:schema>
    <xs:schema attributeFormDefault="unqualified" elementFormDefault="qualified" targetNamespace="http://it.imolinfo.jbi4corba.test.webservice.generator.complexintType" xmlns="http://it.imolinfo.jbi4corba.test.webservice.generator.complexintType" xmlns:ns1="http://complexintType.generator.webservice.test.jbi4corba.imolinfo.it/" xmlns:ns2="http://www.w3.org/2005/08/addressing" xmlns:xs="http://www.w3.org/2001/XMLSchema">
      <xs:import namespace="http://complexintType.generator.webservice.test.jbi4corba.imolinfo.it/"/>
      <xs:import namespace="http://www.w3.org/2005/08/addressing" schemaLocation="http://www.w3.org/2006/03/addressing/ws-addr.xsd"/>
      <xs:element name="echo">
        <xs:complexType>
          <xs:sequence>
            <xs:element minOccurs="0" name="msg" type="ns1:echoStruct"/>
          </xs:sequence>
        </xs:complexType>
      </xs:element>
      <xs:element name="echoResponse">
        <xs:complexType>
          <xs:sequence>
            <xs:element minOccurs="0" name="return" type="ns2:EndpointReferenceType"/>
          </xs:sequence>
        </xs:complexType>
      </xs:element>
    </xs:schema>
  </wsdl:types>
  <wsdl:message name="echoResponse">
    <wsdl:part name="parameters" element="tns:echoResponse"></wsdl:part>
  </wsdl:message>
  <wsdl:message name="echo">
    <wsdl:part name="parameters" element="tns:echo"></wsdl:part>
  </wsdl:message>
  <wsdl:portType name="Echo2">
    <wsdl:operation name="echo">
      <wsdl:input name="echo" message="tns:echo"></wsdl:input>
      <wsdl:output name="echoResponse" message="tns:echoResponse"></wsdl:output>
    </wsdl:operation>
  </wsdl:portType>
  <wsdl:binding name="Echo2CorbaBinding" type="tns:Echo2">
    <soap:binding style="document" transport="http://schemas.xmlsoap.org/soap/http"/>
    <wsdl:operation name="echo">
      <soap:operation soapAction="" style="document"/>
      <wsdl:input name="echo">
        <soap:body use="literal"/>
      </wsdl:input>
      <wsdl:output name="echoResponse">
        <soap:body use="literal"/>
      </wsdl:output>
    </wsdl:operation>
  </wsdl:binding>
  <wsdl:service name="Echo2">
    <wsdl:port name="Echo2CorbaPort" binding="tns:Echo2CorbaBinding">
      <soap:address location="http://localhost:8192/Service/test-provider-complex-IntType-Echo2/"/>
    </wsdl:port>
  </wsdl:service>
  <plnk:partnerLinkType name="Echo2">
    <plnk:role name="Echo2PortTypeRole" portType="tns:Echo2"/>
  </plnk:partnerLinkType>
</wsdl:definitions>]]></con:content><con:type>http://schemas.xmlsoap.org/wsdl/</con:type></con:part></con:definitionCache><con:endpoints><con:endpoint>http://localhost:8192/Service/test-provider-complex-IntType-Echo2/</con:endpoint><con:endpoint>http://localhost:8192/Service/test-provider-complex-IntType-Echo2/</con:endpoint></con:endpoints><con:operation isOneWay="false" action="" name="echo" bindingOperationName="echo" type="Request-Response" outputName="echoResponse" inputName="echo" receivesAttachments="false" sendsAttachments="false" anonymous="optional"><con:settings/><con:call name="Request 1"><con:settings/><con:encoding>UTF-8</con:encoding><con:endpoint>http://localhost:8192/Service/test-provider-complex-IntType-Echo2/</con:endpoint><con:request><![CDATA[<soapenv:Envelope xmlns:soapenv="http://schemas.xmlsoap.org/soap/envelope/" xmlns:it="http://it.imolinfo.jbi4corba.test.webservice.generator.complexintType.Echo2" xmlns:com="http://complexintType.generator.webservice.test.jbi4corba.imolinfo.it/" xmlns:add="http://www.w3.org/2005/08/addressing">
   <soapenv:Header/>
   <soapenv:Body>
      <it:echo>
         <!--Optional:-->
         <it:msg>
            <!--Optional:-->
            <com:fieldEcho2>
               <add:Address>jbi4corba:IOR:000000000000004C49444C3A69742F696D6F6C696E666F2F6A626934636F7262612F746573742F776562736572766963652F67656E657261746F722F636F6D706C6578696E74547970652F4563686F3A312E3000000000010000000000000086000102000000000E3139322E3136382E312E32303900C13300000031AFABCB0000000020D5DAF80E00000001000000000000000100000008526F6F74504F410000000008000000080000000014000000000000020000000100000020000000000001000100000002050100010001002000010109000000010001010000000026000000020002</add:Address>
               <!--Optional:-->
               <add:ReferenceParameters>
                  <!--You may enter ANY elements at this point-->
               </add:ReferenceParameters>
               <!--Optional:-->
               <add:Metadata>
                  <!--You may enter ANY elements at this point-->
               </add:Metadata>
               <!--You may enter ANY elements at this point-->
            </com:fieldEcho2>
            <!--Optional:-->
            <com:persona>
               <!--Optional:-->
               <com:echopersona>
                  <add:Address>jbi4corba:IOR:000000000000004c49444c3a69742f696d6f6c696e666f2f6a626934636f7262612f746573742f776562736572766963652f67656e657261746f722f636f6d706c6578696e74547970652f4563686f3a312e3000000000010000000000000086000102000000000e3139322e3136382e312e323039000ebe00000031afabcb00000000203d295b6700000001000000000000000100000008526f6f74504f4100000000080000000a0000000014000000000000020000000100000020000000000001000100000002050100010001002000010109000000010001010000000026000000020002</add:Address>
                  <!--Optional:-->
                  <add:ReferenceParameters>
                     <!--You may enter ANY elements at this point-->
                  </add:ReferenceParameters>
                  <!--Optional:-->
                  <add:Metadata>
                     <!--You may enter ANY elements at this point-->
                  </add:Metadata>
                  <!--You may enter ANY elements at this point-->
               </com:echopersona>
               <!--Optional:-->
               <com:nome>Luca</com:nome>
               <!--Optional:-->
               <com:cognome>Acquaviva</com:cognome>
            </com:persona>
         </it:msg>
      </it:echo>
   </soapenv:Body>
</soapenv:Envelope>]]></con:request><con:wsaConfig mustUnderstand="NONE" version="200508" action="http://it.imolinfo.jbi4corba.test.webservice.generator.complexintType/Echo2/echo"/><con:wsrmConfig version="1.2"/></con:call></con:operation></con:interface><con:interface xsi:type="con:WsdlInterface" wsaVersion="NONE" name="Echo3CorbaBinding" type="wsdl" bindingName="{http://it.imolinfo.jbi4corba.test.webservice.generator.complexintType}Echo3CorbaBinding" soapVersion="1_1" anonymous="optional" definition="http://localhost:8192/Service/test-provider-complex-IntType-Echo3/?wsdl" xmlns:xsi="http://www.w3.org/2001/XMLSchema-instance"><con:settings/><con:definitionCache type="TEXT" rootPart="http://localhost:8192/Service/test-provider-complex-IntType-Echo3/?wsdl"><con:part><con:url>http://www.w3.org/2006/03/addressing/ws-addr.xsd</con:url><con:content><![CDATA[<!--W3C XML Schema defined in the Web Services Addressing 1.0 specification
    http://www.w3.org/TR/ws-addr-core

   Copyright © 2005 World Wide Web Consortium,

   (Massachusetts Institute of Technology, European Research Consortium for
   Informatics and Mathematics, Keio University). All Rights Reserved. This
   work is distributed under the W3C® Software License [1] in the hope that
   it will be useful, but WITHOUT ANY WARRANTY; without even the implied
   warranty of MERCHANTABILITY or FITNESS FOR A PARTICULAR PURPOSE.

   [1] http://www.w3.org/Consortium/Legal/2002/copyright-software-20021231

   $Id: test-provider-complex-IntType-soapui-project.xml,v 1.5 2010/02/16 08:25:00 lacquaviva Exp $-->
<xs:schema targetNamespace="http://www.w3.org/2005/08/addressing" blockDefault="#all" elementFormDefault="qualified" finalDefault="" attributeFormDefault="unqualified" xmlns:xs="http://www.w3.org/2001/XMLSchema" xmlns:tns="http://www.w3.org/2005/08/addressing">
  <!--Constructs from the WS-Addressing Core-->
  <xs:element name="EndpointReference" type="tns:EndpointReferenceType"/>
  <xs:complexType name="EndpointReferenceType" mixed="false">
    <xs:sequence>
      <xs:element name="Address" type="tns:AttributedURIType"/>
      <xs:element ref="tns:ReferenceParameters" minOccurs="0"/>
      <xs:element ref="tns:Metadata" minOccurs="0"/>
      <xs:any namespace="##other" processContents="lax" minOccurs="0" maxOccurs="unbounded"/>
    </xs:sequence>
    <xs:anyAttribute namespace="##other" processContents="lax"/>
  </xs:complexType>
  <xs:element name="ReferenceParameters" type="tns:ReferenceParametersType"/>
  <xs:complexType name="ReferenceParametersType" mixed="false">
    <xs:sequence>
      <xs:any namespace="##any" processContents="lax" minOccurs="0" maxOccurs="unbounded"/>
    </xs:sequence>
    <xs:anyAttribute namespace="##other" processContents="lax"/>
  </xs:complexType>
  <xs:element name="Metadata" type="tns:MetadataType"/>
  <xs:complexType name="MetadataType" mixed="false">
    <xs:sequence>
      <xs:any namespace="##any" processContents="lax" minOccurs="0" maxOccurs="unbounded"/>
    </xs:sequence>
    <xs:anyAttribute namespace="##other" processContents="lax"/>
  </xs:complexType>
  <xs:element name="MessageID" type="tns:AttributedURIType"/>
  <xs:element name="RelatesTo" type="tns:RelatesToType"/>
  <xs:complexType name="RelatesToType" mixed="false">
    <xs:simpleContent>
      <xs:extension base="xs:anyURI">
        <xs:attribute name="RelationshipType" type="tns:RelationshipTypeOpenEnum" use="optional" default="http://www.w3.org/2005/08/addressing/reply"/>
        <xs:anyAttribute namespace="##other" processContents="lax"/>
      </xs:extension>
    </xs:simpleContent>
  </xs:complexType>
  <xs:simpleType name="RelationshipTypeOpenEnum">
    <xs:union memberTypes="tns:RelationshipType xs:anyURI"/>
  </xs:simpleType>
  <xs:simpleType name="RelationshipType">
    <xs:restriction base="xs:anyURI">
      <xs:enumeration value="http://www.w3.org/2005/08/addressing/reply"/>
    </xs:restriction>
  </xs:simpleType>
  <xs:element name="ReplyTo" type="tns:EndpointReferenceType"/>
  <xs:element name="From" type="tns:EndpointReferenceType"/>
  <xs:element name="FaultTo" type="tns:EndpointReferenceType"/>
  <xs:element name="To" type="tns:AttributedURIType"/>
  <xs:element name="Action" type="tns:AttributedURIType"/>
  <xs:complexType name="AttributedURIType" mixed="false">
    <xs:simpleContent>
      <xs:extension base="xs:anyURI">
        <xs:anyAttribute namespace="##other" processContents="lax"/>
      </xs:extension>
    </xs:simpleContent>
  </xs:complexType>
  <!--Constructs from the WS-Addressing SOAP binding-->
  <xs:attribute name="IsReferenceParameter" type="xs:boolean"/>
  <xs:simpleType name="FaultCodesOpenEnumType">
    <xs:union memberTypes="tns:FaultCodesType xs:QName"/>
  </xs:simpleType>
  <xs:simpleType name="FaultCodesType">
    <xs:restriction base="xs:QName">
      <xs:enumeration value="tns:InvalidAddressingHeader"/>
      <xs:enumeration value="tns:InvalidAddress"/>
      <xs:enumeration value="tns:InvalidEPR"/>
      <xs:enumeration value="tns:InvalidCardinality"/>
      <xs:enumeration value="tns:MissingAddressInEPR"/>
      <xs:enumeration value="tns:DuplicateMessageID"/>
      <xs:enumeration value="tns:ActionMismatch"/>
      <xs:enumeration value="tns:MessageAddressingHeaderRequired"/>
      <xs:enumeration value="tns:DestinationUnreachable"/>
      <xs:enumeration value="tns:ActionNotSupported"/>
      <xs:enumeration value="tns:EndpointUnavailable"/>
    </xs:restriction>
  </xs:simpleType>
  <xs:element name="RetryAfter" type="tns:AttributedUnsignedLongType"/>
  <xs:complexType name="AttributedUnsignedLongType" mixed="false">
    <xs:simpleContent>
      <xs:extension base="xs:unsignedLong">
        <xs:anyAttribute namespace="##other" processContents="lax"/>
      </xs:extension>
    </xs:simpleContent>
  </xs:complexType>
  <xs:element name="ProblemHeaderQName" type="tns:AttributedQNameType"/>
  <xs:complexType name="AttributedQNameType" mixed="false">
    <xs:simpleContent>
      <xs:extension base="xs:QName">
        <xs:anyAttribute namespace="##other" processContents="lax"/>
      </xs:extension>
    </xs:simpleContent>
  </xs:complexType>
  <xs:element name="ProblemIRI" type="tns:AttributedURIType"/>
  <xs:element name="ProblemAction" type="tns:ProblemActionType"/>
  <xs:complexType name="ProblemActionType" mixed="false">
    <xs:sequence>
      <xs:element ref="tns:Action" minOccurs="0"/>
      <xs:element name="SoapAction" minOccurs="0" type="xs:anyURI"/>
    </xs:sequence>
    <xs:anyAttribute namespace="##other" processContents="lax"/>
  </xs:complexType>
</xs:schema>]]></con:content><con:type>http://www.w3.org/2001/XMLSchema</con:type></con:part><con:part><con:url>http://localhost:8192/Service/test-provider-complex-IntType-Echo3/?wsdl</con:url><con:content><![CDATA[<wsdl:definitions name="Echo3" targetNamespace="http://it.imolinfo.jbi4corba.test.webservice.generator.complexintType" xmlns:plnk="http://docs.oasis-open.org/wsbpel/2.0/plnktype" xmlns:imolacorba="uri://schemas.imola.it/jbi/wsdl-extensions/corba/" xmlns:wsdl="http://schemas.xmlsoap.org/wsdl/" xmlns:tns="http://it.imolinfo.jbi4corba.test.webservice.generator.complexintType" xmlns:xsd="http://www.w3.org/2001/XMLSchema" xmlns:soap="http://schemas.xmlsoap.org/wsdl/soap/">
  <wsdl:types>
    <xs:schema attributeFormDefault="unqualified" elementFormDefault="qualified" targetNamespace="http://it.imolinfo.jbi4corba.test.webservice.generator.complexintType" xmlns="http://it.imolinfo.jbi4corba.test.webservice.generator.complexintType" xmlns:ns1="http://www.w3.org/2005/08/addressing" xmlns:xs="http://www.w3.org/2001/XMLSchema">
      <xs:import namespace="http://www.w3.org/2005/08/addressing" schemaLocation="http://www.w3.org/2006/03/addressing/ws-addr.xsd"/>
      <xs:element name="echo">
        <xs:complexType>
          <xs:sequence>
            <xs:element minOccurs="0" name="msg" type="xs:string"/>
          </xs:sequence>
        </xs:complexType>
      </xs:element>
      <xs:element name="echoResponse">
        <xs:complexType>
          <xs:sequence>
            <xs:element minOccurs="0" name="return" type="ns1:EndpointReferenceType"/>
          </xs:sequence>
        </xs:complexType>
      </xs:element>
    </xs:schema>
  </wsdl:types>
  <wsdl:message name="echoResponse">
    <wsdl:part name="parameters" element="tns:echoResponse"></wsdl:part>
  </wsdl:message>
  <wsdl:message name="echo">
    <wsdl:part name="parameters" element="tns:echo"></wsdl:part>
  </wsdl:message>
  <wsdl:portType name="Echo3">
    <wsdl:operation name="echo">
      <wsdl:input name="echo" message="tns:echo"></wsdl:input>
      <wsdl:output name="echoResponse" message="tns:echoResponse"></wsdl:output>
    </wsdl:operation>
  </wsdl:portType>
  <wsdl:binding name="Echo3CorbaBinding" type="tns:Echo3">
    <soap:binding style="document" transport="http://schemas.xmlsoap.org/soap/http"/>
    <wsdl:operation name="echo">
      <soap:operation soapAction="" style="document"/>
      <wsdl:input name="echo">
        <soap:body use="literal"/>
      </wsdl:input>
      <wsdl:output name="echoResponse">
        <soap:body use="literal"/>
      </wsdl:output>
    </wsdl:operation>
  </wsdl:binding>
  <wsdl:service name="Echo3">
    <wsdl:port name="Echo3CorbaPort" binding="tns:Echo3CorbaBinding">
      <soap:address location="http://localhost:8192/Service/test-provider-complex-IntType-Echo3/"/>
    </wsdl:port>
  </wsdl:service>
  <plnk:partnerLinkType name="Echo3">
    <plnk:role name="Echo3PortTypeRole" portType="tns:Echo3"/>
  </plnk:partnerLinkType>
</wsdl:definitions>]]></con:content><con:type>http://schemas.xmlsoap.org/wsdl/</con:type></con:part></con:definitionCache><con:endpoints><con:endpoint>http://localhost:8192/Service/test-provider-complex-IntType-Echo3/</con:endpoint><con:endpoint>http://localhost:8192/Service/test-provider-complex-IntType-Echo3/</con:endpoint></con:endpoints><con:operation isOneWay="false" action="" name="echo" bindingOperationName="echo" type="Request-Response" outputName="echoResponse" inputName="echo" receivesAttachments="false" sendsAttachments="false" anonymous="optional"><con:settings/><con:call name="Request 1"><con:settings/><con:encoding>UTF-8</con:encoding><con:endpoint>http://localhost:8192/Service/test-provider-complex-IntType-Echo3/</con:endpoint><con:request><![CDATA[<soapenv:Envelope xmlns:soapenv="http://schemas.xmlsoap.org/soap/envelope/" xmlns:it="http://it.imolinfo.jbi4corba.test.webservice.generator.complexintType.Echo3">
   <soapenv:Header/>
   <soapenv:Body>
      <it:echo>
         <!--Optional:-->
         <it:msg>ciao</it:msg>
      </it:echo>
   </soapenv:Body>
</soapenv:Envelope>]]></con:request><con:wsaConfig mustUnderstand="NONE" version="200508" action="http://it.imolinfo.jbi4corba.test.webservice.generator.complexintType/Echo3/echo"/><con:wsrmConfig version="1.2"/></con:call></con:operation></con:interface><con:interface xsi:type="con:WsdlInterface" wsaVersion="NONE" name="Echo4CorbaBinding" type="wsdl" bindingName="{http://it.imolinfo.jbi4corba.test.webservice.generator.complexintType}Echo4CorbaBinding" soapVersion="1_1" anonymous="optional" definition="http://localhost:8192/Service/test-provider-complex-IntType-Echo4/?wsdl" xmlns:xsi="http://www.w3.org/2001/XMLSchema-instance"><con:settings/><con:definitionCache type="TEXT" rootPart="http://localhost:8192/Service/test-provider-complex-IntType-Echo4/?wsdl"><con:part><con:url>http://www.w3.org/2006/03/addressing/ws-addr.xsd</con:url><con:content><![CDATA[<!--W3C XML Schema defined in the Web Services Addressing 1.0 specification
    http://www.w3.org/TR/ws-addr-core

   Copyright © 2005 World Wide Web Consortium,

   (Massachusetts Institute of Technology, European Research Consortium for
   Informatics and Mathematics, Keio University). All Rights Reserved. This
   work is distributed under the W3C® Software License [1] in the hope that
   it will be useful, but WITHOUT ANY WARRANTY; without even the implied
   warranty of MERCHANTABILITY or FITNESS FOR A PARTICULAR PURPOSE.

   [1] http://www.w3.org/Consortium/Legal/2002/copyright-software-20021231

   $Id: test-provider-complex-IntType-soapui-project.xml,v 1.5 2010/02/16 08:25:00 lacquaviva Exp $-->
<xs:schema targetNamespace="http://www.w3.org/2005/08/addressing" blockDefault="#all" elementFormDefault="qualified" finalDefault="" attributeFormDefault="unqualified" xmlns:xs="http://www.w3.org/2001/XMLSchema" xmlns:tns="http://www.w3.org/2005/08/addressing">
  <!--Constructs from the WS-Addressing Core-->
  <xs:element name="EndpointReference" type="tns:EndpointReferenceType"/>
  <xs:complexType name="EndpointReferenceType" mixed="false">
    <xs:sequence>
      <xs:element name="Address" type="tns:AttributedURIType"/>
      <xs:element ref="tns:ReferenceParameters" minOccurs="0"/>
      <xs:element ref="tns:Metadata" minOccurs="0"/>
      <xs:any namespace="##other" processContents="lax" minOccurs="0" maxOccurs="unbounded"/>
    </xs:sequence>
    <xs:anyAttribute namespace="##other" processContents="lax"/>
  </xs:complexType>
  <xs:element name="ReferenceParameters" type="tns:ReferenceParametersType"/>
  <xs:complexType name="ReferenceParametersType" mixed="false">
    <xs:sequence>
      <xs:any namespace="##any" processContents="lax" minOccurs="0" maxOccurs="unbounded"/>
    </xs:sequence>
    <xs:anyAttribute namespace="##other" processContents="lax"/>
  </xs:complexType>
  <xs:element name="Metadata" type="tns:MetadataType"/>
  <xs:complexType name="MetadataType" mixed="false">
    <xs:sequence>
      <xs:any namespace="##any" processContents="lax" minOccurs="0" maxOccurs="unbounded"/>
    </xs:sequence>
    <xs:anyAttribute namespace="##other" processContents="lax"/>
  </xs:complexType>
  <xs:element name="MessageID" type="tns:AttributedURIType"/>
  <xs:element name="RelatesTo" type="tns:RelatesToType"/>
  <xs:complexType name="RelatesToType" mixed="false">
    <xs:simpleContent>
      <xs:extension base="xs:anyURI">
        <xs:attribute name="RelationshipType" type="tns:RelationshipTypeOpenEnum" use="optional" default="http://www.w3.org/2005/08/addressing/reply"/>
        <xs:anyAttribute namespace="##other" processContents="lax"/>
      </xs:extension>
    </xs:simpleContent>
  </xs:complexType>
  <xs:simpleType name="RelationshipTypeOpenEnum">
    <xs:union memberTypes="tns:RelationshipType xs:anyURI"/>
  </xs:simpleType>
  <xs:simpleType name="RelationshipType">
    <xs:restriction base="xs:anyURI">
      <xs:enumeration value="http://www.w3.org/2005/08/addressing/reply"/>
    </xs:restriction>
  </xs:simpleType>
  <xs:element name="ReplyTo" type="tns:EndpointReferenceType"/>
  <xs:element name="From" type="tns:EndpointReferenceType"/>
  <xs:element name="FaultTo" type="tns:EndpointReferenceType"/>
  <xs:element name="To" type="tns:AttributedURIType"/>
  <xs:element name="Action" type="tns:AttributedURIType"/>
  <xs:complexType name="AttributedURIType" mixed="false">
    <xs:simpleContent>
      <xs:extension base="xs:anyURI">
        <xs:anyAttribute namespace="##other" processContents="lax"/>
      </xs:extension>
    </xs:simpleContent>
  </xs:complexType>
  <!--Constructs from the WS-Addressing SOAP binding-->
  <xs:attribute name="IsReferenceParameter" type="xs:boolean"/>
  <xs:simpleType name="FaultCodesOpenEnumType">
    <xs:union memberTypes="tns:FaultCodesType xs:QName"/>
  </xs:simpleType>
  <xs:simpleType name="FaultCodesType">
    <xs:restriction base="xs:QName">
      <xs:enumeration value="tns:InvalidAddressingHeader"/>
      <xs:enumeration value="tns:InvalidAddress"/>
      <xs:enumeration value="tns:InvalidEPR"/>
      <xs:enumeration value="tns:InvalidCardinality"/>
      <xs:enumeration value="tns:MissingAddressInEPR"/>
      <xs:enumeration value="tns:DuplicateMessageID"/>
      <xs:enumeration value="tns:ActionMismatch"/>
      <xs:enumeration value="tns:MessageAddressingHeaderRequired"/>
      <xs:enumeration value="tns:DestinationUnreachable"/>
      <xs:enumeration value="tns:ActionNotSupported"/>
      <xs:enumeration value="tns:EndpointUnavailable"/>
    </xs:restriction>
  </xs:simpleType>
  <xs:element name="RetryAfter" type="tns:AttributedUnsignedLongType"/>
  <xs:complexType name="AttributedUnsignedLongType" mixed="false">
    <xs:simpleContent>
      <xs:extension base="xs:unsignedLong">
        <xs:anyAttribute namespace="##other" processContents="lax"/>
      </xs:extension>
    </xs:simpleContent>
  </xs:complexType>
  <xs:element name="ProblemHeaderQName" type="tns:AttributedQNameType"/>
  <xs:complexType name="AttributedQNameType" mixed="false">
    <xs:simpleContent>
      <xs:extension base="xs:QName">
        <xs:anyAttribute namespace="##other" processContents="lax"/>
      </xs:extension>
    </xs:simpleContent>
  </xs:complexType>
  <xs:element name="ProblemIRI" type="tns:AttributedURIType"/>
  <xs:element name="ProblemAction" type="tns:ProblemActionType"/>
  <xs:complexType name="ProblemActionType" mixed="false">
    <xs:sequence>
      <xs:element ref="tns:Action" minOccurs="0"/>
      <xs:element name="SoapAction" minOccurs="0" type="xs:anyURI"/>
    </xs:sequence>
    <xs:anyAttribute namespace="##other" processContents="lax"/>
  </xs:complexType>
</xs:schema>]]></con:content><con:type>http://www.w3.org/2001/XMLSchema</con:type></con:part><con:part><con:url>http://localhost:8192/Service/test-provider-complex-IntType-Echo4/?wsdl</con:url><con:content><![CDATA[<wsdl:definitions name="Echo4" targetNamespace="http://it.imolinfo.jbi4corba.test.webservice.generator.complexintType" xmlns:plnk="http://docs.oasis-open.org/wsbpel/2.0/plnktype" xmlns:imolacorba="uri://schemas.imola.it/jbi/wsdl-extensions/corba/" xmlns:wsdl="http://schemas.xmlsoap.org/wsdl/" xmlns:tns="http://it.imolinfo.jbi4corba.test.webservice.generator.complexintType" xmlns:xsd="http://www.w3.org/2001/XMLSchema" xmlns:soap="http://schemas.xmlsoap.org/wsdl/soap/">
  <wsdl:types>
    <xs:schema attributeFormDefault="unqualified" elementFormDefault="qualified" targetNamespace="http://it.imolinfo.jbi4corba.test.webservice.generator.complexintType" xmlns="http://it.imolinfo.jbi4corba.test.webservice.generator.complexintType" xmlns:ns1="http://www.w3.org/2005/08/addressing" xmlns:xs="http://www.w3.org/2001/XMLSchema">
      <xs:import namespace="http://www.w3.org/2005/08/addressing" schemaLocation="http://www.w3.org/2006/03/addressing/ws-addr.xsd"/>
      <xs:element name="echo">
        <xs:complexType>
          <xs:sequence>
            <xs:element minOccurs="0" name="echoinout" type="ns1:EndpointReferenceType"/>
          </xs:sequence>
        </xs:complexType>
      </xs:element>
      <xs:element name="echoResponse">
        <xs:complexType>
          <xs:sequence>
            <xs:element minOccurs="0" name="return" type="ns1:EndpointReferenceType"/>
            <xs:element minOccurs="0" name="echoinout" type="ns1:EndpointReferenceType"/>
          </xs:sequence>
        </xs:complexType>
      </xs:element>
    </xs:schema>
  </wsdl:types>
  <wsdl:message name="echoResponse">
    <wsdl:part name="parameters" element="tns:echoResponse"></wsdl:part>
  </wsdl:message>
  <wsdl:message name="echo">
    <wsdl:part name="parameters" element="tns:echo"></wsdl:part>
  </wsdl:message>
  <wsdl:portType name="Echo4">
    <wsdl:operation name="echo">
      <wsdl:input name="echo" message="tns:echo"></wsdl:input>
      <wsdl:output name="echoResponse" message="tns:echoResponse"></wsdl:output>
    </wsdl:operation>
  </wsdl:portType>
  <wsdl:binding name="Echo4CorbaBinding" type="tns:Echo4">
    <soap:binding style="document" transport="http://schemas.xmlsoap.org/soap/http"/>
    <wsdl:operation name="echo">
      <soap:operation soapAction="" style="document"/>
      <wsdl:input name="echo">
        <soap:body use="literal"/>
      </wsdl:input>
      <wsdl:output name="echoResponse">
        <soap:body use="literal"/>
      </wsdl:output>
    </wsdl:operation>
  </wsdl:binding>
  <wsdl:service name="Echo4">
    <wsdl:port name="Echo4CorbaPort" binding="tns:Echo4CorbaBinding">
      <soap:address location="http://localhost:8192/Service/test-provider-complex-IntType-Echo4/"/>
    </wsdl:port>
  </wsdl:service>
  <plnk:partnerLinkType name="Echo4">
    <plnk:role name="Echo4PortTypeRole" portType="tns:Echo4"/>
  </plnk:partnerLinkType>
</wsdl:definitions>]]></con:content><con:type>http://schemas.xmlsoap.org/wsdl/</con:type></con:part></con:definitionCache><con:endpoints><con:endpoint>http://localhost:8192/Service/test-provider-simple-complexintType-Echo4/</con:endpoint><con:endpoint>http://localhost:8192/Service/test-provider-complex-IntType-Echo4/</con:endpoint></con:endpoints><con:operation isOneWay="false" action="" name="echo" bindingOperationName="echo" type="Request-Response" outputName="echoResponse" inputName="echo" receivesAttachments="false" sendsAttachments="false" anonymous="optional"><con:settings/><con:call name="Request 1"><con:settings/><con:encoding>UTF-8</con:encoding><con:endpoint>http://localhost:8192/Service/test-provider-complex-IntType-Echo4/</con:endpoint><con:request><![CDATA[<soapenv:Envelope xmlns:soapenv="http://schemas.xmlsoap.org/soap/envelope/" xmlns:it="http://it.imolinfo.jbi4corba.test.webservice.generator.complexintType.Echo4" xmlns:add="http://www.w3.org/2005/08/addressing">
   <soapenv:Header/>
   <soapenv:Body>
      <it:echo>
         <!--Optional:-->
         <it:echoinout>
            <add:Address>jbi4corba:IOR:000000000000004c49444c3a69742f696d6f6c696e666f2f6a626934636f7262612f746573742f776562736572766963652f67656e657261746f722f636f6d706c6578696e74547970652f4563686f3a312e3000000000010000000000000086000102000000000e3139322e3136382e312e3230390010fd00000031afabcb0000000020d4e67ff400000001000000000000000100000008526f6f74504f410000000008000000040000000014000000000000020000000100000020000000000001000100000002050100010001002000010109000000010001010000000026000000020002</add:Address>
            <!--Optional:-->
            <add:ReferenceParameters>
               <!--You may enter ANY elements at this point-->
            </add:ReferenceParameters>
            <!--Optional:-->
            <add:Metadata>
               <!--You may enter ANY elements at this point-->
            </add:Metadata>
            <!--You may enter ANY elements at this point-->
         </it:echoinout>
      </it:echo>
   </soapenv:Body>
</soapenv:Envelope>]]></con:request><con:wsaConfig mustUnderstand="NONE" version="200508" action="http://it.imolinfo.jbi4corba.test.webservice.generator.complexintType/Echo4/echo"/><con:wsrmConfig version="1.2"/></con:call></con:operation></con:interface><con:testSuite name="TestSuite 1"><con:settings/><con:runType>SEQUENTIAL</con:runType><con:testCase failOnError="true" failTestCaseOnErrors="true" keepSession="false" maxResults="0" name="Get Reference Pass String" searchProperties="true" id="357672d2-4d4a-470d-9393-6ee81a70685f"><con:settings/><con:testStep type="request" name="Reference Request"><con:settings/><con:config xsi:type="con:RequestStep" xmlns:xsi="http://www.w3.org/2001/XMLSchema-instance"><con:interface>Echo3CorbaBinding</con:interface><con:operation>echo</con:operation><con:request name="Reference Request"><con:settings/><con:encoding>UTF-8</con:encoding><con:endpoint>http://localhost:8192/Service/test-provider-complex-IntType-Echo3/</con:endpoint><con:request><![CDATA[<soapenv:Envelope xmlns:soapenv="http://schemas.xmlsoap.org/soap/envelope/" xmlns:it="http://it.imolinfo.jbi4corba.test.webservice.generator.complexintType.Echo3">
   <soapenv:Header/>
   <soapenv:Body>
      <it:echo>
         <!--Optional:-->
         <it:msg>Request of Reference</it:msg>
      </it:echo>
   </soapenv:Body>
</soapenv:Envelope>]]></con:request><con:assertion type="SOAP Response"/><con:assertion type="Simple Contains"><con:configuration><token>jbi4corba</token><ignoreCase>false</ignoreCase><useRegEx>false</useRegEx></con:configuration></con:assertion><con:wsaConfig mustUnderstand="NONE" version="200508"/><con:wsrmConfig version="1.2"/></con:request></con:config></con:testStep><con:testStep type="transfer" name="Property Transfer"><con:settings/><con:config xsi:type="con:PropertyTransfersStep" xmlns:xsi="http://www.w3.org/2001/XMLSchema-instance"><con:transfers setNullOnMissingSource="true" transferTextContent="false" failOnError="true" ignoreEmpty="false" transferToAll="false" useXQuery="false" entitize="false" transferChildNodes="false"><con:name>Reference</con:name><con:sourceType>Response</con:sourceType><con:sourceStep>Reference Request</con:sourceStep><con:sourcePath>declare namespace ns='http://www.w3.org/2005/08/addressing';
//ns:Address/text()</con:sourcePath><con:targetType>address</con:targetType><con:targetStep>Properties</con:targetStep><con:targetPath/></con:transfers></con:config></con:testStep><con:testStep type="properties" name="Properties"><con:settings/><con:config xsi:type="con:PropertiesStep" saveFirst="true" xmlns:xsi="http://www.w3.org/2001/XMLSchema-instance"><con:properties><con:property><con:name>address</con:name><con:value>jbi4corba:IOR:000000000000004C49444C3A69742F696D6F6C696E666F2F6A626934636F7262612F746573742F776562736572766963652F67656E657261746F722F636F6D706C6578696E74547970652F4563686F3A312E3000000000010000000000000086000102000000000E3139322E3136382E312E32303900C13300000031AFABCB0000000020D5DAF80E00000001000000000000000100000008526F6F74504F4100000000080000000B0000000014000000000000020000000100000020000000000001000100000002050100010001002000010109000000010001010000000026000000020002</con:value></con:property></con:properties></con:config></con:testStep><con:testStep type="request" name="Invoke Reference and reobtain reference"><con:settings/><con:config xsi:type="con:RequestStep" xmlns:xsi="http://www.w3.org/2001/XMLSchema-instance"><con:interface>Echo2CorbaBinding</con:interface><con:operation>echo</con:operation><con:request name="Invoke Reference and reobtain reference"><con:settings/><con:encoding>UTF-8</con:encoding><con:endpoint>http://localhost:8192/Service/test-provider-complex-IntType-Echo2/</con:endpoint><con:request><![CDATA[<soapenv:Envelope xmlns:soapenv="http://schemas.xmlsoap.org/soap/envelope/" xmlns:it="http://it.imolinfo.jbi4corba.test.webservice.generator.complexintType.Echo2" xmlns:com="http://complexintType.generator.webservice.test.jbi4corba.imolinfo.it/" xmlns:add="http://www.w3.org/2005/08/addressing">
   <soapenv:Header/>
   <soapenv:Body>
      <it:echo>
         <!--Optional:-->
         <it:msg>
            <!--Optional:-->
            <com:fieldEcho2>
               <add:Address>${address}</add:Address>
               <!--Optional:-->
               <add:ReferenceParameters>
                  <!--You may enter ANY elements at this point-->
               </add:ReferenceParameters>
               <!--Optional:-->
               <add:Metadata>
                  <!--You may enter ANY elements at this point-->
               </add:Metadata>
               <!--You may enter ANY elements at this point-->
            </com:fieldEcho2>
            <!--Optional:-->
            <com:persona>
               <!--Optional:-->
               <com:echopersona>
                  <add:Address>${address}</add:Address>
                  <!--Optional:-->
                  <add:ReferenceParameters>
                     <!--You may enter ANY elements at this point-->
                  </add:ReferenceParameters>
                  <!--Optional:-->
                  <add:Metadata>
                     <!--You may enter ANY elements at this point-->
                  </add:Metadata>
                  <!--You may enter ANY elements at this point-->
               </com:echopersona>
               <!--Optional:-->
               <com:nome>Luca</com:nome>
               <!--Optional:-->
               <com:cognome>Acquaviva</com:cognome>
            </com:persona>
         </it:msg>
      </it:echo>
   </soapenv:Body>
</soapenv:Envelope>]]></con:request><con:assertion type="SOAP Response"/><con:assertion type="Simple Contains"><con:configuration><token>jbi4corba:IOR</token><ignoreCase>false</ignoreCase><useRegEx>false</useRegEx></con:configuration></con:assertion><con:wsaConfig mustUnderstand="NONE" version="200508"/><con:wsrmConfig version="1.2"/></con:request></con:config></con:testStep><con:properties/></con:testCase><con:properties/></con:testSuite><con:properties/><con:wssContainer/></con:soapui-project>