<?xml version="1.0" encoding="UTF-8"?>
<con:soapui-project name="test-provider-simple" soapui-version="2.5" resourceRoot="" xmlns:con="http://eviware.com/soapui/config"><con:settings><con:setting id="ProjectSettings@projectRoot">/home/raffaele/lavoro/Progetti/nokia/progetto/pragma_prefix/open-jbi-components/contrib-imola/corba-bc/integration-test/test-provider-simple/provider-simple-integration-test/src/test/etc/soapui</con:setting></con:settings><con:interface name="EchoSimpleCorbaBinding" bindingName="{urn:jbi4corba/test-provider-simple}EchoSimpleCorbaBinding" soapVersion="1_1" definition="http://localhost:8192/Service/test-provider-simple/?wsdl" xsi:type="con:WsdlInterface" wsaVersion="NONE" xmlns:xsi="http://www.w3.org/2001/XMLSchema-instance"><con:settings/><con:definitionCache type="TEXT" rootPart="http://localhost:8192/Service/test-provider-simple/?wsdl"><con:part><con:url>http://localhost:8192/Service/test-provider-simple/?wsdl</con:url><con:content><![CDATA[<wsdl:definitions name="EchoSimple" targetNamespace="urn:jbi4corba/test-provider-simple" xmlns:plnk="http://docs.oasis-open.org/wsbpel/2.0/plnktype" xmlns:imolacorba="uri://schemas.imola.it/jbi/wsdl-extensions/corba/" xmlns:wsdl="http://schemas.xmlsoap.org/wsdl/" xmlns:tns="urn:jbi4corba/test-provider-simple" xmlns:xsd="http://www.w3.org/2001/XMLSchema" xmlns:soap="http://schemas.xmlsoap.org/wsdl/soap/">
  <wsdl:types>
    <xs:schema attributeFormDefault="unqualified" elementFormDefault="qualified" targetNamespace="urn:jbi4corba/test-provider-simple" xmlns="urn:jbi4corba/test-provider-simple" xmlns:xs="http://www.w3.org/2001/XMLSchema">
      <xs:element name="echo">
        <xs:complexType>
          <xs:sequence>
            <xs:element minOccurs="0" name="msg" type="xs:string"/>
          </xs:sequence>
        </xs:complexType>
      </xs:element>
      <xs:element name="echoResponse">
        <xs:complexType>
          <xs:sequence>
            <xs:element minOccurs="0" name="return" type="xs:string"/>
          </xs:sequence>
        </xs:complexType>
      </xs:element>
    </xs:schema>
  </wsdl:types>
  <wsdl:message name="echoResponse">
    <wsdl:part name="parameters" element="tns:echoResponse"></wsdl:part>
  </wsdl:message>
  <wsdl:message name="echo">
    <wsdl:part name="parameters" element="tns:echo"></wsdl:part>
  </wsdl:message>
  <wsdl:portType name="EchoSimple">
    <wsdl:operation name="echo">
      <wsdl:input name="echo" message="tns:echo"></wsdl:input>
      <wsdl:output name="echoResponse" message="tns:echoResponse"></wsdl:output>
    </wsdl:operation>
  </wsdl:portType>
  <wsdl:binding name="EchoSimpleCorbaBinding" type="tns:EchoSimple">
    <soap:binding style="document" transport="http://schemas.xmlsoap.org/soap/http"/>
    <wsdl:operation name="echo">
      <soap:operation/>
      <wsdl:input name="echo">
        <soap:body use="literal"/>
      </wsdl:input>
      <wsdl:output name="echoResponse">
        <soap:body use="literal"/>
      </wsdl:output>
    </wsdl:operation>
  </wsdl:binding>
  <wsdl:service name="EchoSimple">
    <wsdl:port name="EchoSimpleCorbaPort" binding="tns:EchoSimpleCorbaBinding">
      <soap:address location="http://192.168.1.209:8192/Service/test-provider-simple/"/>
    </wsdl:port>
  </wsdl:service>
  <plnk:partnerLinkType name="EchoSimple">
    <plnk:role name="EchoSimplePortTypeRole" portType="tns:EchoSimple"/>
  </plnk:partnerLinkType>
</wsdl:definitions>]]></con:content><con:type>http://schemas.xmlsoap.org/wsdl/</con:type></con:part></con:definitionCache><con:endpoints><con:endpoint>http://localhost:8192/Service/test-provider-simple/</con:endpoint><con:endpoint>http://192.168.1.209:8192/Service/test-provider-simple/</con:endpoint></con:endpoints><con:operation isOneWay="false" action="" name="echo" bindingOperationName="echo" inputName="echo" outputName="echoResponse" receivesAttachments="false" sendsAttachments="false" type="Request-Response"><con:settings/><con:call name="Request 1"><con:settings/><con:encoding>UTF-8</con:encoding><con:endpoint>http://192.168.1.209:8192/Service/test-provider-simple/</con:endpoint><con:request><![CDATA[<soapenv:Envelope xmlns:soapenv="http://schemas.xmlsoap.org/soap/envelope/" xmlns:test="urn:jbi4corba/test-provider-simple">
   <soapenv:Header/>
   <soapenv:Body>
      <test:echo>
         <!--Optional:-->
         <test:msg>SIMPLE</test:msg>
      </test:echo>
   </soapenv:Body>
</soapenv:Envelope>]]></con:request><con:wsaConfig mustUnderstand="NONE" version="200508"/></con:call></con:operation></con:interface><con:testSuite name="testsuite-provider-simple"><con:settings/><con:runType>SEQUENTIAL</con:runType><con:testCase failOnError="true" failTestCaseOnErrors="true" keepSession="false" name="EchoSimpleCorbaBinding TestSuite" searchProperties="true" maxResults="0" id="a4c2c113-a5e3-4bee-a782-ae35836f904d"><con:settings/><con:testStep type="request" name="echo"><con:settings/><con:config xsi:type="con:RequestStep" xmlns:xsi="http://www.w3.org/2001/XMLSchema-instance"><con:interface>EchoSimpleCorbaBinding</con:interface><con:operation>echo</con:operation><con:request name="echo" wssPasswordType=""><con:settings><con:setting id="com.eviware.soapui.impl.wsdl.WsdlRequest@request-headers">&lt;xml-fragment/></con:setting></con:settings><con:encoding>UTF-8</con:encoding><con:endpoint>http://localhost:8192/Service/test-provider-simple/</con:endpoint><con:request><![CDATA[<soapenv:Envelope xmlns:soapenv="http://schemas.xmlsoap.org/soap/envelope/" xmlns:test="urn:jbi4corba/test-provider-simple">
   <soapenv:Header/>
   <soapenv:Body>
      <test:echo>
         <!--Optional:-->
         <test:msg>SIMPLE</test:msg>
      </test:echo>
   </soapenv:Body>
</soapenv:Envelope>]]></con:request><con:assertion type="SOAP Response"/><con:assertion type="Schema Compliance"><con:configuration/></con:assertion><con:assertion type="SOAP Fault Assertion"/></con:request></con:config></con:testStep><con:properties/></con:testCase><con:properties/></con:testSuite><con:properties/><con:wssContainer/></con:soapui-project>