<?xml version="1.0" encoding="UTF-8"?>
<con:soapui-project name="test-provider-consumer-multiple-complex" soapui-version="3.0.1" abortOnError="false" runType="SEQUENTIAL" resourceRoot="" xmlns:con="http://eviware.com/soapui/config"><con:settings/><con:interface xsi:type="con:WsdlInterface" wsaVersion="NONE" name="EchoComplexHTTPBinding" type="wsdl" bindingName="{http://it.imolinfo.jbi4corba.test.testprovidercomplex.EchoComplex}EchoComplexHTTPBinding" soapVersion="1_1" anonymous="optional" definition="http://localhost:8192/service/EchoComplex?wsdl" xmlns:xsi="http://www.w3.org/2001/XMLSchema-instance"><con:settings/><con:definitionCache type="TEXT" rootPart="http://localhost:8192/service/EchoComplex?wsdl"><con:part><con:url>http://localhost:8192/service/EchoComplex?wsdl</con:url><con:content><![CDATA[<wsdl:definitions name="EchoComplex" targetNamespace="http://it.imolinfo.jbi4corba.test.testprovidercomplex.EchoComplex" xmlns:plnk="http://docs.oasis-open.org/wsbpel/2.0/plnktype" xmlns:wsdl="http://schemas.xmlsoap.org/wsdl/" xmlns:tns="http://it.imolinfo.jbi4corba.test.testprovidercomplex.EchoComplex" xmlns:xsd="http://www.w3.org/2001/XMLSchema" xmlns:soap="http://schemas.xmlsoap.org/wsdl/soap/">
  <wsdl:types>
    <xs:schema attributeFormDefault="unqualified" elementFormDefault="qualified" targetNamespace="http://it.imolinfo.jbi4corba.test.testprovidercomplex.EchoComplex" xmlns="http://it.imolinfo.jbi4corba.test.testprovidercomplex.EchoComplex" xmlns:ns1="http://testprovidercomplex.test.jbi4corba.imolinfo.it/" xmlns:xs="http://www.w3.org/2001/XMLSchema">
      <xs:import namespace="http://testprovidercomplex.test.jbi4corba.imolinfo.it/" schemaLocation="http://localhost:8192/provider-consumer-multipleidl-complex-http-consumer/TypeDef_testprovidercomplex.test.jbi4corba.imolinfo.it.xsd"/>
      <xs:element name="echo">
        <xs:complexType>
          <xs:sequence>
            <xs:element name="msg" type="xs:string"/>
          </xs:sequence>
        </xs:complexType>
      </xs:element>
      <xs:element name="echoExceptionNotThrown">
        <xs:complexType>
          <xs:sequence>
            <xs:element name="es" type="ns1:echoStruct"/>
          </xs:sequence>
        </xs:complexType>
      </xs:element>
      <xs:element name="echoExceptionNotThrownResponse">
        <xs:complexType>
          <xs:sequence>
            <xs:element name="return" type="ns1:echoStruct"/>
          </xs:sequence>
        </xs:complexType>
      </xs:element>
      <xs:element name="echoExceptionThrown">
        <xs:complexType>
          <xs:sequence>
            <xs:element name="es" type="ns1:echoStruct"/>
          </xs:sequence>
        </xs:complexType>
      </xs:element>
      <xs:element name="echoExceptionThrownResponse">
        <xs:complexType>
          <xs:sequence>
            <xs:element name="return" type="ns1:echoStruct"/>
          </xs:sequence>
        </xs:complexType>
      </xs:element>
      <xs:element name="echoResponse">
        <xs:complexType>
          <xs:sequence>
            <xs:element name="return" type="xs:string"/>
          </xs:sequence>
        </xs:complexType>
      </xs:element>
      <xs:element name="echoSequence">
        <xs:complexType>
          <xs:sequence>
            <xs:element maxOccurs="unbounded" name="es" type="xs:int"/>
          </xs:sequence>
        </xs:complexType>
      </xs:element>
      <xs:element name="echoSequenceResponse">
        <xs:complexType>
          <xs:sequence>
            <xs:element maxOccurs="unbounded" name="return" type="xs:int"/>
          </xs:sequence>
        </xs:complexType>
      </xs:element>
      <xs:element name="echoSequenceSeqEchoStruct">
        <xs:complexType>
          <xs:sequence>
            <xs:element maxOccurs="unbounded" name="es" type="ns1:echoStruct"/>
          </xs:sequence>
        </xs:complexType>
      </xs:element>
      <xs:element name="echoSequenceSeqEchoStructResponse">
        <xs:complexType>
          <xs:sequence>
            <xs:element maxOccurs="unbounded" name="return" type="ns1:echoStruct"/>
          </xs:sequence>
        </xs:complexType>
      </xs:element>
      <xs:element name="echoSequenceSeqMySequence">
        <xs:complexType>
          <xs:sequence>
            <xs:element maxOccurs="unbounded" name="es" type="ns1:mySequence"/>
          </xs:sequence>
        </xs:complexType>
      </xs:element>
      <xs:element name="echoSequenceSeqMySequenceResponse">
        <xs:complexType>
          <xs:sequence>
            <xs:element maxOccurs="unbounded" name="return" type="ns1:mySequence"/>
          </xs:sequence>
        </xs:complexType>
      </xs:element>
      <xs:element name="echoSequenceValueType">
        <xs:complexType>
          <xs:sequence>
            <xs:element name="es" type="ns1:mySequence"/>
          </xs:sequence>
        </xs:complexType>
      </xs:element>
      <xs:element name="echoSequenceValueTypeResponse">
        <xs:complexType>
          <xs:sequence>
            <xs:element name="return" type="ns1:mySequence"/>
          </xs:sequence>
        </xs:complexType>
      </xs:element>
      <xs:element name="echoStruct">
        <xs:complexType>
          <xs:sequence>
            <xs:element name="es" type="ns1:echoStruct"/>
          </xs:sequence>
        </xs:complexType>
      </xs:element>
      <xs:element name="echoStructOfStruct">
        <xs:complexType>
          <xs:sequence>
            <xs:element name="v" type="ns1:structOfStruct"/>
          </xs:sequence>
        </xs:complexType>
      </xs:element>
      <xs:element name="echoStructOfStructResponse">
        <xs:complexType>
          <xs:sequence>
            <xs:element name="return" type="ns1:structOfStruct"/>
          </xs:sequence>
        </xs:complexType>
      </xs:element>
      <xs:element name="echoStructOfValuetype">
        <xs:complexType>
          <xs:sequence>
            <xs:element name="v" type="ns1:structOfValuetype"/>
          </xs:sequence>
        </xs:complexType>
      </xs:element>
      <xs:element name="echoStructOfValuetypeResponse">
        <xs:complexType>
          <xs:sequence>
            <xs:element name="return" type="ns1:structOfValuetype"/>
          </xs:sequence>
        </xs:complexType>
      </xs:element>
      <xs:element name="echoStructResponse">
        <xs:complexType>
          <xs:sequence>
            <xs:element name="return" type="ns1:echoStruct"/>
          </xs:sequence>
        </xs:complexType>
      </xs:element>
      <xs:element name="echoVTPrimi">
        <xs:complexType>
          <xs:sequence>
            <xs:element name="v" type="ns1:vtPrimi"/>
          </xs:sequence>
        </xs:complexType>
      </xs:element>
      <xs:element name="echoVTPrimiResponse">
        <xs:complexType>
          <xs:sequence>
            <xs:element name="return" type="ns1:vtPrimi"/>
          </xs:sequence>
        </xs:complexType>
      </xs:element>
      <xs:element name="echoVTPrimiSeq">
        <xs:complexType>
          <xs:sequence>
            <xs:element name="v" type="ns1:vtPrimiSeq"/>
          </xs:sequence>
        </xs:complexType>
      </xs:element>
      <xs:element name="echoVTPrimiSeqResponse">
        <xs:complexType>
          <xs:sequence>
            <xs:element name="return" type="ns1:vtPrimiSeq"/>
          </xs:sequence>
        </xs:complexType>
      </xs:element>
      <xs:element name="echoValueBoxedTypeComplex">
        <xs:complexType>
          <xs:sequence>
            <xs:element name="e" type="ns1:mySequence"/>
          </xs:sequence>
        </xs:complexType>
      </xs:element>
      <xs:element name="echoValueBoxedTypeComplexResponse">
        <xs:complexType>
          <xs:sequence>
            <xs:element name="return" type="ns1:mySequence"/>
          </xs:sequence>
        </xs:complexType>
      </xs:element>
      <xs:element name="echoValueBoxedTypePrimitive">
        <xs:complexType>
          <xs:sequence>
            <xs:element name="e" type="ns1:myLong"/>
          </xs:sequence>
        </xs:complexType>
      </xs:element>
      <xs:element name="echoValueBoxedTypePrimitiveResponse">
        <xs:complexType>
          <xs:sequence>
            <xs:element name="return" type="ns1:myLong"/>
          </xs:sequence>
        </xs:complexType>
      </xs:element>
      <xs:element name="echoValueType">
        <xs:complexType>
          <xs:sequence>
            <xs:element name="e" type="ns1:echoVT"/>
          </xs:sequence>
        </xs:complexType>
      </xs:element>
      <xs:element name="echoValueTypeOfStruct">
        <xs:complexType>
          <xs:sequence>
            <xs:element name="v" type="ns1:valueTypeOfStruct"/>
          </xs:sequence>
        </xs:complexType>
      </xs:element>
      <xs:element name="echoValueTypeOfStructResponse">
        <xs:complexType>
          <xs:sequence>
            <xs:element name="return" type="ns1:valueTypeOfStruct"/>
          </xs:sequence>
        </xs:complexType>
      </xs:element>
      <xs:element name="echoValueTypeOfValueType">
        <xs:complexType>
          <xs:sequence>
            <xs:element name="v" type="ns1:valueTypeOfValueType"/>
          </xs:sequence>
        </xs:complexType>
      </xs:element>
      <xs:element name="echoValueTypeOfValueTypeResponse">
        <xs:complexType>
          <xs:sequence>
            <xs:element name="return" type="ns1:valueTypeOfValueType"/>
          </xs:sequence>
        </xs:complexType>
      </xs:element>
      <xs:element name="echoValueTypeResponse">
        <xs:complexType>
          <xs:sequence>
            <xs:element name="return" type="ns1:echoVT"/>
          </xs:sequence>
        </xs:complexType>
      </xs:element>
      <xs:element name="EchoComplexException" type="EchoComplexException"/>
      <xs:complexType name="EchoComplexException">
        <xs:sequence>
          <xs:element maxOccurs="unbounded" minOccurs="0" name="reason" type="ns1:echoStruct"/>
        </xs:sequence>
      </xs:complexType>
    </xs:schema>
  </wsdl:types>
  <wsdl:message name="echoSequenceSeqEchoStructResponse">
    <wsdl:part name="parameters" element="tns:echoSequenceSeqEchoStructResponse"></wsdl:part>
  </wsdl:message>
  <wsdl:message name="echoSequenceSeqEchoStruct">
    <wsdl:part name="parameters" element="tns:echoSequenceSeqEchoStruct"></wsdl:part>
  </wsdl:message>
  <wsdl:message name="echoStructOfStruct">
    <wsdl:part name="parameters" element="tns:echoStructOfStruct"></wsdl:part>
  </wsdl:message>
  <wsdl:message name="echoExceptionNotThrownResponse">
    <wsdl:part name="parameters" element="tns:echoExceptionNotThrownResponse"></wsdl:part>
  </wsdl:message>
  <wsdl:message name="echoStructOfValuetype">
    <wsdl:part name="parameters" element="tns:echoStructOfValuetype"></wsdl:part>
  </wsdl:message>
  <wsdl:message name="echoVTPrimiSeqResponse">
    <wsdl:part name="parameters" element="tns:echoVTPrimiSeqResponse"></wsdl:part>
  </wsdl:message>
  <wsdl:message name="echoValueTypeOfStructResponse">
    <wsdl:part name="parameters" element="tns:echoValueTypeOfStructResponse"></wsdl:part>
  </wsdl:message>
  <wsdl:message name="echoValueType">
    <wsdl:part name="parameters" element="tns:echoValueType"></wsdl:part>
  </wsdl:message>
  <wsdl:message name="echoSequenceSeqMySequence">
    <wsdl:part name="parameters" element="tns:echoSequenceSeqMySequence"></wsdl:part>
  </wsdl:message>
  <wsdl:message name="echoSequence">
    <wsdl:part name="parameters" element="tns:echoSequence"></wsdl:part>
  </wsdl:message>
  <wsdl:message name="echoValueBoxedTypeComplex">
    <wsdl:part name="parameters" element="tns:echoValueBoxedTypeComplex"></wsdl:part>
  </wsdl:message>
  <wsdl:message name="echoValueTypeOfValueTypeResponse">
    <wsdl:part name="parameters" element="tns:echoValueTypeOfValueTypeResponse"></wsdl:part>
  </wsdl:message>
  <wsdl:message name="echoValueTypeOfStruct">
    <wsdl:part name="parameters" element="tns:echoValueTypeOfStruct"></wsdl:part>
  </wsdl:message>
  <wsdl:message name="echoValueBoxedTypeComplexResponse">
    <wsdl:part name="parameters" element="tns:echoValueBoxedTypeComplexResponse"></wsdl:part>
  </wsdl:message>
  <wsdl:message name="echoStruct">
    <wsdl:part name="parameters" element="tns:echoStruct"></wsdl:part>
  </wsdl:message>
  <wsdl:message name="echoSequenceResponse">
    <wsdl:part name="parameters" element="tns:echoSequenceResponse"></wsdl:part>
  </wsdl:message>
  <wsdl:message name="echoResponse">
    <wsdl:part name="parameters" element="tns:echoResponse"></wsdl:part>
  </wsdl:message>
  <wsdl:message name="echoVTPrimiSeq">
    <wsdl:part name="parameters" element="tns:echoVTPrimiSeq"></wsdl:part>
  </wsdl:message>
  <wsdl:message name="echoVTPrimi">
    <wsdl:part name="parameters" element="tns:echoVTPrimi"></wsdl:part>
  </wsdl:message>
  <wsdl:message name="echoValueBoxedTypePrimitiveResponse">
    <wsdl:part name="parameters" element="tns:echoValueBoxedTypePrimitiveResponse"></wsdl:part>
  </wsdl:message>
  <wsdl:message name="echoExceptionNotThrown">
    <wsdl:part name="parameters" element="tns:echoExceptionNotThrown"></wsdl:part>
  </wsdl:message>
  <wsdl:message name="echoSequenceSeqMySequenceResponse">
    <wsdl:part name="parameters" element="tns:echoSequenceSeqMySequenceResponse"></wsdl:part>
  </wsdl:message>
  <wsdl:message name="echoValueTypeOfValueType">
    <wsdl:part name="parameters" element="tns:echoValueTypeOfValueType"></wsdl:part>
  </wsdl:message>
  <wsdl:message name="echoValueBoxedTypePrimitive">
    <wsdl:part name="parameters" element="tns:echoValueBoxedTypePrimitive"></wsdl:part>
  </wsdl:message>
  <wsdl:message name="echoSequenceValueType">
    <wsdl:part name="parameters" element="tns:echoSequenceValueType"></wsdl:part>
  </wsdl:message>
  <wsdl:message name="echoSequenceValueTypeResponse">
    <wsdl:part name="parameters" element="tns:echoSequenceValueTypeResponse"></wsdl:part>
  </wsdl:message>
  <wsdl:message name="echoVTPrimiResponse">
    <wsdl:part name="parameters" element="tns:echoVTPrimiResponse"></wsdl:part>
  </wsdl:message>
  <wsdl:message name="echoStructResponse">
    <wsdl:part name="parameters" element="tns:echoStructResponse"></wsdl:part>
  </wsdl:message>
  <wsdl:message name="echoExceptionThrownResponse">
    <wsdl:part name="parameters" element="tns:echoExceptionThrownResponse"></wsdl:part>
  </wsdl:message>
  <wsdl:message name="echo">
    <wsdl:part name="parameters" element="tns:echo"></wsdl:part>
  </wsdl:message>
  <wsdl:message name="EchoComplexException">
    <wsdl:part name="EchoComplexException" element="tns:EchoComplexException"></wsdl:part>
  </wsdl:message>
  <wsdl:message name="echoStructOfStructResponse">
    <wsdl:part name="parameters" element="tns:echoStructOfStructResponse"></wsdl:part>
  </wsdl:message>
  <wsdl:message name="echoValueTypeResponse">
    <wsdl:part name="parameters" element="tns:echoValueTypeResponse"></wsdl:part>
  </wsdl:message>
  <wsdl:message name="echoExceptionThrown">
    <wsdl:part name="parameters" element="tns:echoExceptionThrown"></wsdl:part>
  </wsdl:message>
  <wsdl:message name="echoStructOfValuetypeResponse">
    <wsdl:part name="parameters" element="tns:echoStructOfValuetypeResponse"></wsdl:part>
  </wsdl:message>
  <wsdl:portType name="EchoComplex">
    <wsdl:operation name="echoValueTypeOfValueType">
      <wsdl:input name="echoValueTypeOfValueType" message="tns:echoValueTypeOfValueType"></wsdl:input>
      <wsdl:output name="echoValueTypeOfValueTypeResponse" message="tns:echoValueTypeOfValueTypeResponse"></wsdl:output>
    </wsdl:operation>
    <wsdl:operation name="echoStructOfStruct">
      <wsdl:input name="echoStructOfStruct" message="tns:echoStructOfStruct"></wsdl:input>
      <wsdl:output name="echoStructOfStructResponse" message="tns:echoStructOfStructResponse"></wsdl:output>
    </wsdl:operation>
    <wsdl:operation name="echoSequenceSeqEchoStruct">
      <wsdl:input name="echoSequenceSeqEchoStruct" message="tns:echoSequenceSeqEchoStruct"></wsdl:input>
      <wsdl:output name="echoSequenceSeqEchoStructResponse" message="tns:echoSequenceSeqEchoStructResponse"></wsdl:output>
    </wsdl:operation>
    <wsdl:operation name="echoVTPrimi">
      <wsdl:input name="echoVTPrimi" message="tns:echoVTPrimi"></wsdl:input>
      <wsdl:output name="echoVTPrimiResponse" message="tns:echoVTPrimiResponse"></wsdl:output>
    </wsdl:operation>
    <wsdl:operation name="echo">
      <wsdl:input name="echo" message="tns:echo"></wsdl:input>
      <wsdl:output name="echoResponse" message="tns:echoResponse"></wsdl:output>
    </wsdl:operation>
    <wsdl:operation name="echoVTPrimiSeq">
      <wsdl:input name="echoVTPrimiSeq" message="tns:echoVTPrimiSeq"></wsdl:input>
      <wsdl:output name="echoVTPrimiSeqResponse" message="tns:echoVTPrimiSeqResponse"></wsdl:output>
    </wsdl:operation>
    <wsdl:operation name="echoValueBoxedTypeComplex">
      <wsdl:input name="echoValueBoxedTypeComplex" message="tns:echoValueBoxedTypeComplex"></wsdl:input>
      <wsdl:output name="echoValueBoxedTypeComplexResponse" message="tns:echoValueBoxedTypeComplexResponse"></wsdl:output>
    </wsdl:operation>
    <wsdl:operation name="echoExceptionNotThrown">
      <wsdl:input name="echoExceptionNotThrown" message="tns:echoExceptionNotThrown"></wsdl:input>
      <wsdl:output name="echoExceptionNotThrownResponse" message="tns:echoExceptionNotThrownResponse"></wsdl:output>
      <wsdl:fault name="EchoComplexException" message="tns:EchoComplexException"></wsdl:fault>
    </wsdl:operation>
    <wsdl:operation name="echoValueBoxedTypePrimitive">
      <wsdl:input name="echoValueBoxedTypePrimitive" message="tns:echoValueBoxedTypePrimitive"></wsdl:input>
      <wsdl:output name="echoValueBoxedTypePrimitiveResponse" message="tns:echoValueBoxedTypePrimitiveResponse"></wsdl:output>
    </wsdl:operation>
    <wsdl:operation name="echoStructOfValuetype">
      <wsdl:input name="echoStructOfValuetype" message="tns:echoStructOfValuetype"></wsdl:input>
      <wsdl:output name="echoStructOfValuetypeResponse" message="tns:echoStructOfValuetypeResponse"></wsdl:output>
    </wsdl:operation>
    <wsdl:operation name="echoSequenceValueType">
      <wsdl:input name="echoSequenceValueType" message="tns:echoSequenceValueType"></wsdl:input>
      <wsdl:output name="echoSequenceValueTypeResponse" message="tns:echoSequenceValueTypeResponse"></wsdl:output>
    </wsdl:operation>
    <wsdl:operation name="echoValueType">
      <wsdl:input name="echoValueType" message="tns:echoValueType"></wsdl:input>
      <wsdl:output name="echoValueTypeResponse" message="tns:echoValueTypeResponse"></wsdl:output>
    </wsdl:operation>
    <wsdl:operation name="echoSequenceSeqMySequence">
      <wsdl:input name="echoSequenceSeqMySequence" message="tns:echoSequenceSeqMySequence"></wsdl:input>
      <wsdl:output name="echoSequenceSeqMySequenceResponse" message="tns:echoSequenceSeqMySequenceResponse"></wsdl:output>
    </wsdl:operation>
    <wsdl:operation name="echoSequence">
      <wsdl:input name="echoSequence" message="tns:echoSequence"></wsdl:input>
      <wsdl:output name="echoSequenceResponse" message="tns:echoSequenceResponse"></wsdl:output>
    </wsdl:operation>
    <wsdl:operation name="echoExceptionThrown">
      <wsdl:input name="echoExceptionThrown" message="tns:echoExceptionThrown"></wsdl:input>
      <wsdl:output name="echoExceptionThrownResponse" message="tns:echoExceptionThrownResponse"></wsdl:output>
      <wsdl:fault name="EchoComplexException" message="tns:EchoComplexException"></wsdl:fault>
    </wsdl:operation>
    <wsdl:operation name="echoValueTypeOfStruct">
      <wsdl:input name="echoValueTypeOfStruct" message="tns:echoValueTypeOfStruct"></wsdl:input>
      <wsdl:output name="echoValueTypeOfStructResponse" message="tns:echoValueTypeOfStructResponse"></wsdl:output>
    </wsdl:operation>
    <wsdl:operation name="echoStruct">
      <wsdl:input name="echoStruct" message="tns:echoStruct"></wsdl:input>
      <wsdl:output name="echoStructResponse" message="tns:echoStructResponse"></wsdl:output>
    </wsdl:operation>
  </wsdl:portType>
  <wsdl:binding name="EchoComplexHTTPBinding" type="tns:EchoComplex">
    <soap:binding style="document" transport="http://schemas.xmlsoap.org/soap/http"/>
    <wsdl:operation name="echoValueTypeOfValueType">
      <soap:operation/>
      <wsdl:input name="echoValueTypeOfValueType">
        <soap:body use="literal"/>
      </wsdl:input>
      <wsdl:output name="echoValueTypeOfValueTypeResponse">
        <soap:body use="literal"/>
      </wsdl:output>
    </wsdl:operation>
    <wsdl:operation name="echoStructOfStruct">
      <soap:operation/>
      <wsdl:input name="echoStructOfStruct">
        <soap:body use="literal"/>
      </wsdl:input>
      <wsdl:output name="echoStructOfStructResponse">
        <soap:body use="literal"/>
      </wsdl:output>
    </wsdl:operation>
    <wsdl:operation name="echoSequenceSeqEchoStruct">
      <soap:operation/>
      <wsdl:input name="echoSequenceSeqEchoStruct">
        <soap:body use="literal"/>
      </wsdl:input>
      <wsdl:output name="echoSequenceSeqEchoStructResponse">
        <soap:body use="literal"/>
      </wsdl:output>
    </wsdl:operation>
    <wsdl:operation name="echoVTPrimi">
      <soap:operation/>
      <wsdl:input name="echoVTPrimi">
        <soap:body use="literal"/>
      </wsdl:input>
      <wsdl:output name="echoVTPrimiResponse">
        <soap:body use="literal"/>
      </wsdl:output>
    </wsdl:operation>
    <wsdl:operation name="echo">
      <soap:operation/>
      <wsdl:input name="echo">
        <soap:body use="literal"/>
      </wsdl:input>
      <wsdl:output name="echoResponse">
        <soap:body use="literal"/>
      </wsdl:output>
    </wsdl:operation>
    <wsdl:operation name="echoVTPrimiSeq">
      <soap:operation/>
      <wsdl:input name="echoVTPrimiSeq">
        <soap:body use="literal"/>
      </wsdl:input>
      <wsdl:output name="echoVTPrimiSeqResponse">
        <soap:body use="literal"/>
      </wsdl:output>
    </wsdl:operation>
    <wsdl:operation name="echoValueBoxedTypeComplex">
      <soap:operation/>
      <wsdl:input name="echoValueBoxedTypeComplex">
        <soap:body use="literal"/>
      </wsdl:input>
      <wsdl:output name="echoValueBoxedTypeComplexResponse">
        <soap:body use="literal"/>
      </wsdl:output>
    </wsdl:operation>
    <wsdl:operation name="echoExceptionNotThrown">
      <soap:operation/>
      <wsdl:input name="echoExceptionNotThrown">
        <soap:body use="literal"/>
      </wsdl:input>
      <wsdl:output name="echoExceptionNotThrownResponse">
        <soap:body use="literal"/>
      </wsdl:output>
      <wsdl:fault name="EchoComplexException">
        <soap:fault name="EchoComplexException" use="literal"/>
      </wsdl:fault>
    </wsdl:operation>
    <wsdl:operation name="echoValueBoxedTypePrimitive">
      <soap:operation/>
      <wsdl:input name="echoValueBoxedTypePrimitive">
        <soap:body use="literal"/>
      </wsdl:input>
      <wsdl:output name="echoValueBoxedTypePrimitiveResponse">
        <soap:body use="literal"/>
      </wsdl:output>
    </wsdl:operation>
    <wsdl:operation name="echoStructOfValuetype">
      <soap:operation/>
      <wsdl:input name="echoStructOfValuetype">
        <soap:body use="literal"/>
      </wsdl:input>
      <wsdl:output name="echoStructOfValuetypeResponse">
        <soap:body use="literal"/>
      </wsdl:output>
    </wsdl:operation>
    <wsdl:operation name="echoSequenceValueType">
      <soap:operation/>
      <wsdl:input name="echoSequenceValueType">
        <soap:body use="literal"/>
      </wsdl:input>
      <wsdl:output name="echoSequenceValueTypeResponse">
        <soap:body use="literal"/>
      </wsdl:output>
    </wsdl:operation>
    <wsdl:operation name="echoValueType">
      <soap:operation/>
      <wsdl:input name="echoValueType">
        <soap:body use="literal"/>
      </wsdl:input>
      <wsdl:output name="echoValueTypeResponse">
        <soap:body use="literal"/>
      </wsdl:output>
    </wsdl:operation>
    <wsdl:operation name="echoSequenceSeqMySequence">
      <soap:operation/>
      <wsdl:input name="echoSequenceSeqMySequence">
        <soap:body use="literal"/>
      </wsdl:input>
      <wsdl:output name="echoSequenceSeqMySequenceResponse">
        <soap:body use="literal"/>
      </wsdl:output>
    </wsdl:operation>
    <wsdl:operation name="echoSequence">
      <soap:operation/>
      <wsdl:input name="echoSequence">
        <soap:body use="literal"/>
      </wsdl:input>
      <wsdl:output name="echoSequenceResponse">
        <soap:body use="literal"/>
      </wsdl:output>
    </wsdl:operation>
    <wsdl:operation name="echoExceptionThrown">
      <soap:operation/>
      <wsdl:input name="echoExceptionThrown">
        <soap:body use="literal"/>
      </wsdl:input>
      <wsdl:output name="echoExceptionThrownResponse">
        <soap:body use="literal"/>
      </wsdl:output>
      <wsdl:fault name="EchoComplexException">
        <soap:fault name="EchoComplexException" use="literal"/>
      </wsdl:fault>
    </wsdl:operation>
    <wsdl:operation name="echoValueTypeOfStruct">
      <soap:operation/>
      <wsdl:input name="echoValueTypeOfStruct">
        <soap:body use="literal"/>
      </wsdl:input>
      <wsdl:output name="echoValueTypeOfStructResponse">
        <soap:body use="literal"/>
      </wsdl:output>
    </wsdl:operation>
    <wsdl:operation name="echoStruct">
      <soap:operation/>
      <wsdl:input name="echoStruct">
        <soap:body use="literal"/>
      </wsdl:input>
      <wsdl:output name="echoStructResponse">
        <soap:body use="literal"/>
      </wsdl:output>
    </wsdl:operation>
  </wsdl:binding>
  <wsdl:service name="EchoComplexService">
    <wsdl:port name="EchoComplexBindingPort" binding="tns:EchoComplexHTTPBinding">
      <soap:address location="http://localhost:8192/service/EchoComplex"/>
    </wsdl:port>
  </wsdl:service>
  <plnk:partnerLinkType name="EchoComplex">
    <plnk:role name="EchoComplexPortTypeRole" portType="tns:EchoComplex"/>
  </plnk:partnerLinkType>
</wsdl:definitions>]]></con:content><con:type>http://schemas.xmlsoap.org/wsdl/</con:type></con:part><con:part><con:url>http://localhost:8192/provider-consumer-multipleidl-complex-http-consumer/TypeDef_testprovidercomplex.test.jbi4corba.imolinfo.it.xsd</con:url><con:content><![CDATA[<xs:schema attributeFormDefault="qualified" elementFormDefault="qualified" targetNamespace="http://testprovidercomplex.test.jbi4corba.imolinfo.it/" xmlns:xs="http://www.w3.org/2001/XMLSchema" xmlns:tns="http://testprovidercomplex.test.jbi4corba.imolinfo.it/">
  <xs:complexType name="structOfStruct">
    <xs:sequence>
      <xs:element name="internalStruct" type="tns:echoStruct"/>
    </xs:sequence>
  </xs:complexType>
  <xs:complexType name="echoStruct">
    <xs:sequence>
      <xs:element name="fieldBoolean" type="xs:boolean"/>
      <xs:element name="fieldChar" type="xs:unsignedShort"/>
      <xs:element name="fieldWChar" type="xs:unsignedShort"/>
      <xs:element name="fieldString" type="xs:string"/>
      <xs:element name="fieldWString" type="xs:string"/>
      <xs:element name="fieldShort" type="xs:short"/>
      <xs:element name="fieldUnsignedShort" type="xs:short"/>
      <xs:element name="fieldLong" type="xs:int"/>
      <xs:element name="fieldUnsignedLong" type="xs:int"/>
      <xs:element name="fieldLongLong" type="xs:long"/>
      <xs:element name="fieldUnsignedLongLong" type="xs:long"/>
      <xs:element name="fieldFloat" type="xs:float"/>
      <xs:element name="fieldDouble" type="xs:double"/>
    </xs:sequence>
  </xs:complexType>
  <xs:complexType name="valueTypeOfValueType">
    <xs:sequence>
      <xs:element name="data" type="tns:vtPrimi"/>
    </xs:sequence>
  </xs:complexType>
  <xs:complexType name="vtPrimi">
    <xs:sequence>
      <xs:element name="fieldBoolean" type="xs:boolean"/>
      <xs:element name="fieldChar" type="xs:unsignedShort"/>
      <xs:element name="fieldWChar" type="xs:unsignedShort"/>
      <xs:element name="fieldOctet" type="xs:byte"/>
      <xs:element name="fieldString" type="xs:string"/>
      <xs:element name="fieldWString" type="xs:string"/>
      <xs:element name="fieldShort" type="xs:short"/>
      <xs:element name="fieldUnsignedShort" type="xs:short"/>
      <xs:element name="fieldLong" type="xs:int"/>
      <xs:element name="fieldUnsignedLong" type="xs:int"/>
      <xs:element name="fieldLongLong" type="xs:long"/>
      <xs:element name="fieldUnsignedLongLong" type="xs:long"/>
      <xs:element name="fieldFloat" type="xs:float"/>
      <xs:element name="fieldDouble" type="xs:double"/>
    </xs:sequence>
  </xs:complexType>
  <xs:complexType name="echoVT">
    <xs:sequence>
      <xs:element name="publicShort" type="xs:short"/>
      <xs:element name="privateLong" type="xs:int"/>
    </xs:sequence>
  </xs:complexType>
  <xs:complexType name="valueTypeOfStruct">
    <xs:sequence>
      <xs:element name="data" type="tns:echoStruct"/>
    </xs:sequence>
  </xs:complexType>
  <xs:complexType name="vtPrimiSeq">
    <xs:sequence>
      <xs:element maxOccurs="unbounded" name="data" type="tns:vtPrimi"/>
    </xs:sequence>
  </xs:complexType>
  <xs:complexType name="myLong">
    <xs:sequence>
      <xs:element name="data" type="xs:int"/>
    </xs:sequence>
  </xs:complexType>
  <xs:complexType name="structOfValuetype">
    <xs:sequence>
      <xs:element name="data" type="tns:vtPrimi"/>
    </xs:sequence>
  </xs:complexType>
  <xs:complexType name="mySequence">
    <xs:sequence>
      <xs:element maxOccurs="unbounded" name="data" type="xs:int"/>
    </xs:sequence>
  </xs:complexType>
</xs:schema>]]></con:content><con:type>http://www.w3.org/2001/XMLSchema</con:type></con:part></con:definitionCache><con:endpoints><con:endpoint>http://localhost:8192/service/EchoComplex</con:endpoint></con:endpoints><con:operation isOneWay="false" action="" name="echo" bindingOperationName="echo" type="Request-Response" outputName="echoResponse" inputName="echo" receivesAttachments="false" sendsAttachments="false" anonymous="optional"><con:settings/><con:call name="Request 1"><con:settings/><con:encoding>UTF-8</con:encoding><con:endpoint>http://localhost:8192/service/EchoComplex</con:endpoint><con:request><![CDATA[<soapenv:Envelope xmlns:soapenv="http://schemas.xmlsoap.org/soap/envelope/" xmlns:it="http://it.imolinfo.jbi4corba.test.testprovidercomplex.EchoComplex">
   <soapenv:Header/>
   <soapenv:Body>
      <it:echo>
         <it:msg>ciao</it:msg>
      </it:echo>
   </soapenv:Body>
</soapenv:Envelope>]]></con:request><con:wsaConfig mustUnderstand="NONE" version="200508" action="http://it.imolinfo.jbi4corba.test.testprovidercomplex.EchoComplex/EchoComplex/echo"/><con:wsrmConfig version="1.2"/></con:call></con:operation><con:operation isOneWay="false" action="" name="echoExceptionNotThrown" bindingOperationName="echoExceptionNotThrown" type="Request-Response" outputName="echoExceptionNotThrownResponse" inputName="echoExceptionNotThrown" receivesAttachments="false" sendsAttachments="false" anonymous="optional"><con:settings/><con:call name="Request 1"><con:settings/><con:encoding>UTF-8</con:encoding><con:endpoint>http://localhost:8192/service/EchoComplex</con:endpoint><con:request><![CDATA[<soapenv:Envelope xmlns:soapenv="http://schemas.xmlsoap.org/soap/envelope/" xmlns:it="http://it.imolinfo.jbi4corba.test.testprovidercomplex.EchoComplex" xmlns:tes="http://testprovidercomplex.test.jbi4corba.imolinfo.it/">
   <soapenv:Header/>
   <soapenv:Body>
      <it:echoExceptionNotThrown>
         <it:es>
            <tes:fieldBoolean>false</tes:fieldBoolean>
            <tes:fieldChar>2</tes:fieldChar>
            <tes:fieldWChar>22</tes:fieldWChar>
            <tes:fieldString>ciao</tes:fieldString>
            <tes:fieldWString>c</tes:fieldWString>
            <tes:fieldShort>1</tes:fieldShort>
            <tes:fieldUnsignedShort>2</tes:fieldUnsignedShort>
            <tes:fieldLong>10</tes:fieldLong>
            <tes:fieldUnsignedLong>22</tes:fieldUnsignedLong>
            <tes:fieldLongLong>2222</tes:fieldLongLong>
            <tes:fieldUnsignedLongLong>2222222222</tes:fieldUnsignedLongLong>
            <tes:fieldFloat>2.9</tes:fieldFloat>
            <tes:fieldDouble>2.90000</tes:fieldDouble>
         </it:es>
      </it:echoExceptionNotThrown>
   </soapenv:Body>
</soapenv:Envelope>]]></con:request><con:wsaConfig mustUnderstand="NONE" version="200508" action="http://it.imolinfo.jbi4corba.test.testprovidercomplex.EchoComplex/EchoComplex/echoExceptionNotThrown"/><con:wsrmConfig version="1.2"/></con:call></con:operation><con:operation isOneWay="false" action="" name="echoExceptionThrown" bindingOperationName="echoExceptionThrown" type="Request-Response" outputName="echoExceptionThrownResponse" inputName="echoExceptionThrown" receivesAttachments="false" sendsAttachments="false" anonymous="optional"><con:settings/><con:call name="Request 1"><con:settings/><con:encoding>UTF-8</con:encoding><con:endpoint>http://localhost:8192/service/EchoComplex</con:endpoint><con:request><![CDATA[<soapenv:Envelope xmlns:soapenv="http://schemas.xmlsoap.org/soap/envelope/" xmlns:it="http://it.imolinfo.jbi4corba.test.testprovidercomplex.EchoComplex" xmlns:tes="http://testprovidercomplex.test.jbi4corba.imolinfo.it/">
   <soapenv:Header/>
   <soapenv:Body>
      <it:echoExceptionThrown>
         <it:es>
            <tes:fieldBoolean>false</tes:fieldBoolean>
            <tes:fieldChar>2</tes:fieldChar>
            <tes:fieldWChar>22</tes:fieldWChar>
            <tes:fieldString>ciao</tes:fieldString>
            <tes:fieldWString>c</tes:fieldWString>
            <tes:fieldShort>1</tes:fieldShort>
            <tes:fieldUnsignedShort>2</tes:fieldUnsignedShort>
            <tes:fieldLong>10</tes:fieldLong>
            <tes:fieldUnsignedLong>22</tes:fieldUnsignedLong>
            <tes:fieldLongLong>2222</tes:fieldLongLong>
            <tes:fieldUnsignedLongLong>2222222222</tes:fieldUnsignedLongLong>
            <tes:fieldFloat>2.9</tes:fieldFloat>
            <tes:fieldDouble>2.90000</tes:fieldDouble>
         </it:es>
      </it:echoExceptionThrown>
   </soapenv:Body>
</soapenv:Envelope>]]></con:request><con:wsaConfig mustUnderstand="NONE" version="200508" action="http://it.imolinfo.jbi4corba.test.testprovidercomplex.EchoComplex/EchoComplex/echoExceptionThrown"/><con:wsrmConfig version="1.2"/></con:call></con:operation><con:operation isOneWay="false" action="" name="echoSequence" bindingOperationName="echoSequence" type="Request-Response" outputName="echoSequenceResponse" inputName="echoSequence" receivesAttachments="false" sendsAttachments="false" anonymous="optional"><con:settings/><con:call name="Request 1"><con:settings/><con:encoding>UTF-8</con:encoding><con:endpoint>http://localhost:8192/service/EchoComplex</con:endpoint><con:request><![CDATA[<soapenv:Envelope xmlns:soapenv="http://schemas.xmlsoap.org/soap/envelope/" xmlns:it="http://it.imolinfo.jbi4corba.test.testprovidercomplex.EchoComplex">
   <soapenv:Header/>
   <soapenv:Body>
      <it:echoSequence>
         <!--1 or more repetitions:-->
         <it:es>1</it:es>
	 <it:es>2</it:es>
         <it:es>3</it:es> 
      </it:echoSequence>
   </soapenv:Body>
</soapenv:Envelope>]]></con:request><con:wsaConfig mustUnderstand="NONE" version="200508" action="http://it.imolinfo.jbi4corba.test.testprovidercomplex.EchoComplex/EchoComplex/echoSequence"/><con:wsrmConfig version="1.2"/></con:call></con:operation><con:operation isOneWay="false" action="" name="echoSequenceSeqEchoStruct" bindingOperationName="echoSequenceSeqEchoStruct" type="Request-Response" outputName="echoSequenceSeqEchoStructResponse" inputName="echoSequenceSeqEchoStruct" receivesAttachments="false" sendsAttachments="false" anonymous="optional"><con:settings/><con:call name="Request 1"><con:settings/><con:encoding>UTF-8</con:encoding><con:endpoint>http://localhost:8192/service/EchoComplex</con:endpoint><con:request><![CDATA[<soapenv:Envelope xmlns:soapenv="http://schemas.xmlsoap.org/soap/envelope/" xmlns:it="http://it.imolinfo.jbi4corba.test.testprovidercomplex.EchoComplex" xmlns:tes="http://testprovidercomplex.test.jbi4corba.imolinfo.it/">
   <soapenv:Header/>
   <soapenv:Body>
      <it:echoSequenceSeqEchoStruct>
         <!--1 or more repetitions:-->
         <it:es>
            <tes:fieldBoolean>false</tes:fieldBoolean>
            <tes:fieldChar>2</tes:fieldChar>
            <tes:fieldWChar>22</tes:fieldWChar>
            <tes:fieldString>ciao</tes:fieldString>
            <tes:fieldWString>c</tes:fieldWString>
            <tes:fieldShort>1</tes:fieldShort>
            <tes:fieldUnsignedShort>2</tes:fieldUnsignedShort>
            <tes:fieldLong>10</tes:fieldLong>
            <tes:fieldUnsignedLong>22</tes:fieldUnsignedLong>
            <tes:fieldLongLong>2222</tes:fieldLongLong>
            <tes:fieldUnsignedLongLong>2222222222</tes:fieldUnsignedLongLong>
            <tes:fieldFloat>2.9</tes:fieldFloat>
            <tes:fieldDouble>2.90000</tes:fieldDouble>
         </it:es>
          <it:es>
            <tes:fieldBoolean>true</tes:fieldBoolean>
            <tes:fieldChar>2</tes:fieldChar>
            <tes:fieldWChar>22</tes:fieldWChar>
            <tes:fieldString>ciao2</tes:fieldString>
            <tes:fieldWString>c</tes:fieldWString>
            <tes:fieldShort>1</tes:fieldShort>
            <tes:fieldUnsignedShort>2</tes:fieldUnsignedShort>
            <tes:fieldLong>10</tes:fieldLong>
            <tes:fieldUnsignedLong>22</tes:fieldUnsignedLong>
            <tes:fieldLongLong>2222</tes:fieldLongLong>
            <tes:fieldUnsignedLongLong>2222222222</tes:fieldUnsignedLongLong>
            <tes:fieldFloat>2.9</tes:fieldFloat>
            <tes:fieldDouble>2.90000</tes:fieldDouble>
         </it:es>
      </it:echoSequenceSeqEchoStruct>
   </soapenv:Body>
</soapenv:Envelope>]]></con:request><con:wsaConfig mustUnderstand="NONE" version="200508" action="http://it.imolinfo.jbi4corba.test.testprovidercomplex.EchoComplex/EchoComplex/echoSequenceSeqEchoStruct"/><con:wsrmConfig version="1.2"/></con:call></con:operation><con:operation isOneWay="false" action="" name="echoSequenceSeqMySequence" bindingOperationName="echoSequenceSeqMySequence" type="Request-Response" outputName="echoSequenceSeqMySequenceResponse" inputName="echoSequenceSeqMySequence" receivesAttachments="false" sendsAttachments="false" anonymous="optional"><con:settings/><con:call name="Request 1"><con:settings/><con:encoding>UTF-8</con:encoding><con:endpoint>http://localhost:8192/service/EchoComplex</con:endpoint><con:request><![CDATA[<soapenv:Envelope xmlns:soapenv="http://schemas.xmlsoap.org/soap/envelope/" xmlns:it="http://it.imolinfo.jbi4corba.test.testprovidercomplex.EchoComplex" xmlns:tes="http://testprovidercomplex.test.jbi4corba.imolinfo.it/">
   <soapenv:Header/>
   <soapenv:Body>
      <it:echoSequenceSeqMySequence>
         <!--1 or more repetitions:-->
         <it:es>
            <!--1 or more repetitions:-->
            <tes:data>1</tes:data>
	     <tes:data>2</tes:data>
              <tes:data>3</tes:data>
         </it:es>
         <it:es>
            <!--1 or more repetitions:-->
            <tes:data>1</tes:data>
	     <tes:data>2</tes:data>
              <tes:data>3</tes:data>
         </it:es>
      </it:echoSequenceSeqMySequence>
   </soapenv:Body>
</soapenv:Envelope>]]></con:request><con:wsaConfig mustUnderstand="NONE" version="200508" action="http://it.imolinfo.jbi4corba.test.testprovidercomplex.EchoComplex/EchoComplex/echoSequenceSeqMySequence"/><con:wsrmConfig version="1.2"/></con:call></con:operation><con:operation isOneWay="false" action="" name="echoSequenceValueType" bindingOperationName="echoSequenceValueType" type="Request-Response" outputName="echoSequenceValueTypeResponse" inputName="echoSequenceValueType" receivesAttachments="false" sendsAttachments="false" anonymous="optional"><con:settings/><con:call name="Request 1"><con:settings/><con:encoding>UTF-8</con:encoding><con:endpoint>http://localhost:8192/service/EchoComplex</con:endpoint><con:request><![CDATA[<soapenv:Envelope xmlns:soapenv="http://schemas.xmlsoap.org/soap/envelope/" xmlns:it="http://it.imolinfo.jbi4corba.test.testprovidercomplex.EchoComplex" xmlns:tes="http://testprovidercomplex.test.jbi4corba.imolinfo.it/">
   <soapenv:Header/>
   <soapenv:Body>
      <it:echoSequenceValueType>
	<it:es>
            <!--1 or more repetitions:-->
            <tes:data>3</tes:data>
	     <tes:data>5</tes:data>	
         </it:es>
      </it:echoSequenceValueType>
   </soapenv:Body>
</soapenv:Envelope>]]></con:request><con:wsaConfig mustUnderstand="NONE" version="200508" action="http://it.imolinfo.jbi4corba.test.testprovidercomplex.EchoComplex/EchoComplex/echoSequenceValueType"/><con:wsrmConfig version="1.2"/></con:call></con:operation><con:operation isOneWay="false" action="" name="echoStruct" bindingOperationName="echoStruct" type="Request-Response" outputName="echoStructResponse" inputName="echoStruct" receivesAttachments="false" sendsAttachments="false" anonymous="optional"><con:settings/><con:call name="Request 1"><con:settings/><con:encoding>UTF-8</con:encoding><con:endpoint>http://localhost:8192/service/EchoComplex</con:endpoint><con:request><![CDATA[<soapenv:Envelope xmlns:soapenv="http://schemas.xmlsoap.org/soap/envelope/" xmlns:it="http://it.imolinfo.jbi4corba.test.testprovidercomplex.EchoComplex" xmlns:tes="http://testprovidercomplex.test.jbi4corba.imolinfo.it/">
   <soapenv:Header/>
   <soapenv:Body>
      <it:echoStruct>
         <it:es>
            <tes:fieldBoolean>false</tes:fieldBoolean>
            <tes:fieldChar>2</tes:fieldChar>
            <tes:fieldWChar>22</tes:fieldWChar>
            <tes:fieldString>ciao</tes:fieldString>
            <tes:fieldWString>c</tes:fieldWString>
            <tes:fieldShort>1</tes:fieldShort>
            <tes:fieldUnsignedShort>2</tes:fieldUnsignedShort>
            <tes:fieldLong>10</tes:fieldLong>
            <tes:fieldUnsignedLong>22</tes:fieldUnsignedLong>
            <tes:fieldLongLong>2222</tes:fieldLongLong>
            <tes:fieldUnsignedLongLong>2222222222</tes:fieldUnsignedLongLong>
            <tes:fieldFloat>2.9</tes:fieldFloat>
            <tes:fieldDouble>2.90000</tes:fieldDouble>
         </it:es>
      </it:echoStruct>
   </soapenv:Body>
</soapenv:Envelope>]]></con:request><con:wsaConfig mustUnderstand="NONE" version="200508" action="http://it.imolinfo.jbi4corba.test.testprovidercomplex.EchoComplex/EchoComplex/echoStruct"/><con:wsrmConfig version="1.2"/></con:call></con:operation><con:operation isOneWay="false" action="" name="echoStructOfStruct" bindingOperationName="echoStructOfStruct" type="Request-Response" outputName="echoStructOfStructResponse" inputName="echoStructOfStruct" receivesAttachments="false" sendsAttachments="false" anonymous="optional"><con:settings/><con:call name="Request 1"><con:settings/><con:encoding>UTF-8</con:encoding><con:endpoint>http://localhost:8192/service/EchoComplex</con:endpoint><con:request><![CDATA[<soapenv:Envelope xmlns:soapenv="http://schemas.xmlsoap.org/soap/envelope/" xmlns:it="http://it.imolinfo.jbi4corba.test.testprovidercomplex.EchoComplex" xmlns:tes="http://testprovidercomplex.test.jbi4corba.imolinfo.it/">
   <soapenv:Header/>
   <soapenv:Body>
      <it:echoStructOfStruct>
         <it:v>
            <tes:internalStruct>
               <tes:fieldBoolean>true</tes:fieldBoolean>
               <tes:fieldChar>2</tes:fieldChar>
               <tes:fieldWChar>3</tes:fieldWChar>
               <tes:fieldString>Ciao</tes:fieldString>
               <tes:fieldWString>Test</tes:fieldWString>
               <tes:fieldShort>1</tes:fieldShort>
               <tes:fieldUnsignedShort>2</tes:fieldUnsignedShort>
               <tes:fieldLong>3453</tes:fieldLong>
               <tes:fieldUnsignedLong>534345</tes:fieldUnsignedLong>
               <tes:fieldLongLong>453454</tes:fieldLongLong>
               <tes:fieldUnsignedLongLong>435353</tes:fieldUnsignedLongLong>
               <tes:fieldFloat>2.5</tes:fieldFloat>
               <tes:fieldDouble>2.3</tes:fieldDouble>
            </tes:internalStruct>
         </it:v>
      </it:echoStructOfStruct>
   </soapenv:Body>
</soapenv:Envelope>]]></con:request><con:wsaConfig mustUnderstand="NONE" version="200508" action="http://it.imolinfo.jbi4corba.test.testprovidercomplex.EchoComplex/EchoComplex/echoStructOfStruct"/><con:wsrmConfig version="1.2"/></con:call></con:operation><con:operation isOneWay="false" action="" name="echoStructOfValuetype" bindingOperationName="echoStructOfValuetype" type="Request-Response" outputName="echoStructOfValuetypeResponse" inputName="echoStructOfValuetype" receivesAttachments="false" sendsAttachments="false" anonymous="optional"><con:settings/><con:call name="Request 1"><con:settings/><con:encoding>UTF-8</con:encoding><con:endpoint>http://localhost:8192/service/EchoComplex</con:endpoint><con:request><![CDATA[<soapenv:Envelope xmlns:soapenv="http://schemas.xmlsoap.org/soap/envelope/" xmlns:it="http://it.imolinfo.jbi4corba.test.testprovidercomplex.EchoComplex" xmlns:tes="http://testprovidercomplex.test.jbi4corba.imolinfo.it/">
   <soapenv:Header/>
   <soapenv:Body>
      <it:echoStructOfValuetype>
         <it:v>
            <tes:data>
               <tes:fieldBoolean>false</tes:fieldBoolean>
               <tes:fieldChar>2</tes:fieldChar>
               <tes:fieldWChar>33</tes:fieldWChar>
               <tes:fieldOctet>12345678</tes:fieldOctet>
               <tes:fieldString>Test</tes:fieldString>
               <tes:fieldWString>ww</tes:fieldWString>
               <tes:fieldShort>-2</tes:fieldShort>
               <tes:fieldUnsignedShort>2</tes:fieldUnsignedShort>
               <tes:fieldLong>-334334</tes:fieldLong>
               <tes:fieldUnsignedLong>22323</tes:fieldUnsignedLong>
               <tes:fieldLongLong>32323232</tes:fieldLongLong>
               <tes:fieldUnsignedLongLong>323232</tes:fieldUnsignedLongLong>
               <tes:fieldFloat>2.3</tes:fieldFloat>
               <tes:fieldDouble>4.03</tes:fieldDouble>
            </tes:data>
         </it:v>
      </it:echoStructOfValuetype>
   </soapenv:Body>
</soapenv:Envelope>]]></con:request><con:wsaConfig mustUnderstand="NONE" version="200508" action="http://it.imolinfo.jbi4corba.test.testprovidercomplex.EchoComplex/EchoComplex/echoStructOfValuetype"/><con:wsrmConfig version="1.2"/></con:call></con:operation><con:operation isOneWay="false" action="" name="echoValueBoxedTypeComplex" bindingOperationName="echoValueBoxedTypeComplex" type="Request-Response" outputName="echoValueBoxedTypeComplexResponse" inputName="echoValueBoxedTypeComplex" receivesAttachments="false" sendsAttachments="false" anonymous="optional"><con:settings/><con:call name="Request 1"><con:settings/><con:encoding>UTF-8</con:encoding><con:endpoint>http://localhost:8192/service/EchoComplex</con:endpoint><con:request><![CDATA[<soapenv:Envelope xmlns:soapenv="http://schemas.xmlsoap.org/soap/envelope/" xmlns:it="http://it.imolinfo.jbi4corba.test.testprovidercomplex.EchoComplex" xmlns:tes="http://testprovidercomplex.test.jbi4corba.imolinfo.it/">
   <soapenv:Header/>
   <soapenv:Body>
      <it:echoValueBoxedTypeComplex>
         <it:e>
            <!--1 or more repetitions:-->
            <tes:data>4</tes:data>
         </it:e>
      </it:echoValueBoxedTypeComplex>
   </soapenv:Body>
</soapenv:Envelope>]]></con:request><con:wsaConfig mustUnderstand="NONE" version="200508" action="http://it.imolinfo.jbi4corba.test.testprovidercomplex.EchoComplex/EchoComplex/echoValueBoxedTypeComplex"/><con:wsrmConfig version="1.2"/></con:call></con:operation><con:operation isOneWay="false" action="" name="echoValueBoxedTypePrimitive" bindingOperationName="echoValueBoxedTypePrimitive" type="Request-Response" outputName="echoValueBoxedTypePrimitiveResponse" inputName="echoValueBoxedTypePrimitive" receivesAttachments="false" sendsAttachments="false" anonymous="optional"><con:settings/><con:call name="Request 1"><con:settings/><con:encoding>UTF-8</con:encoding><con:endpoint>http://localhost:8192/service/EchoComplex</con:endpoint><con:request><![CDATA[<soapenv:Envelope xmlns:soapenv="http://schemas.xmlsoap.org/soap/envelope/" xmlns:it="http://it.imolinfo.jbi4corba.test.testprovidercomplex.EchoComplex" xmlns:tes="http://testprovidercomplex.test.jbi4corba.imolinfo.it/">
   <soapenv:Header/>
   <soapenv:Body>
      <it:echoValueBoxedTypePrimitive>
         <it:e>
            <tes:data>2</tes:data>
         </it:e>
      </it:echoValueBoxedTypePrimitive>
   </soapenv:Body>
</soapenv:Envelope>]]></con:request><con:wsaConfig mustUnderstand="NONE" version="200508" action="http://it.imolinfo.jbi4corba.test.testprovidercomplex.EchoComplex/EchoComplex/echoValueBoxedTypePrimitive"/><con:wsrmConfig version="1.2"/></con:call></con:operation><con:operation isOneWay="false" action="" name="echoValueType" bindingOperationName="echoValueType" type="Request-Response" outputName="echoValueTypeResponse" inputName="echoValueType" receivesAttachments="false" sendsAttachments="false" anonymous="optional"><con:settings/><con:call name="Request 1"><con:settings/><con:encoding>UTF-8</con:encoding><con:endpoint>http://localhost:8192/service/EchoComplex</con:endpoint><con:request><![CDATA[<soapenv:Envelope xmlns:soapenv="http://schemas.xmlsoap.org/soap/envelope/" xmlns:it="http://it.imolinfo.jbi4corba.test.testprovidercomplex.EchoComplex" xmlns:tes="http://testprovidercomplex.test.jbi4corba.imolinfo.it/">
   <soapenv:Header/>
   <soapenv:Body>
      <it:echoValueType>
         <it:e>
            <tes:publicShort>2</tes:publicShort>
            <tes:privateLong>5345345</tes:privateLong>
         </it:e>
      </it:echoValueType>
   </soapenv:Body>
</soapenv:Envelope>]]></con:request><con:wsaConfig mustUnderstand="NONE" version="200508" action="http://it.imolinfo.jbi4corba.test.testprovidercomplex.EchoComplex/EchoComplex/echoValueType"/><con:wsrmConfig version="1.2"/></con:call></con:operation><con:operation isOneWay="false" action="" name="echoValueTypeOfStruct" bindingOperationName="echoValueTypeOfStruct" type="Request-Response" outputName="echoValueTypeOfStructResponse" inputName="echoValueTypeOfStruct" receivesAttachments="false" sendsAttachments="false" anonymous="optional"><con:settings/><con:call name="Request 1"><con:settings/><con:encoding>UTF-8</con:encoding><con:endpoint>http://localhost:8192/service/EchoComplex</con:endpoint><con:request><![CDATA[<soapenv:Envelope xmlns:soapenv="http://schemas.xmlsoap.org/soap/envelope/" xmlns:it="http://it.imolinfo.jbi4corba.test.testprovidercomplex.EchoComplex" xmlns:tes="http://testprovidercomplex.test.jbi4corba.imolinfo.it/">
   <soapenv:Header/>
   <soapenv:Body>
      <it:echoValueTypeOfStruct>
         <it:v>
            <tes:data>
               <tes:fieldBoolean>?</tes:fieldBoolean>
               <tes:fieldChar>?</tes:fieldChar>
               <tes:fieldWChar>?</tes:fieldWChar>
               <tes:fieldString>?</tes:fieldString>
               <tes:fieldWString>?</tes:fieldWString>
               <tes:fieldShort>?</tes:fieldShort>
               <tes:fieldUnsignedShort>?</tes:fieldUnsignedShort>
               <tes:fieldLong>?</tes:fieldLong>
               <tes:fieldUnsignedLong>?</tes:fieldUnsignedLong>
               <tes:fieldLongLong>?</tes:fieldLongLong>
               <tes:fieldUnsignedLongLong>?</tes:fieldUnsignedLongLong>
               <tes:fieldFloat>?</tes:fieldFloat>
               <tes:fieldDouble>?</tes:fieldDouble>
            </tes:data>
         </it:v>
      </it:echoValueTypeOfStruct>
   </soapenv:Body>
</soapenv:Envelope>]]></con:request><con:wsaConfig mustUnderstand="NONE" version="200508" action="http://it.imolinfo.jbi4corba.test.testprovidercomplex.EchoComplex/EchoComplex/echoValueTypeOfStruct"/><con:wsrmConfig version="1.2"/></con:call></con:operation><con:operation isOneWay="false" action="" name="echoValueTypeOfValueType" bindingOperationName="echoValueTypeOfValueType" type="Request-Response" outputName="echoValueTypeOfValueTypeResponse" inputName="echoValueTypeOfValueType" receivesAttachments="false" sendsAttachments="false" anonymous="optional"><con:settings/><con:call name="Request 1"><con:settings/><con:encoding>UTF-8</con:encoding><con:endpoint>http://localhost:8192/service/EchoComplex</con:endpoint><con:request><![CDATA[<soapenv:Envelope xmlns:soapenv="http://schemas.xmlsoap.org/soap/envelope/" xmlns:it="http://it.imolinfo.jbi4corba.test.testprovidercomplex.EchoComplex" xmlns:tes="http://testprovidercomplex.test.jbi4corba.imolinfo.it/">
   <soapenv:Header/>
   <soapenv:Body>
      <it:echoValueTypeOfValueType>
         <it:v>
            <tes:data>
               <tes:fieldBoolean>false</tes:fieldBoolean>
               <tes:fieldChar>2</tes:fieldChar>
               <tes:fieldWChar>33</tes:fieldWChar>
               <tes:fieldOctet>1234</tes:fieldOctet>
               <tes:fieldString>sasc</tes:fieldString>
               <tes:fieldWString>ss</tes:fieldWString>
               <tes:fieldShort>2</tes:fieldShort>
               <tes:fieldUnsignedShort>2</tes:fieldUnsignedShort>
               <tes:fieldLong>334</tes:fieldLong>
               <tes:fieldUnsignedLong>444</tes:fieldUnsignedLong>
               <tes:fieldLongLong>555555</tes:fieldLongLong>
               <tes:fieldUnsignedLongLong>555555</tes:fieldUnsignedLongLong>
               <tes:fieldFloat>3.4</tes:fieldFloat>
               <tes:fieldDouble>5.3</tes:fieldDouble>
            </tes:data>
         </it:v>
      </it:echoValueTypeOfValueType>
   </soapenv:Body>
</soapenv:Envelope>]]></con:request><con:wsaConfig mustUnderstand="NONE" version="200508" action="http://it.imolinfo.jbi4corba.test.testprovidercomplex.EchoComplex/EchoComplex/echoValueTypeOfValueType"/><con:wsrmConfig version="1.2"/></con:call></con:operation><con:operation isOneWay="false" action="" name="echoVTPrimi" bindingOperationName="echoVTPrimi" type="Request-Response" outputName="echoVTPrimiResponse" inputName="echoVTPrimi" receivesAttachments="false" sendsAttachments="false" anonymous="optional"><con:settings/><con:call name="Request 1"><con:settings/><con:encoding>UTF-8</con:encoding><con:endpoint>http://localhost:8192/service/EchoComplex</con:endpoint><con:request><![CDATA[<soapenv:Envelope xmlns:soapenv="http://schemas.xmlsoap.org/soap/envelope/" xmlns:it="http://it.imolinfo.jbi4corba.test.testprovidercomplex.EchoComplex" xmlns:tes="http://testprovidercomplex.test.jbi4corba.imolinfo.it/">
   <soapenv:Header/>
   <soapenv:Body>
      <it:echoVTPrimi>
         <it:v>
            <tes:fieldBoolean>true</tes:fieldBoolean>
            <tes:fieldChar>2</tes:fieldChar>
            <tes:fieldWChar>22</tes:fieldWChar>
            <tes:fieldOctet>12345678</tes:fieldOctet>
            <tes:fieldString>Prova</tes:fieldString>
            <tes:fieldWString>2</tes:fieldWString>
            <tes:fieldShort>2</tes:fieldShort>
            <tes:fieldUnsignedShort>3</tes:fieldUnsignedShort>
            <tes:fieldLong>44</tes:fieldLong>
            <tes:fieldUnsignedLong>55</tes:fieldUnsignedLong>
            <tes:fieldLongLong>234820</tes:fieldLongLong>
            <tes:fieldUnsignedLongLong>324232</tes:fieldUnsignedLongLong>
            <tes:fieldFloat>3.4</tes:fieldFloat>
            <tes:fieldDouble>2.44</tes:fieldDouble>
         </it:v>
      </it:echoVTPrimi>
   </soapenv:Body>
</soapenv:Envelope>]]></con:request><con:wsaConfig mustUnderstand="NONE" version="200508" action="http://it.imolinfo.jbi4corba.test.testprovidercomplex.EchoComplex/EchoComplex/echoVTPrimi"/><con:wsrmConfig version="1.2"/></con:call></con:operation><con:operation isOneWay="false" action="" name="echoVTPrimiSeq" bindingOperationName="echoVTPrimiSeq" type="Request-Response" outputName="echoVTPrimiSeqResponse" inputName="echoVTPrimiSeq" receivesAttachments="false" sendsAttachments="false" anonymous="optional"><con:settings/><con:call name="Request 1"><con:settings/><con:encoding>UTF-8</con:encoding><con:endpoint>http://localhost:8192/service/EchoComplex</con:endpoint><con:request><![CDATA[<soapenv:Envelope xmlns:soapenv="http://schemas.xmlsoap.org/soap/envelope/" xmlns:it="http://it.imolinfo.jbi4corba.test.testprovidercomplex.EchoComplex" xmlns:tes="http://testprovidercomplex.test.jbi4corba.imolinfo.it/">
   <soapenv:Header/>
   <soapenv:Body>
      <it:echoVTPrimiSeq>
         <it:v>
            <!--1 or more repetitions:-->
            <tes:data>
               <tes:fieldBoolean>false</tes:fieldBoolean>
               <tes:fieldChar>2</tes:fieldChar>
               <tes:fieldWChar>2</tes:fieldWChar>
               <tes:fieldOctet>2323</tes:fieldOctet>
               <tes:fieldString>Casdia</tes:fieldString>
               <tes:fieldWString>dd</tes:fieldWString>
               <tes:fieldShort>2</tes:fieldShort>
               <tes:fieldUnsignedShort>2</tes:fieldUnsignedShort>
               <tes:fieldLong>33</tes:fieldLong>
               <tes:fieldUnsignedLong>44</tes:fieldUnsignedLong>
               <tes:fieldLongLong>323</tes:fieldLongLong>
               <tes:fieldUnsignedLongLong>3232</tes:fieldUnsignedLongLong>
               <tes:fieldFloat>3.2</tes:fieldFloat>
               <tes:fieldDouble>23.3</tes:fieldDouble>
            </tes:data>
	     
         </it:v>
      </it:echoVTPrimiSeq>
   </soapenv:Body>
</soapenv:Envelope>]]></con:request><con:wsaConfig mustUnderstand="NONE" version="200508" action="http://it.imolinfo.jbi4corba.test.testprovidercomplex.EchoComplex/EchoComplex/echoVTPrimiSeq"/><con:wsrmConfig version="1.2"/></con:call></con:operation></con:interface><con:interface xsi:type="con:WsdlInterface" wsaVersion="NONE" name="EchoComplex2HttpBinding" type="wsdl" bindingName="{http://it.imolinfo.jbi4corba.test.testprovidercomplex.EchoComplex2}EchoComplex2HttpBinding" soapVersion="1_1" anonymous="optional" definition="http://localhost:8192/service/EchoComplex2?wsdl" xmlns:xsi="http://www.w3.org/2001/XMLSchema-instance"><con:settings/><con:definitionCache type="TEXT" rootPart="http://localhost:8192/service/EchoComplex2?wsdl"><con:part><con:url>http://localhost:8192/service/EchoComplex2?wsdl</con:url><con:content><![CDATA[<wsdl:definitions name="EchoComplex2" targetNamespace="http://it.imolinfo.jbi4corba.test.testprovidercomplex.EchoComplex2" xmlns:plnk="http://docs.oasis-open.org/wsbpel/2.0/plnktype" xmlns:wsdl="http://schemas.xmlsoap.org/wsdl/" xmlns:tns="http://it.imolinfo.jbi4corba.test.testprovidercomplex.EchoComplex2" xmlns:xsd="http://www.w3.org/2001/XMLSchema" xmlns:soap="http://schemas.xmlsoap.org/wsdl/soap/">
  <wsdl:types>
    <xs:schema attributeFormDefault="unqualified" elementFormDefault="qualified" targetNamespace="http://it.imolinfo.jbi4corba.test.testprovidercomplex.EchoComplex2" xmlns="http://it.imolinfo.jbi4corba.test.testprovidercomplex.EchoComplex2" xmlns:ns1="http://testprovidercomplex.test.jbi4corba.imolinfo.it/" xmlns:xs="http://www.w3.org/2001/XMLSchema">
      <xs:import namespace="http://testprovidercomplex.test.jbi4corba.imolinfo.it/" schemaLocation="http://localhost:8192/provider-consumer-multipleidl-complex-http-consumer/TypeDef_testprovidercomplex.test.jbi4corba.imolinfo.it.xsd"/>
      <xs:element name="echo">
        <xs:complexType>
          <xs:sequence>
            <xs:element name="msg" type="xs:string"/>
          </xs:sequence>
        </xs:complexType>
      </xs:element>
      <xs:element name="echoExceptionNotThrown">
        <xs:complexType>
          <xs:sequence>
            <xs:element name="es" type="ns1:echoStruct"/>
          </xs:sequence>
        </xs:complexType>
      </xs:element>
      <xs:element name="echoExceptionNotThrownResponse">
        <xs:complexType>
          <xs:sequence>
            <xs:element name="return" type="ns1:echoStruct"/>
          </xs:sequence>
        </xs:complexType>
      </xs:element>
      <xs:element name="echoExceptionThrown">
        <xs:complexType>
          <xs:sequence>
            <xs:element name="es" type="ns1:echoStruct"/>
          </xs:sequence>
        </xs:complexType>
      </xs:element>
      <xs:element name="echoExceptionThrownResponse">
        <xs:complexType>
          <xs:sequence>
            <xs:element name="return" type="ns1:echoStruct"/>
          </xs:sequence>
        </xs:complexType>
      </xs:element>
      <xs:element name="echoResponse">
        <xs:complexType>
          <xs:sequence>
            <xs:element name="return" type="xs:string"/>
          </xs:sequence>
        </xs:complexType>
      </xs:element>
      <xs:element name="echoSequence">
        <xs:complexType>
          <xs:sequence>
            <xs:element maxOccurs="unbounded" name="es" type="xs:int"/>
          </xs:sequence>
        </xs:complexType>
      </xs:element>
      <xs:element name="echoSequenceResponse">
        <xs:complexType>
          <xs:sequence>
            <xs:element maxOccurs="unbounded" name="return" type="xs:int"/>
          </xs:sequence>
        </xs:complexType>
      </xs:element>
      <xs:element name="echoSequenceSeqEchoStruct">
        <xs:complexType>
          <xs:sequence>
            <xs:element maxOccurs="unbounded" name="es" type="ns1:echoStruct"/>
          </xs:sequence>
        </xs:complexType>
      </xs:element>
      <xs:element name="echoSequenceSeqEchoStructResponse">
        <xs:complexType>
          <xs:sequence>
            <xs:element maxOccurs="unbounded" name="return" type="ns1:echoStruct"/>
          </xs:sequence>
        </xs:complexType>
      </xs:element>
      <xs:element name="echoSequenceSeqMySequence">
        <xs:complexType>
          <xs:sequence>
            <xs:element maxOccurs="unbounded" name="es" type="ns1:mySequence"/>
          </xs:sequence>
        </xs:complexType>
      </xs:element>
      <xs:element name="echoSequenceSeqMySequenceResponse">
        <xs:complexType>
          <xs:sequence>
            <xs:element maxOccurs="unbounded" name="return" type="ns1:mySequence"/>
          </xs:sequence>
        </xs:complexType>
      </xs:element>
      <xs:element name="echoSequenceValueType">
        <xs:complexType>
          <xs:sequence>
            <xs:element name="es" type="ns1:mySequence"/>
          </xs:sequence>
        </xs:complexType>
      </xs:element>
      <xs:element name="echoSequenceValueTypeResponse">
        <xs:complexType>
          <xs:sequence>
            <xs:element name="return" type="ns1:mySequence"/>
          </xs:sequence>
        </xs:complexType>
      </xs:element>
      <xs:element name="echoStruct">
        <xs:complexType>
          <xs:sequence>
            <xs:element name="es" type="ns1:echoStruct"/>
          </xs:sequence>
        </xs:complexType>
      </xs:element>
      <xs:element name="echoStructOfStruct">
        <xs:complexType>
          <xs:sequence>
            <xs:element name="v" type="ns1:structOfStruct"/>
          </xs:sequence>
        </xs:complexType>
      </xs:element>
      <xs:element name="echoStructOfStructResponse">
        <xs:complexType>
          <xs:sequence>
            <xs:element name="return" type="ns1:structOfStruct"/>
          </xs:sequence>
        </xs:complexType>
      </xs:element>
      <xs:element name="echoStructOfValuetype">
        <xs:complexType>
          <xs:sequence>
            <xs:element name="v" type="ns1:structOfValuetype"/>
          </xs:sequence>
        </xs:complexType>
      </xs:element>
      <xs:element name="echoStructOfValuetypeResponse">
        <xs:complexType>
          <xs:sequence>
            <xs:element name="return" type="ns1:structOfValuetype"/>
          </xs:sequence>
        </xs:complexType>
      </xs:element>
      <xs:element name="echoStructResponse">
        <xs:complexType>
          <xs:sequence>
            <xs:element name="return" type="ns1:echoStruct"/>
          </xs:sequence>
        </xs:complexType>
      </xs:element>
      <xs:element name="echoVTPrimi">
        <xs:complexType>
          <xs:sequence>
            <xs:element name="v" type="ns1:vtPrimi"/>
          </xs:sequence>
        </xs:complexType>
      </xs:element>
      <xs:element name="echoVTPrimiResponse">
        <xs:complexType>
          <xs:sequence>
            <xs:element name="return" type="ns1:vtPrimi"/>
          </xs:sequence>
        </xs:complexType>
      </xs:element>
      <xs:element name="echoVTPrimiSeq">
        <xs:complexType>
          <xs:sequence>
            <xs:element name="v" type="ns1:vtPrimiSeq"/>
          </xs:sequence>
        </xs:complexType>
      </xs:element>
      <xs:element name="echoVTPrimiSeqResponse">
        <xs:complexType>
          <xs:sequence>
            <xs:element name="return" type="ns1:vtPrimiSeq"/>
          </xs:sequence>
        </xs:complexType>
      </xs:element>
      <xs:element name="echoValueBoxedTypeComplex">
        <xs:complexType>
          <xs:sequence>
            <xs:element name="e" type="ns1:mySequence"/>
          </xs:sequence>
        </xs:complexType>
      </xs:element>
      <xs:element name="echoValueBoxedTypeComplexResponse">
        <xs:complexType>
          <xs:sequence>
            <xs:element name="return" type="ns1:mySequence"/>
          </xs:sequence>
        </xs:complexType>
      </xs:element>
      <xs:element name="echoValueBoxedTypePrimitive">
        <xs:complexType>
          <xs:sequence>
            <xs:element name="e" type="ns1:myLong"/>
          </xs:sequence>
        </xs:complexType>
      </xs:element>
      <xs:element name="echoValueBoxedTypePrimitiveResponse">
        <xs:complexType>
          <xs:sequence>
            <xs:element name="return" type="ns1:myLong"/>
          </xs:sequence>
        </xs:complexType>
      </xs:element>
      <xs:element name="echoValueType">
        <xs:complexType>
          <xs:sequence>
            <xs:element name="e" type="ns1:echoVT"/>
          </xs:sequence>
        </xs:complexType>
      </xs:element>
      <xs:element name="echoValueTypeOfStruct">
        <xs:complexType>
          <xs:sequence>
            <xs:element name="v" type="ns1:valueTypeOfStruct"/>
          </xs:sequence>
        </xs:complexType>
      </xs:element>
      <xs:element name="echoValueTypeOfStructResponse">
        <xs:complexType>
          <xs:sequence>
            <xs:element name="return" type="ns1:valueTypeOfStruct"/>
          </xs:sequence>
        </xs:complexType>
      </xs:element>
      <xs:element name="echoValueTypeOfValueType">
        <xs:complexType>
          <xs:sequence>
            <xs:element name="v" type="ns1:valueTypeOfValueType"/>
          </xs:sequence>
        </xs:complexType>
      </xs:element>
      <xs:element name="echoValueTypeOfValueTypeResponse">
        <xs:complexType>
          <xs:sequence>
            <xs:element name="return" type="ns1:valueTypeOfValueType"/>
          </xs:sequence>
        </xs:complexType>
      </xs:element>
      <xs:element name="echoValueTypeResponse">
        <xs:complexType>
          <xs:sequence>
            <xs:element name="return" type="ns1:echoVT"/>
          </xs:sequence>
        </xs:complexType>
      </xs:element>
      <xs:element name="EchoComplexException" type="EchoComplexException"/>
      <xs:complexType name="EchoComplexException">
        <xs:sequence>
          <xs:element maxOccurs="unbounded" minOccurs="0" name="reason" type="ns1:echoStruct"/>
        </xs:sequence>
      </xs:complexType>
    </xs:schema>
  </wsdl:types>
  <wsdl:message name="echoVTPrimiSeqResponse">
    <wsdl:part name="parameters" element="tns:echoVTPrimiSeqResponse"></wsdl:part>
  </wsdl:message>
  <wsdl:message name="echoStructOfValuetype">
    <wsdl:part name="parameters" element="tns:echoStructOfValuetype"></wsdl:part>
  </wsdl:message>
  <wsdl:message name="echoExceptionNotThrownResponse">
    <wsdl:part name="parameters" element="tns:echoExceptionNotThrownResponse"></wsdl:part>
  </wsdl:message>
  <wsdl:message name="echoStructOfStruct">
    <wsdl:part name="parameters" element="tns:echoStructOfStruct"></wsdl:part>
  </wsdl:message>
  <wsdl:message name="echoSequenceSeqEchoStruct">
    <wsdl:part name="parameters" element="tns:echoSequenceSeqEchoStruct"></wsdl:part>
  </wsdl:message>
  <wsdl:message name="echoSequenceSeqEchoStructResponse">
    <wsdl:part name="parameters" element="tns:echoSequenceSeqEchoStructResponse"></wsdl:part>
  </wsdl:message>
  <wsdl:message name="echoSequence">
    <wsdl:part name="parameters" element="tns:echoSequence"></wsdl:part>
  </wsdl:message>
  <wsdl:message name="echoSequenceSeqMySequence">
    <wsdl:part name="parameters" element="tns:echoSequenceSeqMySequence"></wsdl:part>
  </wsdl:message>
  <wsdl:message name="echoValueType">
    <wsdl:part name="parameters" element="tns:echoValueType"></wsdl:part>
  </wsdl:message>
  <wsdl:message name="echoValueTypeOfStructResponse">
    <wsdl:part name="parameters" element="tns:echoValueTypeOfStructResponse"></wsdl:part>
  </wsdl:message>
  <wsdl:message name="echoVTPrimi">
    <wsdl:part name="parameters" element="tns:echoVTPrimi"></wsdl:part>
  </wsdl:message>
  <wsdl:message name="echoValueBoxedTypePrimitiveResponse">
    <wsdl:part name="parameters" element="tns:echoValueBoxedTypePrimitiveResponse"></wsdl:part>
  </wsdl:message>
  <wsdl:message name="echoVTPrimiSeq">
    <wsdl:part name="parameters" element="tns:echoVTPrimiSeq"></wsdl:part>
  </wsdl:message>
  <wsdl:message name="echoResponse">
    <wsdl:part name="parameters" element="tns:echoResponse"></wsdl:part>
  </wsdl:message>
  <wsdl:message name="echoStruct">
    <wsdl:part name="parameters" element="tns:echoStruct"></wsdl:part>
  </wsdl:message>
  <wsdl:message name="echoSequenceResponse">
    <wsdl:part name="parameters" element="tns:echoSequenceResponse"></wsdl:part>
  </wsdl:message>
  <wsdl:message name="echoValueTypeOfStruct">
    <wsdl:part name="parameters" element="tns:echoValueTypeOfStruct"></wsdl:part>
  </wsdl:message>
  <wsdl:message name="echoValueBoxedTypeComplexResponse">
    <wsdl:part name="parameters" element="tns:echoValueBoxedTypeComplexResponse"></wsdl:part>
  </wsdl:message>
  <wsdl:message name="echoValueBoxedTypeComplex">
    <wsdl:part name="parameters" element="tns:echoValueBoxedTypeComplex"></wsdl:part>
  </wsdl:message>
  <wsdl:message name="echoValueTypeOfValueTypeResponse">
    <wsdl:part name="parameters" element="tns:echoValueTypeOfValueTypeResponse"></wsdl:part>
  </wsdl:message>
  <wsdl:message name="echoSequenceSeqMySequenceResponse">
    <wsdl:part name="parameters" element="tns:echoSequenceSeqMySequenceResponse"></wsdl:part>
  </wsdl:message>
  <wsdl:message name="echoValueTypeOfValueType">
    <wsdl:part name="parameters" element="tns:echoValueTypeOfValueType"></wsdl:part>
  </wsdl:message>
  <wsdl:message name="echoExceptionNotThrown">
    <wsdl:part name="parameters" element="tns:echoExceptionNotThrown"></wsdl:part>
  </wsdl:message>
  <wsdl:message name="echo">
    <wsdl:part name="parameters" element="tns:echo"></wsdl:part>
  </wsdl:message>
  <wsdl:message name="echoStructResponse">
    <wsdl:part name="parameters" element="tns:echoStructResponse"></wsdl:part>
  </wsdl:message>
  <wsdl:message name="echoExceptionThrownResponse">
    <wsdl:part name="parameters" element="tns:echoExceptionThrownResponse"></wsdl:part>
  </wsdl:message>
  <wsdl:message name="echoVTPrimiResponse">
    <wsdl:part name="parameters" element="tns:echoVTPrimiResponse"></wsdl:part>
  </wsdl:message>
  <wsdl:message name="echoSequenceValueTypeResponse">
    <wsdl:part name="parameters" element="tns:echoSequenceValueTypeResponse"></wsdl:part>
  </wsdl:message>
  <wsdl:message name="echoValueBoxedTypePrimitive">
    <wsdl:part name="parameters" element="tns:echoValueBoxedTypePrimitive"></wsdl:part>
  </wsdl:message>
  <wsdl:message name="echoSequenceValueType">
    <wsdl:part name="parameters" element="tns:echoSequenceValueType"></wsdl:part>
  </wsdl:message>
  <wsdl:message name="EchoComplexException">
    <wsdl:part name="EchoComplexException" element="tns:EchoComplexException"></wsdl:part>
  </wsdl:message>
  <wsdl:message name="echoStructOfValuetypeResponse">
    <wsdl:part name="parameters" element="tns:echoStructOfValuetypeResponse"></wsdl:part>
  </wsdl:message>
  <wsdl:message name="echoExceptionThrown">
    <wsdl:part name="parameters" element="tns:echoExceptionThrown"></wsdl:part>
  </wsdl:message>
  <wsdl:message name="echoValueTypeResponse">
    <wsdl:part name="parameters" element="tns:echoValueTypeResponse"></wsdl:part>
  </wsdl:message>
  <wsdl:message name="echoStructOfStructResponse">
    <wsdl:part name="parameters" element="tns:echoStructOfStructResponse"></wsdl:part>
  </wsdl:message>
  <wsdl:portType name="EchoComplex2">
    <wsdl:operation name="echoValueType">
      <wsdl:input name="echoValueType" message="tns:echoValueType"></wsdl:input>
      <wsdl:output name="echoValueTypeResponse" message="tns:echoValueTypeResponse"></wsdl:output>
    </wsdl:operation>
    <wsdl:operation name="echoExceptionThrown">
      <wsdl:input name="echoExceptionThrown" message="tns:echoExceptionThrown"></wsdl:input>
      <wsdl:output name="echoExceptionThrownResponse" message="tns:echoExceptionThrownResponse"></wsdl:output>
      <wsdl:fault name="EchoComplexException" message="tns:EchoComplexException"></wsdl:fault>
    </wsdl:operation>
    <wsdl:operation name="echoStructOfStruct">
      <wsdl:input name="echoStructOfStruct" message="tns:echoStructOfStruct"></wsdl:input>
      <wsdl:output name="echoStructOfStructResponse" message="tns:echoStructOfStructResponse"></wsdl:output>
    </wsdl:operation>
    <wsdl:operation name="echoStructOfValuetype">
      <wsdl:input name="echoStructOfValuetype" message="tns:echoStructOfValuetype"></wsdl:input>
      <wsdl:output name="echoStructOfValuetypeResponse" message="tns:echoStructOfValuetypeResponse"></wsdl:output>
    </wsdl:operation>
    <wsdl:operation name="echoSequenceSeqMySequence">
      <wsdl:input name="echoSequenceSeqMySequence" message="tns:echoSequenceSeqMySequence"></wsdl:input>
      <wsdl:output name="echoSequenceSeqMySequenceResponse" message="tns:echoSequenceSeqMySequenceResponse"></wsdl:output>
    </wsdl:operation>
    <wsdl:operation name="echoExceptionNotThrown">
      <wsdl:input name="echoExceptionNotThrown" message="tns:echoExceptionNotThrown"></wsdl:input>
      <wsdl:output name="echoExceptionNotThrownResponse" message="tns:echoExceptionNotThrownResponse"></wsdl:output>
      <wsdl:fault name="EchoComplexException" message="tns:EchoComplexException"></wsdl:fault>
    </wsdl:operation>
    <wsdl:operation name="echoValueBoxedTypePrimitive">
      <wsdl:input name="echoValueBoxedTypePrimitive" message="tns:echoValueBoxedTypePrimitive"></wsdl:input>
      <wsdl:output name="echoValueBoxedTypePrimitiveResponse" message="tns:echoValueBoxedTypePrimitiveResponse"></wsdl:output>
    </wsdl:operation>
    <wsdl:operation name="echoSequenceSeqEchoStruct">
      <wsdl:input name="echoSequenceSeqEchoStruct" message="tns:echoSequenceSeqEchoStruct"></wsdl:input>
      <wsdl:output name="echoSequenceSeqEchoStructResponse" message="tns:echoSequenceSeqEchoStructResponse"></wsdl:output>
    </wsdl:operation>
    <wsdl:operation name="echoValueTypeOfValueType">
      <wsdl:input name="echoValueTypeOfValueType" message="tns:echoValueTypeOfValueType"></wsdl:input>
      <wsdl:output name="echoValueTypeOfValueTypeResponse" message="tns:echoValueTypeOfValueTypeResponse"></wsdl:output>
    </wsdl:operation>
    <wsdl:operation name="echoSequenceValueType">
      <wsdl:input name="echoSequenceValueType" message="tns:echoSequenceValueType"></wsdl:input>
      <wsdl:output name="echoSequenceValueTypeResponse" message="tns:echoSequenceValueTypeResponse"></wsdl:output>
    </wsdl:operation>
    <wsdl:operation name="echoSequence">
      <wsdl:input name="echoSequence" message="tns:echoSequence"></wsdl:input>
      <wsdl:output name="echoSequenceResponse" message="tns:echoSequenceResponse"></wsdl:output>
    </wsdl:operation>
    <wsdl:operation name="echoVTPrimiSeq">
      <wsdl:input name="echoVTPrimiSeq" message="tns:echoVTPrimiSeq"></wsdl:input>
      <wsdl:output name="echoVTPrimiSeqResponse" message="tns:echoVTPrimiSeqResponse"></wsdl:output>
    </wsdl:operation>
    <wsdl:operation name="echoVTPrimi">
      <wsdl:input name="echoVTPrimi" message="tns:echoVTPrimi"></wsdl:input>
      <wsdl:output name="echoVTPrimiResponse" message="tns:echoVTPrimiResponse"></wsdl:output>
    </wsdl:operation>
    <wsdl:operation name="echoValueBoxedTypeComplex">
      <wsdl:input name="echoValueBoxedTypeComplex" message="tns:echoValueBoxedTypeComplex"></wsdl:input>
      <wsdl:output name="echoValueBoxedTypeComplexResponse" message="tns:echoValueBoxedTypeComplexResponse"></wsdl:output>
    </wsdl:operation>
    <wsdl:operation name="echoStruct">
      <wsdl:input name="echoStruct" message="tns:echoStruct"></wsdl:input>
      <wsdl:output name="echoStructResponse" message="tns:echoStructResponse"></wsdl:output>
    </wsdl:operation>
    <wsdl:operation name="echo">
      <wsdl:input name="echo" message="tns:echo"></wsdl:input>
      <wsdl:output name="echoResponse" message="tns:echoResponse"></wsdl:output>
    </wsdl:operation>
    <wsdl:operation name="echoValueTypeOfStruct">
      <wsdl:input name="echoValueTypeOfStruct" message="tns:echoValueTypeOfStruct"></wsdl:input>
      <wsdl:output name="echoValueTypeOfStructResponse" message="tns:echoValueTypeOfStructResponse"></wsdl:output>
    </wsdl:operation>
  </wsdl:portType>
  <wsdl:binding name="EchoComplex2HttpBinding" type="tns:EchoComplex2">
    <soap:binding style="document" transport="http://schemas.xmlsoap.org/soap/http"/>
    <wsdl:operation name="echoValueType">
      <soap:operation/>
      <wsdl:input name="echoValueType">
        <soap:body use="literal"/>
      </wsdl:input>
      <wsdl:output name="echoValueTypeResponse">
        <soap:body use="literal"/>
      </wsdl:output>
    </wsdl:operation>
    <wsdl:operation name="echoExceptionThrown">
      <soap:operation/>
      <wsdl:input name="echoExceptionThrown">
        <soap:body use="literal"/>
      </wsdl:input>
      <wsdl:output name="echoExceptionThrownResponse">
        <soap:body use="literal"/>
      </wsdl:output>
      <wsdl:fault name="EchoComplexException">
        <soap:fault name="EchoComplexException" use="literal"/>
      </wsdl:fault>
    </wsdl:operation>
    <wsdl:operation name="echoStructOfStruct">
      <soap:operation/>
      <wsdl:input name="echoStructOfStruct">
        <soap:body use="literal"/>
      </wsdl:input>
      <wsdl:output name="echoStructOfStructResponse">
        <soap:body use="literal"/>
      </wsdl:output>
    </wsdl:operation>
    <wsdl:operation name="echoStructOfValuetype">
      <soap:operation/>
      <wsdl:input name="echoStructOfValuetype">
        <soap:body use="literal"/>
      </wsdl:input>
      <wsdl:output name="echoStructOfValuetypeResponse">
        <soap:body use="literal"/>
      </wsdl:output>
    </wsdl:operation>
    <wsdl:operation name="echoSequenceSeqMySequence">
      <soap:operation/>
      <wsdl:input name="echoSequenceSeqMySequence">
        <soap:body use="literal"/>
      </wsdl:input>
      <wsdl:output name="echoSequenceSeqMySequenceResponse">
        <soap:body use="literal"/>
      </wsdl:output>
    </wsdl:operation>
    <wsdl:operation name="echoExceptionNotThrown">
      <soap:operation/>
      <wsdl:input name="echoExceptionNotThrown">
        <soap:body use="literal"/>
      </wsdl:input>
      <wsdl:output name="echoExceptionNotThrownResponse">
        <soap:body use="literal"/>
      </wsdl:output>
      <wsdl:fault name="EchoComplexException">
        <soap:fault name="EchoComplexException" use="literal"/>
      </wsdl:fault>
    </wsdl:operation>
    <wsdl:operation name="echoValueBoxedTypePrimitive">
      <soap:operation/>
      <wsdl:input name="echoValueBoxedTypePrimitive">
        <soap:body use="literal"/>
      </wsdl:input>
      <wsdl:output name="echoValueBoxedTypePrimitiveResponse">
        <soap:body use="literal"/>
      </wsdl:output>
    </wsdl:operation>
    <wsdl:operation name="echoSequenceSeqEchoStruct">
      <soap:operation/>
      <wsdl:input name="echoSequenceSeqEchoStruct">
        <soap:body use="literal"/>
      </wsdl:input>
      <wsdl:output name="echoSequenceSeqEchoStructResponse">
        <soap:body use="literal"/>
      </wsdl:output>
    </wsdl:operation>
    <wsdl:operation name="echoValueTypeOfValueType">
      <soap:operation/>
      <wsdl:input name="echoValueTypeOfValueType">
        <soap:body use="literal"/>
      </wsdl:input>
      <wsdl:output name="echoValueTypeOfValueTypeResponse">
        <soap:body use="literal"/>
      </wsdl:output>
    </wsdl:operation>
    <wsdl:operation name="echoSequenceValueType">
      <soap:operation/>
      <wsdl:input name="echoSequenceValueType">
        <soap:body use="literal"/>
      </wsdl:input>
      <wsdl:output name="echoSequenceValueTypeResponse">
        <soap:body use="literal"/>
      </wsdl:output>
    </wsdl:operation>
    <wsdl:operation name="echoSequence">
      <soap:operation/>
      <wsdl:input name="echoSequence">
        <soap:body use="literal"/>
      </wsdl:input>
      <wsdl:output name="echoSequenceResponse">
        <soap:body use="literal"/>
      </wsdl:output>
    </wsdl:operation>
    <wsdl:operation name="echoVTPrimiSeq">
      <soap:operation/>
      <wsdl:input name="echoVTPrimiSeq">
        <soap:body use="literal"/>
      </wsdl:input>
      <wsdl:output name="echoVTPrimiSeqResponse">
        <soap:body use="literal"/>
      </wsdl:output>
    </wsdl:operation>
    <wsdl:operation name="echoVTPrimi">
      <soap:operation/>
      <wsdl:input name="echoVTPrimi">
        <soap:body use="literal"/>
      </wsdl:input>
      <wsdl:output name="echoVTPrimiResponse">
        <soap:body use="literal"/>
      </wsdl:output>
    </wsdl:operation>
    <wsdl:operation name="echoValueBoxedTypeComplex">
      <soap:operation/>
      <wsdl:input name="echoValueBoxedTypeComplex">
        <soap:body use="literal"/>
      </wsdl:input>
      <wsdl:output name="echoValueBoxedTypeComplexResponse">
        <soap:body use="literal"/>
      </wsdl:output>
    </wsdl:operation>
    <wsdl:operation name="echoStruct">
      <soap:operation/>
      <wsdl:input name="echoStruct">
        <soap:body use="literal"/>
      </wsdl:input>
      <wsdl:output name="echoStructResponse">
        <soap:body use="literal"/>
      </wsdl:output>
    </wsdl:operation>
    <wsdl:operation name="echo">
      <soap:operation/>
      <wsdl:input name="echo">
        <soap:body use="literal"/>
      </wsdl:input>
      <wsdl:output name="echoResponse">
        <soap:body use="literal"/>
      </wsdl:output>
    </wsdl:operation>
    <wsdl:operation name="echoValueTypeOfStruct">
      <soap:operation/>
      <wsdl:input name="echoValueTypeOfStruct">
        <soap:body use="literal"/>
      </wsdl:input>
      <wsdl:output name="echoValueTypeOfStructResponse">
        <soap:body use="literal"/>
      </wsdl:output>
    </wsdl:operation>
  </wsdl:binding>
  <wsdl:service name="EchoComplexHttpConsumer2Service">
    <wsdl:port name="EchoComplex2BindingPort" binding="tns:EchoComplex2HttpBinding">
      <soap:address location="http://localhost:8192/service/EchoComplex2"/>
    </wsdl:port>
  </wsdl:service>
  <plnk:partnerLinkType name="EchoComplex2">
    <plnk:role name="EchoComplex2PortTypeRole" portType="tns:EchoComplex2"/>
  </plnk:partnerLinkType>
</wsdl:definitions>]]></con:content><con:type>http://schemas.xmlsoap.org/wsdl/</con:type></con:part><con:part><con:url>http://localhost:8192/provider-consumer-multipleidl-complex-http-consumer/TypeDef_testprovidercomplex.test.jbi4corba.imolinfo.it.xsd</con:url><con:content><![CDATA[<xs:schema attributeFormDefault="qualified" elementFormDefault="qualified" targetNamespace="http://testprovidercomplex.test.jbi4corba.imolinfo.it/" xmlns:xs="http://www.w3.org/2001/XMLSchema" xmlns:tns="http://testprovidercomplex.test.jbi4corba.imolinfo.it/">
  <xs:complexType name="structOfStruct">
    <xs:sequence>
      <xs:element name="internalStruct" type="tns:echoStruct"/>
    </xs:sequence>
  </xs:complexType>
  <xs:complexType name="echoStruct">
    <xs:sequence>
      <xs:element name="fieldBoolean" type="xs:boolean"/>
      <xs:element name="fieldChar" type="xs:unsignedShort"/>
      <xs:element name="fieldWChar" type="xs:unsignedShort"/>
      <xs:element name="fieldString" type="xs:string"/>
      <xs:element name="fieldWString" type="xs:string"/>
      <xs:element name="fieldShort" type="xs:short"/>
      <xs:element name="fieldUnsignedShort" type="xs:short"/>
      <xs:element name="fieldLong" type="xs:int"/>
      <xs:element name="fieldUnsignedLong" type="xs:int"/>
      <xs:element name="fieldLongLong" type="xs:long"/>
      <xs:element name="fieldUnsignedLongLong" type="xs:long"/>
      <xs:element name="fieldFloat" type="xs:float"/>
      <xs:element name="fieldDouble" type="xs:double"/>
    </xs:sequence>
  </xs:complexType>
  <xs:complexType name="valueTypeOfValueType">
    <xs:sequence>
      <xs:element name="data" type="tns:vtPrimi"/>
    </xs:sequence>
  </xs:complexType>
  <xs:complexType name="vtPrimi">
    <xs:sequence>
      <xs:element name="fieldBoolean" type="xs:boolean"/>
      <xs:element name="fieldChar" type="xs:unsignedShort"/>
      <xs:element name="fieldWChar" type="xs:unsignedShort"/>
      <xs:element name="fieldOctet" type="xs:byte"/>
      <xs:element name="fieldString" type="xs:string"/>
      <xs:element name="fieldWString" type="xs:string"/>
      <xs:element name="fieldShort" type="xs:short"/>
      <xs:element name="fieldUnsignedShort" type="xs:short"/>
      <xs:element name="fieldLong" type="xs:int"/>
      <xs:element name="fieldUnsignedLong" type="xs:int"/>
      <xs:element name="fieldLongLong" type="xs:long"/>
      <xs:element name="fieldUnsignedLongLong" type="xs:long"/>
      <xs:element name="fieldFloat" type="xs:float"/>
      <xs:element name="fieldDouble" type="xs:double"/>
    </xs:sequence>
  </xs:complexType>
  <xs:complexType name="echoVT">
    <xs:sequence>
      <xs:element name="publicShort" type="xs:short"/>
      <xs:element name="privateLong" type="xs:int"/>
    </xs:sequence>
  </xs:complexType>
  <xs:complexType name="valueTypeOfStruct">
    <xs:sequence>
      <xs:element name="data" type="tns:echoStruct"/>
    </xs:sequence>
  </xs:complexType>
  <xs:complexType name="vtPrimiSeq">
    <xs:sequence>
      <xs:element maxOccurs="unbounded" name="data" type="tns:vtPrimi"/>
    </xs:sequence>
  </xs:complexType>
  <xs:complexType name="myLong">
    <xs:sequence>
      <xs:element name="data" type="xs:int"/>
    </xs:sequence>
  </xs:complexType>
  <xs:complexType name="structOfValuetype">
    <xs:sequence>
      <xs:element name="data" type="tns:vtPrimi"/>
    </xs:sequence>
  </xs:complexType>
  <xs:complexType name="mySequence">
    <xs:sequence>
      <xs:element maxOccurs="unbounded" name="data" type="xs:int"/>
    </xs:sequence>
  </xs:complexType>
</xs:schema>]]></con:content><con:type>http://www.w3.org/2001/XMLSchema</con:type></con:part></con:definitionCache><con:endpoints><con:endpoint>http://localhost:8192/service/EchoComplex2</con:endpoint></con:endpoints><con:operation isOneWay="false" action="" name="echo" bindingOperationName="echo" type="Request-Response" outputName="echoResponse" inputName="echo" receivesAttachments="false" sendsAttachments="false" anonymous="optional"><con:settings/><con:call name="Request 1"><con:settings/><con:encoding>UTF-8</con:encoding><con:endpoint>http://localhost:8192/service/EchoComplex2</con:endpoint><con:request><![CDATA[<soapenv:Envelope xmlns:soapenv="http://schemas.xmlsoap.org/soap/envelope/" xmlns:it="http://it.imolinfo.jbi4corba.test.testprovidercomplex.EchoComplex2">
   <soapenv:Header/>
   <soapenv:Body>
      <it:echo>
         <it:msg>cioa</it:msg>
      </it:echo>
   </soapenv:Body>
</soapenv:Envelope>]]></con:request><con:wsaConfig mustUnderstand="NONE" version="200508" action="http://it.imolinfo.jbi4corba.test.testprovidercomplex.EchoComplex2/EchoComplex2/echo"/><con:wsrmConfig version="1.2"/></con:call></con:operation><con:operation isOneWay="false" action="" name="echoExceptionNotThrown" bindingOperationName="echoExceptionNotThrown" type="Request-Response" outputName="echoExceptionNotThrownResponse" inputName="echoExceptionNotThrown" receivesAttachments="false" sendsAttachments="false" anonymous="optional"><con:settings/><con:call name="Request 1"><con:settings/><con:encoding>UTF-8</con:encoding><con:endpoint>http://localhost:8192/service/EchoComplex2</con:endpoint><con:request><![CDATA[<soapenv:Envelope xmlns:soapenv="http://schemas.xmlsoap.org/soap/envelope/" xmlns:it="http://it.imolinfo.jbi4corba.test.testprovidercomplex.EchoComplex2" xmlns:tes="http://testprovidercomplex.test.jbi4corba.imolinfo.it/">
   <soapenv:Header/>
   <soapenv:Body>
      <it:echoExceptionNotThrown>
         <it:es>
            <tes:fieldBoolean>?</tes:fieldBoolean>
            <tes:fieldChar>?</tes:fieldChar>
            <tes:fieldWChar>?</tes:fieldWChar>
            <tes:fieldString>?</tes:fieldString>
            <tes:fieldWString>?</tes:fieldWString>
            <tes:fieldShort>?</tes:fieldShort>
            <tes:fieldUnsignedShort>?</tes:fieldUnsignedShort>
            <tes:fieldLong>?</tes:fieldLong>
            <tes:fieldUnsignedLong>?</tes:fieldUnsignedLong>
            <tes:fieldLongLong>?</tes:fieldLongLong>
            <tes:fieldUnsignedLongLong>?</tes:fieldUnsignedLongLong>
            <tes:fieldFloat>?</tes:fieldFloat>
            <tes:fieldDouble>?</tes:fieldDouble>
         </it:es>
      </it:echoExceptionNotThrown>
   </soapenv:Body>
</soapenv:Envelope>]]></con:request><con:wsaConfig mustUnderstand="NONE" version="200508" action="http://it.imolinfo.jbi4corba.test.testprovidercomplex.EchoComplex2/EchoComplex2/echoExceptionNotThrown"/></con:call></con:operation><con:operation isOneWay="false" action="" name="echoExceptionThrown" bindingOperationName="echoExceptionThrown" type="Request-Response" outputName="echoExceptionThrownResponse" inputName="echoExceptionThrown" receivesAttachments="false" sendsAttachments="false" anonymous="optional"><con:settings/><con:call name="Request 1"><con:settings/><con:encoding>UTF-8</con:encoding><con:endpoint>http://localhost:8192/service/EchoComplex2</con:endpoint><con:request><![CDATA[<soapenv:Envelope xmlns:soapenv="http://schemas.xmlsoap.org/soap/envelope/" xmlns:it="http://it.imolinfo.jbi4corba.test.testprovidercomplex.EchoComplex2" xmlns:tes="http://testprovidercomplex.test.jbi4corba.imolinfo.it/">
   <soapenv:Header/>
   <soapenv:Body>
      <it:echoExceptionThrown>
         <it:es>
            <tes:fieldBoolean>?</tes:fieldBoolean>
            <tes:fieldChar>?</tes:fieldChar>
            <tes:fieldWChar>?</tes:fieldWChar>
            <tes:fieldString>?</tes:fieldString>
            <tes:fieldWString>?</tes:fieldWString>
            <tes:fieldShort>?</tes:fieldShort>
            <tes:fieldUnsignedShort>?</tes:fieldUnsignedShort>
            <tes:fieldLong>?</tes:fieldLong>
            <tes:fieldUnsignedLong>?</tes:fieldUnsignedLong>
            <tes:fieldLongLong>?</tes:fieldLongLong>
            <tes:fieldUnsignedLongLong>?</tes:fieldUnsignedLongLong>
            <tes:fieldFloat>?</tes:fieldFloat>
            <tes:fieldDouble>?</tes:fieldDouble>
         </it:es>
      </it:echoExceptionThrown>
   </soapenv:Body>
</soapenv:Envelope>]]></con:request><con:wsaConfig mustUnderstand="NONE" version="200508" action="http://it.imolinfo.jbi4corba.test.testprovidercomplex.EchoComplex2/EchoComplex2/echoExceptionThrown"/></con:call></con:operation><con:operation isOneWay="false" action="" name="echoSequence" bindingOperationName="echoSequence" type="Request-Response" outputName="echoSequenceResponse" inputName="echoSequence" receivesAttachments="false" sendsAttachments="false" anonymous="optional"><con:settings/><con:call name="Request 1"><con:settings/><con:encoding>UTF-8</con:encoding><con:endpoint>http://localhost:8192/service/EchoComplex2</con:endpoint><con:request><![CDATA[<soapenv:Envelope xmlns:soapenv="http://schemas.xmlsoap.org/soap/envelope/" xmlns:it="http://it.imolinfo.jbi4corba.test.testprovidercomplex.EchoComplex2">
   <soapenv:Header/>
   <soapenv:Body>
      <it:echoSequence>
         <!--1 or more repetitions:-->
         <it:es>1</it:es>
	 <it:es>2</it:es>
         <it:es>3</it:es>
      </it:echoSequence>
   </soapenv:Body>
</soapenv:Envelope>]]></con:request><con:wsaConfig mustUnderstand="NONE" version="200508" action="http://it.imolinfo.jbi4corba.test.testprovidercomplex.EchoComplex2/EchoComplex2/echoSequence"/><con:wsrmConfig version="1.2"/></con:call></con:operation><con:operation isOneWay="false" action="" name="echoSequenceSeqEchoStruct" bindingOperationName="echoSequenceSeqEchoStruct" type="Request-Response" outputName="echoSequenceSeqEchoStructResponse" inputName="echoSequenceSeqEchoStruct" receivesAttachments="false" sendsAttachments="false" anonymous="optional"><con:settings/><con:call name="Request 1"><con:settings/><con:encoding>UTF-8</con:encoding><con:endpoint>http://localhost:8192/service/EchoComplex2</con:endpoint><con:request><![CDATA[<soapenv:Envelope xmlns:soapenv="http://schemas.xmlsoap.org/soap/envelope/" xmlns:it="http://it.imolinfo.jbi4corba.test.testprovidercomplex.EchoComplex2" xmlns:tes="http://testprovidercomplex.test.jbi4corba.imolinfo.it/">
   <soapenv:Header/>
   <soapenv:Body>
      <it:echoSequenceSeqEchoStruct>
         <!--1 or more repetitions:-->
          <it:es>

            <tes:fieldBoolean>false</tes:fieldBoolean>

            <tes:fieldChar>2</tes:fieldChar>

            <tes:fieldWChar>22</tes:fieldWChar>

            <tes:fieldString>ciao</tes:fieldString>

            <tes:fieldWString>c</tes:fieldWString>

            <tes:fieldShort>1</tes:fieldShort>

            <tes:fieldUnsignedShort>2</tes:fieldUnsignedShort>

            <tes:fieldLong>10</tes:fieldLong>

            <tes:fieldUnsignedLong>22</tes:fieldUnsignedLong>

            <tes:fieldLongLong>2222</tes:fieldLongLong>

            <tes:fieldUnsignedLongLong>2222222222</tes:fieldUnsignedLongLong>

            <tes:fieldFloat>2.9</tes:fieldFloat>

            <tes:fieldDouble>2.90000</tes:fieldDouble>

         </it:es>
	 <it:es>

            <tes:fieldBoolean>false</tes:fieldBoolean>

            <tes:fieldChar>2</tes:fieldChar>

            <tes:fieldWChar>22</tes:fieldWChar>

            <tes:fieldString>ciao</tes:fieldString>

            <tes:fieldWString>c</tes:fieldWString>

            <tes:fieldShort>1</tes:fieldShort>

            <tes:fieldUnsignedShort>2</tes:fieldUnsignedShort>

            <tes:fieldLong>10</tes:fieldLong>

            <tes:fieldUnsignedLong>22</tes:fieldUnsignedLong>

            <tes:fieldLongLong>2222</tes:fieldLongLong>

            <tes:fieldUnsignedLongLong>2222222222</tes:fieldUnsignedLongLong>

            <tes:fieldFloat>2.9</tes:fieldFloat>

            <tes:fieldDouble>2.90000</tes:fieldDouble>

         </it:es>
	

      </it:echoSequenceSeqEchoStruct>
   </soapenv:Body>
</soapenv:Envelope>]]></con:request><con:wsaConfig mustUnderstand="NONE" version="200508" action="http://it.imolinfo.jbi4corba.test.testprovidercomplex.EchoComplex2/EchoComplex2/echoSequenceSeqEchoStruct"/><con:wsrmConfig version="1.2"/></con:call></con:operation><con:operation isOneWay="false" action="" name="echoSequenceSeqMySequence" bindingOperationName="echoSequenceSeqMySequence" type="Request-Response" outputName="echoSequenceSeqMySequenceResponse" inputName="echoSequenceSeqMySequence" receivesAttachments="false" sendsAttachments="false" anonymous="optional"><con:settings/><con:call name="Request 1"><con:settings/><con:encoding>UTF-8</con:encoding><con:endpoint>http://localhost:8192/service/EchoComplex2</con:endpoint><con:request><![CDATA[<soapenv:Envelope xmlns:soapenv="http://schemas.xmlsoap.org/soap/envelope/" xmlns:it="http://it.imolinfo.jbi4corba.test.testprovidercomplex.EchoComplex2" xmlns:tes="http://testprovidercomplex.test.jbi4corba.imolinfo.it/">
   <soapenv:Header/>
   <soapenv:Body>
      <it:echoSequenceSeqMySequence>
         <!--1 or more repetitions:-->
         <it:es>
            <!--1 or more repetitions:-->
            <tes:data>?</tes:data>
         </it:es>
      </it:echoSequenceSeqMySequence>
   </soapenv:Body>
</soapenv:Envelope>]]></con:request><con:wsaConfig mustUnderstand="NONE" version="200508" action="http://it.imolinfo.jbi4corba.test.testprovidercomplex.EchoComplex2/EchoComplex2/echoSequenceSeqMySequence"/></con:call></con:operation><con:operation isOneWay="false" action="" name="echoSequenceValueType" bindingOperationName="echoSequenceValueType" type="Request-Response" outputName="echoSequenceValueTypeResponse" inputName="echoSequenceValueType" receivesAttachments="false" sendsAttachments="false" anonymous="optional"><con:settings/><con:call name="Request 1"><con:settings/><con:encoding>UTF-8</con:encoding><con:endpoint>http://localhost:8192/service/EchoComplex2</con:endpoint><con:request><![CDATA[<soapenv:Envelope xmlns:soapenv="http://schemas.xmlsoap.org/soap/envelope/" xmlns:it="http://it.imolinfo.jbi4corba.test.testprovidercomplex.EchoComplex2" xmlns:tes="http://testprovidercomplex.test.jbi4corba.imolinfo.it/">
   <soapenv:Header/>
   <soapenv:Body>
      <it:echoSequenceValueType>
         <it:es>
            <!--1 or more repetitions:-->
            <tes:data>?</tes:data>
         </it:es>
      </it:echoSequenceValueType>
   </soapenv:Body>
</soapenv:Envelope>]]></con:request><con:wsaConfig mustUnderstand="NONE" version="200508" action="http://it.imolinfo.jbi4corba.test.testprovidercomplex.EchoComplex2/EchoComplex2/echoSequenceValueType"/></con:call></con:operation><con:operation isOneWay="false" action="" name="echoStruct" bindingOperationName="echoStruct" type="Request-Response" outputName="echoStructResponse" inputName="echoStruct" receivesAttachments="false" sendsAttachments="false" anonymous="optional"><con:settings/><con:call name="Request 1"><con:settings/><con:encoding>UTF-8</con:encoding><con:endpoint>http://localhost:8192/service/EchoComplex2</con:endpoint><con:request><![CDATA[<soapenv:Envelope xmlns:soapenv="http://schemas.xmlsoap.org/soap/envelope/" xmlns:it="http://it.imolinfo.jbi4corba.test.testprovidercomplex.EchoComplex2" xmlns:tes="http://testprovidercomplex.test.jbi4corba.imolinfo.it/">
   <soapenv:Header/>
   <soapenv:Body>
      <it:echoStruct>
         <it:es>
            <tes:fieldBoolean>?</tes:fieldBoolean>
            <tes:fieldChar>?</tes:fieldChar>
            <tes:fieldWChar>?</tes:fieldWChar>
            <tes:fieldString>?</tes:fieldString>
            <tes:fieldWString>?</tes:fieldWString>
            <tes:fieldShort>?</tes:fieldShort>
            <tes:fieldUnsignedShort>?</tes:fieldUnsignedShort>
            <tes:fieldLong>?</tes:fieldLong>
            <tes:fieldUnsignedLong>?</tes:fieldUnsignedLong>
            <tes:fieldLongLong>?</tes:fieldLongLong>
            <tes:fieldUnsignedLongLong>?</tes:fieldUnsignedLongLong>
            <tes:fieldFloat>?</tes:fieldFloat>
            <tes:fieldDouble>?</tes:fieldDouble>
         </it:es>
      </it:echoStruct>
   </soapenv:Body>
</soapenv:Envelope>]]></con:request><con:wsaConfig mustUnderstand="NONE" version="200508" action="http://it.imolinfo.jbi4corba.test.testprovidercomplex.EchoComplex2/EchoComplex2/echoStruct"/></con:call></con:operation><con:operation isOneWay="false" action="" name="echoStructOfStruct" bindingOperationName="echoStructOfStruct" type="Request-Response" outputName="echoStructOfStructResponse" inputName="echoStructOfStruct" receivesAttachments="false" sendsAttachments="false" anonymous="optional"><con:settings/><con:call name="Request 1"><con:settings/><con:encoding>UTF-8</con:encoding><con:endpoint>http://localhost:8192/service/EchoComplex2</con:endpoint><con:request><![CDATA[<soapenv:Envelope xmlns:soapenv="http://schemas.xmlsoap.org/soap/envelope/" xmlns:it="http://it.imolinfo.jbi4corba.test.testprovidercomplex.EchoComplex2" xmlns:tes="http://testprovidercomplex.test.jbi4corba.imolinfo.it/">
   <soapenv:Header/>
   <soapenv:Body>
      <it:echoStructOfStruct>
         <it:v>
            <tes:internalStruct>
               <tes:fieldBoolean>?</tes:fieldBoolean>
               <tes:fieldChar>?</tes:fieldChar>
               <tes:fieldWChar>?</tes:fieldWChar>
               <tes:fieldString>?</tes:fieldString>
               <tes:fieldWString>?</tes:fieldWString>
               <tes:fieldShort>?</tes:fieldShort>
               <tes:fieldUnsignedShort>?</tes:fieldUnsignedShort>
               <tes:fieldLong>?</tes:fieldLong>
               <tes:fieldUnsignedLong>?</tes:fieldUnsignedLong>
               <tes:fieldLongLong>?</tes:fieldLongLong>
               <tes:fieldUnsignedLongLong>?</tes:fieldUnsignedLongLong>
               <tes:fieldFloat>?</tes:fieldFloat>
               <tes:fieldDouble>?</tes:fieldDouble>
            </tes:internalStruct>
         </it:v>
      </it:echoStructOfStruct>
   </soapenv:Body>
</soapenv:Envelope>]]></con:request><con:wsaConfig mustUnderstand="NONE" version="200508" action="http://it.imolinfo.jbi4corba.test.testprovidercomplex.EchoComplex2/EchoComplex2/echoStructOfStruct"/></con:call></con:operation><con:operation isOneWay="false" action="" name="echoStructOfValuetype" bindingOperationName="echoStructOfValuetype" type="Request-Response" outputName="echoStructOfValuetypeResponse" inputName="echoStructOfValuetype" receivesAttachments="false" sendsAttachments="false" anonymous="optional"><con:settings/><con:call name="Request 1"><con:settings/><con:encoding>UTF-8</con:encoding><con:endpoint>http://localhost:8192/service/EchoComplex2</con:endpoint><con:request><![CDATA[<soapenv:Envelope xmlns:soapenv="http://schemas.xmlsoap.org/soap/envelope/" xmlns:it="http://it.imolinfo.jbi4corba.test.testprovidercomplex.EchoComplex2" xmlns:tes="http://testprovidercomplex.test.jbi4corba.imolinfo.it/">
   <soapenv:Header/>
   <soapenv:Body>
      <it:echoStructOfValuetype>
         <it:v>
            <tes:data>
               <tes:fieldBoolean>?</tes:fieldBoolean>
               <tes:fieldChar>?</tes:fieldChar>
               <tes:fieldWChar>?</tes:fieldWChar>
               <tes:fieldOctet>?</tes:fieldOctet>
               <tes:fieldString>?</tes:fieldString>
               <tes:fieldWString>?</tes:fieldWString>
               <tes:fieldShort>?</tes:fieldShort>
               <tes:fieldUnsignedShort>?</tes:fieldUnsignedShort>
               <tes:fieldLong>?</tes:fieldLong>
               <tes:fieldUnsignedLong>?</tes:fieldUnsignedLong>
               <tes:fieldLongLong>?</tes:fieldLongLong>
               <tes:fieldUnsignedLongLong>?</tes:fieldUnsignedLongLong>
               <tes:fieldFloat>?</tes:fieldFloat>
               <tes:fieldDouble>?</tes:fieldDouble>
            </tes:data>
         </it:v>
      </it:echoStructOfValuetype>
   </soapenv:Body>
</soapenv:Envelope>]]></con:request><con:wsaConfig mustUnderstand="NONE" version="200508" action="http://it.imolinfo.jbi4corba.test.testprovidercomplex.EchoComplex2/EchoComplex2/echoStructOfValuetype"/></con:call></con:operation><con:operation isOneWay="false" action="" name="echoValueBoxedTypeComplex" bindingOperationName="echoValueBoxedTypeComplex" type="Request-Response" outputName="echoValueBoxedTypeComplexResponse" inputName="echoValueBoxedTypeComplex" receivesAttachments="false" sendsAttachments="false" anonymous="optional"><con:settings/><con:call name="Request 1"><con:settings/><con:encoding>UTF-8</con:encoding><con:endpoint>http://localhost:8192/service/EchoComplex2</con:endpoint><con:request><![CDATA[<soapenv:Envelope xmlns:soapenv="http://schemas.xmlsoap.org/soap/envelope/" xmlns:it="http://it.imolinfo.jbi4corba.test.testprovidercomplex.EchoComplex2" xmlns:tes="http://testprovidercomplex.test.jbi4corba.imolinfo.it/">
   <soapenv:Header/>
   <soapenv:Body>
      <it:echoValueBoxedTypeComplex>
         <it:e>
            <!--1 or more repetitions:-->
            <tes:data>?</tes:data>
         </it:e>
      </it:echoValueBoxedTypeComplex>
   </soapenv:Body>
</soapenv:Envelope>]]></con:request><con:wsaConfig mustUnderstand="NONE" version="200508" action="http://it.imolinfo.jbi4corba.test.testprovidercomplex.EchoComplex2/EchoComplex2/echoValueBoxedTypeComplex"/></con:call></con:operation><con:operation isOneWay="false" action="" name="echoValueBoxedTypePrimitive" bindingOperationName="echoValueBoxedTypePrimitive" type="Request-Response" outputName="echoValueBoxedTypePrimitiveResponse" inputName="echoValueBoxedTypePrimitive" receivesAttachments="false" sendsAttachments="false" anonymous="optional"><con:settings/><con:call name="Request 1"><con:settings/><con:encoding>UTF-8</con:encoding><con:endpoint>http://localhost:8192/service/EchoComplex2</con:endpoint><con:request><![CDATA[<soapenv:Envelope xmlns:soapenv="http://schemas.xmlsoap.org/soap/envelope/" xmlns:it="http://it.imolinfo.jbi4corba.test.testprovidercomplex.EchoComplex2" xmlns:tes="http://testprovidercomplex.test.jbi4corba.imolinfo.it/">
   <soapenv:Header/>
   <soapenv:Body>
      <it:echoValueBoxedTypePrimitive>
         <it:e>
            <tes:data>?</tes:data>
         </it:e>
      </it:echoValueBoxedTypePrimitive>
   </soapenv:Body>
</soapenv:Envelope>]]></con:request><con:wsaConfig mustUnderstand="NONE" version="200508" action="http://it.imolinfo.jbi4corba.test.testprovidercomplex.EchoComplex2/EchoComplex2/echoValueBoxedTypePrimitive"/></con:call></con:operation><con:operation isOneWay="false" action="" name="echoValueType" bindingOperationName="echoValueType" type="Request-Response" outputName="echoValueTypeResponse" inputName="echoValueType" receivesAttachments="false" sendsAttachments="false" anonymous="optional"><con:settings/><con:call name="Request 1"><con:settings/><con:encoding>UTF-8</con:encoding><con:endpoint>http://localhost:8192/service/EchoComplex2</con:endpoint><con:request><![CDATA[<soapenv:Envelope xmlns:soapenv="http://schemas.xmlsoap.org/soap/envelope/" xmlns:it="http://it.imolinfo.jbi4corba.test.testprovidercomplex.EchoComplex2" xmlns:tes="http://testprovidercomplex.test.jbi4corba.imolinfo.it/">
   <soapenv:Header/>
   <soapenv:Body>
      <it:echoValueType>
         <it:e>
            <tes:publicShort>?</tes:publicShort>
            <tes:privateLong>?</tes:privateLong>
         </it:e>
      </it:echoValueType>
   </soapenv:Body>
</soapenv:Envelope>]]></con:request><con:wsaConfig mustUnderstand="NONE" version="200508" action="http://it.imolinfo.jbi4corba.test.testprovidercomplex.EchoComplex2/EchoComplex2/echoValueType"/></con:call></con:operation><con:operation isOneWay="false" action="" name="echoValueTypeOfStruct" bindingOperationName="echoValueTypeOfStruct" type="Request-Response" outputName="echoValueTypeOfStructResponse" inputName="echoValueTypeOfStruct" receivesAttachments="false" sendsAttachments="false" anonymous="optional"><con:settings/><con:call name="Request 1"><con:settings/><con:encoding>UTF-8</con:encoding><con:endpoint>http://localhost:8192/service/EchoComplex2</con:endpoint><con:request><![CDATA[<soapenv:Envelope xmlns:soapenv="http://schemas.xmlsoap.org/soap/envelope/" xmlns:it="http://it.imolinfo.jbi4corba.test.testprovidercomplex.EchoComplex2" xmlns:tes="http://testprovidercomplex.test.jbi4corba.imolinfo.it/">
   <soapenv:Header/>
   <soapenv:Body>
      <it:echoValueTypeOfStruct>
         <it:v>
            <tes:data>
               <tes:fieldBoolean>?</tes:fieldBoolean>
               <tes:fieldChar>?</tes:fieldChar>
               <tes:fieldWChar>?</tes:fieldWChar>
               <tes:fieldString>?</tes:fieldString>
               <tes:fieldWString>?</tes:fieldWString>
               <tes:fieldShort>?</tes:fieldShort>
               <tes:fieldUnsignedShort>?</tes:fieldUnsignedShort>
               <tes:fieldLong>?</tes:fieldLong>
               <tes:fieldUnsignedLong>?</tes:fieldUnsignedLong>
               <tes:fieldLongLong>?</tes:fieldLongLong>
               <tes:fieldUnsignedLongLong>?</tes:fieldUnsignedLongLong>
               <tes:fieldFloat>?</tes:fieldFloat>
               <tes:fieldDouble>?</tes:fieldDouble>
            </tes:data>
         </it:v>
      </it:echoValueTypeOfStruct>
   </soapenv:Body>
</soapenv:Envelope>]]></con:request><con:wsaConfig mustUnderstand="NONE" version="200508" action="http://it.imolinfo.jbi4corba.test.testprovidercomplex.EchoComplex2/EchoComplex2/echoValueTypeOfStruct"/></con:call></con:operation><con:operation isOneWay="false" action="" name="echoValueTypeOfValueType" bindingOperationName="echoValueTypeOfValueType" type="Request-Response" outputName="echoValueTypeOfValueTypeResponse" inputName="echoValueTypeOfValueType" receivesAttachments="false" sendsAttachments="false" anonymous="optional"><con:settings/><con:call name="Request 1"><con:settings/><con:encoding>UTF-8</con:encoding><con:endpoint>http://localhost:8192/service/EchoComplex2</con:endpoint><con:request><![CDATA[<soapenv:Envelope xmlns:soapenv="http://schemas.xmlsoap.org/soap/envelope/" xmlns:it="http://it.imolinfo.jbi4corba.test.testprovidercomplex.EchoComplex2" xmlns:tes="http://testprovidercomplex.test.jbi4corba.imolinfo.it/">
   <soapenv:Header/>
   <soapenv:Body>
      <it:echoValueTypeOfValueType>
         <it:v>
            <tes:data>
               <tes:fieldBoolean>?</tes:fieldBoolean>
               <tes:fieldChar>?</tes:fieldChar>
               <tes:fieldWChar>?</tes:fieldWChar>
               <tes:fieldOctet>?</tes:fieldOctet>
               <tes:fieldString>?</tes:fieldString>
               <tes:fieldWString>?</tes:fieldWString>
               <tes:fieldShort>?</tes:fieldShort>
               <tes:fieldUnsignedShort>?</tes:fieldUnsignedShort>
               <tes:fieldLong>?</tes:fieldLong>
               <tes:fieldUnsignedLong>?</tes:fieldUnsignedLong>
               <tes:fieldLongLong>?</tes:fieldLongLong>
               <tes:fieldUnsignedLongLong>?</tes:fieldUnsignedLongLong>
               <tes:fieldFloat>?</tes:fieldFloat>
               <tes:fieldDouble>?</tes:fieldDouble>
            </tes:data>
         </it:v>
      </it:echoValueTypeOfValueType>
   </soapenv:Body>
</soapenv:Envelope>]]></con:request><con:wsaConfig mustUnderstand="NONE" version="200508" action="http://it.imolinfo.jbi4corba.test.testprovidercomplex.EchoComplex2/EchoComplex2/echoValueTypeOfValueType"/></con:call></con:operation><con:operation isOneWay="false" action="" name="echoVTPrimi" bindingOperationName="echoVTPrimi" type="Request-Response" outputName="echoVTPrimiResponse" inputName="echoVTPrimi" receivesAttachments="false" sendsAttachments="false" anonymous="optional"><con:settings/><con:call name="Request 1"><con:settings/><con:encoding>UTF-8</con:encoding><con:endpoint>http://localhost:8192/service/EchoComplex2</con:endpoint><con:request><![CDATA[<soapenv:Envelope xmlns:soapenv="http://schemas.xmlsoap.org/soap/envelope/" xmlns:it="http://it.imolinfo.jbi4corba.test.testprovidercomplex.EchoComplex2" xmlns:tes="http://testprovidercomplex.test.jbi4corba.imolinfo.it/">
   <soapenv:Header/>
   <soapenv:Body>
      <it:echoVTPrimi>
         <it:v>
            <tes:fieldBoolean>true</tes:fieldBoolean>
            <tes:fieldChar>2</tes:fieldChar>
            <tes:fieldWChar>2</tes:fieldWChar>
            <tes:fieldOctet>234</tes:fieldOctet>
            <tes:fieldString>sc</tes:fieldString>
            <tes:fieldWString>ciao</tes:fieldWString>
            <tes:fieldShort>-2</tes:fieldShort>
            <tes:fieldUnsignedShort>3</tes:fieldUnsignedShort>
            <tes:fieldLong>-798798</tes:fieldLong>
            <tes:fieldUnsignedLong>869869869</tes:fieldUnsignedLong>
            <tes:fieldLongLong>-887879872332</tes:fieldLongLong>
            <tes:fieldUnsignedLongLong>83498274928472984</tes:fieldUnsignedLongLong>
            <tes:fieldFloat>3.09</tes:fieldFloat>
            <tes:fieldDouble>4.0897</tes:fieldDouble>
         </it:v>
      </it:echoVTPrimi>
   </soapenv:Body>
</soapenv:Envelope>]]></con:request><con:wsaConfig mustUnderstand="NONE" version="200508" action="http://it.imolinfo.jbi4corba.test.testprovidercomplex.EchoComplex2/EchoComplex2/echoVTPrimi"/><con:wsrmConfig version="1.2"/></con:call></con:operation><con:operation isOneWay="false" action="" name="echoVTPrimiSeq" bindingOperationName="echoVTPrimiSeq" type="Request-Response" outputName="echoVTPrimiSeqResponse" inputName="echoVTPrimiSeq" receivesAttachments="false" sendsAttachments="false" anonymous="optional"><con:settings/><con:call name="Request 1"><con:settings/><con:encoding>UTF-8</con:encoding><con:endpoint>http://localhost:8192/service/EchoComplex2</con:endpoint><con:request><![CDATA[<soapenv:Envelope xmlns:soapenv="http://schemas.xmlsoap.org/soap/envelope/" xmlns:it="http://it.imolinfo.jbi4corba.test.testprovidercomplex.EchoComplex2" xmlns:tes="http://testprovidercomplex.test.jbi4corba.imolinfo.it/">
   <soapenv:Header/>
   <soapenv:Body>
      <it:echoVTPrimiSeq>
         <it:v>
            <!--1 or more repetitions:-->
            <tes:data>
               <tes:fieldBoolean>?</tes:fieldBoolean>
               <tes:fieldChar>?</tes:fieldChar>
               <tes:fieldWChar>?</tes:fieldWChar>
               <tes:fieldOctet>?</tes:fieldOctet>
               <tes:fieldString>?</tes:fieldString>
               <tes:fieldWString>?</tes:fieldWString>
               <tes:fieldShort>?</tes:fieldShort>
               <tes:fieldUnsignedShort>?</tes:fieldUnsignedShort>
               <tes:fieldLong>?</tes:fieldLong>
               <tes:fieldUnsignedLong>?</tes:fieldUnsignedLong>
               <tes:fieldLongLong>?</tes:fieldLongLong>
               <tes:fieldUnsignedLongLong>?</tes:fieldUnsignedLongLong>
               <tes:fieldFloat>?</tes:fieldFloat>
               <tes:fieldDouble>?</tes:fieldDouble>
            </tes:data>
         </it:v>
      </it:echoVTPrimiSeq>
   </soapenv:Body>
</soapenv:Envelope>]]></con:request><con:wsaConfig mustUnderstand="NONE" version="200508" action="http://it.imolinfo.jbi4corba.test.testprovidercomplex.EchoComplex2/EchoComplex2/echoVTPrimiSeq"/></con:call></con:operation></con:interface><con:interface xsi:type="con:WsdlInterface" wsaVersion="NONE" name="EchoSharedHttpBinding" type="wsdl" bindingName="{http://it.imolinfo.jbi4corba.test.testsharedprovidercomplex.EchoShared}EchoSharedHttpBinding" soapVersion="1_1" anonymous="optional" definition="http://localhost:8192/service/EchoShared?wsdl" xmlns:xsi="http://www.w3.org/2001/XMLSchema-instance"><con:settings/><con:definitionCache type="TEXT" rootPart="http://localhost:8192/service/EchoShared?wsdl"><con:part><con:url>http://localhost:8192/service/EchoShared?wsdl</con:url><con:content><![CDATA[<wsdl:definitions name="EchoShared" targetNamespace="http://it.imolinfo.jbi4corba.test.testsharedprovidercomplex.EchoShared" xmlns:plnk="http://docs.oasis-open.org/wsbpel/2.0/plnktype" xmlns:wsdl="http://schemas.xmlsoap.org/wsdl/" xmlns:tns="http://it.imolinfo.jbi4corba.test.testsharedprovidercomplex.EchoShared" xmlns:xsd="http://www.w3.org/2001/XMLSchema" xmlns:soap="http://schemas.xmlsoap.org/wsdl/soap/">
  <wsdl:types>
    <xs:schema attributeFormDefault="unqualified" elementFormDefault="qualified" targetNamespace="http://it.imolinfo.jbi4corba.test.testsharedprovidercomplex.EchoShared" xmlns="http://it.imolinfo.jbi4corba.test.testsharedprovidercomplex.EchoShared" xmlns:ns1="http://testsharedprovidercomplex.test.jbi4corba.imolinfo.it/" xmlns:xs="http://www.w3.org/2001/XMLSchema">
      <xs:import namespace="http://testsharedprovidercomplex.test.jbi4corba.imolinfo.it/" schemaLocation="http://localhost:8192/provider-consumer-multipleidl-complex-http-consumer/TypeDef_testsharedprovidercomplex.test.jbi4corba.imolinfo.it.xsd"/>
      <xs:element name="echo">
        <xs:complexType>
          <xs:sequence>
            <xs:element name="name" type="xs:string"/>
            <xs:element name="sname" type="xs:string"/>
          </xs:sequence>
        </xs:complexType>
      </xs:element>
      <xs:element name="echoResponse">
        <xs:complexType>
          <xs:sequence>
            <xs:element name="return" type="ns1:sharedStruct"/>
          </xs:sequence>
        </xs:complexType>
      </xs:element>
    </xs:schema>
  </wsdl:types>
  <wsdl:message name="echoResponse">
    <wsdl:part name="parameters" element="tns:echoResponse"></wsdl:part>
  </wsdl:message>
  <wsdl:message name="echo">
    <wsdl:part name="parameters" element="tns:echo"></wsdl:part>
  </wsdl:message>
  <wsdl:portType name="EchoShared">
    <wsdl:operation name="echo">
      <wsdl:input name="echo" message="tns:echo"></wsdl:input>
      <wsdl:output name="echoResponse" message="tns:echoResponse"></wsdl:output>
    </wsdl:operation>
  </wsdl:portType>
  <wsdl:binding name="EchoSharedHttpBinding" type="tns:EchoShared">
    <soap:binding style="document" transport="http://schemas.xmlsoap.org/soap/http"/>
    <wsdl:operation name="echo">
      <soap:operation/>
      <wsdl:input name="echo">
        <soap:body use="literal"/>
      </wsdl:input>
      <wsdl:output name="echoResponse">
        <soap:body use="literal"/>
      </wsdl:output>
    </wsdl:operation>
  </wsdl:binding>
  <wsdl:service name="EchoSharedHTTPConsumerService">
    <wsdl:port name="EchoSharedBindingPort" binding="tns:EchoSharedHttpBinding">
      <soap:address location="http://localhost:8192/service/EchoShared"/>
    </wsdl:port>
  </wsdl:service>
  <plnk:partnerLinkType name="EchoShared">
    <plnk:role name="EchoSharedPortTypeRole" portType="tns:EchoShared"/>
  </plnk:partnerLinkType>
</wsdl:definitions>]]></con:content><con:type>http://schemas.xmlsoap.org/wsdl/</con:type></con:part><con:part><con:url>http://localhost:8192/provider-consumer-multipleidl-complex-http-consumer/TypeDef_testsharedprovidercomplex.test.jbi4corba.imolinfo.it.xsd</con:url><con:content><![CDATA[<xs:schema attributeFormDefault="qualified" elementFormDefault="qualified" targetNamespace="http://testsharedprovidercomplex.test.jbi4corba.imolinfo.it/" xmlns:xs="http://www.w3.org/2001/XMLSchema" xmlns="http://testsharedprovidercomplex.test.jbi4corba.imolinfo.it/">
  <xs:complexType name="sharedStruct">
    <xs:sequence>
      <xs:element name="fieldName" type="xs:string"/>
      <xs:element name="fieldSName" type="xs:string"/>
    </xs:sequence>
  </xs:complexType>
</xs:schema>]]></con:content><con:type>http://www.w3.org/2001/XMLSchema</con:type></con:part></con:definitionCache><con:endpoints><con:endpoint>http://localhost:8192/service/EchoShared</con:endpoint></con:endpoints><con:operation isOneWay="false" action="" name="echo" bindingOperationName="echo" type="Request-Response" outputName="echoResponse" inputName="echo" receivesAttachments="false" sendsAttachments="false" anonymous="optional"><con:settings/><con:call name="Request 1"><con:settings/><con:encoding>UTF-8</con:encoding><con:endpoint>http://localhost:8192/service/EchoShared</con:endpoint><con:request><![CDATA[<soapenv:Envelope xmlns:soapenv="http://schemas.xmlsoap.org/soap/envelope/" xmlns:it="http://it.imolinfo.jbi4corba.test.testsharedprovidercomplex.EchoShared">
   <soapenv:Header/>
   <soapenv:Body>
      <it:echo>
         <it:name>Luca</it:name>
         <it:sname>Acquaviva</it:sname>
      </it:echo>
   </soapenv:Body>
</soapenv:Envelope>]]></con:request><con:wsaConfig mustUnderstand="NONE" version="200508" action="http://it.imolinfo.jbi4corba.test.testsharedprovidercomplex.EchoShared/EchoShared/echo"/><con:wsrmConfig version="1.2"/></con:call></con:operation></con:interface><con:testSuite name="EchoComplexHTTPBinding TestSuite"><con:settings/><con:runType>SEQUENTIAL</con:runType><con:testCase failOnError="true" failTestCaseOnErrors="true" keepSession="false" maxResults="0" name="echo TestCase" searchProperties="true" id="ee16dc1e-5d86-4b27-b7bf-04c58e8ea145"><con:settings/><con:testStep type="request" name="echo"><con:settings/><con:config xsi:type="con:RequestStep" xmlns:xsi="http://www.w3.org/2001/XMLSchema-instance"><con:interface>EchoComplexHTTPBinding</con:interface><con:operation>echo</con:operation><con:request name="echo"><con:settings/><con:encoding>UTF-8</con:encoding><con:endpoint>http://localhost:8192/service/EchoComplex</con:endpoint><con:request><![CDATA[<soapenv:Envelope xmlns:soapenv="http://schemas.xmlsoap.org/soap/envelope/" xmlns:it="http://it.imolinfo.jbi4corba.test.testprovidercomplex.EchoComplex">
   <soapenv:Header/>
   <soapenv:Body>
      <it:echo>
         <it:msg>Ciao</it:msg>
      </it:echo>
   </soapenv:Body>
</soapenv:Envelope>]]></con:request><con:assertion type="SOAP Response"/><con:assertion type="SOAP Fault Assertion"/><con:assertion type="Schema Compliance"><con:configuration><definition/></con:configuration></con:assertion><con:wsaConfig action="http://it.imolinfo.jbi4corba.test.testprovidercomplex.EchoComplex/EchoComplex/echo" mustUnderstand="NONE" version="200508"/><con:wsrmConfig version="1.2"/></con:request></con:config></con:testStep><con:properties/></con:testCase><con:testCase failOnError="true" failTestCaseOnErrors="true" keepSession="false" maxResults="0" name="echoExceptionNotThrown TestCase" searchProperties="true" id="3a15b52a-8446-4335-8137-61e08d535769"><con:settings/><con:testStep type="request" name="echoExceptionNotThrown"><con:settings/><con:config xsi:type="con:RequestStep" xmlns:xsi="http://www.w3.org/2001/XMLSchema-instance"><con:interface>EchoComplexHTTPBinding</con:interface><con:operation>echoExceptionNotThrown</con:operation><con:request name="echoExceptionNotThrown"><con:settings/><con:encoding>UTF-8</con:encoding><con:endpoint>http://localhost:8192/service/EchoComplex</con:endpoint><con:request><![CDATA[<soapenv:Envelope xmlns:soapenv="http://schemas.xmlsoap.org/soap/envelope/" xmlns:it="http://it.imolinfo.jbi4corba.test.testprovidercomplex.EchoComplex" xmlns:tes="http://testprovidercomplex.test.jbi4corba.imolinfo.it/">
   <soapenv:Header/>
   <soapenv:Body>
      <it:echoExceptionNotThrown>
         <it:es>
           <tes:fieldBoolean>false</tes:fieldBoolean>
            <tes:fieldChar>2</tes:fieldChar>
            <tes:fieldWChar>22</tes:fieldWChar>
            <tes:fieldString>ciao</tes:fieldString>
            <tes:fieldWString>c</tes:fieldWString>
            <tes:fieldShort>1</tes:fieldShort>
            <tes:fieldUnsignedShort>2</tes:fieldUnsignedShort>
            <tes:fieldLong>10</tes:fieldLong>
            <tes:fieldUnsignedLong>22</tes:fieldUnsignedLong>
            <tes:fieldLongLong>2222</tes:fieldLongLong>
            <tes:fieldUnsignedLongLong>2222222222</tes:fieldUnsignedLongLong>
            <tes:fieldFloat>2.9</tes:fieldFloat>
            <tes:fieldDouble>2.90000</tes:fieldDouble>
         </it:es>
      </it:echoExceptionNotThrown>
   </soapenv:Body>
</soapenv:Envelope>]]></con:request><con:assertion type="SOAP Fault Assertion"/><con:assertion type="Schema Compliance"><con:configuration><definition/></con:configuration></con:assertion><con:assertion type="Simple Contains"><con:configuration><token>ciao</token><ignoreCase>false</ignoreCase><useRegEx>false</useRegEx></con:configuration></con:assertion><con:assertion type="Simple Contains"><con:configuration><token>false</token><ignoreCase>false</ignoreCase><useRegEx>false</useRegEx></con:configuration></con:assertion><con:wsaConfig action="http://it.imolinfo.jbi4corba.test.testprovidercomplex.EchoComplex/EchoComplex/echoExceptionNotThrown" mustUnderstand="NONE" version="200508"/><con:wsrmConfig version="1.2"/></con:request></con:config></con:testStep><con:properties/></con:testCase><con:testCase failOnError="true" failTestCaseOnErrors="true" keepSession="false" maxResults="0" name="echoExceptionThrown TestCase" searchProperties="true" id="f2853a93-435a-4002-9f5d-4b77fa32c16e"><con:settings/><con:testStep type="request" name="echoExceptionThrown"><con:settings/><con:config xsi:type="con:RequestStep" xmlns:xsi="http://www.w3.org/2001/XMLSchema-instance"><con:interface>EchoComplexHTTPBinding</con:interface><con:operation>echoExceptionThrown</con:operation><con:request name="echoExceptionThrown"><con:settings/><con:encoding>UTF-8</con:encoding><con:endpoint>http://localhost:8192/service/EchoComplex</con:endpoint><con:request><![CDATA[<soapenv:Envelope xmlns:soapenv="http://schemas.xmlsoap.org/soap/envelope/" xmlns:it="http://it.imolinfo.jbi4corba.test.testprovidercomplex.EchoComplex" xmlns:tes="http://testprovidercomplex.test.jbi4corba.imolinfo.it/">
   <soapenv:Header/>
   <soapenv:Body>
      <it:echoExceptionThrown>
         <it:es>
            <tes:fieldBoolean>false</tes:fieldBoolean>
            <tes:fieldChar>2</tes:fieldChar>
            <tes:fieldWChar>22</tes:fieldWChar>
            <tes:fieldString>ciao</tes:fieldString>
            <tes:fieldWString>c</tes:fieldWString>
            <tes:fieldShort>1</tes:fieldShort>
            <tes:fieldUnsignedShort>2</tes:fieldUnsignedShort>
            <tes:fieldLong>10</tes:fieldLong>
            <tes:fieldUnsignedLong>22</tes:fieldUnsignedLong>
            <tes:fieldLongLong>2222</tes:fieldLongLong>
            <tes:fieldUnsignedLongLong>2222222222</tes:fieldUnsignedLongLong>
            <tes:fieldFloat>2.9</tes:fieldFloat>
            <tes:fieldDouble>2.90000</tes:fieldDouble>
         </it:es>
      </it:echoExceptionThrown>
   </soapenv:Body>
</soapenv:Envelope>]]></con:request><con:assertion type="Not SOAP Fault Assertion"/><con:assertion type="Schema Compliance"><con:configuration><definition/></con:configuration></con:assertion><con:wsaConfig action="http://it.imolinfo.jbi4corba.test.testprovidercomplex.EchoComplex/EchoComplex/echoExceptionThrown" mustUnderstand="NONE" version="200508"/><con:wsrmConfig version="1.2"/></con:request></con:config></con:testStep><con:properties/></con:testCase><con:testCase failOnError="true" failTestCaseOnErrors="true" keepSession="false" maxResults="0" name="echoSequence TestCase" searchProperties="true" id="5bc15542-bc47-42c7-800a-0f18b5c0883f"><con:settings/><con:testStep type="request" name="echoSequence"><con:settings/><con:config xsi:type="con:RequestStep" xmlns:xsi="http://www.w3.org/2001/XMLSchema-instance"><con:interface>EchoComplexHTTPBinding</con:interface><con:operation>echoSequence</con:operation><con:request name="echoSequence"><con:settings/><con:encoding>UTF-8</con:encoding><con:endpoint>http://localhost:8192/service/EchoComplex</con:endpoint><con:request><![CDATA[<soapenv:Envelope xmlns:soapenv="http://schemas.xmlsoap.org/soap/envelope/" xmlns:it="http://it.imolinfo.jbi4corba.test.testprovidercomplex.EchoComplex">
   <soapenv:Header/>
   <soapenv:Body>
      <it:echoSequence>
         
         <!--1 or more repetitions:-->
         <it:es>1</it:es>
	 <it:es>2</it:es>
         <it:es>3</it:es> 
      
      </it:echoSequence>
   </soapenv:Body>
</soapenv:Envelope>]]></con:request><con:assertion type="SOAP Fault Assertion"/><con:assertion type="SOAP Response"/><con:assertion type="Schema Compliance"><con:configuration><definition/></con:configuration></con:assertion><con:wsaConfig action="http://it.imolinfo.jbi4corba.test.testprovidercomplex.EchoComplex/EchoComplex/echoSequence" mustUnderstand="NONE" version="200508"/><con:wsrmConfig version="1.2"/></con:request></con:config></con:testStep><con:properties/></con:testCase><con:testCase failOnError="true" failTestCaseOnErrors="true" keepSession="false" maxResults="0" name="echoSequenceSeqEchoStruct TestCase" searchProperties="true" id="120d0c84-01b4-486e-82a6-dc2fb14bb98c"><con:settings/><con:testStep type="request" name="echoSequenceSeqEchoStruct"><con:settings/><con:config xsi:type="con:RequestStep" xmlns:xsi="http://www.w3.org/2001/XMLSchema-instance"><con:interface>EchoComplexHTTPBinding</con:interface><con:operation>echoSequenceSeqEchoStruct</con:operation><con:request name="echoSequenceSeqEchoStruct"><con:settings/><con:encoding>UTF-8</con:encoding><con:endpoint>http://localhost:8192/service/EchoComplex</con:endpoint><con:request><![CDATA[<soapenv:Envelope xmlns:soapenv="http://schemas.xmlsoap.org/soap/envelope/" xmlns:it="http://it.imolinfo.jbi4corba.test.testprovidercomplex.EchoComplex" xmlns:tes="http://testprovidercomplex.test.jbi4corba.imolinfo.it/">
   <soapenv:Header/>
   <soapenv:Body>
      <it:echoSequenceSeqEchoStruct>
          <!--1 or more repetitions:-->
         <it:es>
            <tes:fieldBoolean>false</tes:fieldBoolean>
            <tes:fieldChar>2</tes:fieldChar>
            <tes:fieldWChar>22</tes:fieldWChar>
            <tes:fieldString>ciao</tes:fieldString>
            <tes:fieldWString>c</tes:fieldWString>
            <tes:fieldShort>1</tes:fieldShort>
            <tes:fieldUnsignedShort>2</tes:fieldUnsignedShort>
            <tes:fieldLong>10</tes:fieldLong>
            <tes:fieldUnsignedLong>22</tes:fieldUnsignedLong>
            <tes:fieldLongLong>2222</tes:fieldLongLong>
            <tes:fieldUnsignedLongLong>2222222222</tes:fieldUnsignedLongLong>
            <tes:fieldFloat>2.9</tes:fieldFloat>
            <tes:fieldDouble>2.90000</tes:fieldDouble>
         </it:es>
          <it:es>
            <tes:fieldBoolean>true</tes:fieldBoolean>
            <tes:fieldChar>2</tes:fieldChar>
            <tes:fieldWChar>22</tes:fieldWChar>
            <tes:fieldString>ciao2</tes:fieldString>
            <tes:fieldWString>c</tes:fieldWString>
            <tes:fieldShort>1</tes:fieldShort>
            <tes:fieldUnsignedShort>2</tes:fieldUnsignedShort>
            <tes:fieldLong>10</tes:fieldLong>
            <tes:fieldUnsignedLong>22</tes:fieldUnsignedLong>
            <tes:fieldLongLong>2222</tes:fieldLongLong>
            <tes:fieldUnsignedLongLong>2222222222</tes:fieldUnsignedLongLong>
            <tes:fieldFloat>2.9</tes:fieldFloat>
            <tes:fieldDouble>2.90000</tes:fieldDouble>
         </it:es>
      </it:echoSequenceSeqEchoStruct>
   </soapenv:Body>
</soapenv:Envelope>]]></con:request><con:assertion type="SOAP Fault Assertion"/><con:assertion type="Schema Compliance"><con:configuration><definition/></con:configuration></con:assertion><con:assertion type="SOAP Response"/><con:wsaConfig action="http://it.imolinfo.jbi4corba.test.testprovidercomplex.EchoComplex/EchoComplex/echoSequenceSeqEchoStruct" mustUnderstand="NONE" version="200508"/><con:wsrmConfig version="1.2"/></con:request></con:config></con:testStep><con:properties/></con:testCase><con:testCase failOnError="true" failTestCaseOnErrors="true" keepSession="false" maxResults="0" name="echoSequenceSeqMySequence TestCase" searchProperties="true" id="dd7a1bc2-7d4a-43ae-a7b3-3c71a81f3d2d"><con:settings/><con:testStep type="request" name="echoSequenceSeqMySequence"><con:settings/><con:config xsi:type="con:RequestStep" xmlns:xsi="http://www.w3.org/2001/XMLSchema-instance"><con:interface>EchoComplexHTTPBinding</con:interface><con:operation>echoSequenceSeqMySequence</con:operation><con:request name="echoSequenceSeqMySequence"><con:settings/><con:encoding>UTF-8</con:encoding><con:endpoint>http://localhost:8192/service/EchoComplex</con:endpoint><con:request><![CDATA[<soapenv:Envelope xmlns:soapenv="http://schemas.xmlsoap.org/soap/envelope/" xmlns:it="http://it.imolinfo.jbi4corba.test.testprovidercomplex.EchoComplex" xmlns:tes="http://testprovidercomplex.test.jbi4corba.imolinfo.it/">
   <soapenv:Header/>
   <soapenv:Body>
      <it:echoSequenceSeqMySequence>
         <!--1 or more repetitions:-->
         <it:es>
            <!--1 or more repetitions:-->
            <tes:data>1</tes:data>
	     <tes:data>2</tes:data>
              <tes:data>3</tes:data>
         </it:es>
         <it:es>
            <!--1 or more repetitions:-->
            <tes:data>1</tes:data>
	     <tes:data>2</tes:data>
              <tes:data>3</tes:data>
         </it:es>
      </it:echoSequenceSeqMySequence>
   </soapenv:Body>
</soapenv:Envelope>]]></con:request><con:assertion type="SOAP Fault Assertion"/><con:assertion type="Schema Compliance"><con:configuration><definition/></con:configuration></con:assertion><con:assertion type="SOAP Response"/><con:wsaConfig action="http://it.imolinfo.jbi4corba.test.testprovidercomplex.EchoComplex/EchoComplex/echoSequenceSeqMySequence" mustUnderstand="NONE" version="200508"/><con:wsrmConfig version="1.2"/></con:request></con:config></con:testStep><con:properties/></con:testCase><con:testCase failOnError="true" failTestCaseOnErrors="true" keepSession="false" maxResults="0" name="echoSequenceValueType TestCase" searchProperties="true" id="8c729ef2-b5b5-4ae4-9e94-b563c6b58923"><con:settings/><con:testStep type="request" name="echoSequenceValueType"><con:settings/><con:config xsi:type="con:RequestStep" xmlns:xsi="http://www.w3.org/2001/XMLSchema-instance"><con:interface>EchoComplexHTTPBinding</con:interface><con:operation>echoSequenceValueType</con:operation><con:request name="echoSequenceValueType"><con:settings/><con:encoding>UTF-8</con:encoding><con:endpoint>http://localhost:8192/service/EchoComplex</con:endpoint><con:request><![CDATA[<soapenv:Envelope xmlns:soapenv="http://schemas.xmlsoap.org/soap/envelope/" xmlns:it="http://it.imolinfo.jbi4corba.test.testprovidercomplex.EchoComplex" xmlns:tes="http://testprovidercomplex.test.jbi4corba.imolinfo.it/">
   <soapenv:Header/>
   <soapenv:Body>
       <it:echoSequenceValueType>
	<it:es>
            <!--1 or more repetitions:-->
            <tes:data>3</tes:data>
	     <tes:data>5</tes:data>	
         </it:es>
      </it:echoSequenceValueType>
   </soapenv:Body>
</soapenv:Envelope>]]></con:request><con:assertion type="SOAP Fault Assertion"/><con:assertion type="SOAP Response"/><con:assertion type="Schema Compliance"><con:configuration><definition/></con:configuration></con:assertion><con:assertion type="Simple Contains"><con:configuration><token>5</token><ignoreCase>false</ignoreCase><useRegEx>false</useRegEx></con:configuration></con:assertion><con:wsaConfig action="http://it.imolinfo.jbi4corba.test.testprovidercomplex.EchoComplex/EchoComplex/echoSequenceValueType" mustUnderstand="NONE" version="200508"/><con:wsrmConfig version="1.2"/></con:request></con:config></con:testStep><con:properties/></con:testCase><con:testCase failOnError="true" failTestCaseOnErrors="true" keepSession="false" maxResults="0" name="echoStruct TestCase" searchProperties="true" id="dd13f19b-7b47-4fb5-95a4-872661deb898"><con:settings/><con:testStep type="request" name="echoStruct"><con:settings/><con:config xsi:type="con:RequestStep" xmlns:xsi="http://www.w3.org/2001/XMLSchema-instance"><con:interface>EchoComplexHTTPBinding</con:interface><con:operation>echoStruct</con:operation><con:request name="echoStruct"><con:settings/><con:encoding>UTF-8</con:encoding><con:endpoint>http://localhost:8192/service/EchoComplex</con:endpoint><con:request><![CDATA[<soapenv:Envelope xmlns:soapenv="http://schemas.xmlsoap.org/soap/envelope/" xmlns:it="http://it.imolinfo.jbi4corba.test.testprovidercomplex.EchoComplex" xmlns:tes="http://testprovidercomplex.test.jbi4corba.imolinfo.it/">
   <soapenv:Header/>
   <soapenv:Body>
      <it:echoStruct>
         <it:es>
            <tes:fieldBoolean>false</tes:fieldBoolean>
            <tes:fieldChar>2</tes:fieldChar>
            <tes:fieldWChar>22</tes:fieldWChar>
            <tes:fieldString>ciao</tes:fieldString>
            <tes:fieldWString>c</tes:fieldWString>
            <tes:fieldShort>1</tes:fieldShort>
            <tes:fieldUnsignedShort>2</tes:fieldUnsignedShort>
            <tes:fieldLong>10</tes:fieldLong>
            <tes:fieldUnsignedLong>22</tes:fieldUnsignedLong>
            <tes:fieldLongLong>2222</tes:fieldLongLong>
            <tes:fieldUnsignedLongLong>2222222222</tes:fieldUnsignedLongLong>
            <tes:fieldFloat>2.9</tes:fieldFloat>
            <tes:fieldDouble>2.90000</tes:fieldDouble>
         </it:es>
      </it:echoStruct>
   </soapenv:Body>
</soapenv:Envelope>]]></con:request><con:assertion type="SOAP Fault Assertion"/><con:assertion type="SOAP Response"/><con:assertion type="Schema Compliance"><con:configuration><definition/></con:configuration></con:assertion><con:wsaConfig action="http://it.imolinfo.jbi4corba.test.testprovidercomplex.EchoComplex/EchoComplex/echoStruct" mustUnderstand="NONE" version="200508"/><con:wsrmConfig version="1.2"/></con:request></con:config></con:testStep><con:properties/></con:testCase><con:testCase failOnError="true" failTestCaseOnErrors="true" keepSession="false" maxResults="0" name="echoStructOfStruct TestCase" searchProperties="true" id="c3bf9a5e-18a6-4ef1-acea-550185f7115d"><con:settings/><con:testStep type="request" name="echoStructOfStruct"><con:settings/><con:config xsi:type="con:RequestStep" xmlns:xsi="http://www.w3.org/2001/XMLSchema-instance"><con:interface>EchoComplexHTTPBinding</con:interface><con:operation>echoStructOfStruct</con:operation><con:request name="echoStructOfStruct"><con:settings/><con:encoding>UTF-8</con:encoding><con:endpoint>http://localhost:8192/service/EchoComplex</con:endpoint><con:request><![CDATA[<soapenv:Envelope xmlns:soapenv="http://schemas.xmlsoap.org/soap/envelope/" xmlns:it="http://it.imolinfo.jbi4corba.test.testprovidercomplex.EchoComplex" xmlns:tes="http://testprovidercomplex.test.jbi4corba.imolinfo.it/">
   <soapenv:Header/>
   <soapenv:Body>
      <it:echoStructOfStruct>
         <it:v>
            <tes:internalStruct>
               <tes:fieldBoolean>true</tes:fieldBoolean>
               <tes:fieldChar>2</tes:fieldChar>
               <tes:fieldWChar>3</tes:fieldWChar>
               <tes:fieldString>Ciao</tes:fieldString>
               <tes:fieldWString>Test</tes:fieldWString>
               <tes:fieldShort>1</tes:fieldShort>
               <tes:fieldUnsignedShort>2</tes:fieldUnsignedShort>
               <tes:fieldLong>3453</tes:fieldLong>
               <tes:fieldUnsignedLong>534345</tes:fieldUnsignedLong>
               <tes:fieldLongLong>453454</tes:fieldLongLong>
               <tes:fieldUnsignedLongLong>435353</tes:fieldUnsignedLongLong>
               <tes:fieldFloat>2.5</tes:fieldFloat>
               <tes:fieldDouble>2.3</tes:fieldDouble>
            </tes:internalStruct>
         </it:v>
      </it:echoStructOfStruct>
   </soapenv:Body>
</soapenv:Envelope>]]></con:request><con:assertion type="SOAP Response"/><con:assertion type="SOAP Fault Assertion"/><con:assertion type="Schema Compliance"><con:configuration><definition/></con:configuration></con:assertion><con:wsaConfig action="http://it.imolinfo.jbi4corba.test.testprovidercomplex.EchoComplex/EchoComplex/echoStructOfStruct" mustUnderstand="NONE" version="200508"/><con:wsrmConfig version="1.2"/></con:request></con:config></con:testStep><con:properties/></con:testCase><con:testCase failOnError="true" failTestCaseOnErrors="true" keepSession="false" maxResults="0" name="echoStructOfValuetype TestCase" searchProperties="true" id="7aa568a9-f2fc-4c01-81ca-76dd226b6b02"><con:settings/><con:testStep type="request" name="echoStructOfValuetype"><con:settings/><con:config xsi:type="con:RequestStep" xmlns:xsi="http://www.w3.org/2001/XMLSchema-instance"><con:interface>EchoComplexHTTPBinding</con:interface><con:operation>echoStructOfValuetype</con:operation><con:request name="echoStructOfValuetype"><con:settings/><con:encoding>UTF-8</con:encoding><con:endpoint>http://localhost:8192/service/EchoComplex</con:endpoint><con:request><![CDATA[<soapenv:Envelope xmlns:soapenv="http://schemas.xmlsoap.org/soap/envelope/" xmlns:it="http://it.imolinfo.jbi4corba.test.testprovidercomplex.EchoComplex" xmlns:tes="http://testprovidercomplex.test.jbi4corba.imolinfo.it/">
   <soapenv:Header/>
   <soapenv:Body>
     <it:echoStructOfValuetype>
         <it:v>
            <tes:data>
               <tes:fieldBoolean>false</tes:fieldBoolean>
               <tes:fieldChar>2</tes:fieldChar>
               <tes:fieldWChar>33</tes:fieldWChar>
               <tes:fieldOctet>12345678</tes:fieldOctet>
               <tes:fieldString>Test</tes:fieldString>
               <tes:fieldWString>ww</tes:fieldWString>
               <tes:fieldShort>-2</tes:fieldShort>
               <tes:fieldUnsignedShort>2</tes:fieldUnsignedShort>
               <tes:fieldLong>-334334</tes:fieldLong>
               <tes:fieldUnsignedLong>22323</tes:fieldUnsignedLong>
               <tes:fieldLongLong>32323232</tes:fieldLongLong>
               <tes:fieldUnsignedLongLong>323232</tes:fieldUnsignedLongLong>
               <tes:fieldFloat>2.3</tes:fieldFloat>
               <tes:fieldDouble>4.03</tes:fieldDouble>
            </tes:data>
         </it:v>
      </it:echoStructOfValuetype>
   </soapenv:Body>
</soapenv:Envelope>]]></con:request><con:assertion type="SOAP Fault Assertion"/><con:assertion type="Schema Compliance"><con:configuration><definition/></con:configuration></con:assertion><con:assertion type="SOAP Response"/><con:wsaConfig action="http://it.imolinfo.jbi4corba.test.testprovidercomplex.EchoComplex/EchoComplex/echoStructOfValuetype" mustUnderstand="NONE" version="200508"/><con:wsrmConfig version="1.2"/></con:request></con:config></con:testStep><con:properties/></con:testCase><con:testCase failOnError="true" failTestCaseOnErrors="true" keepSession="false" maxResults="0" name="echoValueBoxedTypeComplex TestCase" searchProperties="true" id="6d1721a8-3774-44ec-930d-c58de3ac73ff"><con:settings/><con:testStep type="request" name="echoValueBoxedTypeComplex"><con:settings/><con:config xsi:type="con:RequestStep" xmlns:xsi="http://www.w3.org/2001/XMLSchema-instance"><con:interface>EchoComplexHTTPBinding</con:interface><con:operation>echoValueBoxedTypeComplex</con:operation><con:request name="echoValueBoxedTypeComplex"><con:settings/><con:encoding>UTF-8</con:encoding><con:endpoint>http://localhost:8192/service/EchoComplex</con:endpoint><con:request><![CDATA[<soapenv:Envelope xmlns:soapenv="http://schemas.xmlsoap.org/soap/envelope/" xmlns:it="http://it.imolinfo.jbi4corba.test.testprovidercomplex.EchoComplex" xmlns:tes="http://testprovidercomplex.test.jbi4corba.imolinfo.it/">
   <soapenv:Header/>
   <soapenv:Body>
       <it:echoValueBoxedTypeComplex>
         <it:e>
            <!--1 or more repetitions:-->
            <tes:data>4</tes:data>
         </it:e>
      </it:echoValueBoxedTypeComplex>
   </soapenv:Body>
</soapenv:Envelope>]]></con:request><con:assertion type="SOAP Fault Assertion"/><con:assertion type="Schema Compliance"><con:configuration><definition/></con:configuration></con:assertion><con:assertion type="SOAP Response"/><con:wsaConfig action="http://it.imolinfo.jbi4corba.test.testprovidercomplex.EchoComplex/EchoComplex/echoValueBoxedTypeComplex" mustUnderstand="NONE" version="200508"/><con:wsrmConfig version="1.2"/></con:request></con:config></con:testStep><con:properties/></con:testCase><con:testCase failOnError="true" failTestCaseOnErrors="true" keepSession="false" maxResults="0" name="echoValueBoxedTypePrimitive TestCase" searchProperties="true" id="87ace3ba-79bb-4a5a-a654-6674ef02b3a5"><con:settings/><con:testStep type="request" name="echoValueBoxedTypePrimitive"><con:settings/><con:config xsi:type="con:RequestStep" xmlns:xsi="http://www.w3.org/2001/XMLSchema-instance"><con:interface>EchoComplexHTTPBinding</con:interface><con:operation>echoValueBoxedTypePrimitive</con:operation><con:request name="echoValueBoxedTypePrimitive"><con:settings/><con:encoding>UTF-8</con:encoding><con:endpoint>http://localhost:8192/service/EchoComplex</con:endpoint><con:request><![CDATA[<soapenv:Envelope xmlns:soapenv="http://schemas.xmlsoap.org/soap/envelope/" xmlns:it="http://it.imolinfo.jbi4corba.test.testprovidercomplex.EchoComplex" xmlns:tes="http://testprovidercomplex.test.jbi4corba.imolinfo.it/">
   <soapenv:Header/>
   <soapenv:Body>
      <it:echoValueBoxedTypePrimitive>
         <it:e>
            <tes:data>2</tes:data>
         </it:e>
      </it:echoValueBoxedTypePrimitive>
   </soapenv:Body>
</soapenv:Envelope>]]></con:request><con:assertion type="SOAP Response"/><con:assertion type="SOAP Fault Assertion"/><con:assertion type="Schema Compliance"><con:configuration><definition/></con:configuration></con:assertion><con:wsaConfig action="http://it.imolinfo.jbi4corba.test.testprovidercomplex.EchoComplex/EchoComplex/echoValueBoxedTypePrimitive" mustUnderstand="NONE" version="200508"/><con:wsrmConfig version="1.2"/></con:request></con:config></con:testStep><con:properties/></con:testCase><con:testCase failOnError="true" failTestCaseOnErrors="true" keepSession="false" maxResults="0" name="echoValueType TestCase" searchProperties="true" id="dd949b68-1bb6-4e10-a72b-db57a000441f"><con:settings/><con:testStep type="request" name="echoValueType"><con:settings/><con:config xsi:type="con:RequestStep" xmlns:xsi="http://www.w3.org/2001/XMLSchema-instance"><con:interface>EchoComplexHTTPBinding</con:interface><con:operation>echoValueType</con:operation><con:request name="echoValueType"><con:settings/><con:encoding>UTF-8</con:encoding><con:endpoint>http://localhost:8192/service/EchoComplex</con:endpoint><con:request><![CDATA[<soapenv:Envelope xmlns:soapenv="http://schemas.xmlsoap.org/soap/envelope/" xmlns:it="http://it.imolinfo.jbi4corba.test.testprovidercomplex.EchoComplex" xmlns:tes="http://testprovidercomplex.test.jbi4corba.imolinfo.it/">
   <soapenv:Header/>
   <soapenv:Body>
      <it:echoValueType>
         <it:e>
            <tes:publicShort>2</tes:publicShort>
            <tes:privateLong>324234</tes:privateLong>
         </it:e>
      </it:echoValueType>
   </soapenv:Body>
</soapenv:Envelope>]]></con:request><con:assertion type="SOAP Fault Assertion"/><con:assertion type="Schema Compliance"><con:configuration><definition/></con:configuration></con:assertion><con:assertion type="Simple Contains"><con:configuration><token>2</token><ignoreCase>false</ignoreCase><useRegEx>false</useRegEx></con:configuration></con:assertion><con:assertion type="SOAP Response"/><con:wsaConfig action="http://it.imolinfo.jbi4corba.test.testprovidercomplex.EchoComplex/EchoComplex/echoValueType" mustUnderstand="NONE" version="200508"/><con:wsrmConfig version="1.2"/></con:request></con:config></con:testStep><con:properties/></con:testCase><con:testCase failOnError="true" failTestCaseOnErrors="true" keepSession="false" maxResults="0" name="echoValueTypeOfStruct TestCase" searchProperties="true" id="aa3196d6-8f0b-4d38-9531-f75f5e43974c"><con:settings/><con:testStep type="request" name="echoValueTypeOfStruct"><con:settings/><con:config xsi:type="con:RequestStep" xmlns:xsi="http://www.w3.org/2001/XMLSchema-instance"><con:interface>EchoComplexHTTPBinding</con:interface><con:operation>echoValueTypeOfStruct</con:operation><con:request name="echoValueTypeOfStruct"><con:settings/><con:encoding>UTF-8</con:encoding><con:endpoint>http://localhost:8192/service/EchoComplex</con:endpoint><con:request><![CDATA[<soapenv:Envelope xmlns:soapenv="http://schemas.xmlsoap.org/soap/envelope/" xmlns:it="http://it.imolinfo.jbi4corba.test.testprovidercomplex.EchoComplex" xmlns:tes="http://testprovidercomplex.test.jbi4corba.imolinfo.it/">
   <soapenv:Header/>
   <soapenv:Body>
      <it:echoValueTypeOfStruct>
         <it:v>
            <tes:data>
               <tes:fieldBoolean>true</tes:fieldBoolean>
               <tes:fieldChar>2</tes:fieldChar>
               <tes:fieldWChar>33</tes:fieldWChar>
               <tes:fieldString>String</tes:fieldString>
               <tes:fieldWString>sds</tes:fieldWString>
               <tes:fieldShort>3</tes:fieldShort>
               <tes:fieldUnsignedShort>44</tes:fieldUnsignedShort>
               <tes:fieldLong>23323</tes:fieldLong>
               <tes:fieldUnsignedLong>98908</tes:fieldUnsignedLong>
               <tes:fieldLongLong>32323</tes:fieldLongLong>
               <tes:fieldUnsignedLongLong>32323</tes:fieldUnsignedLongLong>
               <tes:fieldFloat>2.3</tes:fieldFloat>
               <tes:fieldDouble>3.2</tes:fieldDouble>
            </tes:data>
         </it:v>
      </it:echoValueTypeOfStruct>
   </soapenv:Body>
</soapenv:Envelope>]]></con:request><con:assertion type="SOAP Fault Assertion"/><con:assertion type="SOAP Response"/><con:assertion type="Schema Compliance"><con:configuration><definition/></con:configuration></con:assertion><con:wsaConfig action="http://it.imolinfo.jbi4corba.test.testprovidercomplex.EchoComplex/EchoComplex/echoValueTypeOfStruct" mustUnderstand="NONE" version="200508"/><con:wsrmConfig version="1.2"/></con:request></con:config></con:testStep><con:properties/></con:testCase><con:testCase failOnError="true" failTestCaseOnErrors="true" keepSession="false" maxResults="0" name="echoValueTypeOfValueType TestCase" searchProperties="true" id="c0ec0040-529e-4732-8571-74f642515324"><con:settings/><con:testStep type="request" name="echoValueTypeOfValueType"><con:settings/><con:config xsi:type="con:RequestStep" xmlns:xsi="http://www.w3.org/2001/XMLSchema-instance"><con:interface>EchoComplexHTTPBinding</con:interface><con:operation>echoValueTypeOfValueType</con:operation><con:request name="echoValueTypeOfValueType"><con:settings/><con:encoding>UTF-8</con:encoding><con:endpoint>http://localhost:8192/service/EchoComplex</con:endpoint><con:request><![CDATA[<soapenv:Envelope xmlns:soapenv="http://schemas.xmlsoap.org/soap/envelope/" xmlns:it="http://it.imolinfo.jbi4corba.test.testprovidercomplex.EchoComplex" xmlns:tes="http://testprovidercomplex.test.jbi4corba.imolinfo.it/">
   <soapenv:Header/>
   <soapenv:Body>
      <it:echoValueTypeOfValueType>
         <it:v>
            <tes:data>
                 <tes:fieldBoolean>false</tes:fieldBoolean>
               <tes:fieldChar>2</tes:fieldChar>
               <tes:fieldWChar>33</tes:fieldWChar>
               <tes:fieldOctet>1234</tes:fieldOctet>
               <tes:fieldString>sasc</tes:fieldString>
               <tes:fieldWString>ss</tes:fieldWString>
               <tes:fieldShort>2</tes:fieldShort>
               <tes:fieldUnsignedShort>2</tes:fieldUnsignedShort>
               <tes:fieldLong>334</tes:fieldLong>
               <tes:fieldUnsignedLong>444</tes:fieldUnsignedLong>
               <tes:fieldLongLong>555555</tes:fieldLongLong>
               <tes:fieldUnsignedLongLong>555555</tes:fieldUnsignedLongLong>
               <tes:fieldFloat>3.4</tes:fieldFloat>
               <tes:fieldDouble>5.3</tes:fieldDouble>
            </tes:data>
         </it:v>
      </it:echoValueTypeOfValueType>
   </soapenv:Body>
</soapenv:Envelope>]]></con:request><con:assertion type="SOAP Fault Assertion"/><con:assertion type="SOAP Response"/><con:assertion type="Schema Compliance"><con:configuration><definition/></con:configuration></con:assertion><con:wsaConfig action="http://it.imolinfo.jbi4corba.test.testprovidercomplex.EchoComplex/EchoComplex/echoValueTypeOfValueType" mustUnderstand="NONE" version="200508"/><con:wsrmConfig version="1.2"/></con:request></con:config></con:testStep><con:properties/></con:testCase><con:testCase failOnError="true" failTestCaseOnErrors="true" keepSession="false" maxResults="0" name="echoVTPrimi TestCase" searchProperties="true" id="c68d8e99-2972-48ba-b832-310d7a3ef7ab"><con:settings/><con:testStep type="request" name="echoVTPrimi"><con:settings/><con:config xsi:type="con:RequestStep" xmlns:xsi="http://www.w3.org/2001/XMLSchema-instance"><con:interface>EchoComplexHTTPBinding</con:interface><con:operation>echoVTPrimi</con:operation><con:request name="echoVTPrimi"><con:settings/><con:encoding>UTF-8</con:encoding><con:endpoint>http://localhost:8192/service/EchoComplex</con:endpoint><con:request><![CDATA[<soapenv:Envelope xmlns:soapenv="http://schemas.xmlsoap.org/soap/envelope/" xmlns:it="http://it.imolinfo.jbi4corba.test.testprovidercomplex.EchoComplex" xmlns:tes="http://testprovidercomplex.test.jbi4corba.imolinfo.it/">
   <soapenv:Header/>
   <soapenv:Body>
      <it:echoVTPrimi>
         <it:v>
            <tes:fieldBoolean>true</tes:fieldBoolean>
            <tes:fieldChar>2</tes:fieldChar>
            <tes:fieldWChar>22</tes:fieldWChar>
            <tes:fieldOctet>12345678</tes:fieldOctet>
            <tes:fieldString>Prova</tes:fieldString>
            <tes:fieldWString>2</tes:fieldWString>
            <tes:fieldShort>2</tes:fieldShort>
            <tes:fieldUnsignedShort>3</tes:fieldUnsignedShort>
            <tes:fieldLong>44</tes:fieldLong>
            <tes:fieldUnsignedLong>55</tes:fieldUnsignedLong>
            <tes:fieldLongLong>234820</tes:fieldLongLong>
            <tes:fieldUnsignedLongLong>324232</tes:fieldUnsignedLongLong>
            <tes:fieldFloat>3.4</tes:fieldFloat>
            <tes:fieldDouble>2.44</tes:fieldDouble>
         </it:v>
      </it:echoVTPrimi>
   </soapenv:Body>
</soapenv:Envelope>]]></con:request><con:assertion type="SOAP Response"/><con:assertion type="Schema Compliance"><con:configuration><definition/></con:configuration></con:assertion><con:assertion type="SOAP Fault Assertion"/><con:wsaConfig action="http://it.imolinfo.jbi4corba.test.testprovidercomplex.EchoComplex/EchoComplex/echoVTPrimi" mustUnderstand="NONE" version="200508"/><con:wsrmConfig version="1.2"/></con:request></con:config></con:testStep><con:properties/></con:testCase><con:testCase failOnError="true" failTestCaseOnErrors="true" keepSession="false" maxResults="0" name="echoVTPrimiSeq TestCase" searchProperties="true" id="c8d22a44-676a-476c-bca3-9bf6e2408b90"><con:settings/><con:testStep type="request" name="echoVTPrimiSeq"><con:settings/><con:config xsi:type="con:RequestStep" xmlns:xsi="http://www.w3.org/2001/XMLSchema-instance"><con:interface>EchoComplexHTTPBinding</con:interface><con:operation>echoVTPrimiSeq</con:operation><con:request name="echoVTPrimiSeq"><con:settings/><con:encoding>UTF-8</con:encoding><con:endpoint>http://localhost:8192/service/EchoComplex</con:endpoint><con:request><![CDATA[<soapenv:Envelope xmlns:soapenv="http://schemas.xmlsoap.org/soap/envelope/" xmlns:it="http://it.imolinfo.jbi4corba.test.testprovidercomplex.EchoComplex" xmlns:tes="http://testprovidercomplex.test.jbi4corba.imolinfo.it/">
   <soapenv:Header/>
   <soapenv:Body>
      <it:echoVTPrimiSeq>
         <it:v>
            <!--1 or more repetitions:-->
            <tes:data>
              <tes:fieldBoolean>false</tes:fieldBoolean>
               <tes:fieldChar>2</tes:fieldChar>
               <tes:fieldWChar>2</tes:fieldWChar>
               <tes:fieldOctet>2323</tes:fieldOctet>
               <tes:fieldString>Casdia</tes:fieldString>
               <tes:fieldWString>dd</tes:fieldWString>
               <tes:fieldShort>2</tes:fieldShort>
               <tes:fieldUnsignedShort>2</tes:fieldUnsignedShort>
               <tes:fieldLong>33</tes:fieldLong>
               <tes:fieldUnsignedLong>44</tes:fieldUnsignedLong>
               <tes:fieldLongLong>323</tes:fieldLongLong>
               <tes:fieldUnsignedLongLong>3232</tes:fieldUnsignedLongLong>
               <tes:fieldFloat>3.2</tes:fieldFloat>
               <tes:fieldDouble>23.3</tes:fieldDouble>
            </tes:data>
	    <tes:data>
              <tes:fieldBoolean>false</tes:fieldBoolean>
               <tes:fieldChar>2</tes:fieldChar>
               <tes:fieldWChar>2</tes:fieldWChar>
               <tes:fieldOctet>2323</tes:fieldOctet>
               <tes:fieldString>Casdia</tes:fieldString>
               <tes:fieldWString>dd</tes:fieldWString>
               <tes:fieldShort>2</tes:fieldShort>
               <tes:fieldUnsignedShort>2</tes:fieldUnsignedShort>
               <tes:fieldLong>33</tes:fieldLong>
               <tes:fieldUnsignedLong>44</tes:fieldUnsignedLong>
               <tes:fieldLongLong>323</tes:fieldLongLong>
               <tes:fieldUnsignedLongLong>3232</tes:fieldUnsignedLongLong>
               <tes:fieldFloat>3.2</tes:fieldFloat>
               <tes:fieldDouble>23.3</tes:fieldDouble>
            </tes:data>
         </it:v>
      </it:echoVTPrimiSeq>
   </soapenv:Body>
</soapenv:Envelope>]]></con:request><con:assertion type="SOAP Fault Assertion"/><con:assertion type="SOAP Response"/><con:assertion type="Schema Compliance"><con:configuration><definition/></con:configuration></con:assertion><con:wsaConfig action="http://it.imolinfo.jbi4corba.test.testprovidercomplex.EchoComplex/EchoComplex/echoVTPrimiSeq" mustUnderstand="NONE" version="200508"/><con:wsrmConfig version="1.2"/></con:request></con:config></con:testStep><con:properties/></con:testCase><con:properties/></con:testSuite><con:testSuite name="EchoComplex2HttpBinding TestSuite"><con:settings/><con:runType>SEQUENTIAL</con:runType><con:testCase failOnError="true" failTestCaseOnErrors="true" keepSession="false" maxResults="0" name="echo TestCase" searchProperties="true" id="f77bf840-224e-4d7d-8e55-9424ace9e49e"><con:settings/><con:testStep type="request" name="echo"><con:settings/><con:config xsi:type="con:RequestStep" xmlns:xsi="http://www.w3.org/2001/XMLSchema-instance"><con:interface>EchoComplex2HttpBinding</con:interface><con:operation>echo</con:operation><con:request name="echo"><con:settings/><con:encoding>UTF-8</con:encoding><con:endpoint>http://localhost:8192/service/EchoComplex2</con:endpoint><con:request><![CDATA[<soapenv:Envelope xmlns:soapenv="http://schemas.xmlsoap.org/soap/envelope/" xmlns:it="http://it.imolinfo.jbi4corba.test.testprovidercomplex.EchoComplex2">
   <soapenv:Header/>
   <soapenv:Body>
      <it:echo>
         <it:msg>ciao2</it:msg>
      </it:echo>
   </soapenv:Body>
</soapenv:Envelope>]]></con:request><con:assertion type="SOAP Response"/><con:assertion type="Simple Contains"><con:configuration><token>ciao2</token><ignoreCase>false</ignoreCase><useRegEx>false</useRegEx></con:configuration></con:assertion><con:assertion type="SOAP Fault Assertion"/><con:wsaConfig action="http://it.imolinfo.jbi4corba.test.testprovidercomplex.EchoComplex2/EchoComplex2/echo" mustUnderstand="NONE" version="200508"/><con:wsrmConfig version="1.2"/></con:request></con:config></con:testStep><con:properties/></con:testCase><con:testCase failOnError="true" failTestCaseOnErrors="true" keepSession="false" maxResults="0" name="echoExceptionNotThrown TestCase" searchProperties="true" id="a13f9a4f-3e3c-46a5-8ace-b6531c982657"><con:settings/><con:testStep type="request" name="echoExceptionNotThrown"><con:settings/><con:config xsi:type="con:RequestStep" xmlns:xsi="http://www.w3.org/2001/XMLSchema-instance"><con:interface>EchoComplex2HttpBinding</con:interface><con:operation>echoExceptionNotThrown</con:operation><con:request name="echoExceptionNotThrown"><con:settings/><con:encoding>UTF-8</con:encoding><con:endpoint>http://localhost:8192/service/EchoComplex2</con:endpoint><con:request><![CDATA[<soapenv:Envelope xmlns:soapenv="http://schemas.xmlsoap.org/soap/envelope/" xmlns:it="http://it.imolinfo.jbi4corba.test.testprovidercomplex.EchoComplex2" xmlns:tes="http://testprovidercomplex.test.jbi4corba.imolinfo.it/">
   <soapenv:Header/>
   <soapenv:Body>
      <it:echoExceptionNotThrown>
         <it:es>
           <tes:fieldBoolean>false</tes:fieldBoolean>
            <tes:fieldChar>2</tes:fieldChar>
            <tes:fieldWChar>22</tes:fieldWChar>
            <tes:fieldString>ciao</tes:fieldString>
            <tes:fieldWString>c</tes:fieldWString>
            <tes:fieldShort>1</tes:fieldShort>
            <tes:fieldUnsignedShort>2</tes:fieldUnsignedShort>
            <tes:fieldLong>10</tes:fieldLong>
            <tes:fieldUnsignedLong>22</tes:fieldUnsignedLong>
            <tes:fieldLongLong>2222</tes:fieldLongLong>
            <tes:fieldUnsignedLongLong>2222222222</tes:fieldUnsignedLongLong>
            <tes:fieldFloat>2.9</tes:fieldFloat>
            <tes:fieldDouble>2.90000</tes:fieldDouble>
         </it:es>
      </it:echoExceptionNotThrown>
   </soapenv:Body>
</soapenv:Envelope>]]></con:request><con:assertion type="SOAP Fault Assertion"/><con:assertion type="Schema Compliance"><con:configuration><definition/></con:configuration></con:assertion><con:assertion type="SOAP Response"/><con:wsaConfig action="http://it.imolinfo.jbi4corba.test.testprovidercomplex.EchoComplex2/EchoComplex2/echoExceptionNotThrown" mustUnderstand="NONE" version="200508"/><con:wsrmConfig version="1.2"/></con:request></con:config></con:testStep><con:properties/></con:testCase><con:testCase failOnError="true" failTestCaseOnErrors="true" keepSession="false" maxResults="0" name="echoExceptionThrown TestCase" searchProperties="true" id="0283e790-d51c-4c1c-a640-0cb860f6ef1a"><con:settings/><con:testStep type="request" name="echoExceptionThrown"><con:settings/><con:config xsi:type="con:RequestStep" xmlns:xsi="http://www.w3.org/2001/XMLSchema-instance"><con:interface>EchoComplex2HttpBinding</con:interface><con:operation>echoExceptionThrown</con:operation><con:request name="echoExceptionThrown"><con:settings/><con:encoding>UTF-8</con:encoding><con:endpoint>http://localhost:8192/service/EchoComplex2</con:endpoint><con:request><![CDATA[<soapenv:Envelope xmlns:soapenv="http://schemas.xmlsoap.org/soap/envelope/" xmlns:it="http://it.imolinfo.jbi4corba.test.testprovidercomplex.EchoComplex2" xmlns:tes="http://testprovidercomplex.test.jbi4corba.imolinfo.it/">
   <soapenv:Header/>
   <soapenv:Body>
      <it:echoExceptionThrown>
         <it:es>
            <tes:fieldBoolean>false</tes:fieldBoolean>
            <tes:fieldChar>2</tes:fieldChar>
            <tes:fieldWChar>22</tes:fieldWChar>
            <tes:fieldString>ciao</tes:fieldString>
            <tes:fieldWString>c</tes:fieldWString>
            <tes:fieldShort>1</tes:fieldShort>
            <tes:fieldUnsignedShort>2</tes:fieldUnsignedShort>
            <tes:fieldLong>10</tes:fieldLong>
            <tes:fieldUnsignedLong>22</tes:fieldUnsignedLong>
            <tes:fieldLongLong>2222</tes:fieldLongLong>
            <tes:fieldUnsignedLongLong>2222222222</tes:fieldUnsignedLongLong>
            <tes:fieldFloat>2.9</tes:fieldFloat>
            <tes:fieldDouble>2.90000</tes:fieldDouble>
         </it:es>
      </it:echoExceptionThrown>
   </soapenv:Body>
</soapenv:Envelope>]]></con:request><con:assertion type="Not SOAP Fault Assertion"/><con:assertion type="Schema Compliance"><con:configuration><definition/></con:configuration></con:assertion><con:wsaConfig action="http://it.imolinfo.jbi4corba.test.testprovidercomplex.EchoComplex2/EchoComplex2/echoExceptionThrown" mustUnderstand="NONE" version="200508"/><con:wsrmConfig version="1.2"/></con:request></con:config></con:testStep><con:properties/></con:testCase><con:testCase failOnError="true" failTestCaseOnErrors="true" keepSession="false" maxResults="0" name="echoSequence TestCase" searchProperties="true" id="f5dd4c41-bf9c-40b8-b526-4930d65c28f6"><con:settings/><con:testStep type="request" name="echoSequence"><con:settings/><con:config xsi:type="con:RequestStep" xmlns:xsi="http://www.w3.org/2001/XMLSchema-instance"><con:interface>EchoComplex2HttpBinding</con:interface><con:operation>echoSequence</con:operation><con:request name="echoSequence"><con:settings/><con:encoding>UTF-8</con:encoding><con:endpoint>http://localhost:8192/service/EchoComplex2</con:endpoint><con:request><![CDATA[<soapenv:Envelope xmlns:soapenv="http://schemas.xmlsoap.org/soap/envelope/" xmlns:it="http://it.imolinfo.jbi4corba.test.testprovidercomplex.EchoComplex2">
   <soapenv:Header/>
   <soapenv:Body>
       <it:echoSequence>
         
         <!--1 or more repetitions:-->
         <it:es>1</it:es>
	 <it:es>2</it:es>
         <it:es>3</it:es> 
      
      </it:echoSequence>
   </soapenv:Body>
</soapenv:Envelope>]]></con:request><con:assertion type="Schema Compliance"><con:configuration><definition/></con:configuration></con:assertion><con:assertion type="SOAP Fault Assertion"/><con:assertion type="SOAP Response"/><con:wsaConfig action="http://it.imolinfo.jbi4corba.test.testprovidercomplex.EchoComplex2/EchoComplex2/echoSequence" mustUnderstand="NONE" version="200508"/><con:wsrmConfig version="1.2"/></con:request></con:config></con:testStep><con:properties/></con:testCase><con:testCase failOnError="true" failTestCaseOnErrors="true" keepSession="false" maxResults="0" name="echoSequenceSeqEchoStruct TestCase" searchProperties="true" id="685a8529-8d41-434a-8b9b-cd3f748775b3"><con:settings/><con:testStep type="request" name="echoSequenceSeqEchoStruct"><con:settings/><con:config xsi:type="con:RequestStep" xmlns:xsi="http://www.w3.org/2001/XMLSchema-instance"><con:interface>EchoComplex2HttpBinding</con:interface><con:operation>echoSequenceSeqEchoStruct</con:operation><con:request name="echoSequenceSeqEchoStruct"><con:settings/><con:encoding>UTF-8</con:encoding><con:endpoint>http://localhost:8192/service/EchoComplex2</con:endpoint><con:request><![CDATA[<soapenv:Envelope xmlns:soapenv="http://schemas.xmlsoap.org/soap/envelope/" xmlns:it="http://it.imolinfo.jbi4corba.test.testprovidercomplex.EchoComplex2" xmlns:tes="http://testprovidercomplex.test.jbi4corba.imolinfo.it/">
   <soapenv:Header/>
   <soapenv:Body>
      <it:echoSequenceSeqEchoStruct>
          <!--1 or more repetitions:-->
         <it:es>
            <tes:fieldBoolean>false</tes:fieldBoolean>
            <tes:fieldChar>2</tes:fieldChar>
            <tes:fieldWChar>22</tes:fieldWChar>
            <tes:fieldString>ciao</tes:fieldString>
            <tes:fieldWString>c</tes:fieldWString>
            <tes:fieldShort>1</tes:fieldShort>
            <tes:fieldUnsignedShort>2</tes:fieldUnsignedShort>
            <tes:fieldLong>10</tes:fieldLong>
            <tes:fieldUnsignedLong>22</tes:fieldUnsignedLong>
            <tes:fieldLongLong>2222</tes:fieldLongLong>
            <tes:fieldUnsignedLongLong>2222222222</tes:fieldUnsignedLongLong>
            <tes:fieldFloat>2.9</tes:fieldFloat>
            <tes:fieldDouble>2.90000</tes:fieldDouble>
         </it:es>
          <it:es>
            <tes:fieldBoolean>true</tes:fieldBoolean>
            <tes:fieldChar>2</tes:fieldChar>
            <tes:fieldWChar>22</tes:fieldWChar>
            <tes:fieldString>ciao2</tes:fieldString>
            <tes:fieldWString>c</tes:fieldWString>
            <tes:fieldShort>1</tes:fieldShort>
            <tes:fieldUnsignedShort>2</tes:fieldUnsignedShort>
            <tes:fieldLong>10</tes:fieldLong>
            <tes:fieldUnsignedLong>22</tes:fieldUnsignedLong>
            <tes:fieldLongLong>2222</tes:fieldLongLong>
            <tes:fieldUnsignedLongLong>2222222222</tes:fieldUnsignedLongLong>
            <tes:fieldFloat>2.9</tes:fieldFloat>
            <tes:fieldDouble>2.90000</tes:fieldDouble>
         </it:es>
      </it:echoSequenceSeqEchoStruct>
   </soapenv:Body>
</soapenv:Envelope>]]></con:request><con:assertion type="Schema Compliance"><con:configuration><definition/></con:configuration></con:assertion><con:assertion type="SOAP Fault Assertion"/><con:assertion type="SOAP Response"/><con:wsaConfig action="http://it.imolinfo.jbi4corba.test.testprovidercomplex.EchoComplex2/EchoComplex2/echoSequenceSeqEchoStruct" mustUnderstand="NONE" version="200508"/><con:wsrmConfig version="1.2"/></con:request></con:config></con:testStep><con:properties/></con:testCase><con:testCase failOnError="true" failTestCaseOnErrors="true" keepSession="false" maxResults="0" name="echoSequenceSeqMySequence TestCase" searchProperties="true" id="8c142040-cd9d-49b1-8cb5-13d979aa68c4"><con:settings/><con:testStep type="request" name="echoSequenceSeqMySequence"><con:settings/><con:config xsi:type="con:RequestStep" xmlns:xsi="http://www.w3.org/2001/XMLSchema-instance"><con:interface>EchoComplex2HttpBinding</con:interface><con:operation>echoSequenceSeqMySequence</con:operation><con:request name="echoSequenceSeqMySequence"><con:settings/><con:encoding>UTF-8</con:encoding><con:endpoint>http://localhost:8192/service/EchoComplex2</con:endpoint><con:request><![CDATA[<soapenv:Envelope xmlns:soapenv="http://schemas.xmlsoap.org/soap/envelope/" xmlns:it="http://it.imolinfo.jbi4corba.test.testprovidercomplex.EchoComplex2" xmlns:tes="http://testprovidercomplex.test.jbi4corba.imolinfo.it/">
   <soapenv:Header/>
   <soapenv:Body>
       <it:echoSequenceSeqMySequence>
         <!--1 or more repetitions:-->
         <it:es>
            <!--1 or more repetitions:-->
            <tes:data>1</tes:data>
	     <tes:data>2</tes:data>
              <tes:data>3</tes:data>
         </it:es>
         <it:es>
            <!--1 or more repetitions:-->
            <tes:data>1</tes:data>
	     <tes:data>2</tes:data>
              <tes:data>3</tes:data>
         </it:es>
      </it:echoSequenceSeqMySequence>
   </soapenv:Body>
</soapenv:Envelope>]]></con:request><con:assertion type="SOAP Fault Assertion"/><con:assertion type="SOAP Response"/><con:assertion type="Schema Compliance"><con:configuration><definition/></con:configuration></con:assertion><con:wsaConfig action="http://it.imolinfo.jbi4corba.test.testprovidercomplex.EchoComplex2/EchoComplex2/echoSequenceSeqMySequence" mustUnderstand="NONE" version="200508"/><con:wsrmConfig version="1.2"/></con:request></con:config></con:testStep><con:properties/></con:testCase><con:testCase failOnError="true" failTestCaseOnErrors="true" keepSession="false" maxResults="0" name="echoSequenceValueType TestCase" searchProperties="true" id="e22be6dd-1eda-45ed-8306-7bf91f7635fe"><con:settings/><con:testStep type="request" name="echoSequenceValueType"><con:settings/><con:config xsi:type="con:RequestStep" xmlns:xsi="http://www.w3.org/2001/XMLSchema-instance"><con:interface>EchoComplex2HttpBinding</con:interface><con:operation>echoSequenceValueType</con:operation><con:request name="echoSequenceValueType"><con:settings/><con:encoding>UTF-8</con:encoding><con:endpoint>http://localhost:8192/service/EchoComplex2</con:endpoint><con:request><![CDATA[<soapenv:Envelope xmlns:soapenv="http://schemas.xmlsoap.org/soap/envelope/" xmlns:it="http://it.imolinfo.jbi4corba.test.testprovidercomplex.EchoComplex2" xmlns:tes="http://testprovidercomplex.test.jbi4corba.imolinfo.it/">
   <soapenv:Header/>
   <soapenv:Body>
     <it:echoSequenceValueType>
	<it:es>
            <!--1 or more repetitions:-->
            <tes:data>3</tes:data>
	     <tes:data>5</tes:data>	
         </it:es>
      </it:echoSequenceValueType>
   </soapenv:Body>
</soapenv:Envelope>]]></con:request><con:assertion type="SOAP Fault Assertion"/><con:assertion type="Schema Compliance"><con:configuration><definition/></con:configuration></con:assertion><con:assertion type="SOAP Response"/><con:wsaConfig action="http://it.imolinfo.jbi4corba.test.testprovidercomplex.EchoComplex2/EchoComplex2/echoSequenceValueType" mustUnderstand="NONE" version="200508"/><con:wsrmConfig version="1.2"/></con:request></con:config></con:testStep><con:properties/></con:testCase><con:testCase failOnError="true" failTestCaseOnErrors="true" keepSession="false" maxResults="0" name="echoStruct TestCase" searchProperties="true" id="9502dc6e-4c83-423f-af99-6b2e5e0f9ce4"><con:settings/><con:testStep type="request" name="echoStruct"><con:settings/><con:config xsi:type="con:RequestStep" xmlns:xsi="http://www.w3.org/2001/XMLSchema-instance"><con:interface>EchoComplex2HttpBinding</con:interface><con:operation>echoStruct</con:operation><con:request name="echoStruct"><con:settings/><con:encoding>UTF-8</con:encoding><con:endpoint>http://localhost:8192/service/EchoComplex2</con:endpoint><con:request><![CDATA[<soapenv:Envelope xmlns:soapenv="http://schemas.xmlsoap.org/soap/envelope/" xmlns:it="http://it.imolinfo.jbi4corba.test.testprovidercomplex.EchoComplex2" xmlns:tes="http://testprovidercomplex.test.jbi4corba.imolinfo.it/">
   <soapenv:Header/>
   <soapenv:Body>
       <it:echoStruct>
         <it:es>
            <tes:fieldBoolean>false</tes:fieldBoolean>
            <tes:fieldChar>2</tes:fieldChar>
            <tes:fieldWChar>22</tes:fieldWChar>
            <tes:fieldString>ciao</tes:fieldString>
            <tes:fieldWString>c</tes:fieldWString>
            <tes:fieldShort>1</tes:fieldShort>
            <tes:fieldUnsignedShort>2</tes:fieldUnsignedShort>
            <tes:fieldLong>10</tes:fieldLong>
            <tes:fieldUnsignedLong>22</tes:fieldUnsignedLong>
            <tes:fieldLongLong>2222</tes:fieldLongLong>
            <tes:fieldUnsignedLongLong>2222222222</tes:fieldUnsignedLongLong>
            <tes:fieldFloat>2.9</tes:fieldFloat>
            <tes:fieldDouble>2.90000</tes:fieldDouble>
         </it:es>
      </it:echoStruct>
   </soapenv:Body>
</soapenv:Envelope>]]></con:request><con:assertion type="SOAP Fault Assertion"/><con:assertion type="SOAP Response"/><con:assertion type="Schema Compliance"><con:configuration><definition/></con:configuration></con:assertion><con:wsaConfig action="http://it.imolinfo.jbi4corba.test.testprovidercomplex.EchoComplex2/EchoComplex2/echoStruct" mustUnderstand="NONE" version="200508"/><con:wsrmConfig version="1.2"/></con:request></con:config></con:testStep><con:properties/></con:testCase><con:testCase failOnError="true" failTestCaseOnErrors="true" keepSession="false" maxResults="0" name="echoStructOfStruct TestCase" searchProperties="true" id="39841162-120b-40e2-8973-4f04ca96e2d9"><con:settings/><con:testStep type="request" name="echoStructOfStruct"><con:settings/><con:config xsi:type="con:RequestStep" xmlns:xsi="http://www.w3.org/2001/XMLSchema-instance"><con:interface>EchoComplex2HttpBinding</con:interface><con:operation>echoStructOfStruct</con:operation><con:request name="echoStructOfStruct"><con:settings/><con:encoding>UTF-8</con:encoding><con:endpoint>http://localhost:8192/service/EchoComplex2</con:endpoint><con:request><![CDATA[<soapenv:Envelope xmlns:soapenv="http://schemas.xmlsoap.org/soap/envelope/" xmlns:it="http://it.imolinfo.jbi4corba.test.testprovidercomplex.EchoComplex2" xmlns:tes="http://testprovidercomplex.test.jbi4corba.imolinfo.it/">
   <soapenv:Header/>
   <soapenv:Body>
     <it:echoStructOfStruct>
         <it:v>
            <tes:internalStruct>
               <tes:fieldBoolean>true</tes:fieldBoolean>
               <tes:fieldChar>2</tes:fieldChar>
               <tes:fieldWChar>3</tes:fieldWChar>
               <tes:fieldString>Ciao</tes:fieldString>
               <tes:fieldWString>Test</tes:fieldWString>
               <tes:fieldShort>1</tes:fieldShort>
               <tes:fieldUnsignedShort>2</tes:fieldUnsignedShort>
               <tes:fieldLong>3453</tes:fieldLong>
               <tes:fieldUnsignedLong>534345</tes:fieldUnsignedLong>
               <tes:fieldLongLong>453454</tes:fieldLongLong>
               <tes:fieldUnsignedLongLong>435353</tes:fieldUnsignedLongLong>
               <tes:fieldFloat>2.5</tes:fieldFloat>
               <tes:fieldDouble>2.3</tes:fieldDouble>
            </tes:internalStruct>
         </it:v>
      </it:echoStructOfStruct>
   </soapenv:Body>
</soapenv:Envelope>]]></con:request><con:assertion type="SOAP Fault Assertion"/><con:assertion type="Schema Compliance"><con:configuration><definition/></con:configuration></con:assertion><con:assertion type="SOAP Response"/><con:wsaConfig action="http://it.imolinfo.jbi4corba.test.testprovidercomplex.EchoComplex2/EchoComplex2/echoStructOfStruct" mustUnderstand="NONE" version="200508"/><con:wsrmConfig version="1.2"/></con:request></con:config></con:testStep><con:properties/></con:testCase><con:testCase failOnError="true" failTestCaseOnErrors="true" keepSession="false" maxResults="0" name="echoStructOfValuetype TestCase" searchProperties="true" id="57b8ce98-6193-45a0-8a9d-3bc39d98679d"><con:settings/><con:testStep type="request" name="echoStructOfValuetype"><con:settings/><con:config xsi:type="con:RequestStep" xmlns:xsi="http://www.w3.org/2001/XMLSchema-instance"><con:interface>EchoComplex2HttpBinding</con:interface><con:operation>echoStructOfValuetype</con:operation><con:request name="echoStructOfValuetype"><con:settings/><con:encoding>UTF-8</con:encoding><con:endpoint>http://localhost:8192/service/EchoComplex2</con:endpoint><con:request><![CDATA[<soapenv:Envelope xmlns:soapenv="http://schemas.xmlsoap.org/soap/envelope/" xmlns:it="http://it.imolinfo.jbi4corba.test.testprovidercomplex.EchoComplex2" xmlns:tes="http://testprovidercomplex.test.jbi4corba.imolinfo.it/">
   <soapenv:Header/>
   <soapenv:Body>
      <it:echoStructOfValuetype>
         <it:v>
            <tes:data>
               <tes:fieldBoolean>false</tes:fieldBoolean>
               <tes:fieldChar>2</tes:fieldChar>
               <tes:fieldWChar>33</tes:fieldWChar>
               <tes:fieldOctet>12345678</tes:fieldOctet>
               <tes:fieldString>Test</tes:fieldString>
               <tes:fieldWString>ww</tes:fieldWString>
               <tes:fieldShort>-2</tes:fieldShort>
               <tes:fieldUnsignedShort>2</tes:fieldUnsignedShort>
               <tes:fieldLong>-334334</tes:fieldLong>
               <tes:fieldUnsignedLong>22323</tes:fieldUnsignedLong>
               <tes:fieldLongLong>32323232</tes:fieldLongLong>
               <tes:fieldUnsignedLongLong>323232</tes:fieldUnsignedLongLong>
               <tes:fieldFloat>2.3</tes:fieldFloat>
               <tes:fieldDouble>4.03</tes:fieldDouble>
            </tes:data>
         </it:v>
      </it:echoStructOfValuetype>
   </soapenv:Body>
</soapenv:Envelope>]]></con:request><con:assertion type="SOAP Response"/><con:assertion type="Schema Compliance"><con:configuration><definition/></con:configuration></con:assertion><con:assertion type="SOAP Fault Assertion"/><con:wsaConfig action="http://it.imolinfo.jbi4corba.test.testprovidercomplex.EchoComplex2/EchoComplex2/echoStructOfValuetype" mustUnderstand="NONE" version="200508"/><con:wsrmConfig version="1.2"/></con:request></con:config></con:testStep><con:properties/></con:testCase><con:testCase failOnError="true" failTestCaseOnErrors="true" keepSession="false" maxResults="0" name="echoValueBoxedTypeComplex TestCase" searchProperties="true" id="893199ed-e940-45bf-9ee2-eab30a6c95cc"><con:settings/><con:testStep type="request" name="echoValueBoxedTypeComplex"><con:settings/><con:config xsi:type="con:RequestStep" xmlns:xsi="http://www.w3.org/2001/XMLSchema-instance"><con:interface>EchoComplex2HttpBinding</con:interface><con:operation>echoValueBoxedTypeComplex</con:operation><con:request name="echoValueBoxedTypeComplex"><con:settings/><con:encoding>UTF-8</con:encoding><con:endpoint>http://localhost:8192/service/EchoComplex2</con:endpoint><con:request><![CDATA[<soapenv:Envelope xmlns:soapenv="http://schemas.xmlsoap.org/soap/envelope/" xmlns:it="http://it.imolinfo.jbi4corba.test.testprovidercomplex.EchoComplex2" xmlns:tes="http://testprovidercomplex.test.jbi4corba.imolinfo.it/">
   <soapenv:Header/>
   <soapenv:Body>
      <it:echoValueBoxedTypeComplex>
         <it:e>
            <!--1 or more repetitions:-->
            <tes:data>1</tes:data>
         </it:e>
      </it:echoValueBoxedTypeComplex>
   </soapenv:Body>
</soapenv:Envelope>]]></con:request><con:assertion type="SOAP Fault Assertion"/><con:assertion type="Schema Compliance"><con:configuration><definition/></con:configuration></con:assertion><con:assertion type="SOAP Response"/><con:wsaConfig action="http://it.imolinfo.jbi4corba.test.testprovidercomplex.EchoComplex2/EchoComplex2/echoValueBoxedTypeComplex" mustUnderstand="NONE" version="200508"/><con:wsrmConfig version="1.2"/></con:request></con:config></con:testStep><con:properties/></con:testCase><con:testCase failOnError="true" failTestCaseOnErrors="true" keepSession="false" maxResults="0" name="echoValueBoxedTypePrimitive TestCase" searchProperties="true" id="cfe14615-ccad-4450-9327-9a6a33ac9d35"><con:settings/><con:testStep type="request" name="echoValueBoxedTypePrimitive"><con:settings/><con:config xsi:type="con:RequestStep" xmlns:xsi="http://www.w3.org/2001/XMLSchema-instance"><con:interface>EchoComplex2HttpBinding</con:interface><con:operation>echoValueBoxedTypePrimitive</con:operation><con:request name="echoValueBoxedTypePrimitive"><con:settings/><con:encoding>UTF-8</con:encoding><con:endpoint>http://localhost:8192/service/EchoComplex2</con:endpoint><con:request><![CDATA[<soapenv:Envelope xmlns:soapenv="http://schemas.xmlsoap.org/soap/envelope/" xmlns:it="http://it.imolinfo.jbi4corba.test.testprovidercomplex.EchoComplex2" xmlns:tes="http://testprovidercomplex.test.jbi4corba.imolinfo.it/">
   <soapenv:Header/>
   <soapenv:Body>
      <it:echoValueBoxedTypePrimitive>
         <it:e>
            <tes:data>2</tes:data>
         </it:e>
      </it:echoValueBoxedTypePrimitive>
   </soapenv:Body>
</soapenv:Envelope>]]></con:request><con:assertion type="SOAP Fault Assertion"/><con:assertion type="SOAP Response"/><con:assertion type="Schema Compliance"><con:configuration><definition/></con:configuration></con:assertion><con:wsaConfig action="http://it.imolinfo.jbi4corba.test.testprovidercomplex.EchoComplex2/EchoComplex2/echoValueBoxedTypePrimitive" mustUnderstand="NONE" version="200508"/><con:wsrmConfig version="1.2"/></con:request></con:config></con:testStep><con:properties/></con:testCase><con:testCase failOnError="true" failTestCaseOnErrors="true" keepSession="false" maxResults="0" name="echoValueType TestCase" searchProperties="true" id="12e1baab-fee4-4536-a785-ed584e588e55"><con:settings/><con:testStep type="request" name="echoValueType"><con:settings/><con:config xsi:type="con:RequestStep" xmlns:xsi="http://www.w3.org/2001/XMLSchema-instance"><con:interface>EchoComplex2HttpBinding</con:interface><con:operation>echoValueType</con:operation><con:request name="echoValueType"><con:settings/><con:encoding>UTF-8</con:encoding><con:endpoint>http://localhost:8192/service/EchoComplex2</con:endpoint><con:request><![CDATA[<soapenv:Envelope xmlns:soapenv="http://schemas.xmlsoap.org/soap/envelope/" xmlns:it="http://it.imolinfo.jbi4corba.test.testprovidercomplex.EchoComplex2" xmlns:tes="http://testprovidercomplex.test.jbi4corba.imolinfo.it/">
   <soapenv:Header/>
   <soapenv:Body>
      <it:echoValueType>
         <it:e>
            <tes:publicShort>2</tes:publicShort>
            <tes:privateLong>12234</tes:privateLong>
         </it:e>
      </it:echoValueType>
   </soapenv:Body>
</soapenv:Envelope>]]></con:request><con:assertion type="SOAP Response"/><con:assertion type="Schema Compliance"><con:configuration><definition/></con:configuration></con:assertion><con:assertion type="SOAP Fault Assertion"/><con:wsaConfig action="http://it.imolinfo.jbi4corba.test.testprovidercomplex.EchoComplex2/EchoComplex2/echoValueType" mustUnderstand="NONE" version="200508"/><con:wsrmConfig version="1.2"/></con:request></con:config></con:testStep><con:properties/></con:testCase><con:testCase failOnError="true" failTestCaseOnErrors="true" keepSession="false" maxResults="0" name="echoValueTypeOfStruct TestCase" searchProperties="true" id="cfcd7fcf-02e3-4e74-b695-e4e1057489a7"><con:settings/><con:testStep type="request" name="echoValueTypeOfStruct"><con:settings/><con:config xsi:type="con:RequestStep" xmlns:xsi="http://www.w3.org/2001/XMLSchema-instance"><con:interface>EchoComplex2HttpBinding</con:interface><con:operation>echoValueTypeOfStruct</con:operation><con:request name="echoValueTypeOfStruct"><con:settings/><con:encoding>UTF-8</con:encoding><con:endpoint>http://localhost:8192/service/EchoComplex2</con:endpoint><con:request><![CDATA[<soapenv:Envelope xmlns:soapenv="http://schemas.xmlsoap.org/soap/envelope/" xmlns:it="http://it.imolinfo.jbi4corba.test.testprovidercomplex.EchoComplex2" xmlns:tes="http://testprovidercomplex.test.jbi4corba.imolinfo.it/">
   <soapenv:Header/>
   <soapenv:Body>
       <it:echoValueTypeOfStruct>
         <it:v>
            <tes:data>
               <tes:fieldBoolean>true</tes:fieldBoolean>
               <tes:fieldChar>2</tes:fieldChar>
               <tes:fieldWChar>33</tes:fieldWChar>
               <tes:fieldString>String</tes:fieldString>
               <tes:fieldWString>sds</tes:fieldWString>
               <tes:fieldShort>3</tes:fieldShort>
               <tes:fieldUnsignedShort>44</tes:fieldUnsignedShort>
               <tes:fieldLong>23323</tes:fieldLong>
               <tes:fieldUnsignedLong>98908</tes:fieldUnsignedLong>
               <tes:fieldLongLong>32323</tes:fieldLongLong>
               <tes:fieldUnsignedLongLong>32323</tes:fieldUnsignedLongLong>
               <tes:fieldFloat>2.3</tes:fieldFloat>
               <tes:fieldDouble>3.2</tes:fieldDouble>
            </tes:data>
         </it:v>
      </it:echoValueTypeOfStruct>
   </soapenv:Body>
</soapenv:Envelope>]]></con:request><con:assertion type="SOAP Fault Assertion"/><con:assertion type="Schema Compliance"><con:configuration><definition/></con:configuration></con:assertion><con:assertion type="SOAP Response"/><con:wsaConfig action="http://it.imolinfo.jbi4corba.test.testprovidercomplex.EchoComplex2/EchoComplex2/echoValueTypeOfStruct" mustUnderstand="NONE" version="200508"/><con:wsrmConfig version="1.2"/></con:request></con:config></con:testStep><con:properties/></con:testCase><con:testCase failOnError="true" failTestCaseOnErrors="true" keepSession="false" maxResults="0" name="echoValueTypeOfValueType TestCase" searchProperties="true" id="13f3ce11-fd3f-4da9-a525-10851be463a0"><con:settings/><con:testStep type="request" name="echoValueTypeOfValueType"><con:settings/><con:config xsi:type="con:RequestStep" xmlns:xsi="http://www.w3.org/2001/XMLSchema-instance"><con:interface>EchoComplex2HttpBinding</con:interface><con:operation>echoValueTypeOfValueType</con:operation><con:request name="echoValueTypeOfValueType"><con:settings/><con:encoding>UTF-8</con:encoding><con:endpoint>http://localhost:8192/service/EchoComplex2</con:endpoint><con:request><![CDATA[<soapenv:Envelope xmlns:soapenv="http://schemas.xmlsoap.org/soap/envelope/" xmlns:it="http://it.imolinfo.jbi4corba.test.testprovidercomplex.EchoComplex2" xmlns:tes="http://testprovidercomplex.test.jbi4corba.imolinfo.it/">
   <soapenv:Header/>
   <soapenv:Body>
      <it:echoValueTypeOfValueType>
         <it:v>
            <tes:data>
                 <tes:fieldBoolean>false</tes:fieldBoolean>
               <tes:fieldChar>2</tes:fieldChar>
               <tes:fieldWChar>33</tes:fieldWChar>
               <tes:fieldOctet>1234</tes:fieldOctet>
               <tes:fieldString>sasc</tes:fieldString>
               <tes:fieldWString>ss</tes:fieldWString>
               <tes:fieldShort>2</tes:fieldShort>
               <tes:fieldUnsignedShort>2</tes:fieldUnsignedShort>
               <tes:fieldLong>334</tes:fieldLong>
               <tes:fieldUnsignedLong>444</tes:fieldUnsignedLong>
               <tes:fieldLongLong>555555</tes:fieldLongLong>
               <tes:fieldUnsignedLongLong>555555</tes:fieldUnsignedLongLong>
               <tes:fieldFloat>3.4</tes:fieldFloat>
               <tes:fieldDouble>5.3</tes:fieldDouble>
            </tes:data>
         </it:v>
      </it:echoValueTypeOfValueType>
   </soapenv:Body>
</soapenv:Envelope>]]></con:request><con:assertion type="SOAP Fault Assertion"/><con:assertion type="SOAP Response"/><con:assertion type="Schema Compliance"><con:configuration><definition/></con:configuration></con:assertion><con:wsaConfig action="http://it.imolinfo.jbi4corba.test.testprovidercomplex.EchoComplex2/EchoComplex2/echoValueTypeOfValueType" mustUnderstand="NONE" version="200508"/><con:wsrmConfig version="1.2"/></con:request></con:config></con:testStep><con:properties/></con:testCase><con:testCase failOnError="true" failTestCaseOnErrors="true" keepSession="false" maxResults="0" name="echoVTPrimi TestCase" searchProperties="true" id="aa04ac8b-9964-4194-a098-b15c06294648"><con:settings/><con:testStep type="request" name="echoVTPrimi"><con:settings/><con:config xsi:type="con:RequestStep" xmlns:xsi="http://www.w3.org/2001/XMLSchema-instance"><con:interface>EchoComplex2HttpBinding</con:interface><con:operation>echoVTPrimi</con:operation><con:request name="echoVTPrimi"><con:settings/><con:encoding>UTF-8</con:encoding><con:endpoint>http://localhost:8192/service/EchoComplex2</con:endpoint><con:request><![CDATA[<soapenv:Envelope xmlns:soapenv="http://schemas.xmlsoap.org/soap/envelope/" xmlns:it="http://it.imolinfo.jbi4corba.test.testprovidercomplex.EchoComplex2" xmlns:tes="http://testprovidercomplex.test.jbi4corba.imolinfo.it/">
   <soapenv:Header/>
   <soapenv:Body>
      <it:echoVTPrimi>
         <it:v>
            <tes:fieldBoolean>true</tes:fieldBoolean>
            <tes:fieldChar>2</tes:fieldChar>
            <tes:fieldWChar>22</tes:fieldWChar>
            <tes:fieldOctet>12345678</tes:fieldOctet>
            <tes:fieldString>Prova</tes:fieldString>
            <tes:fieldWString>2</tes:fieldWString>
            <tes:fieldShort>2</tes:fieldShort>
            <tes:fieldUnsignedShort>3</tes:fieldUnsignedShort>
            <tes:fieldLong>44</tes:fieldLong>
            <tes:fieldUnsignedLong>55</tes:fieldUnsignedLong>
            <tes:fieldLongLong>234820</tes:fieldLongLong>
            <tes:fieldUnsignedLongLong>324232</tes:fieldUnsignedLongLong>
            <tes:fieldFloat>3.4</tes:fieldFloat>
            <tes:fieldDouble>2.44</tes:fieldDouble>
         </it:v>
      </it:echoVTPrimi>
   </soapenv:Body>
</soapenv:Envelope>]]></con:request><con:assertion type="SOAP Response"/><con:assertion type="Schema Compliance"><con:configuration><definition/></con:configuration></con:assertion><con:assertion type="SOAP Fault Assertion"/><con:wsaConfig action="http://it.imolinfo.jbi4corba.test.testprovidercomplex.EchoComplex2/EchoComplex2/echoVTPrimi" mustUnderstand="NONE" version="200508"/><con:wsrmConfig version="1.2"/></con:request></con:config></con:testStep><con:properties/></con:testCase><con:testCase failOnError="true" failTestCaseOnErrors="true" keepSession="false" maxResults="0" name="echoVTPrimiSeq TestCase" searchProperties="true" id="116fc2ef-01e0-4865-8af7-9223417e26f0"><con:settings/><con:testStep type="request" name="echoVTPrimiSeq"><con:settings/><con:config xsi:type="con:RequestStep" xmlns:xsi="http://www.w3.org/2001/XMLSchema-instance"><con:interface>EchoComplex2HttpBinding</con:interface><con:operation>echoVTPrimiSeq</con:operation><con:request name="echoVTPrimiSeq"><con:settings/><con:encoding>UTF-8</con:encoding><con:endpoint>http://localhost:8192/service/EchoComplex2</con:endpoint><con:request><![CDATA[<soapenv:Envelope xmlns:soapenv="http://schemas.xmlsoap.org/soap/envelope/" xmlns:it="http://it.imolinfo.jbi4corba.test.testprovidercomplex.EchoComplex2" xmlns:tes="http://testprovidercomplex.test.jbi4corba.imolinfo.it/">
   <soapenv:Header/>
   <soapenv:Body>
       <it:echoVTPrimiSeq>
         <it:v>
            <!--1 or more repetitions:-->
            <tes:data>
              <tes:fieldBoolean>false</tes:fieldBoolean>
               <tes:fieldChar>2</tes:fieldChar>
               <tes:fieldWChar>2</tes:fieldWChar>
               <tes:fieldOctet>2323</tes:fieldOctet>
               <tes:fieldString>Casdia</tes:fieldString>
               <tes:fieldWString>dd</tes:fieldWString>
               <tes:fieldShort>2</tes:fieldShort>
               <tes:fieldUnsignedShort>2</tes:fieldUnsignedShort>
               <tes:fieldLong>33</tes:fieldLong>
               <tes:fieldUnsignedLong>44</tes:fieldUnsignedLong>
               <tes:fieldLongLong>323</tes:fieldLongLong>
               <tes:fieldUnsignedLongLong>3232</tes:fieldUnsignedLongLong>
               <tes:fieldFloat>3.2</tes:fieldFloat>
               <tes:fieldDouble>23.3</tes:fieldDouble>
            </tes:data>
	    <tes:data>
              <tes:fieldBoolean>false</tes:fieldBoolean>
               <tes:fieldChar>2</tes:fieldChar>
               <tes:fieldWChar>2</tes:fieldWChar>
               <tes:fieldOctet>2323</tes:fieldOctet>
               <tes:fieldString>Casdia</tes:fieldString>
               <tes:fieldWString>dd</tes:fieldWString>
               <tes:fieldShort>2</tes:fieldShort>
               <tes:fieldUnsignedShort>2</tes:fieldUnsignedShort>
               <tes:fieldLong>33</tes:fieldLong>
               <tes:fieldUnsignedLong>44</tes:fieldUnsignedLong>
               <tes:fieldLongLong>323</tes:fieldLongLong>
               <tes:fieldUnsignedLongLong>3232</tes:fieldUnsignedLongLong>
               <tes:fieldFloat>3.2</tes:fieldFloat>
               <tes:fieldDouble>23.3</tes:fieldDouble>
            </tes:data>
         </it:v>
      </it:echoVTPrimiSeq>
   </soapenv:Body>
</soapenv:Envelope>]]></con:request><con:assertion type="SOAP Fault Assertion"/><con:assertion type="SOAP Response"/><con:assertion type="Schema Compliance"><con:configuration><definition/></con:configuration></con:assertion><con:wsaConfig action="http://it.imolinfo.jbi4corba.test.testprovidercomplex.EchoComplex2/EchoComplex2/echoVTPrimiSeq" mustUnderstand="NONE" version="200508"/><con:wsrmConfig version="1.2"/></con:request></con:config></con:testStep><con:properties/></con:testCase><con:properties/></con:testSuite><con:testSuite name="EchoSharedHttpBinding TestSuite"><con:settings/><con:runType>SEQUENTIAL</con:runType><con:testCase failOnError="true" failTestCaseOnErrors="true" keepSession="false" maxResults="0" name="echo TestCase" searchProperties="true" id="9d6216c9-3361-41bf-9d3f-86cf4733ec5a"><con:settings/><con:testStep type="request" name="echo"><con:settings/><con:config xsi:type="con:RequestStep" xmlns:xsi="http://www.w3.org/2001/XMLSchema-instance"><con:interface>EchoSharedHttpBinding</con:interface><con:operation>echo</con:operation><con:request name="echo"><con:settings/><con:encoding>UTF-8</con:encoding><con:endpoint>http://localhost:8192/service/EchoShared</con:endpoint><con:request><![CDATA[<soapenv:Envelope xmlns:soapenv="http://schemas.xmlsoap.org/soap/envelope/" xmlns:it="http://it.imolinfo.jbi4corba.test.testsharedprovidercomplex.EchoShared">
   <soapenv:Header/>
   <soapenv:Body>
      <it:echo>
         <it:name>Luca</it:name>
         <it:sname>Acquaviva</it:sname>
      </it:echo>
   </soapenv:Body>
</soapenv:Envelope>]]></con:request><con:assertion type="SOAP Response"/><con:assertion type="SOAP Fault Assertion"/><con:assertion type="Simple Contains"><con:configuration><token>Luca</token><ignoreCase>false</ignoreCase><useRegEx>false</useRegEx></con:configuration></con:assertion><con:assertion type="Simple Contains"><con:configuration><token>Acquaviva</token><ignoreCase>false</ignoreCase><useRegEx>false</useRegEx></con:configuration></con:assertion><con:assertion type="Schema Compliance"><con:configuration><definition/></con:configuration></con:assertion><con:wsaConfig action="http://it.imolinfo.jbi4corba.test.testsharedprovidercomplex.EchoShared/EchoShared/echo" mustUnderstand="NONE" version="200508"/><con:wsrmConfig version="1.2"/></con:request></con:config></con:testStep><con:properties/></con:testCase><con:properties/></con:testSuite><con:properties/><con:wssContainer/></con:soapui-project>