<?xml version="1.0" encoding="UTF-8" ?>
<testsuite errors="0" failures="0" name="org.netbeans.modules.compapp.catd.ConfiguredTest" tests="1" time="1.812">
  <properties>
    <property name="netbeans.autoupdate.country" value="US"></property>
    <property name="org.netbeans.modules.compapp.jbiserver.alias.application-sub-assembly" value="This Application Service Unit"></property>
    <property name="com.sun.jbi.sa.internal.routing" value="true"></property>
    <property name="Env-TMP" value="C:\DOCUME~1\graj\LOCALS~1\Temp"></property>
    <property name="javax.xml.parsers.SAXParserFactory" value="org.netbeans.core.startup.SAXFactoryImpl"></property>
    <property name="org.netbeans.modules.compapp.jbiserver.description.assembly-unit" value="Represents this Service Assembly"></property>
    <property name="source.root" value="src"></property>
    <property name="org.openide.TopManager.GUI" value="true"></property>
    <property name="libs.theme-default.classpath" value="@SRCROOT@/netbeans\rave2.0\modules\ext\defaulttheme.jar"></property>
    <property name="libs.junit.javadoc" value="@SRCROOT@/netbeans\ide7\docs\junit-3.8.1-api.zip"></property>
    <property name="javadoc.windowtitle" value=""></property>
    <property name="libs.toplink.classpath" value="@SRCROOT@/netbeans\enterprise3\modules\ext\toplink\toplink-essentials.jar;@SRCROOT@/netbeans\enterprise3\modules\ext\toplink\toplink-essentials-agent.jar"></property>
    <property name="user.dir" value="@drivertest_dir@/cachese\filterRequestReply\SynchronousSampleJbi"></property>
    <property name="libs.theme-default-green.classpath" value="@SRCROOT@/netbeans\rave2.0\modules\ext\defaulttheme-green.jar"></property>
    <property name="java.vm.version" value="1.5.0_09-b03"></property>
    <property name="libs.jsf-runtime.classpath" value="@SRCROOT@/netbeans\rave2.0\modules\ext\jsf-api.jar;@SRCROOT@/netbeans\rave2.0\modules\ext\jsf-impl.jar;@SRCROOT@/netbeans\BusinessIntegration\modules\ext\commons-beanutils.jar;@SRCROOT@/netbeans\rave2.0\modules\ext\commons-collections.jar;@SRCROOT@/netbeans\BusinessIntegration\modules\ext\commons-digester.jar;@SRCROOT@/netbeans\ide7\modules\ext\commons-logging-1.0.4.jar"></property>
    <property name="jbi.content.additional" value="@drivertest_dir@/cachese\filterRequestReply\SynchronousSampleCache/build/SEDeployment.jar;@drivertest_dir@/cachese\filterRequestReply\SynchronousSample/build/SEDeployment.jar"></property>
    <property name="env-path" value="C:\java\jdk1.5.0_09\bin;C:\tools\apache-ant-1.6.5\bin;C:\maven-2.0.4\bin;C:\WINNT\system32;C:\WINNT;C:\WINNT\system32\WBEM;C:\Program Files\ATI Technologies\ATI Control Panel;C:\Program Files\Hummingbird\Connectivity\8.00\Accessories\;C:\Sun\AppServer\jdk\bin;C:\rcs\bin\win32;C:\eval\SpiritSoft\Wave\bin;C:\GNU\WinCvs 1.2;C:\GNU\cvsnt;C:\svn-win32-1.4.0\bin;"></property>
    <property name="libs.jaxb20.classpath" value="@SRCROOT@/netbeans\ide7\modules\ext\jaxws20\activation.jar;@SRCROOT@/netbeans\ide7\modules\ext\jaxws20\jaxb-api.jar;@SRCROOT@/netbeans\ide7\modules\ext\jaxws20\jaxb-impl.jar;@SRCROOT@/netbeans\ide7\modules\ext\jaxws20\jaxb-xjc.jar;@SRCROOT@/netbeans\ide7\modules\ext\jaxws20\jsr173_api.jar"></property>
    <property name="libs.jstl11.src" value=""></property>
    <property name="javadoc.notree" value="false"></property>
    <property name="netbeans.autoupdate.version" value="1.20"></property>
    <property name="Env-SPIRITWAVE" value="C:\eval\SpiritSoft\Wave"></property>
    <property name="libs.jaxrpc16.src" value=""></property>
    <property name="env-computername" value="GRAJ-D600"></property>
    <property name="jdk.home" value="C:\java\jdk1.5.0_09"></property>
    <property name="wsclientuptodate.classpath" value="@SRCROOT@/netbeans\enterprise3\ant\extra\wsclientuptodate.jar"></property>
    <property name="javadoc.noindex" value="false"></property>
    <property name="libs.theme-default-green.runtime" value="@SRCROOT@/netbeans\rave2.0\modules\ext\defaulttheme-green.jar"></property>
    <property name="sun.os.patch.level" value="Service Pack 2"></property>
    <property name="libs.theme-default-gray.runtime" value="@SRCROOT@/netbeans\rave2.0\modules\ext\defaulttheme-gray.jar"></property>
    <property name="java.vm.specification.name" value="Java Virtual Machine Specification"></property>
    <property name="com.sun.appserver.instance.password" value="adminadmin"></property>
    <property name="libs.jdbcsupport-runtime.classpath" value="@SRCROOT@/netbeans\rave2.0\modules\ext\rowset.jar;@SRCROOT@/netbeans\rave2.0\modules\ext\sqlx.jar"></property>
    <property name="netbeans.autoupdate.variant" value=""></property>
    <property name="have.tests" value="true"></property>
    <property name="env-os" value="Windows_NT"></property>
    <property name="libs.jdbcsupport-designtime.classpath" value="@SRCROOT@/netbeans\rave2.0\modules\ext\rowset.jar;@SRCROOT@/netbeans\rave2.0\modules\ext\sqlx.jar"></property>
    <property name="org.xml.sax.driver" value="com.sun.org.apache.xerces.internal.parsers.SAXParser"></property>
    <property name="j2ee.server.instance" value="[@SRCROOT@/glassfish]deployer:Sun:AppServer::localhost:4848"></property>
    <property name="os.name" value="Windows XP"></property>
    <property name="env-processor_revision" value="0905"></property>
    <property name="libs.jaxrpc16.classpath" value="@SRCROOT@/netbeans\ide7\modules\ext\jaxrpc16\activation.jar;@SRCROOT@/netbeans\ide7\modules\ext\jaxrpc16\FastInfoset.jar;@SRCROOT@/netbeans\ide7\modules\ext\jaxrpc16\jax-qname.jar;@SRCROOT@/netbeans\ide7\modules\ext\jaxrpc16\jaxp-api.jar;@SRCROOT@/netbeans\ide7\modules\ext\jaxrpc16\jaxrpc-api.jar;@SRCROOT@/netbeans\ide7\modules\ext\jaxrpc16\jaxrpc-impl.jar;@SRCROOT@/netbeans\ide7\modules\ext\jaxrpc16\jaxrpc-spi.jar;@SRCROOT@/netbeans\ide7\modules\ext\jaxrpc16\jsr173_api.jar;@SRCROOT@/netbeans\ide7\modules\ext\jaxrpc16\mail.jar;@SRCROOT@/netbeans\ide7\modules\ext\jaxrpc16\relaxngDatatype.jar;@SRCROOT@/netbeans\ide7\modules\ext\jaxrpc16\saaj-api.jar;@SRCROOT@/netbeans\ide7\modules\ext\jaxrpc16\saaj-impl.jar;@SRCROOT@/netbeans\ide7\modules\ext\jaxrpc16\xsdlib.jar"></property>
    <property name="project.SynchronousSample" value="@drivertest_dir@/cachese\filterRequestReply\SynchronousSample"></property>
    <property name="Env-PERL5_HOME" value="C:\cygwin\lib\perl5\5.8"></property>
    <property name="Env-RCSINIT" value="-x,v/"></property>
    <property name="Env-USERDNSDOMAIN" value="STC.COM"></property>
    <property name="java.vendor.url.bug" value="http://java.sun.com/cgi-bin/bugreport.cgi"></property>
    <property name="os.arch" value="x86"></property>
    <property name="user.name" value="graj"></property>
    <property name="build.classes.dir" value="build/jar"></property>
    <property name="Env-Path" value="C:\java\jdk1.5.0_09\bin;C:\tools\apache-ant-1.6.5\bin;C:\maven-2.0.4\bin;C:\WINNT\system32;C:\WINNT;C:\WINNT\system32\WBEM;C:\Program Files\ATI Technologies\ATI Control Panel;C:\Program Files\Hummingbird\Connectivity\8.00\Accessories\;C:\Sun\AppServer\jdk\bin;C:\rcs\bin\win32;C:\eval\SpiritSoft\Wave\bin;C:\GNU\WinCvs 1.2;C:\GNU\cvsnt;C:\svn-win32-1.4.0\bin;"></property>
    <property name="env-systemroot" value="C:\WINNT"></property>
    <property name="javax.xml.parsers.DocumentBuilderFactory" value="org.netbeans.core.startup.DOMFactoryImpl"></property>
    <property name="user.country" value="US"></property>
    <property name="libs.commons-logging-1-0-4.javadoc" value=""></property>
    <property name="libs.jstl11.javadoc" value="@SRCROOT@/netbeans\enterprise3\docs\javaee5-doc-api.zip"></property>
    <property name="Env-ComSpec" value="C:\WINNT\system32\@shell_cmd@"></property>
    <property name="javadoc.encoding" value=""></property>
    <property name="libs.jsfsupport-designtime.javadoc" value="@SRCROOT@/netbeans\rave2.0\docs\appbase-doc.zip;@SRCROOT@/netbeans\rave2.0\docs\dataprovider-doc.zip;@SRCROOT@/netbeans\rave2.0\docs\jsfcl-doc.zip"></property>
    <property name="libs.JAVADB_DRIVER_LABEL.src" value=""></property>
    <property name="project.SynchronousSampleCache" value="@drivertest_dir@/cachese\filterRequestReply\SynchronousSampleCache"></property>
    <property name="meta.inf" value="src/conf"></property>
    <property name="netbeans.system_http_non_proxy_hosts" value=""></property>
    <property name="netbeans.home" value="@SRCROOT@/netbeans\platform6"></property>
    <property name="build.compiler.emacs" value="true"></property>
    <property name="Env-PROCESSOR_ARCHITECTURE" value="x86"></property>
    <property name="libs.jdbcsupport-runtime.javadoc" value="@SRCROOT@/netbeans\rave2.0\docs\rowset-doc.zip"></property>
    <property name="java.endorsed.dirs" value="C:\java\jdk1.5.0_09\jre\lib\endorsed"></property>
    <property name="netbeans.dynamic.classpath" value="@SRCROOT@/netbeans\platform6\core\core.jar;@SRCROOT@/netbeans\platform6\core\org-openide-filesystems.jar;@SRCROOT@/netbeans\ide7\core\org-netbeans-modules-utilities-cli.jar;@SRCROOT@/netbeans\nb5.5\core\org-netbeans-upgrader.jar;@SRCROOT@/netbeans\nb5.5\core\locale\core_nb.jar"></property>
    <property name="env-catalina_home" value="C:\java\jakarta-tomcat-4.1.30"></property>
    <property name="Env-HOMEDRIVE" value="C:"></property>
    <property name="env-java_home" value="C:\java\jdk1.5.0_09"></property>
    <property name="java.vm.specification.version" value="1.0"></property>
    <property name="libs.EJB_SUPPORT_LIB.classpath" value="@SRCROOT@/netbeans\rave2.0\modules\ext\ejb20.jar"></property>
    <property name="netbeans.autoupdate.language" value="en"></property>
    <property name="Env-USERPROFILE" value="C:\Documents and Settings\graj"></property>
    <property name="java.vendor" value="Sun Microsystems Inc."></property>
    <property name="env-userdnsdomain" value="STC.COM"></property>
    <property name="env-processor_identifier" value="x86 Family 6 Model 9 Stepping 5, GenuineIntel"></property>
    <property name="env-logonserver" value="\\ARCHON"></property>
    <property name="javac.debug" value="true"></property>
    <property name="javadoc.splitindex" value="true"></property>
    <property name="file.separator" value="\"></property>
    <property name="libs.IdentityAntTasks.src" value=""></property>
    <property name="org.netbeans.modules.compapp.jbiserver.alias.assembly-unit" value="This Service Assembly"></property>
    <property name="Env-MAVEN_HOME" value="C:\maven-2.0.4"></property>
    <property name="libs.EJB_SUPPORT_LIB.javadoc" value=""></property>
    <property name="netbeans.buildnumber" value="200701090600, Ent.Pack 20070109"></property>
    <property name="user.variant" value=""></property>
    <property name="libs.webui-runtime.classpath" value="@SRCROOT@/netbeans\rave2.0\modules\ext\webui.jar;@SRCROOT@/netbeans\BusinessIntegration\modules\ext\commons-fileupload.jar"></property>
    <property name="libs.junit.classpath" value="@SRCROOT@/netbeans\ide7\modules\ext\junit-3.8.1.jar"></property>
    <property name="libs.struts.classpath" value="@SRCROOT@/netbeans\enterprise3\modules\ext\struts\antlr.jar;@SRCROOT@/netbeans\enterprise3\modules\ext\struts\commons-beanutils.jar;@SRCROOT@/netbeans\enterprise3\modules\ext\struts\commons-digester.jar;@SRCROOT@/netbeans\enterprise3\modules\ext\struts\commons-fileupload.jar;@SRCROOT@/netbeans\enterprise3\modules\ext\struts\commons-logging.jar;@SRCROOT@/netbeans\enterprise3\modules\ext\struts\commons-validator.jar;@SRCROOT@/netbeans\enterprise3\modules\ext\struts\jakarta-oro.jar;@SRCROOT@/netbeans\enterprise3\modules\ext\struts\struts.jar"></property>
    <property name="libs.woodstock-theme-default.classpath" value="@SRCROOT@/netbeans\rave2.0\modules\ext\webui-jsf-suntheme.jar"></property>
    <property name="ant.home" value="@SRCROOT@/netbeans\ide7\ant"></property>
    <property name="Env-USERDOMAIN" value="STC"></property>
    <property name="ant.java.version" value="1.5"></property>
    <property name="java.library.path" value="C:\java\jdk1.5.0_09\jre\bin;.;C:\WINNT\system32;C:\WINNT;C:\java\jdk1.5.0_09\bin;C:\tools\apache-ant-1.6.5\bin;C:\maven-2.0.4\bin;C:\WINNT\system32;C:\WINNT;C:\WINNT\system32\WBEM;C:\Program Files\ATI Technologies\ATI Control Panel;C:\Program Files\Hummingbird\Connectivity\8.00\Accessories\;C:\Sun\AppServer\jdk\bin;C:\rcs\bin\win32;C:\eval\SpiritSoft\Wave\bin;C:\GNU\WinCvs 1.2;C:\GNU\cvsnt;C:\svn-win32-1.4.0\bin;"></property>
    <property name="javadoc.author" value="false"></property>
    <property name="libs.IdentityAntTasks.classpath" value="@SRCROOT@/netbeans\identity1\ant\nblib\org-netbeans-modules-identity-ant.jar;@SRCROOT@/netbeans\identity1\modules\org-netbeans-modules-identity-profile-api.jar"></property>
    <property name="https.proxyPort" value=""></property>
    <property name="libs.jaxws20.src" value=""></property>
    <property name="libs.jaxrpc16.javadoc" value=""></property>
    <property name="sun.arch.data.model" value="32"></property>
    <property name="basedir" value="@drivertest_dir@/cachese\filterRequestReply\SynchronousSampleJbi"></property>
    <property name="env-maven_home" value="C:\maven-2.0.4"></property>
    <property name="jar.compress" value="false"></property>
    <property name="org.netbeans.CLIHandler.fast.random" value="true"></property>
    <property name="libs.jstl11.classpath" value="@SRCROOT@/netbeans\BusinessIntegration\modules\ext\standard.jar;@SRCROOT@/netbeans\BusinessIntegration\modules\ext\jstl.jar"></property>
    <property name="path.separator" value=";"></property>
    <property name="sun.io.unicode.encoding" value="UnicodeLittle"></property>
    <property name="libs.struts.src" value=""></property>
    <property name="Env-APPDATA" value="C:\Documents and Settings\graj\Application Data"></property>
    <property name="env-fp_no_host_check" value="NO"></property>
    <property name="user.language" value="en"></property>
    <property name="Env-windir" value="C:\WINNT"></property>
    <property name="ant.file." value="@drivertest_dir@/cachese\filterRequestReply\SynchronousSampleJbi\build.xml"></property>
    <property name="ant.file.SynchronousSampleJbi-jbi-impl" value="@drivertest_dir@/cachese\filterRequestReply\SynchronousSampleJbi\nbproject\build-impl.xml"></property>
    <property name="env-programfiles" value="C:\Program Files"></property>
    <property name="libs.swing-layout.javadoc" value="@SRCROOT@/netbeans\platform6\docs\swing-layout-1.0-doc.zip"></property>
    <property name="Env-PATHEXT" value=".COM;.EXE;.BAT;.CMD;.VBS;.VBE;.JS;.JSE;.WSF;.WSH"></property>
    <property name="env-number_of_processors" value="1"></property>
    <property name="libs.commons-logging-1-0-4.classpath" value="@SRCROOT@/netbeans\ide7\modules\ext\commons-logging-1.0.4.jar"></property>
    <property name="env-rcsinit" value="-x,v/"></property>
    <property name="https.nonProxyHosts" value="localhost|127.0.0.1|Graj-D600|Graj-D600.stc.com"></property>
    <property name="java.class.version" value="49.0"></property>
    <property name="libs.JAVADB_DRIVER_LABEL.classpath" value="@SRCROOT@/glassfish\javadb\lib\derby.jar;@SRCROOT@/glassfish\javadb\lib\derbyclient.jar;@SRCROOT@/glassfish\javadb\lib\derbynet.jar"></property>
    <property name="netbeans.system_http_proxy" value="DIRECT"></property>
    <property name="user.properties.file" value="@SRCROOT@/capstool\alaska\build\testuserdir\build.properties"></property>
    <property name="libs.EJB_SUPPORT_LIB.src" value=""></property>
    <property name="file.encoding.pkg" value="sun.io"></property>
    <property name="sun.cpu.endian" value="little"></property>
    <property name="libs.WEBSVC_SUPPORT_LIB.classpath" value="@SRCROOT@/netbeans\rave2.0\modules\ext\rave-activation.jar;@SRCROOT@/netbeans\rave2.0\modules\ext\rave-jaxp-api.jar;@SRCROOT@/netbeans\rave2.0\modules\ext\rave-jax-qname.jar;@SRCROOT@/netbeans\rave2.0\modules\ext\rave-jaxrpc-api.jar;@SRCROOT@/netbeans\rave2.0\modules\ext\rave-jaxrpc-impl.jar;@SRCROOT@/netbeans\rave2.0\modules\ext\rave-jaxrpc-spi.jar;@SRCROOT@/netbeans\rave2.0\modules\ext\rave-mail.jar;@SRCROOT@/netbeans\rave2.0\modules\ext\rave-relaxngDatatype.jar;@SRCROOT@/netbeans\rave2.0\modules\ext\rave-saaj-api.jar;@SRCROOT@/netbeans\rave2.0\modules\ext\rave-saaj-impl.jar;@SRCROOT@/netbeans\rave2.0\modules\ext\rave-xsdlib.jar"></property>
    <property name="Env-JAVA_HOME" value="C:\java\jdk1.5.0_09"></property>
    <property name="env-perl5_home" value="C:\cygwin\lib\perl5\5.8"></property>
    <property name="libs.jsfsupport-designtime.classpath" value="@SRCROOT@/netbeans\rave2.0\modules\ext\jsfcl.jar;@SRCROOT@/netbeans\rave2.0\modules\ext\dataprovider.jar;@SRCROOT@/netbeans\rave2.0\modules\ext\appbase.jar"></property>
    <property name="env-username" value="graj"></property>
    <property name="env-homepath" value="\Documents and Settings\graj"></property>
    <property name="javadoc.preview" value="true"></property>
    <property name="java.home" value="C:\java\jdk1.5.0_09\jre"></property>
    <property name="copyfiles.classpath" value="@SRCROOT@/netbeans\enterprise3\ant\extra\copyfiles.jar"></property>
    <property name="libs.jbi.classpath" value="@SRCROOT@/netbeans\soa1\modules\ext\jbi.jar"></property>
    <property name="libs.webui-designtime.src" value="@SRCROOT@/netbeans\rave2.0\docs\webui-src.zip"></property>
    <property name="libs.jsf.javadoc" value="@SRCROOT@/netbeans\enterprise3\docs\javaee5-doc-api.zip"></property>
    <property name="org.netbeans.modules.compapp.projects.jbi.descriptor.uuid.assembly-unit" value="SynchronousSampleJbi"></property>
    <property name="env-sessionname" value="Console"></property>
    <property name="org.openide.TopManager" value="org.netbeans.core.NonGui"></property>
    <property name="env-commonprogramfiles" value="C:\Program Files\Common Files"></property>
    <property name="libs.exceptionhandler-runtime.javadoc" value=""></property>
    <property name="libs.jsfsupport-runtime.classpath" value="@SRCROOT@/netbeans\rave2.0\modules\ext\jsfcl.jar;@SRCROOT@/netbeans\rave2.0\modules\ext\dataprovider.jar;@SRCROOT@/netbeans\rave2.0\modules\ext\appbase.jar"></property>
    <property name="env-processor_level" value="6"></property>
    <property name="Env-TZ" value="PST8PDT"></property>
    <property name="http.nonProxyHosts" value="localhost|127.0.0.1|Graj-D600|Graj-D600.stc.com"></property>
    <property name="Env-PROCESSOR_IDENTIFIER" value="x86 Family 6 Model 9 Stepping 5, GenuineIntel"></property>
    <property name="libs.toplink.src" value=""></property>
    <property name="test.results.dir" value="@drivertest_dir@/cachese\filterRequestReply\SynchronousSampleJbi/test/results"></property>
    <property name="jar.name" value="SynchronousSampleJbi.jar"></property>
    <property name="libs.jsf12-support.javadoc" value="@SRCROOT@/netbeans\rave2.0\docs\appbase-doc.zip;@SRCROOT@/netbeans\rave2.0\docs\dataprovider-doc.zip;@SRCROOT@/netbeans\rave2.0\docs\jsfcl-doc.zip"></property>
    <property name="libs.jaxb20.src" value=""></property>
    <property name="Env-SystemRoot" value="C:\WINNT"></property>
    <property name="libs.theme-default.runtime" value="@SRCROOT@/netbeans\rave2.0\modules\ext\defaulttheme.jar"></property>
    <property name="env-ant_home" value="C:\tools\apache-ant-1.6.5"></property>
    <property name="libs.commons-logging-1-0-4.src" value=""></property>
    <property name="http.proxyHost" value=""></property>
    <property name="Env-TEMP" value="C:\DOCUME~1\graj\LOCALS~1\Temp"></property>
    <property name="libs.WEBSVC_SUPPORT_LIB.src" value=""></property>
    <property name="reference.SynchronousSampleCache.dist_se" value="@drivertest_dir@/cachese\filterRequestReply\SynchronousSampleCache/build/SEDeployment.jar"></property>
    <property name="sun.management.compiler" value="HotSpot Client Compiler"></property>
    <property name="javac.deprecation" value="false"></property>
    <property name="javadoc.use" value="true"></property>
    <property name="libs.jdbcsupport-runtime.src" value=""></property>
    <property name="libs.theme-default-gray.classpath" value="@SRCROOT@/netbeans\rave2.0\modules\ext\defaulttheme-gray.jar"></property>
    <property name="libs.jsf.src" value=""></property>
    <property name="ant.file" value="@drivertest_dir@/cachese\filterRequestReply\SynchronousSampleJbi\build.xml"></property>
    <property name="env-tmp" value="C:\DOCUME~1\graj\LOCALS~1\Temp"></property>
    <property name="Env-SystemDrive" value="C:"></property>
    <property name="sun.awt.exception.handler" value="org.netbeans.core.NbErrorManager$AWTHandler"></property>
    <property name="Env-CommonProgramFiles" value="C:\Program Files\Common Files"></property>
    <property name="java.vm.specification.vendor" value="Sun Microsystems Inc."></property>
    <property name="libs.swing-layout.src" value=""></property>
    <property name="org.openide.major.version" value="IDE/1"></property>
    <property name="java.vm.name" value="Java HotSpot(TM) Client VM"></property>
    <property name="netbeans.user" value="@SRCROOT@/capstool\alaska\build\testuserdir"></property>
    <property name="java.io.tmpdir" value="C:\DOCUME~1\graj\LOCALS~1\Temp\"></property>
    <property name="java.vendor.url" value="http://java.sun.com/"></property>
    <property name="env-=::" value="::\"></property>
    <property name="jspc.classpath" value="@SRCROOT@/netbeans\ide7\ant\lib\ant.jar:@SRCROOT@/netbeans\enterprise3\modules\ext\servlet2.5-jsp2.1-api.jar:${j2ee.platform.classpath}:@SRCROOT@/netbeans\enterprise3\modules\ext\glassfish-jspparser.jar:@SRCROOT@/netbeans\enterprise3\modules\ext\glassfish-logging.jar:@SRCROOT@/netbeans\ide7\modules\ext\commons-logging-1.0.4.jar"></property>
    <property name="env-appdata" value="C:\Documents and Settings\graj\Application Data"></property>
    <property name="Env-ProgramFiles" value="C:\Program Files"></property>
    <property name="env-windir" value="C:\WINNT"></property>
    <property name="sun.boot.library.path" value="C:\java\jdk1.5.0_09\jre\bin"></property>
    <property name="Env-CATALINA_HOME" value="C:\java\jakarta-tomcat-4.1.30"></property>
    <property name="debug.classpath" value="${javac.classpath}:build/jar"></property>
    <property name="libs.woodstock-theme-default.runtime" value="@SRCROOT@/netbeans\rave2.0\modules\ext\webui-jsf-suntheme.jar"></property>
    <property name="libs.jsf-designtime.javadoc" value="@SRCROOT@/netbeans\rave2.0\docs\jsf_1.1-doc.zip"></property>
    <property name="javadoc.private" value="false"></property>
    <property name="env-spiritwave" value="C:\eval\SpiritSoft\Wave"></property>
    <property name="env-pathext" value=".COM;.EXE;.BAT;.CMD;.VBS;.VBE;.JS;.JSE;.WSF;.WSH"></property>
    <property name="Env-ALLUSERSPROFILE" value="C:\Documents and Settings\All Users"></property>
    <property name="dist.jar" value="dist/SynchronousSampleJbi.zip"></property>
    <property name="Env-LOGONSERVER" value="\\ARCHON"></property>
    <property name="java.runtime.name" value="Java(TM) 2 Runtime Environment, Standard Edition"></property>
    <property name="env-comspec" value="C:\WINNT\system32\@shell_cmd@"></property>
    <property name="Env-=::" value="::\"></property>
    <property name="ant.project.name" value=""></property>
    <property name="netbeans.hash.code" value="unique=NB_CRE976857319"></property>
    <property name="libs.jdbcsupport-designtime.javadoc" value="@SRCROOT@/netbeans\rave2.0\docs\rowset-doc.zip"></property>
    <property name="sun.cpu.isalist" value="pentium_pro+mmx pentium_pro pentium+mmx pentium i486 i386 i86"></property>
    <property name="Env-FP_NO_HOST_CHECK" value="NO"></property>
    <property name="libs.CopyLibs.javadoc" value=""></property>
    <property name="org.openide.specification.version" value="6.2"></property>
    <property name="user.home" value="C:\Documents and Settings\graj"></property>
    <property name="libs.exceptionhandler-runtime.classpath" value="@SRCROOT@/netbeans\rave2.0\modules\ext\errorhandler.jar"></property>
    <property name="com.sun.jbi.routing" value="true"></property>
    <property name="libs.jsf-designtime.classpath" value="@SRCROOT@/netbeans\rave2.0\modules\ext\jsf-api.jar;@SRCROOT@/netbeans\rave2.0\modules\ext\jsf-impl.jar"></property>
    <property name="libs.jaxws20.classpath" value="@SRCROOT@/netbeans\ide7\modules\ext\jaxws20\activation.jar;@SRCROOT@/netbeans\ide7\modules\ext\jaxws20\FastInfoset.jar;@SRCROOT@/netbeans\ide7\modules\ext\jaxws20\http.jar;@SRCROOT@/netbeans\ide7\modules\ext\jaxws20\jaxb-api.jar;@SRCROOT@/netbeans\ide7\modules\ext\jaxws20\jaxb-impl.jar;@SRCROOT@/netbeans\ide7\modules\ext\jaxws20\jaxb-xjc.jar;@SRCROOT@/netbeans\ide7\modules\ext\jaxws20\jaxws-api.jar;@SRCROOT@/netbeans\ide7\modules\ext\jaxws20\jaxws-rt.jar;@SRCROOT@/netbeans\ide7\modules\ext\jaxws20\jaxws-tools.jar;@SRCROOT@/netbeans\ide7\modules\ext\jaxws20\jsr173_api.jar;@SRCROOT@/netbeans\ide7\modules\ext\jaxws20\jsr181-api.jar;@SRCROOT@/netbeans\ide7\modules\ext\jaxws20\jsr250-api.jar;@SRCROOT@/netbeans\ide7\modules\ext\jaxws20\saaj-api.jar;@SRCROOT@/netbeans\ide7\modules\ext\jaxws20\saaj-impl.jar;@SRCROOT@/netbeans\ide7\modules\ext\jaxws20\sjsxp.jar;@SRCROOT@/netbeans\ide7\modules\ext\jaxws20\stax-ex.jar;@SRCROOT@/netbeans\ide7\modules\ext\jaxws20\streambuffer.jar"></property>
    <property name="netbeans.osenv" value="C:\DOCUME~1\graj\LOCALS~1\Temp\nbenv11"></property>
    <property name="libs.absolutelayout.javadoc" value=""></property>
    <property name="java.specification.name" value="Java Platform API Specification"></property>
    <property name="libs.woodstock-components.classpath" value="@SRCROOT@/netbeans\rave2.0\modules\ext\webui-jsf.jar;@SRCROOT@/netbeans\BusinessIntegration\modules\ext\commons-fileupload.jar;@SRCROOT@/netbeans\rave2.0\modules\ext\json2.jar;@SRCROOT@/netbeans\rave2.0\modules\ext\dojo-0.3.1-ajax.jar;@SRCROOT@/netbeans\rave2.0\modules\ext\jsf-extensions-common-0.1-SNAPSHOT.jar;@SRCROOT@/netbeans\rave2.0\modules\ext\jsf-extensions-dynamic-faces-0.1-SNAPSHOT.jar"></property>
    <property name="libs.jsf.classpath" value="@SRCROOT@/netbeans\enterprise3\modules\ext\jsf\commons-beanutils.jar;@SRCROOT@/netbeans\enterprise3\modules\ext\jsf\commons-collections.jar;@SRCROOT@/netbeans\enterprise3\modules\ext\jsf\commons-digester.jar;@SRCROOT@/netbeans\enterprise3\modules\ext\jsf\commons-logging.jar;@SRCROOT@/netbeans\enterprise3\modules\ext\jsf\jsf-api.jar;@SRCROOT@/netbeans\enterprise3\modules\ext\jsf\jsf-impl.jar"></property>
    <property name="Env-ANT_HOME" value="C:\tools\apache-ant-1.6.5"></property>
    <property name="java.specification.vendor" value="Sun Microsystems Inc."></property>
    <property name="libs.jdbcsupport-designtime.src" value=""></property>
    <property name="Env-OS" value="Windows_NT"></property>
    <property name="java.version" value="1.5.0_09"></property>
    <property name="org.netbeans.modules.compapp.jbiserver.deployment.conf.root" value="nbproject/deployment"></property>
    <property name="libs.jbi.javadoc" value=""></property>
    <property name="javadoc.version" value="false"></property>
    <property name="org.openide.version" value="deprecated"></property>
    <property name="Env-PROCESSOR_LEVEL" value="6"></property>
    <property name="com.sun.appserver.instance.userName" value="admin"></property>
    <property name="libs.jsf12-support.src" value="@SRCROOT@/netbeans\rave2.0\docs\appbase-src.zip;@SRCROOT@/netbeans\rave2.0\docs\dataprovider-src.zip;@SRCROOT@/netbeans\rave2.0\docs\jsfcl-src.zip"></property>
    <property name="netbeans.home+have.tests" value="true"></property>
    <property name="test.dir" value="test"></property>
    <property name="libs.WEBSVC_SUPPORT_LIB.javadoc" value=""></property>
    <property name="libs.jbi.src" value="@SRCROOT@/netbeans\soa1\sources\jbi_source.jar"></property>
    <property name="dist.javadoc.dir" value="dist/javadoc"></property>
    <property name="libs.swing-layout.classpath" value="@SRCROOT@/netbeans\platform6\modules\ext\swing-layout-1.0.jar"></property>
    <property name="module.install.dir" value="@SRCROOT@/netbeans\soa1\modules"></property>
    <property name="build.generated.dir" value="build/generated"></property>
    <property name="javac.source" value="1.4"></property>
    <property name="line.separator" value="
"></property>
    <property name="java.specification.version" value="1.5"></property>
    <property name="libs.jaxws20.javadoc" value=""></property>
    <property name="java.vm.info" value="mixed mode, sharing"></property>
    <property name="netbeans.logger.console" value="true"></property>
    <property name="libs.jsf12-support.classpath" value="@SRCROOT@/netbeans\rave2.0\modules\ext\jsfcl.jar;@SRCROOT@/netbeans\rave2.0\modules\ext\dataprovider.jar;@SRCROOT@/netbeans\rave2.0\modules\ext\appbase.jar"></property>
    <property name="org.netbeans.modules.compapp.jbiserver.description.application-sub-assembly" value="This represents the Application Service Unit"></property>
    <property name="sun.boot.class.path" value="C:\java\jdk1.5.0_09\jre\lib\rt.jar;C:\java\jdk1.5.0_09\jre\lib\i18n.jar;C:\java\jdk1.5.0_09\jre\lib\sunrsasign.jar;C:\java\jdk1.5.0_09\jre\lib\jsse.jar;C:\java\jdk1.5.0_09\jre\lib\jce.jar;C:\java\jdk1.5.0_09\jre\lib\charsets.jar;C:\java\jdk1.5.0_09\jre\classes"></property>
    <property name="javac.target" value="1.4"></property>
    <property name="libs.woodstock-components.javadoc" value="@SRCROOT@/netbeans\rave2.0\docs\webui-jsf-doc.zip;@SRCROOT@/netbeans\rave2.0\docs\portlet-doc.zip"></property>
    <property name="netbeans.osenv.nullsep" value="true"></property>
    <property name="src.dir" value="src/jbiasa"></property>
    <property name="libs.IdentityAntTasks.javadoc" value=""></property>
    <property name="com.sun.appserver.instance.hostName" value="localhost"></property>
    <property name="sun.awt.keepWorkingSetOnMinimize" value="true"></property>
    <property name="j2ee.platform" value="1.4"></property>
    <property name="env-systemdrive" value="C:"></property>
    <property name="libs.struts.javadoc" value="@SRCROOT@/netbeans\enterprise3\docs\struts-1.2.9-javadoc.zip"></property>
    <property name="pack.build.number" value="20070109"></property>
    <property name="dist.dir" value="dist"></property>
    <property name="libs.webui-designtime.classpath" value="@SRCROOT@/netbeans\rave2.0\modules\ext\webui.jar;@SRCROOT@/netbeans\BusinessIntegration\modules\ext\commons-fileupload.jar"></property>
    <property name="Env-SESSIONNAME" value="Console"></property>
    <property name="http.proxyPort" value=""></property>
    <property name="Env-USERNAME" value="graj"></property>
    <property name="java.awt.printerjob" value="sun.awt.windows.WPrinterJob"></property>
    <property name="Env-HOMEPATH" value="\Documents and Settings\graj"></property>
    <property name="default.javac.source" value="1.5"></property>
    <property name="env-homedrive" value="C:"></property>
    <property name="sun.jnu.encoding" value="Cp1252"></property>
    <property name="env-userdomain" value="STC"></property>
    <property name="Env-COMPUTERNAME" value="GRAJ-D600"></property>
    <property name="libs.woodstock-components.src" value="@SRCROOT@/netbeans\rave2.0\docs\webui-jsf-src.zip"></property>
    <property name="java.runtime.version" value="1.5.0_09-b03"></property>
    <property name="env-allusersprofile" value="C:\Documents and Settings\All Users"></property>
    <property name="default.javac.target" value="1.5"></property>
    <property name="user.timezone" value=""></property>
    <property name="Env-PROCESSOR_REVISION" value="0905"></property>
    <property name="libs.jsfsupport-designtime.src" value="@SRCROOT@/netbeans\rave2.0\docs\appbase-src.zip;@SRCROOT@/netbeans\rave2.0\docs\dataprovider-src.zip;@SRCROOT@/netbeans\rave2.0\docs\jsfcl-src.zip"></property>
    <property name="libs.JAVADB_DRIVER_LABEL.javadoc" value=""></property>
    <property name="netbeans.dirs" value="@SRCROOT@/netbeans\BusinessIntegration;@SRCROOT@/netbeans\enterprise3;@SRCROOT@/netbeans\ide7;@SRCROOT@/netbeans\identity1;@SRCROOT@/netbeans\nb5.5;@SRCROOT@/netbeans\soa1;@SRCROOT@/netbeans\visualweb1;@SRCROOT@/netbeans\xmltools1"></property>
    <property name="com.sun.appserver.instance.administrationPort" value="4848"></property>
    <property name="java.ext.dirs" value="C:\java\jdk1.5.0_09\jre\lib\ext"></property>
    <property name="libs.exceptionhandler-runtime.src" value=""></property>
    <property name="libs.absolutelayout.classpath" value="@SRCROOT@/netbeans\ide7\modules\ext\AbsoluteLayout.jar"></property>
    <property name="reference.SynchronousSample.dist_se" value="@drivertest_dir@/cachese\filterRequestReply\SynchronousSample/build/SEDeployment.jar"></property>
    <property name="jbi.content.component" value="com.sun.aspect.cachese-1.0.2;com.sun.bpelse-1.0-2"></property>
    <property name="java.class.path" value="@SRCROOT@/netbeans\soa1\modules\ext\jbi\catd.jar;@SRCROOT@/netbeans\soa1\modules\ext\jbi\xmlunit1.0.jar;@SRCROOT@/netbeans\ide7\modules\ext\junit-3.8.1.jar;@SRCROOT@/netbeans\ide7\modules\ext\jaxrpc16\FastInfoset.jar;@SRCROOT@/netbeans\ide7\modules\ext\jaxrpc16\saaj-api.jar;@SRCROOT@/netbeans\ide7\modules\ext\jaxrpc16\saaj-impl.jar;@SRCROOT@/netbeans\ide7\modules\org-netbeans-modules-xml-xdm.jar;@SRCROOT@/netbeans\ide7\modules\org-netbeans-modules-xml-xam.jar;@SRCROOT@/netbeans\ide7\modules\org-netbeans-modules-editor-lib.jar;@SRCROOT@/netbeans\ide7\modules\org-netbeans-modules-xml-text.jar;@SRCROOT@/netbeans\ide7\modules\org-netbeans-modules-editor.jar;@SRCROOT@/netbeans\ide7\modules\org-netbeans-modules-editor-util.jar;@SRCROOT@/netbeans\ide7\modules\org-netbeans-modules-xml-core.jar;@SRCROOT@/netbeans\platform6\lib\org-openide-modules.jar;@SRCROOT@/netbeans\platform6\lib\org-openide-util.jar;@SRCROOT@/netbeans\platform6\modules\org-openide-options.jar;@SRCROOT@/netbeans\platform6\modules\org-openide-text.jar;@SRCROOT@/netbeans\platform6\modules\org-openide-loaders.jar;@SRCROOT@/netbeans\platform6\modules\org-openide-nodes.jar;@SRCROOT@/netbeans\platform6\core\org-openide-filesystems.jar;@SRCROOT@/netbeans\ide7\ant\lib\ant-launcher.jar;@SRCROOT@/netbeans\ide7\ant\lib\ant.jar;@SRCROOT@/netbeans\ide7\ant\lib\ant-junit.jar"></property>
    <property name="env-tz" value="PST8PDT"></property>
    <property name="libs.webui-designtime.javadoc" value="@SRCROOT@/netbeans\rave2.0\docs\webui-doc.zip;@SRCROOT@/netbeans\rave2.0\docs\portlet-doc.zip"></property>
    <property name="libs.absolutelayout.src" value=""></property>
    <property name="env-userprofile" value="C:\Documents and Settings\graj"></property>
    <property name="j2ee.server.type" value="J2EE"></property>
    <property name="os.version" value="5.1"></property>
    <property name="libs.toplink.javadoc" value=""></property>
    <property name="sun.desktop" value="windows"></property>
    <property name="libs.jaxb20.javadoc" value=""></property>
    <property name="java.awt.graphicsenv" value="sun.awt.Win32GraphicsEnvironment"></property>
    <property name="java.vm.vendor" value="Sun Microsystems Inc."></property>
    <property name="libs.CopyLibs.classpath" value="@SRCROOT@/netbeans\ide7\ant\extra\org-netbeans-modules-java-j2seproject-copylibstask.jar"></property>
    <property name="env-processor_architecture" value="x86"></property>
    <property name="env-temp" value="C:\DOCUME~1\graj\LOCALS~1\Temp"></property>
    <property name="Env-NUMBER_OF_PROCESSORS" value="1"></property>
    <property name="libs.junit.src" value=""></property>
    <property name="build.dir" value="build"></property>
    <property name="libs.CopyLibs.src" value=""></property>
    <property name="ant.version" value="Apache Ant version 1.6.5 compiled on June 2 2005"></property>
    <property name="file.encoding" value="Cp1252"></property>
    <property name="build.classes.excludes" value="**/*.java,**/*.form,**/.nbattrs"></property>
    <property name="javadoc.nonavbar" value="false"></property>
    <property name="platform.active" value="default_platform"></property>
    <property name="https.proxyHost" value=""></property>
    <property name="awt.toolkit" value="sun.awt.windows.WToolkit"></property>
    <property name="org.netbeans.modules.compapp.jbiserver.component.conf.root" value="nbproject/private"></property>
  </properties>
  <testcase classname="org.netbeans.modules.compapp.catd.ConfiguredTest" name="TestCase0" time="1.762"></testcase>
  <system-out><![CDATA[{java.runtime.name=Java(TM) 2 Runtime Environment, Standard Edition, sun.boot.library.path=C:\java\jdk1.5.0_09\jre\bin, java.vm.version=1.5.0_09-b03, java.vm.vendor=Sun Microsystems Inc., java.vendor.url=http://java.sun.com/, path.separator=;, java.vm.name=Java HotSpot(TM) Client VM, file.encoding.pkg=sun.io, user.country=US, sun.os.patch.level=Service Pack 2, java.vm.specification.name=Java Virtual Machine Specification, user.dir=@drivertest_dir@/cachese\filterRequestReply\SynchronousSampleJbi, java.runtime.version=1.5.0_09-b03, java.awt.graphicsenv=sun.awt.Win32GraphicsEnvironment, java.endorsed.dirs=C:\java\jdk1.5.0_09\jre\lib\endorsed, os.arch=x86, java.io.tmpdir=C:\DOCUME~1\graj\LOCALS~1\Temp\, line.separator=
, java.vm.specification.vendor=Sun Microsystems Inc., user.variant=, os.name=Windows XP, sun.jnu.encoding=Cp1252, java.library.path=C:\java\jdk1.5.0_09\jre\bin;.;C:\WINNT\system32;C:\WINNT;C:\java\jdk1.5.0_09\bin;C:\tools\apache-ant-1.6.5\bin;C:\maven-2.0.4\bin;C:\WINNT\system32;C:\WINNT;C:\WINNT\system32\WBEM;C:\Program Files\ATI Technologies\ATI Control Panel;C:\Program Files\Hummingbird\Connectivity\8.00\Accessories\;C:\Sun\AppServer\jdk\bin;C:\rcs\bin\win32;C:\eval\SpiritSoft\Wave\bin;C:\GNU\WinCvs 1.2;C:\GNU\cvsnt;C:\svn-win32-1.4.0\bin;, java.specification.name=Java Platform API Specification, java.class.version=49.0, sun.management.compiler=HotSpot Client Compiler, os.version=5.1, user.home=C:\Documents and Settings\graj, user.timezone=America/Los_Angeles, java.awt.printerjob=sun.awt.windows.WPrinterJob, file.encoding=Cp1252, java.specification.version=1.5, java.class.path=@SRCROOT@/netbeans\soa1\modules\ext\jbi\catd.jar;@SRCROOT@/netbeans\soa1\modules\ext\jbi\xmlunit1.0.jar;@SRCROOT@/netbeans\ide7\modules\ext\junit-3.8.1.jar;@SRCROOT@/netbeans\ide7\modules\ext\jaxrpc16\FastInfoset.jar;@SRCROOT@/netbeans\ide7\modules\ext\jaxrpc16\saaj-api.jar;@SRCROOT@/netbeans\ide7\modules\ext\jaxrpc16\saaj-impl.jar;@SRCROOT@/netbeans\ide7\modules\org-netbeans-modules-xml-xdm.jar;@SRCROOT@/netbeans\ide7\modules\org-netbeans-modules-xml-xam.jar;@SRCROOT@/netbeans\ide7\modules\org-netbeans-modules-editor-lib.jar;@SRCROOT@/netbeans\ide7\modules\org-netbeans-modules-xml-text.jar;@SRCROOT@/netbeans\ide7\modules\org-netbeans-modules-editor.jar;@SRCROOT@/netbeans\ide7\modules\org-netbeans-modules-editor-util.jar;@SRCROOT@/netbeans\ide7\modules\org-netbeans-modules-xml-core.jar;@SRCROOT@/netbeans\platform6\lib\org-openide-modules.jar;@SRCROOT@/netbeans\platform6\lib\org-openide-util.jar;@SRCROOT@/netbeans\platform6\modules\org-openide-options.jar;@SRCROOT@/netbeans\platform6\modules\org-openide-text.jar;@SRCROOT@/netbeans\platform6\modules\org-openide-loaders.jar;@SRCROOT@/netbeans\platform6\modules\org-openide-nodes.jar;@SRCROOT@/netbeans\platform6\core\org-openide-filesystems.jar;@SRCROOT@/netbeans\ide7\ant\lib\ant-launcher.jar;@SRCROOT@/netbeans\ide7\ant\lib\ant.jar;@SRCROOT@/netbeans\ide7\ant\lib\ant-junit.jar, user.name=graj, java.vm.specification.version=1.0, java.home=C:\java\jdk1.5.0_09\jre, sun.arch.data.model=32, user.language=en, java.specification.vendor=Sun Microsystems Inc., awt.toolkit=sun.awt.windows.WToolkit, java.vm.info=mixed mode, sharing, java.version=1.5.0_09, java.ext.dirs=C:\java\jdk1.5.0_09\jre\lib\ext, sun.boot.class.path=C:\java\jdk1.5.0_09\jre\lib\rt.jar;C:\java\jdk1.5.0_09\jre\lib\i18n.jar;C:\java\jdk1.5.0_09\jre\lib\sunrsasign.jar;C:\java\jdk1.5.0_09\jre\lib\jsse.jar;C:\java\jdk1.5.0_09\jre\lib\jce.jar;C:\java\jdk1.5.0_09\jre\lib\charsets.jar;C:\java\jdk1.5.0_09\jre\classes, java.vendor=Sun Microsystems Inc., file.separator=\, java.vendor.url.bug=http://java.sun.com/cgi-bin/bugreport.cgi, sun.io.unicode.encoding=UnicodeLittle, sun.cpu.endian=little, sun.desktop=windows, sun.cpu.isalist=pentium_pro+mmx pentium_pro pentium+mmx pentium i486 i386 i86}
Test TestCase0\Concurrent.properties Passed. Threads count Success: <1> Error: <0> Not completed: <0>
]]></system-out>
  <system-err><![CDATA[]]></system-err>
</testsuite>
