<?xml version="1.0" encoding="UTF-8" ?>
<testsuite errors="0" failures="0" hostname="MPOTTLAPELLI-M5" name="org.netbeans.modules.compapp.catd.ConfiguredTest" tests="1" time="1.391" timestamp="2008-10-28T08:32:00">
  <properties>
    <property name="default.javac.source" value="1.6" />
    <property name="file.encoding.pkg" value="sun.io" />
    <property name="libs.toplink.maven-pom" value="" />
    <property name="javac.source" value="1.4" />
    <property name="netbeans.system_http_proxy" value="DIRECT" />
    <property name="java.home" value="C:\Java\jdk1.6.0_07\jre" />
    <property name="com.sun.jbi.sa.internal.routing" value="true" />
    <property name="libs.jaxws21.src" value="" />
    <property name="javadoc.version" value="false" />
    <property name="libs.CopyLibs.classpath" value="C:\OpenESB\netbeans\java2\ant\extra\org-netbeans-modules-java-j2seproject-copylibstask.jar" />
    <property name="libs.javac-api.src" value="" />
    <property name="libs.JAVADB_DRIVER_LABEL.classpath" value="C:\OpenESB\glassfish\javadb\lib\derby.jar;C:\OpenESB\glassfish\javadb\lib\derbyclient.jar;C:\OpenESB\glassfish\javadb\lib\derbynet.jar" />
    <property name="libs.restlib.src" value="" />
    <property name="java.endorsed.dirs" value="C:\Java\jdk1.6.0_07\jre\lib\endorsed" />
    <property name="libs.MySQLDriver.classpath" value="C:\OpenESB\netbeans\ide9\modules\ext\mysql-connector-java-5.1.5-bin.jar" />
    <property name="libs.junit.maven-pom" value="" />
    <property name="libs.PostgreSQLDriver.src" value="" />
    <property name="src.dir" value="src/jbiasa" />
    <property name="sun.java2d.noddraw" value="true" />
    <property name="source.root" value="src" />
    <property name="netbeans.hash.code" value="unique=0dc419706-919f-42ba-8714-95583d0ec018" />
    <property name="src.build.dir" value="src/jbiServiceUnits" />
    <property name="source.encoding" value="windows-1252" />
    <property name="libs.jaxws21.classpath" value="C:\OpenESB\netbeans\java2\modules\ext\jaxws21\activation.jar;C:\OpenESB\netbeans\java2\modules\ext\jaxws21\FastInfoset.jar;C:\OpenESB\netbeans\java2\modules\ext\jaxws21\http.jar;C:\OpenESB\netbeans\java2\modules\ext\jaxws21\api\jaxb-api.jar;C:\OpenESB\netbeans\java2\modules\ext\jaxws21\jaxb-impl.jar;C:\OpenESB\netbeans\java2\modules\ext\jaxws21\jaxb-xjc.jar;C:\OpenESB\netbeans\java2\modules\ext\jaxws21\api\jaxws-api.jar;C:\OpenESB\netbeans\java2\modules\ext\jaxws21\jaxws-rt.jar;C:\OpenESB\netbeans\java2\modules\ext\jaxws21\jaxws-tools.jar;C:\OpenESB\netbeans\java2\modules\ext\jaxws21\api\jsr173_api.jar;C:\OpenESB\netbeans\java2\modules\ext\jaxws21\api\jsr181-api.jar;C:\OpenESB\netbeans\java2\modules\ext\jaxws21\api\jsr250-api.jar;C:\OpenESB\netbeans\java2\modules\ext\jaxws21\api\saaj-api.jar;C:\OpenESB\netbeans\java2\modules\ext\jaxws21\saaj-impl.jar;C:\OpenESB\netbeans\java2\modules\ext\jaxws21\sjsxp.jar;C:\OpenESB\netbeans\java2\modules\ext\jaxws21\stax-ex.jar;C:\OpenESB\netbeans\java2\modules\ext\jaxws21\streambuffer.jar" />
    <property name="libs.swing-app-framework.javadoc" value="C:\OpenESB\netbeans\java2\docs\appframework-1.0.3-doc.zip" />
    <property name="libs.JAVADB_DRIVER_LABEL.src" value="" />
    <property name="sun.os.patch.level" value="Service Pack 3" />
    <property name="java.vendor.url" value="http://java.sun.com/" />
    <property name="libs.restapi.src" value="" />
    <property name="java.version" value="1.6.0_07" />
    <property name="libs.jaxb21.javadoc" value="" />
    <property name="javac.debug" value="true" />
    <property name="org.openide.major.version" value="IDE/1" />
    <property name="libs.PostgreSQLDriver.maven-pom" value="" />
    <property name="java.vendor.url.bug" value="http://java.sun.com/cgi-bin/bugreport.cgi" />
    <property name="netbeans.autoupdate.variant" value="" />
    <property name="jbi.service-assembly.description" value="Represents the Service Assembly of justhttpAndBPEL-JBI" />
    <property name="libs.absolutelayout.javadoc" value="" />
    <property name="libs.junit_4.maven-pom" value="" />
    <property name="netbeans.buildnumber" value="200810140114" />
    <property name="libs.swing-app-framework.maven-pom" value="" />
    <property name="user.name" value="mpottlapelli" />
    <property name="sun.io.unicode.encoding" value="UnicodeLittle" />
    <property name="libs.jstl11.maven-pom" value="" />
    <property name="sun.jnu.encoding" value="Cp1252" />
    <property name="java.runtime.name" value="Java(TM) SE Runtime Environment" />
    <property name="jdk.home" value="C:\Java\jdk1.6.0_07" />
    <property name="jspc.classpath" value="C:\OpenESB\netbeans\java2\ant\lib\ant.jar:C:\OpenESB\netbeans\enterprise5\modules\ext\servlet2.5-jsp2.1-api.jar:${j2ee.platform.classpath}:C:\OpenESB\netbeans\enterprise5\modules\ext\glassfish-jspparser-2.0.jar:C:\OpenESB\netbeans\enterprise5\modules\ext\glassfish-logging-2.0.jar:C:\OpenESB\netbeans\ide9\modules\ext\commons-logging-1.0.4.jar:C:\OpenESB\netbeans\java2\ant\lib\ant-launcher.jar" />
    <property name="sun.awt.keepWorkingSetOnMinimize" value="true" />
    <property name="netbeans.autoupdate.version" value="1.23" />
    <property name="org.openide.TopManager" value="org.netbeans.core.NonGui" />
    <property name="netbeans.dirs" value="C:\OpenESB\netbeans\nb6.1;C:\OpenESB\netbeans\ide9;C:\OpenESB\netbeans\java2;C:\OpenESB\netbeans\xml2;C:\OpenESB\netbeans\enterprise5;C:\OpenESB\netbeans\gsf1;C:\OpenESB\netbeans\soa2;C:\OpenESB\netbeans\harness" />
    <property name="java.specification.name" value="Java Platform API Specification" />
    <property name="javadoc.author" value="false" />
    <property name="user.timezone" value="" />
    <property name="netbeans.system_http_non_proxy_hosts" value="" />
    <property name="libs.spring-framework.maven-pom" value="" />
    <property name="libs.swing-layout.maven-pom" value="" />
    <property name="libs.junit.javadoc" value="C:\OpenESB\netbeans\java2\docs\junit-3.8.2-api.zip" />
    <property name="org.openide.specification.version" value="6.2" />
    <property name="path.separator" value=";" />
    <property name="libs.absolutelayout.classpath" value="C:\OpenESB\netbeans\java2\modules\ext\AbsoluteLayout.jar" />
    <property name="netbeans.accept_license_class" value="org.netbeans.license.AcceptLicense" />
    <property name="file.encoding" value="Cp1252" />
    <property name="dist.javadoc.dir" value="dist/javadoc" />
    <property name="https.nonProxyHosts" value="localhost|127.0.0.1|MPOTTLAPELLI-M5" />
    <property name="libs.junit.src" value="" />
    <property name="libs.jaxb21.maven-pom" value="" />
    <property name="ant.file" value="C:\OpenESB\head\open-jbi-components\driver-tests\bpelse\dynamicpartnerlink\justhttpAndBPEL-JBI\build.xml" />
    <property name="copyfiles.classpath" value="C:\OpenESB\netbeans\enterprise5\ant\extra\copyfiles.jar" />
    <property name="libs.junit_4.src" value="" />
    <property name="j2ee.server.instance" value="[C:\OpenESB\glassfish]deployer:Sun:AppServer::localhost:4848" />
    <property name="netbeans.autoupdate.language" value="en" />
    <property name="java.io.tmpdir" value="C:\DOCUME~1\MPOTTL~1\LOCALS~1\Temp\" />
    <property name="user.language" value="en" />
    <property name="line.separator" value="
" />
    <property name="apple.laf.useScreenMenuBar" value="true" />
    <property name="libs.absolutelayout.src" value="" />
    <property name="xml.module.install.dir" value="C:\OpenESB\netbeans\xml2\modules" />
    <property name="lastJBIComponentInstallationDir" value="C:\OpenESB\head\open-jbi-components\m2\repository\open-jbi-components\bpelse-installer\2.5-SNAPSHOT" />
    <property name="libs.restapi.classpath" value="C:\OpenESB\netbeans\enterprise5\modules\ext\rest\jsr311-api.jar" />
    <property name="jar.compress" value="false" />
    <property name="jbi.service-unit.description" value="Represents this Service Unit" />
    <property name="java.vm.info" value="mixed mode, sharing" />
    <property name="libs.javac-api.maven-pom" value="" />
    <property name="libs.restlib.classpath" value="C:\OpenESB\netbeans\enterprise5\modules\ext\rest\jersey.jar;C:\OpenESB\netbeans\java2\modules\ext\jaxws21\activation.jar;C:\OpenESB\netbeans\java2\modules\ext\jaxws21\api\jsr250-api.jar;C:\OpenESB\netbeans\enterprise5\modules\ext\rest\http.jar;C:\OpenESB\netbeans\enterprise5\modules\ext\rest\wadl2java.jar;C:\OpenESB\netbeans\java2\modules\ext\jaxws21\api\jaxws-api.jar;C:\OpenESB\netbeans\java2\modules\ext\jaxws21\api\jaxb-api.jar;C:\OpenESB\netbeans\java2\modules\ext\jaxws21\jaxb-impl.jar;C:\OpenESB\netbeans\java2\modules\ext\jaxws21\jaxb-xjc.jar;C:\OpenESB\netbeans\java2\modules\ext\jaxws21\api\jsr173_api.jar;C:\OpenESB\netbeans\enterprise5\modules\ext\rest\rome-0.9.jar;C:\OpenESB\netbeans\enterprise5\modules\ext\rest\jdom-1.0.jar;C:\OpenESB\netbeans\enterprise5\modules\ext\rest\jettison-1.0-RC1.jar;C:\OpenESB\netbeans\enterprise5\modules\ext\rest\asm-3.1.jar;C:\OpenESB\netbeans\enterprise5\modules\ext\rest\grizzly-servlet-webserver-1.7.3.2.jar" />
    <property name="javadoc.private" value="false" />
    <property name="sun.desktop" value="windows" />
    <property name="java.vm.specification.name" value="Java Virtual Machine Specification" />
    <property name="libs.MySQLDriver.javadoc" value="" />
    <property name="libs.spring-webmvc.classpath" value="C:\OpenESB\netbeans\enterprise5\modules\ext\spring\spring-webmvc-2.5.jar" />
    <property name="jbi.service-assembly.id" value="justhttpAndBPEL-JBI" />
    <property name="jbi.content.additional" value="../justhttpAndBPEL/build/SEDeployment.jar" />
    <property name="netbeans.dynamic.classpath" value="C:\OpenESB\netbeans\platform8\core\core.jar;C:\OpenESB\netbeans\platform8\core\org-openide-filesystems.jar;C:\OpenESB\netbeans\nb6.1\core\org-netbeans-upgrader.jar;C:\OpenESB\netbeans\nb6.1\core\locale\core_nb.jar" />
    <property name="libs.beans-binding.javadoc" value="C:\OpenESB\netbeans\java2\docs\beansbinding-1.2.1-doc.zip" />
    <property name="java.module.install.dir" value="C:\OpenESB\netbeans\java2\modules" />
    <property name="platform.active" value="default_platform" />
    <property name="meta.inf" value="src/conf" />
    <property name="http.nonProxyHosts" value="localhost|127.0.0.1|MPOTTLAPELLI-M5" />
    <property name="libs.junit_4.javadoc" value="" />
    <property name="libs.PojoSELib.classpath" value="C:\OpenESB\netbeans\soa2\modules\ext\jbi\openesb-pojo-engine-api.jar;C:\OpenESB\netbeans\soa2\modules\ext\jbi\jbi.jar" />
    <property name="libs.spring-framework.src" value="" />
    <property name="netbeans.autoupdate.country" value="US" />
    <property name="test.results.dir" value="C:\OpenESB\head\open-jbi-components\driver-tests\bpelse\dynamicpartnerlink\justhttpAndBPEL-JBI/test/results" />
    <property name="libs.beans-binding.maven-pom" value="" />
    <property name="javadoc.encoding" value="" />
    <property name="java.awt.printerjob" value="sun.awt.windows.WPrinterJob" />
    <property name="ide.module.install.dir" value="C:\OpenESB\netbeans\ide9\modules" />
    <property name="jbi.content.component" value="sun-bpel-engine" />
    <property name="dist.jar" value="dist/justhttpAndBPEL-JBI.zip" />
    <property name="libs.struts.classpath" value="C:\OpenESB\netbeans\enterprise5\modules\ext\struts\antlr.jar;C:\OpenESB\netbeans\enterprise5\modules\ext\struts\commons-beanutils.jar;C:\OpenESB\netbeans\enterprise5\modules\ext\struts\commons-digester.jar;C:\OpenESB\netbeans\enterprise5\modules\ext\struts\commons-logging.jar;C:\OpenESB\netbeans\enterprise5\modules\ext\struts\commons-validator.jar;C:\OpenESB\netbeans\enterprise5\modules\ext\struts\jakarta-oro.jar;C:\OpenESB\netbeans\enterprise5\modules\ext\struts\struts.jar;C:\OpenESB\netbeans\enterprise5\modules\ext\commons-fileupload-1.0.jar" />
    <property name="ant.version" value="Apache Ant version 1.7.0 compiled on December 13 2006" />
    <property name="netbeans.home" value="C:\OpenESB\netbeans\platform8" />
    <property name="javadoc.nonavbar" value="false" />
    <property name="user.properties.file" value="C:\Documents and Settings\mpottlapelli\.netbeans\glassfishesb\build.properties" />
    <property name="libs.toplink.classpath" value="C:\OpenESB\netbeans\java2\modules\ext\toplink\toplink-essentials.jar;C:\OpenESB\netbeans\java2\modules\ext\toplink\toplink-essentials-agent.jar" />
    <property name="netbeans.importclass" value="org.netbeans.upgrade.AutoUpgrade" />
    <property name="libs.spring-framework.javadoc" value="" />
    <property name="libs.CopyLibs.maven-pom" value="" />
    <property name="j2ee.server.type" value="J2EE" />
    <property name="build.generated.dir" value="build/generated" />
    <property name="netbeans.home+have.tests" value="true" />
    <property name="libs.restlib.javadoc" value="" />
    <property name="os.name" value="Windows XP" />
    <property name="java.specification.vendor" value="Sun Microsystems Inc." />
    <property name="java.vm.name" value="Java HotSpot(TM) Client VM" />
    <property name="NetBeansUserDir" value="C:\Documents and Settings\mpottlapelli\.netbeans\glassfishesb" />
    <property name="libs.CopyLibs.src" value="" />
    <property name="libs.jaxb21.src" value="" />
    <property name="org.openide.version" value="deprecated" />
    <property name="libs.junit.classpath" value="C:\OpenESB\netbeans\java2\modules\ext\junit-3.8.2.jar" />
    <property name="libs.beans-binding.src" value="" />
    <property name="java.library.path" value="C:\Java\jdk1.6.0_07\jre\bin;.;C:\WINDOWS\Sun\Java\bin;C:\WINDOWS\system32;C:\WINDOWS;C:\WINDOWS\system32;C:\WINDOWS;C:\WINDOWS\System32\Wbem;C:\Program Files\Reflection\;C:\Program Files\CVSNT\;C:\tools\UnixTools\usr\local\wbin;C:\Java\jdk1.6.0_07\bin;C:\Program Files\TextPad 5;C:\tools\maven-2.0.5\bin" />
    <property name="libs.PostgreSQLDriver.javadoc" value="" />
    <property name="libs.toplink.javadoc" value="C:\OpenESB\netbeans\enterprise5\docs\javaee5-doc-api.zip" />
    <property name="ant.java.version" value="1.6" />
    <property name="basedir" value="C:\OpenESB\head\open-jbi-components\driver-tests\bpelse\dynamicpartnerlink\justhttpAndBPEL-JBI" />
    <property name="javadoc.noindex" value="false" />
    <property name="java.class.version" value="50.0" />
    <property name="sun.awt.exception.handler" value="org.netbeans.core.startup.TopLogging$AWTHandler" />
    <property name="j2ee.platform" value="1.4" />
    <property name="ant.home" value="C:\OpenESB\netbeans\java2\ant" />
    <property name="javadoc.splitindex" value="true" />
    <property name="libs.toplink.src" value="" />
    <property name="libs.JAVADB_DRIVER_LABEL.maven-pom" value="" />
    <property name="libs.javac-api.javadoc" value="" />
    <property name="javadoc.preview" value="true" />
    <property name="libs.MySQLDriver.maven-pom" value="" />
    <property name="libs.CopyLibs.javadoc" value="" />
    <property name="libs.restapi.javadoc" value="C:\OpenESB\netbeans\enterprise5\docs\jsr311-api-doc.zip" />
    <property name="libs.PostgreSQLDriver.classpath" value="C:\OpenESB\netbeans\ide9\modules\ext\postgresql-8.3-603.jdbc3.jar" />
    <property name="libs.jaxws21.maven-pom" value="" />
    <property name="libs.junit_4.classpath" value="C:\OpenESB\netbeans\java2\modules\ext\junit-4.1.jar" />
    <property name="build.dir" value="build" />
    <property name="sun.boot.library.path" value="C:\Java\jdk1.6.0_07\jre\bin" />
    <property name="libs.spring-webmvc.src" value="" />
    <property name="ant.file." value="C:\OpenESB\head\open-jbi-components\driver-tests\bpelse\dynamicpartnerlink\justhttpAndBPEL-JBI\build.xml" />
    <property name="sun.management.compiler" value="HotSpot Client Compiler" />
    <property name="libs.swing-app-framework.classpath" value="C:\OpenESB\netbeans\java2\modules\ext\appframework-1.0.3.jar;C:\OpenESB\netbeans\java2\modules\ext\swing-worker-1.1.jar" />
    <property name="java.awt.graphicsenv" value="sun.awt.Win32GraphicsEnvironment" />
    <property name="user.variant" value="" />
    <property name="org.netbeans.core.startup.specialResource" value="nullcom.sun.jdo.api.persistence.mapping.ejb" />
    <property name="javadoc.windowtitle" value="" />
    <property name="project.justhttpAndBPEL" value="../justhttpAndBPEL" />
    <property name="libs.jstl11.javadoc" value="C:\OpenESB\netbeans\enterprise5\docs\javaee5-doc-api.zip" />
    <property name="build.compiler.emacs" value="true" />
    <property name="libs.jstl11.src" value="" />
    <property name="ant.project.name" value="" />
    <property name="libs.spring-framework.classpath" value="C:\OpenESB\netbeans\java2\modules\ext\spring\commons-logging-1.1.jar;C:\OpenESB\netbeans\java2\modules\ext\spring\spring-2.5.jar" />
    <property name="libs.swing-layout.classpath" value="C:\OpenESB\netbeans\platform8\modules\ext\swing-layout-1.0.3.jar" />
    <property name="java.vm.specification.version" value="1.0" />
    <property name="soa.module.install.dir" value="C:\OpenESB\netbeans\soa2\modules" />
    <property name="awt.toolkit" value="sun.awt.windows.WToolkit" />
    <property name="javadoc.use" value="true" />
    <property name="sun.cpu.isalist" value="pentium_pro+mmx pentium_pro pentium+mmx pentium i486 i386 i86" />
    <property name="ant.file.justhttpAndBPEL-JBI-jbi-impl" value="C:\OpenESB\head\open-jbi-components\driver-tests\bpelse\dynamicpartnerlink\justhttpAndBPEL-JBI\nbproject\build-impl.xml" />
    <property name="java.ext.dirs" value="C:\Java\jdk1.6.0_07\jre\lib\ext;C:\WINDOWS\Sun\Java\lib\ext" />
    <property name="os.version" value="5.1" />
    <property name="libs.jstl11.classpath" value="C:\OpenESB\netbeans\enterprise5\modules\ext\standard.jar;C:\OpenESB\netbeans\enterprise5\modules\ext\jstl.jar" />
    <property name="user.home" value="C:\Documents and Settings\mpottlapelli" />
    <property name="org.xml.sax.driver" value="com.sun.org.apache.xerces.internal.jaxp.SAXParserImpl$JAXPSAXParser" />
    <property name="libs.jaxb21.classpath" value="C:\OpenESB\netbeans\java2\modules\ext\jaxws21\activation.jar;C:\OpenESB\netbeans\java2\modules\ext\jaxws21\api\jaxb-api.jar;C:\OpenESB\netbeans\java2\modules\ext\jaxws21\jaxb-impl.jar;C:\OpenESB\netbeans\java2\modules\ext\jaxws21\jaxb-xjc.jar;C:\OpenESB\netbeans\java2\modules\ext\jaxws21\api\jsr173_api.jar" />
    <property name="javax.xml.parsers.DocumentBuilderFactory" value="org.netbeans.core.startup.DOMFactoryImpl" />
    <property name="java.vm.vendor" value="Sun Microsystems Inc." />
    <property name="libs.struts.src" value="" />
    <property name="libs.absolutelayout.maven-pom" value="" />
    <property name="user.dir" value="C:\OpenESB\head\open-jbi-components\driver-tests\bpelse\dynamicpartnerlink\justhttpAndBPEL-JBI" />
    <property name="org.openide.TopManager.GUI" value="true" />
    <property name="test.dir" value="test" />
    <property name="sun.cpu.endian" value="little" />
    <property name="com.sun.jbi.routing" value="true" />
    <property name="reference.justhttpAndBPEL.dist_se" value="../justhttpAndBPEL/build/SEDeployment.jar" />
    <property name="libs.MySQLDriver.src" value="" />
    <property name="java.vm.version" value="10.0-b23" />
    <property name="resource.justhttpAndBPEL" value="../justhttpAndBPEL/setup" />
    <property name="java.class.path" value="C:\OpenESB\netbeans\soa2\modules\org-netbeans-modules-compapp-manager-jbi.jar;C:\OpenESB\netbeans\soa2\modules\org-netbeans-modules-compapp-projects-jbi.jar;C:\OpenESB\netbeans\soa2\modules\ext\jbi\jbi-admin-common.jar;C:\OpenESB\netbeans\soa2\modules\ext\jbi\catd.jar;C:\OpenESB\netbeans\java2\modules\ext\junit-3.8.2.jar;C:\OpenESB\netbeans\java2\modules\ext\jaxws21\api\saaj-api.jar;C:\OpenESB\netbeans\java2\modules\ext\jaxws21\saaj-impl.jar;C:\OpenESB\netbeans\java2\modules\ext\jaxws21\FastInfoset.jar;C:\OpenESB\netbeans\ide9\modules\org-netbeans-modules-editor-lib.jar;C:\OpenESB\netbeans\ide9\modules\org-netbeans-modules-editor.jar;C:\OpenESB\netbeans\ide9\modules\org-netbeans-modules-editor-util.jar;C:\OpenESB\netbeans\ide9\modules\org-netbeans-modules-editor-lib2.jar;C:\OpenESB\netbeans\ide9\modules\org-netbeans-modules-editor-indent.jar;C:\OpenESB\netbeans\ide9\modules\org-netbeans-modules-editor-plain.jar;C:\OpenESB\netbeans\ide9\modules\org-netbeans-modules-editor-plain-lib.jar;C:\OpenESB\netbeans\ide9\modules\org-netbeans-modules-editor-settings.jar;C:\OpenESB\netbeans\ide9\modules\org-netbeans-modules-lexer.jar;C:\OpenESB\netbeans\ide9\modules\org-netbeans-modules-xml-core.jar;C:\OpenESB\netbeans\ide9\modules\org-netbeans-modules-xml-lexer.jar;C:\OpenESB\netbeans\ide9\modules\org-netbeans-modules-xml-text.jar;C:\OpenESB\netbeans\ide9\modules\org-netbeans-modules-xml-xdm.jar;C:\OpenESB\netbeans\ide9\modules\org-netbeans-modules-xml-xam.jar;C:\OpenESB\netbeans\platform8\lib\org-openide-modules.jar;C:\OpenESB\netbeans\platform8\lib\org-openide-util.jar;C:\OpenESB\netbeans\platform8\modules\org-openide-options.jar;C:\OpenESB\netbeans\platform8\modules\org-openide-text.jar;C:\OpenESB\netbeans\platform8\modules\org-openide-loaders.jar;C:\OpenESB\netbeans\platform8\modules\org-openide-nodes.jar;C:\OpenESB\netbeans\platform8\modules\org-netbeans-modules-editor-mimelookup.jar;C:\OpenESB\netbeans\platform8\modules\org-netbeans-modules-editor-mimelookup-impl.jar;C:\OpenESB\netbeans\platform8\core\org-openide-filesystems.jar;C:\OpenESB\netbeans\java2\ant\lib\ant-launcher.jar;C:\OpenESB\netbeans\java2\ant\lib\ant.jar;C:\OpenESB\netbeans\java2\ant\lib\ant-junit.jar" />
    <property name="javax.xml.parsers.SAXParserFactory" value="org.netbeans.core.startup.SAXFactoryImpl" />
    <property name="os.arch" value="x86" />
    <property name="javac.deprecation" value="false" />
    <property name="libs.PojoSELib.src" value="C:\OpenESB\netbeans\soa2\modules\ext\jbi\openesb-pojo-engine-api-src.jar" />
    <property name="libs.PojoSELib.javadoc" value="C:\OpenESB\netbeans\soa2\modules\ext\jbi\openesb-pojo-engine-api-javadoc.jar" />
    <property name="build.classes.excludes" value="**/*.java,**/*.form,**/.nbattrs" />
    <property name="dist.dir" value="dist" />
    <property name="debug.classpath" value="${javac.classpath}:build/jar" />
    <property name="netbeans.user" value="C:\Documents and Settings\mpottlapelli\.netbeans\glassfishesb" />
    <property name="sun.java.launcher" value="SUN_STANDARD" />
    <property name="enterprise.module.install.dir" value="C:\OpenESB\netbeans\enterprise5\modules" />
    <property name="ant.core.lib" value="C:\OpenESB\netbeans\java2\ant\lib\ant.jar" />
    <property name="java.vm.specification.vendor" value="Sun Microsystems Inc." />
    <property name="libs.JAVADB_DRIVER_LABEL.javadoc" value="" />
    <property name="libs.restapi.maven-pom" value="" />
    <property name="file.separator" value="\" />
    <property name="java.runtime.version" value="1.6.0_07-b06" />
    <property name="sun.boot.class.path" value="C:\Java\jdk1.6.0_07\jre\lib\resources.jar;C:\Java\jdk1.6.0_07\jre\lib\rt.jar;C:\Java\jdk1.6.0_07\jre\lib\sunrsasign.jar;C:\Java\jdk1.6.0_07\jre\lib\jsse.jar;C:\Java\jdk1.6.0_07\jre\lib\jce.jar;C:\Java\jdk1.6.0_07\jre\lib\charsets.jar;C:\Java\jdk1.6.0_07\jre\classes" />
    <property name="libs.restlib.maven-pom" value="" />
    <property name="libs.beans-binding.classpath" value="C:\OpenESB\netbeans\java2\modules\ext\beansbinding-1.2.1.jar" />
    <property name="have.tests" value="true" />
    <property name="libs.spring-webmvc.maven-pom" value="" />
    <property name="libs.spring-webmvc.javadoc" value="" />
    <property name="java.util.logging.config.class" value="org.netbeans.core.startup.TopLogging" />
    <property name="libs.javac-api.classpath" value="C:\OpenESB\netbeans\java2\modules\ext\javac-api-nb-7.0-b07.jar" />
    <property name="user.country" value="US" />
    <property name="javadoc.notree" value="false" />
    <property name="libs.struts.javadoc" value="C:\OpenESB\netbeans\enterprise5\docs\struts-1.2.9-javadoc.zip" />
    <property name="libs.jaxws21.javadoc" value="C:\OpenESB\netbeans\java2\docs\jaxws-2_1-api-doc.zip" />
    <property name="default.javac.target" value="1.6" />
    <property name="libs.PojoSELib.maven-pom" value="" />
    <property name="build.classes.dir" value="build/jar" />
    <property name="libs.swing-layout.javadoc" value="C:\OpenESB\netbeans\platform8\docs\swing-layout-1.0.3-doc.zip" />
    <property name="libs.swing-layout.src" value="C:\OpenESB\netbeans\platform8\docs\swing-layout-1.0.3-src.zip" />
    <property name="javac.target" value="1.4" />
    <property name="java.vendor" value="Sun Microsystems Inc." />
    <property name="libs.swing-app-framework.src" value="" />
    <property name="java.specification.version" value="1.6" />
    <property name="libs.struts.maven-pom" value="" />
    <property name="sun.arch.data.model" value="32" />
  </properties>
  <testcase classname="org.netbeans.modules.compapp.catd.ConfiguredTest" name="TestCase1" time="1.344" />
  <system-out><![CDATA[{java.runtime.name=Java(TM) SE Runtime Environment, sun.boot.library.path=C:\Java\jdk1.6.0_07\jre\bin, java.vm.version=10.0-b23, java.vm.vendor=Sun Microsystems Inc., java.vendor.url=http://java.sun.com/, path.separator=;, java.vm.name=Java HotSpot(TM) Client VM, file.encoding.pkg=sun.io, sun.java.launcher=SUN_STANDARD, user.country=US, sun.os.patch.level=Service Pack 3, java.vm.specification.name=Java Virtual Machine Specification, user.dir=C:\OpenESB\head\open-jbi-components\driver-tests\bpelse\dynamicpartnerlink\justhttpAndBPEL-JBI, java.runtime.version=1.6.0_07-b06, java.awt.graphicsenv=sun.awt.Win32GraphicsEnvironment, java.endorsed.dirs=C:\Java\jdk1.6.0_07\jre\lib\endorsed, os.arch=x86, java.io.tmpdir=C:\DOCUME~1\MPOTTL~1\LOCALS~1\Temp\, line.separator=
, java.vm.specification.vendor=Sun Microsystems Inc., user.variant=, os.name=Windows XP, sun.jnu.encoding=Cp1252, java.library.path=C:\Java\jdk1.6.0_07\jre\bin;.;C:\WINDOWS\Sun\Java\bin;C:\WINDOWS\system32;C:\WINDOWS;C:\WINDOWS\system32;C:\WINDOWS;C:\WINDOWS\System32\Wbem;C:\Program Files\Reflection\;C:\Program Files\CVSNT\;C:\tools\UnixTools\usr\local\wbin;C:\Java\jdk1.6.0_07\bin;C:\Program Files\TextPad 5;C:\tools\maven-2.0.5\bin, java.specification.name=Java Platform API Specification, java.class.version=50.0, sun.management.compiler=HotSpot Client Compiler, os.version=5.1, user.home=C:\Documents and Settings\mpottlapelli, user.timezone=America/Los_Angeles, java.awt.printerjob=sun.awt.windows.WPrinterJob, file.encoding=Cp1252, java.specification.version=1.6, java.class.path=C:\OpenESB\netbeans\soa2\modules\org-netbeans-modules-compapp-manager-jbi.jar;C:\OpenESB\netbeans\soa2\modules\org-netbeans-modules-compapp-projects-jbi.jar;C:\OpenESB\netbeans\soa2\modules\ext\jbi\jbi-admin-common.jar;C:\OpenESB\netbeans\soa2\modules\ext\jbi\catd.jar;C:\OpenESB\netbeans\java2\modules\ext\junit-3.8.2.jar;C:\OpenESB\netbeans\java2\modules\ext\jaxws21\api\saaj-api.jar;C:\OpenESB\netbeans\java2\modules\ext\jaxws21\saaj-impl.jar;C:\OpenESB\netbeans\java2\modules\ext\jaxws21\FastInfoset.jar;C:\OpenESB\netbeans\ide9\modules\org-netbeans-modules-editor-lib.jar;C:\OpenESB\netbeans\ide9\modules\org-netbeans-modules-editor.jar;C:\OpenESB\netbeans\ide9\modules\org-netbeans-modules-editor-util.jar;C:\OpenESB\netbeans\ide9\modules\org-netbeans-modules-editor-lib2.jar;C:\OpenESB\netbeans\ide9\modules\org-netbeans-modules-editor-indent.jar;C:\OpenESB\netbeans\ide9\modules\org-netbeans-modules-editor-plain.jar;C:\OpenESB\netbeans\ide9\modules\org-netbeans-modules-editor-plain-lib.jar;C:\OpenESB\netbeans\ide9\modules\org-netbeans-modules-editor-settings.jar;C:\OpenESB\netbeans\ide9\modules\org-netbeans-modules-lexer.jar;C:\OpenESB\netbeans\ide9\modules\org-netbeans-modules-xml-core.jar;C:\OpenESB\netbeans\ide9\modules\org-netbeans-modules-xml-lexer.jar;C:\OpenESB\netbeans\ide9\modules\org-netbeans-modules-xml-text.jar;C:\OpenESB\netbeans\ide9\modules\org-netbeans-modules-xml-xdm.jar;C:\OpenESB\netbeans\ide9\modules\org-netbeans-modules-xml-xam.jar;C:\OpenESB\netbeans\platform8\lib\org-openide-modules.jar;C:\OpenESB\netbeans\platform8\lib\org-openide-util.jar;C:\OpenESB\netbeans\platform8\modules\org-openide-options.jar;C:\OpenESB\netbeans\platform8\modules\org-openide-text.jar;C:\OpenESB\netbeans\platform8\modules\org-openide-loaders.jar;C:\OpenESB\netbeans\platform8\modules\org-openide-nodes.jar;C:\OpenESB\netbeans\platform8\modules\org-netbeans-modules-editor-mimelookup.jar;C:\OpenESB\netbeans\platform8\modules\org-netbeans-modules-editor-mimelookup-impl.jar;C:\OpenESB\netbeans\platform8\core\org-openide-filesystems.jar;C:\OpenESB\netbeans\java2\ant\lib\ant-launcher.jar;C:\OpenESB\netbeans\java2\ant\lib\ant.jar;C:\OpenESB\netbeans\java2\ant\lib\ant-junit.jar, user.name=mpottlapelli, java.vm.specification.version=1.0, java.home=C:\Java\jdk1.6.0_07\jre, sun.arch.data.model=32, user.language=en, java.specification.vendor=Sun Microsystems Inc., NetBeansUserDir=C:\Documents and Settings\mpottlapelli\.netbeans\glassfishesb, awt.toolkit=sun.awt.windows.WToolkit, java.vm.info=mixed mode, sharing, java.version=1.6.0_07, java.ext.dirs=C:\Java\jdk1.6.0_07\jre\lib\ext;C:\WINDOWS\Sun\Java\lib\ext, sun.boot.class.path=C:\Java\jdk1.6.0_07\jre\lib\resources.jar;C:\Java\jdk1.6.0_07\jre\lib\rt.jar;C:\Java\jdk1.6.0_07\jre\lib\sunrsasign.jar;C:\Java\jdk1.6.0_07\jre\lib\jsse.jar;C:\Java\jdk1.6.0_07\jre\lib\jce.jar;C:\Java\jdk1.6.0_07\jre\lib\charsets.jar;C:\Java\jdk1.6.0_07\jre\classes, java.vendor=Sun Microsystems Inc., file.separator=\, java.vendor.url.bug=http://java.sun.com/cgi-bin/bugreport.cgi, sun.io.unicode.encoding=UnicodeLittle, sun.cpu.endian=little, sun.desktop=windows, sun.cpu.isalist=pentium_pro+mmx pentium_pro pentium+mmx pentium i486 i386 i86}
Test TestCase1\Concurrent.properties
Replace '${HttpDefaultPort}' in WSDL soap location by '9080' defined in sun-http-binding.
 Passed. Threads count Success: <1> Error: <0> Not completed: <0>
]]></system-out>
  <system-err><![CDATA[]]></system-err>
</testsuite>
