<?xml version="1.0" encoding="UTF-8"?>
<con:soapui-project name="test-consumer-primitives" soapui-version="2.0.2" xmlns:con="http://eviware.com/soapui/config"><con:settings><con:setting id="ProjectSettings@projectRoot">/home/marco/workspace/corba-bc/integration-test/test-consumer-primitives/consumer-primitives-integration-test/src/test/etc/soapui</con:setting></con:settings><con:interface name="EchoPrimitivesCorbaBinding" bindingName="{urn:jbi4corba/test-consumer-primitives}EchoPrimitivesCorbaBinding" soapVersion="1_1" definition="http://localhost:8192/Service/test-consumer-primitives/?wsdl"><con:settings/><con:endpoints><con:endpoint>http://localhost:8192/Service/test-consumer-primitives/</con:endpoint><con:endpoint>http://localhost:8192/Service/test-consumer-primitives/</con:endpoint></con:endpoints><con:operation isOneWay="false" action="" name="echoAnyURI" bindingOperationName="echoAnyURI" inputName="echoAnyURI" outputName="echoAnyURIResponse" receivesAttachments="false" sendsAttachments="false"><con:settings/><con:call name="Request 1"><con:settings/><con:encoding>UTF-8</con:encoding><con:endpoint>http://localhost:8192/Service/test-consumer-primitives/</con:endpoint><con:request><![CDATA[<soapenv:Envelope xmlns:soapenv="http://schemas.xmlsoap.org/soap/envelope/" xmlns:test="urn:jbi4corba/test-consumer-primitives">
   <soapenv:Header/>
   <soapenv:Body>
      <test:echoAnyURI>
         <!--Optional:-->
         <test:arg0>URI</test:arg0>
      </test:echoAnyURI>
   </soapenv:Body>
</soapenv:Envelope>]]></con:request></con:call></con:operation><con:operation isOneWay="false" action="" name="echoBoolean" bindingOperationName="echoBoolean" inputName="echoBoolean" outputName="echoBooleanResponse" receivesAttachments="false" sendsAttachments="false"><con:settings/><con:call name="Request 1"><con:settings/><con:encoding>UTF-8</con:encoding><con:endpoint>http://localhost:8192/Service/test-consumer-primitives/</con:endpoint><con:request><![CDATA[<soapenv:Envelope xmlns:soapenv="http://schemas.xmlsoap.org/soap/envelope/" xmlns:test="urn:jbi4corba/test-consumer-primitives">
   <soapenv:Header/>
   <soapenv:Body>
      <test:echoBoolean>
         <test:arg0>true</test:arg0>
      </test:echoBoolean>
   </soapenv:Body>
</soapenv:Envelope>]]></con:request></con:call></con:operation><con:operation isOneWay="false" action="" name="echoByte" bindingOperationName="echoByte" inputName="echoByte" outputName="echoByteResponse" receivesAttachments="false" sendsAttachments="false"><con:settings/><con:call name="Request 1"><con:settings/><con:encoding>UTF-8</con:encoding><con:endpoint>http://localhost:8192/Service/test-consumer-primitives/</con:endpoint><con:request><![CDATA[<soapenv:Envelope xmlns:soapenv="http://schemas.xmlsoap.org/soap/envelope/" xmlns:test="urn:jbi4corba/test-consumer-primitives">
   <soapenv:Header/>
   <soapenv:Body>
      <test:echoByte>
         <test:arg0>01</test:arg0>
      </test:echoByte>
   </soapenv:Body>
</soapenv:Envelope>]]></con:request></con:call></con:operation><con:operation isOneWay="false" action="" name="echoDouble" bindingOperationName="echoDouble" inputName="echoDouble" outputName="echoDoubleResponse" receivesAttachments="false" sendsAttachments="false"><con:settings/><con:call name="Request 1"><con:settings/><con:encoding>UTF-8</con:encoding><con:endpoint>http://localhost:8192/Service/test-consumer-primitives/</con:endpoint><con:request><![CDATA[<soapenv:Envelope xmlns:soapenv="http://schemas.xmlsoap.org/soap/envelope/" xmlns:test="urn:jbi4corba/test-consumer-primitives">
   <soapenv:Header/>
   <soapenv:Body>
      <test:echoDouble>
         <test:arg0>1.1</test:arg0>
      </test:echoDouble>
   </soapenv:Body>
</soapenv:Envelope>]]></con:request></con:call></con:operation><con:operation isOneWay="false" action="" name="echoENTITY" bindingOperationName="echoENTITY" inputName="echoENTITY" outputName="echoENTITYResponse" receivesAttachments="false" sendsAttachments="false"><con:settings/><con:call name="Request 1"><con:settings/><con:encoding>UTF-8</con:encoding><con:endpoint>http://localhost:8192/Service/test-consumer-primitives/</con:endpoint><con:request><![CDATA[<soapenv:Envelope xmlns:soapenv="http://schemas.xmlsoap.org/soap/envelope/" xmlns:test="urn:jbi4corba/test-consumer-primitives">
   <soapenv:Header/>
   <soapenv:Body>
      <test:echoENTITY>
         <!--Optional:-->
         <test:arg0>Entity</test:arg0>
      </test:echoENTITY>
   </soapenv:Body>
</soapenv:Envelope>]]></con:request></con:call></con:operation><con:operation isOneWay="false" action="" name="echoFloat" bindingOperationName="echoFloat" inputName="echoFloat" outputName="echoFloatResponse" receivesAttachments="false" sendsAttachments="false"><con:settings/><con:call name="Request 1"><con:settings/><con:encoding>UTF-8</con:encoding><con:endpoint>http://localhost:8192/Service/test-consumer-primitives/</con:endpoint><con:request><![CDATA[<soapenv:Envelope xmlns:soapenv="http://schemas.xmlsoap.org/soap/envelope/" xmlns:test="urn:jbi4corba/test-consumer-primitives">
   <soapenv:Header/>
   <soapenv:Body>
      <test:echoFloat>
         <test:arg0>2.1</test:arg0>
      </test:echoFloat>
   </soapenv:Body>
</soapenv:Envelope>]]></con:request></con:call></con:operation><con:operation isOneWay="false" action="" name="echoID" bindingOperationName="echoID" inputName="echoID" outputName="echoIDResponse" receivesAttachments="false" sendsAttachments="false"><con:settings/><con:call name="Request 1"><con:settings/><con:encoding>UTF-8</con:encoding><con:endpoint>http://localhost:8192/Service/test-consumer-primitives/</con:endpoint><con:request><![CDATA[<soapenv:Envelope xmlns:soapenv="http://schemas.xmlsoap.org/soap/envelope/" xmlns:test="urn:jbi4corba/test-consumer-primitives">
   <soapenv:Header/>
   <soapenv:Body>
      <test:echoID>
         <!--Optional:-->
         <test:arg0>Id</test:arg0>
      </test:echoID>
   </soapenv:Body>
</soapenv:Envelope>]]></con:request></con:call></con:operation><con:operation isOneWay="false" action="" name="echoInt" bindingOperationName="echoInt" inputName="echoInt" outputName="echoIntResponse" receivesAttachments="false" sendsAttachments="false"><con:settings/><con:call name="Request 1"><con:settings/><con:encoding>UTF-8</con:encoding><con:endpoint>http://localhost:8192/Service/test-consumer-primitives/</con:endpoint><con:request><![CDATA[<soapenv:Envelope xmlns:soapenv="http://schemas.xmlsoap.org/soap/envelope/" xmlns:test="urn:jbi4corba/test-consumer-primitives">
   <soapenv:Header/>
   <soapenv:Body>
      <test:echoInt>
         <test:arg0>1</test:arg0>
      </test:echoInt>
   </soapenv:Body>
</soapenv:Envelope>]]></con:request></con:call></con:operation><con:operation isOneWay="false" action="" name="echoLanguage" bindingOperationName="echoLanguage" inputName="echoLanguage" outputName="echoLanguageResponse" receivesAttachments="false" sendsAttachments="false"><con:settings/><con:call name="Request 1"><con:settings/><con:encoding>UTF-8</con:encoding><con:endpoint>http://localhost:8192/Service/test-consumer-primitives/</con:endpoint><con:request><![CDATA[<soapenv:Envelope xmlns:soapenv="http://schemas.xmlsoap.org/soap/envelope/" xmlns:test="urn:jbi4corba/test-consumer-primitives">
   <soapenv:Header/>
   <soapenv:Body>
      <test:echoLanguage>
         <!--Optional:-->
         <test:arg0>language</test:arg0>
      </test:echoLanguage>
   </soapenv:Body>
</soapenv:Envelope>]]></con:request></con:call></con:operation><con:operation isOneWay="false" action="" name="echoLong" bindingOperationName="echoLong" inputName="echoLong" outputName="echoLongResponse" receivesAttachments="false" sendsAttachments="false"><con:settings/><con:call name="Request 1"><con:settings/><con:encoding>UTF-8</con:encoding><con:endpoint>http://localhost:8192/Service/test-consumer-primitives/</con:endpoint><con:request><![CDATA[<soapenv:Envelope xmlns:soapenv="http://schemas.xmlsoap.org/soap/envelope/" xmlns:test="urn:jbi4corba/test-consumer-primitives">
   <soapenv:Header/>
   <soapenv:Body>
      <test:echoLong>
         <test:arg0>123</test:arg0>
      </test:echoLong>
   </soapenv:Body>
</soapenv:Envelope>]]></con:request></con:call></con:operation><con:operation isOneWay="false" action="" name="echoName" bindingOperationName="echoName" inputName="echoName" outputName="echoNameResponse" receivesAttachments="false" sendsAttachments="false"><con:settings/><con:call name="Request 1"><con:settings/><con:encoding>UTF-8</con:encoding><con:endpoint>http://localhost:8192/Service/test-consumer-primitives/</con:endpoint><con:request><![CDATA[<soapenv:Envelope xmlns:soapenv="http://schemas.xmlsoap.org/soap/envelope/" xmlns:test="urn:jbi4corba/test-consumer-primitives">
   <soapenv:Header/>
   <soapenv:Body>
      <test:echoName>
         <!--Optional:-->
         <test:arg0>name</test:arg0>
      </test:echoName>
   </soapenv:Body>
</soapenv:Envelope>]]></con:request></con:call></con:operation><con:operation isOneWay="false" action="" name="echoNCName" bindingOperationName="echoNCName" inputName="echoNCName" outputName="echoNCNameResponse" receivesAttachments="false" sendsAttachments="false"><con:settings/><con:call name="Request 1"><con:settings/><con:encoding>UTF-8</con:encoding><con:endpoint>http://localhost:8192/Service/test-consumer-primitives/</con:endpoint><con:request><![CDATA[<soapenv:Envelope xmlns:soapenv="http://schemas.xmlsoap.org/soap/envelope/" xmlns:test="urn:jbi4corba/test-consumer-primitives">
   <soapenv:Header/>
   <soapenv:Body>
      <test:echoNCName>
         <!--Optional:-->
         <test:arg0>ncname</test:arg0>
      </test:echoNCName>
   </soapenv:Body>
</soapenv:Envelope>]]></con:request></con:call></con:operation><con:operation isOneWay="false" action="" name="echoNMTOKEN" bindingOperationName="echoNMTOKEN" inputName="echoNMTOKEN" outputName="echoNMTOKENResponse" receivesAttachments="false" sendsAttachments="false"><con:settings/><con:call name="Request 1"><con:settings/><con:encoding>UTF-8</con:encoding><con:endpoint>http://localhost:8192/Service/test-consumer-primitives/</con:endpoint><con:request><![CDATA[<soapenv:Envelope xmlns:soapenv="http://schemas.xmlsoap.org/soap/envelope/" xmlns:test="urn:jbi4corba/test-consumer-primitives">
   <soapenv:Header/>
   <soapenv:Body>
      <test:echoNMTOKEN>
         <!--Optional:-->
         <test:arg0>nmtoken</test:arg0>
      </test:echoNMTOKEN>
   </soapenv:Body>
</soapenv:Envelope>]]></con:request></con:call></con:operation><con:operation isOneWay="false" action="" name="echoNormalizedString" bindingOperationName="echoNormalizedString" inputName="echoNormalizedString" outputName="echoNormalizedStringResponse" receivesAttachments="false" sendsAttachments="false"><con:settings/><con:call name="Request 1"><con:settings/><con:encoding>UTF-8</con:encoding><con:endpoint>http://localhost:8192/Service/test-consumer-primitives/</con:endpoint><con:request><![CDATA[<soapenv:Envelope xmlns:soapenv="http://schemas.xmlsoap.org/soap/envelope/" xmlns:test="urn:jbi4corba/test-consumer-primitives">
   <soapenv:Header/>
   <soapenv:Body>
      <test:echoNormalizedString>
         <!--Optional:-->
         <test:arg0>normalizedString</test:arg0>
      </test:echoNormalizedString>
   </soapenv:Body>
</soapenv:Envelope>]]></con:request></con:call></con:operation><con:operation isOneWay="false" action="" name="echoShort" bindingOperationName="echoShort" inputName="echoShort" outputName="echoShortResponse" receivesAttachments="false" sendsAttachments="false"><con:settings/><con:call name="Request 1"><con:settings/><con:encoding>UTF-8</con:encoding><con:endpoint>http://localhost:8192/Service/test-consumer-primitives/</con:endpoint><con:request><![CDATA[<soapenv:Envelope xmlns:soapenv="http://schemas.xmlsoap.org/soap/envelope/" xmlns:test="urn:jbi4corba/test-consumer-primitives">
   <soapenv:Header/>
   <soapenv:Body>
      <test:echoShort>
         <test:arg0>1</test:arg0>
      </test:echoShort>
   </soapenv:Body>
</soapenv:Envelope>]]></con:request></con:call></con:operation><con:operation isOneWay="false" action="" name="echoString" bindingOperationName="echoString" inputName="echoString" outputName="echoStringResponse" receivesAttachments="false" sendsAttachments="false"><con:settings/><con:call name="Request 1"><con:settings/><con:encoding>UTF-8</con:encoding><con:endpoint>http://localhost:8192/Service/test-consumer-primitives/</con:endpoint><con:request><![CDATA[<soapenv:Envelope xmlns:soapenv="http://schemas.xmlsoap.org/soap/envelope/" xmlns:test="urn:jbi4corba/test-consumer-primitives">
   <soapenv:Header/>
   <soapenv:Body>
      <test:echoString>
         <!--Optional:-->
         <test:arg0>gero et</test:arg0>
      </test:echoString>
   </soapenv:Body>
</soapenv:Envelope>]]></con:request></con:call></con:operation><con:operation isOneWay="false" action="" name="echoToken" bindingOperationName="echoToken" inputName="echoToken" outputName="echoTokenResponse" receivesAttachments="false" sendsAttachments="false"><con:settings/><con:call name="Request 1"><con:settings/><con:encoding>UTF-8</con:encoding><con:endpoint>http://localhost:8192/Service/test-consumer-primitives/</con:endpoint><con:request><![CDATA[<soapenv:Envelope xmlns:soapenv="http://schemas.xmlsoap.org/soap/envelope/" xmlns:test="urn:jbi4corba/test-consumer-primitives">
   <soapenv:Header/>
   <soapenv:Body>
      <test:echoToken>
         <!--Optional:-->
         <test:arg0>token</test:arg0>
      </test:echoToken>
   </soapenv:Body>
</soapenv:Envelope>]]></con:request></con:call></con:operation><con:operation isOneWay="false" action="" name="echoUnsignedByte" bindingOperationName="echoUnsignedByte" inputName="echoUnsignedByte" outputName="echoUnsignedByteResponse" receivesAttachments="false" sendsAttachments="false"><con:settings/><con:call name="Request 1"><con:settings/><con:encoding>UTF-8</con:encoding><con:endpoint>http://localhost:8192/Service/test-consumer-primitives/</con:endpoint><con:request><![CDATA[<soapenv:Envelope xmlns:soapenv="http://schemas.xmlsoap.org/soap/envelope/" xmlns:test="urn:jbi4corba/test-consumer-primitives">
   <soapenv:Header/>
   <soapenv:Body>
      <test:echoUnsignedByte>
         <test:arg0>1</test:arg0>
      </test:echoUnsignedByte>
   </soapenv:Body>
</soapenv:Envelope>]]></con:request></con:call></con:operation><con:operation isOneWay="false" action="" name="echoUnsignedInt" bindingOperationName="echoUnsignedInt" inputName="echoUnsignedInt" outputName="echoUnsignedIntResponse" receivesAttachments="false" sendsAttachments="false"><con:settings/><con:call name="Request 1"><con:settings/><con:encoding>UTF-8</con:encoding><con:endpoint>http://localhost:8192/Service/test-consumer-primitives/</con:endpoint><con:request><![CDATA[<soapenv:Envelope xmlns:soapenv="http://schemas.xmlsoap.org/soap/envelope/" xmlns:test="urn:jbi4corba/test-consumer-primitives">
   <soapenv:Header/>
   <soapenv:Body>
      <test:echoUnsignedInt>
         <test:arg0>9</test:arg0>
      </test:echoUnsignedInt>
   </soapenv:Body>
</soapenv:Envelope>]]></con:request></con:call></con:operation><con:operation isOneWay="false" action="" name="echoUnsignedShort" bindingOperationName="echoUnsignedShort" inputName="echoUnsignedShort" outputName="echoUnsignedShortResponse" receivesAttachments="false" sendsAttachments="false"><con:settings/><con:call name="Request 1"><con:settings/><con:encoding>UTF-8</con:encoding><con:endpoint>http://localhost:8192/Service/test-consumer-primitives/</con:endpoint><con:request><![CDATA[<soapenv:Envelope xmlns:soapenv="http://schemas.xmlsoap.org/soap/envelope/" xmlns:test="urn:jbi4corba/test-consumer-primitives">
   <soapenv:Header/>
   <soapenv:Body>
      <test:echoUnsignedShort>
         <test:arg0>1</test:arg0>
      </test:echoUnsignedShort>
   </soapenv:Body>
</soapenv:Envelope>]]></con:request></con:call></con:operation><con:definitionCache rootPart="http://localhost:8192/Service/test-consumer-primitives/?wsdl" type="TEXT"><con:part><con:url>http://localhost:8192/consumer-primitives-http-consumer/EchoPrimitives_test-consumer-primitives.xsd</con:url><con:content><![CDATA[<xsd:schema attributeFormDefault="unqualified" elementFormDefault="qualified" targetNamespace="urn:jbi4corba/test-consumer-primitives" xmlns:xsd="http://www.w3.org/2001/XMLSchema" xmlns:tns="urn:jbi4corba/test-consumer-primitives">
  <xsd:element name="echoByte">
    <xsd:complexType>
      <xsd:sequence>
        <xsd:element name="arg0" type="xsd:byte"/>
      </xsd:sequence>
    </xsd:complexType>
  </xsd:element>
  <xsd:element name="echoByteResponse">
    <xsd:complexType>
      <xsd:sequence>
        <xsd:element name="return" type="xsd:byte"/>
      </xsd:sequence>
    </xsd:complexType>
  </xsd:element>
  <xsd:element name="echoUnsignedShort">
    <xsd:complexType>
      <xsd:sequence>
        <xsd:element name="arg0" type="xsd:int"/>
      </xsd:sequence>
    </xsd:complexType>
  </xsd:element>
  <xsd:element name="echoUnsignedShortResponse">
    <xsd:complexType>
      <xsd:sequence>
        <xsd:element name="return" type="xsd:int"/>
      </xsd:sequence>
    </xsd:complexType>
  </xsd:element>
  <xsd:element name="echoInt">
    <xsd:complexType>
      <xsd:sequence>
        <xsd:element name="arg0" type="xsd:int"/>
      </xsd:sequence>
    </xsd:complexType>
  </xsd:element>
  <xsd:element name="echoIntResponse">
    <xsd:complexType>
      <xsd:sequence>
        <xsd:element name="return" type="xsd:int"/>
      </xsd:sequence>
    </xsd:complexType>
  </xsd:element>
  <xsd:element name="echoUnsignedByte">
    <xsd:complexType>
      <xsd:sequence>
        <xsd:element name="arg0" type="xsd:short"/>
      </xsd:sequence>
    </xsd:complexType>
  </xsd:element>
  <xsd:element name="echoUnsignedByteResponse">
    <xsd:complexType>
      <xsd:sequence>
        <xsd:element name="return" type="xsd:short"/>
      </xsd:sequence>
    </xsd:complexType>
  </xsd:element>
  <xsd:element name="echoAnyURI">
    <xsd:complexType>
      <xsd:sequence>
        <xsd:element minOccurs="0" name="arg0" type="xsd:string"/>
      </xsd:sequence>
    </xsd:complexType>
  </xsd:element>
  <xsd:element name="echoAnyURIResponse">
    <xsd:complexType>
      <xsd:sequence>
        <xsd:element minOccurs="0" name="return" type="xsd:string"/>
      </xsd:sequence>
    </xsd:complexType>
  </xsd:element>
  <xsd:element name="echoID">
    <xsd:complexType>
      <xsd:sequence>
        <xsd:element minOccurs="0" name="arg0" type="xsd:string"/>
      </xsd:sequence>
    </xsd:complexType>
  </xsd:element>
  <xsd:element name="echoIDResponse">
    <xsd:complexType>
      <xsd:sequence>
        <xsd:element minOccurs="0" name="return" type="xsd:string"/>
      </xsd:sequence>
    </xsd:complexType>
  </xsd:element>
  <xsd:element name="echoLong">
    <xsd:complexType>
      <xsd:sequence>
        <xsd:element name="arg0" type="xsd:long"/>
      </xsd:sequence>
    </xsd:complexType>
  </xsd:element>
  <xsd:element name="echoLongResponse">
    <xsd:complexType>
      <xsd:sequence>
        <xsd:element name="return" type="xsd:long"/>
      </xsd:sequence>
    </xsd:complexType>
  </xsd:element>
  <xsd:element name="echoNormalizedString">
    <xsd:complexType>
      <xsd:sequence>
        <xsd:element minOccurs="0" name="arg0" type="xsd:string"/>
      </xsd:sequence>
    </xsd:complexType>
  </xsd:element>
  <xsd:element name="echoNormalizedStringResponse">
    <xsd:complexType>
      <xsd:sequence>
        <xsd:element minOccurs="0" name="return" type="xsd:string"/>
      </xsd:sequence>
    </xsd:complexType>
  </xsd:element>
  <xsd:element name="echoFloat">
    <xsd:complexType>
      <xsd:sequence>
        <xsd:element name="arg0" type="xsd:float"/>
      </xsd:sequence>
    </xsd:complexType>
  </xsd:element>
  <xsd:element name="echoFloatResponse">
    <xsd:complexType>
      <xsd:sequence>
        <xsd:element name="return" type="xsd:float"/>
      </xsd:sequence>
    </xsd:complexType>
  </xsd:element>
  <xsd:element name="echoNMTOKEN">
    <xsd:complexType>
      <xsd:sequence>
        <xsd:element minOccurs="0" name="arg0" type="xsd:string"/>
      </xsd:sequence>
    </xsd:complexType>
  </xsd:element>
  <xsd:element name="echoNMTOKENResponse">
    <xsd:complexType>
      <xsd:sequence>
        <xsd:element minOccurs="0" name="return" type="xsd:string"/>
      </xsd:sequence>
    </xsd:complexType>
  </xsd:element>
  <xsd:element name="echoShort">
    <xsd:complexType>
      <xsd:sequence>
        <xsd:element name="arg0" type="xsd:short"/>
      </xsd:sequence>
    </xsd:complexType>
  </xsd:element>
  <xsd:element name="echoShortResponse">
    <xsd:complexType>
      <xsd:sequence>
        <xsd:element name="return" type="xsd:short"/>
      </xsd:sequence>
    </xsd:complexType>
  </xsd:element>
  <xsd:element name="echoDouble">
    <xsd:complexType>
      <xsd:sequence>
        <xsd:element name="arg0" type="xsd:double"/>
      </xsd:sequence>
    </xsd:complexType>
  </xsd:element>
  <xsd:element name="echoDoubleResponse">
    <xsd:complexType>
      <xsd:sequence>
        <xsd:element name="return" type="xsd:double"/>
      </xsd:sequence>
    </xsd:complexType>
  </xsd:element>
  <xsd:element name="echoString">
    <xsd:complexType>
      <xsd:sequence>
        <xsd:element minOccurs="0" name="arg0" type="xsd:string"/>
      </xsd:sequence>
    </xsd:complexType>
  </xsd:element>
  <xsd:element name="echoStringResponse">
    <xsd:complexType>
      <xsd:sequence>
        <xsd:element minOccurs="0" name="return" type="xsd:string"/>
      </xsd:sequence>
    </xsd:complexType>
  </xsd:element>
  <xsd:element name="echoUnsignedInt">
    <xsd:complexType>
      <xsd:sequence>
        <xsd:element name="arg0" type="xsd:long"/>
      </xsd:sequence>
    </xsd:complexType>
  </xsd:element>
  <xsd:element name="echoUnsignedIntResponse">
    <xsd:complexType>
      <xsd:sequence>
        <xsd:element name="return" type="xsd:long"/>
      </xsd:sequence>
    </xsd:complexType>
  </xsd:element>
  <xsd:element name="echoLanguage">
    <xsd:complexType>
      <xsd:sequence>
        <xsd:element minOccurs="0" name="arg0" type="xsd:string"/>
      </xsd:sequence>
    </xsd:complexType>
  </xsd:element>
  <xsd:element name="echoLanguageResponse">
    <xsd:complexType>
      <xsd:sequence>
        <xsd:element minOccurs="0" name="return" type="xsd:string"/>
      </xsd:sequence>
    </xsd:complexType>
  </xsd:element>
  <xsd:element name="echoBoolean">
    <xsd:complexType>
      <xsd:sequence>
        <xsd:element name="arg0" type="xsd:boolean"/>
      </xsd:sequence>
    </xsd:complexType>
  </xsd:element>
  <xsd:element name="echoBooleanResponse">
    <xsd:complexType>
      <xsd:sequence>
        <xsd:element name="return" type="xsd:boolean"/>
      </xsd:sequence>
    </xsd:complexType>
  </xsd:element>
  <xsd:element name="echoNCName">
    <xsd:complexType>
      <xsd:sequence>
        <xsd:element minOccurs="0" name="arg0" type="xsd:string"/>
      </xsd:sequence>
    </xsd:complexType>
  </xsd:element>
  <xsd:element name="echoNCNameResponse">
    <xsd:complexType>
      <xsd:sequence>
        <xsd:element minOccurs="0" name="return" type="xsd:string"/>
      </xsd:sequence>
    </xsd:complexType>
  </xsd:element>
  <xsd:element name="echoToken">
    <xsd:complexType>
      <xsd:sequence>
        <xsd:element minOccurs="0" name="arg0" type="xsd:string"/>
      </xsd:sequence>
    </xsd:complexType>
  </xsd:element>
  <xsd:element name="echoTokenResponse">
    <xsd:complexType>
      <xsd:sequence>
        <xsd:element minOccurs="0" name="return" type="xsd:string"/>
      </xsd:sequence>
    </xsd:complexType>
  </xsd:element>
  <xsd:element name="echoENTITY">
    <xsd:complexType>
      <xsd:sequence>
        <xsd:element minOccurs="0" name="arg0" type="xsd:string"/>
      </xsd:sequence>
    </xsd:complexType>
  </xsd:element>
  <xsd:element name="echoENTITYResponse">
    <xsd:complexType>
      <xsd:sequence>
        <xsd:element minOccurs="0" name="return" type="xsd:string"/>
      </xsd:sequence>
    </xsd:complexType>
  </xsd:element>
  <xsd:element name="echoName">
    <xsd:complexType>
      <xsd:sequence>
        <xsd:element minOccurs="0" name="arg0" type="xsd:string"/>
      </xsd:sequence>
    </xsd:complexType>
  </xsd:element>
  <xsd:element name="echoNameResponse">
    <xsd:complexType>
      <xsd:sequence>
        <xsd:element minOccurs="0" name="return" type="xsd:string"/>
      </xsd:sequence>
    </xsd:complexType>
  </xsd:element>
</xsd:schema>]]></con:content><con:type>http://www.w3.org/2001/XMLSchema</con:type></con:part><con:part><con:url>http://localhost:8192/Service/test-consumer-primitives/?wsdl</con:url><con:content><![CDATA[<wsdl:definitions name="EchoPrimitives" targetNamespace="urn:jbi4corba/test-consumer-primitives" xmlns:tns="urn:jbi4corba/test-consumer-primitives" xmlns:plnk="http://docs.oasis-open.org/wsbpel/2.0/plnktype" xmlns:xsd="http://www.w3.org/2001/XMLSchema" xmlns:soap="http://schemas.xmlsoap.org/wsdl/soap/" xmlns:wsdl="http://schemas.xmlsoap.org/wsdl/">
  <wsdl:types>
    <xsd:schema>
      <xsd:import namespace="urn:jbi4corba/test-consumer-primitives" schemaLocation="http://localhost:8192/consumer-primitives-http-consumer/EchoPrimitives_test-consumer-primitives.xsd"/>
    </xsd:schema>
  </wsdl:types>
  <wsdl:message name="echoLanguage">
    <wsdl:part name="parameters" element="tns:echoLanguage"></wsdl:part>
  </wsdl:message>
  <wsdl:message name="echoStringResponse">
    <wsdl:part name="parameters" element="tns:echoStringResponse"></wsdl:part>
  </wsdl:message>
  <wsdl:message name="echoUnsignedInt">
    <wsdl:part name="parameters" element="tns:echoUnsignedInt"></wsdl:part>
  </wsdl:message>
  <wsdl:message name="echoName">
    <wsdl:part name="parameters" element="tns:echoName"></wsdl:part>
  </wsdl:message>
  <wsdl:message name="echoTokenResponse">
    <wsdl:part name="parameters" element="tns:echoTokenResponse"></wsdl:part>
  </wsdl:message>
  <wsdl:message name="echoUnsignedShort">
    <wsdl:part name="parameters" element="tns:echoUnsignedShort"></wsdl:part>
  </wsdl:message>
  <wsdl:message name="echoNormalizedStringResponse">
    <wsdl:part name="parameters" element="tns:echoNormalizedStringResponse"></wsdl:part>
  </wsdl:message>
  <wsdl:message name="echoDoubleResponse">
    <wsdl:part name="parameters" element="tns:echoDoubleResponse"></wsdl:part>
  </wsdl:message>
  <wsdl:message name="echoInt">
    <wsdl:part name="parameters" element="tns:echoInt"></wsdl:part>
  </wsdl:message>
  <wsdl:message name="echoNameResponse">
    <wsdl:part name="parameters" element="tns:echoNameResponse"></wsdl:part>
  </wsdl:message>
  <wsdl:message name="echoUnsignedShortResponse">
    <wsdl:part name="parameters" element="tns:echoUnsignedShortResponse"></wsdl:part>
  </wsdl:message>
  <wsdl:message name="echoFloat">
    <wsdl:part name="parameters" element="tns:echoFloat"></wsdl:part>
  </wsdl:message>
  <wsdl:message name="echoLong">
    <wsdl:part name="parameters" element="tns:echoLong"></wsdl:part>
  </wsdl:message>
  <wsdl:message name="echoNMTOKENResponse">
    <wsdl:part name="parameters" element="tns:echoNMTOKENResponse"></wsdl:part>
  </wsdl:message>
  <wsdl:message name="echoByte">
    <wsdl:part name="parameters" element="tns:echoByte"></wsdl:part>
  </wsdl:message>
  <wsdl:message name="echoAnyURI">
    <wsdl:part name="parameters" element="tns:echoAnyURI"></wsdl:part>
  </wsdl:message>
  <wsdl:message name="echoUnsignedByte">
    <wsdl:part name="parameters" element="tns:echoUnsignedByte"></wsdl:part>
  </wsdl:message>
  <wsdl:message name="echoAnyURIResponse">
    <wsdl:part name="parameters" element="tns:echoAnyURIResponse"></wsdl:part>
  </wsdl:message>
  <wsdl:message name="echoIntResponse">
    <wsdl:part name="parameters" element="tns:echoIntResponse"></wsdl:part>
  </wsdl:message>
  <wsdl:message name="echoBoolean">
    <wsdl:part name="parameters" element="tns:echoBoolean"></wsdl:part>
  </wsdl:message>
  <wsdl:message name="echoByteResponse">
    <wsdl:part name="parameters" element="tns:echoByteResponse"></wsdl:part>
  </wsdl:message>
  <wsdl:message name="echoBooleanResponse">
    <wsdl:part name="parameters" element="tns:echoBooleanResponse"></wsdl:part>
  </wsdl:message>
  <wsdl:message name="echoLongResponse">
    <wsdl:part name="parameters" element="tns:echoLongResponse"></wsdl:part>
  </wsdl:message>
  <wsdl:message name="echoString">
    <wsdl:part name="parameters" element="tns:echoString"></wsdl:part>
  </wsdl:message>
  <wsdl:message name="echoToken">
    <wsdl:part name="parameters" element="tns:echoToken"></wsdl:part>
  </wsdl:message>
  <wsdl:message name="echoIDResponse">
    <wsdl:part name="parameters" element="tns:echoIDResponse"></wsdl:part>
  </wsdl:message>
  <wsdl:message name="echoNCName">
    <wsdl:part name="parameters" element="tns:echoNCName"></wsdl:part>
  </wsdl:message>
  <wsdl:message name="echoUnsignedByteResponse">
    <wsdl:part name="parameters" element="tns:echoUnsignedByteResponse"></wsdl:part>
  </wsdl:message>
  <wsdl:message name="echoNormalizedString">
    <wsdl:part name="parameters" element="tns:echoNormalizedString"></wsdl:part>
  </wsdl:message>
  <wsdl:message name="echoLanguageResponse">
    <wsdl:part name="parameters" element="tns:echoLanguageResponse"></wsdl:part>
  </wsdl:message>
  <wsdl:message name="echoNMTOKEN">
    <wsdl:part name="parameters" element="tns:echoNMTOKEN"></wsdl:part>
  </wsdl:message>
  <wsdl:message name="echoDouble">
    <wsdl:part name="parameters" element="tns:echoDouble"></wsdl:part>
  </wsdl:message>
  <wsdl:message name="echoENTITYResponse">
    <wsdl:part name="parameters" element="tns:echoENTITYResponse"></wsdl:part>
  </wsdl:message>
  <wsdl:message name="echoNCNameResponse">
    <wsdl:part name="parameters" element="tns:echoNCNameResponse"></wsdl:part>
  </wsdl:message>
  <wsdl:message name="echoID">
    <wsdl:part name="parameters" element="tns:echoID"></wsdl:part>
  </wsdl:message>
  <wsdl:message name="echoFloatResponse">
    <wsdl:part name="parameters" element="tns:echoFloatResponse"></wsdl:part>
  </wsdl:message>
  <wsdl:message name="echoUnsignedIntResponse">
    <wsdl:part name="parameters" element="tns:echoUnsignedIntResponse"></wsdl:part>
  </wsdl:message>
  <wsdl:message name="echoShortResponse">
    <wsdl:part name="parameters" element="tns:echoShortResponse"></wsdl:part>
  </wsdl:message>
  <wsdl:message name="echoENTITY">
    <wsdl:part name="parameters" element="tns:echoENTITY"></wsdl:part>
  </wsdl:message>
  <wsdl:message name="echoShort">
    <wsdl:part name="parameters" element="tns:echoShort"></wsdl:part>
  </wsdl:message>
  <wsdl:portType name="EchoPrimitivesPortType">
    <wsdl:operation name="echoByte">
      <wsdl:input name="echoByte" message="tns:echoByte"></wsdl:input>
      <wsdl:output name="echoByteResponse" message="tns:echoByteResponse"></wsdl:output>
    </wsdl:operation>
    <wsdl:operation name="echoUnsignedShort">
      <wsdl:input name="echoUnsignedShort" message="tns:echoUnsignedShort"></wsdl:input>
      <wsdl:output name="echoUnsignedShortResponse" message="tns:echoUnsignedShortResponse"></wsdl:output>
    </wsdl:operation>
    <wsdl:operation name="echoInt">
      <wsdl:input name="echoInt" message="tns:echoInt"></wsdl:input>
      <wsdl:output name="echoIntResponse" message="tns:echoIntResponse"></wsdl:output>
    </wsdl:operation>
    <wsdl:operation name="echoUnsignedByte">
      <wsdl:input name="echoUnsignedByte" message="tns:echoUnsignedByte"></wsdl:input>
      <wsdl:output name="echoUnsignedByteResponse" message="tns:echoUnsignedByteResponse"></wsdl:output>
    </wsdl:operation>
    <wsdl:operation name="echoAnyURI">
      <wsdl:input name="echoAnyURI" message="tns:echoAnyURI"></wsdl:input>
      <wsdl:output name="echoAnyURIResponse" message="tns:echoAnyURIResponse"></wsdl:output>
    </wsdl:operation>
    <wsdl:operation name="echoID">
      <wsdl:input name="echoID" message="tns:echoID"></wsdl:input>
      <wsdl:output name="echoIDResponse" message="tns:echoIDResponse"></wsdl:output>
    </wsdl:operation>
    <wsdl:operation name="echoLong">
      <wsdl:input name="echoLong" message="tns:echoLong"></wsdl:input>
      <wsdl:output name="echoLongResponse" message="tns:echoLongResponse"></wsdl:output>
    </wsdl:operation>
    <wsdl:operation name="echoNormalizedString">
      <wsdl:input name="echoNormalizedString" message="tns:echoNormalizedString"></wsdl:input>
      <wsdl:output name="echoNormalizedStringResponse" message="tns:echoNormalizedStringResponse"></wsdl:output>
    </wsdl:operation>
    <wsdl:operation name="echoFloat">
      <wsdl:input name="echoFloat" message="tns:echoFloat"></wsdl:input>
      <wsdl:output name="echoFloatResponse" message="tns:echoFloatResponse"></wsdl:output>
    </wsdl:operation>
    <wsdl:operation name="echoNMTOKEN">
      <wsdl:input name="echoNMTOKEN" message="tns:echoNMTOKEN"></wsdl:input>
      <wsdl:output name="echoNMTOKENResponse" message="tns:echoNMTOKENResponse"></wsdl:output>
    </wsdl:operation>
    <wsdl:operation name="echoShort">
      <wsdl:input name="echoShort" message="tns:echoShort"></wsdl:input>
      <wsdl:output name="echoShortResponse" message="tns:echoShortResponse"></wsdl:output>
    </wsdl:operation>
    <wsdl:operation name="echoDouble">
      <wsdl:input name="echoDouble" message="tns:echoDouble"></wsdl:input>
      <wsdl:output name="echoDoubleResponse" message="tns:echoDoubleResponse"></wsdl:output>
    </wsdl:operation>
    <wsdl:operation name="echoString">
      <wsdl:input name="echoString" message="tns:echoString"></wsdl:input>
      <wsdl:output name="echoStringResponse" message="tns:echoStringResponse"></wsdl:output>
    </wsdl:operation>
    <wsdl:operation name="echoUnsignedInt">
      <wsdl:input name="echoUnsignedInt" message="tns:echoUnsignedInt"></wsdl:input>
      <wsdl:output name="echoUnsignedIntResponse" message="tns:echoUnsignedIntResponse"></wsdl:output>
    </wsdl:operation>
    <wsdl:operation name="echoLanguage">
      <wsdl:input name="echoLanguage" message="tns:echoLanguage"></wsdl:input>
      <wsdl:output name="echoLanguageResponse" message="tns:echoLanguageResponse"></wsdl:output>
    </wsdl:operation>
    <wsdl:operation name="echoBoolean">
      <wsdl:input name="echoBoolean" message="tns:echoBoolean"></wsdl:input>
      <wsdl:output name="echoBooleanResponse" message="tns:echoBooleanResponse"></wsdl:output>
    </wsdl:operation>
    <wsdl:operation name="echoNCName">
      <wsdl:input name="echoNCName" message="tns:echoNCName"></wsdl:input>
      <wsdl:output name="echoNCNameResponse" message="tns:echoNCNameResponse"></wsdl:output>
    </wsdl:operation>
    <wsdl:operation name="echoToken">
      <wsdl:input name="echoToken" message="tns:echoToken"></wsdl:input>
      <wsdl:output name="echoTokenResponse" message="tns:echoTokenResponse"></wsdl:output>
    </wsdl:operation>
    <wsdl:operation name="echoENTITY">
      <wsdl:input name="echoENTITY" message="tns:echoENTITY"></wsdl:input>
      <wsdl:output name="echoENTITYResponse" message="tns:echoENTITYResponse"></wsdl:output>
    </wsdl:operation>
    <wsdl:operation name="echoName">
      <wsdl:input name="echoName" message="tns:echoName"></wsdl:input>
      <wsdl:output name="echoNameResponse" message="tns:echoNameResponse"></wsdl:output>
    </wsdl:operation>
  </wsdl:portType>
  <wsdl:binding name="EchoPrimitivesCorbaBinding" type="tns:EchoPrimitivesPortType">
    <soap:binding style="document" transport="http://schemas.xmlsoap.org/soap/http"/>
    <wsdl:operation name="echoByte">
      <soap:operation/>
      <wsdl:input name="echoByte">
        <soap:body use="literal"/>
      </wsdl:input>
      <wsdl:output name="echoByteResponse">
        <soap:body use="literal"/>
      </wsdl:output>
    </wsdl:operation>
    <wsdl:operation name="echoUnsignedShort">
      <soap:operation/>
      <wsdl:input name="echoUnsignedShort">
        <soap:body use="literal"/>
      </wsdl:input>
      <wsdl:output name="echoUnsignedShortResponse">
        <soap:body use="literal"/>
      </wsdl:output>
    </wsdl:operation>
    <wsdl:operation name="echoInt">
      <soap:operation/>
      <wsdl:input name="echoInt">
        <soap:body use="literal"/>
      </wsdl:input>
      <wsdl:output name="echoIntResponse">
        <soap:body use="literal"/>
      </wsdl:output>
    </wsdl:operation>
    <wsdl:operation name="echoAnyURI">
      <soap:operation/>
      <wsdl:input name="echoAnyURI">
        <soap:body use="literal"/>
      </wsdl:input>
      <wsdl:output name="echoAnyURIResponse">
        <soap:body use="literal"/>
      </wsdl:output>
    </wsdl:operation>
    <wsdl:operation name="echoUnsignedByte">
      <soap:operation/>
      <wsdl:input name="echoUnsignedByte">
        <soap:body use="literal"/>
      </wsdl:input>
      <wsdl:output name="echoUnsignedByteResponse">
        <soap:body use="literal"/>
      </wsdl:output>
    </wsdl:operation>
    <wsdl:operation name="echoID">
      <soap:operation/>
      <wsdl:input name="echoID">
        <soap:body use="literal"/>
      </wsdl:input>
      <wsdl:output name="echoIDResponse">
        <soap:body use="literal"/>
      </wsdl:output>
    </wsdl:operation>
    <wsdl:operation name="echoLong">
      <soap:operation/>
      <wsdl:input name="echoLong">
        <soap:body use="literal"/>
      </wsdl:input>
      <wsdl:output name="echoLongResponse">
        <soap:body use="literal"/>
      </wsdl:output>
    </wsdl:operation>
    <wsdl:operation name="echoNormalizedString">
      <soap:operation/>
      <wsdl:input name="echoNormalizedString">
        <soap:body use="literal"/>
      </wsdl:input>
      <wsdl:output name="echoNormalizedStringResponse">
        <soap:body use="literal"/>
      </wsdl:output>
    </wsdl:operation>
    <wsdl:operation name="echoFloat">
      <soap:operation/>
      <wsdl:input name="echoFloat">
        <soap:body use="literal"/>
      </wsdl:input>
      <wsdl:output name="echoFloatResponse">
        <soap:body use="literal"/>
      </wsdl:output>
    </wsdl:operation>
    <wsdl:operation name="echoNMTOKEN">
      <soap:operation/>
      <wsdl:input name="echoNMTOKEN">
        <soap:body use="literal"/>
      </wsdl:input>
      <wsdl:output name="echoNMTOKENResponse">
        <soap:body use="literal"/>
      </wsdl:output>
    </wsdl:operation>
    <wsdl:operation name="echoShort">
      <soap:operation/>
      <wsdl:input name="echoShort">
        <soap:body use="literal"/>
      </wsdl:input>
      <wsdl:output name="echoShortResponse">
        <soap:body use="literal"/>
      </wsdl:output>
    </wsdl:operation>
    <wsdl:operation name="echoDouble">
      <soap:operation/>
      <wsdl:input name="echoDouble">
        <soap:body use="literal"/>
      </wsdl:input>
      <wsdl:output name="echoDoubleResponse">
        <soap:body use="literal"/>
      </wsdl:output>
    </wsdl:operation>
    <wsdl:operation name="echoString">
      <soap:operation/>
      <wsdl:input name="echoString">
        <soap:body use="literal"/>
      </wsdl:input>
      <wsdl:output name="echoStringResponse">
        <soap:body use="literal"/>
      </wsdl:output>
    </wsdl:operation>
    <wsdl:operation name="echoUnsignedInt">
      <soap:operation/>
      <wsdl:input name="echoUnsignedInt">
        <soap:body use="literal"/>
      </wsdl:input>
      <wsdl:output name="echoUnsignedIntResponse">
        <soap:body use="literal"/>
      </wsdl:output>
    </wsdl:operation>
    <wsdl:operation name="echoLanguage">
      <soap:operation/>
      <wsdl:input name="echoLanguage">
        <soap:body use="literal"/>
      </wsdl:input>
      <wsdl:output name="echoLanguageResponse">
        <soap:body use="literal"/>
      </wsdl:output>
    </wsdl:operation>
    <wsdl:operation name="echoBoolean">
      <soap:operation/>
      <wsdl:input name="echoBoolean">
        <soap:body use="literal"/>
      </wsdl:input>
      <wsdl:output name="echoBooleanResponse">
        <soap:body use="literal"/>
      </wsdl:output>
    </wsdl:operation>
    <wsdl:operation name="echoNCName">
      <soap:operation/>
      <wsdl:input name="echoNCName">
        <soap:body use="literal"/>
      </wsdl:input>
      <wsdl:output name="echoNCNameResponse">
        <soap:body use="literal"/>
      </wsdl:output>
    </wsdl:operation>
    <wsdl:operation name="echoToken">
      <soap:operation/>
      <wsdl:input name="echoToken">
        <soap:body use="literal"/>
      </wsdl:input>
      <wsdl:output name="echoTokenResponse">
        <soap:body use="literal"/>
      </wsdl:output>
    </wsdl:operation>
    <wsdl:operation name="echoENTITY">
      <soap:operation/>
      <wsdl:input name="echoENTITY">
        <soap:body use="literal"/>
      </wsdl:input>
      <wsdl:output name="echoENTITYResponse">
        <soap:body use="literal"/>
      </wsdl:output>
    </wsdl:operation>
    <wsdl:operation name="echoName">
      <soap:operation/>
      <wsdl:input name="echoName">
        <soap:body use="literal"/>
      </wsdl:input>
      <wsdl:output name="echoNameResponse">
        <soap:body use="literal"/>
      </wsdl:output>
    </wsdl:operation>
  </wsdl:binding>
  <wsdl:service name="EchoPrimitives">
    <wsdl:port name="EchoPrimitivesCorbaPort" binding="tns:EchoPrimitivesCorbaBinding">
      <soap:address location="http://localhost:8192/Service/test-consumer-primitives/"/>
    </wsdl:port>
  </wsdl:service>
  <plnk:partnerLinkType name="EchoPrimitives">
    <plnk:role name="EchoPrimitivesPortTypeRole" portType="tns:EchoPrimitivesPortType"/>
  </plnk:partnerLinkType>
</wsdl:definitions>]]></con:content><con:type>http://schemas.xmlsoap.org/wsdl/</con:type></con:part></con:definitionCache></con:interface><con:testSuite name="testsuite-consumer-primitives"><con:settings/><con:runType>SEQUENTIAL</con:runType><con:testCase failOnError="true" failTestCaseOnErrors="true" keepSession="false" name="EchoPrimitivesCorbaBinding TestSuite" searchProperties="true" id="c2d35fed-023f-48fa-8e25-48e8dd060ba4"><con:settings/><con:testStep type="request" name="echoAnyURI"><con:settings/><con:config xsi:type="con:RequestStep" xmlns:xsi="http://www.w3.org/2001/XMLSchema-instance"><con:interface>EchoPrimitivesCorbaBinding</con:interface><con:operation>echoAnyURI</con:operation><con:request name="echoAnyURI" wssPasswordType=""><con:settings><con:setting id="com.eviware.soapui.impl.wsdl.WsdlRequest@request-headers">&lt;xml-fragment/></con:setting></con:settings><con:encoding>UTF-8</con:encoding><con:endpoint>http://localhost:8192/Service/test-consumer-primitives/</con:endpoint><con:request><![CDATA[<soapenv:Envelope xmlns:soapenv="http://schemas.xmlsoap.org/soap/envelope/" xmlns:test="urn:jbi4corba/test-consumer-primitives">
   <soapenv:Header/>
   <soapenv:Body>
      <test:echoAnyURI>
         <!--Optional:-->
         <test:arg0>URI</test:arg0>
      </test:echoAnyURI>
   </soapenv:Body>
</soapenv:Envelope>]]></con:request><con:assertion type="SOAP Response"/><con:assertion type="Schema Compliance"><con:configuration/></con:assertion><con:assertion type="SOAP Fault Assertion"/></con:request></con:config></con:testStep><con:testStep type="request" name="echoBoolean"><con:settings/><con:config xsi:type="con:RequestStep" xmlns:xsi="http://www.w3.org/2001/XMLSchema-instance"><con:interface>EchoPrimitivesCorbaBinding</con:interface><con:operation>echoBoolean</con:operation><con:request name="echoBoolean" wssPasswordType=""><con:settings><con:setting id="com.eviware.soapui.impl.wsdl.WsdlRequest@request-headers">&lt;xml-fragment/></con:setting></con:settings><con:encoding>UTF-8</con:encoding><con:endpoint>http://localhost:8192/Service/test-consumer-primitives/</con:endpoint><con:request><![CDATA[<soapenv:Envelope xmlns:soapenv="http://schemas.xmlsoap.org/soap/envelope/" xmlns:test="urn:jbi4corba/test-consumer-primitives">
   <soapenv:Header/>
   <soapenv:Body>
      <test:echoBoolean>
         <test:arg0>true</test:arg0>
      </test:echoBoolean>
   </soapenv:Body>
</soapenv:Envelope>]]></con:request><con:assertion type="SOAP Response"/><con:assertion type="Schema Compliance"><con:configuration/></con:assertion><con:assertion type="SOAP Fault Assertion"/></con:request></con:config></con:testStep><con:testStep type="request" name="echoByte"><con:settings/><con:config xsi:type="con:RequestStep" xmlns:xsi="http://www.w3.org/2001/XMLSchema-instance"><con:interface>EchoPrimitivesCorbaBinding</con:interface><con:operation>echoByte</con:operation><con:request name="echoByte" wssPasswordType=""><con:settings><con:setting id="com.eviware.soapui.impl.wsdl.WsdlRequest@request-headers">&lt;xml-fragment/></con:setting></con:settings><con:encoding>UTF-8</con:encoding><con:endpoint>http://localhost:8192/Service/test-consumer-primitives/</con:endpoint><con:request><![CDATA[<soapenv:Envelope xmlns:soapenv="http://schemas.xmlsoap.org/soap/envelope/" xmlns:test="urn:jbi4corba/test-consumer-primitives">
   <soapenv:Header/>
   <soapenv:Body>
      <test:echoByte>
         <test:arg0>01</test:arg0>
      </test:echoByte>
   </soapenv:Body>
</soapenv:Envelope>]]></con:request><con:assertion type="SOAP Response"/><con:assertion type="Schema Compliance"><con:configuration/></con:assertion><con:assertion type="SOAP Fault Assertion"/></con:request></con:config></con:testStep><con:testStep type="request" name="echoDouble"><con:settings/><con:config xsi:type="con:RequestStep" xmlns:xsi="http://www.w3.org/2001/XMLSchema-instance"><con:interface>EchoPrimitivesCorbaBinding</con:interface><con:operation>echoDouble</con:operation><con:request name="echoDouble" wssPasswordType=""><con:settings><con:setting id="com.eviware.soapui.impl.wsdl.WsdlRequest@request-headers">&lt;xml-fragment/></con:setting></con:settings><con:encoding>UTF-8</con:encoding><con:endpoint>http://localhost:8192/Service/test-consumer-primitives/</con:endpoint><con:request><![CDATA[<soapenv:Envelope xmlns:soapenv="http://schemas.xmlsoap.org/soap/envelope/" xmlns:test="urn:jbi4corba/test-consumer-primitives">
   <soapenv:Header/>
   <soapenv:Body>
      <test:echoDouble>
         <test:arg0>1.1</test:arg0>
      </test:echoDouble>
   </soapenv:Body>
</soapenv:Envelope>]]></con:request><con:assertion type="SOAP Response"/><con:assertion type="Schema Compliance"><con:configuration/></con:assertion><con:assertion type="SOAP Fault Assertion"/></con:request></con:config></con:testStep><con:testStep type="request" name="echoENTITY"><con:settings/><con:config xsi:type="con:RequestStep" xmlns:xsi="http://www.w3.org/2001/XMLSchema-instance"><con:interface>EchoPrimitivesCorbaBinding</con:interface><con:operation>echoENTITY</con:operation><con:request name="echoENTITY" wssPasswordType=""><con:settings><con:setting id="com.eviware.soapui.impl.wsdl.WsdlRequest@request-headers">&lt;xml-fragment/></con:setting></con:settings><con:encoding>UTF-8</con:encoding><con:endpoint>http://localhost:8192/Service/test-consumer-primitives/</con:endpoint><con:request><![CDATA[<soapenv:Envelope xmlns:soapenv="http://schemas.xmlsoap.org/soap/envelope/" xmlns:test="urn:jbi4corba/test-consumer-primitives">
   <soapenv:Header/>
   <soapenv:Body>
      <test:echoENTITY>
         <!--Optional:-->
         <test:arg0>Entity</test:arg0>
      </test:echoENTITY>
   </soapenv:Body>
</soapenv:Envelope>]]></con:request><con:assertion type="SOAP Response"/><con:assertion type="Schema Compliance"><con:configuration/></con:assertion><con:assertion type="SOAP Fault Assertion"/></con:request></con:config></con:testStep><con:testStep type="request" name="echoFloat"><con:settings/><con:config xsi:type="con:RequestStep" xmlns:xsi="http://www.w3.org/2001/XMLSchema-instance"><con:interface>EchoPrimitivesCorbaBinding</con:interface><con:operation>echoFloat</con:operation><con:request name="echoFloat" wssPasswordType=""><con:settings><con:setting id="com.eviware.soapui.impl.wsdl.WsdlRequest@request-headers">&lt;xml-fragment/></con:setting></con:settings><con:encoding>UTF-8</con:encoding><con:endpoint>http://localhost:8192/Service/test-consumer-primitives/</con:endpoint><con:request><![CDATA[<soapenv:Envelope xmlns:soapenv="http://schemas.xmlsoap.org/soap/envelope/" xmlns:test="urn:jbi4corba/test-consumer-primitives">
   <soapenv:Header/>
   <soapenv:Body>
      <test:echoFloat>
         <test:arg0>2.1</test:arg0>
      </test:echoFloat>
   </soapenv:Body>
</soapenv:Envelope>]]></con:request><con:assertion type="SOAP Response"/><con:assertion type="Schema Compliance"><con:configuration/></con:assertion><con:assertion type="SOAP Fault Assertion"/></con:request></con:config></con:testStep><con:testStep type="request" name="echoID"><con:settings/><con:config xsi:type="con:RequestStep" xmlns:xsi="http://www.w3.org/2001/XMLSchema-instance"><con:interface>EchoPrimitivesCorbaBinding</con:interface><con:operation>echoID</con:operation><con:request name="echoID" wssPasswordType=""><con:settings><con:setting id="com.eviware.soapui.impl.wsdl.WsdlRequest@request-headers">&lt;xml-fragment/></con:setting></con:settings><con:encoding>UTF-8</con:encoding><con:endpoint>http://localhost:8192/Service/test-consumer-primitives/</con:endpoint><con:request><![CDATA[<soapenv:Envelope xmlns:soapenv="http://schemas.xmlsoap.org/soap/envelope/" xmlns:test="urn:jbi4corba/test-consumer-primitives">
   <soapenv:Header/>
   <soapenv:Body>
      <test:echoID>
         <!--Optional:-->
         <test:arg0>Id</test:arg0>
      </test:echoID>
   </soapenv:Body>
</soapenv:Envelope>]]></con:request><con:assertion type="SOAP Response"/><con:assertion type="Schema Compliance"><con:configuration/></con:assertion><con:assertion type="SOAP Fault Assertion"/></con:request></con:config></con:testStep><con:testStep type="request" name="echoInt"><con:settings/><con:config xsi:type="con:RequestStep" xmlns:xsi="http://www.w3.org/2001/XMLSchema-instance"><con:interface>EchoPrimitivesCorbaBinding</con:interface><con:operation>echoInt</con:operation><con:request name="echoInt" wssPasswordType=""><con:settings><con:setting id="com.eviware.soapui.impl.wsdl.WsdlRequest@request-headers">&lt;xml-fragment/></con:setting></con:settings><con:encoding>UTF-8</con:encoding><con:endpoint>http://localhost:8192/Service/test-consumer-primitives/</con:endpoint><con:request><![CDATA[<soapenv:Envelope xmlns:soapenv="http://schemas.xmlsoap.org/soap/envelope/" xmlns:test="urn:jbi4corba/test-consumer-primitives">
   <soapenv:Header/>
   <soapenv:Body>
      <test:echoInt>
         <test:arg0>1</test:arg0>
      </test:echoInt>
   </soapenv:Body>
</soapenv:Envelope>]]></con:request><con:assertion type="SOAP Response"/><con:assertion type="Schema Compliance"><con:configuration/></con:assertion><con:assertion type="SOAP Fault Assertion"/></con:request></con:config></con:testStep><con:testStep type="request" name="echoLanguage"><con:settings/><con:config xsi:type="con:RequestStep" xmlns:xsi="http://www.w3.org/2001/XMLSchema-instance"><con:interface>EchoPrimitivesCorbaBinding</con:interface><con:operation>echoLanguage</con:operation><con:request name="echoLanguage" wssPasswordType=""><con:settings><con:setting id="com.eviware.soapui.impl.wsdl.WsdlRequest@request-headers">&lt;xml-fragment/></con:setting></con:settings><con:encoding>UTF-8</con:encoding><con:endpoint>http://localhost:8192/Service/test-consumer-primitives/</con:endpoint><con:request><![CDATA[<soapenv:Envelope xmlns:soapenv="http://schemas.xmlsoap.org/soap/envelope/" xmlns:test="urn:jbi4corba/test-consumer-primitives">
   <soapenv:Header/>
   <soapenv:Body>
      <test:echoLanguage>
         <!--Optional:-->
         <test:arg0>language</test:arg0>
      </test:echoLanguage>
   </soapenv:Body>
</soapenv:Envelope>]]></con:request><con:assertion type="SOAP Response"/><con:assertion type="Schema Compliance"><con:configuration/></con:assertion><con:assertion type="SOAP Fault Assertion"/></con:request></con:config></con:testStep><con:testStep type="request" name="echoLong"><con:settings/><con:config xsi:type="con:RequestStep" xmlns:xsi="http://www.w3.org/2001/XMLSchema-instance"><con:interface>EchoPrimitivesCorbaBinding</con:interface><con:operation>echoLong</con:operation><con:request name="echoLong" wssPasswordType=""><con:settings><con:setting id="com.eviware.soapui.impl.wsdl.WsdlRequest@request-headers">&lt;xml-fragment/></con:setting></con:settings><con:encoding>UTF-8</con:encoding><con:endpoint>http://localhost:8192/Service/test-consumer-primitives/</con:endpoint><con:request><![CDATA[<soapenv:Envelope xmlns:soapenv="http://schemas.xmlsoap.org/soap/envelope/" xmlns:test="urn:jbi4corba/test-consumer-primitives">
   <soapenv:Header/>
   <soapenv:Body>
      <test:echoLong>
         <test:arg0>123</test:arg0>
      </test:echoLong>
   </soapenv:Body>
</soapenv:Envelope>]]></con:request><con:assertion type="SOAP Response"/><con:assertion type="Schema Compliance"><con:configuration/></con:assertion><con:assertion type="SOAP Fault Assertion"/></con:request></con:config></con:testStep><con:testStep type="request" name="echoName"><con:settings/><con:config xsi:type="con:RequestStep" xmlns:xsi="http://www.w3.org/2001/XMLSchema-instance"><con:interface>EchoPrimitivesCorbaBinding</con:interface><con:operation>echoName</con:operation><con:request name="echoName" wssPasswordType=""><con:settings><con:setting id="com.eviware.soapui.impl.wsdl.WsdlRequest@request-headers">&lt;xml-fragment/></con:setting></con:settings><con:encoding>UTF-8</con:encoding><con:endpoint>http://localhost:8192/Service/test-consumer-primitives/</con:endpoint><con:request><![CDATA[<soapenv:Envelope xmlns:soapenv="http://schemas.xmlsoap.org/soap/envelope/" xmlns:test="urn:jbi4corba/test-consumer-primitives">
   <soapenv:Header/>
   <soapenv:Body>
      <test:echoName>
         <!--Optional:-->
         <test:arg0>name</test:arg0>
      </test:echoName>
   </soapenv:Body>
</soapenv:Envelope>]]></con:request><con:assertion type="SOAP Response"/><con:assertion type="Schema Compliance"><con:configuration/></con:assertion><con:assertion type="SOAP Fault Assertion"/></con:request></con:config></con:testStep><con:testStep type="request" name="echoNCName"><con:settings/><con:config xsi:type="con:RequestStep" xmlns:xsi="http://www.w3.org/2001/XMLSchema-instance"><con:interface>EchoPrimitivesCorbaBinding</con:interface><con:operation>echoNCName</con:operation><con:request name="echoNCName" wssPasswordType=""><con:settings><con:setting id="com.eviware.soapui.impl.wsdl.WsdlRequest@request-headers">&lt;xml-fragment/></con:setting></con:settings><con:encoding>UTF-8</con:encoding><con:endpoint>http://localhost:8192/Service/test-consumer-primitives/</con:endpoint><con:request><![CDATA[<soapenv:Envelope xmlns:soapenv="http://schemas.xmlsoap.org/soap/envelope/" xmlns:test="urn:jbi4corba/test-consumer-primitives">
   <soapenv:Header/>
   <soapenv:Body>
      <test:echoNCName>
         <!--Optional:-->
         <test:arg0>ncname</test:arg0>
      </test:echoNCName>
   </soapenv:Body>
</soapenv:Envelope>]]></con:request><con:assertion type="SOAP Response"/><con:assertion type="Schema Compliance"><con:configuration/></con:assertion><con:assertion type="SOAP Fault Assertion"/></con:request></con:config></con:testStep><con:testStep type="request" name="echoNMTOKEN"><con:settings/><con:config xsi:type="con:RequestStep" xmlns:xsi="http://www.w3.org/2001/XMLSchema-instance"><con:interface>EchoPrimitivesCorbaBinding</con:interface><con:operation>echoNMTOKEN</con:operation><con:request name="echoNMTOKEN" wssPasswordType=""><con:settings><con:setting id="com.eviware.soapui.impl.wsdl.WsdlRequest@request-headers">&lt;xml-fragment/></con:setting></con:settings><con:encoding>UTF-8</con:encoding><con:endpoint>http://localhost:8192/Service/test-consumer-primitives/</con:endpoint><con:request><![CDATA[<soapenv:Envelope xmlns:soapenv="http://schemas.xmlsoap.org/soap/envelope/" xmlns:test="urn:jbi4corba/test-consumer-primitives">
   <soapenv:Header/>
   <soapenv:Body>
      <test:echoNMTOKEN>
         <!--Optional:-->
         <test:arg0>nmtoken</test:arg0>
      </test:echoNMTOKEN>
   </soapenv:Body>
</soapenv:Envelope>]]></con:request><con:assertion type="SOAP Response"/><con:assertion type="Schema Compliance"><con:configuration/></con:assertion><con:assertion type="SOAP Fault Assertion"/></con:request></con:config></con:testStep><con:testStep type="request" name="echoNormalizedString"><con:settings/><con:config xsi:type="con:RequestStep" xmlns:xsi="http://www.w3.org/2001/XMLSchema-instance"><con:interface>EchoPrimitivesCorbaBinding</con:interface><con:operation>echoNormalizedString</con:operation><con:request name="echoNormalizedString" wssPasswordType=""><con:settings><con:setting id="com.eviware.soapui.impl.wsdl.WsdlRequest@request-headers">&lt;xml-fragment/></con:setting></con:settings><con:encoding>UTF-8</con:encoding><con:endpoint>http://localhost:8192/Service/test-consumer-primitives/</con:endpoint><con:request><![CDATA[<soapenv:Envelope xmlns:soapenv="http://schemas.xmlsoap.org/soap/envelope/" xmlns:test="urn:jbi4corba/test-consumer-primitives">
   <soapenv:Header/>
   <soapenv:Body>
      <test:echoNormalizedString>
         <!--Optional:-->
         <test:arg0>normalizedString</test:arg0>
      </test:echoNormalizedString>
   </soapenv:Body>
</soapenv:Envelope>]]></con:request><con:assertion type="SOAP Response"/><con:assertion type="Schema Compliance"><con:configuration/></con:assertion><con:assertion type="SOAP Fault Assertion"/></con:request></con:config></con:testStep><con:testStep type="request" name="echoShort"><con:settings/><con:config xsi:type="con:RequestStep" xmlns:xsi="http://www.w3.org/2001/XMLSchema-instance"><con:interface>EchoPrimitivesCorbaBinding</con:interface><con:operation>echoShort</con:operation><con:request name="echoShort" wssPasswordType=""><con:settings><con:setting id="com.eviware.soapui.impl.wsdl.WsdlRequest@request-headers">&lt;xml-fragment/></con:setting></con:settings><con:encoding>UTF-8</con:encoding><con:endpoint>http://localhost:8192/Service/test-consumer-primitives/</con:endpoint><con:request><![CDATA[<soapenv:Envelope xmlns:soapenv="http://schemas.xmlsoap.org/soap/envelope/" xmlns:test="urn:jbi4corba/test-consumer-primitives">
   <soapenv:Header/>
   <soapenv:Body>
      <test:echoShort>
         <test:arg0>1</test:arg0>
      </test:echoShort>
   </soapenv:Body>
</soapenv:Envelope>]]></con:request><con:assertion type="SOAP Response"/><con:assertion type="Schema Compliance"><con:configuration/></con:assertion><con:assertion type="SOAP Fault Assertion"/></con:request></con:config></con:testStep><con:testStep type="request" name="echoString"><con:settings/><con:config xsi:type="con:RequestStep" xmlns:xsi="http://www.w3.org/2001/XMLSchema-instance"><con:interface>EchoPrimitivesCorbaBinding</con:interface><con:operation>echoString</con:operation><con:request name="echoString" wssPasswordType=""><con:settings><con:setting id="com.eviware.soapui.impl.wsdl.WsdlRequest@request-headers">&lt;xml-fragment/></con:setting></con:settings><con:encoding>UTF-8</con:encoding><con:endpoint>http://localhost:8192/Service/test-consumer-primitives/</con:endpoint><con:request><![CDATA[<soapenv:Envelope xmlns:soapenv="http://schemas.xmlsoap.org/soap/envelope/" xmlns:test="urn:jbi4corba/test-consumer-primitives">
   <soapenv:Header/>
   <soapenv:Body>
      <test:echoString>
         <!--Optional:-->
         <test:arg0>gero et</test:arg0>
      </test:echoString>
   </soapenv:Body>
</soapenv:Envelope>]]></con:request><con:assertion type="SOAP Response"/><con:assertion type="Schema Compliance"><con:configuration/></con:assertion><con:assertion type="SOAP Fault Assertion"/></con:request></con:config></con:testStep><con:testStep type="request" name="echoToken"><con:settings/><con:config xsi:type="con:RequestStep" xmlns:xsi="http://www.w3.org/2001/XMLSchema-instance"><con:interface>EchoPrimitivesCorbaBinding</con:interface><con:operation>echoToken</con:operation><con:request name="echoToken" wssPasswordType=""><con:settings><con:setting id="com.eviware.soapui.impl.wsdl.WsdlRequest@request-headers">&lt;xml-fragment/></con:setting></con:settings><con:encoding>UTF-8</con:encoding><con:endpoint>http://localhost:8192/Service/test-consumer-primitives/</con:endpoint><con:request><![CDATA[<soapenv:Envelope xmlns:soapenv="http://schemas.xmlsoap.org/soap/envelope/" xmlns:test="urn:jbi4corba/test-consumer-primitives">
   <soapenv:Header/>
   <soapenv:Body>
      <test:echoToken>
         <!--Optional:-->
         <test:arg0>token</test:arg0>
      </test:echoToken>
   </soapenv:Body>
</soapenv:Envelope>]]></con:request><con:assertion type="SOAP Response"/><con:assertion type="Schema Compliance"><con:configuration/></con:assertion><con:assertion type="SOAP Fault Assertion"/></con:request></con:config></con:testStep><con:testStep type="request" name="echoUnsignedByte"><con:settings/><con:config xsi:type="con:RequestStep" xmlns:xsi="http://www.w3.org/2001/XMLSchema-instance"><con:interface>EchoPrimitivesCorbaBinding</con:interface><con:operation>echoUnsignedByte</con:operation><con:request name="echoUnsignedByte" wssPasswordType=""><con:settings><con:setting id="com.eviware.soapui.impl.wsdl.WsdlRequest@request-headers">&lt;xml-fragment/></con:setting></con:settings><con:encoding>UTF-8</con:encoding><con:endpoint>http://localhost:8192/Service/test-consumer-primitives/</con:endpoint><con:request><![CDATA[<soapenv:Envelope xmlns:soapenv="http://schemas.xmlsoap.org/soap/envelope/" xmlns:test="urn:jbi4corba/test-consumer-primitives">
   <soapenv:Header/>
   <soapenv:Body>
      <test:echoUnsignedByte>
         <test:arg0>1</test:arg0>
      </test:echoUnsignedByte>
   </soapenv:Body>
</soapenv:Envelope>]]></con:request><con:assertion type="SOAP Response"/><con:assertion type="Schema Compliance"><con:configuration/></con:assertion><con:assertion type="SOAP Fault Assertion"/></con:request></con:config></con:testStep><con:testStep type="request" name="echoUnsignedInt"><con:settings/><con:config xsi:type="con:RequestStep" xmlns:xsi="http://www.w3.org/2001/XMLSchema-instance"><con:interface>EchoPrimitivesCorbaBinding</con:interface><con:operation>echoUnsignedInt</con:operation><con:request name="echoUnsignedInt" wssPasswordType=""><con:settings><con:setting id="com.eviware.soapui.impl.wsdl.WsdlRequest@request-headers">&lt;xml-fragment/></con:setting></con:settings><con:encoding>UTF-8</con:encoding><con:endpoint>http://localhost:8192/Service/test-consumer-primitives/</con:endpoint><con:request><![CDATA[<soapenv:Envelope xmlns:soapenv="http://schemas.xmlsoap.org/soap/envelope/" xmlns:test="urn:jbi4corba/test-consumer-primitives">
   <soapenv:Header/>
   <soapenv:Body>
      <test:echoUnsignedInt>
         <test:arg0>9</test:arg0>
      </test:echoUnsignedInt>
   </soapenv:Body>
</soapenv:Envelope>]]></con:request><con:assertion type="SOAP Response"/><con:assertion type="Schema Compliance"><con:configuration/></con:assertion><con:assertion type="SOAP Fault Assertion"/></con:request></con:config></con:testStep><con:testStep type="request" name="echoUnsignedShort"><con:settings/><con:config xsi:type="con:RequestStep" xmlns:xsi="http://www.w3.org/2001/XMLSchema-instance"><con:interface>EchoPrimitivesCorbaBinding</con:interface><con:operation>echoUnsignedShort</con:operation><con:request name="echoUnsignedShort" wssPasswordType=""><con:settings><con:setting id="com.eviware.soapui.impl.wsdl.WsdlRequest@request-headers">&lt;xml-fragment/></con:setting></con:settings><con:encoding>UTF-8</con:encoding><con:endpoint>http://localhost:8192/Service/test-consumer-primitives/</con:endpoint><con:request><![CDATA[<soapenv:Envelope xmlns:soapenv="http://schemas.xmlsoap.org/soap/envelope/" xmlns:test="urn:jbi4corba/test-consumer-primitives">
   <soapenv:Header/>
   <soapenv:Body>
      <test:echoUnsignedShort>
         <test:arg0>1</test:arg0>
      </test:echoUnsignedShort>
   </soapenv:Body>
</soapenv:Envelope>]]></con:request><con:assertion type="SOAP Response"/><con:assertion type="Schema Compliance"><con:configuration/></con:assertion><con:assertion type="SOAP Fault Assertion"/></con:request></con:config></con:testStep><con:properties/></con:testCase><con:properties/></con:testSuite><con:properties/><con:wssContainer/></con:soapui-project>