<?xml version="1.0" encoding="UTF-8"?>
<con:soapui-project name="test-provider-DP" soapui-version="3.0.1" abortOnError="false" runType="SEQUENTIAL" xmlns:con="http://eviware.com/soapui/config"><con:settings><con:setting id="com.eviware.soapui.impl.wsdl.actions.iface.tools.soapui.TestRunnerAction@values-local"><![CDATA[<xml-fragment xmlns:con="http://eviware.com/soapui/config">
  <con:entry key="TestSuite" value="EchoCorbaBinding TestSuite"/>
  <con:entry key="Domain" value=""/>
  <con:entry key="Password" value=""/>
  <con:entry key="Coverage Report" value="false"/>
  <con:entry key="Export JUnit Results" value="false"/>
  <con:entry key="Open Report" value="false"/>
  <con:entry key="TestRunner Path" value=""/>
  <con:entry key="Tool Args" value=""/>
  <con:entry key="Export All" value="false"/>
  <con:entry key="TestCase" value="echo TestCase"/>
  <con:entry key="Print Report" value="false"/>
  <con:entry key="Host:Port" value=""/>
  <con:entry key="Username" value=""/>
  <con:entry key="WSS Password Type" value=""/>
  <con:entry key="Root Folder" value=""/>
  <con:entry key="Endpoint" value=""/>
  <con:entry key="Enable UI" value="false"/>
  <con:entry key="Save Project" value="false"/>
  <con:entry key="Add Settings" value="false"/>
</xml-fragment>]]></con:setting></con:settings><con:interface xsi:type="con:WsdlInterface" wsaVersion="NONE" name="EchoCorbaBinding" type="wsdl" bindingName="{http://it.imolinfo.jbi4corba.test.webservice.generator.complexintTypecons}EchoCorbaBinding" soapVersion="1_1" anonymous="optional" definition="http://localhost:8192/Service/test-provider-DP/?wsdl" xmlns:xsi="http://www.w3.org/2001/XMLSchema-instance"><con:settings/><con:definitionCache type="TEXT" rootPart="http://localhost:8192/Service/test-provider-DP/?wsdl"><con:part><con:url>http://localhost:8192/Service/test-provider-DP/?wsdl</con:url><con:content><![CDATA[<wsdl:definitions name="Echo" targetNamespace="http://it.imolinfo.jbi4corba.test.webservice.generator.complexintTypecons" xmlns:plnk="http://docs.oasis-open.org/wsbpel/2.0/plnktype" xmlns:imolacorba="uri://schemas.imola.it/jbi/wsdl-extensions/corba/" xmlns:wsdl="http://schemas.xmlsoap.org/wsdl/" xmlns:tns="http://it.imolinfo.jbi4corba.test.webservice.generator.complexintTypecons" xmlns:xsd="http://www.w3.org/2001/XMLSchema" xmlns:soap="http://schemas.xmlsoap.org/wsdl/soap/">
  <wsdl:types>
    <xs:schema attributeFormDefault="unqualified" elementFormDefault="qualified" targetNamespace="http://it.imolinfo.jbi4corba.test.webservice.generator.complexintTypecons" xmlns="http://it.imolinfo.jbi4corba.test.webservice.generator.complexintTypecons" xmlns:xs="http://www.w3.org/2001/XMLSchema">
      <xs:element name="echo">
        <xs:complexType>
          <xs:sequence>
            <xs:element minOccurs="0" name="msg" type="xs:string"/>
          </xs:sequence>
        </xs:complexType>
      </xs:element>
      <xs:element name="echoResponse">
        <xs:complexType>
          <xs:sequence>
            <xs:element minOccurs="0" name="return" type="xs:string"/>
          </xs:sequence>
        </xs:complexType>
      </xs:element>
    </xs:schema>
  </wsdl:types>
  <wsdl:message name="echoResponse">
    <wsdl:part name="parameters" element="tns:echoResponse"></wsdl:part>
  </wsdl:message>
  <wsdl:message name="echo">
    <wsdl:part name="parameters" element="tns:echo"></wsdl:part>
  </wsdl:message>
  <wsdl:portType name="Echo">
    <wsdl:operation name="echo">
      <wsdl:input name="echo" message="tns:echo"></wsdl:input>
      <wsdl:output name="echoResponse" message="tns:echoResponse"></wsdl:output>
    </wsdl:operation>
  </wsdl:portType>
  <wsdl:binding name="EchoCorbaBinding" type="tns:Echo">
    <soap:binding style="document" transport="http://schemas.xmlsoap.org/soap/http"/>
    <wsdl:operation name="echo">
      <soap:operation soapAction="" style="document"/>
      <wsdl:input name="echo">
        <soap:body use="literal"/>
      </wsdl:input>
      <wsdl:output name="echoResponse">
        <soap:body use="literal"/>
      </wsdl:output>
    </wsdl:operation>
  </wsdl:binding>
  <wsdl:service name="Echo">
    <wsdl:port name="EchoCorbaPort" binding="tns:EchoCorbaBinding">
      <soap:address location="http://D1VH314J:8192/Service/test-provider-DP/"/>
    </wsdl:port>
  </wsdl:service>
  <plnk:partnerLinkType name="Echo">
    <plnk:role name="EchoPortTypeRole" portType="tns:Echo"/>
  </plnk:partnerLinkType>
</wsdl:definitions>]]></con:content><con:type>http://schemas.xmlsoap.org/wsdl/</con:type></con:part></con:definitionCache><con:endpoints><con:endpoint>http://D1VH314J:8192/Service/test-provider-DP/</con:endpoint></con:endpoints><con:operation isOneWay="false" action="" name="echo" bindingOperationName="echo" type="Request-Response" outputName="echoResponse" inputName="echo" receivesAttachments="false" sendsAttachments="false" anonymous="optional"><con:settings/><con:call name="Request 1"><con:settings/><con:encoding>UTF-8</con:encoding><con:endpoint>http://D1VH314J:8192/Service/test-provider-DP/</con:endpoint><con:request><![CDATA[<soapenv:Envelope xmlns:soapenv="http://schemas.xmlsoap.org/soap/envelope/" xmlns:it="http://it.imolinfo.jbi4corba.test.webservice.generator.complexintTypecons">
   <soapenv:Header/>
   <soapenv:Body>
      <it:echo>
         <!--Optional:-->
         <it:msg>ciao</it:msg>
      </it:echo>
   </soapenv:Body>
</soapenv:Envelope>]]></con:request><con:wsaConfig mustUnderstand="NONE" version="200508" action="http://it.imolinfo.jbi4corba.test.webservice.generator.complexintTypecons/Echo/echo"/></con:call></con:operation></con:interface><con:testSuite name="EchoCorbaBinding TestSuite"><con:settings/><con:runType>SEQUENTIAL</con:runType><con:testCase failOnError="true" failTestCaseOnErrors="true" keepSession="false" maxResults="0" name="echo TestCase" searchProperties="true" id="518384f0-d62c-44c2-a17d-715313d1f4db"><con:settings/><con:testStep type="request" name="echo"><con:settings/><con:config xsi:type="con:RequestStep" xmlns:xsi="http://www.w3.org/2001/XMLSchema-instance"><con:interface>EchoCorbaBinding</con:interface><con:operation>echo</con:operation><con:request name="echo"><con:settings/><con:encoding>UTF-8</con:encoding><con:endpoint>http://D1VH314J:8192/Service/test-provider-DP/</con:endpoint><con:request><![CDATA[<soapenv:Envelope xmlns:soapenv="http://schemas.xmlsoap.org/soap/envelope/" xmlns:it="http://it.imolinfo.jbi4corba.test.webservice.generator.complexintTypecons">
   <soapenv:Header/>
   <soapenv:Body>
      <it:echo><it:msg>ciao</it:msg>
	</it:echo>
   </soapenv:Body>
</soapenv:Envelope>]]></con:request><con:assertion type="SOAP Fault Assertion"/><con:assertion type="SOAP Response"/><con:assertion type="Simple Contains"><con:configuration><token>response</token><ignoreCase>false</ignoreCase><useRegEx>false</useRegEx></con:configuration></con:assertion><con:assertion type="Schema Compliance"><con:configuration><definition/></con:configuration></con:assertion><con:wsaConfig action="http://it.imolinfo.jbi4corba.test.webservice.generator.complexintTypecons/Echo/echo" mustUnderstand="NONE" version="200508"/></con:request></con:config></con:testStep><con:properties/></con:testCase><con:properties/></con:testSuite><con:properties/><con:wssContainer/></con:soapui-project>