<?xml version="1.0" encoding="UTF-8"?>
<con:soapui-project name="test-provider-lazy-lookup" soapui-version="1.7.6" xmlns:con="http://eviware.com/soapui/config"><con:settings><con:setting id="ProjectSettings@projectRoot">E:\backup GVS\Desktop\JBI Component\SoapUI Project</con:setting></con:settings><con:interface name="EchoLazyLookupNsCorbaBinding" bindingName="{urn:jbi4corba/test-provider-lazy-lookup}EchoLazyLookupNsCorbaBinding" soapVersion="1_1" definition="http://localhost:8192/Service/test-provider-lazy-lookup/EchoLazyLookupNs/?wsdl"><con:settings/><con:endpoints><con:endpoint>http://192.168.1.230:8192/Service/test-provider-lazy-lookup/EchoLazyLookupNs/</con:endpoint></con:endpoints><con:operation isOneWay="false" action="" name="echo" bindingOperationName="echo" inputName="echo" outputName="echoResponse" receivesAttachments="false" sendsAttachments="false"><con:settings/><con:call name="Request 1"><con:settings/><con:encoding>UTF-8</con:encoding><con:endpoint>http://192.168.1.230:8192/Service/test-provider-lazy-lookup/EchoLazyLookupNs/</con:endpoint><con:request><![CDATA[<soapenv:Envelope xmlns:soapenv="http://schemas.xmlsoap.org/soap/envelope/" xmlns:test="urn:jbi4corba/test-provider-lazy-lookup">
   <soapenv:Header/>
   <soapenv:Body>
      <test:echo>
         <!--Optional:-->
         <test:msg>?</test:msg>
      </test:echo>
   </soapenv:Body>
</soapenv:Envelope>]]></con:request></con:call></con:operation><con:definitionCache rootPart="http://localhost:8192/Service/test-provider-lazy-lookup/EchoLazyLookupNs/?wsdl"><con:part><con:url>http://localhost:8192/Service/test-provider-lazy-lookup/EchoLazyLookupNs/?wsdl</con:url><con:content><wsdl:definitions name="EchoLazyLookupNs" targetNamespace="urn:jbi4corba/test-provider-lazy-lookup" xmlns:plnk="http://docs.oasis-open.org/wsbpel/2.0/plnktype" xmlns:wsdl="http://schemas.xmlsoap.org/wsdl/" xmlns:tns="urn:jbi4corba/test-provider-lazy-lookup" xmlns:xsd="http://www.w3.org/2001/XMLSchema" xmlns:soap="http://schemas.xmlsoap.org/wsdl/soap/">
  <wsdl:types>
    <xsd:schema attributeFormDefault="unqualified" elementFormDefault="qualified" targetNamespace="urn:jbi4corba/test-provider-lazy-lookup">
    <xsd:element name="echo">
        <xsd:complexType>
            <xsd:sequence>
                <xsd:element minOccurs="0" name="msg" type="xsd:string"/>
            </xsd:sequence>
        </xsd:complexType>
    </xsd:element>
    <xsd:element name="echoResponse">
        <xsd:complexType>
            <xsd:sequence>
                <xsd:element minOccurs="0" name="return" type="xsd:string"/>
            </xsd:sequence>
        </xsd:complexType>
    </xsd:element>
</xsd:schema>
  </wsdl:types>
  <wsdl:message name="echoResponse">
    <wsdl:part name="parameters" element="tns:echoResponse">
    </wsdl:part>
  </wsdl:message>
  <wsdl:message name="echo">
    <wsdl:part name="parameters" element="tns:echo">
    </wsdl:part>
  </wsdl:message>
  <wsdl:portType name="EchoLazyLookupNs">
    <wsdl:operation name="echo">
      <wsdl:input name="echo" message="tns:echo">
    </wsdl:input>
      <wsdl:output name="echoResponse" message="tns:echoResponse">
    </wsdl:output>
    </wsdl:operation>
  </wsdl:portType>
  <wsdl:binding name="EchoLazyLookupNsCorbaBinding" type="tns:EchoLazyLookupNs">
    <soap:binding style="document" transport="http://schemas.xmlsoap.org/soap/http"/>
    <wsdl:operation name="echo">
      <soap:operation/>
      <wsdl:input name="echo">
        <soap:body use="literal"/>
      </wsdl:input>
      <wsdl:output name="echoResponse">
        <soap:body use="literal"/>
      </wsdl:output>
    </wsdl:operation>
  </wsdl:binding>
  <wsdl:service name="EchoLazyLookupNs">
    <wsdl:port name="EchoLazyLookupNsCorbaPort" binding="tns:EchoLazyLookupNsCorbaBinding">
      <soap:address location="http://192.168.1.230:8192/Service/test-provider-lazy-lookup/EchoLazyLookupNs/"/>
    </wsdl:port>
  </wsdl:service>
    <plnk:partnerLinkType name="EchoLazyLookupNs">
<plnk:role name="EchoLazyLookupNsPortTypeRole" portType="tns:EchoLazyLookupNs"/>
</plnk:partnerLinkType>
</wsdl:definitions></con:content><con:type>http://schemas.xmlsoap.org/wsdl/</con:type></con:part></con:definitionCache></con:interface><con:interface name="EchoLazyLookupCorbanameCorbaBinding" bindingName="{urn:jbi4corba/test-provider-lazy-lookup}EchoLazyLookupCorbanameCorbaBinding" soapVersion="1_1" definition="http://localhost:8192/Service/test-provider-lazy-lookup/EchoLazyLookupCorbaname/?wsdl"><con:settings/><con:endpoints><con:endpoint>http://192.168.1.230:8192/Service/test-provider-lazy-lookup/EchoLazyLookupCorbaname/</con:endpoint></con:endpoints><con:operation isOneWay="false" action="" name="echo" bindingOperationName="echo" inputName="echo" outputName="echoResponse" receivesAttachments="false" sendsAttachments="false"><con:settings/><con:call name="Request 1"><con:settings/><con:encoding>UTF-8</con:encoding><con:endpoint>http://192.168.1.230:8192/Service/test-provider-lazy-lookup/EchoLazyLookupCorbaname/</con:endpoint><con:request><![CDATA[<soapenv:Envelope xmlns:soapenv="http://schemas.xmlsoap.org/soap/envelope/" xmlns:test="urn:jbi4corba/test-provider-lazy-lookup">
   <soapenv:Header/>
   <soapenv:Body>
      <test:echo>
         <!--Optional:-->
         <test:msg>?</test:msg>
      </test:echo>
   </soapenv:Body>
</soapenv:Envelope>]]></con:request></con:call></con:operation><con:definitionCache rootPart="http://localhost:8192/Service/test-provider-lazy-lookup/EchoLazyLookupCorbaname/?wsdl"><con:part><con:url>http://localhost:8192/Service/test-provider-lazy-lookup/EchoLazyLookupCorbaname/?wsdl</con:url><con:content><wsdl:definitions name="EchoLazyLookupCorbaname" targetNamespace="urn:jbi4corba/test-provider-lazy-lookup" xmlns:plnk="http://docs.oasis-open.org/wsbpel/2.0/plnktype" xmlns:wsdl="http://schemas.xmlsoap.org/wsdl/" xmlns:tns="urn:jbi4corba/test-provider-lazy-lookup" xmlns:xsd="http://www.w3.org/2001/XMLSchema" xmlns:soap="http://schemas.xmlsoap.org/wsdl/soap/">
  <wsdl:types>
    <xsd:schema attributeFormDefault="unqualified" elementFormDefault="qualified" targetNamespace="urn:jbi4corba/test-provider-lazy-lookup">
    <xsd:element name="echo">
        <xsd:complexType>
            <xsd:sequence>
                <xsd:element minOccurs="0" name="msg" type="xsd:string"/>
            </xsd:sequence>
        </xsd:complexType>
    </xsd:element>
    <xsd:element name="echoResponse">
        <xsd:complexType>
            <xsd:sequence>
                <xsd:element minOccurs="0" name="return" type="xsd:string"/>
            </xsd:sequence>
        </xsd:complexType>
    </xsd:element>
</xsd:schema>
  </wsdl:types>
  <wsdl:message name="echoResponse">
    <wsdl:part name="parameters" element="tns:echoResponse">
    </wsdl:part>
  </wsdl:message>
  <wsdl:message name="echo">
    <wsdl:part name="parameters" element="tns:echo">
    </wsdl:part>
  </wsdl:message>
  <wsdl:portType name="EchoLazyLookupCorbaname">
    <wsdl:operation name="echo">
      <wsdl:input name="echo" message="tns:echo">
    </wsdl:input>
      <wsdl:output name="echoResponse" message="tns:echoResponse">
    </wsdl:output>
    </wsdl:operation>
  </wsdl:portType>
  <wsdl:binding name="EchoLazyLookupCorbanameCorbaBinding" type="tns:EchoLazyLookupCorbaname">
    <soap:binding style="document" transport="http://schemas.xmlsoap.org/soap/http"/>
    <wsdl:operation name="echo">
      <soap:operation/>
      <wsdl:input name="echo">
        <soap:body use="literal"/>
      </wsdl:input>
      <wsdl:output name="echoResponse">
        <soap:body use="literal"/>
      </wsdl:output>
    </wsdl:operation>
  </wsdl:binding>
  <wsdl:service name="EchoLazyLookupCorbaname">
    <wsdl:port name="EchoLazyLookupCorbanameCorbaPort" binding="tns:EchoLazyLookupCorbanameCorbaBinding">
      <soap:address location="http://192.168.1.230:8192/Service/test-provider-lazy-lookup/EchoLazyLookupCorbaname/"/>
    </wsdl:port>
  </wsdl:service>
    <plnk:partnerLinkType name="EchoLazyLookupCorbaname">
<plnk:role name="EchoLazyLookupCorbanamePortTypeRole" portType="tns:EchoLazyLookupCorbaname"/>
</plnk:partnerLinkType>
</wsdl:definitions></con:content><con:type>http://schemas.xmlsoap.org/wsdl/</con:type></con:part></con:definitionCache></con:interface><con:interface name="EchoLazyLookupCorbalocCorbaBinding" bindingName="{urn:jbi4corba/test-provider-lazy-lookup}EchoLazyLookupCorbalocCorbaBinding" soapVersion="1_1" definition="http://localhost:8192/Service/test-provider-lazy-lookup/EchoLazyLookupCorbaloc/?wsdl"><con:settings/><con:endpoints><con:endpoint>http://192.168.1.230:8192/Service/test-provider-lazy-lookup/EchoLazyLookupCorbaloc/</con:endpoint></con:endpoints><con:operation isOneWay="false" action="" name="echo" bindingOperationName="echo" inputName="echo" outputName="echoResponse" receivesAttachments="false" sendsAttachments="false"><con:settings/><con:call name="Request 1"><con:settings/><con:encoding>UTF-8</con:encoding><con:endpoint>http://192.168.1.230:8192/Service/test-provider-lazy-lookup/EchoLazyLookupCorbaloc/</con:endpoint><con:request><![CDATA[<soapenv:Envelope xmlns:soapenv="http://schemas.xmlsoap.org/soap/envelope/" xmlns:test="urn:jbi4corba/test-provider-lazy-lookup">
   <soapenv:Header/>
   <soapenv:Body>
      <test:echo>
         <!--Optional:-->
         <test:msg>?</test:msg>
      </test:echo>
   </soapenv:Body>
</soapenv:Envelope>]]></con:request></con:call></con:operation><con:definitionCache rootPart="http://localhost:8192/Service/test-provider-lazy-lookup/EchoLazyLookupCorbaloc/?wsdl"><con:part><con:url>http://localhost:8192/Service/test-provider-lazy-lookup/EchoLazyLookupCorbaloc/?wsdl</con:url><con:content><wsdl:definitions name="EchoLazyLookupCorbaloc" targetNamespace="urn:jbi4corba/test-provider-lazy-lookup" xmlns:plnk="http://docs.oasis-open.org/wsbpel/2.0/plnktype" xmlns:wsdl="http://schemas.xmlsoap.org/wsdl/" xmlns:tns="urn:jbi4corba/test-provider-lazy-lookup" xmlns:xsd="http://www.w3.org/2001/XMLSchema" xmlns:soap="http://schemas.xmlsoap.org/wsdl/soap/">
  <wsdl:types>
    <xsd:schema attributeFormDefault="unqualified" elementFormDefault="qualified" targetNamespace="urn:jbi4corba/test-provider-lazy-lookup">
    <xsd:element name="echo">
        <xsd:complexType>
            <xsd:sequence>
                <xsd:element minOccurs="0" name="msg" type="xsd:string"/>
            </xsd:sequence>
        </xsd:complexType>
    </xsd:element>
    <xsd:element name="echoResponse">
        <xsd:complexType>
            <xsd:sequence>
                <xsd:element minOccurs="0" name="return" type="xsd:string"/>
            </xsd:sequence>
        </xsd:complexType>
    </xsd:element>
</xsd:schema>
  </wsdl:types>
  <wsdl:message name="echoResponse">
    <wsdl:part name="parameters" element="tns:echoResponse">
    </wsdl:part>
  </wsdl:message>
  <wsdl:message name="echo">
    <wsdl:part name="parameters" element="tns:echo">
    </wsdl:part>
  </wsdl:message>
  <wsdl:portType name="EchoLazyLookupCorbaloc">
    <wsdl:operation name="echo">
      <wsdl:input name="echo" message="tns:echo">
    </wsdl:input>
      <wsdl:output name="echoResponse" message="tns:echoResponse">
    </wsdl:output>
    </wsdl:operation>
  </wsdl:portType>
  <wsdl:binding name="EchoLazyLookupCorbalocCorbaBinding" type="tns:EchoLazyLookupCorbaloc">
    <soap:binding style="document" transport="http://schemas.xmlsoap.org/soap/http"/>
    <wsdl:operation name="echo">
      <soap:operation/>
      <wsdl:input name="echo">
        <soap:body use="literal"/>
      </wsdl:input>
      <wsdl:output name="echoResponse">
        <soap:body use="literal"/>
      </wsdl:output>
    </wsdl:operation>
  </wsdl:binding>
  <wsdl:service name="EchoLazyLookupCorbaloc">
    <wsdl:port name="EchoLazyLookupCorbalocCorbaPort" binding="tns:EchoLazyLookupCorbalocCorbaBinding">
      <soap:address location="http://192.168.1.230:8192/Service/test-provider-lazy-lookup/EchoLazyLookupCorbaloc/"/>
    </wsdl:port>
  </wsdl:service>
    <plnk:partnerLinkType name="EchoLazyLookupCorbaloc">
<plnk:role name="EchoLazyLookupCorbalocPortTypeRole" portType="tns:EchoLazyLookupCorbaloc"/>
</plnk:partnerLinkType>
</wsdl:definitions></con:content><con:type>http://schemas.xmlsoap.org/wsdl/</con:type></con:part></con:definitionCache></con:interface><con:interface name="EchoLazyLookupIORCorbaBinding" bindingName="{urn:jbi4corba/test-provider-lazy-lookup}EchoLazyLookupIORCorbaBinding" soapVersion="1_1" definition="http://localhost:8192/Service/test-provider-lazy-lookup/EchoLazyLookupIOR/?wsdl"><con:settings/><con:endpoints><con:endpoint>http://192.168.1.230:8192/Service/test-provider-lazy-lookup/EchoLazyLookupIOR/</con:endpoint></con:endpoints><con:operation isOneWay="false" action="" name="echo" bindingOperationName="echo" inputName="echo" outputName="echoResponse" receivesAttachments="false" sendsAttachments="false"><con:settings/><con:call name="Request 1"><con:settings/><con:encoding>UTF-8</con:encoding><con:endpoint>http://192.168.1.230:8192/Service/test-provider-lazy-lookup/EchoLazyLookupIOR/</con:endpoint><con:request><![CDATA[<soapenv:Envelope xmlns:soapenv="http://schemas.xmlsoap.org/soap/envelope/" xmlns:test="urn:jbi4corba/test-provider-lazy-lookup">
   <soapenv:Header/>
   <soapenv:Body>
      <test:echo>
         <!--Optional:-->
         <test:msg>?</test:msg>
      </test:echo>
   </soapenv:Body>
</soapenv:Envelope>]]></con:request></con:call></con:operation><con:definitionCache rootPart="http://localhost:8192/Service/test-provider-lazy-lookup/EchoLazyLookupIOR/?wsdl"><con:part><con:url>http://localhost:8192/Service/test-provider-lazy-lookup/EchoLazyLookupIOR/?wsdl</con:url><con:content><wsdl:definitions name="EchoLazyLookupIOR" targetNamespace="urn:jbi4corba/test-provider-lazy-lookup" xmlns:plnk="http://docs.oasis-open.org/wsbpel/2.0/plnktype" xmlns:wsdl="http://schemas.xmlsoap.org/wsdl/" xmlns:tns="urn:jbi4corba/test-provider-lazy-lookup" xmlns:xsd="http://www.w3.org/2001/XMLSchema" xmlns:soap="http://schemas.xmlsoap.org/wsdl/soap/">
  <wsdl:types>
    <xsd:schema attributeFormDefault="unqualified" elementFormDefault="qualified" targetNamespace="urn:jbi4corba/test-provider-lazy-lookup">
    <xsd:element name="echo">
        <xsd:complexType>
            <xsd:sequence>
                <xsd:element minOccurs="0" name="msg" type="xsd:string"/>
            </xsd:sequence>
        </xsd:complexType>
    </xsd:element>
    <xsd:element name="echoResponse">
        <xsd:complexType>
            <xsd:sequence>
                <xsd:element minOccurs="0" name="return" type="xsd:string"/>
            </xsd:sequence>
        </xsd:complexType>
    </xsd:element>
</xsd:schema>
  </wsdl:types>
  <wsdl:message name="echoResponse">
    <wsdl:part name="parameters" element="tns:echoResponse">
    </wsdl:part>
  </wsdl:message>
  <wsdl:message name="echo">
    <wsdl:part name="parameters" element="tns:echo">
    </wsdl:part>
  </wsdl:message>
  <wsdl:portType name="EchoLazyLookupIOR">
    <wsdl:operation name="echo">
      <wsdl:input name="echo" message="tns:echo">
    </wsdl:input>
      <wsdl:output name="echoResponse" message="tns:echoResponse">
    </wsdl:output>
    </wsdl:operation>
  </wsdl:portType>
  <wsdl:binding name="EchoLazyLookupIORCorbaBinding" type="tns:EchoLazyLookupIOR">
    <soap:binding style="document" transport="http://schemas.xmlsoap.org/soap/http"/>
    <wsdl:operation name="echo">
      <soap:operation/>
      <wsdl:input name="echo">
        <soap:body use="literal"/>
      </wsdl:input>
      <wsdl:output name="echoResponse">
        <soap:body use="literal"/>
      </wsdl:output>
    </wsdl:operation>
  </wsdl:binding>
  <wsdl:service name="EchoLazyLookupIOR">
    <wsdl:port name="EchoLazyLookupIORCorbaPort" binding="tns:EchoLazyLookupIORCorbaBinding">
      <soap:address location="http://192.168.1.230:8192/Service/test-provider-lazy-lookup/EchoLazyLookupIOR/"/>
    </wsdl:port>
  </wsdl:service>
    <plnk:partnerLinkType name="EchoLazyLookupIOR">
<plnk:role name="EchoLazyLookupIORPortTypeRole" portType="tns:EchoLazyLookupIOR"/>
</plnk:partnerLinkType>
</wsdl:definitions></con:content><con:type>http://schemas.xmlsoap.org/wsdl/</con:type></con:part></con:definitionCache></con:interface><con:testSuite name="testsuite-provider-lazy-lookup"><con:settings/><con:runType>SEQUENTIAL</con:runType><con:testCase failOnError="true" failTestCaseOnErrors="true" keepSession="false" name="EchoLazyLookupCorbaBinding TestSuite" searchProperties="true"><con:settings/><con:testStep type="request" name="echoNs"><con:settings/><con:config xsi:type="con:RequestStep" xmlns:xsi="http://www.w3.org/2001/XMLSchema-instance"><con:interface>EchoLazyLookupNsCorbaBinding</con:interface><con:operation>echo</con:operation><con:request name="echoNs" wssPasswordType=""><con:settings><con:setting id="com.eviware.soapui.impl.wsdl.WsdlRequest@request-headers">&lt;xml-fragment/></con:setting></con:settings><con:encoding>UTF-8</con:encoding><con:endpoint>http://192.168.1.230:8192/Service/test-provider-lazy-lookup/EchoLazyLookupNs/</con:endpoint><con:request><![CDATA[<soapenv:Envelope xmlns:soapenv="http://schemas.xmlsoap.org/soap/envelope/" xmlns:test="urn:jbi4corba/test-provider-lazy-lookup">
   <soapenv:Header/>
   <soapenv:Body>
      <test:echo>
         <!--Optional:-->
         <test:msg>?</test:msg>
      </test:echo>
   </soapenv:Body>
</soapenv:Envelope>]]></con:request><con:assertion type="SOAP Response"/><con:assertion type="Schema Compliance"><con:configuration><definition/></con:configuration></con:assertion><con:assertion type="SOAP Fault Assertion"/></con:request></con:config></con:testStep><con:testStep type="request" name="echoCorbaname"><con:settings/><con:config xsi:type="con:RequestStep" xmlns:xsi="http://www.w3.org/2001/XMLSchema-instance"><con:interface>EchoLazyLookupCorbanameCorbaBinding</con:interface><con:operation>echo</con:operation><con:request name="echoCorbaname" wssPasswordType=""><con:settings><con:setting id="com.eviware.soapui.impl.wsdl.WsdlRequest@request-headers">&lt;xml-fragment/></con:setting></con:settings><con:encoding>UTF-8</con:encoding><con:endpoint>http://192.168.1.230:8192/Service/test-provider-lazy-lookup/EchoLazyLookupCorbaname/</con:endpoint><con:request><![CDATA[<soapenv:Envelope xmlns:soapenv="http://schemas.xmlsoap.org/soap/envelope/" xmlns:test="urn:jbi4corba/test-provider-lazy-lookup">
   <soapenv:Header/>
   <soapenv:Body>
      <test:echo>
         <!--Optional:-->
         <test:msg>?</test:msg>
      </test:echo>
   </soapenv:Body>
</soapenv:Envelope>]]></con:request><con:assertion type="SOAP Response"/><con:assertion type="Schema Compliance"><con:configuration/></con:assertion><con:assertion type="SOAP Fault Assertion"/></con:request></con:config></con:testStep><con:testStep type="request" name="echoCorbaloc"><con:settings/><con:config xsi:type="con:RequestStep" xmlns:xsi="http://www.w3.org/2001/XMLSchema-instance"><con:interface>EchoLazyLookupCorbalocCorbaBinding</con:interface><con:operation>echo</con:operation><con:request name="echoCorbaloc" wssPasswordType=""><con:settings><con:setting id="com.eviware.soapui.impl.wsdl.WsdlRequest@request-headers">&lt;xml-fragment/></con:setting></con:settings><con:encoding>UTF-8</con:encoding><con:endpoint>http://192.168.1.230:8192/Service/test-provider-lazy-lookup/EchoLazyLookupCorbaloc/</con:endpoint><con:request><![CDATA[<soapenv:Envelope xmlns:soapenv="http://schemas.xmlsoap.org/soap/envelope/" xmlns:test="urn:jbi4corba/test-provider-lazy-lookup">
   <soapenv:Header/>
   <soapenv:Body>
      <test:echo>
         <!--Optional:-->
         <test:msg>?</test:msg>
      </test:echo>
   </soapenv:Body>
</soapenv:Envelope>]]></con:request><con:assertion type="SOAP Response"/><con:assertion type="Schema Compliance"><con:configuration/></con:assertion><con:assertion type="SOAP Fault Assertion"/></con:request></con:config></con:testStep><con:testStep type="request" name="echoIOR"><con:settings/><con:config xsi:type="con:RequestStep" xmlns:xsi="http://www.w3.org/2001/XMLSchema-instance"><con:interface>EchoLazyLookupIORCorbaBinding</con:interface><con:operation>echo</con:operation><con:request name="echoIOR" wssPasswordType=""><con:settings><con:setting id="com.eviware.soapui.impl.wsdl.WsdlRequest@request-headers">&lt;xml-fragment/></con:setting></con:settings><con:encoding>UTF-8</con:encoding><con:endpoint>http://192.168.1.230:8192/Service/test-provider-lazy-lookup/EchoLazyLookupIOR/</con:endpoint><con:request><![CDATA[<soapenv:Envelope xmlns:soapenv="http://schemas.xmlsoap.org/soap/envelope/" xmlns:test="urn:jbi4corba/test-provider-lazy-lookup">
   <soapenv:Header/>
   <soapenv:Body>
      <test:echo>
         <!--Optional:-->
         <test:msg>?</test:msg>
      </test:echo>
   </soapenv:Body>
</soapenv:Envelope>]]></con:request><con:assertion type="SOAP Response"/><con:assertion type="Schema Compliance"><con:configuration/></con:assertion><con:assertion type="SOAP Fault Assertion"/></con:request></con:config></con:testStep></con:testCase></con:testSuite></con:soapui-project>