<?xml version="1.0" encoding="UTF-8"?>
<con:soapui-project name="test-consumer-fromidl-complex-enum" resourceRoot="" soapui-version="2.5 beta2" xmlns:con="http://eviware.com/soapui/config"><con:settings><con:setting id="ProjectSettings@projectRoot">D:\workspace\jbi4corba\proj\corba-bc\integration-test\test-consumer-fromidl-complex-enum\consumer-fromidl-complex-enum-integration-test\src\test\etc\soapui</con:setting></con:settings><con:interface xsi:type="con:WsdlInterface" wsaVersion="NONE" name="EchoEnumCorbaBinding" type="wsdl" bindingName="{urn:jbi4corba/test-consumer-fromidl-complex-enum}EchoEnumCorbaBinding" soapVersion="1_1" anonymous="optional" definition="http://localhost:8192/Service/test-consumer-fromidl-complex-enum/?wsdl" xmlns:xsi="http://www.w3.org/2001/XMLSchema-instance"><con:settings/><con:definitionCache type="TEXT" rootPart="http://localhost:8192/Service/test-consumer-fromidl-complex-enum/?wsdl"><con:part><con:url>http://localhost:8192/Service/test-consumer-fromidl-complex-enum/?wsdl</con:url><con:content><![CDATA[<wsdl:definitions name="EchoEnum" targetNamespace="urn:jbi4corba/test-consumer-fromidl-complex-enum" xmlns:plnk="http://docs.oasis-open.org/wsbpel/2.0/plnktype" xmlns:wsdl="http://schemas.xmlsoap.org/wsdl/" xmlns:tns="urn:jbi4corba/test-consumer-fromidl-complex-enum" xmlns:xsd="http://www.w3.org/2001/XMLSchema" xmlns:soap="http://schemas.xmlsoap.org/wsdl/soap/" xmlns:soap12="http://schemas.xmlsoap.org/wsdl/soap12/">
  <wsdl:types>
    <xs:schema attributeFormDefault="unqualified" elementFormDefault="qualified" targetNamespace="urn:jbi4corba/test-consumer-fromidl-complex-enum" xmlns="urn:jbi4corba/test-consumer-fromidl-complex-enum" xmlns:ns1="http://testconsumerfromidlenum.test.jbi4corba.imolinfo.it/" xmlns:xs="http://www.w3.org/2001/XMLSchema">
      <xs:import namespace="http://testconsumerfromidlenum.test.jbi4corba.imolinfo.it/"/>
      <xs:element name="echoEnum">
        <xs:complexType>
          <xs:sequence>
            <xs:element minOccurs="0" name="e" type="ns1:echoComplexEnum"/>
          </xs:sequence>
        </xs:complexType>
      </xs:element>
      <xs:element name="echoEnumResponse">
        <xs:complexType>
          <xs:sequence>
            <xs:element minOccurs="0" name="return" type="ns1:echoComplexEnum"/>
          </xs:sequence>
        </xs:complexType>
      </xs:element>
    </xs:schema>
    <xs:schema attributeFormDefault="unqualified" elementFormDefault="unqualified" targetNamespace="http://testconsumerfromidlenum.test.jbi4corba.imolinfo.it/" xmlns="http://testconsumerfromidlenum.test.jbi4corba.imolinfo.it/" xmlns:xs="http://www.w3.org/2001/XMLSchema">
      <xs:simpleType name="echoComplexEnum">
        <xs:restriction base="xs:string">
          <xs:enumeration value="E1"/>
          <xs:enumeration value="E2"/>
          <xs:enumeration value="E3"/>
        </xs:restriction>
      </xs:simpleType>
    </xs:schema>
  </wsdl:types>
  <wsdl:message name="echoEnumResponse">
    <wsdl:part name="parameters" element="tns:echoEnumResponse"></wsdl:part>
  </wsdl:message>
  <wsdl:message name="echoEnum">
    <wsdl:part name="parameters" element="tns:echoEnum"></wsdl:part>
  </wsdl:message>
  <wsdl:portType name="EchoEnumPortType">
    <wsdl:operation name="echoEnum">
      <wsdl:input name="echoEnum" message="tns:echoEnum"></wsdl:input>
      <wsdl:output name="echoEnumResponse" message="tns:echoEnumResponse"></wsdl:output>
    </wsdl:operation>
  </wsdl:portType>
  <wsdl:binding name="EchoEnumCorbaBinding" type="tns:EchoEnumPortType">
    <soap:binding transport="http://schemas.xmlsoap.org/soap/http"/>
    <wsdl:operation name="echoEnum">
      <soap:operation/>
      <wsdl:input name="echoEnum">
        <soap:body use="literal"/>
      </wsdl:input>
      <wsdl:output name="echoEnumResponse">
        <soap:body use="literal"/>
      </wsdl:output>
    </wsdl:operation>
  </wsdl:binding>
  <wsdl:service name="EchoEnum">
    <wsdl:port name="EchoEnumCorbaPort" binding="tns:EchoEnumCorbaBinding">
      <soap:address location="http://AGUGULICA.ditech.ro:8192/Service/test-consumer-fromidl-complex-enum/"/>
    </wsdl:port>
  </wsdl:service>
  <plnk:partnerLinkType name="EchoEnum">
    <plnk:role name="EchoEnumPortTypeRole" portType="tns:EchoEnumPortType"/>
  </plnk:partnerLinkType>
</wsdl:definitions>]]></con:content><con:type>http://schemas.xmlsoap.org/wsdl/</con:type></con:part></con:definitionCache><con:endpoints><con:endpoint>http://localhost:8192/Service/test-consumer-fromidl-complex-enum/</con:endpoint></con:endpoints><con:operation isOneWay="false" action="" name="echoEnum" bindingOperationName="echoEnum" type="Request-Response" outputName="echoEnumResponse" inputName="echoEnum" receivesAttachments="false" sendsAttachments="false" anonymous="optional"><con:settings/><con:call name="Request 1"><con:settings/><con:encoding>UTF-8</con:encoding><con:endpoint>http://localhost:8192/Service/test-consumer-fromidl-complex-enum/</con:endpoint><con:request><![CDATA[<soapenv:Envelope xmlns:soapenv="http://schemas.xmlsoap.org/soap/envelope/" xmlns:test="urn:jbi4corba/test-consumer-fromidl-complex-enum">
   <soapenv:Header/>
   <soapenv:Body>
      <test:echoEnum>
         <!--Optional:-->
         <test:e>E1</test:e>
      </test:echoEnum>
   </soapenv:Body>
</soapenv:Envelope>]]></con:request><con:wsaConfig mustUnderstand="NONE" version="200508" action="urn:jbi4corba/test-consumer-fromidl-complex-enum/EchoEnumPortType/echoEnum"/></con:call></con:operation></con:interface><con:testSuite name="EchoEnumCorbaBinding TestSuite"><con:settings/><con:runType>SEQUENTIAL</con:runType><con:testCase failOnError="true" failTestCaseOnErrors="true" keepSession="false" maxResults="0" name="EchoEnumCorbaBinding TestSuite" searchProperties="true"><con:settings/><con:testStep type="request" name="echoEnum 1"><con:settings/><con:config xsi:type="con:RequestStep" xmlns:xsi="http://www.w3.org/2001/XMLSchema-instance"><con:interface>EchoEnumCorbaBinding</con:interface><con:operation>echoEnum</con:operation><con:request name="echoEnum 1"><con:settings/><con:encoding>UTF-8</con:encoding><con:endpoint>http://localhost:8192/Service/test-consumer-fromidl-complex-enum/</con:endpoint><con:request><![CDATA[<soapenv:Envelope xmlns:soapenv="http://schemas.xmlsoap.org/soap/envelope/" xmlns:test="urn:jbi4corba/test-consumer-fromidl-complex-enum">
   <soapenv:Header/>
   <soapenv:Body>
      <test:echoEnum>
         <!--Optional:-->
         <test:e>E1</test:e>
      </test:echoEnum>
   </soapenv:Body>
</soapenv:Envelope>]]></con:request><con:assertion type="SOAP Response"/><con:assertion type="Schema Compliance"><con:configuration><definition/></con:configuration></con:assertion><con:assertion type="SOAP Fault Assertion"/><con:wsaConfig action="urn:jbi4corba/test-consumer-fromidl-complex-enum/EchoEnumPortType/echoEnum" mustUnderstand="NONE" version="200508"/></con:request></con:config></con:testStep><con:testStep type="request" name="echoEnum 2"><con:settings/><con:config xsi:type="con:RequestStep" xmlns:xsi="http://www.w3.org/2001/XMLSchema-instance"><con:interface>EchoEnumCorbaBinding</con:interface><con:operation>echoEnum</con:operation><con:request name="echoEnum 2"><con:settings/><con:encoding>UTF-8</con:encoding><con:endpoint>http://localhost:8192/Service/test-consumer-fromidl-complex-enum/</con:endpoint><con:request><![CDATA[<soapenv:Envelope xmlns:soapenv="http://schemas.xmlsoap.org/soap/envelope/" xmlns:test="urn:jbi4corba/test-consumer-fromidl-complex-enum">
   <soapenv:Header/>
   <soapenv:Body>
      <test:echoEnum>
         <!--Optional:-->
         <test:e>E2</test:e>
      </test:echoEnum>
   </soapenv:Body>
</soapenv:Envelope>]]></con:request><con:assertion type="SOAP Response"/><con:assertion type="Schema Compliance"><con:configuration/></con:assertion><con:assertion type="SOAP Fault Assertion"/><con:wsaConfig mustUnderstand="NONE" version="200508"/></con:request></con:config></con:testStep><con:testStep type="request" name="echoEnum 3"><con:settings/><con:config xsi:type="con:RequestStep" xmlns:xsi="http://www.w3.org/2001/XMLSchema-instance"><con:interface>EchoEnumCorbaBinding</con:interface><con:operation>echoEnum</con:operation><con:request name="echoEnum 3"><con:settings/><con:encoding>UTF-8</con:encoding><con:endpoint>http://localhost:8192/Service/test-consumer-fromidl-complex-enum/</con:endpoint><con:request><![CDATA[<soapenv:Envelope xmlns:soapenv="http://schemas.xmlsoap.org/soap/envelope/" xmlns:test="urn:jbi4corba/test-consumer-fromidl-complex-enum">
   <soapenv:Header/>
   <soapenv:Body>
      <test:echoEnum>
         <!--Optional:-->
         <test:e>E3</test:e>
      </test:echoEnum>
   </soapenv:Body>
</soapenv:Envelope>]]></con:request><con:assertion type="SOAP Response"/><con:assertion type="Schema Compliance"><con:configuration/></con:assertion><con:assertion type="SOAP Fault Assertion"/><con:wsaConfig mustUnderstand="NONE" version="200508"/></con:request></con:config></con:testStep><con:testStep type="request" name="echoEnum 4 - not found"><con:settings/><con:config xsi:type="con:RequestStep" xmlns:xsi="http://www.w3.org/2001/XMLSchema-instance"><con:interface>EchoEnumCorbaBinding</con:interface><con:operation>echoEnum</con:operation><con:request name="echoEnum 4 - not found"><con:settings/><con:encoding>UTF-8</con:encoding><con:endpoint>http://localhost:8192/Service/test-consumer-fromidl-complex-enum/</con:endpoint><con:request><![CDATA[<soapenv:Envelope xmlns:soapenv="http://schemas.xmlsoap.org/soap/envelope/" xmlns:test="urn:jbi4corba/test-consumer-fromidl-complex-enum">
   <soapenv:Header/>
   <soapenv:Body>
      <test:echoEnum>
         <!--Optional:-->
         <test:e>E4</test:e>
      </test:echoEnum>
   </soapenv:Body>
</soapenv:Envelope>]]></con:request><con:assertion type="SOAP Response"/><con:assertion type="Schema Compliance"><con:configuration/></con:assertion><con:assertion type="Not SOAP Fault Assertion"/><con:wsaConfig mustUnderstand="NONE" version="200508"/></con:request></con:config></con:testStep><con:properties/></con:testCase><con:properties/></con:testSuite><con:properties/><con:wssContainer/></con:soapui-project>