<?xml version="1.0" encoding="UTF-8"?>
<con:soapui-project name="test-provider-simple-mult-interface" resourceRoot="" soapui-version="3.0.1" abortOnError="false" runType="SEQUENTIAL" xmlns:con="http://eviware.com/soapui/config"><con:settings><con:setting id="com.eviware.soapui.impl.wsdl.actions.iface.tools.soapui.TestRunnerAction@values-local"><![CDATA[<xml-fragment xmlns:con="http://eviware.com/soapui/config">
  <con:entry key="TestSuite" value="&lt;all>"/>
  <con:entry key="Domain" value=""/>
  <con:entry key="Password" value=""/>
  <con:entry key="Coverage Report" value="false"/>
  <con:entry key="Export JUnit Results" value="false"/>
  <con:entry key="Open Report" value="false"/>
  <con:entry key="TestRunner Path" value=""/>
  <con:entry key="Tool Args" value=""/>
  <con:entry key="Export All" value="false"/>
  <con:entry key="TestCase" value="&lt;all>"/>
  <con:entry key="Print Report" value="false"/>
  <con:entry key="Host:Port" value=""/>
  <con:entry key="Username" value=""/>
  <con:entry key="WSS Password Type" value=""/>
  <con:entry key="Root Folder" value=""/>
  <con:entry key="Endpoint" value=""/>
  <con:entry key="Enable UI" value="false"/>
  <con:entry key="Save Project" value="false"/>
  <con:entry key="Add Settings" value="false"/>
</xml-fragment>]]></con:setting></con:settings><con:interface xsi:type="con:WsdlInterface" wsaVersion="NONE" name="EchoCorbaBinding" type="wsdl" bindingName="{http://it.imolinfo.jbi4corba.test.testprovidersimplemult.Echo}EchoCorbaBinding" soapVersion="1_1" anonymous="optional" definition="http://localhost:8192/Service/test-provider-simple-mult-interface/?wsdl" xmlns:xsi="http://www.w3.org/2001/XMLSchema-instance"><con:settings/><con:definitionCache type="TEXT" rootPart="http://localhost:8192/Service/test-provider-simple-mult-interface/?wsdl"><con:part><con:url>http://localhost:8192/Service/test-provider-simple-mult-interface/?wsdl</con:url><con:content><![CDATA[<wsdl:definitions name="Echo" targetNamespace="http://it.imolinfo.jbi4corba.test.testprovidersimplemult.Echo" xmlns:plnk="http://docs.oasis-open.org/wsbpel/2.0/plnktype" xmlns:wsdl="http://schemas.xmlsoap.org/wsdl/" xmlns:tns="http://it.imolinfo.jbi4corba.test.testprovidersimplemult.Echo" xmlns:xsd="http://www.w3.org/2001/XMLSchema" xmlns:soap="http://schemas.xmlsoap.org/wsdl/soap/">
  <wsdl:types>
    <xs:schema attributeFormDefault="unqualified" elementFormDefault="qualified" targetNamespace="http://it.imolinfo.jbi4corba.test.testprovidersimplemult.Echo" xmlns="http://it.imolinfo.jbi4corba.test.testprovidersimplemult.Echo" xmlns:xs="http://www.w3.org/2001/XMLSchema">
      <xs:element name="echo">
        <xs:complexType>
          <xs:sequence>
            <xs:element minOccurs="0" name="msg" type="xs:string"/>
          </xs:sequence>
        </xs:complexType>
      </xs:element>
      <xs:element name="echoResponse">
        <xs:complexType>
          <xs:sequence>
            <xs:element minOccurs="0" name="return" type="xs:string"/>
          </xs:sequence>
        </xs:complexType>
      </xs:element>
    </xs:schema>
  </wsdl:types>
  <wsdl:message name="echoResponse">
    <wsdl:part name="parameters" element="tns:echoResponse"></wsdl:part>
  </wsdl:message>
  <wsdl:message name="echo">
    <wsdl:part name="parameters" element="tns:echo"></wsdl:part>
  </wsdl:message>
  <wsdl:portType name="Echo">
    <wsdl:operation name="echo">
      <wsdl:input name="echo" message="tns:echo"></wsdl:input>
      <wsdl:output name="echoResponse" message="tns:echoResponse"></wsdl:output>
    </wsdl:operation>
  </wsdl:portType>
  <wsdl:binding name="EchoCorbaBinding" type="tns:Echo">
    <soap:binding style="document" transport="http://schemas.xmlsoap.org/soap/http"/>
    <wsdl:operation name="echo">
      <soap:operation/>
      <wsdl:input name="echo">
        <soap:body use="literal"/>
      </wsdl:input>
      <wsdl:output name="echoResponse">
        <soap:body use="literal"/>
      </wsdl:output>
    </wsdl:operation>
  </wsdl:binding>
  <wsdl:service name="Echo">
    <wsdl:port name="EchoCorbaPort" binding="tns:EchoCorbaBinding">
      <soap:address location="http://192.168.1.209:8192/Service/test-provider-simple-mult-interface/"/>
    </wsdl:port>
  </wsdl:service>
  <plnk:partnerLinkType name="Echo">
    <plnk:role name="EchoPortTypeRole" portType="tns:Echo"/>
  </plnk:partnerLinkType>
</wsdl:definitions>]]></con:content><con:type>http://schemas.xmlsoap.org/wsdl/</con:type></con:part></con:definitionCache><con:endpoints><con:endpoint>http://localhost:8192/Service/test-provider-simple-mult-interface/</con:endpoint><con:endpoint>http://localhost:8192/Service/test-provider-simple-mult-interface/</con:endpoint><con:endpoint>http://localhost:8192/Service/test-provider-simple-mult-interface/</con:endpoint><con:endpoint>http://192.168.1.209:8192/Service/test-provider-simple-mult-interface/</con:endpoint></con:endpoints><con:operation isOneWay="false" action="" name="echo" bindingOperationName="echo" type="Request-Response" outputName="echoResponse" inputName="echo" receivesAttachments="false" sendsAttachments="false" anonymous="optional"><con:settings/><con:call name="Request 1"><con:settings/><con:encoding>UTF-8</con:encoding><con:endpoint>http://localhost:8192/Service/test-provider-simple-mult-interface/</con:endpoint><con:request><![CDATA[<soapenv:Envelope xmlns:soapenv="http://schemas.xmlsoap.org/soap/envelope/" xmlns:it="http://it.imolinfo.jbi4corba.test.testprovidersimplemult.Echo">
   <soapenv:Header/>
   <soapenv:Body>
      <it:echo>
         <!--Optional:-->
         <it:msg>ciao</it:msg>
      </it:echo>
   </soapenv:Body>
</soapenv:Envelope>]]></con:request><con:wsaConfig mustUnderstand="NONE" version="200508" action="http://it.imolinfo.jbi4corba.test.testprovidersimplemult.Echo/Echo/echo"/><con:wsrmConfig version="1.2"/></con:call></con:operation></con:interface><con:interface xsi:type="con:WsdlInterface" wsaVersion="NONE" name="Echo2CorbaBinding" type="wsdl" bindingName="{http://it.imolinfo.jbi4corba.test.testprovidersimplemult.Echo2}Echo2CorbaBinding" soapVersion="1_1" anonymous="optional" definition="http://localhost:8192/Service/test-provider-simple-mult-interface2/?wsdl" xmlns:xsi="http://www.w3.org/2001/XMLSchema-instance"><con:settings/><con:definitionCache type="TEXT" rootPart="http://localhost:8192/Service/test-provider-simple-mult-interface2/?wsdl"><con:part><con:url>http://localhost:8192/Service/test-provider-simple-mult-interface2/?wsdl</con:url><con:content><![CDATA[<wsdl:definitions name="Echo2" targetNamespace="http://it.imolinfo.jbi4corba.test.testprovidersimplemult.Echo2" xmlns:plnk="http://docs.oasis-open.org/wsbpel/2.0/plnktype" xmlns:wsdl="http://schemas.xmlsoap.org/wsdl/" xmlns:tns="http://it.imolinfo.jbi4corba.test.testprovidersimplemult.Echo2" xmlns:xsd="http://www.w3.org/2001/XMLSchema" xmlns:soap="http://schemas.xmlsoap.org/wsdl/soap/">
  <wsdl:types>
    <xs:schema attributeFormDefault="unqualified" elementFormDefault="qualified" targetNamespace="http://it.imolinfo.jbi4corba.test.testprovidersimplemult.Echo2" xmlns="http://it.imolinfo.jbi4corba.test.testprovidersimplemult.Echo2" xmlns:xs="http://www.w3.org/2001/XMLSchema">
      <xs:element name="echo">
        <xs:complexType>
          <xs:sequence>
            <xs:element minOccurs="0" name="msg" type="xs:string"/>
          </xs:sequence>
        </xs:complexType>
      </xs:element>
      <xs:element name="echoResponse">
        <xs:complexType>
          <xs:sequence>
            <xs:element minOccurs="0" name="return" type="xs:string"/>
          </xs:sequence>
        </xs:complexType>
      </xs:element>
    </xs:schema>
  </wsdl:types>
  <wsdl:message name="echoResponse">
    <wsdl:part name="parameters" element="tns:echoResponse"></wsdl:part>
  </wsdl:message>
  <wsdl:message name="echo">
    <wsdl:part name="parameters" element="tns:echo"></wsdl:part>
  </wsdl:message>
  <wsdl:portType name="Echo2">
    <wsdl:operation name="echo">
      <wsdl:input name="echo" message="tns:echo"></wsdl:input>
      <wsdl:output name="echoResponse" message="tns:echoResponse"></wsdl:output>
    </wsdl:operation>
  </wsdl:portType>
  <wsdl:binding name="Echo2CorbaBinding" type="tns:Echo2">
    <soap:binding style="document" transport="http://schemas.xmlsoap.org/soap/http"/>
    <wsdl:operation name="echo">
      <soap:operation/>
      <wsdl:input name="echo">
        <soap:body use="literal"/>
      </wsdl:input>
      <wsdl:output name="echoResponse">
        <soap:body use="literal"/>
      </wsdl:output>
    </wsdl:operation>
  </wsdl:binding>
  <wsdl:service name="Echo2">
    <wsdl:port name="Echo2CorbaPort" binding="tns:Echo2CorbaBinding">
      <soap:address location="http://192.168.1.209:8192/Service/test-provider-simple-mult-interface2/"/>
    </wsdl:port>
  </wsdl:service>
  <plnk:partnerLinkType name="Echo2">
    <plnk:role name="Echo2PortTypeRole" portType="tns:Echo2"/>
  </plnk:partnerLinkType>
</wsdl:definitions>]]></con:content><con:type>http://schemas.xmlsoap.org/wsdl/</con:type></con:part></con:definitionCache><con:endpoints><con:endpoint>http://localhost:8192/Service/test-provider-simple-mult-interface2/</con:endpoint><con:endpoint>http://localhost:8192/Service/test-provider-simple-mult-interface2/</con:endpoint><con:endpoint>http://192.168.1.209:8192/Service/test-provider-simple-mult-interface2/</con:endpoint></con:endpoints><con:operation isOneWay="false" action="" name="echo" bindingOperationName="echo" type="Request-Response" outputName="echoResponse" inputName="echo" receivesAttachments="false" sendsAttachments="false" anonymous="optional"><con:settings/><con:call name="Request 1"><con:settings/><con:encoding>UTF-8</con:encoding><con:endpoint>http://localhost:8192/Service/test-provider-simple-mult-interface2/</con:endpoint><con:request><![CDATA[<soapenv:Envelope xmlns:soapenv="http://schemas.xmlsoap.org/soap/envelope/" xmlns:it="http://it.imolinfo.jbi4corba.test.testprovidersimplemult.Echo2">
   <soapenv:Header/>
   <soapenv:Body>
      <it:echo>
         <!--Optional:-->
         <it:msg>ciao2</it:msg>
      </it:echo>
   </soapenv:Body>
</soapenv:Envelope>]]></con:request><con:wsaConfig mustUnderstand="NONE" version="200508" action="http://it.imolinfo.jbi4corba.test.testprovidersimplemult.Echo2/Echo2/echo"/><con:wsrmConfig version="1.2"/></con:call></con:operation></con:interface><con:testSuite name="TestSuite 1"><con:settings/><con:runType>SEQUENTIAL</con:runType><con:testCase failOnError="true" failTestCaseOnErrors="true" keepSession="false" maxResults="0" name="TestCase 1" searchProperties="true" id="63ec6300-7225-47fa-af42-2b25fc795a7a"><con:settings/><con:testStep type="request" name="Test Interface 1"><con:settings/><con:config xsi:type="con:RequestStep" xmlns:xsi="http://www.w3.org/2001/XMLSchema-instance"><con:interface>EchoCorbaBinding</con:interface><con:operation>echo</con:operation><con:request name="Test Interface 1"><con:settings/><con:encoding>UTF-8</con:encoding><con:endpoint>http://localhost:8192/Service/test-provider-simple-mult-interface/</con:endpoint><con:request><![CDATA[<soapenv:Envelope xmlns:soapenv="http://schemas.xmlsoap.org/soap/envelope/" xmlns:it="http://it.imolinfo.jbi4corba.test.testprovidersimplemult.Echo">
   <soapenv:Header/>
   <soapenv:Body>
      <it:echo>
         <!--Optional:-->
         <it:msg></it:msg>
      </it:echo>
   </soapenv:Body>
</soapenv:Envelope>]]></con:request><con:assertion type="SOAP Response"/><con:assertion type="SOAP Fault Assertion"/><con:assertion type="Simple Contains"><con:configuration><token>Interface1</token><ignoreCase>false</ignoreCase><useRegEx>false</useRegEx></con:configuration></con:assertion><con:assertion type="Schema Compliance"><con:configuration><definition/></con:configuration></con:assertion><con:wsaConfig mustUnderstand="NONE" version="200508"/><con:wsrmConfig version="1.2"/></con:request></con:config></con:testStep><con:properties/></con:testCase><con:testCase failOnError="true" failTestCaseOnErrors="true" keepSession="false" name="TestCase 2" searchProperties="true" id="6a0edf6f-6786-469f-aaf9-6b9b44f527ca" maxResults="0"><con:settings/><con:testStep type="request" name="Test Interface2"><con:settings/><con:config xsi:type="con:RequestStep" xmlns:xsi="http://www.w3.org/2001/XMLSchema-instance"><con:interface>Echo2CorbaBinding</con:interface><con:operation>echo</con:operation><con:request name="Test Interface2"><con:settings/><con:encoding>UTF-8</con:encoding><con:endpoint>http://localhost:8192/Service/test-provider-simple-mult-interface2/</con:endpoint><con:request><![CDATA[<soapenv:Envelope xmlns:soapenv="http://schemas.xmlsoap.org/soap/envelope/" xmlns:it="http://it.imolinfo.jbi4corba.test.testprovidersimplemult.Echo2">
   <soapenv:Header/>
   <soapenv:Body>
      <it:echo>
         <!--Optional:-->
         <it:msg>ciao</it:msg>
      </it:echo>
   </soapenv:Body>
</soapenv:Envelope>]]></con:request><con:assertion type="SOAP Response"/><con:assertion type="SOAP Fault Assertion"/><con:assertion type="Simple Contains"><con:configuration><token>Interface2</token><ignoreCase>false</ignoreCase><useRegEx>false</useRegEx></con:configuration></con:assertion><con:assertion type="Schema Compliance"><con:configuration><definition/></con:configuration></con:assertion><con:wsaConfig mustUnderstand="NONE" version="200508"/><con:wsrmConfig version="1.2"/></con:request></con:config></con:testStep><con:properties/></con:testCase><con:properties/></con:testSuite><con:properties/><con:wssContainer/></con:soapui-project>