<?xml version="1.0" encoding="UTF-8"?>
<con:soapui-project name="test-provider-enum" soapui-version="3.0.1" resourceRoot="" abortOnError="false" runType="SEQUENTIAL" xmlns:con="http://eviware.com/soapui/config"><con:settings/><con:interface name="EchoEnumCorbaBinding" bindingName="{http://it.imolinfo.jbi4corba.test.testproviderenum.EchoEnum}EchoEnumCorbaBinding" soapVersion="1_1" definition="http://localhost:8192/Service/test-provider-enum/?wsdl" xsi:type="con:WsdlInterface" wsaVersion="NONE" anonymous="optional" xmlns:xsi="http://www.w3.org/2001/XMLSchema-instance"><con:settings/><con:definitionCache type="TEXT" rootPart="http://localhost:8192/Service/test-provider-enum/?wsdl"><con:part><con:url>http://localhost:8192/Service/test-provider-enum/?wsdl</con:url><con:content><![CDATA[<wsdl:definitions name="EchoEnum" targetNamespace="http://it.imolinfo.jbi4corba.test.testproviderenum.EchoEnum" xmlns:plnk="http://docs.oasis-open.org/wsbpel/2.0/plnktype" xmlns:wsdl="http://schemas.xmlsoap.org/wsdl/" xmlns:tns="http://it.imolinfo.jbi4corba.test.testproviderenum.EchoEnum" xmlns:xsd="http://www.w3.org/2001/XMLSchema" xmlns:soap="http://schemas.xmlsoap.org/wsdl/soap/">
  <wsdl:types>
    <xs:schema attributeFormDefault="unqualified" elementFormDefault="qualified" targetNamespace="http://it.imolinfo.jbi4corba.test.testproviderenum.EchoEnum" xmlns="hurn:jbi4corba/test-provider-enum" xmlns:ns1="http://testproviderenum.test.jbi4corba.imolinfo.it/" xmlns:xs="http://www.w3.org/2001/XMLSchema">
      <xs:import namespace="http://testproviderenum.test.jbi4corba.imolinfo.it/" schemaLocation="http://192.168.1.209:8192/provider-enum-http-consumer/TypeDef_testproviderenum.test.jbi4corba.imolinfo.it.xsd"/>
      <xs:element name="echoEnum">
        <xs:complexType>
          <xs:sequence>
            <xs:element minOccurs="0" name="e" type="ns1:echoComplexEnum"/>
          </xs:sequence>
        </xs:complexType>
      </xs:element>
      <xs:element name="echoEnumResponse">
        <xs:complexType>
          <xs:sequence>
            <xs:element minOccurs="0" name="return" type="ns1:echoComplexEnum"/>
          </xs:sequence>
        </xs:complexType>
      </xs:element>
    </xs:schema>
  </wsdl:types>
  <wsdl:message name="echoEnumResponse">
    <wsdl:part name="parameters" element="tns:echoEnumResponse"></wsdl:part>
  </wsdl:message>
  <wsdl:message name="echoEnum">
    <wsdl:part name="parameters" element="tns:echoEnum"></wsdl:part>
  </wsdl:message>
  <wsdl:portType name="EchoEnum">
    <wsdl:operation name="echoEnum">
      <wsdl:input name="echoEnum" message="tns:echoEnum"></wsdl:input>
      <wsdl:output name="echoEnumResponse" message="tns:echoEnumResponse"></wsdl:output>
    </wsdl:operation>
  </wsdl:portType>
  <wsdl:binding name="EchoEnumCorbaBinding" type="tns:EchoEnum">
    <soap:binding style="document" transport="http://schemas.xmlsoap.org/soap/http"/>
    <wsdl:operation name="echoEnum">
      <soap:operation/>
      <wsdl:input name="echoEnum">
        <soap:body use="literal"/>
      </wsdl:input>
      <wsdl:output name="echoEnumResponse">
        <soap:body use="literal"/>
      </wsdl:output>
    </wsdl:operation>
  </wsdl:binding>
  <wsdl:service name="EchoEnum">
    <wsdl:port name="EchoEnumCorbaPort" binding="tns:EchoEnumCorbaBinding">
      <soap:address location="http://192.168.1.209:8192/Service/test-provider-enum/"/>
    </wsdl:port>
  </wsdl:service>
  <plnk:partnerLinkType name="EchoEnum">
    <plnk:role name="EchoEnumPortTypeRole" portType="tns:EchoEnum"/>
  </plnk:partnerLinkType>
</wsdl:definitions>]]></con:content><con:type>http://schemas.xmlsoap.org/wsdl/</con:type></con:part><con:part><con:url>http://192.168.1.209:8192/provider-enum-http-consumer/TypeDef_testproviderenum.test.jbi4corba.imolinfo.it.xsd</con:url><con:content><![CDATA[<xs:schema attributeFormDefault="unqualified" elementFormDefault="unqualified" targetNamespace="http://testproviderenum.test.jbi4corba.imolinfo.it/" xmlns:xs="http://www.w3.org/2001/XMLSchema" xmlns="http://testproviderenum.test.jbi4corba.imolinfo.it/">
  <xs:simpleType name="echoComplexEnum">
    <xs:restriction base="xs:string">
      <xs:enumeration value="E1"/>
      <xs:enumeration value="E2"/>
      <xs:enumeration value="E3"/>
    </xs:restriction>
  </xs:simpleType>
</xs:schema>]]></con:content><con:type>http://www.w3.org/2001/XMLSchema</con:type></con:part></con:definitionCache><con:endpoints><con:endpoint>http://localhost:8192/Service/test-provider-enum/</con:endpoint><con:endpoint>http://localhost:8192/Service/test-provider-enum/</con:endpoint><con:endpoint>http://192.168.1.209:8192/Service/test-provider-enum/</con:endpoint></con:endpoints><con:operation isOneWay="false" action="" name="echoEnum" bindingOperationName="echoEnum" inputName="echoEnum" outputName="echoEnumResponse" receivesAttachments="false" sendsAttachments="false" type="Request-Response" anonymous="optional"><con:settings/><con:call name="Request 1"><con:settings/><con:encoding>UTF-8</con:encoding><con:endpoint>http://192.168.1.209:8192/Service/test-provider-enum/</con:endpoint><con:request><![CDATA[<soapenv:Envelope xmlns:soapenv="http://schemas.xmlsoap.org/soap/envelope/" xmlns:it="http://it.imolinfo.jbi4corba.test.testproviderenum.EchoEnum" xmlns:test="http://it.imolinfo.jbi4corba.test.testproviderenum.EchoEnum">
   <soapenv:Header/>
   <soapenv:Body>
      <it:echoEnum>
         <!--Optional:-->
         <it:e>E1</it:e>
      </it:echoEnum>
   </soapenv:Body>
</soapenv:Envelope>]]></con:request><con:wsaConfig mustUnderstand="NONE" version="200508"/><con:wsrmConfig version="1.2"/></con:call></con:operation></con:interface><con:testSuite name="testsuite-provider-enum"><con:settings/><con:runType>SEQUENTIAL</con:runType><con:testCase failOnError="true" failTestCaseOnErrors="true" keepSession="false" name="EchoEnumCorbaBinding TestSuite" searchProperties="true" maxResults="0" id="7eb34b24-e781-4101-9384-b75ae7c49a68"><con:settings/><con:testStep type="request" name="echoEnum - E1"><con:settings/><con:config xsi:type="con:RequestStep" xmlns:xsi="http://www.w3.org/2001/XMLSchema-instance"><con:interface>EchoEnumCorbaBinding</con:interface><con:operation>echoEnum</con:operation><con:request name="echoEnum - E1" wssPasswordType=""><con:settings><con:setting id="com.eviware.soapui.impl.wsdl.WsdlRequest@request-headers">&lt;xml-fragment/></con:setting></con:settings><con:encoding>UTF-8</con:encoding><con:endpoint>http://localhost:8192/Service/test-provider-enum/</con:endpoint><con:request><![CDATA[<soapenv:Envelope xmlns:soapenv="http://schemas.xmlsoap.org/soap/envelope/" xmlns:it="http://it.imolinfo.jbi4corba.test.testproviderenum.EchoEnum" xmlns:test="http://it.imolinfo.jbi4corba.test.testproviderenum.EchoEnum">
   <soapenv:Header/>
   <soapenv:Body>
      <it:echoEnum>
         <!--Optional:-->
         <it:e>E1</it:e>
      </it:echoEnum>
   </soapenv:Body>
</soapenv:Envelope>]]></con:request><con:assertion type="SOAP Response"/><con:assertion type="Schema Compliance"><con:configuration/></con:assertion><con:assertion type="SOAP Fault Assertion"/><con:wsaConfig mustUnderstand="NONE" version="200508"/><con:wsrmConfig version="1.2"/></con:request></con:config></con:testStep><con:testStep type="request" name="echoEnum - E2"><con:settings/><con:config xsi:type="con:RequestStep" xmlns:xsi="http://www.w3.org/2001/XMLSchema-instance"><con:interface>EchoEnumCorbaBinding</con:interface><con:operation>echoEnum</con:operation><con:request name="echoEnum - E2" wssPasswordType=""><con:settings><con:setting id="com.eviware.soapui.impl.wsdl.WsdlRequest@request-headers">&lt;xml-fragment/></con:setting></con:settings><con:encoding>UTF-8</con:encoding><con:endpoint>http://localhost:8192/Service/test-provider-enum/</con:endpoint><con:request><![CDATA[<soapenv:Envelope xmlns:soapenv="http://schemas.xmlsoap.org/soap/envelope/" xmlns:it="http://it.imolinfo.jbi4corba.test.testproviderenum.EchoEnum" xmlns:test="http://it.imolinfo.jbi4corba.test.testproviderenum.EchoEnum">
   <soapenv:Header/>
   <soapenv:Body>
      <it:echoEnum>
         <!--Optional:-->
         <it:e>E2</it:e>
      </it:echoEnum>
   </soapenv:Body>
</soapenv:Envelope>]]></con:request><con:assertion type="SOAP Response"/><con:assertion type="Schema Compliance"><con:configuration/></con:assertion><con:assertion type="SOAP Fault Assertion"/><con:wsaConfig mustUnderstand="NONE" version="200508"/><con:wsrmConfig version="1.2"/></con:request></con:config></con:testStep><con:testStep type="request" name="echoEnum - E3"><con:settings/><con:config xsi:type="con:RequestStep" xmlns:xsi="http://www.w3.org/2001/XMLSchema-instance"><con:interface>EchoEnumCorbaBinding</con:interface><con:operation>echoEnum</con:operation><con:request name="echoEnum - E3" wssPasswordType=""><con:settings><con:setting id="com.eviware.soapui.impl.wsdl.WsdlRequest@request-headers">&lt;xml-fragment/></con:setting></con:settings><con:encoding>UTF-8</con:encoding><con:endpoint>http://localhost:8192/Service/test-provider-enum/</con:endpoint><con:request><![CDATA[<soapenv:Envelope xmlns:soapenv="http://schemas.xmlsoap.org/soap/envelope/" xmlns:it="http://it.imolinfo.jbi4corba.test.testproviderenum.EchoEnum" xmlns:test="urn:jbi4corba/test-provider-enum">
   <soapenv:Header/>
   <soapenv:Body>
      <it:echoEnum>
         <!--Optional:-->
         <it:e>E3</it:e>
      </it:echoEnum>
   </soapenv:Body>
</soapenv:Envelope>]]></con:request><con:assertion type="SOAP Response"/><con:assertion type="Schema Compliance"><con:configuration/></con:assertion><con:assertion type="SOAP Fault Assertion"/><con:wsaConfig mustUnderstand="NONE" version="200508"/><con:wsrmConfig version="1.2"/></con:request></con:config></con:testStep><con:testStep type="request" name="echoEnum - NotFound"><con:settings/><con:config xsi:type="con:RequestStep" xmlns:xsi="http://www.w3.org/2001/XMLSchema-instance"><con:interface>EchoEnumCorbaBinding</con:interface><con:operation>echoEnum</con:operation><con:request name="echoEnum - NotFound" wssPasswordType=""><con:settings><con:setting id="com.eviware.soapui.impl.wsdl.WsdlRequest@request-headers">&lt;xml-fragment/></con:setting></con:settings><con:encoding>UTF-8</con:encoding><con:endpoint>http://localhost:8192/Service/test-provider-enum/</con:endpoint><con:request><![CDATA[<soapenv:Envelope xmlns:soapenv="http://schemas.xmlsoap.org/soap/envelope/" xmlns:it="http://it.imolinfo.jbi4corba.test.testproviderenum.EchoEnum" xmlns:test="urn:jbi4corba/test-provider-enum">
   <soapenv:Header/>
   <soapenv:Body>
      <it:echoEnum>
         <!--Optional:-->
         <it:e>E4</it:e>
      </it:echoEnum>
   </soapenv:Body>
</soapenv:Envelope>]]></con:request><con:assertion type="SOAP Response" disabled="true"/><con:assertion type="Schema Compliance" disabled="true"><con:configuration/></con:assertion><con:assertion type="Not SOAP Fault Assertion" disabled="true"/><con:assertion type="Simple Contains"><con:configuration><token>NullPointerException</token><ignoreCase>false</ignoreCase><useRegEx>false</useRegEx></con:configuration></con:assertion><con:wsaConfig mustUnderstand="NONE" version="200508"/><con:wsrmConfig version="1.2"/></con:request></con:config></con:testStep><con:properties/></con:testCase><con:properties/></con:testSuite><con:properties/><con:wssContainer/></con:soapui-project>