<?xml version="1.0" encoding="UTF-8"?>
<con:soapui-project name="test-consumer-fromidl-complex-pragma-prefix" resourceRoot="${projectDir}" soapui-version="2.5" xmlns:con="http://eviware.com/soapui/config"><con:settings><con:setting id="ProjectSettings@projectRoot">/home/raffaele/lavoro/Progetti/nokia/progetto/pragma_prefix/open-jbi-components/contrib-imola/corba-bc/integration-test/test-consumer-fromidl-complex-pragma-prefix/consumer-fromidl-complex-pragma-prefix-integration-test/src/test/etc/soapui</con:setting></con:settings><con:interface xsi:type="con:WsdlInterface" wsaVersion="NONE" name="EchoComplexPragmaPrefixCorbaBinding" type="wsdl" bindingName="{http://it.imolinfo.jbi4corba.test.testprovidercomplex.EchoComplexPragmaPrefix}EchoComplexPragmaPrefixCorbaBinding" soapVersion="1_1" anonymous="optional" definition="http://localhost:8192/Service/test-consumer-fromidl-complex-pragma-prefix/?wsdl" xmlns:xsi="http://www.w3.org/2001/XMLSchema-instance"><con:settings/><con:definitionCache type="TEXT" rootPart="http://localhost:8192/Service/test-consumer-fromidl-complex-pragma-prefix/?wsdl"><con:part><con:url>http://localhost:8192/Service/test-consumer-fromidl-complex-pragma-prefix/?wsdl</con:url><con:content><![CDATA[<wsdl:definitions name="EchoComplexPragmaPrefix" targetNamespace="http://it.imolinfo.jbi4corba.test.testprovidercomplex.EchoComplexPragmaPrefix" xmlns:plnk="http://docs.oasis-open.org/wsbpel/2.0/plnktype" xmlns:wsdl="http://schemas.xmlsoap.org/wsdl/" xmlns:tns="http://it.imolinfo.jbi4corba.test.testprovidercomplex.EchoComplexPragmaPrefix" xmlns:xsd="http://www.w3.org/2001/XMLSchema" xmlns:soap="http://schemas.xmlsoap.org/wsdl/soap/">
  <wsdl:types>
    <xs:schema attributeFormDefault="unqualified" elementFormDefault="qualified" targetNamespace="http://it.imolinfo.jbi4corba.test.testprovidercomplex.EchoComplexPragmaPrefix" xmlns="http://it.imolinfo.jbi4corba.test.testprovidercomplex.EchoComplexPragmaPrefix" xmlns:ns1="http://testprovidercomplex.test.jbi4corba.imolinfo.it/" xmlns:xs="http://www.w3.org/2001/XMLSchema">
      <xs:import namespace="http://testprovidercomplex.test.jbi4corba.imolinfo.it/" schemaLocation="http://raffaele:8192/consumer-fromidl-complex-pragma-prefix-http-consumer/TypeDef_testprovidercomplex.test.jbi4corba.imolinfo.it.xsd"/>
      <xs:element name="echo">
        <xs:complexType>
          <xs:sequence>
            <xs:element name="msg" type="xs:string"/>
          </xs:sequence>
        </xs:complexType>
      </xs:element>
      <xs:element name="echoExceptionNotThrown">
        <xs:complexType>
          <xs:sequence>
            <xs:element name="es" type="ns1:echoStruct"/>
          </xs:sequence>
        </xs:complexType>
      </xs:element>
      <xs:element name="echoExceptionNotThrownResponse">
        <xs:complexType>
          <xs:sequence>
            <xs:element name="return" type="ns1:echoStruct"/>
          </xs:sequence>
        </xs:complexType>
      </xs:element>
      <xs:element name="echoExceptionThrown">
        <xs:complexType>
          <xs:sequence>
            <xs:element name="es" type="ns1:echoStruct"/>
          </xs:sequence>
        </xs:complexType>
      </xs:element>
      <xs:element name="echoExceptionThrownResponse">
        <xs:complexType>
          <xs:sequence>
            <xs:element name="return" type="ns1:echoStruct"/>
          </xs:sequence>
        </xs:complexType>
      </xs:element>
      <xs:element name="echoResponse">
        <xs:complexType>
          <xs:sequence>
            <xs:element name="return" type="xs:string"/>
          </xs:sequence>
        </xs:complexType>
      </xs:element>
      <xs:element name="echoSequence">
        <xs:complexType>
          <xs:sequence>
            <xs:element maxOccurs="unbounded" name="es" type="xs:int"/>
          </xs:sequence>
        </xs:complexType>
      </xs:element>
      <xs:element name="echoSequenceResponse">
        <xs:complexType>
          <xs:sequence>
            <xs:element maxOccurs="unbounded" name="return" type="xs:int"/>
          </xs:sequence>
        </xs:complexType>
      </xs:element>
      <xs:element name="echoSequenceSeqEchoStruct">
        <xs:complexType>
          <xs:sequence>
            <xs:element maxOccurs="unbounded" name="es" type="ns1:echoStruct"/>
          </xs:sequence>
        </xs:complexType>
      </xs:element>
      <xs:element name="echoSequenceSeqEchoStructResponse">
        <xs:complexType>
          <xs:sequence>
            <xs:element maxOccurs="unbounded" name="return" type="ns1:echoStruct"/>
          </xs:sequence>
        </xs:complexType>
      </xs:element>
      <xs:element name="echoSequenceSeqMySequence">
        <xs:complexType>
          <xs:sequence>
            <xs:element maxOccurs="unbounded" name="es" type="ns1:mySequence"/>
          </xs:sequence>
        </xs:complexType>
      </xs:element>
      <xs:element name="echoSequenceSeqMySequenceResponse">
        <xs:complexType>
          <xs:sequence>
            <xs:element maxOccurs="unbounded" name="return" type="ns1:mySequence"/>
          </xs:sequence>
        </xs:complexType>
      </xs:element>
      <xs:element name="echoSequenceValueType">
        <xs:complexType>
          <xs:sequence>
            <xs:element name="es" type="ns1:mySequence"/>
          </xs:sequence>
        </xs:complexType>
      </xs:element>
      <xs:element name="echoSequenceValueTypeResponse">
        <xs:complexType>
          <xs:sequence>
            <xs:element name="return" type="ns1:mySequence"/>
          </xs:sequence>
        </xs:complexType>
      </xs:element>
      <xs:element name="echoStruct">
        <xs:complexType>
          <xs:sequence>
            <xs:element name="es" type="ns1:echoStruct"/>
          </xs:sequence>
        </xs:complexType>
      </xs:element>
      <xs:element name="echoStructOfStruct">
        <xs:complexType>
          <xs:sequence>
            <xs:element name="v" type="ns1:structOfStruct"/>
          </xs:sequence>
        </xs:complexType>
      </xs:element>
      <xs:element name="echoStructOfStructResponse">
        <xs:complexType>
          <xs:sequence>
            <xs:element name="return" type="ns1:structOfStruct"/>
          </xs:sequence>
        </xs:complexType>
      </xs:element>
      <xs:element name="echoStructOfValuetype">
        <xs:complexType>
          <xs:sequence>
            <xs:element name="v" type="ns1:structOfValuetype"/>
          </xs:sequence>
        </xs:complexType>
      </xs:element>
      <xs:element name="echoStructOfValuetypeResponse">
        <xs:complexType>
          <xs:sequence>
            <xs:element name="return" type="ns1:structOfValuetype"/>
          </xs:sequence>
        </xs:complexType>
      </xs:element>
      <xs:element name="echoStructResponse">
        <xs:complexType>
          <xs:sequence>
            <xs:element name="return" type="ns1:echoStruct"/>
          </xs:sequence>
        </xs:complexType>
      </xs:element>
      <xs:element name="echoVTPrimi">
        <xs:complexType>
          <xs:sequence>
            <xs:element name="v" type="ns1:vtPrimi"/>
          </xs:sequence>
        </xs:complexType>
      </xs:element>
      <xs:element name="echoVTPrimiResponse">
        <xs:complexType>
          <xs:sequence>
            <xs:element name="return" type="ns1:vtPrimi"/>
          </xs:sequence>
        </xs:complexType>
      </xs:element>
      <xs:element name="echoVTPrimiSeq">
        <xs:complexType>
          <xs:sequence>
            <xs:element name="v" type="ns1:vtPrimiSeq"/>
          </xs:sequence>
        </xs:complexType>
      </xs:element>
      <xs:element name="echoVTPrimiSeqResponse">
        <xs:complexType>
          <xs:sequence>
            <xs:element name="return" type="ns1:vtPrimiSeq"/>
          </xs:sequence>
        </xs:complexType>
      </xs:element>
      <xs:element name="echoValueBoxedTypeComplex">
        <xs:complexType>
          <xs:sequence>
            <xs:element name="e" type="ns1:mySequence"/>
          </xs:sequence>
        </xs:complexType>
      </xs:element>
      <xs:element name="echoValueBoxedTypeComplexResponse">
        <xs:complexType>
          <xs:sequence>
            <xs:element name="return" type="ns1:mySequence"/>
          </xs:sequence>
        </xs:complexType>
      </xs:element>
      <xs:element name="echoValueBoxedTypePrimitive">
        <xs:complexType>
          <xs:sequence>
            <xs:element name="e" type="ns1:myLong"/>
          </xs:sequence>
        </xs:complexType>
      </xs:element>
      <xs:element name="echoValueBoxedTypePrimitiveResponse">
        <xs:complexType>
          <xs:sequence>
            <xs:element name="return" type="ns1:myLong"/>
          </xs:sequence>
        </xs:complexType>
      </xs:element>
      <xs:element name="echoValueType">
        <xs:complexType>
          <xs:sequence>
            <xs:element name="e" type="ns1:echoVT"/>
          </xs:sequence>
        </xs:complexType>
      </xs:element>
      <xs:element name="echoValueTypeOfStruct">
        <xs:complexType>
          <xs:sequence>
            <xs:element name="v" type="ns1:valueTypeOfStruct"/>
          </xs:sequence>
        </xs:complexType>
      </xs:element>
      <xs:element name="echoValueTypeOfStructResponse">
        <xs:complexType>
          <xs:sequence>
            <xs:element name="return" type="ns1:valueTypeOfStruct"/>
          </xs:sequence>
        </xs:complexType>
      </xs:element>
      <xs:element name="echoValueTypeOfValueType">
        <xs:complexType>
          <xs:sequence>
            <xs:element name="v" type="ns1:valueTypeOfValueType"/>
          </xs:sequence>
        </xs:complexType>
      </xs:element>
      <xs:element name="echoValueTypeOfValueTypeResponse">
        <xs:complexType>
          <xs:sequence>
            <xs:element name="return" type="ns1:valueTypeOfValueType"/>
          </xs:sequence>
        </xs:complexType>
      </xs:element>
      <xs:element name="echoValueTypeResponse">
        <xs:complexType>
          <xs:sequence>
            <xs:element name="return" type="ns1:echoVT"/>
          </xs:sequence>
        </xs:complexType>
      </xs:element>
      <xs:element name="EchoComplexException" type="EchoComplexException"/>
      <xs:complexType name="EchoComplexException">
        <xs:sequence>
          <xs:element maxOccurs="unbounded" minOccurs="0" name="reason" type="ns1:echoStruct"/>
        </xs:sequence>
      </xs:complexType>
    </xs:schema>
  </wsdl:types>
  <wsdl:message name="echoStructOfStructResponse">
    <wsdl:part name="parameters" element="tns:echoStructOfStructResponse"></wsdl:part>
  </wsdl:message>
  <wsdl:message name="echoValueTypeResponse">
    <wsdl:part name="parameters" element="tns:echoValueTypeResponse"></wsdl:part>
  </wsdl:message>
  <wsdl:message name="echoExceptionThrown">
    <wsdl:part name="parameters" element="tns:echoExceptionThrown"></wsdl:part>
  </wsdl:message>
  <wsdl:message name="echoStructOfValuetypeResponse">
    <wsdl:part name="parameters" element="tns:echoStructOfValuetypeResponse"></wsdl:part>
  </wsdl:message>
  <wsdl:message name="EchoComplexException">
    <wsdl:part name="EchoComplexException" element="tns:EchoComplexException"></wsdl:part>
  </wsdl:message>
  <wsdl:message name="echoSequenceValueTypeResponse">
    <wsdl:part name="parameters" element="tns:echoSequenceValueTypeResponse"></wsdl:part>
  </wsdl:message>
  <wsdl:message name="echoSequenceValueType">
    <wsdl:part name="parameters" element="tns:echoSequenceValueType"></wsdl:part>
  </wsdl:message>
  <wsdl:message name="echoValueBoxedTypePrimitive">
    <wsdl:part name="parameters" element="tns:echoValueBoxedTypePrimitive"></wsdl:part>
  </wsdl:message>
  <wsdl:message name="echoExceptionThrownResponse">
    <wsdl:part name="parameters" element="tns:echoExceptionThrownResponse"></wsdl:part>
  </wsdl:message>
  <wsdl:message name="echoStructResponse">
    <wsdl:part name="parameters" element="tns:echoStructResponse"></wsdl:part>
  </wsdl:message>
  <wsdl:message name="echoVTPrimiResponse">
    <wsdl:part name="parameters" element="tns:echoVTPrimiResponse"></wsdl:part>
  </wsdl:message>
  <wsdl:message name="echo">
    <wsdl:part name="parameters" element="tns:echo"></wsdl:part>
  </wsdl:message>
  <wsdl:message name="echoSequenceSeqMySequenceResponse">
    <wsdl:part name="parameters" element="tns:echoSequenceSeqMySequenceResponse"></wsdl:part>
  </wsdl:message>
  <wsdl:message name="echoValueTypeOfValueType">
    <wsdl:part name="parameters" element="tns:echoValueTypeOfValueType"></wsdl:part>
  </wsdl:message>
  <wsdl:message name="echoExceptionNotThrown">
    <wsdl:part name="parameters" element="tns:echoExceptionNotThrown"></wsdl:part>
  </wsdl:message>
  <wsdl:message name="echoValueTypeOfValueTypeResponse">
    <wsdl:part name="parameters" element="tns:echoValueTypeOfValueTypeResponse"></wsdl:part>
  </wsdl:message>
  <wsdl:message name="echoValueBoxedTypeComplex">
    <wsdl:part name="parameters" element="tns:echoValueBoxedTypeComplex"></wsdl:part>
  </wsdl:message>
  <wsdl:message name="echoValueTypeOfStruct">
    <wsdl:part name="parameters" element="tns:echoValueTypeOfStruct"></wsdl:part>
  </wsdl:message>
  <wsdl:message name="echoValueBoxedTypeComplexResponse">
    <wsdl:part name="parameters" element="tns:echoValueBoxedTypeComplexResponse"></wsdl:part>
  </wsdl:message>
  <wsdl:message name="echoSequenceResponse">
    <wsdl:part name="parameters" element="tns:echoSequenceResponse"></wsdl:part>
  </wsdl:message>
  <wsdl:message name="echoStruct">
    <wsdl:part name="parameters" element="tns:echoStruct"></wsdl:part>
  </wsdl:message>
  <wsdl:message name="echoVTPrimiSeq">
    <wsdl:part name="parameters" element="tns:echoVTPrimiSeq"></wsdl:part>
  </wsdl:message>
  <wsdl:message name="echoValueBoxedTypePrimitiveResponse">
    <wsdl:part name="parameters" element="tns:echoValueBoxedTypePrimitiveResponse"></wsdl:part>
  </wsdl:message>
  <wsdl:message name="echoVTPrimi">
    <wsdl:part name="parameters" element="tns:echoVTPrimi"></wsdl:part>
  </wsdl:message>
  <wsdl:message name="echoResponse">
    <wsdl:part name="parameters" element="tns:echoResponse"></wsdl:part>
  </wsdl:message>
  <wsdl:message name="echoValueType">
    <wsdl:part name="parameters" element="tns:echoValueType"></wsdl:part>
  </wsdl:message>
  <wsdl:message name="echoValueTypeOfStructResponse">
    <wsdl:part name="parameters" element="tns:echoValueTypeOfStructResponse"></wsdl:part>
  </wsdl:message>
  <wsdl:message name="echoSequenceSeqMySequence">
    <wsdl:part name="parameters" element="tns:echoSequenceSeqMySequence"></wsdl:part>
  </wsdl:message>
  <wsdl:message name="echoSequence">
    <wsdl:part name="parameters" element="tns:echoSequence"></wsdl:part>
  </wsdl:message>
  <wsdl:message name="echoSequenceSeqEchoStructResponse">
    <wsdl:part name="parameters" element="tns:echoSequenceSeqEchoStructResponse"></wsdl:part>
  </wsdl:message>
  <wsdl:message name="echoSequenceSeqEchoStruct">
    <wsdl:part name="parameters" element="tns:echoSequenceSeqEchoStruct"></wsdl:part>
  </wsdl:message>
  <wsdl:message name="echoExceptionNotThrownResponse">
    <wsdl:part name="parameters" element="tns:echoExceptionNotThrownResponse"></wsdl:part>
  </wsdl:message>
  <wsdl:message name="echoStructOfStruct">
    <wsdl:part name="parameters" element="tns:echoStructOfStruct"></wsdl:part>
  </wsdl:message>
  <wsdl:message name="echoStructOfValuetype">
    <wsdl:part name="parameters" element="tns:echoStructOfValuetype"></wsdl:part>
  </wsdl:message>
  <wsdl:message name="echoVTPrimiSeqResponse">
    <wsdl:part name="parameters" element="tns:echoVTPrimiSeqResponse"></wsdl:part>
  </wsdl:message>
  <wsdl:portType name="EchoComplexPragmaPrefix">
    <wsdl:operation name="echo">
      <wsdl:input name="echo" message="tns:echo"></wsdl:input>
      <wsdl:output name="echoResponse" message="tns:echoResponse"></wsdl:output>
    </wsdl:operation>
    <wsdl:operation name="echoValueTypeOfStruct">
      <wsdl:input name="echoValueTypeOfStruct" message="tns:echoValueTypeOfStruct"></wsdl:input>
      <wsdl:output name="echoValueTypeOfStructResponse" message="tns:echoValueTypeOfStructResponse"></wsdl:output>
    </wsdl:operation>
    <wsdl:operation name="echoExceptionNotThrown">
      <wsdl:input name="echoExceptionNotThrown" message="tns:echoExceptionNotThrown"></wsdl:input>
      <wsdl:output name="echoExceptionNotThrownResponse" message="tns:echoExceptionNotThrownResponse"></wsdl:output>
      <wsdl:fault name="EchoComplexException" message="tns:EchoComplexException"></wsdl:fault>
    </wsdl:operation>
    <wsdl:operation name="echoValueBoxedTypePrimitive">
      <wsdl:input name="echoValueBoxedTypePrimitive" message="tns:echoValueBoxedTypePrimitive"></wsdl:input>
      <wsdl:output name="echoValueBoxedTypePrimitiveResponse" message="tns:echoValueBoxedTypePrimitiveResponse"></wsdl:output>
    </wsdl:operation>
    <wsdl:operation name="echoSequenceSeqEchoStruct">
      <wsdl:input name="echoSequenceSeqEchoStruct" message="tns:echoSequenceSeqEchoStruct"></wsdl:input>
      <wsdl:output name="echoSequenceSeqEchoStructResponse" message="tns:echoSequenceSeqEchoStructResponse"></wsdl:output>
    </wsdl:operation>
    <wsdl:operation name="echoValueTypeOfValueType">
      <wsdl:input name="echoValueTypeOfValueType" message="tns:echoValueTypeOfValueType"></wsdl:input>
      <wsdl:output name="echoValueTypeOfValueTypeResponse" message="tns:echoValueTypeOfValueTypeResponse"></wsdl:output>
    </wsdl:operation>
    <wsdl:operation name="echoVTPrimi">
      <wsdl:input name="echoVTPrimi" message="tns:echoVTPrimi"></wsdl:input>
      <wsdl:output name="echoVTPrimiResponse" message="tns:echoVTPrimiResponse"></wsdl:output>
    </wsdl:operation>
    <wsdl:operation name="echoStructOfStruct">
      <wsdl:input name="echoStructOfStruct" message="tns:echoStructOfStruct"></wsdl:input>
      <wsdl:output name="echoStructOfStructResponse" message="tns:echoStructOfStructResponse"></wsdl:output>
    </wsdl:operation>
    <wsdl:operation name="echoValueType">
      <wsdl:input name="echoValueType" message="tns:echoValueType"></wsdl:input>
      <wsdl:output name="echoValueTypeResponse" message="tns:echoValueTypeResponse"></wsdl:output>
    </wsdl:operation>
    <wsdl:operation name="echoSequence">
      <wsdl:input name="echoSequence" message="tns:echoSequence"></wsdl:input>
      <wsdl:output name="echoSequenceResponse" message="tns:echoSequenceResponse"></wsdl:output>
    </wsdl:operation>
    <wsdl:operation name="echoValueBoxedTypeComplex">
      <wsdl:input name="echoValueBoxedTypeComplex" message="tns:echoValueBoxedTypeComplex"></wsdl:input>
      <wsdl:output name="echoValueBoxedTypeComplexResponse" message="tns:echoValueBoxedTypeComplexResponse"></wsdl:output>
    </wsdl:operation>
    <wsdl:operation name="echoStruct">
      <wsdl:input name="echoStruct" message="tns:echoStruct"></wsdl:input>
      <wsdl:output name="echoStructResponse" message="tns:echoStructResponse"></wsdl:output>
    </wsdl:operation>
    <wsdl:operation name="echoSequenceValueType">
      <wsdl:input name="echoSequenceValueType" message="tns:echoSequenceValueType"></wsdl:input>
      <wsdl:output name="echoSequenceValueTypeResponse" message="tns:echoSequenceValueTypeResponse"></wsdl:output>
    </wsdl:operation>
    <wsdl:operation name="echoStructOfValuetype">
      <wsdl:input name="echoStructOfValuetype" message="tns:echoStructOfValuetype"></wsdl:input>
      <wsdl:output name="echoStructOfValuetypeResponse" message="tns:echoStructOfValuetypeResponse"></wsdl:output>
    </wsdl:operation>
    <wsdl:operation name="echoExceptionThrown">
      <wsdl:input name="echoExceptionThrown" message="tns:echoExceptionThrown"></wsdl:input>
      <wsdl:output name="echoExceptionThrownResponse" message="tns:echoExceptionThrownResponse"></wsdl:output>
      <wsdl:fault name="EchoComplexException" message="tns:EchoComplexException"></wsdl:fault>
    </wsdl:operation>
    <wsdl:operation name="echoVTPrimiSeq">
      <wsdl:input name="echoVTPrimiSeq" message="tns:echoVTPrimiSeq"></wsdl:input>
      <wsdl:output name="echoVTPrimiSeqResponse" message="tns:echoVTPrimiSeqResponse"></wsdl:output>
    </wsdl:operation>
    <wsdl:operation name="echoSequenceSeqMySequence">
      <wsdl:input name="echoSequenceSeqMySequence" message="tns:echoSequenceSeqMySequence"></wsdl:input>
      <wsdl:output name="echoSequenceSeqMySequenceResponse" message="tns:echoSequenceSeqMySequenceResponse"></wsdl:output>
    </wsdl:operation>
  </wsdl:portType>
  <wsdl:binding name="EchoComplexPragmaPrefixCorbaBinding" type="tns:EchoComplexPragmaPrefix">
    <soap:binding style="document" transport="http://schemas.xmlsoap.org/soap/http"/>
    <wsdl:operation name="echo">
      <soap:operation/>
      <wsdl:input name="echo">
        <soap:body use="literal"/>
      </wsdl:input>
      <wsdl:output name="echoResponse">
        <soap:body use="literal"/>
      </wsdl:output>
    </wsdl:operation>
    <wsdl:operation name="echoValueTypeOfStruct">
      <soap:operation/>
      <wsdl:input name="echoValueTypeOfStruct">
        <soap:body use="literal"/>
      </wsdl:input>
      <wsdl:output name="echoValueTypeOfStructResponse">
        <soap:body use="literal"/>
      </wsdl:output>
    </wsdl:operation>
    <wsdl:operation name="echoExceptionNotThrown">
      <soap:operation/>
      <wsdl:input name="echoExceptionNotThrown">
        <soap:body use="literal"/>
      </wsdl:input>
      <wsdl:output name="echoExceptionNotThrownResponse">
        <soap:body use="literal"/>
      </wsdl:output>
      <wsdl:fault name="EchoComplexException">
        <soap:fault name="EchoComplexException" use="literal"/>
      </wsdl:fault>
    </wsdl:operation>
    <wsdl:operation name="echoValueBoxedTypePrimitive">
      <soap:operation/>
      <wsdl:input name="echoValueBoxedTypePrimitive">
        <soap:body use="literal"/>
      </wsdl:input>
      <wsdl:output name="echoValueBoxedTypePrimitiveResponse">
        <soap:body use="literal"/>
      </wsdl:output>
    </wsdl:operation>
    <wsdl:operation name="echoSequenceSeqEchoStruct">
      <soap:operation/>
      <wsdl:input name="echoSequenceSeqEchoStruct">
        <soap:body use="literal"/>
      </wsdl:input>
      <wsdl:output name="echoSequenceSeqEchoStructResponse">
        <soap:body use="literal"/>
      </wsdl:output>
    </wsdl:operation>
    <wsdl:operation name="echoValueTypeOfValueType">
      <soap:operation/>
      <wsdl:input name="echoValueTypeOfValueType">
        <soap:body use="literal"/>
      </wsdl:input>
      <wsdl:output name="echoValueTypeOfValueTypeResponse">
        <soap:body use="literal"/>
      </wsdl:output>
    </wsdl:operation>
    <wsdl:operation name="echoVTPrimi">
      <soap:operation/>
      <wsdl:input name="echoVTPrimi">
        <soap:body use="literal"/>
      </wsdl:input>
      <wsdl:output name="echoVTPrimiResponse">
        <soap:body use="literal"/>
      </wsdl:output>
    </wsdl:operation>
    <wsdl:operation name="echoStructOfStruct">
      <soap:operation/>
      <wsdl:input name="echoStructOfStruct">
        <soap:body use="literal"/>
      </wsdl:input>
      <wsdl:output name="echoStructOfStructResponse">
        <soap:body use="literal"/>
      </wsdl:output>
    </wsdl:operation>
    <wsdl:operation name="echoValueType">
      <soap:operation/>
      <wsdl:input name="echoValueType">
        <soap:body use="literal"/>
      </wsdl:input>
      <wsdl:output name="echoValueTypeResponse">
        <soap:body use="literal"/>
      </wsdl:output>
    </wsdl:operation>
    <wsdl:operation name="echoSequence">
      <soap:operation/>
      <wsdl:input name="echoSequence">
        <soap:body use="literal"/>
      </wsdl:input>
      <wsdl:output name="echoSequenceResponse">
        <soap:body use="literal"/>
      </wsdl:output>
    </wsdl:operation>
    <wsdl:operation name="echoValueBoxedTypeComplex">
      <soap:operation/>
      <wsdl:input name="echoValueBoxedTypeComplex">
        <soap:body use="literal"/>
      </wsdl:input>
      <wsdl:output name="echoValueBoxedTypeComplexResponse">
        <soap:body use="literal"/>
      </wsdl:output>
    </wsdl:operation>
    <wsdl:operation name="echoStruct">
      <soap:operation/>
      <wsdl:input name="echoStruct">
        <soap:body use="literal"/>
      </wsdl:input>
      <wsdl:output name="echoStructResponse">
        <soap:body use="literal"/>
      </wsdl:output>
    </wsdl:operation>
    <wsdl:operation name="echoSequenceValueType">
      <soap:operation/>
      <wsdl:input name="echoSequenceValueType">
        <soap:body use="literal"/>
      </wsdl:input>
      <wsdl:output name="echoSequenceValueTypeResponse">
        <soap:body use="literal"/>
      </wsdl:output>
    </wsdl:operation>
    <wsdl:operation name="echoStructOfValuetype">
      <soap:operation/>
      <wsdl:input name="echoStructOfValuetype">
        <soap:body use="literal"/>
      </wsdl:input>
      <wsdl:output name="echoStructOfValuetypeResponse">
        <soap:body use="literal"/>
      </wsdl:output>
    </wsdl:operation>
    <wsdl:operation name="echoExceptionThrown">
      <soap:operation/>
      <wsdl:input name="echoExceptionThrown">
        <soap:body use="literal"/>
      </wsdl:input>
      <wsdl:output name="echoExceptionThrownResponse">
        <soap:body use="literal"/>
      </wsdl:output>
      <wsdl:fault name="EchoComplexException">
        <soap:fault name="EchoComplexException" use="literal"/>
      </wsdl:fault>
    </wsdl:operation>
    <wsdl:operation name="echoVTPrimiSeq">
      <soap:operation/>
      <wsdl:input name="echoVTPrimiSeq">
        <soap:body use="literal"/>
      </wsdl:input>
      <wsdl:output name="echoVTPrimiSeqResponse">
        <soap:body use="literal"/>
      </wsdl:output>
    </wsdl:operation>
    <wsdl:operation name="echoSequenceSeqMySequence">
      <soap:operation/>
      <wsdl:input name="echoSequenceSeqMySequence">
        <soap:body use="literal"/>
      </wsdl:input>
      <wsdl:output name="echoSequenceSeqMySequenceResponse">
        <soap:body use="literal"/>
      </wsdl:output>
    </wsdl:operation>
  </wsdl:binding>
  <wsdl:service name="EchoComplexPragmaPrefix">
    <wsdl:port name="EchoComplexPragmaPrefixCorbaPort" binding="tns:EchoComplexPragmaPrefixCorbaBinding">
      <soap:address location="http://raffaele:8192/Service/test-consumer-fromidl-complex-pragma-prefix/"/>
    </wsdl:port>
  </wsdl:service>
  <plnk:partnerLinkType name="EchoComplexPragmaPrefix">
    <plnk:role name="EchoComplexPragmaPrefixPortTypeRole" portType="tns:EchoComplexPragmaPrefix"/>
  </plnk:partnerLinkType>
</wsdl:definitions>]]></con:content><con:type>http://schemas.xmlsoap.org/wsdl/</con:type></con:part><con:part><con:url>http://raffaele:8192/consumer-fromidl-complex-pragma-prefix-http-consumer/TypeDef_testprovidercomplex.test.jbi4corba.imolinfo.it.xsd</con:url><con:content><![CDATA[<xs:schema attributeFormDefault="qualified" elementFormDefault="qualified" targetNamespace="http://testprovidercomplex.test.jbi4corba.imolinfo.it/" xmlns:xs="http://www.w3.org/2001/XMLSchema" xmlns:tns="http://testprovidercomplex.test.jbi4corba.imolinfo.it/">
  <xs:complexType name="valueTypeOfStruct">
    <xs:sequence>
      <xs:element name="data" type="tns:echoStruct"/>
    </xs:sequence>
  </xs:complexType>
  <xs:complexType name="echoStruct">
    <xs:sequence>
      <xs:element name="fieldBoolean" type="xs:boolean"/>
      <xs:element name="fieldChar" type="xs:unsignedShort"/>
      <xs:element name="fieldWChar" type="xs:unsignedShort"/>
      <xs:element name="fieldOctet" type="xs:byte"/>
      <xs:element name="fieldString" type="xs:string"/>
      <xs:element name="fieldWString" type="xs:string"/>
      <xs:element name="fieldShort" type="xs:short"/>
      <xs:element name="fieldUnsignedShort" type="xs:short"/>
      <xs:element name="fieldLong" type="xs:int"/>
      <xs:element name="fieldUnsignedLong" type="xs:int"/>
      <xs:element name="fieldLongLong" type="xs:long"/>
      <xs:element name="fieldUnsignedLongLong" type="xs:long"/>
      <xs:element name="fieldFloat" type="xs:float"/>
      <xs:element name="fieldDouble" type="xs:double"/>
    </xs:sequence>
  </xs:complexType>
  <xs:complexType name="myLong">
    <xs:sequence>
      <xs:element name="data" type="xs:int"/>
    </xs:sequence>
  </xs:complexType>
  <xs:complexType name="valueTypeOfValueType">
    <xs:sequence>
      <xs:element name="data" type="tns:vtPrimi"/>
    </xs:sequence>
  </xs:complexType>
  <xs:complexType name="vtPrimi">
    <xs:sequence>
      <xs:element name="fieldBoolean" type="xs:boolean"/>
      <xs:element name="fieldChar" type="xs:unsignedShort"/>
      <xs:element name="fieldWChar" type="xs:unsignedShort"/>
      <xs:element name="fieldOctet" type="xs:byte"/>
      <xs:element name="fieldString" type="xs:string"/>
      <xs:element name="fieldWString" type="xs:string"/>
      <xs:element name="fieldShort" type="xs:short"/>
      <xs:element name="fieldUnsignedShort" type="xs:short"/>
      <xs:element name="fieldLong" type="xs:int"/>
      <xs:element name="fieldUnsignedLong" type="xs:int"/>
      <xs:element name="fieldLongLong" type="xs:long"/>
      <xs:element name="fieldUnsignedLongLong" type="xs:long"/>
      <xs:element name="fieldFloat" type="xs:float"/>
      <xs:element name="fieldDouble" type="xs:double"/>
    </xs:sequence>
  </xs:complexType>
  <xs:complexType name="structOfStruct">
    <xs:sequence>
      <xs:element name="internalStruct" type="tns:echoStruct"/>
    </xs:sequence>
  </xs:complexType>
  <xs:complexType name="echoVT">
    <xs:sequence>
      <xs:element name="publicShort" type="xs:short"/>
      <xs:element name="privateLong" type="xs:int"/>
    </xs:sequence>
  </xs:complexType>
  <xs:complexType name="mySequence">
    <xs:sequence>
      <xs:element maxOccurs="unbounded" name="data" type="xs:int"/>
    </xs:sequence>
  </xs:complexType>
  <xs:complexType name="structOfValuetype">
    <xs:sequence>
      <xs:element name="data" type="tns:vtPrimi"/>
    </xs:sequence>
  </xs:complexType>
  <xs:complexType name="vtPrimiSeq">
    <xs:sequence>
      <xs:element maxOccurs="unbounded" name="data" type="tns:vtPrimi"/>
    </xs:sequence>
  </xs:complexType>
</xs:schema>]]></con:content><con:type>http://www.w3.org/2001/XMLSchema</con:type></con:part></con:definitionCache><con:endpoints><con:endpoint>http://raffaele:8192/Service/test-consumer-fromidl-complex-pragma-prefix/</con:endpoint></con:endpoints><con:operation isOneWay="false" action="" name="echo" bindingOperationName="echo" type="Request-Response" outputName="echoResponse" inputName="echo" receivesAttachments="false" sendsAttachments="false" anonymous="optional"><con:settings/><con:call name="Request 1"><con:settings/><con:encoding>UTF-8</con:encoding><con:endpoint>http://raffaele:8192/Service/test-consumer-fromidl-complex-pragma-prefix/</con:endpoint><con:request><![CDATA[<soapenv:Envelope xmlns:soapenv="http://schemas.xmlsoap.org/soap/envelope/" xmlns:it="http://it.imolinfo.jbi4corba.test.testprovidercomplex.EchoComplexPragmaPrefix">
   <soapenv:Header/>
   <soapenv:Body>
      <it:echo>
         <it:msg>?</it:msg>
      </it:echo>
   </soapenv:Body>
</soapenv:Envelope>]]></con:request><con:wsaConfig mustUnderstand="NONE" version="200508" action="http://it.imolinfo.jbi4corba.test.testprovidercomplex.EchoComplexPragmaPrefix/EchoComplexPragmaPrefix/echo"/></con:call></con:operation><con:operation isOneWay="false" action="" name="echoExceptionNotThrown" bindingOperationName="echoExceptionNotThrown" type="Request-Response" outputName="echoExceptionNotThrownResponse" inputName="echoExceptionNotThrown" receivesAttachments="false" sendsAttachments="false" anonymous="optional"><con:settings/><con:call name="Request 1"><con:settings/><con:encoding>UTF-8</con:encoding><con:endpoint>http://raffaele:8192/Service/test-consumer-fromidl-complex-pragma-prefix/</con:endpoint><con:request><![CDATA[<soapenv:Envelope xmlns:soapenv="http://schemas.xmlsoap.org/soap/envelope/" xmlns:it="http://it.imolinfo.jbi4corba.test.testprovidercomplex.EchoComplexPragmaPrefix" xmlns:tes="http://testprovidercomplex.test.jbi4corba.imolinfo.it/">
   <soapenv:Header/>
   <soapenv:Body>
      <it:echoExceptionNotThrown>
         <it:es>
            <tes:fieldBoolean>?</tes:fieldBoolean>
            <tes:fieldChar>?</tes:fieldChar>
            <tes:fieldWChar>?</tes:fieldWChar>
            <tes:fieldOctet>?</tes:fieldOctet>
            <tes:fieldString>?</tes:fieldString>
            <tes:fieldWString>?</tes:fieldWString>
            <tes:fieldShort>?</tes:fieldShort>
            <tes:fieldUnsignedShort>?</tes:fieldUnsignedShort>
            <tes:fieldLong>?</tes:fieldLong>
            <tes:fieldUnsignedLong>?</tes:fieldUnsignedLong>
            <tes:fieldLongLong>?</tes:fieldLongLong>
            <tes:fieldUnsignedLongLong>?</tes:fieldUnsignedLongLong>
            <tes:fieldFloat>?</tes:fieldFloat>
            <tes:fieldDouble>?</tes:fieldDouble>
         </it:es>
      </it:echoExceptionNotThrown>
   </soapenv:Body>
</soapenv:Envelope>]]></con:request><con:wsaConfig mustUnderstand="NONE" version="200508" action="http://it.imolinfo.jbi4corba.test.testprovidercomplex.EchoComplexPragmaPrefix/EchoComplexPragmaPrefix/echoExceptionNotThrown"/></con:call></con:operation><con:operation isOneWay="false" action="" name="echoExceptionThrown" bindingOperationName="echoExceptionThrown" type="Request-Response" outputName="echoExceptionThrownResponse" inputName="echoExceptionThrown" receivesAttachments="false" sendsAttachments="false" anonymous="optional"><con:settings/><con:call name="Request 1"><con:settings/><con:encoding>UTF-8</con:encoding><con:endpoint>http://raffaele:8192/Service/test-consumer-fromidl-complex-pragma-prefix/</con:endpoint><con:request><![CDATA[<soapenv:Envelope xmlns:soapenv="http://schemas.xmlsoap.org/soap/envelope/" xmlns:it="http://it.imolinfo.jbi4corba.test.testprovidercomplex.EchoComplexPragmaPrefix" xmlns:tes="http://testprovidercomplex.test.jbi4corba.imolinfo.it/">
   <soapenv:Header/>
   <soapenv:Body>
      <it:echoExceptionThrown>
         <it:es>
            <tes:fieldBoolean>?</tes:fieldBoolean>
            <tes:fieldChar>?</tes:fieldChar>
            <tes:fieldWChar>?</tes:fieldWChar>
            <tes:fieldOctet>?</tes:fieldOctet>
            <tes:fieldString>?</tes:fieldString>
            <tes:fieldWString>?</tes:fieldWString>
            <tes:fieldShort>?</tes:fieldShort>
            <tes:fieldUnsignedShort>?</tes:fieldUnsignedShort>
            <tes:fieldLong>?</tes:fieldLong>
            <tes:fieldUnsignedLong>?</tes:fieldUnsignedLong>
            <tes:fieldLongLong>?</tes:fieldLongLong>
            <tes:fieldUnsignedLongLong>?</tes:fieldUnsignedLongLong>
            <tes:fieldFloat>?</tes:fieldFloat>
            <tes:fieldDouble>?</tes:fieldDouble>
         </it:es>
      </it:echoExceptionThrown>
   </soapenv:Body>
</soapenv:Envelope>]]></con:request><con:wsaConfig mustUnderstand="NONE" version="200508" action="http://it.imolinfo.jbi4corba.test.testprovidercomplex.EchoComplexPragmaPrefix/EchoComplexPragmaPrefix/echoExceptionThrown"/></con:call></con:operation><con:operation isOneWay="false" action="" name="echoSequence" bindingOperationName="echoSequence" type="Request-Response" outputName="echoSequenceResponse" inputName="echoSequence" receivesAttachments="false" sendsAttachments="false" anonymous="optional"><con:settings/><con:call name="Request 1"><con:settings/><con:encoding>UTF-8</con:encoding><con:endpoint>http://raffaele:8192/Service/test-consumer-fromidl-complex-pragma-prefix/</con:endpoint><con:request><![CDATA[<soapenv:Envelope xmlns:soapenv="http://schemas.xmlsoap.org/soap/envelope/" xmlns:it="http://it.imolinfo.jbi4corba.test.testprovidercomplex.EchoComplexPragmaPrefix">
   <soapenv:Header/>
   <soapenv:Body>
      <it:echoSequence>
         <!--1 or more repetitions:-->
         <it:es>?</it:es>
      </it:echoSequence>
   </soapenv:Body>
</soapenv:Envelope>]]></con:request><con:wsaConfig mustUnderstand="NONE" version="200508" action="http://it.imolinfo.jbi4corba.test.testprovidercomplex.EchoComplexPragmaPrefix/EchoComplexPragmaPrefix/echoSequence"/></con:call></con:operation><con:operation isOneWay="false" action="" name="echoSequenceSeqEchoStruct" bindingOperationName="echoSequenceSeqEchoStruct" type="Request-Response" outputName="echoSequenceSeqEchoStructResponse" inputName="echoSequenceSeqEchoStruct" receivesAttachments="false" sendsAttachments="false" anonymous="optional"><con:settings/><con:call name="Request 1"><con:settings/><con:encoding>UTF-8</con:encoding><con:endpoint>http://raffaele:8192/Service/test-consumer-fromidl-complex-pragma-prefix/</con:endpoint><con:request><![CDATA[<soapenv:Envelope xmlns:soapenv="http://schemas.xmlsoap.org/soap/envelope/" xmlns:it="http://it.imolinfo.jbi4corba.test.testprovidercomplex.EchoComplexPragmaPrefix" xmlns:tes="http://testprovidercomplex.test.jbi4corba.imolinfo.it/">
   <soapenv:Header/>
   <soapenv:Body>
      <it:echoSequenceSeqEchoStruct>
         <!--1 or more repetitions:-->
         <it:es>
            <tes:fieldBoolean>?</tes:fieldBoolean>
            <tes:fieldChar>?</tes:fieldChar>
            <tes:fieldWChar>?</tes:fieldWChar>
            <tes:fieldOctet>?</tes:fieldOctet>
            <tes:fieldString>?</tes:fieldString>
            <tes:fieldWString>?</tes:fieldWString>
            <tes:fieldShort>?</tes:fieldShort>
            <tes:fieldUnsignedShort>?</tes:fieldUnsignedShort>
            <tes:fieldLong>?</tes:fieldLong>
            <tes:fieldUnsignedLong>?</tes:fieldUnsignedLong>
            <tes:fieldLongLong>?</tes:fieldLongLong>
            <tes:fieldUnsignedLongLong>?</tes:fieldUnsignedLongLong>
            <tes:fieldFloat>?</tes:fieldFloat>
            <tes:fieldDouble>?</tes:fieldDouble>
         </it:es>
      </it:echoSequenceSeqEchoStruct>
   </soapenv:Body>
</soapenv:Envelope>]]></con:request><con:wsaConfig mustUnderstand="NONE" version="200508" action="http://it.imolinfo.jbi4corba.test.testprovidercomplex.EchoComplexPragmaPrefix/EchoComplexPragmaPrefix/echoSequenceSeqEchoStruct"/></con:call></con:operation><con:operation isOneWay="false" action="" name="echoSequenceSeqMySequence" bindingOperationName="echoSequenceSeqMySequence" type="Request-Response" outputName="echoSequenceSeqMySequenceResponse" inputName="echoSequenceSeqMySequence" receivesAttachments="false" sendsAttachments="false" anonymous="optional"><con:settings/><con:call name="Request 1"><con:settings/><con:encoding>UTF-8</con:encoding><con:endpoint>http://raffaele:8192/Service/test-consumer-fromidl-complex-pragma-prefix/</con:endpoint><con:request><![CDATA[<soapenv:Envelope xmlns:soapenv="http://schemas.xmlsoap.org/soap/envelope/" xmlns:it="http://it.imolinfo.jbi4corba.test.testprovidercomplex.EchoComplexPragmaPrefix" xmlns:tes="http://testprovidercomplex.test.jbi4corba.imolinfo.it/">
   <soapenv:Header/>
   <soapenv:Body>
      <it:echoSequenceSeqMySequence>
         <!--1 or more repetitions:-->
         <it:es>
            <!--1 or more repetitions:-->
            <tes:data>?</tes:data>
         </it:es>
      </it:echoSequenceSeqMySequence>
   </soapenv:Body>
</soapenv:Envelope>]]></con:request><con:wsaConfig mustUnderstand="NONE" version="200508" action="http://it.imolinfo.jbi4corba.test.testprovidercomplex.EchoComplexPragmaPrefix/EchoComplexPragmaPrefix/echoSequenceSeqMySequence"/></con:call></con:operation><con:operation isOneWay="false" action="" name="echoSequenceValueType" bindingOperationName="echoSequenceValueType" type="Request-Response" outputName="echoSequenceValueTypeResponse" inputName="echoSequenceValueType" receivesAttachments="false" sendsAttachments="false" anonymous="optional"><con:settings/><con:call name="Request 1"><con:settings/><con:encoding>UTF-8</con:encoding><con:endpoint>http://raffaele:8192/Service/test-consumer-fromidl-complex-pragma-prefix/</con:endpoint><con:request><![CDATA[<soapenv:Envelope xmlns:soapenv="http://schemas.xmlsoap.org/soap/envelope/" xmlns:it="http://it.imolinfo.jbi4corba.test.testprovidercomplex.EchoComplexPragmaPrefix" xmlns:tes="http://testprovidercomplex.test.jbi4corba.imolinfo.it/">
   <soapenv:Header/>
   <soapenv:Body>
      <it:echoSequenceValueType>
         <it:es>
            <!--1 or more repetitions:-->
            <tes:data>?</tes:data>
         </it:es>
      </it:echoSequenceValueType>
   </soapenv:Body>
</soapenv:Envelope>]]></con:request><con:wsaConfig mustUnderstand="NONE" version="200508" action="http://it.imolinfo.jbi4corba.test.testprovidercomplex.EchoComplexPragmaPrefix/EchoComplexPragmaPrefix/echoSequenceValueType"/></con:call></con:operation><con:operation isOneWay="false" action="" name="echoStruct" bindingOperationName="echoStruct" type="Request-Response" outputName="echoStructResponse" inputName="echoStruct" receivesAttachments="false" sendsAttachments="false" anonymous="optional"><con:settings/><con:call name="Request 1"><con:settings/><con:encoding>UTF-8</con:encoding><con:endpoint>http://raffaele:8192/Service/test-consumer-fromidl-complex-pragma-prefix/</con:endpoint><con:request><![CDATA[<soapenv:Envelope xmlns:soapenv="http://schemas.xmlsoap.org/soap/envelope/" xmlns:it="http://it.imolinfo.jbi4corba.test.testprovidercomplex.EchoComplexPragmaPrefix" xmlns:tes="http://testprovidercomplex.test.jbi4corba.imolinfo.it/">
   <soapenv:Header/>
   <soapenv:Body>
      <it:echoStruct>
         <it:es>
            <tes:fieldBoolean>?</tes:fieldBoolean>
            <tes:fieldChar>?</tes:fieldChar>
            <tes:fieldWChar>?</tes:fieldWChar>
            <tes:fieldOctet>?</tes:fieldOctet>
            <tes:fieldString>?</tes:fieldString>
            <tes:fieldWString>?</tes:fieldWString>
            <tes:fieldShort>?</tes:fieldShort>
            <tes:fieldUnsignedShort>?</tes:fieldUnsignedShort>
            <tes:fieldLong>?</tes:fieldLong>
            <tes:fieldUnsignedLong>?</tes:fieldUnsignedLong>
            <tes:fieldLongLong>?</tes:fieldLongLong>
            <tes:fieldUnsignedLongLong>?</tes:fieldUnsignedLongLong>
            <tes:fieldFloat>?</tes:fieldFloat>
            <tes:fieldDouble>?</tes:fieldDouble>
         </it:es>
      </it:echoStruct>
   </soapenv:Body>
</soapenv:Envelope>]]></con:request><con:wsaConfig mustUnderstand="NONE" version="200508" action="http://it.imolinfo.jbi4corba.test.testprovidercomplex.EchoComplexPragmaPrefix/EchoComplexPragmaPrefix/echoStruct"/></con:call></con:operation><con:operation isOneWay="false" action="" name="echoStructOfStruct" bindingOperationName="echoStructOfStruct" type="Request-Response" outputName="echoStructOfStructResponse" inputName="echoStructOfStruct" receivesAttachments="false" sendsAttachments="false" anonymous="optional"><con:settings/><con:call name="Request 1"><con:settings/><con:encoding>UTF-8</con:encoding><con:endpoint>http://raffaele:8192/Service/test-consumer-fromidl-complex-pragma-prefix/</con:endpoint><con:request><![CDATA[<soapenv:Envelope xmlns:soapenv="http://schemas.xmlsoap.org/soap/envelope/" xmlns:it="http://it.imolinfo.jbi4corba.test.testprovidercomplex.EchoComplexPragmaPrefix" xmlns:tes="http://testprovidercomplex.test.jbi4corba.imolinfo.it/">
   <soapenv:Header/>
   <soapenv:Body>
      <it:echoStructOfStruct>
         <it:v>
            <tes:internalStruct>
               <tes:fieldBoolean>?</tes:fieldBoolean>
               <tes:fieldChar>?</tes:fieldChar>
               <tes:fieldWChar>?</tes:fieldWChar>
               <tes:fieldOctet>?</tes:fieldOctet>
               <tes:fieldString>?</tes:fieldString>
               <tes:fieldWString>?</tes:fieldWString>
               <tes:fieldShort>?</tes:fieldShort>
               <tes:fieldUnsignedShort>?</tes:fieldUnsignedShort>
               <tes:fieldLong>?</tes:fieldLong>
               <tes:fieldUnsignedLong>?</tes:fieldUnsignedLong>
               <tes:fieldLongLong>?</tes:fieldLongLong>
               <tes:fieldUnsignedLongLong>?</tes:fieldUnsignedLongLong>
               <tes:fieldFloat>?</tes:fieldFloat>
               <tes:fieldDouble>?</tes:fieldDouble>
            </tes:internalStruct>
         </it:v>
      </it:echoStructOfStruct>
   </soapenv:Body>
</soapenv:Envelope>]]></con:request><con:wsaConfig mustUnderstand="NONE" version="200508" action="http://it.imolinfo.jbi4corba.test.testprovidercomplex.EchoComplexPragmaPrefix/EchoComplexPragmaPrefix/echoStructOfStruct"/></con:call></con:operation><con:operation isOneWay="false" action="" name="echoStructOfValuetype" bindingOperationName="echoStructOfValuetype" type="Request-Response" outputName="echoStructOfValuetypeResponse" inputName="echoStructOfValuetype" receivesAttachments="false" sendsAttachments="false" anonymous="optional"><con:settings/><con:call name="Request 1"><con:settings/><con:encoding>UTF-8</con:encoding><con:endpoint>http://raffaele:8192/Service/test-consumer-fromidl-complex-pragma-prefix/</con:endpoint><con:request><![CDATA[<soapenv:Envelope xmlns:soapenv="http://schemas.xmlsoap.org/soap/envelope/" xmlns:it="http://it.imolinfo.jbi4corba.test.testprovidercomplex.EchoComplexPragmaPrefix" xmlns:tes="http://testprovidercomplex.test.jbi4corba.imolinfo.it/">
   <soapenv:Header/>
   <soapenv:Body>
      <it:echoStructOfValuetype>
         <it:v>
            <tes:data>
               <tes:fieldBoolean>?</tes:fieldBoolean>
               <tes:fieldChar>?</tes:fieldChar>
               <tes:fieldWChar>?</tes:fieldWChar>
               <tes:fieldOctet>?</tes:fieldOctet>
               <tes:fieldString>?</tes:fieldString>
               <tes:fieldWString>?</tes:fieldWString>
               <tes:fieldShort>?</tes:fieldShort>
               <tes:fieldUnsignedShort>?</tes:fieldUnsignedShort>
               <tes:fieldLong>?</tes:fieldLong>
               <tes:fieldUnsignedLong>?</tes:fieldUnsignedLong>
               <tes:fieldLongLong>?</tes:fieldLongLong>
               <tes:fieldUnsignedLongLong>?</tes:fieldUnsignedLongLong>
               <tes:fieldFloat>?</tes:fieldFloat>
               <tes:fieldDouble>?</tes:fieldDouble>
            </tes:data>
         </it:v>
      </it:echoStructOfValuetype>
   </soapenv:Body>
</soapenv:Envelope>]]></con:request><con:wsaConfig mustUnderstand="NONE" version="200508" action="http://it.imolinfo.jbi4corba.test.testprovidercomplex.EchoComplexPragmaPrefix/EchoComplexPragmaPrefix/echoStructOfValuetype"/></con:call></con:operation><con:operation isOneWay="false" action="" name="echoValueBoxedTypeComplex" bindingOperationName="echoValueBoxedTypeComplex" type="Request-Response" outputName="echoValueBoxedTypeComplexResponse" inputName="echoValueBoxedTypeComplex" receivesAttachments="false" sendsAttachments="false" anonymous="optional"><con:settings/><con:call name="Request 1"><con:settings/><con:encoding>UTF-8</con:encoding><con:endpoint>http://raffaele:8192/Service/test-consumer-fromidl-complex-pragma-prefix/</con:endpoint><con:request><![CDATA[<soapenv:Envelope xmlns:soapenv="http://schemas.xmlsoap.org/soap/envelope/" xmlns:it="http://it.imolinfo.jbi4corba.test.testprovidercomplex.EchoComplexPragmaPrefix" xmlns:tes="http://testprovidercomplex.test.jbi4corba.imolinfo.it/">
   <soapenv:Header/>
   <soapenv:Body>
      <it:echoValueBoxedTypeComplex>
         <it:e>
            <!--1 or more repetitions:-->
            <tes:data>?</tes:data>
         </it:e>
      </it:echoValueBoxedTypeComplex>
   </soapenv:Body>
</soapenv:Envelope>]]></con:request><con:wsaConfig mustUnderstand="NONE" version="200508" action="http://it.imolinfo.jbi4corba.test.testprovidercomplex.EchoComplexPragmaPrefix/EchoComplexPragmaPrefix/echoValueBoxedTypeComplex"/></con:call></con:operation><con:operation isOneWay="false" action="" name="echoValueBoxedTypePrimitive" bindingOperationName="echoValueBoxedTypePrimitive" type="Request-Response" outputName="echoValueBoxedTypePrimitiveResponse" inputName="echoValueBoxedTypePrimitive" receivesAttachments="false" sendsAttachments="false" anonymous="optional"><con:settings/><con:call name="Request 1"><con:settings/><con:encoding>UTF-8</con:encoding><con:endpoint>http://raffaele:8192/Service/test-consumer-fromidl-complex-pragma-prefix/</con:endpoint><con:request><![CDATA[<soapenv:Envelope xmlns:soapenv="http://schemas.xmlsoap.org/soap/envelope/" xmlns:it="http://it.imolinfo.jbi4corba.test.testprovidercomplex.EchoComplexPragmaPrefix" xmlns:tes="http://testprovidercomplex.test.jbi4corba.imolinfo.it/">
   <soapenv:Header/>
   <soapenv:Body>
      <it:echoValueBoxedTypePrimitive>
         <it:e>
            <tes:data>?</tes:data>
         </it:e>
      </it:echoValueBoxedTypePrimitive>
   </soapenv:Body>
</soapenv:Envelope>]]></con:request><con:wsaConfig mustUnderstand="NONE" version="200508" action="http://it.imolinfo.jbi4corba.test.testprovidercomplex.EchoComplexPragmaPrefix/EchoComplexPragmaPrefix/echoValueBoxedTypePrimitive"/></con:call></con:operation><con:operation isOneWay="false" action="" name="echoValueType" bindingOperationName="echoValueType" type="Request-Response" outputName="echoValueTypeResponse" inputName="echoValueType" receivesAttachments="false" sendsAttachments="false" anonymous="optional"><con:settings/><con:call name="Request 1"><con:settings/><con:encoding>UTF-8</con:encoding><con:endpoint>http://raffaele:8192/Service/test-consumer-fromidl-complex-pragma-prefix/</con:endpoint><con:request><![CDATA[<soapenv:Envelope xmlns:soapenv="http://schemas.xmlsoap.org/soap/envelope/" xmlns:it="http://it.imolinfo.jbi4corba.test.testprovidercomplex.EchoComplexPragmaPrefix" xmlns:tes="http://testprovidercomplex.test.jbi4corba.imolinfo.it/">
   <soapenv:Header/>
   <soapenv:Body>
      <it:echoValueType>
         <it:e>
            <tes:publicShort>?</tes:publicShort>
            <tes:privateLong>?</tes:privateLong>
         </it:e>
      </it:echoValueType>
   </soapenv:Body>
</soapenv:Envelope>]]></con:request><con:wsaConfig mustUnderstand="NONE" version="200508" action="http://it.imolinfo.jbi4corba.test.testprovidercomplex.EchoComplexPragmaPrefix/EchoComplexPragmaPrefix/echoValueType"/></con:call></con:operation><con:operation isOneWay="false" action="" name="echoValueTypeOfStruct" bindingOperationName="echoValueTypeOfStruct" type="Request-Response" outputName="echoValueTypeOfStructResponse" inputName="echoValueTypeOfStruct" receivesAttachments="false" sendsAttachments="false" anonymous="optional"><con:settings/><con:call name="Request 1"><con:settings/><con:encoding>UTF-8</con:encoding><con:endpoint>http://raffaele:8192/Service/test-consumer-fromidl-complex-pragma-prefix/</con:endpoint><con:request><![CDATA[<soapenv:Envelope xmlns:soapenv="http://schemas.xmlsoap.org/soap/envelope/" xmlns:it="http://it.imolinfo.jbi4corba.test.testprovidercomplex.EchoComplexPragmaPrefix" xmlns:tes="http://testprovidercomplex.test.jbi4corba.imolinfo.it/">
   <soapenv:Header/>
   <soapenv:Body>
      <it:echoValueTypeOfStruct>
         <it:v>
            <tes:data>
               <tes:fieldBoolean>?</tes:fieldBoolean>
               <tes:fieldChar>?</tes:fieldChar>
               <tes:fieldWChar>?</tes:fieldWChar>
               <tes:fieldOctet>?</tes:fieldOctet>
               <tes:fieldString>?</tes:fieldString>
               <tes:fieldWString>?</tes:fieldWString>
               <tes:fieldShort>?</tes:fieldShort>
               <tes:fieldUnsignedShort>?</tes:fieldUnsignedShort>
               <tes:fieldLong>?</tes:fieldLong>
               <tes:fieldUnsignedLong>?</tes:fieldUnsignedLong>
               <tes:fieldLongLong>?</tes:fieldLongLong>
               <tes:fieldUnsignedLongLong>?</tes:fieldUnsignedLongLong>
               <tes:fieldFloat>?</tes:fieldFloat>
               <tes:fieldDouble>?</tes:fieldDouble>
            </tes:data>
         </it:v>
      </it:echoValueTypeOfStruct>
   </soapenv:Body>
</soapenv:Envelope>]]></con:request><con:wsaConfig mustUnderstand="NONE" version="200508" action="http://it.imolinfo.jbi4corba.test.testprovidercomplex.EchoComplexPragmaPrefix/EchoComplexPragmaPrefix/echoValueTypeOfStruct"/></con:call></con:operation><con:operation isOneWay="false" action="" name="echoValueTypeOfValueType" bindingOperationName="echoValueTypeOfValueType" type="Request-Response" outputName="echoValueTypeOfValueTypeResponse" inputName="echoValueTypeOfValueType" receivesAttachments="false" sendsAttachments="false" anonymous="optional"><con:settings/><con:call name="Request 1"><con:settings/><con:encoding>UTF-8</con:encoding><con:endpoint>http://raffaele:8192/Service/test-consumer-fromidl-complex-pragma-prefix/</con:endpoint><con:request><![CDATA[<soapenv:Envelope xmlns:soapenv="http://schemas.xmlsoap.org/soap/envelope/" xmlns:it="http://it.imolinfo.jbi4corba.test.testprovidercomplex.EchoComplexPragmaPrefix" xmlns:tes="http://testprovidercomplex.test.jbi4corba.imolinfo.it/">
   <soapenv:Header/>
   <soapenv:Body>
      <it:echoValueTypeOfValueType>
         <it:v>
            <tes:data>
               <tes:fieldBoolean>?</tes:fieldBoolean>
               <tes:fieldChar>?</tes:fieldChar>
               <tes:fieldWChar>?</tes:fieldWChar>
               <tes:fieldOctet>?</tes:fieldOctet>
               <tes:fieldString>?</tes:fieldString>
               <tes:fieldWString>?</tes:fieldWString>
               <tes:fieldShort>?</tes:fieldShort>
               <tes:fieldUnsignedShort>?</tes:fieldUnsignedShort>
               <tes:fieldLong>?</tes:fieldLong>
               <tes:fieldUnsignedLong>?</tes:fieldUnsignedLong>
               <tes:fieldLongLong>?</tes:fieldLongLong>
               <tes:fieldUnsignedLongLong>?</tes:fieldUnsignedLongLong>
               <tes:fieldFloat>?</tes:fieldFloat>
               <tes:fieldDouble>?</tes:fieldDouble>
            </tes:data>
         </it:v>
      </it:echoValueTypeOfValueType>
   </soapenv:Body>
</soapenv:Envelope>]]></con:request><con:wsaConfig mustUnderstand="NONE" version="200508" action="http://it.imolinfo.jbi4corba.test.testprovidercomplex.EchoComplexPragmaPrefix/EchoComplexPragmaPrefix/echoValueTypeOfValueType"/></con:call></con:operation><con:operation isOneWay="false" action="" name="echoVTPrimi" bindingOperationName="echoVTPrimi" type="Request-Response" outputName="echoVTPrimiResponse" inputName="echoVTPrimi" receivesAttachments="false" sendsAttachments="false" anonymous="optional"><con:settings/><con:call name="Request 1"><con:settings/><con:encoding>UTF-8</con:encoding><con:endpoint>http://raffaele:8192/Service/test-consumer-fromidl-complex-pragma-prefix/</con:endpoint><con:request><![CDATA[<soapenv:Envelope xmlns:soapenv="http://schemas.xmlsoap.org/soap/envelope/" xmlns:it="http://it.imolinfo.jbi4corba.test.testprovidercomplex.EchoComplexPragmaPrefix" xmlns:tes="http://testprovidercomplex.test.jbi4corba.imolinfo.it/">
   <soapenv:Header/>
   <soapenv:Body>
      <it:echoVTPrimi>
         <it:v>
            <tes:fieldBoolean>?</tes:fieldBoolean>
            <tes:fieldChar>?</tes:fieldChar>
            <tes:fieldWChar>?</tes:fieldWChar>
            <tes:fieldOctet>?</tes:fieldOctet>
            <tes:fieldString>?</tes:fieldString>
            <tes:fieldWString>?</tes:fieldWString>
            <tes:fieldShort>?</tes:fieldShort>
            <tes:fieldUnsignedShort>?</tes:fieldUnsignedShort>
            <tes:fieldLong>?</tes:fieldLong>
            <tes:fieldUnsignedLong>?</tes:fieldUnsignedLong>
            <tes:fieldLongLong>?</tes:fieldLongLong>
            <tes:fieldUnsignedLongLong>?</tes:fieldUnsignedLongLong>
            <tes:fieldFloat>?</tes:fieldFloat>
            <tes:fieldDouble>?</tes:fieldDouble>
         </it:v>
      </it:echoVTPrimi>
   </soapenv:Body>
</soapenv:Envelope>]]></con:request><con:wsaConfig mustUnderstand="NONE" version="200508" action="http://it.imolinfo.jbi4corba.test.testprovidercomplex.EchoComplexPragmaPrefix/EchoComplexPragmaPrefix/echoVTPrimi"/></con:call></con:operation><con:operation isOneWay="false" action="" name="echoVTPrimiSeq" bindingOperationName="echoVTPrimiSeq" type="Request-Response" outputName="echoVTPrimiSeqResponse" inputName="echoVTPrimiSeq" receivesAttachments="false" sendsAttachments="false" anonymous="optional"><con:settings/><con:call name="Request 1"><con:settings/><con:encoding>UTF-8</con:encoding><con:endpoint>http://raffaele:8192/Service/test-consumer-fromidl-complex-pragma-prefix/</con:endpoint><con:request><![CDATA[<soapenv:Envelope xmlns:soapenv="http://schemas.xmlsoap.org/soap/envelope/" xmlns:it="http://it.imolinfo.jbi4corba.test.testprovidercomplex.EchoComplexPragmaPrefix" xmlns:tes="http://testprovidercomplex.test.jbi4corba.imolinfo.it/">
   <soapenv:Header/>
   <soapenv:Body>
      <it:echoVTPrimiSeq>
         <it:v>
            <!--1 or more repetitions:-->
            <tes:data>
               <tes:fieldBoolean>?</tes:fieldBoolean>
               <tes:fieldChar>?</tes:fieldChar>
               <tes:fieldWChar>?</tes:fieldWChar>
               <tes:fieldOctet>?</tes:fieldOctet>
               <tes:fieldString>?</tes:fieldString>
               <tes:fieldWString>?</tes:fieldWString>
               <tes:fieldShort>?</tes:fieldShort>
               <tes:fieldUnsignedShort>?</tes:fieldUnsignedShort>
               <tes:fieldLong>?</tes:fieldLong>
               <tes:fieldUnsignedLong>?</tes:fieldUnsignedLong>
               <tes:fieldLongLong>?</tes:fieldLongLong>
               <tes:fieldUnsignedLongLong>?</tes:fieldUnsignedLongLong>
               <tes:fieldFloat>?</tes:fieldFloat>
               <tes:fieldDouble>?</tes:fieldDouble>
            </tes:data>
         </it:v>
      </it:echoVTPrimiSeq>
   </soapenv:Body>
</soapenv:Envelope>]]></con:request><con:wsaConfig mustUnderstand="NONE" version="200508" action="http://it.imolinfo.jbi4corba.test.testprovidercomplex.EchoComplexPragmaPrefix/EchoComplexPragmaPrefix/echoVTPrimiSeq"/></con:call></con:operation></con:interface><con:testSuite name="EchoComplexPragmaPrefixTestSuite"><con:settings/><con:runType>SEQUENTIAL</con:runType><con:testCase failOnError="true" failTestCaseOnErrors="true" keepSession="false" maxResults="0" name="EchoComplexPragmaPrefixCorbaBinding TestSuite" searchProperties="true" id="b067134b-4837-452e-b9a7-6a5501f8aacb"><con:settings/><con:testStep type="request" name="echo"><con:settings/><con:config xsi:type="con:RequestStep" xmlns:xsi="http://www.w3.org/2001/XMLSchema-instance"><con:interface>EchoComplexPragmaPrefixCorbaBinding</con:interface><con:operation>echo</con:operation><con:request name="echo"><con:settings/><con:encoding>UTF-8</con:encoding><con:endpoint>http://raffaele:8192/Service/test-consumer-fromidl-complex-pragma-prefix/</con:endpoint><con:request><![CDATA[<soapenv:Envelope xmlns:soapenv="http://schemas.xmlsoap.org/soap/envelope/" xmlns:it="http://it.imolinfo.jbi4corba.test.testprovidercomplex.EchoComplexPragmaPrefix">
   <soapenv:Header/>
   <soapenv:Body>
      <it:echo>
         <it:msg>gero et</it:msg>
      </it:echo>
   </soapenv:Body>
</soapenv:Envelope>]]></con:request><con:assertion type="SOAP Fault Assertion"/><con:assertion type="SOAP Response"/><con:assertion type="Schema Compliance"><con:configuration><definition/></con:configuration></con:assertion><con:wsaConfig action="http://it.imolinfo.jbi4corba.test.testprovidercomplex.EchoComplexPragmaPrefix/EchoComplexPragmaPrefix/echo" mustUnderstand="NONE" version="200508"/></con:request></con:config></con:testStep><con:testStep type="request" name="echoExceptionNotThrown"><con:settings/><con:config xsi:type="con:RequestStep" xmlns:xsi="http://www.w3.org/2001/XMLSchema-instance"><con:interface>EchoComplexPragmaPrefixCorbaBinding</con:interface><con:operation>echoExceptionNotThrown</con:operation><con:request name="echoExceptionNotThrown"><con:settings/><con:encoding>UTF-8</con:encoding><con:endpoint>http://raffaele:8192/Service/test-consumer-fromidl-complex-pragma-prefix/</con:endpoint><con:request><![CDATA[<soapenv:Envelope xmlns:soapenv="http://schemas.xmlsoap.org/soap/envelope/" xmlns:it="http://it.imolinfo.jbi4corba.test.testprovidercomplex.EchoComplexPragmaPrefix" xmlns:tes="http://testprovidercomplex.test.jbi4corba.imolinfo.it/">
   <soapenv:Header/>
   <soapenv:Body>
      <it:echoExceptionNotThrown>
         <it:es>
         <tes:fieldBoolean>false</tes:fieldBoolean>
            <tes:fieldChar>4</tes:fieldChar>
            <tes:fieldWChar>5</tes:fieldWChar>
            <tes:fieldOctet>2</tes:fieldOctet>
            <!--Optional:-->
            <tes:fieldString>aeoliam venit</tes:fieldString>
            <!--Optional:-->
            <tes:fieldWString>temperat iras</tes:fieldWString>
            <tes:fieldShort>1</tes:fieldShort>
            <tes:fieldUnsignedShort>1</tes:fieldUnsignedShort>
            <tes:fieldLong>3</tes:fieldLong>
            <tes:fieldUnsignedLong>3</tes:fieldUnsignedLong>
            <tes:fieldLongLong>10</tes:fieldLongLong>
            <tes:fieldUnsignedLongLong>10</tes:fieldUnsignedLongLong>
            <tes:fieldFloat>1.5E2</tes:fieldFloat>
            <tes:fieldDouble>1.051732E7</tes:fieldDouble>
         </it:es>
      </it:echoExceptionNotThrown>
   </soapenv:Body>
</soapenv:Envelope>]]></con:request><con:assertion type="SOAP Fault Assertion"/><con:assertion type="SOAP Response"/><con:assertion type="Schema Compliance"><con:configuration><definition/></con:configuration></con:assertion><con:wsaConfig action="http://it.imolinfo.jbi4corba.test.testprovidercomplex.EchoComplexPragmaPrefix/EchoComplexPragmaPrefix/echoExceptionNotThrown" mustUnderstand="NONE" version="200508"/></con:request></con:config></con:testStep><con:testStep type="request" name="echoExceptionThrown"><con:settings/><con:config xsi:type="con:RequestStep" xmlns:xsi="http://www.w3.org/2001/XMLSchema-instance"><con:interface>EchoComplexPragmaPrefixCorbaBinding</con:interface><con:operation>echoExceptionThrown</con:operation><con:request name="echoExceptionThrown"><con:settings/><con:encoding>UTF-8</con:encoding><con:endpoint>http://raffaele:8192/Service/test-consumer-fromidl-complex-pragma-prefix/</con:endpoint><con:request><![CDATA[<soapenv:Envelope xmlns:soapenv="http://schemas.xmlsoap.org/soap/envelope/" xmlns:it="http://it.imolinfo.jbi4corba.test.testprovidercomplex.EchoComplexPragmaPrefix" xmlns:tes="http://testprovidercomplex.test.jbi4corba.imolinfo.it/">
   <soapenv:Header/>
   <soapenv:Body>
      <it:echoExceptionThrown>
         <it:es>
	    <tes:fieldBoolean>false</tes:fieldBoolean>
            <tes:fieldChar>4</tes:fieldChar>
            <tes:fieldWChar>3</tes:fieldWChar>
            <tes:fieldOctet>2</tes:fieldOctet>
            <!--Optional:-->
            <tes:fieldString>aeoliam venit</tes:fieldString>
            <!--Optional:-->
            <tes:fieldWString>temperat iras</tes:fieldWString>
            <tes:fieldShort>1</tes:fieldShort>
            <tes:fieldUnsignedShort>1</tes:fieldUnsignedShort>
            <tes:fieldLong>3</tes:fieldLong>
            <tes:fieldUnsignedLong>3</tes:fieldUnsignedLong>
            <tes:fieldLongLong>10</tes:fieldLongLong>
            <tes:fieldUnsignedLongLong>10</tes:fieldUnsignedLongLong>
            <tes:fieldFloat>1.5E2</tes:fieldFloat>
            <tes:fieldDouble>1.051732E7</tes:fieldDouble>
         </it:es>
      </it:echoExceptionThrown>
   </soapenv:Body>
</soapenv:Envelope>]]></con:request><con:assertion type="SOAP Response"/><con:assertion type="Not SOAP Fault Assertion"/><con:assertion type="Schema Compliance"><con:configuration><definition/></con:configuration></con:assertion><con:wsaConfig action="http://it.imolinfo.jbi4corba.test.testprovidercomplex.EchoComplexPragmaPrefix/EchoComplexPragmaPrefix/echoExceptionThrown" mustUnderstand="NONE" version="200508"/></con:request></con:config></con:testStep><con:testStep type="request" name="echoSequence"><con:settings/><con:config xsi:type="con:RequestStep" xmlns:xsi="http://www.w3.org/2001/XMLSchema-instance"><con:interface>EchoComplexPragmaPrefixCorbaBinding</con:interface><con:operation>echoSequence</con:operation><con:request name="echoSequence"><con:settings/><con:encoding>UTF-8</con:encoding><con:endpoint>http://raffaele:8192/Service/test-consumer-fromidl-complex-pragma-prefix/</con:endpoint><con:request><![CDATA[<soapenv:Envelope xmlns:soapenv="http://schemas.xmlsoap.org/soap/envelope/" xmlns:it="http://it.imolinfo.jbi4corba.test.testprovidercomplex.EchoComplexPragmaPrefix">
   <soapenv:Header/>
   <soapenv:Body>
      <it:echoSequence>
         <!--Zero or more repetitions:-->
         <it:es>3</it:es>
         <it:es>2</it:es>
      </it:echoSequence>
   </soapenv:Body>
</soapenv:Envelope>]]></con:request><con:assertion type="SOAP Fault Assertion"/><con:assertion type="SOAP Response"/><con:assertion type="Schema Compliance"><con:configuration><definition/></con:configuration></con:assertion><con:wsaConfig action="http://it.imolinfo.jbi4corba.test.testprovidercomplex.EchoComplexPragmaPrefix/EchoComplexPragmaPrefix/echoSequence" mustUnderstand="NONE" version="200508"/></con:request></con:config></con:testStep><con:testStep type="request" name="echoSequenceSeqEchoStruct"><con:settings/><con:config xsi:type="con:RequestStep" xmlns:xsi="http://www.w3.org/2001/XMLSchema-instance"><con:interface>EchoComplexPragmaPrefixCorbaBinding</con:interface><con:operation>echoSequenceSeqEchoStruct</con:operation><con:request name="echoSequenceSeqEchoStruct"><con:settings/><con:encoding>UTF-8</con:encoding><con:endpoint>http://raffaele:8192/Service/test-consumer-fromidl-complex-pragma-prefix/</con:endpoint><con:request><![CDATA[<soapenv:Envelope xmlns:soapenv="http://schemas.xmlsoap.org/soap/envelope/" xmlns:it="http://it.imolinfo.jbi4corba.test.testprovidercomplex.EchoComplexPragmaPrefix" xmlns:tes="http://testprovidercomplex.test.jbi4corba.imolinfo.it/">
   <soapenv:Header/>
   <soapenv:Body>
      <it:echoSequenceSeqEchoStruct>
         <!--1 or more repetitions:-->
         <it:es>
            <tes:fieldBoolean>false</tes:fieldBoolean>
            <tes:fieldChar>4</tes:fieldChar>
            <tes:fieldDouble>1.051732E7</tes:fieldDouble>
            <tes:fieldFloat>1.5E2</tes:fieldFloat>
            <tes:fieldLong>3</tes:fieldLong>
            <tes:fieldLongLong>10</tes:fieldLongLong>
            <tes:fieldOctet>2</tes:fieldOctet>
            <tes:fieldShort>1</tes:fieldShort>
            <!--Optional:-->
            <tes:fieldString>aeoliam venit</tes:fieldString>
            <tes:fieldUnsignedLong>3</tes:fieldUnsignedLong>
            <tes:fieldUnsignedLongLong>10</tes:fieldUnsignedLongLong>
            <tes:fieldUnsignedShort>1</tes:fieldUnsignedShort>
            <tes:fieldWChar>3</tes:fieldWChar>
            <!--Optional:-->
            <tes:fieldWString>temperat iras</tes:fieldWString>
         </it:es>
         <it:es>
            <tes:fieldBoolean>false</tes:fieldBoolean>
            <tes:fieldChar>4</tes:fieldChar>
            <tes:fieldDouble>1.051732E7</tes:fieldDouble>
            <tes:fieldFloat>1.5E2</tes:fieldFloat>
            <tes:fieldLong>3</tes:fieldLong>
            <tes:fieldLongLong>10</tes:fieldLongLong>
            <tes:fieldOctet>2</tes:fieldOctet>
            <tes:fieldShort>1</tes:fieldShort>
            <!--Optional:-->
            <tes:fieldString>aeoliam venit</tes:fieldString>
            <tes:fieldUnsignedLong>3</tes:fieldUnsignedLong>
            <tes:fieldUnsignedLongLong>10</tes:fieldUnsignedLongLong>
            <tes:fieldUnsignedShort>1</tes:fieldUnsignedShort>
            <tes:fieldWChar>3</tes:fieldWChar>
            <!--Optional:-->
            <tes:fieldWString>temperat iras</tes:fieldWString>
         </it:es>
      </it:echoSequenceSeqEchoStruct>
   </soapenv:Body>
</soapenv:Envelope>]]></con:request><con:assertion type="SOAP Fault Assertion"/><con:assertion type="SOAP Response"/><con:assertion type="Schema Compliance"><con:configuration><definition/></con:configuration></con:assertion><con:wsaConfig action="http://it.imolinfo.jbi4corba.test.testprovidercomplex.EchoComplexPragmaPrefix/EchoComplexPragmaPrefix/echoSequenceSeqEchoStruct" mustUnderstand="NONE" version="200508"/></con:request></con:config></con:testStep><con:testStep type="request" name="echoSequenceSeqMySequence"><con:settings/><con:config xsi:type="con:RequestStep" xmlns:xsi="http://www.w3.org/2001/XMLSchema-instance"><con:interface>EchoComplexPragmaPrefixCorbaBinding</con:interface><con:operation>echoSequenceSeqMySequence</con:operation><con:request name="echoSequenceSeqMySequence"><con:settings/><con:encoding>UTF-8</con:encoding><con:endpoint>http://raffaele:8192/Service/test-consumer-fromidl-complex-pragma-prefix/</con:endpoint><con:request><![CDATA[<soapenv:Envelope xmlns:soapenv="http://schemas.xmlsoap.org/soap/envelope/" xmlns:it="http://it.imolinfo.jbi4corba.test.testprovidercomplex.EchoComplexPragmaPrefix" xmlns:tes="http://testprovidercomplex.test.jbi4corba.imolinfo.it/">
   <soapenv:Header/>
   <soapenv:Body>
      <it:echoSequenceSeqMySequence>
         <!--Zero or more repetitions:-->
         <it:es>
            <!--Zero or more repetitions:-->
            <tes:data>3</tes:data>
            <tes:data>3</tes:data>
         </it:es>
         <it:es>
            <!--Zero or more repetitions:-->
            <tes:data>3</tes:data>
            <tes:data>3</tes:data>
         </it:es>
      </it:echoSequenceSeqMySequence>
   </soapenv:Body>
</soapenv:Envelope>]]></con:request><con:assertion type="SOAP Fault Assertion"/><con:assertion type="SOAP Response"/><con:assertion type="Schema Compliance"><con:configuration><definition/></con:configuration></con:assertion><con:wsaConfig action="http://it.imolinfo.jbi4corba.test.testprovidercomplex.EchoComplexPragmaPrefix/EchoComplexPragmaPrefix/echoSequenceSeqMySequence" mustUnderstand="NONE" version="200508"/></con:request></con:config></con:testStep><con:testStep type="request" name="echoSequenceValueType"><con:settings/><con:config xsi:type="con:RequestStep" xmlns:xsi="http://www.w3.org/2001/XMLSchema-instance"><con:interface>EchoComplexPragmaPrefixCorbaBinding</con:interface><con:operation>echoSequenceValueType</con:operation><con:request name="echoSequenceValueType"><con:settings/><con:encoding>UTF-8</con:encoding><con:endpoint>http://raffaele:8192/Service/test-consumer-fromidl-complex-pragma-prefix/</con:endpoint><con:request><![CDATA[<soapenv:Envelope xmlns:soapenv="http://schemas.xmlsoap.org/soap/envelope/" xmlns:it="http://it.imolinfo.jbi4corba.test.testprovidercomplex.EchoComplexPragmaPrefix" xmlns:tes="http://testprovidercomplex.test.jbi4corba.imolinfo.it/">
   <soapenv:Header/>
   <soapenv:Body>
      <it:echoSequenceValueType>
         <it:es>
            <!--1 or more repetitions:-->
            <tes:data>123</tes:data>
            <tes:data>123</tes:data>
         </it:es>
      </it:echoSequenceValueType>
   </soapenv:Body>
</soapenv:Envelope>]]></con:request><con:assertion type="SOAP Fault Assertion"/><con:assertion type="SOAP Response"/><con:assertion type="Schema Compliance"><con:configuration><definition/></con:configuration></con:assertion><con:wsaConfig action="http://it.imolinfo.jbi4corba.test.testprovidercomplex.EchoComplexPragmaPrefix/EchoComplexPragmaPrefix/echoSequenceValueType" mustUnderstand="NONE" version="200508"/></con:request></con:config></con:testStep><con:testStep type="request" name="echoStruct"><con:settings/><con:config xsi:type="con:RequestStep" xmlns:xsi="http://www.w3.org/2001/XMLSchema-instance"><con:interface>EchoComplexPragmaPrefixCorbaBinding</con:interface><con:operation>echoStruct</con:operation><con:request name="echoStruct"><con:settings/><con:encoding>UTF-8</con:encoding><con:endpoint>http://raffaele:8192/Service/test-consumer-fromidl-complex-pragma-prefix/</con:endpoint><con:request><![CDATA[<soapenv:Envelope xmlns:soapenv="http://schemas.xmlsoap.org/soap/envelope/" xmlns:it="http://it.imolinfo.jbi4corba.test.testprovidercomplex.EchoComplexPragmaPrefix" xmlns:tes="http://testprovidercomplex.test.jbi4corba.imolinfo.it/">
   <soapenv:Header/>
   <soapenv:Body>
      <it:echoStruct>
         <it:es>
            <tes:fieldBoolean>false</tes:fieldBoolean>
            <tes:fieldChar>2</tes:fieldChar>
            <tes:fieldWChar>4</tes:fieldWChar>
            <tes:fieldOctet>2</tes:fieldOctet>
            <!--Optional:-->
            <tes:fieldString>aeoliam venit</tes:fieldString>
            <!--Optional:-->
            <tes:fieldWString>temperat iras</tes:fieldWString>
            <tes:fieldShort>1</tes:fieldShort>
            <tes:fieldUnsignedShort>1</tes:fieldUnsignedShort>
            <tes:fieldLong>3</tes:fieldLong>
            <tes:fieldUnsignedLong>3</tes:fieldUnsignedLong>
            <tes:fieldLongLong>10</tes:fieldLongLong>
            <tes:fieldUnsignedLongLong>10</tes:fieldUnsignedLongLong>
            <tes:fieldFloat>1.5E2</tes:fieldFloat>
            <tes:fieldDouble>1.051732E7</tes:fieldDouble>
         </it:es>
      </it:echoStruct>
   </soapenv:Body>
</soapenv:Envelope>]]></con:request><con:assertion type="SOAP Fault Assertion"/><con:assertion type="SOAP Response"/><con:assertion type="Schema Compliance"><con:configuration><definition/></con:configuration></con:assertion><con:wsaConfig action="http://it.imolinfo.jbi4corba.test.testprovidercomplex.EchoComplexPragmaPrefix/EchoComplexPragmaPrefix/echoStruct" mustUnderstand="NONE" version="200508"/></con:request></con:config></con:testStep><con:testStep type="request" name="echoStructOfStruct"><con:settings/><con:config xsi:type="con:RequestStep" xmlns:xsi="http://www.w3.org/2001/XMLSchema-instance"><con:interface>EchoComplexPragmaPrefixCorbaBinding</con:interface><con:operation>echoStructOfStruct</con:operation><con:request name="echoStructOfStruct"><con:settings/><con:encoding>UTF-8</con:encoding><con:endpoint>http://raffaele:8192/Service/test-consumer-fromidl-complex-pragma-prefix/</con:endpoint><con:request><![CDATA[<soapenv:Envelope xmlns:soapenv="http://schemas.xmlsoap.org/soap/envelope/" xmlns:it="http://it.imolinfo.jbi4corba.test.testprovidercomplex.EchoComplexPragmaPrefix" xmlns:tes="http://testprovidercomplex.test.jbi4corba.imolinfo.it/">
   <soapenv:Header/>
   <soapenv:Body>
      <it:echoStructOfStruct>
         <it:v>
            <tes:internalStruct>
               <tes:fieldBoolean>false</tes:fieldBoolean>
               <tes:fieldChar>5</tes:fieldChar>
               <tes:fieldWChar>4</tes:fieldWChar>
               <tes:fieldOctet>2</tes:fieldOctet>
               <!--Optional:-->
               <tes:fieldString>aeoliam venit</tes:fieldString>
               <!--Optional:-->
               <tes:fieldWString>temperat iras</tes:fieldWString>
               <tes:fieldShort>1</tes:fieldShort>
               <tes:fieldUnsignedShort>1</tes:fieldUnsignedShort>
               <tes:fieldLong>3</tes:fieldLong>
               <tes:fieldUnsignedLong>3</tes:fieldUnsignedLong>
               <tes:fieldLongLong>10</tes:fieldLongLong>
               <tes:fieldUnsignedLongLong>10</tes:fieldUnsignedLongLong>
               <tes:fieldFloat>1.5E2</tes:fieldFloat>
               <tes:fieldDouble>1.051732E7</tes:fieldDouble>
            </tes:internalStruct>
         </it:v>
      </it:echoStructOfStruct>
   </soapenv:Body>
</soapenv:Envelope>]]></con:request><con:assertion type="SOAP Fault Assertion"/><con:assertion type="SOAP Response"/><con:assertion type="Schema Compliance"><con:configuration><definition/></con:configuration></con:assertion><con:wsaConfig action="http://it.imolinfo.jbi4corba.test.testprovidercomplex.EchoComplexPragmaPrefix/EchoComplexPragmaPrefix/echoStructOfStruct" mustUnderstand="NONE" version="200508"/></con:request></con:config></con:testStep><con:testStep type="request" name="echoStructOfValuetype"><con:settings/><con:config xsi:type="con:RequestStep" xmlns:xsi="http://www.w3.org/2001/XMLSchema-instance"><con:interface>EchoComplexPragmaPrefixCorbaBinding</con:interface><con:operation>echoStructOfValuetype</con:operation><con:request name="echoStructOfValuetype"><con:settings/><con:encoding>UTF-8</con:encoding><con:endpoint>http://raffaele:8192/Service/test-consumer-fromidl-complex-pragma-prefix/</con:endpoint><con:request><![CDATA[<soapenv:Envelope xmlns:soapenv="http://schemas.xmlsoap.org/soap/envelope/" xmlns:it="http://it.imolinfo.jbi4corba.test.testprovidercomplex.EchoComplexPragmaPrefix" xmlns:tes="http://testprovidercomplex.test.jbi4corba.imolinfo.it/">
   <soapenv:Header/>
   <soapenv:Body>
      <it:echoStructOfValuetype>
         <it:v>
            <!--Optional:-->
            <tes:data>
               <tes:fieldBoolean>false</tes:fieldBoolean>
               <tes:fieldChar>3</tes:fieldChar>
               <tes:fieldWChar>4</tes:fieldWChar>
               <tes:fieldOctet>2</tes:fieldOctet>
               <!--Optional:-->
               <tes:fieldString>aeoliam venit</tes:fieldString>
               <!--Optional:-->
               <tes:fieldWString>temperat iras</tes:fieldWString>
               <tes:fieldShort>1</tes:fieldShort>
               <tes:fieldUnsignedShort>1</tes:fieldUnsignedShort>
               <tes:fieldLong>3</tes:fieldLong>
               <tes:fieldUnsignedLong>3</tes:fieldUnsignedLong>
               <tes:fieldLongLong>10</tes:fieldLongLong>
               <tes:fieldUnsignedLongLong>10</tes:fieldUnsignedLongLong>
               <tes:fieldFloat>1.5E2</tes:fieldFloat>
               <tes:fieldDouble>1.051732E7</tes:fieldDouble>
            </tes:data>
         </it:v>
      </it:echoStructOfValuetype>
   </soapenv:Body>
</soapenv:Envelope>]]></con:request><con:assertion type="SOAP Fault Assertion"/><con:assertion type="SOAP Response"/><con:assertion type="Schema Compliance"><con:configuration><definition/></con:configuration></con:assertion><con:wsaConfig action="http://it.imolinfo.jbi4corba.test.testprovidercomplex.EchoComplexPragmaPrefix/EchoComplexPragmaPrefix/echoStructOfValuetype" mustUnderstand="NONE" version="200508"/></con:request></con:config></con:testStep><con:testStep type="request" name="echoValueBoxedTypeComplex"><con:settings/><con:config xsi:type="con:RequestStep" xmlns:xsi="http://www.w3.org/2001/XMLSchema-instance"><con:interface>EchoComplexPragmaPrefixCorbaBinding</con:interface><con:operation>echoValueBoxedTypeComplex</con:operation><con:request name="echoValueBoxedTypeComplex"><con:settings/><con:encoding>UTF-8</con:encoding><con:endpoint>http://raffaele:8192/Service/test-consumer-fromidl-complex-pragma-prefix/</con:endpoint><con:request><![CDATA[<soapenv:Envelope xmlns:soapenv="http://schemas.xmlsoap.org/soap/envelope/" xmlns:it="http://it.imolinfo.jbi4corba.test.testprovidercomplex.EchoComplexPragmaPrefix" xmlns:tes="http://testprovidercomplex.test.jbi4corba.imolinfo.it/">
   <soapenv:Header/>
   <soapenv:Body>
      <it:echoValueBoxedTypeComplex>
         <it:e>
            <!--1 or more repetitions:-->
            <tes:data>123</tes:data>
            <tes:data>123</tes:data>
         </it:e>
      </it:echoValueBoxedTypeComplex>
   </soapenv:Body>
</soapenv:Envelope>]]></con:request><con:assertion type="SOAP Fault Assertion"/><con:assertion type="SOAP Response"/><con:assertion type="Schema Compliance"><con:configuration><definition/></con:configuration></con:assertion><con:wsaConfig action="http://it.imolinfo.jbi4corba.test.testprovidercomplex.EchoComplexPragmaPrefix/EchoComplexPragmaPrefix/echoValueBoxedTypeComplex" mustUnderstand="NONE" version="200508"/></con:request></con:config></con:testStep><con:testStep type="request" name="echoValueBoxedTypePrimitive"><con:settings/><con:config xsi:type="con:RequestStep" xmlns:xsi="http://www.w3.org/2001/XMLSchema-instance"><con:interface>EchoComplexPragmaPrefixCorbaBinding</con:interface><con:operation>echoValueBoxedTypePrimitive</con:operation><con:request name="echoValueBoxedTypePrimitive"><con:settings/><con:encoding>UTF-8</con:encoding><con:endpoint>http://raffaele:8192/Service/test-consumer-fromidl-complex-pragma-prefix/</con:endpoint><con:request><![CDATA[<soapenv:Envelope xmlns:soapenv="http://schemas.xmlsoap.org/soap/envelope/" xmlns:it="http://it.imolinfo.jbi4corba.test.testprovidercomplex.EchoComplexPragmaPrefix" xmlns:tes="http://testprovidercomplex.test.jbi4corba.imolinfo.it/">
   <soapenv:Header/>
   <soapenv:Body>
      <it:echoValueBoxedTypePrimitive>
         <it:e>
            <tes:data>3</tes:data>
         </it:e>
      </it:echoValueBoxedTypePrimitive>
   </soapenv:Body>
</soapenv:Envelope>]]></con:request><con:assertion type="SOAP Fault Assertion"/><con:assertion type="SOAP Response"/><con:assertion type="Schema Compliance"><con:configuration><definition/></con:configuration></con:assertion><con:wsaConfig action="http://it.imolinfo.jbi4corba.test.testprovidercomplex.EchoComplexPragmaPrefix/EchoComplexPragmaPrefix/echoValueBoxedTypePrimitive" mustUnderstand="NONE" version="200508"/></con:request></con:config></con:testStep><con:testStep type="request" name="echoValueType"><con:settings/><con:config xsi:type="con:RequestStep" xmlns:xsi="http://www.w3.org/2001/XMLSchema-instance"><con:interface>EchoComplexPragmaPrefixCorbaBinding</con:interface><con:operation>echoValueType</con:operation><con:request name="echoValueType"><con:settings/><con:encoding>UTF-8</con:encoding><con:endpoint>http://raffaele:8192/Service/test-consumer-fromidl-complex-pragma-prefix/</con:endpoint><con:request><![CDATA[<soapenv:Envelope xmlns:soapenv="http://schemas.xmlsoap.org/soap/envelope/" xmlns:it="http://it.imolinfo.jbi4corba.test.testprovidercomplex.EchoComplexPragmaPrefix" xmlns:tes="http://testprovidercomplex.test.jbi4corba.imolinfo.it/">
   <soapenv:Header/>
   <soapenv:Body>
      <it:echoValueType>
         <it:e>
            <tes:publicShort>1</tes:publicShort>
            <tes:privateLong>3</tes:privateLong>
         </it:e>
      </it:echoValueType>
   </soapenv:Body>
</soapenv:Envelope>]]></con:request><con:assertion type="SOAP Fault Assertion"/><con:assertion type="SOAP Response"/><con:assertion type="Schema Compliance"><con:configuration><definition/></con:configuration></con:assertion><con:wsaConfig action="http://it.imolinfo.jbi4corba.test.testprovidercomplex.EchoComplexPragmaPrefix/EchoComplexPragmaPrefix/echoValueType" mustUnderstand="NONE" version="200508"/></con:request></con:config></con:testStep><con:testStep type="request" name="echoValueTypeOfStruct"><con:settings/><con:config xsi:type="con:RequestStep" xmlns:xsi="http://www.w3.org/2001/XMLSchema-instance"><con:interface>EchoComplexPragmaPrefixCorbaBinding</con:interface><con:operation>echoValueTypeOfStruct</con:operation><con:request name="echoValueTypeOfStruct"><con:settings/><con:encoding>UTF-8</con:encoding><con:endpoint>http://raffaele:8192/Service/test-consumer-fromidl-complex-pragma-prefix/</con:endpoint><con:request><![CDATA[<soapenv:Envelope xmlns:soapenv="http://schemas.xmlsoap.org/soap/envelope/" xmlns:it="http://it.imolinfo.jbi4corba.test.testprovidercomplex.EchoComplexPragmaPrefix" xmlns:tes="http://testprovidercomplex.test.jbi4corba.imolinfo.it/">
   <soapenv:Header/>
   <soapenv:Body>
      <it:echoValueTypeOfStruct>
         <it:v>
            <!--Optional:-->
            <tes:data>
               <tes:fieldBoolean>false</tes:fieldBoolean>
               <tes:fieldChar>3</tes:fieldChar>
               <tes:fieldWChar>4</tes:fieldWChar>
               <tes:fieldOctet>2</tes:fieldOctet>
               <!--Optional:-->
               <tes:fieldString>aeoliam venit</tes:fieldString>
               <!--Optional:-->
               <tes:fieldWString>temperat iras</tes:fieldWString>
               <tes:fieldShort>1</tes:fieldShort>
               <tes:fieldUnsignedShort>1</tes:fieldUnsignedShort>
               <tes:fieldLong>3</tes:fieldLong>
               <tes:fieldUnsignedLong>3</tes:fieldUnsignedLong>
               <tes:fieldLongLong>10</tes:fieldLongLong>
               <tes:fieldUnsignedLongLong>10</tes:fieldUnsignedLongLong>
               <tes:fieldFloat>1.5E2</tes:fieldFloat>
               <tes:fieldDouble>1.051732E7</tes:fieldDouble>
            </tes:data>
         </it:v>
      </it:echoValueTypeOfStruct>
   </soapenv:Body>
</soapenv:Envelope>]]></con:request><con:assertion type="SOAP Fault Assertion"/><con:assertion type="SOAP Response"/><con:assertion type="Schema Compliance"><con:configuration><definition/></con:configuration></con:assertion><con:wsaConfig action="http://it.imolinfo.jbi4corba.test.testprovidercomplex.EchoComplexPragmaPrefix/EchoComplexPragmaPrefix/echoValueTypeOfStruct" mustUnderstand="NONE" version="200508"/></con:request></con:config></con:testStep><con:testStep type="request" name="echoValueTypeOfValueType"><con:settings/><con:config xsi:type="con:RequestStep" xmlns:xsi="http://www.w3.org/2001/XMLSchema-instance"><con:interface>EchoComplexPragmaPrefixCorbaBinding</con:interface><con:operation>echoValueTypeOfValueType</con:operation><con:request name="echoValueTypeOfValueType"><con:settings/><con:encoding>UTF-8</con:encoding><con:endpoint>http://raffaele:8192/Service/test-consumer-fromidl-complex-pragma-prefix/</con:endpoint><con:request><![CDATA[<soapenv:Envelope xmlns:soapenv="http://schemas.xmlsoap.org/soap/envelope/" xmlns:it="http://it.imolinfo.jbi4corba.test.testprovidercomplex.EchoComplexPragmaPrefix" xmlns:tes="http://testprovidercomplex.test.jbi4corba.imolinfo.it/">
   <soapenv:Header/>
   <soapenv:Body>
      <it:echoValueTypeOfValueType>
         <it:v>
            <!--Optional:-->
            <tes:data>
               <tes:fieldBoolean>false</tes:fieldBoolean>
               <tes:fieldChar>4</tes:fieldChar>
               <tes:fieldWChar>4</tes:fieldWChar>
               <tes:fieldOctet>2</tes:fieldOctet>
               <!--Optional:-->
               <tes:fieldString>aeoliam venit</tes:fieldString>
               <!--Optional:-->
               <tes:fieldWString>temperat iras</tes:fieldWString>
               <tes:fieldShort>1</tes:fieldShort>
               <tes:fieldUnsignedShort>1</tes:fieldUnsignedShort>
               <tes:fieldLong>3</tes:fieldLong>
               <tes:fieldUnsignedLong>3</tes:fieldUnsignedLong>
               <tes:fieldLongLong>10</tes:fieldLongLong>
               <tes:fieldUnsignedLongLong>10</tes:fieldUnsignedLongLong>
               <tes:fieldFloat>1.5E2</tes:fieldFloat>
               <tes:fieldDouble>1.051732E7</tes:fieldDouble>
            </tes:data>
         </it:v>
      </it:echoValueTypeOfValueType>
   </soapenv:Body>
</soapenv:Envelope>]]></con:request><con:assertion type="SOAP Fault Assertion"/><con:assertion type="SOAP Response"/><con:assertion type="Schema Compliance"><con:configuration><definition/></con:configuration></con:assertion><con:wsaConfig action="http://it.imolinfo.jbi4corba.test.testprovidercomplex.EchoComplexPragmaPrefix/EchoComplexPragmaPrefix/echoValueTypeOfValueType" mustUnderstand="NONE" version="200508"/></con:request></con:config></con:testStep><con:testStep type="request" name="echoVTPrimi"><con:settings/><con:config xsi:type="con:RequestStep" xmlns:xsi="http://www.w3.org/2001/XMLSchema-instance"><con:interface>EchoComplexPragmaPrefixCorbaBinding</con:interface><con:operation>echoVTPrimi</con:operation><con:request name="echoVTPrimi"><con:settings/><con:encoding>UTF-8</con:encoding><con:endpoint>http://raffaele:8192/Service/test-consumer-fromidl-complex-pragma-prefix/</con:endpoint><con:request><![CDATA[<soapenv:Envelope xmlns:soapenv="http://schemas.xmlsoap.org/soap/envelope/" xmlns:it="http://it.imolinfo.jbi4corba.test.testprovidercomplex.EchoComplexPragmaPrefix" xmlns:tes="http://testprovidercomplex.test.jbi4corba.imolinfo.it/">
   <soapenv:Header/>
   <soapenv:Body>
      <it:echoVTPrimi>
         <it:v>
            <tes:fieldBoolean>false</tes:fieldBoolean>
            <tes:fieldChar>3</tes:fieldChar>
            <tes:fieldWChar>4</tes:fieldWChar>
            <tes:fieldOctet>2</tes:fieldOctet>
            <!--Optional:-->
            <tes:fieldString>aeoliam venit</tes:fieldString>
            <!--Optional:-->
            <tes:fieldWString>temperat iras</tes:fieldWString>
            <tes:fieldShort>1</tes:fieldShort>
            <tes:fieldUnsignedShort>1</tes:fieldUnsignedShort>
            <tes:fieldLong>3</tes:fieldLong>
            <tes:fieldUnsignedLong>3</tes:fieldUnsignedLong>
            <tes:fieldLongLong>10</tes:fieldLongLong>
            <tes:fieldUnsignedLongLong>10</tes:fieldUnsignedLongLong>
            <tes:fieldFloat>1.5E2</tes:fieldFloat>
            <tes:fieldDouble>1.051732E7</tes:fieldDouble>
         </it:v>
      </it:echoVTPrimi>
   </soapenv:Body>
</soapenv:Envelope>]]></con:request><con:assertion type="SOAP Fault Assertion"/><con:assertion type="SOAP Response"/><con:assertion type="Schema Compliance"><con:configuration><definition/></con:configuration></con:assertion><con:wsaConfig action="http://it.imolinfo.jbi4corba.test.testprovidercomplex.EchoComplexPragmaPrefix/EchoComplexPragmaPrefix/echoVTPrimi" mustUnderstand="NONE" version="200508"/></con:request></con:config></con:testStep><con:testStep type="request" name="echoVTPrimiSeq"><con:settings/><con:config xsi:type="con:RequestStep" xmlns:xsi="http://www.w3.org/2001/XMLSchema-instance"><con:interface>EchoComplexPragmaPrefixCorbaBinding</con:interface><con:operation>echoVTPrimiSeq</con:operation><con:request name="echoVTPrimiSeq"><con:settings/><con:encoding>UTF-8</con:encoding><con:endpoint>http://raffaele:8192/Service/test-consumer-fromidl-complex-pragma-prefix/</con:endpoint><con:request><![CDATA[<soapenv:Envelope xmlns:soapenv="http://schemas.xmlsoap.org/soap/envelope/" xmlns:it="http://it.imolinfo.jbi4corba.test.testprovidercomplex.EchoComplexPragmaPrefix" xmlns:tes="http://testprovidercomplex.test.jbi4corba.imolinfo.it/">
   <soapenv:Header/>
   <soapenv:Body>
      <it:echoVTPrimiSeq>
         <it:v>
            <!--Zero or more repetitions:-->
            <tes:data>
                  <tes:fieldBoolean>false</tes:fieldBoolean>
               <tes:fieldChar>4</tes:fieldChar>
               <tes:fieldWChar>3</tes:fieldWChar>
               <tes:fieldOctet>2</tes:fieldOctet>
               <!--Optional:-->
               <tes:fieldString>aeoliam venit</tes:fieldString>
               <!--Optional:-->
               <tes:fieldWString>temperat iras</tes:fieldWString>
               <tes:fieldShort>1</tes:fieldShort>
               <tes:fieldUnsignedShort>1</tes:fieldUnsignedShort>
               <tes:fieldLong>3</tes:fieldLong>
               <tes:fieldUnsignedLong>3</tes:fieldUnsignedLong>
               <tes:fieldLongLong>10</tes:fieldLongLong>
               <tes:fieldUnsignedLongLong>10</tes:fieldUnsignedLongLong>
               <tes:fieldFloat>1.5E2</tes:fieldFloat>
               <tes:fieldDouble>1.051732E7</tes:fieldDouble>
            </tes:data>
            <!--Zero or more repetitions:-->
            <tes:data>
                  <tes:fieldBoolean>false</tes:fieldBoolean>
               <tes:fieldChar>4</tes:fieldChar>
               <tes:fieldWChar>3</tes:fieldWChar>
               <tes:fieldOctet>2</tes:fieldOctet>
               <!--Optional:-->
               <tes:fieldString>aeoliam venit</tes:fieldString>
               <!--Optional:-->
               <tes:fieldWString>temperat iras</tes:fieldWString>
               <tes:fieldShort>1</tes:fieldShort>
               <tes:fieldUnsignedShort>1</tes:fieldUnsignedShort>
               <tes:fieldLong>3</tes:fieldLong>
               <tes:fieldUnsignedLong>3</tes:fieldUnsignedLong>
               <tes:fieldLongLong>10</tes:fieldLongLong>
               <tes:fieldUnsignedLongLong>10</tes:fieldUnsignedLongLong>
               <tes:fieldFloat>1.5E2</tes:fieldFloat>
               <tes:fieldDouble>1.051732E7</tes:fieldDouble>
            </tes:data>
         </it:v>
      </it:echoVTPrimiSeq>
   </soapenv:Body>
</soapenv:Envelope>]]></con:request><con:assertion type="SOAP Fault Assertion"/><con:assertion type="SOAP Response"/><con:assertion type="Schema Compliance"><con:configuration><definition/></con:configuration></con:assertion><con:wsaConfig action="http://it.imolinfo.jbi4corba.test.testprovidercomplex.EchoComplexPragmaPrefix/EchoComplexPragmaPrefix/echoVTPrimiSeq" mustUnderstand="NONE" version="200508"/></con:request></con:config></con:testStep><con:properties/></con:testCase><con:properties/></con:testSuite><con:properties/><con:wssContainer/></con:soapui-project>