<?xml version="1.0" encoding="UTF-8" ?>
<testsuite errors="0" failures="0" hostname="Pottlapelli" name="org.netbeans.modules.compapp.catd.ConfiguredTest" tests="3" time="1.009" timestamp="2009-10-13T06:03:02">
  <properties>
    <property name="default.javac.source" value="1.6" />
    <property name="file.encoding.pkg" value="sun.io" />
    <property name="project.demoExceptionHandling" value="../demoExceptionHandling" />
    <property name="libs.toplink.maven-pom" value="" />
    <property name="javac.source" value="1.4" />
    <property name="netbeans.system_http_proxy" value="DIRECT" />
    <property name="java.home" value="C:\Java\jdk6_14\jre" />
    <property name="libs.metro.src" value="" />
    <property name="com.sun.jbi.sa.internal.routing" value="true" />
    <property name="libs.jaxws21.src" value="" />
    <property name="javadoc.version" value="false" />
    <property name="libs.CopyLibs.classpath" value="C:\GlassFishESB\netbeans\java2\ant\extra\org-netbeans-modules-java-j2seproject-copylibstask.jar" />
    <property name="libs.javac-api.src" value="" />
    <property name="libs.Encoder-COCO.classpath" value="C:\GlassFishESB\netbeans\soa2\modules\ext\encoder\coco.jar;C:\GlassFishESB\netbeans\soa2\modules\ext\encoder\cocoencoder-xsdextension.jar" />
    <property name="libs.restlib.src" value="" />
    <property name="java.endorsed.dirs" value="C:\Java\jdk6_14\jre\lib\endorsed" />
    <property name="libs.MySQLDriver.classpath" value="C:\GlassFishESB\netbeans\ide11\modules\ext\mysql-connector-java-5.1.6-bin.jar" />
    <property name="libs.jaxb.javadoc" value="" />
    <property name="libs.junit.maven-pom" value="" />
    <property name="libs.Encoder-Custom.src" value="" />
    <property name="libs.Encoder-Framework.maven-pom" value="" />
    <property name="libs.jsf12.src" value="" />
    <property name="libs.PostgreSQLDriver.src" value="" />
    <property name="src.dir" value="src/jbiasa" />
    <property name="sun.java2d.noddraw" value="true" />
    <property name="source.root" value="src" />
    <property name="netbeans.hash.code" value="unique=04fed4232-ffc7-4c4d-af85-87fb7ab53088_35a2951f-0c33-4b6d-adcd-971aa32260bc" />
    <property name="src.build.dir" value="src/jbiServiceUnits" />
    <property name="source.encoding" value="UTF-8" />
    <property name="libs.jaxws21.classpath" value="C:\GlassFishESB\netbeans\ide11\modules\ext\jaxb\activation.jar;C:\GlassFishESB\netbeans\ide11\modules\ext\jaxb\api\jaxb-api.jar;C:\GlassFishESB\netbeans\ide11\modules\ext\jaxb\jaxb-impl.jar;C:\GlassFishESB\netbeans\ide11\modules\ext\jaxb\jaxb-xjc.jar;C:\GlassFishESB\netbeans\ide11\modules\ext\jaxb\api\jsr173_api.jar;C:\GlassFishESB\netbeans\java2\modules\ext\jaxws21\FastInfoset.jar;C:\GlassFishESB\netbeans\java2\modules\ext\jaxws21\http.jar;C:\GlassFishESB\netbeans\java2\modules\ext\jaxws21\api\jaxws-api.jar;C:\GlassFishESB\netbeans\java2\modules\ext\jaxws21\jaxws-rt.jar;C:\GlassFishESB\netbeans\java2\modules\ext\jaxws21\jaxws-tools.jar;C:\GlassFishESB\netbeans\java2\modules\ext\jaxws21\api\jsr181-api.jar;C:\GlassFishESB\netbeans\java2\modules\ext\jaxws21\api\jsr250-api.jar;C:\GlassFishESB\netbeans\java2\modules\ext\jaxws21\mimepull.jar;C:\GlassFishESB\netbeans\java2\modules\ext\jaxws21\api\saaj-api.jar;C:\GlassFishESB\netbeans\java2\modules\ext\jaxws21\saaj-impl.jar;C:\GlassFishESB\netbeans\java2\modules\ext\jaxws21\sjsxp.jar;C:\GlassFishESB\netbeans\java2\modules\ext\jaxws21\stax-ex.jar;C:\GlassFishESB\netbeans\java2\modules\ext\jaxws21\streambuffer.jar" />
    <property name="libs.swing-app-framework.javadoc" value="C:\GlassFishESB\netbeans\java2\docs\appframework-1.0.3-doc.zip" />
    <property name="libs.Encoder-Framework.src" value="" />
    <property name="sun.os.patch.level" value="Service Pack 2" />
    <property name="java.vendor.url" value="http://java.sun.com/" />
    <property name="libs.restapi.src" value="" />
    <property name="java.version" value="1.6.0_14" />
    <property name="nb.show.statistics.ui" value="usageStatisticsEnabled" />
    <property name="javac.debug" value="true" />
    <property name="org.openide.major.version" value="IDE/1" />
    <property name="libs.PostgreSQLDriver.maven-pom" value="" />
    <property name="java.vendor.url.bug" value="http://java.sun.com/cgi-bin/bugreport.cgi" />
    <property name="netbeans.autoupdate.variant" value="" />
    <property name="jbi.service-assembly.description" value="Represents the Service Assembly of demoExceptionHandlingApplication" />
    <property name="libs.absolutelayout.javadoc" value="" />
    <property name="libs.junit_4.maven-pom" value="" />
    <property name="netbeans.buildnumber" value="200910111801" />
    <property name="libs.swing-app-framework.maven-pom" value="" />
    <property name="user.name" value="mpottlapelli" />
    <property name="sun.io.unicode.encoding" value="UnicodeLittle" />
    <property name="libs.jstl11.maven-pom" value="" />
    <property name="sun.jnu.encoding" value="Cp1252" />
    <property name="java.runtime.name" value="Java(TM) SE Runtime Environment" />
    <property name="jdk.home" value="C:\Java\jdk6_14" />
    <property name="jspc.classpath" value="C:\GlassFishESB\netbeans\java2\ant\lib\ant.jar:C:\GlassFishESB\netbeans\enterprise5\modules\ext\servlet2.5-jsp2.1-api.jar:${j2ee.platform.classpath}:C:\GlassFishESB\netbeans\enterprise5\modules\ext\glassfish-jspparser-2.0.jar:C:\GlassFishESB\netbeans\enterprise5\modules\ext\glassfish-logging-2.0.jar:C:\GlassFishESB\netbeans\ide11\modules\ext\commons-logging-1.1.jar:C:\GlassFishESB\netbeans\java2\ant\lib\ant-launcher.jar" />
    <property name="sun.awt.keepWorkingSetOnMinimize" value="true" />
    <property name="netbeans.autoupdate.version" value="1.23" />
    <property name="org.openide.TopManager" value="org.netbeans.core.NonGui" />
    <property name="netbeans.dirs" value="C:\GlassFishESB\netbeans\nb6.7;C:\GlassFishESB\netbeans\ergonomics1;C:\GlassFishESB\netbeans\ide11;C:\GlassFishESB\netbeans\java2;C:\GlassFishESB\netbeans\xml2;C:\GlassFishESB\netbeans\apisupport1;C:\GlassFishESB\netbeans\webcommon1;C:\GlassFishESB\netbeans\websvccommon1;C:\GlassFishESB\netbeans\enterprise5;C:\GlassFishESB\netbeans\mobility8;C:\GlassFishESB\netbeans\profiler3;C:\GlassFishESB\netbeans\ruby2;C:\GlassFishESB\netbeans\python1;C:\GlassFishESB\netbeans\php1;C:\GlassFishESB\netbeans\visualweb2;C:\GlassFishESB\netbeans\soa2;C:\GlassFishESB\netbeans\identity2;C:\GlassFishESB\netbeans\uml6;C:\GlassFishESB\netbeans\harness;C:\GlassFishESB\netbeans\cnd2;C:\GlassFishESB\netbeans\dlight1;C:\GlassFishESB\netbeans\groovy1;C:\GlassFishESB\netbeans\extra;C:\GlassFishESB\netbeans\javafx2" />
    <property name="java.specification.name" value="Java Platform API Specification" />
    <property name="javadoc.author" value="false" />
    <property name="libs.hibernate-support.javadoc" value="" />
    <property name="user.timezone" value="" />
    <property name="libs.spring-framework.maven-pom" value="" />
    <property name="libs.swing-layout.maven-pom" value="" />
    <property name="libs.junit.javadoc" value="C:\GlassFishESB\netbeans\java2\docs\junit-3.8.2-api.zip" />
    <property name="org.openide.specification.version" value="6.2" />
    <property name="path.separator" value=";" />
    <property name="libs.ejb3-persistence.src" value="" />
    <property name="libs.absolutelayout.classpath" value="C:\GlassFishESB\netbeans\java2\modules\ext\AbsoluteLayout.jar" />
    <property name="libs.jaxb.maven-pom" value="" />
    <property name="libs.Encoder-HL7.maven-pom" value="" />
    <property name="netbeans.accept_license_class" value="org.netbeans.license.AcceptLicense" />
    <property name="file.encoding" value="Cp1252" />
    <property name="dist.javadoc.dir" value="dist/javadoc" />
    <property name="libs.hibernate-persistence.javadoc" value="" />
    <property name="libs.ejb3-persistence.classpath" value="C:\GlassFishESB\netbeans\java2\modules\ext\hibernate\ejb3-persistence.jar" />
    <property name="https.nonProxyHosts" value="localhost|127.0.0.1|Pottlapelli" />
    <property name="libs.junit.src" value="" />
    <property name="libs.metro.maven-pom" value="" />
    <property name="ant.file" value="C:\ojc-local\open-jbi-components\driver-tests\bpelse\POJOCalls\demoExceptionHandling\demoExceptionHandlingApplication\build.xml" />
    <property name="libs.junit_4.src" value="C:\GlassFishESB\netbeans\java2\docs\junit-4.5-src.jar" />
    <property name="libs.Encoder-Custom.maven-pom" value="" />
    <property name="j2ee.server.instance" value="[C:\GFESBv21\glassfish]deployer:Sun:AppServer::localhost:4848" />
    <property name="netbeans.autoupdate.language" value="en" />
    <property name="java.io.tmpdir" value="C:\Users\MPOTTL~1\AppData\Local\Temp\" />
    <property name="user.language" value="en" />
    <property name="line.separator" value="
" />
    <property name="maven.repo.local" value="C:\ojc-local\open-jbi-components\m2\repository" />
    <property name="apple.laf.useScreenMenuBar" value="true" />
    <property name="libs.absolutelayout.src" value="" />
    <property name="xml.module.install.dir" value="C:\GlassFishESB\netbeans\xml2\modules" />
    <property name="lastJBIComponentInstallationDir" value="C:\ojc-local\open-jbi-components\ojc-core\bpelse\packaging\bld" />
    <property name="libs.hibernate-support.maven-pom" value="" />
    <property name="libs.restapi.classpath" value="C:\GlassFishESB\netbeans\enterprise5\modules\ext\rest\jsr311-api.jar" />
    <property name="jar.compress" value="false" />
    <property name="libs.JWSAntTasks.src" value="" />
    <property name="jbi.service-unit.description" value="Represents this Service Unit" />
    <property name="libs.hibernate-persistence.maven-pom" value="" />
    <property name="java.vm.info" value="mixed mode" />
    <property name="libs.javac-api.maven-pom" value="" />
    <property name="libs.restlib.classpath" value="C:\GlassFishESB\netbeans\enterprise5\modules\ext\rest\jersey.jar;C:\GlassFishESB\netbeans\enterprise5\modules\ext\rest\http.jar;C:\GlassFishESB\netbeans\enterprise5\modules\ext\rest\wadl2java.jar;C:\GlassFishESB\netbeans\enterprise5\modules\ext\rest\rome-0.9.jar;C:\GlassFishESB\netbeans\enterprise5\modules\ext\rest\jdom-1.0.jar;C:\GlassFishESB\netbeans\enterprise5\modules\ext\rest\jettison-1.0-RC1.jar;C:\GlassFishESB\netbeans\enterprise5\modules\ext\rest\asm-3.1.jar;C:\GlassFishESB\netbeans\enterprise5\modules\ext\rest\grizzly-servlet-webserver-1.7.3.2.jar;C:\GlassFishESB\netbeans\enterprise5\modules\ext\rest\jersey-spring.jar;C:\GlassFishESB\netbeans\ide11\modules\ext\jaxb\activation.jar;C:\GlassFishESB\netbeans\ide11\modules\ext\jaxb\api\jaxb-api.jar;C:\GlassFishESB\netbeans\ide11\modules\ext\jaxb\jaxb-impl.jar;C:\GlassFishESB\netbeans\ide11\modules\ext\jaxb\jaxb-xjc.jar;C:\GlassFishESB\netbeans\ide11\modules\ext\jaxb\api\jsr173_api.jar" />
    <property name="javadoc.private" value="false" />
    <property name="sun.desktop" value="windows" />
    <property name="java.vm.specification.name" value="Java Virtual Machine Specification" />
    <property name="libs.jaxb.src" value="" />
    <property name="libs.Encoder-COCO.javadoc" value="" />
    <property name="libs.MySQLDriver.javadoc" value="" />
    <property name="libs.spring-webmvc.classpath" value="C:\GlassFishESB\netbeans\enterprise5\modules\ext\spring\spring-webmvc-2.5.jar" />
    <property name="jbi.service-assembly.id" value="demoExceptionHandlingApplication" />
    <property name="jbi.content.additional" value="../demoExceptionHandling/build/SEDeployment.jar" />
    <property name="netbeans.dynamic.classpath" value="C:\GlassFishESB\netbeans\platform10\core\core.jar;C:\GlassFishESB\netbeans\platform10\core\org-openide-filesystems.jar;C:\GlassFishESB\netbeans\nb6.7\core\org-netbeans-upgrader.jar;C:\GlassFishESB\netbeans\nb6.7\core\locale\core_nb.jar" />
    <property name="libs.beans-binding.javadoc" value="C:\GlassFishESB\netbeans\java2\docs\beansbinding-1.2.1-doc.zip" />
    <property name="java.module.install.dir" value="C:\GlassFishESB\netbeans\java2\modules" />
    <property name="platform.active" value="default_platform" />
    <property name="meta.inf" value="src/conf" />
    <property name="http.nonProxyHosts" value="localhost|127.0.0.1|Pottlapelli" />
    <property name="libs.junit_4.javadoc" value="C:\GlassFishESB\netbeans\java2\docs\junit-4.5-api.zip" />
    <property name="libs.PojoSELib.classpath" value="C:\GlassFishESB\netbeans\soa2\modules\ext\jbi\openesb-pojo-engine-api.jar;C:\GlassFishESB\netbeans\soa2\modules\ext\jbi\jbi.jar" />
    <property name="libs.spring-framework.src" value="" />
    <property name="netbeans.autoupdate.country" value="US" />
    <property name="test.results.dir" value="C:\ojc-local\open-jbi-components\driver-tests\bpelse\POJOCalls\demoExceptionHandling\demoExceptionHandlingApplication/test/results" />
    <property name="libs.beans-binding.maven-pom" value="" />
    <property name="javadoc.encoding" value="" />
    <property name="java.awt.printerjob" value="sun.awt.windows.WPrinterJob" />
    <property name="ide.module.install.dir" value="C:\GlassFishESB\netbeans\ide11\modules" />
    <property name="jbi.content.component" value="sun-bpel-engine" />
    <property name="dist.jar" value="dist/demoExceptionHandlingApplication.zip" />
    <property name="libs.Encoder-HL7.src" value="" />
    <property name="libs.struts.classpath" value="C:\GlassFishESB\netbeans\enterprise5\modules\ext\struts\antlr-2.7.2.jar;C:\GlassFishESB\netbeans\enterprise5\modules\ext\struts\bsf-2.3.0.jar;C:\GlassFishESB\netbeans\enterprise5\modules\ext\struts\commons-beanutils-1.7.0.jar;C:\GlassFishESB\netbeans\enterprise5\modules\ext\struts\commons-chain-1.1.jar;C:\GlassFishESB\netbeans\enterprise5\modules\ext\struts\commons-digester-1.8.jar;C:\GlassFishESB\netbeans\enterprise5\modules\ext\struts\commons-fileupload-1.1.1.jar;C:\GlassFishESB\netbeans\enterprise5\modules\ext\struts\commons-io-1.1.jar;C:\GlassFishESB\netbeans\enterprise5\modules\ext\struts\commons-logging-1.0.4.jar;C:\GlassFishESB\netbeans\enterprise5\modules\ext\struts\commons-validator-1.3.1.jar;C:\GlassFishESB\netbeans\enterprise5\modules\ext\struts\jstl-1.0.2.jar;C:\GlassFishESB\netbeans\enterprise5\modules\ext\struts\oro-2.0.8.jar;C:\GlassFishESB\netbeans\enterprise5\modules\ext\struts\standard-1.0.2.jar;C:\GlassFishESB\netbeans\enterprise5\modules\ext\struts\struts-core-1.3.8.jar;C:\GlassFishESB\netbeans\enterprise5\modules\ext\struts\struts-el-1.3.8.jar;C:\GlassFishESB\netbeans\enterprise5\modules\ext\struts\struts-extras-1.3.8.jar;C:\GlassFishESB\netbeans\enterprise5\modules\ext\struts\struts-faces-1.3.8.jar;C:\GlassFishESB\netbeans\enterprise5\modules\ext\struts\struts-mailreader-dao-1.3.8.jar;C:\GlassFishESB\netbeans\enterprise5\modules\ext\struts\struts-scripting-1.3.8.jar;C:\GlassFishESB\netbeans\enterprise5\modules\ext\struts\struts-taglib-1.3.8.jar;C:\GlassFishESB\netbeans\enterprise5\modules\ext\struts\struts-tiles-1.3.8.jar" />
    <property name="ant.version" value="Apache Ant version 1.7.1 compiled on June 27 2008" />
    <property name="netbeans.home" value="C:\GlassFishESB\netbeans\platform10" />
    <property name="javadoc.nonavbar" value="false" />
    <property name="user.properties.file" value="C:\Users\mpottlapelli\.netbeans\sierra\build.properties" />
    <property name="libs.JWSAntTasks.classpath" value="C:\GlassFishESB\netbeans\java2\ant\extra\org-netbeans-modules-javawebstart-anttasks.jar" />
    <property name="libs.toplink.classpath" value="C:\GlassFishESB\netbeans\java2\modules\ext\toplink\toplink-essentials.jar;C:\GlassFishESB\netbeans\java2\modules\ext\toplink\toplink-essentials-agent.jar" />
    <property name="netbeans.importclass" value="org.netbeans.upgrade.AutoUpgrade" />
    <property name="libs.jsf12.maven-pom" value="" />
    <property name="libs.spring-framework.javadoc" value="" />
    <property name="libs.CopyLibs.maven-pom" value="" />
    <property name="j2ee.server.type" value="J2EE" />
    <property name="useJavaUtilZip" value="true" />
    <property name="build.generated.dir" value="build/generated" />
    <property name="libs.Encoder-COCO.maven-pom" value="" />
    <property name="os.name" value="Windows Vista" />
    <property name="libs.Encoder-Custom.javadoc" value="" />
    <property name="libs.restlib.javadoc" value="C:\GlassFishESB\netbeans\enterprise5\docs\jersey-api-doc.zip" />
    <property name="libs.metro.javadoc" value="C:\GlassFishESB\netbeans\enterprise5\docs\metro-1.4-doc.zip" />
    <property name="java.specification.vendor" value="Sun Microsystems Inc." />
    <property name="no.catd.context" value="true" />
    <property name="reference.demoExceptionHandling.dist_se" value="../demoExceptionHandling/build/SEDeployment.jar" />
    <property name="NetBeansUserDir" value="C:\Users\mpottlapelli\.netbeans\sierra" />
    <property name="java.vm.name" value="Java HotSpot(TM) Client VM" />
    <property name="libs.CopyLibs.src" value="" />
    <property name="org.openide.version" value="deprecated" />
    <property name="libs.Encoder-Framework.classpath" value="C:\GlassFishESB\netbeans\soa2\modules\ext\encoder\encoderframework.jar;C:\GlassFishESB\netbeans\soa2\modules\ext\encoder\encoderfrmwk-xsdextension.jar;C:\GlassFishESB\netbeans\soa2\modules\ext\xmlbeans-2.1.0\xbean.jar" />
    <property name="libs.junit.classpath" value="C:\GlassFishESB\netbeans\java2\modules\ext\junit-3.8.2.jar" />
    <property name="libs.beans-binding.src" value="" />
    <property name="java.library.path" value="C:\Java\jdk6_14\jre\bin;.;C:\Windows\Sun\Java\bin;C:\Windows\system32;C:\Windows;C:\Windows\system32;C:\Windows;C:\Windows\System32\Wbem;C:\Program Files\Intel\DMIX;C:\Program Files\NTRU Cryptosystems\NTRU TCG Software Stack\bin\;C:\Program Files\Wave Systems Corp\Gemalto\Access Client\v5\;C:\Program Files\Intel\WiFi\bin\;C:\Program Files\Common Files\Roxio Shared\DLLShared\;C:\Program Files\Common Files\Roxio Shared\9.0\DLLShared\;C:\Program Files\IDM Computer Solutions\UltraEdit-32;C:\Program Files\Bitvise Tunnelier;C:\Program Files\TortoiseSVN\bin;C:\Program Files\QuickTime\QTSystem\;C:\Program Files\Subversion\bin;C:\tools\ant\dist\bin;C:\Java\jdk1.5.0_19\bin;C:\adabas\bin;C:\adabas\pgm;C:\tools\apache-maven-2.0.9\bin;C:\tools\UnixTools\usr\local\wbin;C:\Program Files\CVSNT\" />
    <property name="libs.PostgreSQLDriver.javadoc" value="" />
    <property name="libs.toplink.javadoc" value="C:\GlassFishESB\netbeans\enterprise5\docs\javaee5-doc-api.zip" />
    <property name="ant.java.version" value="1.6" />
    <property name="org.netbeans.modules.compapp.catd.context" value="" />
    <property name="javadoc.noindex" value="false" />
    <property name="basedir" value="C:\ojc-local\open-jbi-components\driver-tests\bpelse\POJOCalls\demoExceptionHandling\demoExceptionHandlingApplication" />
    <property name="java.class.version" value="50.0" />
    <property name="sun.awt.exception.handler" value="org.netbeans.core.startup.TopLogging$AWTHandler" />
    <property name="j2ee.platform" value="1.4" />
    <property name="ant.home" value="C:\GlassFishESB\netbeans\java2\ant" />
    <property name="libs.hibernate-persistence.src" value="" />
    <property name="javadoc.splitindex" value="true" />
    <property name="libs.toplink.src" value="" />
    <property name="libs.javac-api.javadoc" value="" />
    <property name="javadoc.preview" value="true" />
    <property name="libs.MySQLDriver.maven-pom" value="" />
    <property name="esb.netbeans.platform+have.tests" value="true" />
    <property name="libs.restapi.javadoc" value="C:\GlassFishESB\netbeans\enterprise5\docs\jsr311-api-doc.zip" />
    <property name="libs.CopyLibs.javadoc" value="" />
    <property name="libs.PostgreSQLDriver.classpath" value="C:\GlassFishESB\netbeans\ide11\modules\ext\postgresql-8.3-603.jdbc3.jar" />
    <property name="libs.jaxws21.maven-pom" value="" />
    <property name="libs.junit_4.classpath" value="C:\GlassFishESB\netbeans\platform10\modules\ext\junit-4.5.jar" />
    <property name="sun.boot.library.path" value="C:\Java\jdk6_14\jre\bin" />
    <property name="build.dir" value="build" />
    <property name="libs.spring-webmvc.src" value="" />
    <property name="ant.file." value="C:\ojc-local\open-jbi-components\driver-tests\bpelse\POJOCalls\demoExceptionHandling\demoExceptionHandlingApplication\build.xml" />
    <property name="libs.swing-app-framework.classpath" value="C:\GlassFishESB\netbeans\java2\modules\ext\appframework-1.0.3.jar;C:\GlassFishESB\netbeans\java2\modules\ext\swing-worker-1.1.jar" />
    <property name="sun.management.compiler" value="HotSpot Client Compiler" />
    <property name="libs.ejb3-persistence.javadoc" value="" />
    <property name="user.variant" value="" />
    <property name="java.awt.graphicsenv" value="sun.awt.Win32GraphicsEnvironment" />
    <property name="org.netbeans.core.startup.specialResource" value="nullcom.sun.jdo.api.persistence.mapping.ejb" />
    <property name="javadoc.windowtitle" value="" />
    <property name="libs.hibernate-support.src" value="" />
    <property name="ant.file.demoExceptionHandlingApplication-jbi-impl" value="C:\ojc-local\open-jbi-components\driver-tests\bpelse\POJOCalls\demoExceptionHandling\demoExceptionHandlingApplication\nbproject\build-impl.xml" />
    <property name="libs.jstl11.javadoc" value="C:\GlassFishESB\netbeans\enterprise5\docs\javaee5-doc-api.zip" />
    <property name="build.compiler.emacs" value="true" />
    <property name="libs.jstl11.src" value="" />
    <property name="ant.project.name" value="" />
    <property name="libs.spring-framework.classpath" value="C:\GlassFishESB\netbeans\ide11\modules\ext\commons-logging-1.1.jar;C:\GlassFishESB\netbeans\java2\modules\ext\cglib-2.2.jar;C:\GlassFishESB\netbeans\java2\modules\ext\spring\spring-2.5.jar" />
    <property name="libs.swing-layout.classpath" value="C:\GlassFishESB\netbeans\platform10\modules\ext\swing-layout-1.0.3.jar" />
    <property name="java.vm.specification.version" value="1.0" />
    <property name="libs.jaxb.classpath" value="C:\GlassFishESB\netbeans\ide11\modules\ext\jaxb\activation.jar;C:\GlassFishESB\netbeans\ide11\modules\ext\jaxb\api\jaxb-api.jar;C:\GlassFishESB\netbeans\ide11\modules\ext\jaxb\jaxb-impl.jar;C:\GlassFishESB\netbeans\ide11\modules\ext\jaxb\jaxb-xjc.jar;C:\GlassFishESB\netbeans\ide11\modules\ext\jaxb\api\jsr173_api.jar" />
    <property name="libs.Encoder-HL7.classpath" value="C:\GlassFishESB\netbeans\soa2\modules\ext\encoder\hl7.jar;C:\GlassFishESB\netbeans\soa2\modules\ext\encoder\hl7encoder-xsdextension.jar" />
    <property name="awt.toolkit" value="sun.awt.windows.WToolkit" />
    <property name="soa.module.install.dir" value="C:\GlassFishESB\netbeans\soa2\modules" />
    <property name="javadoc.use" value="true" />
    <property name="sun.cpu.isalist" value="pentium_pro+mmx pentium_pro pentium+mmx pentium i486 i386 i86" />
    <property name="java.ext.dirs" value="C:\Java\jdk6_14\jre\lib\ext;C:\Windows\Sun\Java\lib\ext" />
    <property name="os.version" value="6.0" />
    <property name="libs.jstl11.classpath" value="C:\GlassFishESB\netbeans\enterprise5\modules\ext\standard.jar;C:\GlassFishESB\netbeans\enterprise5\modules\ext\jstl.jar" />
    <property name="GenerateATSOutput" value="${generate.ats.output}" />
    <property name="user.home" value="C:\Users\mpottlapelli" />
    <property name="org.xml.sax.driver" value="com.sun.org.apache.xerces.internal.jaxp.SAXParserImpl$JAXPSAXParser" />
    <property name="libs.metro.classpath" value="C:\GlassFishESB\netbeans\ide11\modules\ext\jaxb\activation.jar;C:\GlassFishESB\netbeans\enterprise5\modules\ext\metro\webservices-api.jar;C:\GlassFishESB\netbeans\enterprise5\modules\ext\metro\webservices-extra-api.jar;C:\GlassFishESB\netbeans\enterprise5\modules\ext\metro\webservices-extra.jar;C:\GlassFishESB\netbeans\enterprise5\modules\ext\metro\webservices-rt.jar;C:\GlassFishESB\netbeans\enterprise5\modules\ext\metro\webservices-tools.jar" />
    <property name="java.vm.vendor" value="Sun Microsystems Inc." />
    <property name="libs.struts.src" value="" />
    <property name="libs.Encoder-COCO.src" value="" />
    <property name="libs.absolutelayout.maven-pom" value="" />
    <property name="user.dir" value="C:\ojc-local\open-jbi-components\driver-tests\bpelse\POJOCalls\demoExceptionHandling\demoExceptionHandlingApplication" />
    <property name="libs.Encoder-Custom.classpath" value="C:\GlassFishESB\netbeans\soa2\modules\ext\encoder\custom.jar;C:\GlassFishESB\netbeans\soa2\modules\ext\encoder\customencoder-xsdextension.jar" />
    <property name="org.openide.TopManager.GUI" value="true" />
    <property name="libs.jsf12.javadoc" value="C:\GlassFishESB\netbeans\enterprise5\docs\javaee5-doc-api.zip" />
    <property name="esb.netbeans.platform" value="C:\GlassFishESB\netbeans\platform10" />
    <property name="test.dir" value="test" />
    <property name="libs.ejb3-persistence.maven-pom" value="" />
    <property name="sun.cpu.endian" value="little" />
    <property name="com.sun.jbi.routing" value="true" />
    <property name="libs.hibernate-support.classpath" value="C:\GlassFishESB\netbeans\java2\modules\ext\hibernate\antlr-2.7.6.jar;C:\GlassFishESB\netbeans\java2\modules\ext\hibernate\asm.jar;C:\GlassFishESB\netbeans\java2\modules\ext\hibernate\asm-attrs.jar;C:\GlassFishESB\netbeans\java2\modules\ext\hibernate\cglib-2.1.3.jar;C:\GlassFishESB\netbeans\java2\modules\ext\hibernate\commons-collections-2.1.1.jar;C:\GlassFishESB\netbeans\ide11\modules\ext\commons-logging-1.1.jar;C:\GlassFishESB\netbeans\java2\modules\ext\hibernate\dom4j-1.6.1.jar;C:\GlassFishESB\netbeans\java2\modules\ext\hibernate\ehcache-1.2.3.jar;C:\GlassFishESB\netbeans\java2\modules\ext\hibernate\jdbc2_0-stdext.jar;C:\GlassFishESB\netbeans\java2\modules\ext\hibernate\jta.jar;C:\GlassFishESB\netbeans\java2\modules\ext\hibernate\hibernate3.jar;C:\GlassFishESB\netbeans\java2\modules\ext\hibernate\hibernate-tools.jar;C:\GlassFishESB\netbeans\java2\modules\ext\hibernate\hibernate-annotations.jar;C:\GlassFishESB\netbeans\java2\modules\ext\hibernate\hibernate-commons-annotations.jar;C:\GlassFishESB\netbeans\java2\modules\ext\hibernate\hibernate-entitymanager.jar;C:\GlassFishESB\netbeans\java2\modules\ext\hibernate\javassist.jar" />
    <property name="java.vm.version" value="14.0-b16" />
    <property name="libs.MySQLDriver.src" value="" />
    <property name="java.class.path" value="C:\GlassFishESB\netbeans\soa2\modules\org-netbeans-modules-compapp-manager-jbi.jar;C:\GlassFishESB\netbeans\soa2\modules\org-netbeans-modules-compapp-projects-jbi.jar;C:\GlassFishESB\netbeans\soa2\modules\ext\jbi\jbi-admin-common.jar;C:\GlassFishESB\netbeans\soa2\modules\ext\jbi\catd.jar;C:\GlassFishESB\netbeans\java2\modules\ext\junit-3.8.2.jar;C:\GlassFishESB\netbeans\java2\modules\ext\jaxws21\api\saaj-api.jar;C:\GlassFishESB\netbeans\java2\modules\ext\jaxws21\saaj-impl.jar;C:\GlassFishESB\netbeans\java2\modules\ext\jaxws21\FastInfoset.jar;C:\GlassFishESB\netbeans\ide11\modules\org-netbeans-modules-editor-lib.jar;C:\GlassFishESB\netbeans\ide11\modules\org-netbeans-modules-editor.jar;C:\GlassFishESB\netbeans\ide11\modules\org-netbeans-modules-editor-util.jar;C:\GlassFishESB\netbeans\ide11\modules\org-netbeans-modules-editor-lib2.jar;C:\GlassFishESB\netbeans\ide11\modules\org-netbeans-modules-editor-indent.jar;C:\GlassFishESB\netbeans\ide11\modules\org-netbeans-modules-editor-plain.jar;C:\GlassFishESB\netbeans\ide11\modules\org-netbeans-modules-editor-plain-lib.jar;C:\GlassFishESB\netbeans\ide11\modules\org-netbeans-modules-editor-settings.jar;C:\GlassFishESB\netbeans\ide11\modules\org-netbeans-modules-editor-settings-storage.jar;C:\GlassFishESB\netbeans\ide11\modules\org-netbeans-modules-lexer.jar;C:\GlassFishESB\netbeans\ide11\modules\org-netbeans-modules-xml-core.jar;C:\GlassFishESB\netbeans\ide11\modules\org-netbeans-modules-xml-lexer.jar;C:\GlassFishESB\netbeans\ide11\modules\org-netbeans-modules-xml-text.jar;C:\GlassFishESB\netbeans\ide11\modules\org-netbeans-modules-xml-xdm.jar;C:\GlassFishESB\netbeans\ide11\modules\org-netbeans-modules-xml-xam.jar;C:\GlassFishESB\netbeans\ide11\modules\org-netbeans-modules-csl-api.jar;C:\GlassFishESB\netbeans\ide11\modules\ext\jaxb\activation.jar;C:\GlassFishESB\netbeans\platform10\lib\org-openide-modules.jar;C:\GlassFishESB\netbeans\platform10\lib\org-openide-util.jar;C:\GlassFishESB\netbeans\platform10\modules\org-openide-options.jar;C:\GlassFishESB\netbeans\platform10\modules\org-openide-text.jar;C:\GlassFishESB\netbeans\platform10\modules\org-openide-loaders.jar;C:\GlassFishESB\netbeans\platform10\modules\org-openide-nodes.jar;C:\GlassFishESB\netbeans\platform10\modules\org-netbeans-modules-editor-mimelookup.jar;C:\GlassFishESB\netbeans\platform10\modules\org-netbeans-modules-editor-mimelookup-impl.jar;C:\GlassFishESB\netbeans\platform10\core\org-openide-filesystems.jar;C:\ojc-local\open-jbi-components\driver-tests\bpelse\POJOCalls\demoExceptionHandling\demoExceptionHandlingApplication;C:\Program Files\Java\jre1.6.0_07\lib\ext\QTJava.zip;C:\GlassFishESB\netbeans\java2\ant\lib\ant-launcher.jar;C:\GlassFishESB\netbeans\java2\ant\lib\ant.jar;C:\GlassFishESB\netbeans\java2\ant\patches\72080.jar" />
    <property name="libs.hibernate-persistence.classpath" value="C:\GlassFishESB\netbeans\java2\modules\ext\hibernate\antlr-2.7.6.jar;C:\GlassFishESB\netbeans\java2\modules\ext\hibernate\asm.jar;C:\GlassFishESB\netbeans\java2\modules\ext\hibernate\asm-attrs.jar;C:\GlassFishESB\netbeans\java2\modules\ext\hibernate\cglib-2.1.3.jar;C:\GlassFishESB\netbeans\java2\modules\ext\hibernate\commons-collections-2.1.1.jar;C:\GlassFishESB\netbeans\ide11\modules\ext\commons-logging-1.1.jar;C:\GlassFishESB\netbeans\java2\modules\ext\hibernate\dom4j-1.6.1.jar;C:\GlassFishESB\netbeans\java2\modules\ext\hibernate\ehcache-1.2.3.jar;C:\GlassFishESB\netbeans\java2\modules\ext\hibernate\jdbc2_0-stdext.jar;C:\GlassFishESB\netbeans\java2\modules\ext\hibernate\jta.jar;C:\GlassFishESB\netbeans\java2\modules\ext\hibernate\hibernate3.jar;C:\GlassFishESB\netbeans\java2\modules\ext\hibernate\hibernate-tools.jar;C:\GlassFishESB\netbeans\java2\modules\ext\hibernate\hibernate-annotations.jar;C:\GlassFishESB\netbeans\java2\modules\ext\hibernate\hibernate-commons-annotations.jar;C:\GlassFishESB\netbeans\java2\modules\ext\hibernate\hibernate-entitymanager.jar;C:\GlassFishESB\netbeans\java2\modules\ext\hibernate\javassist.jar;C:\GlassFishESB\netbeans\java2\modules\ext\hibernate\ejb3-persistence.jar" />
    <property name="os.arch" value="x86" />
    <property name="libs.PojoSELib.src" value="C:\GlassFishESB\netbeans\soa2\modules\ext\jbi\openesb-pojo-engine-api-src.jar" />
    <property name="javac.deprecation" value="false" />
    <property name="libs.PojoSELib.javadoc" value="C:\GlassFishESB\netbeans\soa2\modules\ext\jbi\openesb-pojo-engine-api-javadoc.jar" />
    <property name="build.classes.excludes" value="**/*.java,**/*.form,**/.nbattrs" />
    <property name="dist.dir" value="dist" />
    <property name="debug.classpath" value="${javac.classpath}:build/jar" />
    <property name="netbeans.user" value="C:\Users\mpottlapelli\.netbeans\sierra" />
    <property name="sun.java.launcher" value="SUN_STANDARD" />
    <property name="enterprise.module.install.dir" value="C:\GlassFishESB\netbeans\enterprise5\modules" />
    <property name="ant.core.lib" value="C:\GlassFishESB\netbeans\java2\ant\lib\ant.jar" />
    <property name="java.vm.specification.vendor" value="Sun Microsystems Inc." />
    <property name="libs.restapi.maven-pom" value="" />
    <property name="file.separator" value="\" />
    <property name="java.runtime.version" value="1.6.0_14-b08" />
    <property name="sun.boot.class.path" value="C:\Java\jdk6_14\jre\lib\resources.jar;C:\Java\jdk6_14\jre\lib\rt.jar;C:\Java\jdk6_14\jre\lib\sunrsasign.jar;C:\Java\jdk6_14\jre\lib\jsse.jar;C:\Java\jdk6_14\jre\lib\jce.jar;C:\Java\jdk6_14\jre\lib\charsets.jar;C:\Java\jdk6_14\jre\classes" />
    <property name="libs.restlib.maven-pom" value="" />
    <property name="libs.beans-binding.classpath" value="C:\GlassFishESB\netbeans\java2\modules\ext\beansbinding-1.2.1.jar" />
    <property name="jspctask.classpath" value="C:\GlassFishESB\netbeans\enterprise5\ant\extra\jspcompile.jar" />
    <property name="have.tests" value="true" />
    <property name="libs.spring-webmvc.maven-pom" value="" />
    <property name="libs.spring-webmvc.javadoc" value="" />
    <property name="libs.JWSAntTasks.maven-pom" value="" />
    <property name="java.util.logging.config.class" value="org.netbeans.core.startup.TopLogging" />
    <property name="resource.demoExceptionHandling" value="../demoExceptionHandling/setup" />
    <property name="libs.javac-api.classpath" value="C:\GlassFishESB\netbeans\java2\modules\ext\javac-api-nb-7.0-b07.jar" />
    <property name="user.country" value="US" />
    <property name="javadoc.notree" value="false" />
    <property name="libs.struts.javadoc" value="C:\GlassFishESB\netbeans\enterprise5\docs\struts-1.3.8-javadoc.zip" />
    <property name="libs.Encoder-Framework.javadoc" value="" />
    <property name="libs.jaxws21.javadoc" value="C:\GlassFishESB\netbeans\java2\docs\jaxws-2_1-api-doc.zip" />
    <property name="libs.jsf12.classpath" value="C:\GlassFishESB\netbeans\enterprise5\modules\ext\jsf-1_2\commons-beanutils.jar;C:\GlassFishESB\netbeans\enterprise5\modules\ext\jsf-1_2\commons-collections.jar;C:\GlassFishESB\netbeans\enterprise5\modules\ext\jsf-1_2\commons-digester.jar;C:\GlassFishESB\netbeans\enterprise5\modules\ext\jsf-1_2\commons-logging.jar;C:\GlassFishESB\netbeans\enterprise5\modules\ext\jsf-1_2\jsf-api.jar;C:\GlassFishESB\netbeans\enterprise5\modules\ext\jsf-1_2\jsf-impl.jar" />
    <property name="default.javac.target" value="1.6" />
    <property name="build.classes.dir" value="build/jar" />
    <property name="libs.PojoSELib.maven-pom" value="" />
    <property name="libs.swing-layout.javadoc" value="C:\GlassFishESB\netbeans\platform10\docs\swing-layout-1.0.3-doc.zip" />
    <property name="libs.swing-layout.src" value="C:\GlassFishESB\netbeans\platform10\docs\swing-layout-1.0.3-src.zip" />
    <property name="java.vendor" value="Sun Microsystems Inc." />
    <property name="javac.target" value="1.4" />
    <property name="libs.swing-app-framework.src" value="" />
    <property name="java.specification.version" value="1.6" />
    <property name="libs.struts.maven-pom" value="" />
    <property name="libs.JWSAntTasks.javadoc" value="" />
    <property name="sun.arch.data.model" value="32" />
    <property name="libs.Encoder-HL7.javadoc" value="" />
  </properties>
  <testcase classname="org.netbeans.modules.compapp.catd.ConfiguredTest" name="TestCase1" time="0.845" />
  <testcase classname="org.netbeans.modules.compapp.catd.ConfiguredTest" name="TestCase2" time="0.086" />
  <testcase classname="org.netbeans.modules.compapp.catd.ConfiguredTest" name="TestCase3" time="0.06" />
  <system-out><![CDATA[GenerateATSOutput=${generate.ats.output}
NetBeansUserDir=C:\Users\mpottlapelli\.netbeans\sierra
awt.toolkit=sun.awt.windows.WToolkit
file.encoding=Cp1252
file.encoding.pkg=sun.io
file.separator=\
java.awt.graphicsenv=sun.awt.Win32GraphicsEnvironment
java.awt.printerjob=sun.awt.windows.WPrinterJob
java.class.path=C:\GlassFishESB\netbeans\soa2\modules\org-netbeans-modules-compapp-manager-jbi.jar;C:\GlassFishESB\netbeans\soa2\modules\org-netbeans-modules-compapp-projects-jbi.jar;C:\GlassFishESB\netbeans\soa2\modules\ext\jbi\jbi-admin-common.jar;C:\GlassFishESB\netbeans\soa2\modules\ext\jbi\catd.jar;C:\GlassFishESB\netbeans\java2\modules\ext\junit-3.8.2.jar;C:\GlassFishESB\netbeans\java2\modules\ext\jaxws21\api\saaj-api.jar;C:\GlassFishESB\netbeans\java2\modules\ext\jaxws21\saaj-impl.jar;C:\GlassFishESB\netbeans\java2\modules\ext\jaxws21\FastInfoset.jar;C:\GlassFishESB\netbeans\ide11\modules\org-netbeans-modules-editor-lib.jar;C:\GlassFishESB\netbeans\ide11\modules\org-netbeans-modules-editor.jar;C:\GlassFishESB\netbeans\ide11\modules\org-netbeans-modules-editor-util.jar;C:\GlassFishESB\netbeans\ide11\modules\org-netbeans-modules-editor-lib2.jar;C:\GlassFishESB\netbeans\ide11\modules\org-netbeans-modules-editor-indent.jar;C:\GlassFishESB\netbeans\ide11\modules\org-netbeans-modules-editor-plain.jar;C:\GlassFishESB\netbeans\ide11\modules\org-netbeans-modules-editor-plain-lib.jar;C:\GlassFishESB\netbeans\ide11\modules\org-netbeans-modules-editor-settings.jar;C:\GlassFishESB\netbeans\ide11\modules\org-netbeans-modules-editor-settings-storage.jar;C:\GlassFishESB\netbeans\ide11\modules\org-netbeans-modules-lexer.jar;C:\GlassFishESB\netbeans\ide11\modules\org-netbeans-modules-xml-core.jar;C:\GlassFishESB\netbeans\ide11\modules\org-netbeans-modules-xml-lexer.jar;C:\GlassFishESB\netbeans\ide11\modules\org-netbeans-modules-xml-text.jar;C:\GlassFishESB\netbeans\ide11\modules\org-netbeans-modules-xml-xdm.jar;C:\GlassFishESB\netbeans\ide11\modules\org-netbeans-modules-xml-xam.jar;C:\GlassFishESB\netbeans\ide11\modules\org-netbeans-modules-csl-api.jar;C:\GlassFishESB\netbeans\ide11\modules\ext\jaxb\activation.jar;C:\GlassFishESB\netbeans\platform10\lib\org-openide-modules.jar;C:\GlassFishESB\netbeans\platform10\lib\org-openide-util.jar;C:\GlassFishESB\netbeans\platform10\modules\org-openide-options.jar;C:\GlassFishESB\netbeans\platform10\modules\org-openide-text.jar;C:\GlassFishESB\netbeans\platform10\modules\org-openide-loaders.jar;C:\GlassFishESB\netbeans\platform10\modules\org-openide-nodes.jar;C:\GlassFishESB\netbeans\platform10\modules\org-netbeans-modules-editor-mimelookup.jar;C:\GlassFishESB\netbeans\platform10\modules\org-netbeans-modules-editor-mimelookup-impl.jar;C:\GlassFishESB\netbeans\platform10\core\org-openide-filesystems.jar;C:\ojc-local\open-jbi-components\driver-tests\bpelse\POJOCalls\demoExceptionHandling\demoExceptionHandlingApplication;C:\Program Files\Java\jre1.6.0_07\lib\ext\QTJava.zip;C:\GlassFishESB\netbeans\java2\ant\lib\ant-launcher.jar;C:\GlassFishESB\netbeans\java2\ant\lib\ant.jar;C:\GlassFishESB\netbeans\java2\ant\patches\72080.jar
java.class.version=50.0
java.endorsed.dirs=C:\Java\jdk6_14\jre\lib\endorsed
java.ext.dirs=C:\Java\jdk6_14\jre\lib\ext;C:\Windows\Sun\Java\lib\ext
java.home=C:\Java\jdk6_14\jre
java.io.tmpdir=C:\Users\MPOTTL~1\AppData\Local\Temp\
java.library.path=C:\Java\jdk6_14\jre\bin;.;C:\Windows\Sun\Java\bin;C:\Windows\system32;C:\Windows;C:\Windows\system32;C:\Windows;C:\Windows\System32\Wbem;C:\Program Files\Intel\DMIX;C:\Program Files\NTRU Cryptosystems\NTRU TCG Software Stack\bin\;C:\Program Files\Wave Systems Corp\Gemalto\Access Client\v5\;C:\Program Files\Intel\WiFi\bin\;C:\Program Files\Common Files\Roxio Shared\DLLShared\;C:\Program Files\Common Files\Roxio Shared\9.0\DLLShared\;C:\Program Files\IDM Computer Solutions\UltraEdit-32;C:\Program Files\Bitvise Tunnelier;C:\Program Files\TortoiseSVN\bin;C:\Program Files\QuickTime\QTSystem\;C:\Program Files\Subversion\bin;C:\tools\ant\dist\bin;C:\Java\jdk1.5.0_19\bin;C:\adabas\bin;C:\adabas\pgm;C:\tools\apache-maven-2.0.9\bin;C:\tools\UnixTools\usr\local\wbin;C:\Program Files\CVSNT\
java.runtime.name=Java(TM) SE Runtime Environment
java.runtime.version=1.6.0_14-b08
java.specification.name=Java Platform API Specification
java.specification.vendor=Sun Microsystems Inc.
java.specification.version=1.6
java.vendor=Sun Microsystems Inc.
java.vendor.url=http://java.sun.com/
java.vendor.url.bug=http://java.sun.com/cgi-bin/bugreport.cgi
java.version=1.6.0_14
java.vm.info=mixed mode
java.vm.name=Java HotSpot(TM) Client VM
java.vm.specification.name=Java Virtual Machine Specification
java.vm.specification.vendor=Sun Microsystems Inc.
java.vm.specification.version=1.0
java.vm.vendor=Sun Microsystems Inc.
java.vm.version=14.0-b16
line.separator=

org.netbeans.modules.compapp.catd.context=
os.arch=x86
os.name=Windows Vista
os.version=6.0
path.separator=;
sun.arch.data.model=32
sun.boot.class.path=C:\Java\jdk6_14\jre\lib\resources.jar;C:\Java\jdk6_14\jre\lib\rt.jar;C:\Java\jdk6_14\jre\lib\sunrsasign.jar;C:\Java\jdk6_14\jre\lib\jsse.jar;C:\Java\jdk6_14\jre\lib\jce.jar;C:\Java\jdk6_14\jre\lib\charsets.jar;C:\Java\jdk6_14\jre\classes
sun.boot.library.path=C:\Java\jdk6_14\jre\bin
sun.cpu.endian=little
sun.cpu.isalist=pentium_pro+mmx pentium_pro pentium+mmx pentium i486 i386 i86
sun.desktop=windows
sun.io.unicode.encoding=UnicodeLittle
sun.java.launcher=SUN_STANDARD
sun.jnu.encoding=Cp1252
sun.management.compiler=HotSpot Client Compiler
sun.os.patch.level=Service Pack 2
user.country=US
user.dir=C:\ojc-local\open-jbi-components\driver-tests\bpelse\POJOCalls\demoExceptionHandling\demoExceptionHandlingApplication
user.home=C:\Users\mpottlapelli
user.language=en
user.name=mpottlapelli
user.timezone=America/Los_Angeles
user.variant=
Test TestCase1\Concurrent.properties Passed. Threads count Success: <1> Error: <0> Not completed: <0>
Test TestCase2\Concurrent.properties Passed. Threads count Success: <1> Error: <0> Not completed: <0>
Test TestCase3\Concurrent.properties Passed. Threads count Success: <1> Error: <0> Not completed: <0>
]]></system-out>
  <system-err><![CDATA[]]></system-err>
</testsuite>
