<?xml version="1.0" encoding="UTF-8" ?>
<testsuite errors="0" failures="0" hostname="vmulakkayala-e6" name="org.netbeans.modules.compapp.catd.ConfiguredTest" tests="236" time="638.849" timestamp="2009-03-11T21:41:07">
  <properties>
    <property name="com.sun.jbi.sa.internal.routing" value="true" />
    <property name="libs.Encoder-HL7.javadoc" value="" />
    <property name="libs.DataBindingME.src" value="" />
    <property name="libs.j2me_ant_ext.javadoc" value="" />
    <property name="source.root" value="src" />
    <property name="org.openide.TopManager.GUI" value="true" />
    <property name="libs.theme-default.classpath" value="C:\workspace\nbentpack\build\netbeans\visualweb2\modules\ext\defaulttheme.jar" />
    <property name="libs.proguard.javadoc" value="" />
    <property name="libs.junit.javadoc" value="C:\workspace\nbentpack\build\netbeans\java2\docs\junit-3.8.2-api.zip" />
    <property name="libs.nsicom-ant-utils.src" value="" />
    <property name="libs.nokiaS80-ant-utils.javadoc" value="" />
    <property name="ant.core.lib" value="C:\workspace\nbentpack\build\netbeans\java2\ant\lib\ant.jar" />
    <property name="libs.swing-app-framework.src" value="" />
    <property name="libs.jakarta_slide_ant_webdav.javadoc" value="" />
    <property name="javadoc.windowtitle" value="" />
    <property name="libs.toplink.classpath" value="C:\workspace\nbentpack\build\netbeans\java2\modules\ext\toplink\toplink-essentials.jar;C:\workspace\nbentpack\build\netbeans\java2\modules\ext\toplink\toplink-essentials-agent.jar" />
    <property name="user.dir" value="C:\workspace\openjbi\open-jbi-components\driver-tests\bpelse\assign\AssignJbi" />
    <property name="libs.theme-default-green.classpath" value="C:\workspace\nbentpack\build\netbeans\visualweb2\modules\ext\defaulttheme-green.jar" />
    <property name="libs.hibernate-persistence.javadoc" value="" />
    <property name="libs.JMUnit4CLDC10.javadoc" value="C:\workspace\nbentpack\build\netbeans\mobility8\modules\docs\jmunit-1.2.1-api.zip" />
    <property name="java.vm.version" value="1.5.0_17-b04" />
    <property name="libs.DataBindingME.classpath" value="C:\workspace\nbentpack\build\netbeans\mobility8\modules\ext\netbeans_databindingme.jar" />
    <property name="libs.jstl11.maven-pom" value="" />
    <property name="libs.nsicom-ant-utils.classpath" value="C:\workspace\nbentpack\build\netbeans\mobility8\ant\nblib\org-netbeans-modules-j2me-cdc-project-nsicom.jar" />
    <property name="libs.MySQLDriver.classpath" value="C:\workspace\nbentpack\build\netbeans\ide10\modules\ext\mysql-connector-java-5.1.6-bin.jar" />
    <property name="jbi.content.additional" value="../AssignBpel/build/SEDeployment.jar" />
    <property name="libs.jstl11.src" value="" />
    <property name="javadoc.notree" value="false" />
    <property name="libs.DataBindingME-PIM.maven-pom" value="" />
    <property name="libs.hibernate-support.maven-pom" value="" />
    <property name="libs.hibernate-support.javadoc" value="" />
    <property name="libs.exceptionhandler-runtime.maven-pom" value="" />
    <property name="libs.NetBeans MIDP Components.maven-pom" value="" />
    <property name="jdk.home" value="C:\Program Files\Java\jdk1.5.0_17" />
    <property name="libs.javac-api.src" value="" />
    <property name="javadoc.noindex" value="false" />
    <property name="xml.module.install.dir" value="C:\workspace\nbentpack\build\netbeans\xml2\modules" />
    <property name="libs.theme-default-green.runtime" value="C:\workspace\nbentpack\build\netbeans\visualweb2\modules\ext\defaulttheme-green.jar" />
    <property name="sun.os.patch.level" value="" />
    <property name="libs.theme-default-gray.runtime" value="C:\workspace\nbentpack\build\netbeans\visualweb2\modules\ext\defaulttheme-gray.jar" />
    <property name="java.vm.specification.name" value="Java Virtual Machine Specification" />
    <property name="libs.semc-ant-utils.classpath" value="C:\workspace\nbentpack\build\netbeans\mobility8\modules\ext\org-netbeans-modules-j2me-cdc-project-semc.jar" />
    <property name="libs.Encoder-Custom.javadoc" value="" />
    <property name="nb.show.statistics.ui" value="usageStatisticsEnabled" />
    <property name="libs.jsf-extensions.maven-pom" value="" />
    <property name="libs.jdbcsupport-runtime.classpath" value="C:\workspace\nbentpack\build\netbeans\visualweb2\modules\ext\sqlx.jar" />
    <property name="libs.nokiadeployment.classpath" value="C:\workspace\nbentpack\build\netbeans\mobility8\modules\org-netbeans-modules-mobility-deployment-nokia.jar" />
    <property name="have.tests" value="true" />
    <property name="libs.nokiaS80-ant-utils.maven-pom" value="" />
    <property name="libs.jdbcsupport-designtime.classpath" value="C:\workspace\nbentpack\build\netbeans\visualweb2\modules\ext\sqlx.jar" />
    <property name="org.xml.sax.driver" value="com.sun.org.apache.xerces.internal.parsers.SAXParser" />
    <property name="libs.nb_svg_midp_components.src" value="C:\workspace\nbentpack\build\netbeans\mobility8\sources\nb_svg_midp_components-src.zip" />
    <property name="j2ee.server.instance" value="[C:\workspace\nbentpack\build\glassfish]deployer:Sun:AppServer::localhost:4848" />
    <property name="netbeans.derby.system.home" value="C:\workspace\nbentpack\build\glassfish\databases" />
    <property name="libs.NetBeans MIDP Components WMA.src" value="C:\workspace\nbentpack\build\netbeans\mobility8\sources\netbeans_midp_components_wma-src.zip" />
    <property name="libs.javac-api.javadoc" value="" />
    <property name="os.name" value="Windows Vista" />
    <property name="libs.beans-binding.classpath" value="C:\workspace\nbentpack\build\netbeans\java2\modules\ext\beansbinding-1.2.1.jar" />
    <property name="libs.DataBindingME-SVG.javadoc" value="C:\workspace\nbentpack\build\netbeans\mobility8\modules\docs\netbeans_databindingme_svg-api.zip" />
    <property name="libs.restapi.javadoc" value="C:\workspace\nbentpack\build\netbeans\enterprise5\docs\jsr311-api-doc.zip" />
    <property name="libs.JWSAntTasks.maven-pom" value="" />
    <property name="rave.build" value="thresher-fcs" />
    <property name="libs.restapi.classpath" value="C:\workspace\nbentpack\build\netbeans\enterprise5\modules\ext\rest\jsr311-api.jar" />
    <property name="lastJBIComponentInstallationDir" value="C:\workspace\openjbi\open-jbi-components\ojc-core\bpelse\packaging\bld" />
    <property name="java.vendor.url.bug" value="http://java.sun.com/cgi-bin/bugreport.cgi" />
    <property name="libs.nsicom-ant-utils.javadoc" value="" />
    <property name="libs.jaxb.maven-pom" value="" />
    <property name="os.arch" value="x86" />
    <property name="libs.Encoder-Custom.classpath" value="C:\workspace\nbentpack\build\netbeans\soa2\modules\ext\encoder\custom.jar;C:\workspace\nbentpack\build\netbeans\soa2\modules\ext\encoder\customencoder-xsdextension.jar" />
    <property name="user.name" value="vmulakkayala" />
    <property name="libs.jsf12.javadoc" value="C:\workspace\nbentpack\build\netbeans\enterprise5\docs\javaee5-doc-api.zip" />
    <property name="libs.swing-layout.maven-pom" value="" />
    <property name="build.classes.dir" value="build/jar" />
    <property name="netbeans.accept_license_class" value="org.netbeans.license.AcceptLicense" />
    <property name="enterprise.module.install.dir" value="C:\workspace\nbentpack\build\netbeans\enterprise5\modules" />
    <property name="libs.jaxws21.javadoc" value="C:\workspace\nbentpack\build\netbeans\java2\docs\jaxws-2_1-api-doc.zip" />
    <property name="user.country" value="US" />
    <property name="libs.jstl11.javadoc" value="C:\workspace\nbentpack\build\netbeans\enterprise5\docs\javaee5-doc-api.zip" />
    <property name="libs.JMUnit4CLDC11.src" value="" />
    <property name="javadoc.encoding" value="" />
    <property name="libs.jsfsupport-designtime.javadoc" value="C:\workspace\nbentpack\build\netbeans\visualweb2\docs\appbase-doc.zip;C:\workspace\nbentpack\build\netbeans\visualweb2\docs\dataprovider-doc.zip;C:\workspace\nbentpack\build\netbeans\visualweb2\docs\jsfcl-doc.zip" />
    <property name="libs.JAVADB_DRIVER_LABEL.src" value="" />
    <property name="libs.bdj-ant-utils.src" value="" />
    <property name="meta.inf" value="src/conf" />
    <property name="netbeans.system_http_non_proxy_hosts" value="" />
    <property name="netbeans.home" value="C:\workspace\nbentpack\build\netbeans\platform9" />
    <property name="build.compiler.emacs" value="true" />
    <property name="libs.ejb3-persistence.src" value="" />
    <property name="libs.nokiaS80-ant-utils.src" value="" />
    <property name="libs.jdbcsupport-runtime.javadoc" value="" />
    <property name="libs.cdc-pp-awt-layout.javadoc" value="" />
    <property name="libs.j2me_ant_ext.classpath" value="C:\workspace\nbentpack\build\netbeans\mobility8\modules\org-netbeans-modules-mobility-antext.jar;C:\workspace\nbentpack\build\netbeans\ide10\modules\org-netbeans-modules-classfile.jar" />
    <property name="java.endorsed.dirs" value="C:\Program Files\Java\jdk1.5.0_17\jre\lib\endorsed" />
    <property name="libs.groovy-all.src" value="" />
    <property name="netbeans.dynamic.classpath" value="C:\workspace\nbentpack\build\netbeans\platform9\core\core.jar;C:\workspace\nbentpack\build\netbeans\platform9\core\org-openide-filesystems.jar;C:\workspace\nbentpack\build\netbeans\nb6.5\core\org-netbeans-upgrader.jar;C:\workspace\nbentpack\build\netbeans\nb6.5\core\locale\core_nb.jar" />
    <property name="ant.file.AssignJbi-jbi-impl" value="C:\workspace\openjbi\open-jbi-components\driver-tests\bpelse\assign\AssignJbi\nbproject\build-impl.xml" />
    <property name="libs.cdc-agui-swing-layout.maven-pom" value="" />
    <property name="libs.cdc-pp-awt-layout.src" value="C:\workspace\nbentpack\build\netbeans\mobility8\sources\cdc-pp-awt-layout-src.zip" />
    <property name="java.vm.specification.version" value="1.0" />
    <property name="libs.jakarta_slide_ant_webdav.src" value="" />
    <property name="libs.sjmc-ant-utils.maven-pom" value="" />
    <property name="libs.groovy-all.maven-pom" value="" />
    <property name="libs.JMUnit4CLDC10.maven-pom" value="" />
    <property name="libs.hibernate-persistence.classpath" value="C:\workspace\nbentpack\build\netbeans\java2\modules\ext\hibernate\antlr-2.7.6.jar;C:\workspace\nbentpack\build\netbeans\java2\modules\ext\hibernate\asm.jar;C:\workspace\nbentpack\build\netbeans\java2\modules\ext\hibernate\asm-attrs.jar;C:\workspace\nbentpack\build\netbeans\java2\modules\ext\hibernate\cglib-2.1.3.jar;C:\workspace\nbentpack\build\netbeans\java2\modules\ext\hibernate\commons-collections-2.1.1.jar;C:\workspace\nbentpack\build\netbeans\ide10\modules\ext\commons-logging-1.1.jar;C:\workspace\nbentpack\build\netbeans\java2\modules\ext\hibernate\dom4j-1.6.1.jar;C:\workspace\nbentpack\build\netbeans\java2\modules\ext\hibernate\ehcache-1.2.3.jar;C:\workspace\nbentpack\build\netbeans\java2\modules\ext\hibernate\jdbc2_0-stdext.jar;C:\workspace\nbentpack\build\netbeans\java2\modules\ext\hibernate\jta.jar;C:\workspace\nbentpack\build\netbeans\java2\modules\ext\hibernate\hibernate3.jar;C:\workspace\nbentpack\build\netbeans\java2\modules\ext\hibernate\hibernate-tools.jar;C:\workspace\nbentpack\build\netbeans\java2\modules\ext\hibernate\hibernate-annotations.jar;C:\workspace\nbentpack\build\netbeans\java2\modules\ext\hibernate\hibernate-commons-annotations.jar;C:\workspace\nbentpack\build\netbeans\java2\modules\ext\hibernate\hibernate-entitymanager.jar;C:\workspace\nbentpack\build\netbeans\java2\modules\ext\hibernate\javassist.jar;C:\workspace\nbentpack\build\netbeans\java2\modules\ext\hibernate\ejb3-persistence.jar" />
    <property name="libs.jaxws21.src" value="" />
    <property name="libs.swing-app-framework.classpath" value="C:\workspace\nbentpack\build\netbeans\java2\modules\ext\appframework-1.0.3.jar;C:\workspace\nbentpack\build\netbeans\java2\modules\ext\swing-worker-1.1.jar" />
    <property name="libs.jakarta_slide_ant_webdav.classpath" value="C:\workspace\nbentpack\build\netbeans\mobility8\modules\ext\commons-httpclient-3.0.1.jar;C:\workspace\nbentpack\build\netbeans\ide10\modules\ext\commons-logging-1.1.jar;C:\workspace\nbentpack\build\netbeans\mobility8\modules\ext\jdom-1.0.jar;C:\workspace\nbentpack\build\netbeans\mobility8\modules\ext\jakarta-slide-webdavlib-2.1.jar;C:\workspace\nbentpack\build\netbeans\mobility8\modules\ext\jakarta-slide-ant-webdav-2.1.jar" />
    <property name="org.netbeans.core.startup.specialResource" value="nullcom.sun.jdo.api.persistence.mapping.ejb" />
    <property name="libs.Encoder-Framework.javadoc" value="" />
    <property name="java.vendor" value="Sun Microsystems Inc." />
    <property name="libs.JMUnit4CLDC10.src" value="" />
    <property name="javac.debug" value="true" />
    <property name="javadoc.splitindex" value="true" />
    <property name="file.separator" value="\" />
    <property name="libs.ActiveSync.classpath" value="C:\workspace\nbentpack\build\netbeans\mobility8\modules\ext\nbactivesync-5.0.jar" />
    <property name="libs.junit_4.maven-pom" value="" />
    <property name="netbeans.buildnumber" value="200903051801" />
    <property name="libs.JWSAntTasks.javadoc" value="" />
    <property name="user.variant" value="" />
    <property name="libs.webui-runtime.classpath" value="C:\workspace\nbentpack\build\netbeans\visualweb2\modules\ext\webui.jar;C:\workspace\nbentpack\build\netbeans\enterprise5\modules\ext\commons-fileupload-1.0.jar" />
    <property name="sun.java.launcher" value="SUN_STANDARD" />
    <property name="libs.junit.classpath" value="C:\workspace\nbentpack\build\netbeans\java2\modules\ext\junit-3.8.2.jar" />
    <property name="libs.jaxb.javadoc" value="" />
    <property name="libs.struts.classpath" value="C:\workspace\nbentpack\build\netbeans\enterprise5\modules\ext\struts\antlr.jar;C:\workspace\nbentpack\build\netbeans\enterprise5\modules\ext\struts\commons-beanutils.jar;C:\workspace\nbentpack\build\netbeans\enterprise5\modules\ext\struts\commons-digester.jar;C:\workspace\nbentpack\build\netbeans\enterprise5\modules\ext\struts\commons-logging.jar;C:\workspace\nbentpack\build\netbeans\enterprise5\modules\ext\struts\commons-validator.jar;C:\workspace\nbentpack\build\netbeans\enterprise5\modules\ext\struts\jakarta-oro.jar;C:\workspace\nbentpack\build\netbeans\enterprise5\modules\ext\struts\struts.jar;C:\workspace\nbentpack\build\netbeans\enterprise5\modules\ext\commons-fileupload-1.0.jar" />
    <property name="libs.woodstock-theme-default.classpath" value="C:\workspace\nbentpack\build\netbeans\visualweb2\modules\ext\webui-jsf-suntheme.jar" />
    <property name="ant.home" value="C:\workspace\nbentpack\build\netbeans\java2\ant" />
    <property name="libs.junit_4.src" value="C:\workspace\nbentpack\build\netbeans\java2\docs\junit-4.5-src.jar" />
    <property name="libs.ricoh-ant-utils.maven-pom" value="" />
    <property name="libs.absolutelayout.maven-pom" value="" />
    <property name="ant.java.version" value="1.5" />
    <property name="java.library.path" value="C:\Program Files\Java\jdk1.5.0_17\jre\bin;.;C:\Windows\system32;C:\Windows;C:\PROGRA~1\GTK\bin;C:\Windows\system32;C:\Windows;C:\Windows\System32\Wbem;C:\Program Files\Intel\DMIX;C:\Program Files\Intel\WiFi\bin\;C:\Program Files\Common Files\Roxio Shared\DLLShared\;C:\Program Files\Common Files\Roxio Shared\9.0\DLLShared\;c:\Program Files\Microsoft SQL Server\100\Tools\Binn\;c:\Program Files\Microsoft SQL Server\100\DTS\Binn\;C:\Windows\System32\WindowsPowerShell\v1.0\;C:\Program Files\NTRU Cryptosystems\NTRU TCG Software Stack\bin\;C:\Program Files\QuickTime\QTSystem\;C:\Program Files\Apache Software Foundation\apache-maven-2.0.9\bin;C:\Users\vmulakkayala\.bashhome\bin;C:\Program Files\CVS Suite\CVSNT Tools\;C:\Program Files\Python25" />
    <property name="javadoc.author" value="false" />
    <property name="libs.Encoder-HL7.classpath" value="C:\workspace\nbentpack\build\netbeans\soa2\modules\ext\encoder\hl7.jar;C:\workspace\nbentpack\build\netbeans\soa2\modules\ext\encoder\hl7encoder-xsdextension.jar" />
    <property name="java.util.logging.config.class" value="org.netbeans.core.startup.TopLogging" />
    <property name="libs.PostgreSQLDriver.src" value="" />
    <property name="sun.arch.data.model" value="32" />
    <property name="basedir" value="C:\workspace\openjbi\open-jbi-components\driver-tests\bpelse\assign\AssignJbi" />
    <property name="libs.ActiveSync.src" value="" />
    <property name="jar.compress" value="false" />
    <property name="libs.NetBeans MIDP Components PDA.src" value="C:\workspace\nbentpack\build\netbeans\mobility8\sources\netbeans_midp_components_pda-src.zip" />
    <property name="libs.jstl11.classpath" value="C:\workspace\nbentpack\build\netbeans\enterprise5\modules\ext\standard.jar;C:\workspace\nbentpack\build\netbeans\enterprise5\modules\ext\jstl.jar" />
    <property name="path.separator" value=";" />
    <property name="com.sun.aas.installRoot" value="C:\workspace\nbentpack\build\glassfish" />
    <property name="sun.io.unicode.encoding" value="UnicodeLittle" />
    <property name="libs.semc-ant-utils.javadoc" value="" />
    <property name="libs.jaxws21.classpath" value="C:\workspace\nbentpack\build\netbeans\ide10\modules\ext\jaxb\activation.jar;C:\workspace\nbentpack\build\netbeans\ide10\modules\ext\jaxb\api\jaxb-api.jar;C:\workspace\nbentpack\build\netbeans\ide10\modules\ext\jaxb\jaxb-impl.jar;C:\workspace\nbentpack\build\netbeans\ide10\modules\ext\jaxb\jaxb-xjc.jar;C:\workspace\nbentpack\build\netbeans\ide10\modules\ext\jaxb\api\jsr173_api.jar;C:\workspace\nbentpack\build\netbeans\java2\modules\ext\jaxws21\FastInfoset.jar;C:\workspace\nbentpack\build\netbeans\java2\modules\ext\jaxws21\http.jar;C:\workspace\nbentpack\build\netbeans\java2\modules\ext\jaxws21\api\jaxws-api.jar;C:\workspace\nbentpack\build\netbeans\java2\modules\ext\jaxws21\jaxws-rt.jar;C:\workspace\nbentpack\build\netbeans\java2\modules\ext\jaxws21\jaxws-tools.jar;C:\workspace\nbentpack\build\netbeans\java2\modules\ext\jaxws21\api\jsr181-api.jar;C:\workspace\nbentpack\build\netbeans\java2\modules\ext\jaxws21\api\jsr250-api.jar;C:\workspace\nbentpack\build\netbeans\java2\modules\ext\jaxws21\mimepull.jar;C:\workspace\nbentpack\build\netbeans\java2\modules\ext\jaxws21\resolver.jar;C:\workspace\nbentpack\build\netbeans\java2\modules\ext\jaxws21\api\saaj-api.jar;C:\workspace\nbentpack\build\netbeans\java2\modules\ext\jaxws21\saaj-impl.jar;C:\workspace\nbentpack\build\netbeans\java2\modules\ext\jaxws21\sjsxp.jar;C:\workspace\nbentpack\build\netbeans\java2\modules\ext\jaxws21\stax-ex.jar;C:\workspace\nbentpack\build\netbeans\java2\modules\ext\jaxws21\streambuffer.jar" />
    <property name="libs.struts.src" value="" />
    <property name="user.language" value="en" />
    <property name="libs.Encoder-Framework.src" value="" />
    <property name="libs.dojo.scriptpath" value="C:\workspace\nbentpack\build\netbeans\webcommon1\modules\ext\javascript\dojo-1.1.1.zip" />
    <property name="ant.file." value="C:\workspace\openjbi\open-jbi-components\driver-tests\bpelse\assign\AssignJbi\build.xml" />
    <property name="libs.spring-framework.classpath" value="C:\workspace\nbentpack\build\netbeans\ide10\modules\ext\commons-logging-1.1.jar;C:\workspace\nbentpack\build\netbeans\java2\modules\ext\cglib-2.2.jar;C:\workspace\nbentpack\build\netbeans\java2\modules\ext\spring\spring-2.5.jar" />
    <property name="useJavaUtilZip" value="true" />
    <property name="libs.Encoder-Framework.classpath" value="C:\workspace\nbentpack\build\netbeans\soa2\modules\ext\encoder\encoderframework.jar;C:\workspace\nbentpack\build\netbeans\soa2\modules\ext\encoder\encoderfrmwk-xsdextension.jar;C:\workspace\nbentpack\build\netbeans\soa2\modules\ext\xmlbeans-2.1.0\xbean.jar" />
    <property name="libs.swing-layout.javadoc" value="C:\workspace\nbentpack\build\netbeans\platform9\docs\swing-layout-1.0.3-doc.zip" />
    <property name="libs.swing-app-framework.javadoc" value="C:\workspace\nbentpack\build\netbeans\java2\docs\appframework-1.0.3-doc.zip" />
    <property name="libs.ejb3-persistence.maven-pom" value="" />
    <property name="libs.proguard.classpath" value="C:\workspace\nbentpack\build\netbeans\mobility8\external\proguard\proguard4.2.jar" />
    <property name="libs.DataBindingME-SVG.classpath" value="C:\workspace\nbentpack\build\netbeans\mobility8\modules\ext\netbeans_databindingme_svg.jar" />
    <property name="https.nonProxyHosts" value="localhost|127.0.0.1|vmulakkayala-e6" />
    <property name="libs.PostgreSQLDriver.maven-pom" value="" />
    <property name="java.class.version" value="49.0" />
    <property name="libs.JAVADB_DRIVER_LABEL.classpath" value="C:\workspace\nbentpack\build\glassfish\javadb\lib\derby.jar;C:\workspace\nbentpack\build\glassfish\javadb\lib\derbyclient.jar;C:\workspace\nbentpack\build\glassfish\javadb\lib\derbynet.jar" />
    <property name="libs.cdc-ant-utils.classpath" value="C:\workspace\nbentpack\build\netbeans\mobility8\modules\ext\org-netbeans-modules-j2me-cdc-project.jar" />
    <property name="netbeans.system_http_proxy" value="DIRECT" />
    <property name="libs.NetBeans MIDP Components WMA.maven-pom" value="" />
    <property name="user.properties.file" value="C:\workspace\nbentpack\build\.netbeans\glassfishesb\build.properties" />
    <property name="libs.spring-framework.src" value="" />
    <property name="libs.javac-api.maven-pom" value="" />
    <property name="file.encoding.pkg" value="sun.io" />
    <property name="sun.cpu.endian" value="little" />
    <property name="libs.JWSAntTasks.classpath" value="C:\workspace\nbentpack\build\netbeans\java2\ant\extra\org-netbeans-modules-javawebstart-anttasks.jar" />
    <property name="libs.ant-contrib.classpath" value="C:\workspace\nbentpack\build\netbeans\mobility8\modules\ext\ant-contrib-1.0b3.jar" />
    <property name="libs.jsfsupport-designtime.classpath" value="C:\workspace\nbentpack\build\netbeans\visualweb2\modules\ext\jsfcl.jar;C:\workspace\nbentpack\build\netbeans\visualweb2\modules\ext\appbase.jar;C:\workspace\nbentpack\build\netbeans\visualweb2\modules\ext\dataprovider.jar;C:\workspace\nbentpack\build\netbeans\visualweb2\modules\ext\sqlx.jar" />
    <property name="libs.scriptaculous.scriptpath" value="C:\workspace\nbentpack\build\netbeans\webcommon1\modules\ext\javascript\scriptaculous-js-1.8.1.zip" />
    <property name="javadoc.preview" value="true" />
    <property name="nbplatform.default.harness.dir" value="C:\workspace\nbentpack\build\netbeans/harness" />
    <property name="java.home" value="C:\Program Files\Java\jdk1.5.0_17\jre" />
    <property name="libs.ricoh-ant-utils.src" value="" />
    <property name="libs.spring-webmvc.src" value="" />
    <property name="libs.ant-contrib.javadoc" value="" />
    <property name="netbeans.importclass" value="org.netbeans.upgrade.AutoUpgrade" />
    <property name="libs.webui-designtime.src" value="C:\workspace\nbentpack\build\netbeans\visualweb2\docs\webui-src.zip" />
    <property name="org.openide.TopManager" value="org.netbeans.core.NonGui" />
    <property name="libs.savaje-ant-utils.classpath" value="C:\workspace\nbentpack\build\netbeans\mobility8\modules\ext\org-netbeans-modules-j2me-cdc-project-savaje.jar" />
    <property name="libs.toplink.maven-pom" value="" />
    <property name="libs.DataBindingME.maven-pom" value="" />
    <property name="libs.PostgreSQLDriver.javadoc" value="" />
    <property name="libs.restlib.classpath" value="C:\workspace\nbentpack\build\netbeans\enterprise5\modules\ext\rest\jersey.jar;C:\workspace\nbentpack\build\netbeans\enterprise5\modules\ext\rest\http.jar;C:\workspace\nbentpack\build\netbeans\enterprise5\modules\ext\rest\wadl2java.jar;C:\workspace\nbentpack\build\netbeans\enterprise5\modules\ext\rest\rome-0.9.jar;C:\workspace\nbentpack\build\netbeans\enterprise5\modules\ext\rest\jdom-1.0.jar;C:\workspace\nbentpack\build\netbeans\enterprise5\modules\ext\rest\jettison-1.0-RC1.jar;C:\workspace\nbentpack\build\netbeans\enterprise5\modules\ext\rest\asm-3.1.jar;C:\workspace\nbentpack\build\netbeans\enterprise5\modules\ext\rest\grizzly-servlet-webserver-1.7.3.2.jar;C:\workspace\nbentpack\build\netbeans\enterprise5\modules\ext\rest\jersey-spring.jar;C:\workspace\nbentpack\build\netbeans\ide10\modules\ext\jaxb\activation.jar;C:\workspace\nbentpack\build\netbeans\ide10\modules\ext\jaxb\api\jaxb-api.jar;C:\workspace\nbentpack\build\netbeans\ide10\modules\ext\jaxb\jaxb-impl.jar;C:\workspace\nbentpack\build\netbeans\ide10\modules\ext\jaxb\jaxb-xjc.jar;C:\workspace\nbentpack\build\netbeans\ide10\modules\ext\jaxb\api\jsr173_api.jar" />
    <property name="libs.exceptionhandler-runtime.javadoc" value="" />
    <property name="libs.JMUnit4CLDC11.javadoc" value="C:\workspace\nbentpack\build\netbeans\mobility8\modules\docs\jmunit-1.2.1-api.zip" />
    <property name="jbi.service-unit.description" value="Represents this Service Unit" />
    <property name="libs.nsicom-ant-utils.maven-pom" value="" />
    <property name="libs.jsfsupport-runtime.classpath" value="C:\workspace\nbentpack\build\netbeans\visualweb2\modules\ext\jsfcl.jar;C:\workspace\nbentpack\build\netbeans\visualweb2\modules\ext\appbase.jar;C:\workspace\nbentpack\build\netbeans\visualweb2\modules\ext\dataprovider.jar;C:\workspace\nbentpack\build\netbeans\visualweb2\modules\ext\sqlx.jar" />
    <property name="libs.MySQLDriver.maven-pom" value="" />
    <property name="libs.savaje-ant-utils.src" value="" />
    <property name="http.nonProxyHosts" value="localhost|127.0.0.1|vmulakkayala-e6" />
    <property name="libs.junit_4.javadoc" value="C:\workspace\nbentpack\build\netbeans\java2\docs\junit-4.5-api.zip" />
    <property name="libs.spring-webmvc.javadoc" value="" />
    <property name="libs.toplink.src" value="" />
    <property name="test.results.dir" value="C:\workspace\openjbi\open-jbi-components\driver-tests\bpelse\assign\AssignJbi/test/results" />
    <property name="libs.cdc-pp-awt-layout.classpath" value="C:\workspace\nbentpack\build\netbeans\mobility8\modules\ext\cdc-pp-awt-layout.jar" />
    <property name="libs.webui.javadoc" value="C:\workspace\nbentpack\build\netbeans\visualweb2\docs\webui-doc.zip" />
    <property name="jar.name" value="AssignJbi.jar" />
    <property name="libs.cdc-agui-swing-layout.src" value="C:\workspace\nbentpack\build\netbeans\mobility8\sources\cdc-agui-swing-layout-src.zip" />
    <property name="libs.jsf12-support.javadoc" value="C:\workspace\nbentpack\build\netbeans\visualweb2\docs\appbase-doc.zip;C:\workspace\nbentpack\build\netbeans\visualweb2\docs\dataprovider-doc.zip;C:\workspace\nbentpack\build\netbeans\visualweb2\docs\jsfcl-doc.zip" />
    <property name="libs.hibernate-support.src" value="" />
    <property name="libs.theme-default.runtime" value="C:\workspace\nbentpack\build\netbeans\visualweb2\modules\ext\defaulttheme.jar" />
    <property name="libs.JMUnit4CLDC11.classpath" value="C:\workspace\nbentpack\build\netbeans\mobility8\modules\ext\jmunit4cldc11-1.2.1.jar" />
    <property name="libs.nb_svg_midp_components.classpath" value="C:\workspace\nbentpack\build\netbeans\mobility8\modules\ext\nb_svg_midp_components.jar" />
    <property name="libs.NetBeans MIDP Components PDA.classpath" value="C:\workspace\nbentpack\build\netbeans\mobility8\modules\ext\netbeans_midp_components_pda.jar" />
    <property name="libs.semc-ant-utils.maven-pom" value="" />
    <property name="libs.jdbcsupport-runtime.maven-pom" value="" />
    <property name="libs.nokiadeployment.maven-pom" value="" />
    <property name="libs.restapi.src" value="" />
    <property name="libs.NetBeans MIDP Components.javadoc" value="C:\workspace\nbentpack\build\netbeans\mobility8\modules\docs\netbeans_midp_components_basic-api.zip" />
    <property name="sun.management.compiler" value="HotSpot Client Compiler" />
    <property name="javac.deprecation" value="false" />
    <property name="javadoc.use" value="true" />
    <property name="libs.jdbcsupport-runtime.src" value="" />
    <property name="libs.jdbcsupport-designtime.maven-pom" value="" />
    <property name="libs.theme-default-gray.classpath" value="C:\workspace\nbentpack\build\netbeans\visualweb2\modules\ext\defaulttheme-gray.jar" />
    <property name="sun.java2d.noddraw" value="true" />
    <property name="libs.spring-webmvc.classpath" value="C:\workspace\nbentpack\build\netbeans\enterprise5\modules\ext\spring\spring-webmvc-2.5.jar" />
    <property name="ant.file" value="C:\workspace\openjbi\open-jbi-components\driver-tests\bpelse\assign\AssignJbi\build.xml" />
    <property name="libs.beans-binding.maven-pom" value="" />
    <property name="libs.bdj-ant-utils.classpath" value="C:\workspace\nbentpack\build\netbeans\mobility8\modules\ext\org-netbeans-modules-j2me-cdc-project-bdj.jar;C:\workspace\nbentpack\build\netbeans\mobility8\modules\ext\security.jar;C:\workspace\nbentpack\build\netbeans\mobility8\modules\ext\bdjo.jar;C:\workspace\nbentpack\build\netbeans\mobility8\modules\ext\bcprov-jdk15-139.jar" />
    <property name="libs.jsf12.classpath" value="C:\workspace\nbentpack\build\netbeans\enterprise5\modules\ext\jsf-1_2\commons-beanutils.jar;C:\workspace\nbentpack\build\netbeans\enterprise5\modules\ext\jsf-1_2\commons-collections.jar;C:\workspace\nbentpack\build\netbeans\enterprise5\modules\ext\jsf-1_2\commons-digester.jar;C:\workspace\nbentpack\build\netbeans\enterprise5\modules\ext\jsf-1_2\commons-logging.jar;C:\workspace\nbentpack\build\netbeans\enterprise5\modules\ext\jsf-1_2\jsf-api.jar;C:\workspace\nbentpack\build\netbeans\enterprise5\modules\ext\jsf-1_2\jsf-impl.jar" />
    <property name="sun.awt.exception.handler" value="org.netbeans.core.startup.TopLogging$AWTHandler" />
    <property name="libs.Encoder-HL7.src" value="" />
    <property name="libs.restapi.maven-pom" value="" />
    <property name="no.catd.context" value="true" />
    <property name="libs.beans-binding.src" value="" />
    <property name="libs.NetBeans MIDP Components PDA.javadoc" value="C:\workspace\nbentpack\build\netbeans\mobility8\modules\docs\netbeans_midp_components_pda-api.zip" />
    <property name="java.vm.specification.vendor" value="Sun Microsystems Inc." />
    <property name="libs.DataBindingME-PIM.javadoc" value="C:\workspace\nbentpack\build\netbeans\mobility8\modules\docs\netbeans_databindingme_pim-api.zip" />
    <property name="libs.swing-layout.src" value="C:\workspace\nbentpack\build\netbeans\platform9\docs\swing-layout-1.0.3-src.zip" />
    <property name="libs.webui.src" value="C:\workspace\nbentpack\build\netbeans\visualweb2\docs\webui-src.zip" />
    <property name="libs.j2me_ant_ext.src" value="" />
    <property name="org.openide.major.version" value="IDE/1" />
    <property name="java.vm.name" value="Java HotSpot(TM) Client VM" />
    <property name="libs.Encoder-Custom.maven-pom" value="" />
    <property name="netbeans.user" value="C:\workspace\nbentpack\build\.netbeans\glassfishesb" />
    <property name="libs.ricoh-ant-utils.classpath" value="C:\workspace\nbentpack\build\netbeans\mobility8\modules\ext\org-netbeans-modules-j2me-cdc-project-ricoh.jar;C:\workspace\nbentpack\build\netbeans\mobility8\modules\ext\RicohAntTasks-2.0.jar;C:\workspace\nbentpack\build\netbeans\mobility8\modules\ext\commons-httpclient-3.0.jar;C:\workspace\nbentpack\build\netbeans\ide10\modules\ext\commons-logging-1.1.jar;C:\workspace\nbentpack\build\netbeans\mobility8\modules\ext\commons-codec-1.3.jar" />
    <property name="java.io.tmpdir" value="C:\Users\VMULAK~2\AppData\Local\Temp\" />
    <property name="java.vendor.url" value="http://java.sun.com/" />
    <property name="libs.prototype.scriptpath" value="C:\workspace\nbentpack\build\netbeans\webcommon1\modules\ext\javascript\prototype-1.6.0.2.zip" />
    <property name="jspc.classpath" value="C:\workspace\nbentpack\build\netbeans\java2\ant\lib\ant.jar:C:\workspace\nbentpack\build\netbeans\enterprise5\modules\ext\servlet2.5-jsp2.1-api.jar:${j2ee.platform.classpath}:C:\workspace\nbentpack\build\netbeans\enterprise5\modules\ext\glassfish-jspparser-2.0.jar:C:\workspace\nbentpack\build\netbeans\enterprise5\modules\ext\glassfish-logging-2.0.jar:C:\workspace\nbentpack\build\netbeans\ide10\modules\ext\commons-logging-1.1.jar:C:\workspace\nbentpack\build\netbeans\java2\ant\lib\ant-launcher.jar" />
    <property name="libs.jsf-extensions.src" value="" />
    <property name="libs.Encoder-COCO.src" value="" />
    <property name="sun.boot.library.path" value="C:\Program Files\Java\jdk1.5.0_17\jre\bin" />
    <property name="debug.classpath" value="${javac.classpath}:build/jar" />
    <property name="libs.woodstock-theme-default.runtime" value="C:\workspace\nbentpack\build\netbeans\visualweb2\modules\ext\webui-jsf-suntheme.jar" />
    <property name="javadoc.private" value="false" />
    <property name="libs.bdj-ant-utils.javadoc" value="" />
    <property name="libs.DataBindingME-SVG.src" value="" />
    <property name="project.AssignBpel" value="../AssignBpel" />
    <property name="dist.jar" value="dist/AssignJbi.zip" />
    <property name="java.runtime.name" value="Java(TM) 2 Runtime Environment, Standard Edition" />
    <property name="ant.project.name" value="" />
    <property name="libs.jdbcsupport-designtime.javadoc" value="" />
    <property name="libs.j2me_ant_ext.maven-pom" value="" />
    <property name="sun.cpu.isalist" value="pentium_pro+mmx pentium_pro pentium+mmx pentium i486 i386 i86" />
    <property name="libs.CopyLibs.javadoc" value="" />
    <property name="libs.ActiveSync.javadoc" value="" />
    <property name="org.openide.specification.version" value="6.2" />
    <property name="libs.DataBindingME-PIM.classpath" value="C:\workspace\nbentpack\build\netbeans\mobility8\modules\ext\netbeans_databindingme_pim.jar" />
    <property name="libs.hibernate-support.classpath" value="C:\workspace\nbentpack\build\netbeans\java2\modules\ext\hibernate\antlr-2.7.6.jar;C:\workspace\nbentpack\build\netbeans\java2\modules\ext\hibernate\asm.jar;C:\workspace\nbentpack\build\netbeans\java2\modules\ext\hibernate\asm-attrs.jar;C:\workspace\nbentpack\build\netbeans\java2\modules\ext\hibernate\cglib-2.1.3.jar;C:\workspace\nbentpack\build\netbeans\java2\modules\ext\hibernate\commons-collections-2.1.1.jar;C:\workspace\nbentpack\build\netbeans\ide10\modules\ext\commons-logging-1.1.jar;C:\workspace\nbentpack\build\netbeans\java2\modules\ext\hibernate\dom4j-1.6.1.jar;C:\workspace\nbentpack\build\netbeans\java2\modules\ext\hibernate\ehcache-1.2.3.jar;C:\workspace\nbentpack\build\netbeans\java2\modules\ext\hibernate\jdbc2_0-stdext.jar;C:\workspace\nbentpack\build\netbeans\java2\modules\ext\hibernate\jta.jar;C:\workspace\nbentpack\build\netbeans\java2\modules\ext\hibernate\hibernate3.jar;C:\workspace\nbentpack\build\netbeans\java2\modules\ext\hibernate\hibernate-tools.jar;C:\workspace\nbentpack\build\netbeans\java2\modules\ext\hibernate\hibernate-annotations.jar;C:\workspace\nbentpack\build\netbeans\java2\modules\ext\hibernate\hibernate-commons-annotations.jar;C:\workspace\nbentpack\build\netbeans\java2\modules\ext\hibernate\hibernate-entitymanager.jar;C:\workspace\nbentpack\build\netbeans\java2\modules\ext\hibernate\javassist.jar" />
    <property name="user.home" value="C:\Users\vmulakkayala" />
    <property name="libs.exceptionhandler-runtime.classpath" value="C:\workspace\nbentpack\build\netbeans\visualweb2\modules\ext\errorhandler.jar" />
    <property name="libs.NetBeans MIDP Components.classpath" value="C:\workspace\nbentpack\build\netbeans\mobility8\modules\ext\netbeans_midp_components_basic.jar" />
    <property name="com.sun.jbi.routing" value="true" />
    <property name="libs.JWSAntTasks.src" value="" />
    <property name="libs.CopyLibs.maven-pom" value="" />
    <property name="libs.hibernate-persistence.maven-pom" value="" />
    <property name="libs.absolutelayout.javadoc" value="" />
    <property name="java.specification.name" value="Java Platform API Specification" />
    <property name="libs.webui.classpath" value="C:\workspace\nbentpack\build\netbeans\visualweb2\modules\ext\webui.jar;C:\workspace\nbentpack\build\netbeans\enterprise5\modules\ext\commons-fileupload-1.0.jar" />
    <property name="libs.swing-app-framework.maven-pom" value="" />
    <property name="libs.jakarta_slide_ant_webdav.maven-pom" value="" />
    <property name="libs.NetBeans MIDP Components WMA.classpath" value="C:\workspace\nbentpack\build\netbeans\mobility8\modules\ext\netbeans_midp_components_wma.jar" />
    <property name="libs.Encoder-COCO.maven-pom" value="" />
    <property name="libs.yahooui.scriptpath" value="C:\workspace\nbentpack\build\netbeans\webcommon1\modules\ext\javascript\yui-2.5.2.zip" />
    <property name="libs.woodstock-components.classpath" value="C:\workspace\nbentpack\build\netbeans\visualweb2\modules\ext\webui-jsf.jar;C:\workspace\nbentpack\build\netbeans\enterprise5\modules\ext\commons-fileupload-1.0.jar;C:\workspace\nbentpack\build\netbeans\visualweb2\modules\ext\json-2.jar;C:\workspace\nbentpack\build\netbeans\visualweb2\modules\ext\jsf-extensions-common-0.1.jar;C:\workspace\nbentpack\build\netbeans\visualweb2\modules\ext\jsf-extensions-dynamic-faces-0.1.jar" />
    <property name="ide.module.install.dir" value="C:\workspace\nbentpack\build\netbeans\ide10\modules" />
    <property name="libs.sjmc-ant-utils.src" value="" />
    <property name="libs.jsf-extensions.javadoc" value="" />
    <property name="libs.jsf-extensions.classpath" value="C:\workspace\nbentpack\build\netbeans\visualweb2\modules\ext\jsf-extensions-dynamic-faces-0.1.jar;C:\workspace\nbentpack\build\netbeans\visualweb2\modules\ext\jsf-extensions-common-0.1.jar;C:\workspace\nbentpack\build\netbeans\enterprise5\modules\ext\jsf-1_2\commons-logging.jar;C:\workspace\nbentpack\build\netbeans\enterprise5\modules\ext\shale-remoting-1.0.4.jar" />
    <property name="libs.jdbcsupport-designtime.src" value="" />
    <property name="java.specification.vendor" value="Sun Microsystems Inc." />
    <property name="libs.cdc-agui-swing-layout.javadoc" value="" />
    <property name="libs.javac-api.classpath" value="C:\workspace\nbentpack\build\netbeans\java2\modules\ext\javac-api-nb-7.0-b07.jar" />
    <property name="libs.nokiaS80-ant-utils.classpath" value="C:\workspace\nbentpack\build\netbeans\mobility8\modules\ext\org-netbeans-modules-j2me-cdc-project-nokiaS80.jar" />
    <property name="java.version" value="1.5.0_17" />
    <property name="javadoc.version" value="false" />
    <property name="libs.NetBeans MIDP Components WMA.javadoc" value="C:\workspace\nbentpack\build\netbeans\mobility8\modules\docs\netbeans_midp_components_wma-api.zip" />
    <property name="libs.MySQLDriver.javadoc" value="" />
    <property name="org.openide.version" value="deprecated" />
    <property name="source.encoding" value="windows-1252" />
    <property name="libs.ActiveSync.maven-pom" value="" />
    <property name="libs.junit.maven-pom" value="" />
    <property name="libs.jsf12-support.src" value="C:\workspace\nbentpack\build\netbeans\visualweb2\docs\appbase-src.zip;C:\workspace\nbentpack\build\netbeans\visualweb2\docs\dataprovider-src.zip;C:\workspace\nbentpack\build\netbeans\visualweb2\docs\jsfcl-src.zip" />
    <property name="libs.struts.maven-pom" value="" />
    <property name="netbeans.home+have.tests" value="true" />
    <property name="NetBeansUserDir" value="C:\workspace\nbentpack\build\.netbeans\glassfishesb" />
    <property name="test.dir" value="test" />
    <property name="libs.jaxb.src" value="" />
    <property name="libs.Encoder-HL7.maven-pom" value="" />
    <property name="libs.cdc-ant-utils.src" value="" />
    <property name="libs.jaxb.classpath" value="C:\workspace\nbentpack\build\netbeans\ide10\modules\ext\jaxb\activation.jar;C:\workspace\nbentpack\build\netbeans\ide10\modules\ext\jaxb\api\jaxb-api.jar;C:\workspace\nbentpack\build\netbeans\ide10\modules\ext\jaxb\jaxb-impl.jar;C:\workspace\nbentpack\build\netbeans\ide10\modules\ext\jaxb\jaxb-xjc.jar;C:\workspace\nbentpack\build\netbeans\ide10\modules\ext\jaxb\api\jsr173_api.jar" />
    <property name="dist.javadoc.dir" value="dist/javadoc" />
    <property name="jbi.content.javaee.jars" value="" />
    <property name="libs.swing-layout.classpath" value="C:\workspace\nbentpack\build\netbeans\platform9\modules\ext\swing-layout-1.0.3.jar" />
    <property name="libs.restlib.src" value="" />
    <property name="build.generated.dir" value="build/generated" />
    <property name="javac.source" value="1.4" />
    <property name="libs.hibernate-persistence.src" value="" />
    <property name="line.separator" value="
" />
    <property name="libs.proguard.src" value="" />
    <property name="libs.nb_svg_midp_components.javadoc" value="C:\workspace\nbentpack\build\netbeans\mobility8\modules\docs\nb_svg_midp_components-api.zip" />
    <property name="java.specification.version" value="1.5" />
    <property name="libs.jaxws21.maven-pom" value="" />
    <property name="java.vm.info" value="mixed mode" />
    <property name="nb.registration.enabled" value="false" />
    <property name="libs.cdc-ant-utils.javadoc" value="" />
    <property name="libs.jsf12-support.classpath" value="C:\workspace\nbentpack\build\netbeans\visualweb2\modules\ext\jsfcl.jar;C:\workspace\nbentpack\build\netbeans\visualweb2\modules\ext\appbase.jar;C:\workspace\nbentpack\build\netbeans\visualweb2\modules\ext\dataprovider.jar;C:\workspace\nbentpack\build\netbeans\visualweb2\modules\ext\sqlx.jar" />
    <property name="libs.spring-framework.maven-pom" value="" />
    <property name="sun.boot.class.path" value="C:\Program Files\Java\jdk1.5.0_17\jre\lib\rt.jar;C:\Program Files\Java\jdk1.5.0_17\jre\lib\i18n.jar;C:\Program Files\Java\jdk1.5.0_17\jre\lib\sunrsasign.jar;C:\Program Files\Java\jdk1.5.0_17\jre\lib\jsse.jar;C:\Program Files\Java\jdk1.5.0_17\jre\lib\jce.jar;C:\Program Files\Java\jdk1.5.0_17\jre\lib\charsets.jar;C:\Program Files\Java\jdk1.5.0_17\jre\classes" />
    <property name="libs.woodstock-components.javadoc" value="C:\workspace\nbentpack\build\netbeans\visualweb2\docs\webui-jsf-doc.zip;C:\workspace\nbentpack\build\netbeans\visualweb2\docs\webui-jsf-tld.zip" />
    <property name="javac.target" value="1.4" />
    <property name="libs.Encoder-Framework.maven-pom" value="" />
    <property name="src.dir" value="src/jbiasa" />
    <property name="sun.awt.keepWorkingSetOnMinimize" value="true" />
    <property name="libs.proguard.maven-pom" value="" />
    <property name="libs.DataBindingME-SVG.maven-pom" value="" />
    <property name="libs.jsf12.src" value="" />
    <property name="libs.nokiadeployment.src" value="" />
    <property name="j2ee.platform" value="1.4" />
    <property name="libs.savaje-ant-utils.javadoc" value="" />
    <property name="libs.JAVADB_DRIVER_LABEL.maven-pom" value="" />
    <property name="nbplatform.default.netbeans.dest.dir" value="C:\workspace\nbentpack\build\netbeans" />
    <property name="libs.struts.javadoc" value="C:\workspace\nbentpack\build\netbeans\enterprise5\docs\struts-1.2.9-javadoc.zip" />
    <property name="libs.cdc-ant-utils.maven-pom" value="" />
    <property name="jspctask.classpath" value="C:\workspace\nbentpack\build\netbeans\enterprise5\ant\extra\jspcompile.jar" />
    <property name="libs.cdc-agui-swing-layout.classpath" value="C:\workspace\nbentpack\build\netbeans\mobility8\modules\ext\cdc-agui-swing-layout.jar" />
    <property name="libs.webui-designtime.classpath" value="C:\workspace\nbentpack\build\netbeans\visualweb2\modules\ext\webui.jar;C:\workspace\nbentpack\build\netbeans\enterprise5\modules\ext\commons-fileupload-1.0.jar" />
    <property name="dist.dir" value="dist" />
    <property name="libs.groovy-all.javadoc" value="" />
    <property name="libs.groovy-all.classpath" value="C:\workspace\nbentpack\build\netbeans\groovy1\modules\ext\groovy-all.jar" />
    <property name="libs.sjmc-ant-utils.classpath" value="C:\workspace\nbentpack\build\netbeans\mobility8\modules\ext\org-netbeans-modules-j2me-cdc-project-sjmc.jar" />
    <property name="org.netbeans.modules.compapp.catd.context" value="" />
    <property name="libs.JMUnit4CLDC10.classpath" value="C:\workspace\nbentpack\build\netbeans\mobility8\modules\ext\jmunit4cldc10-1.2.1.jar" />
    <property name="java.awt.printerjob" value="sun.awt.windows.WPrinterJob" />
    <property name="default.javac.source" value="1.5" />
    <property name="sun.jnu.encoding" value="Cp1252" />
    <property name="libs.MySQLDriver.src" value="" />
    <property name="jbi.service-assembly.id" value="AssignJbi" />
    <property name="libs.Encoder-COCO.javadoc" value="" />
    <property name="libs.ant-contrib.maven-pom" value="" />
    <property name="libs.nokiadeployment.javadoc" value="" />
    <property name="libs.woodstock-components.src" value="C:\workspace\nbentpack\build\netbeans\visualweb2\docs\webui-jsf-src.zip" />
    <property name="java.runtime.version" value="1.5.0_17-b04" />
    <property name="libs.ejb3-persistence.javadoc" value="" />
    <property name="libs.NetBeans MIDP Components.src" value="C:\workspace\nbentpack\build\netbeans\mobility8\sources\netbeans_midp_components_basic-src.zip" />
    <property name="libs.sjmc-ant-utils.javadoc" value="" />
    <property name="jbi.service-assembly.description" value="Represents this Service Assembly" />
    <property name="default.javac.target" value="1.5" />
    <property name="libs.junit_4.classpath" value="C:\workspace\nbentpack\build\netbeans\platform9\modules\ext\junit-4.5.jar" />
    <property name="user.timezone" value="" />
    <property name="java.module.install.dir" value="C:\workspace\nbentpack\build\netbeans\java2\modules" />
    <property name="libs.jsfsupport-designtime.src" value="C:\workspace\nbentpack\build\netbeans\visualweb2\docs\appbase-src.zip;C:\workspace\nbentpack\build\netbeans\visualweb2\docs\dataprovider-src.zip;C:\workspace\nbentpack\build\netbeans\visualweb2\docs\jsfcl-src.zip" />
    <property name="libs.ant-contrib.src" value="" />
    <property name="libs.JAVADB_DRIVER_LABEL.javadoc" value="" />
    <property name="netbeans.dirs" value="C:\workspace\nbentpack\build\netbeans\nb6.5;C:\workspace\nbentpack\build\netbeans\ide10;C:\workspace\nbentpack\build\netbeans\java2;C:\workspace\nbentpack\build\netbeans\xml2;C:\workspace\nbentpack\build\netbeans\apisupport1;C:\workspace\nbentpack\build\netbeans\webcommon1;C:\workspace\nbentpack\build\netbeans\websvccommon1;C:\workspace\nbentpack\build\netbeans\enterprise5;C:\workspace\nbentpack\build\netbeans\mobility8;C:\workspace\nbentpack\build\netbeans\profiler3;C:\workspace\nbentpack\build\netbeans\gsf1;C:\workspace\nbentpack\build\netbeans\visualweb2;C:\workspace\nbentpack\build\netbeans\soa2;C:\workspace\nbentpack\build\netbeans\harness;C:\workspace\nbentpack\build\netbeans\groovy1" />
    <property name="libs.exceptionhandler-runtime.src" value="" />
    <property name="java.ext.dirs" value="C:\Program Files\Java\jdk1.5.0_17\jre\lib\ext" />
    <property name="libs.savaje-ant-utils.maven-pom" value="" />
    <property name="libs.semc-ant-utils.src" value="" />
    <property name="libs.absolutelayout.classpath" value="C:\workspace\nbentpack\build\netbeans\java2\modules\ext\AbsoluteLayout.jar" />
    <property name="libs.restlib.maven-pom" value="" />
    <property name="libs.DataBindingME.javadoc" value="C:\workspace\nbentpack\build\netbeans\mobility8\modules\docs\netbeans_databindingme-api.zip" />
    <property name="apple.laf.useScreenMenuBar" value="true" />
    <property name="jbi.content.component" value="sun-bpel-engine" />
    <property name="java.class.path" value="C:\workspace\nbentpack\build\netbeans\soa2\modules\org-netbeans-modules-compapp-manager-jbi.jar;C:\workspace\nbentpack\build\netbeans\soa2\modules\org-netbeans-modules-compapp-projects-jbi.jar;C:\workspace\nbentpack\build\netbeans\soa2\modules\ext\jbi\jbi-admin-common.jar;C:\workspace\nbentpack\build\netbeans\soa2\modules\ext\jbi\catd.jar;C:\workspace\nbentpack\build\netbeans\java2\modules\ext\junit-3.8.2.jar;C:\workspace\nbentpack\build\netbeans\java2\modules\ext\jaxws21\api\saaj-api.jar;C:\workspace\nbentpack\build\netbeans\java2\modules\ext\jaxws21\saaj-impl.jar;C:\workspace\nbentpack\build\netbeans\java2\modules\ext\jaxws21\FastInfoset.jar;C:\workspace\nbentpack\build\netbeans\ide10\modules\org-netbeans-modules-editor-lib.jar;C:\workspace\nbentpack\build\netbeans\ide10\modules\org-netbeans-modules-editor.jar;C:\workspace\nbentpack\build\netbeans\ide10\modules\org-netbeans-modules-editor-util.jar;C:\workspace\nbentpack\build\netbeans\ide10\modules\org-netbeans-modules-editor-lib2.jar;C:\workspace\nbentpack\build\netbeans\ide10\modules\org-netbeans-modules-editor-indent.jar;C:\workspace\nbentpack\build\netbeans\ide10\modules\org-netbeans-modules-editor-plain.jar;C:\workspace\nbentpack\build\netbeans\ide10\modules\org-netbeans-modules-editor-plain-lib.jar;C:\workspace\nbentpack\build\netbeans\ide10\modules\org-netbeans-modules-editor-settings.jar;C:\workspace\nbentpack\build\netbeans\ide10\modules\org-netbeans-modules-editor-settings-storage.jar;C:\workspace\nbentpack\build\netbeans\ide10\modules\org-netbeans-modules-lexer.jar;C:\workspace\nbentpack\build\netbeans\ide10\modules\org-netbeans-modules-xml-core.jar;C:\workspace\nbentpack\build\netbeans\ide10\modules\org-netbeans-modules-xml-lexer.jar;C:\workspace\nbentpack\build\netbeans\ide10\modules\org-netbeans-modules-xml-text.jar;C:\workspace\nbentpack\build\netbeans\ide10\modules\org-netbeans-modules-xml-xdm.jar;C:\workspace\nbentpack\build\netbeans\ide10\modules\org-netbeans-modules-xml-xam.jar;C:\workspace\nbentpack\build\netbeans\ide10\modules\ext\jaxb\activation.jar;C:\workspace\nbentpack\build\netbeans\platform9\lib\org-openide-modules.jar;C:\workspace\nbentpack\build\netbeans\platform9\lib\org-openide-util.jar;C:\workspace\nbentpack\build\netbeans\platform9\modules\org-openide-options.jar;C:\workspace\nbentpack\build\netbeans\platform9\modules\org-openide-text.jar;C:\workspace\nbentpack\build\netbeans\platform9\modules\org-openide-loaders.jar;C:\workspace\nbentpack\build\netbeans\platform9\modules\org-openide-nodes.jar;C:\workspace\nbentpack\build\netbeans\platform9\modules\org-netbeans-modules-editor-mimelookup.jar;C:\workspace\nbentpack\build\netbeans\platform9\modules\org-netbeans-modules-editor-mimelookup-impl.jar;C:\workspace\nbentpack\build\netbeans\platform9\core\org-openide-filesystems.jar;C:\workspace\openjbi\open-jbi-components\driver-tests\bpelse\assign\AssignJbi;C:\Program Files\Java\jre6\lib\ext\QTJava.zip;C:\workspace\nbentpack\build\netbeans\java2\ant\lib\ant-launcher.jar;C:\workspace\nbentpack\build\netbeans\java2\ant\lib\ant.jar;C:\workspace\nbentpack\build\netbeans\java2\ant\patches\72080.jar" />
    <property name="libs.webui-designtime.javadoc" value="C:\workspace\nbentpack\build\netbeans\visualweb2\docs\webui-doc.zip" />
    <property name="libs.absolutelayout.src" value="" />
    <property name="libs.cdc-pp-awt-layout.maven-pom" value="" />
    <property name="j2ee.server.type" value="J2EE" />
    <property name="os.version" value="6.1" />
    <property name="libs.JMUnit4CLDC11.maven-pom" value="" />
    <property name="libs.toplink.javadoc" value="C:\workspace\nbentpack\build\netbeans\enterprise5\docs\javaee5-doc-api.zip" />
    <property name="sun.desktop" value="windows" />
    <property name="libs.nb_svg_midp_components.maven-pom" value="" />
    <property name="libs.ricoh-ant-utils.javadoc" value="" />
    <property name="libs.restlib.javadoc" value="C:\workspace\nbentpack\build\netbeans\enterprise5\docs\jersey-api-doc.zip" />
    <property name="libs.NetBeans MIDP Components PDA.maven-pom" value="" />
    <property name="rave.version" value="2.0.0" />
    <property name="libs.beans-binding.javadoc" value="C:\workspace\nbentpack\build\netbeans\java2\docs\beansbinding-1.2.1-doc.zip" />
    <property name="java.awt.graphicsenv" value="sun.awt.Win32GraphicsEnvironment" />
    <property name="java.vm.vendor" value="Sun Microsystems Inc." />
    <property name="libs.CopyLibs.classpath" value="C:\workspace\nbentpack\build\netbeans\java2\ant\extra\org-netbeans-modules-java-j2seproject-copylibstask.jar" />
    <property name="libs.Encoder-COCO.classpath" value="C:\workspace\nbentpack\build\netbeans\soa2\modules\ext\encoder\coco.jar;C:\workspace\nbentpack\build\netbeans\soa2\modules\ext\encoder\cocoencoder-xsdextension.jar" />
    <property name="libs.spring-webmvc.maven-pom" value="" />
    <property name="libs.ejb3-persistence.classpath" value="C:\workspace\nbentpack\build\netbeans\java2\modules\ext\hibernate\ejb3-persistence.jar" />
    <property name="libs.spring-framework.javadoc" value="" />
    <property name="libs.DataBindingME-PIM.src" value="" />
    <property name="libs.jquery.scriptpath" value="C:\workspace\nbentpack\build\netbeans\webcommon1\modules\ext\javascript\jquery-1.2.6.zip" />
    <property name="libs.PostgreSQLDriver.classpath" value="C:\workspace\nbentpack\build\netbeans\ide10\modules\ext\postgresql-8.3-603.jdbc3.jar" />
    <property name="libs.bdj-ant-utils.maven-pom" value="" />
    <property name="reference.AssignBpel.dist_se" value="../AssignBpel/build/SEDeployment.jar" />
    <property name="libs.jsf12.maven-pom" value="" />
    <property name="soa.module.install.dir" value="C:\workspace\nbentpack\build\netbeans\soa2\modules" />
    <property name="libs.Encoder-Custom.src" value="" />
    <property name="libs.junit.src" value="" />
    <property name="libs.CopyLibs.src" value="" />
    <property name="build.dir" value="build" />
    <property name="ant.version" value="Apache Ant version 1.7.1 compiled on June 27 2008" />
    <property name="build.classes.excludes" value="**/*.java,**/*.form,**/.nbattrs" />
    <property name="file.encoding" value="Cp1252" />
    <property name="javadoc.nonavbar" value="false" />
    <property name="platform.active" value="default_platform" />
    <property name="awt.toolkit" value="sun.awt.windows.WToolkit" />
  </properties>
  <testcase classname="org.netbeans.modules.compapp.catd.ConfiguredTest" name="AssignAndOpFF" time="3.873" />
  <testcase classname="org.netbeans.modules.compapp.catd.ConfiguredTest" name="AssignAndOpFT" time="3.063" />
  <testcase classname="org.netbeans.modules.compapp.catd.ConfiguredTest" name="AssignAndOpTF" time="2.976" />
  <testcase classname="org.netbeans.modules.compapp.catd.ConfiguredTest" name="AssignAndOpTT" time="2.928" />
  <testcase classname="org.netbeans.modules.compapp.catd.ConfiguredTest" name="AssignDurrationFalseInvoke" time="2.867" />
  <testcase classname="org.netbeans.modules.compapp.catd.ConfiguredTest" name="AssignDurrationTrueInvoke" time="2.89" />
  <testcase classname="org.netbeans.modules.compapp.catd.ConfiguredTest" name="AssignOrOpFF" time="2.889" />
  <testcase classname="org.netbeans.modules.compapp.catd.ConfiguredTest" name="AssignOrOpFT" time="2.821" />
  <testcase classname="org.netbeans.modules.compapp.catd.ConfiguredTest" name="AssignOrOpTF" time="2.946" />
  <testcase classname="org.netbeans.modules.compapp.catd.ConfiguredTest" name="AssignOrOpTT" time="2.881" />
  <testcase classname="org.netbeans.modules.compapp.catd.ConfiguredTest" name="CopyNCNameInvoke" time="2.98" />
  <testcase classname="org.netbeans.modules.compapp.catd.ConfiguredTest" name="CopyNameInvoke" time="2.986" />
  <testcase classname="org.netbeans.modules.compapp.catd.ConfiguredTest" name="CopyOptionalRepeatInvoke" time="2.955" />
  <testcase classname="org.netbeans.modules.compapp.catd.ConfiguredTest" name="CopyQNameInvoke" time="2.945" />
  <testcase classname="org.netbeans.modules.compapp.catd.ConfiguredTest" name="CopyanyURIInvoke" time="2.929" />
  <testcase classname="org.netbeans.modules.compapp.catd.ConfiguredTest" name="Copybase64BinaryInvoke" time="0.346" />
  <testcase classname="org.netbeans.modules.compapp.catd.ConfiguredTest" name="CopybooleanInvoke" time="2.819" />
  <testcase classname="org.netbeans.modules.compapp.catd.ConfiguredTest" name="CopybyteInvoke" time="2.788" />
  <testcase classname="org.netbeans.modules.compapp.catd.ConfiguredTest" name="CopydateInvoke" time="2.899" />
  <testcase classname="org.netbeans.modules.compapp.catd.ConfiguredTest" name="CopydateTimeInvoke" time="2.988" />
  <testcase classname="org.netbeans.modules.compapp.catd.ConfiguredTest" name="CopydecimalInvoke" time="3.028" />
  <testcase classname="org.netbeans.modules.compapp.catd.ConfiguredTest" name="CopydoubleInvoke" time="2.949" />
  <testcase classname="org.netbeans.modules.compapp.catd.ConfiguredTest" name="CopydurationInvoke" time="2.902" />
  <testcase classname="org.netbeans.modules.compapp.catd.ConfiguredTest" name="CopyfloatInvoke" time="2.824" />
  <testcase classname="org.netbeans.modules.compapp.catd.ConfiguredTest" name="CopygDayInvoke" time="2.869" />
  <testcase classname="org.netbeans.modules.compapp.catd.ConfiguredTest" name="CopygMonthDayInvoke" time="2.87" />
  <testcase classname="org.netbeans.modules.compapp.catd.ConfiguredTest" name="CopygMonthInvoke" time="2.972" />
  <testcase classname="org.netbeans.modules.compapp.catd.ConfiguredTest" name="CopygYearInvoke" time="2.952" />
  <testcase classname="org.netbeans.modules.compapp.catd.ConfiguredTest" name="CopygYearMonthInvoke" time="2.89" />
  <testcase classname="org.netbeans.modules.compapp.catd.ConfiguredTest" name="CopyhexBinaryInvoke" time="2.911" />
  <testcase classname="org.netbeans.modules.compapp.catd.ConfiguredTest" name="CopyidInvoke" time="0.0010" />
  <testcase classname="org.netbeans.modules.compapp.catd.ConfiguredTest" name="CopyintInvoke" time="2.891" />
  <testcase classname="org.netbeans.modules.compapp.catd.ConfiguredTest" name="CopyintegerInvoke" time="2.98" />
  <testcase classname="org.netbeans.modules.compapp.catd.ConfiguredTest" name="CopylanguageInvoke" time="2.923" />
  <testcase classname="org.netbeans.modules.compapp.catd.ConfiguredTest" name="CopylongInvoke" time="2.881" />
  <testcase classname="org.netbeans.modules.compapp.catd.ConfiguredTest" name="CopynegativeIntegerInvoke" time="2.885" />
  <testcase classname="org.netbeans.modules.compapp.catd.ConfiguredTest" name="CopynormalizedStringInvoke" time="2.805" />
  <testcase classname="org.netbeans.modules.compapp.catd.ConfiguredTest" name="CopypositiveIntegerInvoke" time="2.899" />
  <testcase classname="org.netbeans.modules.compapp.catd.ConfiguredTest" name="CopyshortInvoke" time="2.926" />
  <testcase classname="org.netbeans.modules.compapp.catd.ConfiguredTest" name="CopystringInvoke" time="2.902" />
  <testcase classname="org.netbeans.modules.compapp.catd.ConfiguredTest" name="CopytimeInvoke" time="3.039" />
  <testcase classname="org.netbeans.modules.compapp.catd.ConfiguredTest" name="CopyunsignedByteInvoke" time="2.949" />
  <testcase classname="org.netbeans.modules.compapp.catd.ConfiguredTest" name="CopyunsignedIntInvoke" time="3.136" />
  <testcase classname="org.netbeans.modules.compapp.catd.ConfiguredTest" name="CopyunsignedLongInvoke" time="3.065" />
  <testcase classname="org.netbeans.modules.compapp.catd.ConfiguredTest" name="CopyunsignedShortInvoke" time="2.926" />
  <testcase classname="org.netbeans.modules.compapp.catd.ConfiguredTest" name="EmptyLiteral" time="0.35" />
  <testcase classname="org.netbeans.modules.compapp.catd.ConfiguredTest" name="ErroneousExpr" time="0.365" />
  <testcase classname="org.netbeans.modules.compapp.catd.ConfiguredTest" name="GlobalAndLocalAttributes" time="3.095" />
  <testcase classname="org.netbeans.modules.compapp.catd.ConfiguredTest" name="IgnoreMissingFromData1" time="0.355" />
  <testcase classname="org.netbeans.modules.compapp.catd.ConfiguredTest" name="IgnoreMissingFromData2" time="0.35" />
  <testcase classname="org.netbeans.modules.compapp.catd.ConfiguredTest" name="IgnoreMissingFromData3" time="0.36" />
  <testcase classname="org.netbeans.modules.compapp.catd.ConfiguredTest" name="IgnoreMissingFromData4" time="0.362" />
  <testcase classname="org.netbeans.modules.compapp.catd.ConfiguredTest" name="IgnoreMissingFromData5" time="0.357" />
  <testcase classname="org.netbeans.modules.compapp.catd.ConfiguredTest" name="QueryWithNamespace1" time="3.084" />
  <testcase classname="org.netbeans.modules.compapp.catd.ConfiguredTest" name="SpecExampleAttrToAttr" time="3.831" />
  <testcase classname="org.netbeans.modules.compapp.catd.ConfiguredTest" name="SpecExampleAttrToElem" time="2.999" />
  <testcase classname="org.netbeans.modules.compapp.catd.ConfiguredTest" name="SpecExampleAttrToText" time="3.056" />
  <testcase classname="org.netbeans.modules.compapp.catd.ConfiguredTest" name="SpecExampleElemToAttr" time="2.873" />
  <testcase classname="org.netbeans.modules.compapp.catd.ConfiguredTest" name="SpecExampleElemToElem" time="2.961" />
  <testcase classname="org.netbeans.modules.compapp.catd.ConfiguredTest" name="SpecExampleElemToText" time="2.919" />
  <testcase classname="org.netbeans.modules.compapp.catd.ConfiguredTest" name="SpecExampleTextToAttr" time="3.29" />
  <testcase classname="org.netbeans.modules.compapp.catd.ConfiguredTest" name="SpecExampleTextToElem" time="3.364" />
  <testcase classname="org.netbeans.modules.compapp.catd.ConfiguredTest" name="SpecExampleTextToText" time="2.938" />
  <testcase classname="org.netbeans.modules.compapp.catd.ConfiguredTest" name="TestCaseBooleanTestFalse" time="0.343" />
  <testcase classname="org.netbeans.modules.compapp.catd.ConfiguredTest" name="TestCaseBooleanTestTrue" time="0.343" />
  <testcase classname="org.netbeans.modules.compapp.catd.ConfiguredTest" name="byteGreaterEqualInvoke" time="2.855" />
  <testcase classname="org.netbeans.modules.compapp.catd.ConfiguredTest" name="byteGreaterInvoke" time="2.937" />
  <testcase classname="org.netbeans.modules.compapp.catd.ConfiguredTest" name="byteaddInvoke" time="2.848" />
  <testcase classname="org.netbeans.modules.compapp.catd.ConfiguredTest" name="bytedivInvoke" time="2.915" />
  <testcase classname="org.netbeans.modules.compapp.catd.ConfiguredTest" name="bytemodInvoke" time="2.86" />
  <testcase classname="org.netbeans.modules.compapp.catd.ConfiguredTest" name="bytemultInvoke" time="3.103" />
  <testcase classname="org.netbeans.modules.compapp.catd.ConfiguredTest" name="bytenegInvoke" time="2.865" />
  <testcase classname="org.netbeans.modules.compapp.catd.ConfiguredTest" name="bytesubInvoke" time="2.94" />
  <testcase classname="org.netbeans.modules.compapp.catd.ConfiguredTest" name="copyRepeatingNodesUsingPredicate" time="0.35" />
  <testcase classname="org.netbeans.modules.compapp.catd.ConfiguredTest" name="decimalGreaterEqualInvoke" time="2.942" />
  <testcase classname="org.netbeans.modules.compapp.catd.ConfiguredTest" name="decimalGreaterInvoke" time="2.752" />
  <testcase classname="org.netbeans.modules.compapp.catd.ConfiguredTest" name="decimaladdInvoke" time="2.955" />
  <testcase classname="org.netbeans.modules.compapp.catd.ConfiguredTest" name="decimaldivInvoke" time="2.765" />
  <testcase classname="org.netbeans.modules.compapp.catd.ConfiguredTest" name="decimalmodInvoke" time="2.93" />
  <testcase classname="org.netbeans.modules.compapp.catd.ConfiguredTest" name="decimalmultInvoke" time="2.787" />
  <testcase classname="org.netbeans.modules.compapp.catd.ConfiguredTest" name="decimalnegInvoke" time="2.94" />
  <testcase classname="org.netbeans.modules.compapp.catd.ConfiguredTest" name="decimalsubInvoke" time="2.997" />
  <testcase classname="org.netbeans.modules.compapp.catd.ConfiguredTest" name="documentMultiNS" time="0.0030" />
  <testcase classname="org.netbeans.modules.compapp.catd.ConfiguredTest" name="echoAnyURIDataType_Invoke" time="3.13" />
  <testcase classname="org.netbeans.modules.compapp.catd.ConfiguredTest" name="echoBase64BinaryDataType_Invoke" time="3.172" />
  <testcase classname="org.netbeans.modules.compapp.catd.ConfiguredTest" name="echoBooleanDataType_Invoke" time="3.068" />
  <testcase classname="org.netbeans.modules.compapp.catd.ConfiguredTest" name="echoBooleanDecInvoke" time="3.003" />
  <testcase classname="org.netbeans.modules.compapp.catd.ConfiguredTest" name="echoBooleanEmptyInvoke" time="2.797" />
  <testcase classname="org.netbeans.modules.compapp.catd.ConfiguredTest" name="echoBooleanInvoke" time="2.862" />
  <testcase classname="org.netbeans.modules.compapp.catd.ConfiguredTest" name="echoBooleanNegDecInvoke" time="2.887" />
  <testcase classname="org.netbeans.modules.compapp.catd.ConfiguredTest" name="echoBooleanNegInvoke" time="2.927" />
  <testcase classname="org.netbeans.modules.compapp.catd.ConfiguredTest" name="echoBooleanStringInvoke" time="3.11" />
  <testcase classname="org.netbeans.modules.compapp.catd.ConfiguredTest" name="echoBooleanZeroInvoke" time="2.986" />
  <testcase classname="org.netbeans.modules.compapp.catd.ConfiguredTest" name="echoByteDataType_Invoke" time="2.948" />
  <testcase classname="org.netbeans.modules.compapp.catd.ConfiguredTest" name="echoCeilingDecInvoke" time="2.879" />
  <testcase classname="org.netbeans.modules.compapp.catd.ConfiguredTest" name="echoCeilingIntInvoke" time="2.923" />
  <testcase classname="org.netbeans.modules.compapp.catd.ConfiguredTest" name="echoCeilingInvoke" time="2.9" />
  <testcase classname="org.netbeans.modules.compapp.catd.ConfiguredTest" name="echoCeilingNaNInvoke" time="2.869" />
  <testcase classname="org.netbeans.modules.compapp.catd.ConfiguredTest" name="echoCeilingNegIntInvoke" time="2.98" />
  <testcase classname="org.netbeans.modules.compapp.catd.ConfiguredTest" name="echoCeilingZeroInvoke" time="2.868" />
  <testcase classname="org.netbeans.modules.compapp.catd.ConfiguredTest" name="echoConcat2_Invoke" time="2.885" />
  <testcase classname="org.netbeans.modules.compapp.catd.ConfiguredTest" name="echoConcat_Invoke" time="2.862" />
  <testcase classname="org.netbeans.modules.compapp.catd.ConfiguredTest" name="echoContains2Invoke" time="2.871" />
  <testcase classname="org.netbeans.modules.compapp.catd.ConfiguredTest" name="echoContainsEmptyInvoke" time="2.902" />
  <testcase classname="org.netbeans.modules.compapp.catd.ConfiguredTest" name="echoContainsInvoke" time="2.942" />
  <testcase classname="org.netbeans.modules.compapp.catd.ConfiguredTest" name="echoCopyFromInvoke" time="2.909" />
  <testcase classname="org.netbeans.modules.compapp.catd.ConfiguredTest" name="echoCountInvoke" time="2.914" />
  <testcase classname="org.netbeans.modules.compapp.catd.ConfiguredTest" name="echoDateDataType_Invoke" time="3.12" />
  <testcase classname="org.netbeans.modules.compapp.catd.ConfiguredTest" name="echoDateTimeDataType_Invoke" time="3.146" />
  <testcase classname="org.netbeans.modules.compapp.catd.ConfiguredTest" name="echoDecimalDataType_Invoke" time="3.022" />
  <testcase classname="org.netbeans.modules.compapp.catd.ConfiguredTest" name="echoDoubleDataType_Invoke" time="3.153" />
  <testcase classname="org.netbeans.modules.compapp.catd.ConfiguredTest" name="echoDurationDataType_Invoke" time="3.138" />
  <testcase classname="org.netbeans.modules.compapp.catd.ConfiguredTest" name="echoENTITIESDataType_Invoke" time="3.131" />
  <testcase classname="org.netbeans.modules.compapp.catd.ConfiguredTest" name="echoENTITYDataType_Invoke" time="2.992" />
  <testcase classname="org.netbeans.modules.compapp.catd.ConfiguredTest" name="echoFalseInvoke" time="2.854" />
  <testcase classname="org.netbeans.modules.compapp.catd.ConfiguredTest" name="echoFloatDataType_Invoke" time="3.077" />
  <testcase classname="org.netbeans.modules.compapp.catd.ConfiguredTest" name="echoFloorDecInvoke" time="2.828" />
  <testcase classname="org.netbeans.modules.compapp.catd.ConfiguredTest" name="echoFloorInvoke" time="2.805" />
  <testcase classname="org.netbeans.modules.compapp.catd.ConfiguredTest" name="echoFloorNaNInvoke" time="2.81" />
  <testcase classname="org.netbeans.modules.compapp.catd.ConfiguredTest" name="echoFloorNegIntInvoke" time="2.906" />
  <testcase classname="org.netbeans.modules.compapp.catd.ConfiguredTest" name="echoFloorNegInvoke" time="2.859" />
  <testcase classname="org.netbeans.modules.compapp.catd.ConfiguredTest" name="echoFloorZeroInvoke" time="2.907" />
  <testcase classname="org.netbeans.modules.compapp.catd.ConfiguredTest" name="echoGDayDataType_Invoke" time="3.103" />
  <testcase classname="org.netbeans.modules.compapp.catd.ConfiguredTest" name="echoGMonthDataType_Invoke" time="3.092" />
  <testcase classname="org.netbeans.modules.compapp.catd.ConfiguredTest" name="echoGMonthDayDataType_Invoke" time="2.952" />
  <testcase classname="org.netbeans.modules.compapp.catd.ConfiguredTest" name="echoGYearDataType_Invoke" time="3.167" />
  <testcase classname="org.netbeans.modules.compapp.catd.ConfiguredTest" name="echoGYearMonthDataType_Invoke" time="3.19" />
  <testcase classname="org.netbeans.modules.compapp.catd.ConfiguredTest" name="echoHexBinaryDataType_Invoke" time="3.194" />
  <testcase classname="org.netbeans.modules.compapp.catd.ConfiguredTest" name="echoIDDataType_Invoke" time="3.083" />
  <testcase classname="org.netbeans.modules.compapp.catd.ConfiguredTest" name="echoIDREFDataType_Invoke" time="3.128" />
  <testcase classname="org.netbeans.modules.compapp.catd.ConfiguredTest" name="echoIDREFSDataType_Invoke" time="3.122" />
  <testcase classname="org.netbeans.modules.compapp.catd.ConfiguredTest" name="echoIntDataType_Invoke" time="3.046" />
  <testcase classname="org.netbeans.modules.compapp.catd.ConfiguredTest" name="echoIntegerDataType_Invoke" time="3.321" />
  <testcase classname="org.netbeans.modules.compapp.catd.ConfiguredTest" name="echoLangInvoke" time="2.94" />
  <testcase classname="org.netbeans.modules.compapp.catd.ConfiguredTest" name="echoLangNegInvoke" time="2.945" />
  <testcase classname="org.netbeans.modules.compapp.catd.ConfiguredTest" name="echoLanguageDataType_Invoke" time="2.988" />
  <testcase classname="org.netbeans.modules.compapp.catd.ConfiguredTest" name="echoLocalNameInvoke" time="0.0010" />
  <testcase classname="org.netbeans.modules.compapp.catd.ConfiguredTest" name="echoLongDataType_Invoke" time="3.176" />
  <testcase classname="org.netbeans.modules.compapp.catd.ConfiguredTest" name="echoMultiplyInvoke" time="2.89" />
  <testcase classname="org.netbeans.modules.compapp.catd.ConfiguredTest" name="echoNCNameDataType_Invoke" time="3.192" />
  <testcase classname="org.netbeans.modules.compapp.catd.ConfiguredTest" name="echoNMTOKENDataType_Invoke" time="3.072" />
  <testcase classname="org.netbeans.modules.compapp.catd.ConfiguredTest" name="echoNMTOKENSDataType_Invoke" time="3.083" />
  <testcase classname="org.netbeans.modules.compapp.catd.ConfiguredTest" name="echoNameDataType_Invoke" time="3.171" />
  <testcase classname="org.netbeans.modules.compapp.catd.ConfiguredTest" name="echoNameInvoke" time="0.0" />
  <testcase classname="org.netbeans.modules.compapp.catd.ConfiguredTest" name="echoNegativeIntegerDataType_Invoke" time="3.033" />
  <testcase classname="org.netbeans.modules.compapp.catd.ConfiguredTest" name="echoNonNegativeIntegerDataType_Invoke" time="3.194" />
  <testcase classname="org.netbeans.modules.compapp.catd.ConfiguredTest" name="echoNonPositiveIntegerDataType_Invoke" time="3.08" />
  <testcase classname="org.netbeans.modules.compapp.catd.ConfiguredTest" name="echoNormalizeSpaceInvoke" time="2.824" />
  <testcase classname="org.netbeans.modules.compapp.catd.ConfiguredTest" name="echoNormalizeSpace_emptyInvoke" time="2.94" />
  <testcase classname="org.netbeans.modules.compapp.catd.ConfiguredTest" name="echoNormalizeSpace_noSpaceInvoke" time="2.908" />
  <testcase classname="org.netbeans.modules.compapp.catd.ConfiguredTest" name="echoNormalizeSpace_stringWspacesInvoke" time="2.957" />
  <testcase classname="org.netbeans.modules.compapp.catd.ConfiguredTest" name="echoNormalizedStringDataType_Invoke" time="3.094" />
  <testcase classname="org.netbeans.modules.compapp.catd.ConfiguredTest" name="echoNotFalseInvoke" time="2.852" />
  <testcase classname="org.netbeans.modules.compapp.catd.ConfiguredTest" name="echoNotInvoke" time="2.92" />
  <testcase classname="org.netbeans.modules.compapp.catd.ConfiguredTest" name="echoNot_StringInvoke" time="2.939" />
  <testcase classname="org.netbeans.modules.compapp.catd.ConfiguredTest" name="echoNot_emptyStringInvoke" time="2.967" />
  <testcase classname="org.netbeans.modules.compapp.catd.ConfiguredTest" name="echoNumberInvoke" time="2.941" />
  <testcase classname="org.netbeans.modules.compapp.catd.ConfiguredTest" name="echoNumberLiteralInvoke" time="2.899" />
  <testcase classname="org.netbeans.modules.compapp.catd.ConfiguredTest" name="echoNumberNegInvoke" time="2.834" />
  <testcase classname="org.netbeans.modules.compapp.catd.ConfiguredTest" name="echoPositiveIntegerDataType_Invoke" time="3.096" />
  <testcase classname="org.netbeans.modules.compapp.catd.ConfiguredTest" name="echoQNameDataType_Invoke" time="3.029" />
  <testcase classname="org.netbeans.modules.compapp.catd.ConfiguredTest" name="echoRoundBigDecimalBigger1E16GTInvoke" time="0.0010" />
  <testcase classname="org.netbeans.modules.compapp.catd.ConfiguredTest" name="echoRoundBigDecimalBigger1E16LTInvoke" time="0.0010" />
  <testcase classname="org.netbeans.modules.compapp.catd.ConfiguredTest" name="echoRoundIntInvoke" time="2.946" />
  <testcase classname="org.netbeans.modules.compapp.catd.ConfiguredTest" name="echoRoundInvoke" time="2.907" />
  <testcase classname="org.netbeans.modules.compapp.catd.ConfiguredTest" name="echoRoundLongInvoke" time="0.0010" />
  <testcase classname="org.netbeans.modules.compapp.catd.ConfiguredTest" name="echoRoundNegDecimalInvoke" time="2.93" />
  <testcase classname="org.netbeans.modules.compapp.catd.ConfiguredTest" name="echoRoundNegIntInvoke" time="2.883" />
  <testcase classname="org.netbeans.modules.compapp.catd.ConfiguredTest" name="echoRoundNegInvoke" time="2.965" />
  <testcase classname="org.netbeans.modules.compapp.catd.ConfiguredTest" name="echoRoundZeroInvoke" time="2.868" />
  <testcase classname="org.netbeans.modules.compapp.catd.ConfiguredTest" name="echoShortDataType_Invoke" time="2.963" />
  <testcase classname="org.netbeans.modules.compapp.catd.ConfiguredTest" name="echoStartsWithEmpty_Invoke" time="2.901" />
  <testcase classname="org.netbeans.modules.compapp.catd.ConfiguredTest" name="echoStartsWithNotIn_Invoke" time="3.006" />
  <testcase classname="org.netbeans.modules.compapp.catd.ConfiguredTest" name="echoStartsWith_Invoke" time="2.886" />
  <testcase classname="org.netbeans.modules.compapp.catd.ConfiguredTest" name="echoString0Invoke" time="2.872" />
  <testcase classname="org.netbeans.modules.compapp.catd.ConfiguredTest" name="echoStringDataType_Invoke" time="3.125" />
  <testcase classname="org.netbeans.modules.compapp.catd.ConfiguredTest" name="echoStringEmptyInvoke" time="2.832" />
  <testcase classname="org.netbeans.modules.compapp.catd.ConfiguredTest" name="echoStringInvoke" time="3.007" />
  <testcase classname="org.netbeans.modules.compapp.catd.ConfiguredTest" name="echoStringLengthInvoke" time="3.038" />
  <testcase classname="org.netbeans.modules.compapp.catd.ConfiguredTest" name="echoStringLength_emptyInvoke" time="3.047" />
  <testcase classname="org.netbeans.modules.compapp.catd.ConfiguredTest" name="echoSubstring1Invoke" time="3.037" />
  <testcase classname="org.netbeans.modules.compapp.catd.ConfiguredTest" name="echoSubstringAfterEmptyInvoke" time="3.183" />
  <testcase classname="org.netbeans.modules.compapp.catd.ConfiguredTest" name="echoSubstringAfterInvoke" time="3.048" />
  <testcase classname="org.netbeans.modules.compapp.catd.ConfiguredTest" name="echoSubstringAfterNotInInvoke" time="3.021" />
  <testcase classname="org.netbeans.modules.compapp.catd.ConfiguredTest" name="echoSubstringBeforeEmptyInvoke" time="2.886" />
  <testcase classname="org.netbeans.modules.compapp.catd.ConfiguredTest" name="echoSubstringBeforeInvoke" time="2.829" />
  <testcase classname="org.netbeans.modules.compapp.catd.ConfiguredTest" name="echoSubstringBefore_notInInvoke" time="2.995" />
  <testcase classname="org.netbeans.modules.compapp.catd.ConfiguredTest" name="echoSubstringInvoke" time="2.988" />
  <testcase classname="org.netbeans.modules.compapp.catd.ConfiguredTest" name="echoSubstringNumANumBInvoke" time="0.0010" />
  <testcase classname="org.netbeans.modules.compapp.catd.ConfiguredTest" name="echoSubstringWithoutSoapActionInvoke" time="0.0010" />
  <testcase classname="org.netbeans.modules.compapp.catd.ConfiguredTest" name="echoSumInvoke" time="3.01" />
  <testcase classname="org.netbeans.modules.compapp.catd.ConfiguredTest" name="echoSumNegDecimalInvoke" time="2.994" />
  <testcase classname="org.netbeans.modules.compapp.catd.ConfiguredTest" name="echoSumZeroInvoke" time="2.868" />
  <testcase classname="org.netbeans.modules.compapp.catd.ConfiguredTest" name="echoTimeDataType_Invoke" time="3.08" />
  <testcase classname="org.netbeans.modules.compapp.catd.ConfiguredTest" name="echoTokenDataType_Invoke" time="3.236" />
  <testcase classname="org.netbeans.modules.compapp.catd.ConfiguredTest" name="echoTranslate_Invoke" time="0.0010" />
  <testcase classname="org.netbeans.modules.compapp.catd.ConfiguredTest" name="echoTrueInvoke" time="2.963" />
  <testcase classname="org.netbeans.modules.compapp.catd.ConfiguredTest" name="echoUnsignedByteDataType_Invoke" time="3.087" />
  <testcase classname="org.netbeans.modules.compapp.catd.ConfiguredTest" name="echoUnsignedIntDataType_Invoke" time="3.203" />
  <testcase classname="org.netbeans.modules.compapp.catd.ConfiguredTest" name="echoUnsignedLongDataType_Invoke" time="3.227" />
  <testcase classname="org.netbeans.modules.compapp.catd.ConfiguredTest" name="echoUnsignedShortDataType_Invoke" time="3.089" />
  <testcase classname="org.netbeans.modules.compapp.catd.ConfiguredTest" name="intGreaterEqualInvoke" time="3.05" />
  <testcase classname="org.netbeans.modules.compapp.catd.ConfiguredTest" name="intGreaterInvoke" time="2.998" />
  <testcase classname="org.netbeans.modules.compapp.catd.ConfiguredTest" name="intaddInvoke" time="2.987" />
  <testcase classname="org.netbeans.modules.compapp.catd.ConfiguredTest" name="intdivInvoke" time="2.856" />
  <testcase classname="org.netbeans.modules.compapp.catd.ConfiguredTest" name="integerGreaterEqualInvoke" time="2.904" />
  <testcase classname="org.netbeans.modules.compapp.catd.ConfiguredTest" name="integerGreaterInvoke" time="2.96" />
  <testcase classname="org.netbeans.modules.compapp.catd.ConfiguredTest" name="integeraddInvoke" time="3.023" />
  <testcase classname="org.netbeans.modules.compapp.catd.ConfiguredTest" name="integerdivInvoke" time="2.984" />
  <testcase classname="org.netbeans.modules.compapp.catd.ConfiguredTest" name="integermodInvoke" time="3.091" />
  <testcase classname="org.netbeans.modules.compapp.catd.ConfiguredTest" name="integermultInvoke" time="3.046" />
  <testcase classname="org.netbeans.modules.compapp.catd.ConfiguredTest" name="integernegInvoke" time="2.996" />
  <testcase classname="org.netbeans.modules.compapp.catd.ConfiguredTest" name="integersubInvoke" time="3.005" />
  <testcase classname="org.netbeans.modules.compapp.catd.ConfiguredTest" name="intmodInvoke" time="3.082" />
  <testcase classname="org.netbeans.modules.compapp.catd.ConfiguredTest" name="intmultInvoke" time="2.855" />
  <testcase classname="org.netbeans.modules.compapp.catd.ConfiguredTest" name="intnegInvoke" time="2.986" />
  <testcase classname="org.netbeans.modules.compapp.catd.ConfiguredTest" name="intsubInvoke" time="3.042" />
  <testcase classname="org.netbeans.modules.compapp.catd.ConfiguredTest" name="longGreaterEqualInvoke" time="3.065" />
  <testcase classname="org.netbeans.modules.compapp.catd.ConfiguredTest" name="longGreaterInvoke" time="2.973" />
  <testcase classname="org.netbeans.modules.compapp.catd.ConfiguredTest" name="longNegInvoke" time="2.975" />
  <testcase classname="org.netbeans.modules.compapp.catd.ConfiguredTest" name="longaddInvoke" time="3.0" />
  <testcase classname="org.netbeans.modules.compapp.catd.ConfiguredTest" name="longdivInvoke" time="3.003" />
  <testcase classname="org.netbeans.modules.compapp.catd.ConfiguredTest" name="longmodInvoke" time="2.92" />
  <testcase classname="org.netbeans.modules.compapp.catd.ConfiguredTest" name="longmultInvoke" time="2.897" />
  <testcase classname="org.netbeans.modules.compapp.catd.ConfiguredTest" name="longsubInvoke" time="3.003" />
  <testcase classname="org.netbeans.modules.compapp.catd.ConfiguredTest" name="shortGreaterEqualInvoke" time="2.987" />
  <testcase classname="org.netbeans.modules.compapp.catd.ConfiguredTest" name="shortGreaterInvoke" time="2.933" />
  <testcase classname="org.netbeans.modules.compapp.catd.ConfiguredTest" name="shortNegInvoke" time="3.319" />
  <testcase classname="org.netbeans.modules.compapp.catd.ConfiguredTest" name="shortaddInvoke" time="3.164" />
  <testcase classname="org.netbeans.modules.compapp.catd.ConfiguredTest" name="shortdivInvoke" time="2.993" />
  <testcase classname="org.netbeans.modules.compapp.catd.ConfiguredTest" name="shortmodInvoke" time="2.843" />
  <testcase classname="org.netbeans.modules.compapp.catd.ConfiguredTest" name="shortmultInvoke" time="3.007" />
  <testcase classname="org.netbeans.modules.compapp.catd.ConfiguredTest" name="shortsubInvoke" time="3.122" />
  <testcase classname="org.netbeans.modules.compapp.catd.ConfiguredTest" name="simpExpr" time="0.437" />
  <testcase classname="org.netbeans.modules.compapp.catd.ConfiguredTest" name="testTrailingZeros" time="0.39" />
  <testcase classname="org.netbeans.modules.compapp.catd.ConfiguredTest" name="testforCR6470807" time="0.376" />
  <system-out><![CDATA[{java.runtime.name=Java(TM) 2 Runtime Environment, Standard Edition, sun.boot.library.path=C:\Program Files\Java\jdk1.5.0_17\jre\bin, java.vm.version=1.5.0_17-b04, java.vm.vendor=Sun Microsystems Inc., java.vendor.url=http://java.sun.com/, path.separator=;, java.vm.name=Java HotSpot(TM) Client VM, file.encoding.pkg=sun.io, sun.java.launcher=SUN_STANDARD, user.country=US, sun.os.patch.level=, java.vm.specification.name=Java Virtual Machine Specification, user.dir=C:\workspace\openjbi\open-jbi-components\driver-tests\bpelse\assign\AssignJbi, java.runtime.version=1.5.0_17-b04, java.awt.graphicsenv=sun.awt.Win32GraphicsEnvironment, java.endorsed.dirs=C:\Program Files\Java\jdk1.5.0_17\jre\lib\endorsed, os.arch=x86, java.io.tmpdir=C:\Users\VMULAK~2\AppData\Local\Temp\, line.separator=
, java.vm.specification.vendor=Sun Microsystems Inc., user.variant=, os.name=Windows Vista, sun.jnu.encoding=Cp1252, java.library.path=C:\Program Files\Java\jdk1.5.0_17\jre\bin;.;C:\Windows\system32;C:\Windows;C:\PROGRA~1\GTK\bin;C:\Windows\system32;C:\Windows;C:\Windows\System32\Wbem;C:\Program Files\Intel\DMIX;C:\Program Files\Intel\WiFi\bin\;C:\Program Files\Common Files\Roxio Shared\DLLShared\;C:\Program Files\Common Files\Roxio Shared\9.0\DLLShared\;c:\Program Files\Microsoft SQL Server\100\Tools\Binn\;c:\Program Files\Microsoft SQL Server\100\DTS\Binn\;C:\Windows\System32\WindowsPowerShell\v1.0\;C:\Program Files\NTRU Cryptosystems\NTRU TCG Software Stack\bin\;C:\Program Files\QuickTime\QTSystem\;C:\Program Files\Apache Software Foundation\apache-maven-2.0.9\bin;C:\Users\vmulakkayala\.bashhome\bin;C:\Program Files\CVS Suite\CVSNT Tools\;C:\Program Files\Python25, java.specification.name=Java Platform API Specification, java.class.version=49.0, sun.management.compiler=HotSpot Client Compiler, os.version=6.1, user.home=C:\Users\vmulakkayala, user.timezone=America/Los_Angeles, java.awt.printerjob=sun.awt.windows.WPrinterJob, file.encoding=Cp1252, java.specification.version=1.5, java.class.path=C:\workspace\nbentpack\build\netbeans\soa2\modules\org-netbeans-modules-compapp-manager-jbi.jar;C:\workspace\nbentpack\build\netbeans\soa2\modules\org-netbeans-modules-compapp-projects-jbi.jar;C:\workspace\nbentpack\build\netbeans\soa2\modules\ext\jbi\jbi-admin-common.jar;C:\workspace\nbentpack\build\netbeans\soa2\modules\ext\jbi\catd.jar;C:\workspace\nbentpack\build\netbeans\java2\modules\ext\junit-3.8.2.jar;C:\workspace\nbentpack\build\netbeans\java2\modules\ext\jaxws21\api\saaj-api.jar;C:\workspace\nbentpack\build\netbeans\java2\modules\ext\jaxws21\saaj-impl.jar;C:\workspace\nbentpack\build\netbeans\java2\modules\ext\jaxws21\FastInfoset.jar;C:\workspace\nbentpack\build\netbeans\ide10\modules\org-netbeans-modules-editor-lib.jar;C:\workspace\nbentpack\build\netbeans\ide10\modules\org-netbeans-modules-editor.jar;C:\workspace\nbentpack\build\netbeans\ide10\modules\org-netbeans-modules-editor-util.jar;C:\workspace\nbentpack\build\netbeans\ide10\modules\org-netbeans-modules-editor-lib2.jar;C:\workspace\nbentpack\build\netbeans\ide10\modules\org-netbeans-modules-editor-indent.jar;C:\workspace\nbentpack\build\netbeans\ide10\modules\org-netbeans-modules-editor-plain.jar;C:\workspace\nbentpack\build\netbeans\ide10\modules\org-netbeans-modules-editor-plain-lib.jar;C:\workspace\nbentpack\build\netbeans\ide10\modules\org-netbeans-modules-editor-settings.jar;C:\workspace\nbentpack\build\netbeans\ide10\modules\org-netbeans-modules-editor-settings-storage.jar;C:\workspace\nbentpack\build\netbeans\ide10\modules\org-netbeans-modules-lexer.jar;C:\workspace\nbentpack\build\netbeans\ide10\modules\org-netbeans-modules-xml-core.jar;C:\workspace\nbentpack\build\netbeans\ide10\modules\org-netbeans-modules-xml-lexer.jar;C:\workspace\nbentpack\build\netbeans\ide10\modules\org-netbeans-modules-xml-text.jar;C:\workspace\nbentpack\build\netbeans\ide10\modules\org-netbeans-modules-xml-xdm.jar;C:\workspace\nbentpack\build\netbeans\ide10\modules\org-netbeans-modules-xml-xam.jar;C:\workspace\nbentpack\build\netbeans\ide10\modules\ext\jaxb\activation.jar;C:\workspace\nbentpack\build\netbeans\platform9\lib\org-openide-modules.jar;C:\workspace\nbentpack\build\netbeans\platform9\lib\org-openide-util.jar;C:\workspace\nbentpack\build\netbeans\platform9\modules\org-openide-options.jar;C:\workspace\nbentpack\build\netbeans\platform9\modules\org-openide-text.jar;C:\workspace\nbentpack\build\netbeans\platform9\modules\org-openide-loaders.jar;C:\workspace\nbentpack\build\netbeans\platform9\modules\org-openide-nodes.jar;C:\workspace\nbentpack\build\netbeans\platform9\modules\org-netbeans-modules-editor-mimelookup.jar;C:\workspace\nbentpack\build\netbeans\platform9\modules\org-netbeans-modules-editor-mimelookup-impl.jar;C:\workspace\nbentpack\build\netbeans\platform9\core\org-openide-filesystems.jar;C:\workspace\openjbi\open-jbi-components\driver-tests\bpelse\assign\AssignJbi;C:\Program Files\Java\jre6\lib\ext\QTJava.zip;C:\workspace\nbentpack\build\netbeans\java2\ant\lib\ant-launcher.jar;C:\workspace\nbentpack\build\netbeans\java2\ant\lib\ant.jar;C:\workspace\nbentpack\build\netbeans\java2\ant\patches\72080.jar, user.name=vmulakkayala, java.vm.specification.version=1.0, java.home=C:\Program Files\Java\jdk1.5.0_17\jre, sun.arch.data.model=32, org.netbeans.modules.compapp.catd.context=, user.language=en, java.specification.vendor=Sun Microsystems Inc., NetBeansUserDir=C:\workspace\nbentpack\build\.netbeans\glassfishesb, awt.toolkit=sun.awt.windows.WToolkit, java.vm.info=mixed mode, java.version=1.5.0_17, java.ext.dirs=C:\Program Files\Java\jdk1.5.0_17\jre\lib\ext, sun.boot.class.path=C:\Program Files\Java\jdk1.5.0_17\jre\lib\rt.jar;C:\Program Files\Java\jdk1.5.0_17\jre\lib\i18n.jar;C:\Program Files\Java\jdk1.5.0_17\jre\lib\sunrsasign.jar;C:\Program Files\Java\jdk1.5.0_17\jre\lib\jsse.jar;C:\Program Files\Java\jdk1.5.0_17\jre\lib\jce.jar;C:\Program Files\Java\jdk1.5.0_17\jre\lib\charsets.jar;C:\Program Files\Java\jdk1.5.0_17\jre\classes, java.vendor=Sun Microsystems Inc., file.separator=\, java.vendor.url.bug=http://java.sun.com/cgi-bin/bugreport.cgi, sun.io.unicode.encoding=UnicodeLittle, sun.cpu.endian=little, sun.desktop=windows, sun.cpu.isalist=pentium_pro+mmx pentium_pro pentium+mmx pentium i486 i386 i86}
Test AssignAndOpFF\Concurrent.properties
Replace '${HttpDefaultPort}' in WSDL soap location by '9080' defined in sun-http-binding.

Replace '${HttpDefaultPort}' in WSDL soap location by '9080' defined in sun-http-binding.

Replace '${HttpDefaultPort}' in WSDL soap location by '9080' defined in sun-http-binding.

Replace '${HttpDefaultPort}' in WSDL soap location by '9080' defined in sun-http-binding.

Replace '${HttpDefaultPort}' in WSDL soap location by '9080' defined in sun-http-binding.

Replace '${HttpDefaultPort}' in WSDL soap location by '9080' defined in sun-http-binding.

Replace '${HttpDefaultPort}' in WSDL soap location by '9080' defined in sun-http-binding.

Replace '${HttpDefaultPort}' in WSDL soap location by '9080' defined in sun-http-binding.

Replace '${HttpDefaultPort}' in WSDL soap location by '9080' defined in sun-http-binding.

Replace '${HttpDefaultPort}' in WSDL soap location by '9080' defined in sun-http-binding.
 Passed. Threads count Success: <10> Error: <0> Not completed: <0> Throughput: <10> invocations in <28.44>s = <0.35161744022503516> invokes/s
Test AssignAndOpFT\Concurrent.properties
Replace '${HttpDefaultPort}' in WSDL soap location by '9080' defined in sun-http-binding.

Replace '${HttpDefaultPort}' in WSDL soap location by '9080' defined in sun-http-binding.

Replace '${HttpDefaultPort}' in WSDL soap location by '9080' defined in sun-http-binding.

Replace '${HttpDefaultPort}' in WSDL soap location by '9080' defined in sun-http-binding.

Replace '${HttpDefaultPort}' in WSDL soap location by '9080' defined in sun-http-binding.

Replace '${HttpDefaultPort}' in WSDL soap location by '9080' defined in sun-http-binding.

Replace '${HttpDefaultPort}' in WSDL soap location by '9080' defined in sun-http-binding.

Replace '${HttpDefaultPort}' in WSDL soap location by '9080' defined in sun-http-binding.

Replace '${HttpDefaultPort}' in WSDL soap location by '9080' defined in sun-http-binding.

Replace '${HttpDefaultPort}' in WSDL soap location by '9080' defined in sun-http-binding.
 Passed. Threads count Success: <10> Error: <0> Not completed: <0> Throughput: <10> invocations in <22.139>s = <0.4516915849857717> invokes/s
Test AssignAndOpTF\Concurrent.properties
Replace '${HttpDefaultPort}' in WSDL soap location by '9080' defined in sun-http-binding.

Replace '${HttpDefaultPort}' in WSDL soap location by '9080' defined in sun-http-binding.

Replace '${HttpDefaultPort}' in WSDL soap location by '9080' defined in sun-http-binding.

Replace '${HttpDefaultPort}' in WSDL soap location by '9080' defined in sun-http-binding.

Replace '${HttpDefaultPort}' in WSDL soap location by '9080' defined in sun-http-binding.

Replace '${HttpDefaultPort}' in WSDL soap location by '9080' defined in sun-http-binding.

Replace '${HttpDefaultPort}' in WSDL soap location by '9080' defined in sun-http-binding.

Replace '${HttpDefaultPort}' in WSDL soap location by '9080' defined in sun-http-binding.

Replace '${HttpDefaultPort}' in WSDL soap location by '9080' defined in sun-http-binding.

Replace '${HttpDefaultPort}' in WSDL soap location by '9080' defined in sun-http-binding.
 Passed. Threads count Success: <10> Error: <0> Not completed: <0> Throughput: <10> invocations in <21.365>s = <0.46805523051720105> invokes/s
Test AssignAndOpTT\Concurrent.properties
Replace '${HttpDefaultPort}' in WSDL soap location by '9080' defined in sun-http-binding.

Replace '${HttpDefaultPort}' in WSDL soap location by '9080' defined in sun-http-binding.

Replace '${HttpDefaultPort}' in WSDL soap location by '9080' defined in sun-http-binding.

Replace '${HttpDefaultPort}' in WSDL soap location by '9080' defined in sun-http-binding.

Replace '${HttpDefaultPort}' in WSDL soap location by '9080' defined in sun-http-binding.

Replace '${HttpDefaultPort}' in WSDL soap location by '9080' defined in sun-http-binding.

Replace '${HttpDefaultPort}' in WSDL soap location by '9080' defined in sun-http-binding.

Replace '${HttpDefaultPort}' in WSDL soap location by '9080' defined in sun-http-binding.

Replace '${HttpDefaultPort}' in WSDL soap location by '9080' defined in sun-http-binding.

Replace '${HttpDefaultPort}' in WSDL soap location by '9080' defined in sun-http-binding.
 Passed. Threads count Success: <10> Error: <0> Not completed: <0> Throughput: <10> invocations in <20.934>s = <0.47769179325499184> invokes/s
Test AssignDurrationFalseInvoke\Concurrent.properties
Replace '${HttpDefaultPort}' in WSDL soap location by '9080' defined in sun-http-binding.

Replace '${HttpDefaultPort}' in WSDL soap location by '9080' defined in sun-http-binding.

Replace '${HttpDefaultPort}' in WSDL soap location by '9080' defined in sun-http-binding.

Replace '${HttpDefaultPort}' in WSDL soap location by '9080' defined in sun-http-binding.

Replace '${HttpDefaultPort}' in WSDL soap location by '9080' defined in sun-http-binding.

Replace '${HttpDefaultPort}' in WSDL soap location by '9080' defined in sun-http-binding.

Replace '${HttpDefaultPort}' in WSDL soap location by '9080' defined in sun-http-binding.

Replace '${HttpDefaultPort}' in WSDL soap location by '9080' defined in sun-http-binding.

Replace '${HttpDefaultPort}' in WSDL soap location by '9080' defined in sun-http-binding.

Replace '${HttpDefaultPort}' in WSDL soap location by '9080' defined in sun-http-binding.
 Passed. Threads count Success: <10> Error: <0> Not completed: <0> Throughput: <10> invocations in <20.606>s = <0.485295544986897> invokes/s
Test AssignDurrationTrueInvoke\Concurrent.properties
Replace '${HttpDefaultPort}' in WSDL soap location by '9080' defined in sun-http-binding.

Replace '${HttpDefaultPort}' in WSDL soap location by '9080' defined in sun-http-binding.

Replace '${HttpDefaultPort}' in WSDL soap location by '9080' defined in sun-http-binding.

Replace '${HttpDefaultPort}' in WSDL soap location by '9080' defined in sun-http-binding.

Replace '${HttpDefaultPort}' in WSDL soap location by '9080' defined in sun-http-binding.

Replace '${HttpDefaultPort}' in WSDL soap location by '9080' defined in sun-http-binding.

Replace '${HttpDefaultPort}' in WSDL soap location by '9080' defined in sun-http-binding.

Replace '${HttpDefaultPort}' in WSDL soap location by '9080' defined in sun-http-binding.

Replace '${HttpDefaultPort}' in WSDL soap location by '9080' defined in sun-http-binding.

Replace '${HttpDefaultPort}' in WSDL soap location by '9080' defined in sun-http-binding.
 Passed. Threads count Success: <10> Error: <0> Not completed: <0> Throughput: <10> invocations in <21.162>s = <0.4725451280597297> invokes/s
Test AssignOrOpFF\Concurrent.properties
Replace '${HttpDefaultPort}' in WSDL soap location by '9080' defined in sun-http-binding.

Replace '${HttpDefaultPort}' in WSDL soap location by '9080' defined in sun-http-binding.

Replace '${HttpDefaultPort}' in WSDL soap location by '9080' defined in sun-http-binding.

Replace '${HttpDefaultPort}' in WSDL soap location by '9080' defined in sun-http-binding.

Replace '${HttpDefaultPort}' in WSDL soap location by '9080' defined in sun-http-binding.

Replace '${HttpDefaultPort}' in WSDL soap location by '9080' defined in sun-http-binding.

Replace '${HttpDefaultPort}' in WSDL soap location by '9080' defined in sun-http-binding.

Replace '${HttpDefaultPort}' in WSDL soap location by '9080' defined in sun-http-binding.

Replace '${HttpDefaultPort}' in WSDL soap location by '9080' defined in sun-http-binding.

Replace '${HttpDefaultPort}' in WSDL soap location by '9080' defined in sun-http-binding.
 Passed. Threads count Success: <10> Error: <0> Not completed: <0> Throughput: <10> invocations in <21.2>s = <0.4716981132075472> invokes/s
Test AssignOrOpFT\Concurrent.properties
Replace '${HttpDefaultPort}' in WSDL soap location by '9080' defined in sun-http-binding.

Replace '${HttpDefaultPort}' in WSDL soap location by '9080' defined in sun-http-binding.

Replace '${HttpDefaultPort}' in WSDL soap location by '9080' defined in sun-http-binding.

Replace '${HttpDefaultPort}' in WSDL soap location by '9080' defined in sun-http-binding.

Replace '${HttpDefaultPort}' in WSDL soap location by '9080' defined in sun-http-binding.

Replace '${HttpDefaultPort}' in WSDL soap location by '9080' defined in sun-http-binding.

Replace '${HttpDefaultPort}' in WSDL soap location by '9080' defined in sun-http-binding.

Replace '${HttpDefaultPort}' in WSDL soap location by '9080' defined in sun-http-binding.

Replace '${HttpDefaultPort}' in WSDL soap location by '9080' defined in sun-http-binding.

Replace '${HttpDefaultPort}' in WSDL soap location by '9080' defined in sun-http-binding.
 Passed. Threads count Success: <10> Error: <0> Not completed: <0> Throughput: <10> invocations in <20.491>s = <0.48801913034990974> invokes/s
Test AssignOrOpTF\Concurrent.properties
Replace '${HttpDefaultPort}' in WSDL soap location by '9080' defined in sun-http-binding.

Replace '${HttpDefaultPort}' in WSDL soap location by '9080' defined in sun-http-binding.

Replace '${HttpDefaultPort}' in WSDL soap location by '9080' defined in sun-http-binding.

Replace '${HttpDefaultPort}' in WSDL soap location by '9080' defined in sun-http-binding.

Replace '${HttpDefaultPort}' in WSDL soap location by '9080' defined in sun-http-binding.

Replace '${HttpDefaultPort}' in WSDL soap location by '9080' defined in sun-http-binding.

Replace '${HttpDefaultPort}' in WSDL soap location by '9080' defined in sun-http-binding.

Replace '${HttpDefaultPort}' in WSDL soap location by '9080' defined in sun-http-binding.

Replace '${HttpDefaultPort}' in WSDL soap location by '9080' defined in sun-http-binding.

Replace '${HttpDefaultPort}' in WSDL soap location by '9080' defined in sun-http-binding.
 Passed. Threads count Success: <10> Error: <0> Not completed: <0> Throughput: <10> invocations in <21.773>s = <0.4592844348505029> invokes/s
Test AssignOrOpTT\Concurrent.properties
Replace '${HttpDefaultPort}' in WSDL soap location by '9080' defined in sun-http-binding.

Replace '${HttpDefaultPort}' in WSDL soap location by '9080' defined in sun-http-binding.

Replace '${HttpDefaultPort}' in WSDL soap location by '9080' defined in sun-http-binding.

Replace '${HttpDefaultPort}' in WSDL soap location by '9080' defined in sun-http-binding.

Replace '${HttpDefaultPort}' in WSDL soap location by '9080' defined in sun-http-binding.

Replace '${HttpDefaultPort}' in WSDL soap location by '9080' defined in sun-http-binding.

Replace '${HttpDefaultPort}' in WSDL soap location by '9080' defined in sun-http-binding.

Replace '${HttpDefaultPort}' in WSDL soap location by '9080' defined in sun-http-binding.

Replace '${HttpDefaultPort}' in WSDL soap location by '9080' defined in sun-http-binding.

Replace '${HttpDefaultPort}' in WSDL soap location by '9080' defined in sun-http-binding.
 Passed. Threads count Success: <10> Error: <0> Not completed: <0> Throughput: <10> invocations in <21.42>s = <0.46685340802987857> invokes/s
Test CopyNCNameInvoke\Concurrent.properties
Replace '${HttpDefaultPort}' in WSDL soap location by '9080' defined in sun-http-binding.

Replace '${HttpDefaultPort}' in WSDL soap location by '9080' defined in sun-http-binding.

Replace '${HttpDefaultPort}' in WSDL soap location by '9080' defined in sun-http-binding.

Replace '${HttpDefaultPort}' in WSDL soap location by '9080' defined in sun-http-binding.

Replace '${HttpDefaultPort}' in WSDL soap location by '9080' defined in sun-http-binding.

Replace '${HttpDefaultPort}' in WSDL soap location by '9080' defined in sun-http-binding.

Replace '${HttpDefaultPort}' in WSDL soap location by '9080' defined in sun-http-binding.

Replace '${HttpDefaultPort}' in WSDL soap location by '9080' defined in sun-http-binding.

Replace '${HttpDefaultPort}' in WSDL soap location by '9080' defined in sun-http-binding.

Replace '${HttpDefaultPort}' in WSDL soap location by '9080' defined in sun-http-binding.
 Passed. Threads count Success: <10> Error: <0> Not completed: <0> Throughput: <10> invocations in <21.915>s = <0.4563084645220169> invokes/s
Test CopyNameInvoke\Concurrent.properties
Replace '${HttpDefaultPort}' in WSDL soap location by '9080' defined in sun-http-binding.

Replace '${HttpDefaultPort}' in WSDL soap location by '9080' defined in sun-http-binding.

Replace '${HttpDefaultPort}' in WSDL soap location by '9080' defined in sun-http-binding.

Replace '${HttpDefaultPort}' in WSDL soap location by '9080' defined in sun-http-binding.

Replace '${HttpDefaultPort}' in WSDL soap location by '9080' defined in sun-http-binding.

Replace '${HttpDefaultPort}' in WSDL soap location by '9080' defined in sun-http-binding.

Replace '${HttpDefaultPort}' in WSDL soap location by '9080' defined in sun-http-binding.

Replace '${HttpDefaultPort}' in WSDL soap location by '9080' defined in sun-http-binding.

Replace '${HttpDefaultPort}' in WSDL soap location by '9080' defined in sun-http-binding.

Replace '${HttpDefaultPort}' in WSDL soap location by '9080' defined in sun-http-binding.
 Passed. Threads count Success: <10> Error: <0> Not completed: <0> Throughput: <10> invocations in <21.994>s = <0.45466945530599256> invokes/s
Test CopyOptionalRepeatInvoke\Concurrent.properties
Replace '${HttpDefaultPort}' in WSDL soap location by '9080' defined in sun-http-binding.

Replace '${HttpDefaultPort}' in WSDL soap location by '9080' defined in sun-http-binding.

Replace '${HttpDefaultPort}' in WSDL soap location by '9080' defined in sun-http-binding.

Replace '${HttpDefaultPort}' in WSDL soap location by '9080' defined in sun-http-binding.

Replace '${HttpDefaultPort}' in WSDL soap location by '9080' defined in sun-http-binding.

Replace '${HttpDefaultPort}' in WSDL soap location by '9080' defined in sun-http-binding.

Replace '${HttpDefaultPort}' in WSDL soap location by '9080' defined in sun-http-binding.

Replace '${HttpDefaultPort}' in WSDL soap location by '9080' defined in sun-http-binding.

Replace '${HttpDefaultPort}' in WSDL soap location by '9080' defined in sun-http-binding.

Replace '${HttpDefaultPort}' in WSDL soap location by '9080' defined in sun-http-binding.
 Passed. Threads count Success: <10> Error: <0> Not completed: <0> Throughput: <10> invocations in <21.813>s = <0.45844221335900615> invokes/s
Test CopyQNameInvoke\Concurrent.properties
Replace '${HttpDefaultPort}' in WSDL soap location by '9080' defined in sun-http-binding.

Replace '${HttpDefaultPort}' in WSDL soap location by '9080' defined in sun-http-binding.

Replace '${HttpDefaultPort}' in WSDL soap location by '9080' defined in sun-http-binding.

Replace '${HttpDefaultPort}' in WSDL soap location by '9080' defined in sun-http-binding.

Replace '${HttpDefaultPort}' in WSDL soap location by '9080' defined in sun-http-binding.

Replace '${HttpDefaultPort}' in WSDL soap location by '9080' defined in sun-http-binding.

Replace '${HttpDefaultPort}' in WSDL soap location by '9080' defined in sun-http-binding.

Replace '${HttpDefaultPort}' in WSDL soap location by '9080' defined in sun-http-binding.

Replace '${HttpDefaultPort}' in WSDL soap location by '9080' defined in sun-http-binding.

Replace '${HttpDefaultPort}' in WSDL soap location by '9080' defined in sun-http-binding.
 Passed. Threads count Success: <10> Error: <0> Not completed: <0> Throughput: <10> invocations in <21.776>s = <0.4592211609110948> invokes/s
Test CopyanyURIInvoke\Concurrent.properties
Replace '${HttpDefaultPort}' in WSDL soap location by '9080' defined in sun-http-binding.

Replace '${HttpDefaultPort}' in WSDL soap location by '9080' defined in sun-http-binding.

Replace '${HttpDefaultPort}' in WSDL soap location by '9080' defined in sun-http-binding.

Replace '${HttpDefaultPort}' in WSDL soap location by '9080' defined in sun-http-binding.

Replace '${HttpDefaultPort}' in WSDL soap location by '9080' defined in sun-http-binding.

Replace '${HttpDefaultPort}' in WSDL soap location by '9080' defined in sun-http-binding.

Replace '${HttpDefaultPort}' in WSDL soap location by '9080' defined in sun-http-binding.


Replace '${HttpDefaultPort}' in WSDL soap location by '9080' defined in sun-http-binding.
Replace '${HttpDefaultPort}' in WSDL soap location by '9080' defined in sun-http-binding.

Replace '${HttpDefaultPort}' in WSDL soap location by '9080' defined in sun-http-binding.
 Passed. Threads count Success: <10> Error: <0> Not completed: <0> Throughput: <10> invocations in <20.808>s = <0.4805843906189927> invokes/s
Test Copybase64BinaryInvoke\Concurrent.properties
Replace '${HttpDefaultPort}' in WSDL soap location by '9080' defined in sun-http-binding.
 Passed. Threads count Success: <1> Error: <0> Not completed: <0> Throughput: <1> invocations in <0.329>s = <3.03951367781155> invokes/s
Test CopybooleanInvoke\Concurrent.properties
Replace '${HttpDefaultPort}' in WSDL soap location by '9080' defined in sun-http-binding.

Replace '${HttpDefaultPort}' in WSDL soap location by '9080' defined in sun-http-binding.

Replace '${HttpDefaultPort}' in WSDL soap location by '9080' defined in sun-http-binding.

Replace '${HttpDefaultPort}' in WSDL soap location by '9080' defined in sun-http-binding.

Replace '${HttpDefaultPort}' in WSDL soap location by '9080' defined in sun-http-binding.

Replace '${HttpDefaultPort}' in WSDL soap location by '9080' defined in sun-http-binding.

Replace '${HttpDefaultPort}' in WSDL soap location by '9080' defined in sun-http-binding.

Replace '${HttpDefaultPort}' in WSDL soap location by '9080' defined in sun-http-binding.

Replace '${HttpDefaultPort}' in WSDL soap location by '9080' defined in sun-http-binding.

Replace '${HttpDefaultPort}' in WSDL soap location by '9080' defined in sun-http-binding.
 Passed. Threads count Success: <10> Error: <0> Not completed: <0> Throughput: <10> invocations in <20.844>s = <0.4797543657647284> invokes/s
Test CopybyteInvoke\Concurrent.properties
Replace '${HttpDefaultPort}' in WSDL soap location by '9080' defined in sun-http-binding.

Replace '${HttpDefaultPort}' in WSDL soap location by '9080' defined in sun-http-binding.

Replace '${HttpDefaultPort}' in WSDL soap location by '9080' defined in sun-http-binding.

Replace '${HttpDefaultPort}' in WSDL soap location by '9080' defined in sun-http-binding.

Replace '${HttpDefaultPort}' in WSDL soap location by '9080' defined in sun-http-binding.

Replace '${HttpDefaultPort}' in WSDL soap location by '9080' defined in sun-http-binding.

Replace '${HttpDefaultPort}' in WSDL soap location by '9080' defined in sun-http-binding.

Replace '${HttpDefaultPort}' in WSDL soap location by '9080' defined in sun-http-binding.

Replace '${HttpDefaultPort}' in WSDL soap location by '9080' defined in sun-http-binding.

Replace '${HttpDefaultPort}' in WSDL soap location by '9080' defined in sun-http-binding.
 Passed. Threads count Success: <10> Error: <0> Not completed: <0> Throughput: <10> invocations in <19.828>s = <0.5043373007867662> invokes/s
Test CopydateInvoke\Concurrent.properties
Replace '${HttpDefaultPort}' in WSDL soap location by '9080' defined in sun-http-binding.

Replace '${HttpDefaultPort}' in WSDL soap location by '9080' defined in sun-http-binding.

Replace '${HttpDefaultPort}' in WSDL soap location by '9080' defined in sun-http-binding.

Replace '${HttpDefaultPort}' in WSDL soap location by '9080' defined in sun-http-binding.

Replace '${HttpDefaultPort}' in WSDL soap location by '9080' defined in sun-http-binding.

Replace '${HttpDefaultPort}' in WSDL soap location by '9080' defined in sun-http-binding.

Replace '${HttpDefaultPort}' in WSDL soap location by '9080' defined in sun-http-binding.

Replace '${HttpDefaultPort}' in WSDL soap location by '9080' defined in sun-http-binding.

Replace '${HttpDefaultPort}' in WSDL soap location by '9080' defined in sun-http-binding.

Replace '${HttpDefaultPort}' in WSDL soap location by '9080' defined in sun-http-binding.
 Passed. Threads count Success: <10> Error: <0> Not completed: <0> Throughput: <10> invocations in <21.306>s = <0.46935135642542003> invokes/s
Test CopydateTimeInvoke\Concurrent.properties
Replace '${HttpDefaultPort}' in WSDL soap location by '9080' defined in sun-http-binding.

Replace '${HttpDefaultPort}' in WSDL soap location by '9080' defined in sun-http-binding.

Replace '${HttpDefaultPort}' in WSDL soap location by '9080' defined in sun-http-binding.

Replace '${HttpDefaultPort}' in WSDL soap location by '9080' defined in sun-http-binding.

Replace '${HttpDefaultPort}' in WSDL soap location by '9080' defined in sun-http-binding.

Replace '${HttpDefaultPort}' in WSDL soap location by '9080' defined in sun-http-binding.

Replace '${HttpDefaultPort}' in WSDL soap location by '9080' defined in sun-http-binding.

Replace '${HttpDefaultPort}' in WSDL soap location by '9080' defined in sun-http-binding.

Replace '${HttpDefaultPort}' in WSDL soap location by '9080' defined in sun-http-binding.

Replace '${HttpDefaultPort}' in WSDL soap location by '9080' defined in sun-http-binding.
 Passed. Threads count Success: <10> Error: <0> Not completed: <0> Throughput: <10> invocations in <22.166>s = <0.4511413877109086> invokes/s
Test CopydecimalInvoke\Concurrent.properties
Replace '${HttpDefaultPort}' in WSDL soap location by '9080' defined in sun-http-binding.

Replace '${HttpDefaultPort}' in WSDL soap location by '9080' defined in sun-http-binding.

Replace '${HttpDefaultPort}' in WSDL soap location by '9080' defined in sun-http-binding.

Replace '${HttpDefaultPort}' in WSDL soap location by '9080' defined in sun-http-binding.

Replace '${HttpDefaultPort}' in WSDL soap location by '9080' defined in sun-http-binding.

Replace '${HttpDefaultPort}' in WSDL soap location by '9080' defined in sun-http-binding.

Replace '${HttpDefaultPort}' in WSDL soap location by '9080' defined in sun-http-binding.

Replace '${HttpDefaultPort}' in WSDL soap location by '9080' defined in sun-http-binding.

Replace '${HttpDefaultPort}' in WSDL soap location by '9080' defined in sun-http-binding.

Replace '${HttpDefaultPort}' in WSDL soap location by '9080' defined in sun-http-binding.
 Passed. Threads count Success: <10> Error: <0> Not completed: <0> Throughput: <10> invocations in <21.882>s = <0.45699661822502513> invokes/s
Test CopydoubleInvoke\Concurrent.properties
Replace '${HttpDefaultPort}' in WSDL soap location by '9080' defined in sun-http-binding.

Replace '${HttpDefaultPort}' in WSDL soap location by '9080' defined in sun-http-binding.

Replace '${HttpDefaultPort}' in WSDL soap location by '9080' defined in sun-http-binding.

Replace '${HttpDefaultPort}' in WSDL soap location by '9080' defined in sun-http-binding.

Replace '${HttpDefaultPort}' in WSDL soap location by '9080' defined in sun-http-binding.

Replace '${HttpDefaultPort}' in WSDL soap location by '9080' defined in sun-http-binding.

Replace '${HttpDefaultPort}' in WSDL soap location by '9080' defined in sun-http-binding.

Replace '${HttpDefaultPort}' in WSDL soap location by '9080' defined in sun-http-binding.

Replace '${HttpDefaultPort}' in WSDL soap location by '9080' defined in sun-http-binding.

Replace '${HttpDefaultPort}' in WSDL soap location by '9080' defined in sun-http-binding.
 Passed. Threads count Success: <10> Error: <0> Not completed: <0> Throughput: <10> invocations in <21.907>s = <0.4564750992833341> invokes/s
Test CopydurationInvoke\Concurrent.properties
Replace '${HttpDefaultPort}' in WSDL soap location by '9080' defined in sun-http-binding.

Replace '${HttpDefaultPort}' in WSDL soap location by '9080' defined in sun-http-binding.

Replace '${HttpDefaultPort}' in WSDL soap location by '9080' defined in sun-http-binding.

Replace '${HttpDefaultPort}' in WSDL soap location by '9080' defined in sun-http-binding.

Replace '${HttpDefaultPort}' in WSDL soap location by '9080' defined in sun-http-binding.

Replace '${HttpDefaultPort}' in WSDL soap location by '9080' defined in sun-http-binding.

Replace '${HttpDefaultPort}' in WSDL soap location by '9080' defined in sun-http-binding.

Replace '${HttpDefaultPort}' in WSDL soap location by '9080' defined in sun-http-binding.

Replace '${HttpDefaultPort}' in WSDL soap location by '9080' defined in sun-http-binding.

Replace '${HttpDefaultPort}' in WSDL soap location by '9080' defined in sun-http-binding.
 Passed. Threads count Success: <10> Error: <0> Not completed: <0> Throughput: <10> invocations in <21.561>s = <0.4638003803163119> invokes/s
Test CopyfloatInvoke\Concurrent.properties
Replace '${HttpDefaultPort}' in WSDL soap location by '9080' defined in sun-http-binding.

Replace '${HttpDefaultPort}' in WSDL soap location by '9080' defined in sun-http-binding.

Replace '${HttpDefaultPort}' in WSDL soap location by '9080' defined in sun-http-binding.

Replace '${HttpDefaultPort}' in WSDL soap location by '9080' defined in sun-http-binding.

Replace '${HttpDefaultPort}' in WSDL soap location by '9080' defined in sun-http-binding.

Replace '${HttpDefaultPort}' in WSDL soap location by '9080' defined in sun-http-binding.

Replace '${HttpDefaultPort}' in WSDL soap location by '9080' defined in sun-http-binding.

Replace '${HttpDefaultPort}' in WSDL soap location by '9080' defined in sun-http-binding.

Replace '${HttpDefaultPort}' in WSDL soap location by '9080' defined in sun-http-binding.

Replace '${HttpDefaultPort}' in WSDL soap location by '9080' defined in sun-http-binding.
 Passed. Threads count Success: <10> Error: <0> Not completed: <0> Throughput: <10> invocations in <20.319>s = <0.4921502042423348> invokes/s
Test CopygDayInvoke\Concurrent.properties
Replace '${HttpDefaultPort}' in WSDL soap location by '9080' defined in sun-http-binding.

Replace '${HttpDefaultPort}' in WSDL soap location by '9080' defined in sun-http-binding.

Replace '${HttpDefaultPort}' in WSDL soap location by '9080' defined in sun-http-binding.

Replace '${HttpDefaultPort}' in WSDL soap location by '9080' defined in sun-http-binding.

Replace '${HttpDefaultPort}' in WSDL soap location by '9080' defined in sun-http-binding.

Replace '${HttpDefaultPort}' in WSDL soap location by '9080' defined in sun-http-binding.

Replace '${HttpDefaultPort}' in WSDL soap location by '9080' defined in sun-http-binding.

Replace '${HttpDefaultPort}' in WSDL soap location by '9080' defined in sun-http-binding.

Replace '${HttpDefaultPort}' in WSDL soap location by '9080' defined in sun-http-binding.

Replace '${HttpDefaultPort}' in WSDL soap location by '9080' defined in sun-http-binding.
 Passed. Threads count Success: <10> Error: <0> Not completed: <0> Throughput: <10> invocations in <21.353>s = <0.46831826909567736> invokes/s
Test CopygMonthDayInvoke\Concurrent.properties
Replace '${HttpDefaultPort}' in WSDL soap location by '9080' defined in sun-http-binding.

Replace '${HttpDefaultPort}' in WSDL soap location by '9080' defined in sun-http-binding.

Replace '${HttpDefaultPort}' in WSDL soap location by '9080' defined in sun-http-binding.

Replace '${HttpDefaultPort}' in WSDL soap location by '9080' defined in sun-http-binding.

Replace '${HttpDefaultPort}' in WSDL soap location by '9080' defined in sun-http-binding.

Replace '${HttpDefaultPort}' in WSDL soap location by '9080' defined in sun-http-binding.

Replace '${HttpDefaultPort}' in WSDL soap location by '9080' defined in sun-http-binding.

Replace '${HttpDefaultPort}' in WSDL soap location by '9080' defined in sun-http-binding.

Replace '${HttpDefaultPort}' in WSDL soap location by '9080' defined in sun-http-binding.

Replace '${HttpDefaultPort}' in WSDL soap location by '9080' defined in sun-http-binding.
 Passed. Threads count Success: <10> Error: <0> Not completed: <0> Throughput: <10> invocations in <20.911>s = <0.478217206255081> invokes/s
Test CopygMonthInvoke\Concurrent.properties
Replace '${HttpDefaultPort}' in WSDL soap location by '9080' defined in sun-http-binding.

Replace '${HttpDefaultPort}' in WSDL soap location by '9080' defined in sun-http-binding.

Replace '${HttpDefaultPort}' in WSDL soap location by '9080' defined in sun-http-binding.

Replace '${HttpDefaultPort}' in WSDL soap location by '9080' defined in sun-http-binding.

Replace '${HttpDefaultPort}' in WSDL soap location by '9080' defined in sun-http-binding.

Replace '${HttpDefaultPort}' in WSDL soap location by '9080' defined in sun-http-binding.

Replace '${HttpDefaultPort}' in WSDL soap location by '9080' defined in sun-http-binding.

Replace '${HttpDefaultPort}' in WSDL soap location by '9080' defined in sun-http-binding.

Replace '${HttpDefaultPort}' in WSDL soap location by '9080' defined in sun-http-binding.

Replace '${HttpDefaultPort}' in WSDL soap location by '9080' defined in sun-http-binding.
 Passed. Threads count Success: <10> Error: <0> Not completed: <0> Throughput: <10> invocations in <21.991>s = <0.4547314810604338> invokes/s
Test CopygYearInvoke\Concurrent.properties
Replace '${HttpDefaultPort}' in WSDL soap location by '9080' defined in sun-http-binding.

Replace '${HttpDefaultPort}' in WSDL soap location by '9080' defined in sun-http-binding.

Replace '${HttpDefaultPort}' in WSDL soap location by '9080' defined in sun-http-binding.

Replace '${HttpDefaultPort}' in WSDL soap location by '9080' defined in sun-http-binding.

Replace '${HttpDefaultPort}' in WSDL soap location by '9080' defined in sun-http-binding.

Replace '${HttpDefaultPort}' in WSDL soap location by '9080' defined in sun-http-binding.

Replace '${HttpDefaultPort}' in WSDL soap location by '9080' defined in sun-http-binding.

Replace '${HttpDefaultPort}' in WSDL soap location by '9080' defined in sun-http-binding.

Replace '${HttpDefaultPort}' in WSDL soap location by '9080' defined in sun-http-binding.

Replace '${HttpDefaultPort}' in WSDL soap location by '9080' defined in sun-http-binding.
 Passed. Threads count Success: <10> Error: <0> Not completed: <0> Throughput: <10> invocations in <20.625>s = <0.48484848484848486> invokes/s
Test CopygYearMonthInvoke\Concurrent.properties
Replace '${HttpDefaultPort}' in WSDL soap location by '9080' defined in sun-http-binding.

Replace '${HttpDefaultPort}' in WSDL soap location by '9080' defined in sun-http-binding.

Replace '${HttpDefaultPort}' in WSDL soap location by '9080' defined in sun-http-binding.

Replace '${HttpDefaultPort}' in WSDL soap location by '9080' defined in sun-http-binding.

Replace '${HttpDefaultPort}' in WSDL soap location by '9080' defined in sun-http-binding.

Replace '${HttpDefaultPort}' in WSDL soap location by '9080' defined in sun-http-binding.

Replace '${HttpDefaultPort}' in WSDL soap location by '9080' defined in sun-http-binding.

Replace '${HttpDefaultPort}' in WSDL soap location by '9080' defined in sun-http-binding.

Replace '${HttpDefaultPort}' in WSDL soap location by '9080' defined in sun-http-binding.

Replace '${HttpDefaultPort}' in WSDL soap location by '9080' defined in sun-http-binding.
 Passed. Threads count Success: <10> Error: <0> Not completed: <0> Throughput: <10> invocations in <20.514>s = <0.4874719703617042> invokes/s
Test CopyhexBinaryInvoke\Concurrent.properties
Replace '${HttpDefaultPort}' in WSDL soap location by '9080' defined in sun-http-binding.

Replace '${HttpDefaultPort}' in WSDL soap location by '9080' defined in sun-http-binding.

Replace '${HttpDefaultPort}' in WSDL soap location by '9080' defined in sun-http-binding.

Replace '${HttpDefaultPort}' in WSDL soap location by '9080' defined in sun-http-binding.

Replace '${HttpDefaultPort}' in WSDL soap location by '9080' defined in sun-http-binding.

Replace '${HttpDefaultPort}' in WSDL soap location by '9080' defined in sun-http-binding.

Replace '${HttpDefaultPort}' in WSDL soap location by '9080' defined in sun-http-binding.

Replace '${HttpDefaultPort}' in WSDL soap location by '9080' defined in sun-http-binding.

Replace '${HttpDefaultPort}' in WSDL soap location by '9080' defined in sun-http-binding.

Replace '${HttpDefaultPort}' in WSDL soap location by '9080' defined in sun-http-binding.
 Passed. Threads count Success: <10> Error: <0> Not completed: <0> Throughput: <10> invocations in <20.757>s = <0.48176518764754056> invokes/s
Test CopyidInvoke\Concurrent.properties in Development
Test CopyintInvoke\Concurrent.properties
Replace '${HttpDefaultPort}' in WSDL soap location by '9080' defined in sun-http-binding.

Replace '${HttpDefaultPort}' in WSDL soap location by '9080' defined in sun-http-binding.

Replace '${HttpDefaultPort}' in WSDL soap location by '9080' defined in sun-http-binding.

Replace '${HttpDefaultPort}' in WSDL soap location by '9080' defined in sun-http-binding.

Replace '${HttpDefaultPort}' in WSDL soap location by '9080' defined in sun-http-binding.

Replace '${HttpDefaultPort}' in WSDL soap location by '9080' defined in sun-http-binding.

Replace '${HttpDefaultPort}' in WSDL soap location by '9080' defined in sun-http-binding.

Replace '${HttpDefaultPort}' in WSDL soap location by '9080' defined in sun-http-binding.

Replace '${HttpDefaultPort}' in WSDL soap location by '9080' defined in sun-http-binding.

Replace '${HttpDefaultPort}' in WSDL soap location by '9080' defined in sun-http-binding.
 Passed. Threads count Success: <10> Error: <0> Not completed: <0> Throughput: <10> invocations in <20.753>s = <0.48185804462005494> invokes/s
Test CopyintegerInvoke\Concurrent.properties
Replace '${HttpDefaultPort}' in WSDL soap location by '9080' defined in sun-http-binding.

Replace '${HttpDefaultPort}' in WSDL soap location by '9080' defined in sun-http-binding.

Replace '${HttpDefaultPort}' in WSDL soap location by '9080' defined in sun-http-binding.

Replace '${HttpDefaultPort}' in WSDL soap location by '9080' defined in sun-http-binding.

Replace '${HttpDefaultPort}' in WSDL soap location by '9080' defined in sun-http-binding.

Replace '${HttpDefaultPort}' in WSDL soap location by '9080' defined in sun-http-binding.

Replace '${HttpDefaultPort}' in WSDL soap location by '9080' defined in sun-http-binding.

Replace '${HttpDefaultPort}' in WSDL soap location by '9080' defined in sun-http-binding.

Replace '${HttpDefaultPort}' in WSDL soap location by '9080' defined in sun-http-binding.

Replace '${HttpDefaultPort}' in WSDL soap location by '9080' defined in sun-http-binding.
 Passed. Threads count Success: <10> Error: <0> Not completed: <0> Throughput: <10> invocations in <21.177>s = <0.47221041696179816> invokes/s
Test CopylanguageInvoke\Concurrent.properties
Replace '${HttpDefaultPort}' in WSDL soap location by '9080' defined in sun-http-binding.

Replace '${HttpDefaultPort}' in WSDL soap location by '9080' defined in sun-http-binding.

Replace '${HttpDefaultPort}' in WSDL soap location by '9080' defined in sun-http-binding.

Replace '${HttpDefaultPort}' in WSDL soap location by '9080' defined in sun-http-binding.

Replace '${HttpDefaultPort}' in WSDL soap location by '9080' defined in sun-http-binding.

Replace '${HttpDefaultPort}' in WSDL soap location by '9080' defined in sun-http-binding.

Replace '${HttpDefaultPort}' in WSDL soap location by '9080' defined in sun-http-binding.

Replace '${HttpDefaultPort}' in WSDL soap location by '9080' defined in sun-http-binding.

Replace '${HttpDefaultPort}' in WSDL soap location by '9080' defined in sun-http-binding.

Replace '${HttpDefaultPort}' in WSDL soap location by '9080' defined in sun-http-binding.
 Passed. Threads count Success: <10> Error: <0> Not completed: <0> Throughput: <10> invocations in <20.819>s = <0.4803304673615448> invokes/s
Test CopylongInvoke\Concurrent.properties
Replace '${HttpDefaultPort}' in WSDL soap location by '9080' defined in sun-http-binding.

Replace '${HttpDefaultPort}' in WSDL soap location by '9080' defined in sun-http-binding.

Replace '${HttpDefaultPort}' in WSDL soap location by '9080' defined in sun-http-binding.

Replace '${HttpDefaultPort}' in WSDL soap location by '9080' defined in sun-http-binding.

Replace '${HttpDefaultPort}' in WSDL soap location by '9080' defined in sun-http-binding.

Replace '${HttpDefaultPort}' in WSDL soap location by '9080' defined in sun-http-binding.

Replace '${HttpDefaultPort}' in WSDL soap location by '9080' defined in sun-http-binding.

Replace '${HttpDefaultPort}' in WSDL soap location by '9080' defined in sun-http-binding.

Replace '${HttpDefaultPort}' in WSDL soap location by '9080' defined in sun-http-binding.

Replace '${HttpDefaultPort}' in WSDL soap location by '9080' defined in sun-http-binding.
 Passed. Threads count Success: <10> Error: <0> Not completed: <0> Throughput: <10> invocations in <20.545>s = <0.4867364322219518> invokes/s
Test CopynegativeIntegerInvoke\Concurrent.properties
Replace '${HttpDefaultPort}' in WSDL soap location by '9080' defined in sun-http-binding.

Replace '${HttpDefaultPort}' in WSDL soap location by '9080' defined in sun-http-binding.

Replace '${HttpDefaultPort}' in WSDL soap location by '9080' defined in sun-http-binding.

Replace '${HttpDefaultPort}' in WSDL soap location by '9080' defined in sun-http-binding.

Replace '${HttpDefaultPort}' in WSDL soap location by '9080' defined in sun-http-binding.

Replace '${HttpDefaultPort}' in WSDL soap location by '9080' defined in sun-http-binding.

Replace '${HttpDefaultPort}' in WSDL soap location by '9080' defined in sun-http-binding.

Replace '${HttpDefaultPort}' in WSDL soap location by '9080' defined in sun-http-binding.

Replace '${HttpDefaultPort}' in WSDL soap location by '9080' defined in sun-http-binding.

Replace '${HttpDefaultPort}' in WSDL soap location by '9080' defined in sun-http-binding.
 Passed. Threads count Success: <10> Error: <0> Not completed: <0> Throughput: <10> invocations in <20.045>s = <0.49887752556747317> invokes/s
Test CopynormalizedStringInvoke\Concurrent.properties
Replace '${HttpDefaultPort}' in WSDL soap location by '9080' defined in sun-http-binding.

Replace '${HttpDefaultPort}' in WSDL soap location by '9080' defined in sun-http-binding.

Replace '${HttpDefaultPort}' in WSDL soap location by '9080' defined in sun-http-binding.

Replace '${HttpDefaultPort}' in WSDL soap location by '9080' defined in sun-http-binding.

Replace '${HttpDefaultPort}' in WSDL soap location by '9080' defined in sun-http-binding.

Replace '${HttpDefaultPort}' in WSDL soap location by '9080' defined in sun-http-binding.

Replace '${HttpDefaultPort}' in WSDL soap location by '9080' defined in sun-http-binding.

Replace '${HttpDefaultPort}' in WSDL soap location by '9080' defined in sun-http-binding.

Replace '${HttpDefaultPort}' in WSDL soap location by '9080' defined in sun-http-binding.

Replace '${HttpDefaultPort}' in WSDL soap location by '9080' defined in sun-http-binding.
 Passed. Threads count Success: <10> Error: <0> Not completed: <0> Throughput: <10> invocations in <20.192>s = <0.4952456418383518> invokes/s
Test CopypositiveIntegerInvoke\Concurrent.properties
Replace '${HttpDefaultPort}' in WSDL soap location by '9080' defined in sun-http-binding.

Replace '${HttpDefaultPort}' in WSDL soap location by '9080' defined in sun-http-binding.

Replace '${HttpDefaultPort}' in WSDL soap location by '9080' defined in sun-http-binding.

Replace '${HttpDefaultPort}' in WSDL soap location by '9080' defined in sun-http-binding.

Replace '${HttpDefaultPort}' in WSDL soap location by '9080' defined in sun-http-binding.

Replace '${HttpDefaultPort}' in WSDL soap location by '9080' defined in sun-http-binding.

Replace '${HttpDefaultPort}' in WSDL soap location by '9080' defined in sun-http-binding.

Replace '${HttpDefaultPort}' in WSDL soap location by '9080' defined in sun-http-binding.

Replace '${HttpDefaultPort}' in WSDL soap location by '9080' defined in sun-http-binding.

Replace '${HttpDefaultPort}' in WSDL soap location by '9080' defined in sun-http-binding.
 Passed. Threads count Success: <10> Error: <0> Not completed: <0> Throughput: <10> invocations in <21.055>s = <0.4749465685110425> invokes/s
Test CopyshortInvoke\Concurrent.properties
Replace '${HttpDefaultPort}' in WSDL soap location by '9080' defined in sun-http-binding.

Replace '${HttpDefaultPort}' in WSDL soap location by '9080' defined in sun-http-binding.

Replace '${HttpDefaultPort}' in WSDL soap location by '9080' defined in sun-http-binding.

Replace '${HttpDefaultPort}' in WSDL soap location by '9080' defined in sun-http-binding.

Replace '${HttpDefaultPort}' in WSDL soap location by '9080' defined in sun-http-binding.

Replace '${HttpDefaultPort}' in WSDL soap location by '9080' defined in sun-http-binding.

Replace '${HttpDefaultPort}' in WSDL soap location by '9080' defined in sun-http-binding.

Replace '${HttpDefaultPort}' in WSDL soap location by '9080' defined in sun-http-binding.

Replace '${HttpDefaultPort}' in WSDL soap location by '9080' defined in sun-http-binding.

Replace '${HttpDefaultPort}' in WSDL soap location by '9080' defined in sun-http-binding.
 Passed. Threads count Success: <10> Error: <0> Not completed: <0> Throughput: <10> invocations in <21.734>s = <0.46010858562620777> invokes/s
Test CopystringInvoke\Concurrent.properties
Replace '${HttpDefaultPort}' in WSDL soap location by '9080' defined in sun-http-binding.

Replace '${HttpDefaultPort}' in WSDL soap location by '9080' defined in sun-http-binding.

Replace '${HttpDefaultPort}' in WSDL soap location by '9080' defined in sun-http-binding.

Replace '${HttpDefaultPort}' in WSDL soap location by '9080' defined in sun-http-binding.

Replace '${HttpDefaultPort}' in WSDL soap location by '9080' defined in sun-http-binding.

Replace '${HttpDefaultPort}' in WSDL soap location by '9080' defined in sun-http-binding.

Replace '${HttpDefaultPort}' in WSDL soap location by '9080' defined in sun-http-binding.

Replace '${HttpDefaultPort}' in WSDL soap location by '9080' defined in sun-http-binding.

Replace '${HttpDefaultPort}' in WSDL soap location by '9080' defined in sun-http-binding.

Replace '${HttpDefaultPort}' in WSDL soap location by '9080' defined in sun-http-binding.
 Passed. Threads count Success: <10> Error: <0> Not completed: <0> Throughput: <10> invocations in <20.825>s = <0.4801920768307323> invokes/s
Test CopytimeInvoke\Concurrent.properties
Replace '${HttpDefaultPort}' in WSDL soap location by '9080' defined in sun-http-binding.

Replace '${HttpDefaultPort}' in WSDL soap location by '9080' defined in sun-http-binding.

Replace '${HttpDefaultPort}' in WSDL soap location by '9080' defined in sun-http-binding.

Replace '${HttpDefaultPort}' in WSDL soap location by '9080' defined in sun-http-binding.

Replace '${HttpDefaultPort}' in WSDL soap location by '9080' defined in sun-http-binding.

Replace '${HttpDefaultPort}' in WSDL soap location by '9080' defined in sun-http-binding.

Replace '${HttpDefaultPort}' in WSDL soap location by '9080' defined in sun-http-binding.

Replace '${HttpDefaultPort}' in WSDL soap location by '9080' defined in sun-http-binding.

Replace '${HttpDefaultPort}' in WSDL soap location by '9080' defined in sun-http-binding.

Replace '${HttpDefaultPort}' in WSDL soap location by '9080' defined in sun-http-binding.
 Passed. Threads count Success: <10> Error: <0> Not completed: <0> Throughput: <10> invocations in <22.38>s = <0.4468275245755139> invokes/s
Test CopyunsignedByteInvoke\Concurrent.properties
Replace '${HttpDefaultPort}' in WSDL soap location by '9080' defined in sun-http-binding.

Replace '${HttpDefaultPort}' in WSDL soap location by '9080' defined in sun-http-binding.

Replace '${HttpDefaultPort}' in WSDL soap location by '9080' defined in sun-http-binding.

Replace '${HttpDefaultPort}' in WSDL soap location by '9080' defined in sun-http-binding.

Replace '${HttpDefaultPort}' in WSDL soap location by '9080' defined in sun-http-binding.

Replace '${HttpDefaultPort}' in WSDL soap location by '9080' defined in sun-http-binding.

Replace '${HttpDefaultPort}' in WSDL soap location by '9080' defined in sun-http-binding.

Replace '${HttpDefaultPort}' in WSDL soap location by '9080' defined in sun-http-binding.

Replace '${HttpDefaultPort}' in WSDL soap location by '9080' defined in sun-http-binding.

Replace '${HttpDefaultPort}' in WSDL soap location by '9080' defined in sun-http-binding.
 Passed. Threads count Success: <10> Error: <0> Not completed: <0> Throughput: <10> invocations in <21.044>s = <0.4751948298802509> invokes/s
Test CopyunsignedIntInvoke\Concurrent.properties
Replace '${HttpDefaultPort}' in WSDL soap location by '9080' defined in sun-http-binding.

Replace '${HttpDefaultPort}' in WSDL soap location by '9080' defined in sun-http-binding.

Replace '${HttpDefaultPort}' in WSDL soap location by '9080' defined in sun-http-binding.

Replace '${HttpDefaultPort}' in WSDL soap location by '9080' defined in sun-http-binding.

Replace '${HttpDefaultPort}' in WSDL soap location by '9080' defined in sun-http-binding.

Replace '${HttpDefaultPort}' in WSDL soap location by '9080' defined in sun-http-binding.

Replace '${HttpDefaultPort}' in WSDL soap location by '9080' defined in sun-http-binding.

Replace '${HttpDefaultPort}' in WSDL soap location by '9080' defined in sun-http-binding.

Replace '${HttpDefaultPort}' in WSDL soap location by '9080' defined in sun-http-binding.

Replace '${HttpDefaultPort}' in WSDL soap location by '9080' defined in sun-http-binding.
 Passed. Threads count Success: <10> Error: <0> Not completed: <0> Throughput: <10> invocations in <22.989>s = <0.43499064770107443> invokes/s
Test CopyunsignedLongInvoke\Concurrent.properties
Replace '${HttpDefaultPort}' in WSDL soap location by '9080' defined in sun-http-binding.

Replace '${HttpDefaultPort}' in WSDL soap location by '9080' defined in sun-http-binding.

Replace '${HttpDefaultPort}' in WSDL soap location by '9080' defined in sun-http-binding.

Replace '${HttpDefaultPort}' in WSDL soap location by '9080' defined in sun-http-binding.

Replace '${HttpDefaultPort}' in WSDL soap location by '9080' defined in sun-http-binding.

Replace '${HttpDefaultPort}' in WSDL soap location by '9080' defined in sun-http-binding.

Replace '${HttpDefaultPort}' in WSDL soap location by '9080' defined in sun-http-binding.

Replace '${HttpDefaultPort}' in WSDL soap location by '9080' defined in sun-http-binding.

Replace '${HttpDefaultPort}' in WSDL soap location by '9080' defined in sun-http-binding.

Replace '${HttpDefaultPort}' in WSDL soap location by '9080' defined in sun-http-binding.
 Passed. Threads count Success: <10> Error: <0> Not completed: <0> Throughput: <10> invocations in <23.176>s = <0.4314808422506041> invokes/s
Test CopyunsignedShortInvoke\Concurrent.properties
Replace '${HttpDefaultPort}' in WSDL soap location by '9080' defined in sun-http-binding.

Replace '${HttpDefaultPort}' in WSDL soap location by '9080' defined in sun-http-binding.

Replace '${HttpDefaultPort}' in WSDL soap location by '9080' defined in sun-http-binding.

Replace '${HttpDefaultPort}' in WSDL soap location by '9080' defined in sun-http-binding.

Replace '${HttpDefaultPort}' in WSDL soap location by '9080' defined in sun-http-binding.

Replace '${HttpDefaultPort}' in WSDL soap location by '9080' defined in sun-http-binding.

Replace '${HttpDefaultPort}' in WSDL soap location by '9080' defined in sun-http-binding.

Replace '${HttpDefaultPort}' in WSDL soap location by '9080' defined in sun-http-binding.

Replace '${HttpDefaultPort}' in WSDL soap location by '9080' defined in sun-http-binding.

Replace '${HttpDefaultPort}' in WSDL soap location by '9080' defined in sun-http-binding.
 Passed. Threads count Success: <10> Error: <0> Not completed: <0> Throughput: <10> invocations in <21.68>s = <0.4612546125461255> invokes/s
Test EmptyLiteral\Concurrent.properties
Replace '${HttpDefaultPort}' in WSDL soap location by '9080' defined in sun-http-binding.
 Passed. Threads count Success: <1> Error: <0> Not completed: <0>
Test ErroneousExpr\Concurrent.properties
Replace '${HttpDefaultPort}' in WSDL soap location by '9080' defined in sun-http-binding.
 Passed. Threads count Success: <1> Error: <0> Not completed: <0>
Test GlobalAndLocalAttributes\Concurrent.properties
Replace '${HttpDefaultPort}' in WSDL soap location by '9080' defined in sun-http-binding.

Replace '${HttpDefaultPort}' in WSDL soap location by '9080' defined in sun-http-binding.

Replace '${HttpDefaultPort}' in WSDL soap location by '9080' defined in sun-http-binding.

Replace '${HttpDefaultPort}' in WSDL soap location by '9080' defined in sun-http-binding.

Replace '${HttpDefaultPort}' in WSDL soap location by '9080' defined in sun-http-binding.

Replace '${HttpDefaultPort}' in WSDL soap location by '9080' defined in sun-http-binding.

Replace '${HttpDefaultPort}' in WSDL soap location by '9080' defined in sun-http-binding.

Replace '${HttpDefaultPort}' in WSDL soap location by '9080' defined in sun-http-binding.

Replace '${HttpDefaultPort}' in WSDL soap location by '9080' defined in sun-http-binding.

Replace '${HttpDefaultPort}' in WSDL soap location by '9080' defined in sun-http-binding.
 Passed. Threads count Success: <10> Error: <0> Not completed: <0>
Test IgnoreMissingFromData1\Concurrent.properties
Replace '${HttpDefaultPort}' in WSDL soap location by '9080' defined in sun-http-binding.
 Passed. Threads count Success: <1> Error: <0> Not completed: <0>
Test IgnoreMissingFromData2\Concurrent.properties
Replace '${HttpDefaultPort}' in WSDL soap location by '9080' defined in sun-http-binding.
 Passed. Threads count Success: <1> Error: <0> Not completed: <0>
Test IgnoreMissingFromData3\Concurrent.properties
Replace '${HttpDefaultPort}' in WSDL soap location by '9080' defined in sun-http-binding.
 Passed. Threads count Success: <1> Error: <0> Not completed: <0>
Test IgnoreMissingFromData4\Concurrent.properties
Replace '${HttpDefaultPort}' in WSDL soap location by '9080' defined in sun-http-binding.
 Passed. Threads count Success: <1> Error: <0> Not completed: <0>
Test IgnoreMissingFromData5\Concurrent.properties
Replace '${HttpDefaultPort}' in WSDL soap location by '9080' defined in sun-http-binding.
 Passed. Threads count Success: <1> Error: <0> Not completed: <0>
Test QueryWithNamespace1\Concurrent.properties
Replace '${HttpDefaultPort}' in WSDL soap location by '9080' defined in sun-http-binding.

Replace '${HttpDefaultPort}' in WSDL soap location by '9080' defined in sun-http-binding.

Replace '${HttpDefaultPort}' in WSDL soap location by '9080' defined in sun-http-binding.

Replace '${HttpDefaultPort}' in WSDL soap location by '9080' defined in sun-http-binding.

Replace '${HttpDefaultPort}' in WSDL soap location by '9080' defined in sun-http-binding.

Replace '${HttpDefaultPort}' in WSDL soap location by '9080' defined in sun-http-binding.

Replace '${HttpDefaultPort}' in WSDL soap location by '9080' defined in sun-http-binding.

Replace '${HttpDefaultPort}' in WSDL soap location by '9080' defined in sun-http-binding.

Replace '${HttpDefaultPort}' in WSDL soap location by '9080' defined in sun-http-binding.

Replace '${HttpDefaultPort}' in WSDL soap location by '9080' defined in sun-http-binding.
 Passed. Threads count Success: <10> Error: <0> Not completed: <0> Throughput: <10> invocations in <22.391>s = <0.446608012147738> invokes/s
Test SpecExampleAttrToAttr\Concurrent.properties
Replace '${HttpDefaultPort}' in WSDL soap location by '9080' defined in sun-http-binding.

Replace '${HttpDefaultPort}' in WSDL soap location by '9080' defined in sun-http-binding.

Replace '${HttpDefaultPort}' in WSDL soap location by '9080' defined in sun-http-binding.

Replace '${HttpDefaultPort}' in WSDL soap location by '9080' defined in sun-http-binding.

Replace '${HttpDefaultPort}' in WSDL soap location by '9080' defined in sun-http-binding.

Replace '${HttpDefaultPort}' in WSDL soap location by '9080' defined in sun-http-binding.

Replace '${HttpDefaultPort}' in WSDL soap location by '9080' defined in sun-http-binding.

Replace '${HttpDefaultPort}' in WSDL soap location by '9080' defined in sun-http-binding.

Replace '${HttpDefaultPort}' in WSDL soap location by '9080' defined in sun-http-binding.

Replace '${HttpDefaultPort}' in WSDL soap location by '9080' defined in sun-http-binding.
 Passed. Threads count Success: <10> Error: <0> Not completed: <0> Throughput: <10> invocations in <27.045>s = <0.3697541135145128> invokes/s
Test SpecExampleAttrToElem\Concurrent.properties
Replace '${HttpDefaultPort}' in WSDL soap location by '9080' defined in sun-http-binding.

Replace '${HttpDefaultPort}' in WSDL soap location by '9080' defined in sun-http-binding.

Replace '${HttpDefaultPort}' in WSDL soap location by '9080' defined in sun-http-binding.

Replace '${HttpDefaultPort}' in WSDL soap location by '9080' defined in sun-http-binding.

Replace '${HttpDefaultPort}' in WSDL soap location by '9080' defined in sun-http-binding.

Replace '${HttpDefaultPort}' in WSDL soap location by '9080' defined in sun-http-binding.

Replace '${HttpDefaultPort}' in WSDL soap location by '9080' defined in sun-http-binding.

Replace '${HttpDefaultPort}' in WSDL soap location by '9080' defined in sun-http-binding.

Replace '${HttpDefaultPort}' in WSDL soap location by '9080' defined in sun-http-binding.

Replace '${HttpDefaultPort}' in WSDL soap location by '9080' defined in sun-http-binding.
 Passed. Threads count Success: <10> Error: <0> Not completed: <0> Throughput: <10> invocations in <21.937>s = <0.45585084560331857> invokes/s
Test SpecExampleAttrToText\Concurrent.properties
Replace '${HttpDefaultPort}' in WSDL soap location by '9080' defined in sun-http-binding.

Replace '${HttpDefaultPort}' in WSDL soap location by '9080' defined in sun-http-binding.

Replace '${HttpDefaultPort}' in WSDL soap location by '9080' defined in sun-http-binding.

Replace '${HttpDefaultPort}' in WSDL soap location by '9080' defined in sun-http-binding.

Replace '${HttpDefaultPort}' in WSDL soap location by '9080' defined in sun-http-binding.

Replace '${HttpDefaultPort}' in WSDL soap location by '9080' defined in sun-http-binding.

Replace '${HttpDefaultPort}' in WSDL soap location by '9080' defined in sun-http-binding.

Replace '${HttpDefaultPort}' in WSDL soap location by '9080' defined in sun-http-binding.

Replace '${HttpDefaultPort}' in WSDL soap location by '9080' defined in sun-http-binding.

Replace '${HttpDefaultPort}' in WSDL soap location by '9080' defined in sun-http-binding.
 Passed. Threads count Success: <10> Error: <0> Not completed: <0> Throughput: <10> invocations in <21.938>s = <0.45583006655118974> invokes/s
Test SpecExampleElemToAttr\Concurrent.properties
Replace '${HttpDefaultPort}' in WSDL soap location by '9080' defined in sun-http-binding.

Replace '${HttpDefaultPort}' in WSDL soap location by '9080' defined in sun-http-binding.

Replace '${HttpDefaultPort}' in WSDL soap location by '9080' defined in sun-http-binding.

Replace '${HttpDefaultPort}' in WSDL soap location by '9080' defined in sun-http-binding.

Replace '${HttpDefaultPort}' in WSDL soap location by '9080' defined in sun-http-binding.

Replace '${HttpDefaultPort}' in WSDL soap location by '9080' defined in sun-http-binding.

Replace '${HttpDefaultPort}' in WSDL soap location by '9080' defined in sun-http-binding.

Replace '${HttpDefaultPort}' in WSDL soap location by '9080' defined in sun-http-binding.

Replace '${HttpDefaultPort}' in WSDL soap location by '9080' defined in sun-http-binding.

Replace '${HttpDefaultPort}' in WSDL soap location by '9080' defined in sun-http-binding.
 Passed. Threads count Success: <10> Error: <0> Not completed: <0> Throughput: <10> invocations in <21.102>s = <0.47388873092597855> invokes/s
Test SpecExampleElemToElem\Concurrent.properties
Replace '${HttpDefaultPort}' in WSDL soap location by '9080' defined in sun-http-binding.

Replace '${HttpDefaultPort}' in WSDL soap location by '9080' defined in sun-http-binding.

Replace '${HttpDefaultPort}' in WSDL soap location by '9080' defined in sun-http-binding.

Replace '${HttpDefaultPort}' in WSDL soap location by '9080' defined in sun-http-binding.

Replace '${HttpDefaultPort}' in WSDL soap location by '9080' defined in sun-http-binding.

Replace '${HttpDefaultPort}' in WSDL soap location by '9080' defined in sun-http-binding.

Replace '${HttpDefaultPort}' in WSDL soap location by '9080' defined in sun-http-binding.

Replace '${HttpDefaultPort}' in WSDL soap location by '9080' defined in sun-http-binding.

Replace '${HttpDefaultPort}' in WSDL soap location by '9080' defined in sun-http-binding.

Replace '${HttpDefaultPort}' in WSDL soap location by '9080' defined in sun-http-binding.
 Passed. Threads count Success: <10> Error: <0> Not completed: <0> Throughput: <10> invocations in <21.529>s = <0.4644897580008361> invokes/s
Test SpecExampleElemToText\Concurrent.properties
Replace '${HttpDefaultPort}' in WSDL soap location by '9080' defined in sun-http-binding.

Replace '${HttpDefaultPort}' in WSDL soap location by '9080' defined in sun-http-binding.

Replace '${HttpDefaultPort}' in WSDL soap location by '9080' defined in sun-http-binding.

Replace '${HttpDefaultPort}' in WSDL soap location by '9080' defined in sun-http-binding.

Replace '${HttpDefaultPort}' in WSDL soap location by '9080' defined in sun-http-binding.

Replace '${HttpDefaultPort}' in WSDL soap location by '9080' defined in sun-http-binding.

Replace '${HttpDefaultPort}' in WSDL soap location by '9080' defined in sun-http-binding.

Replace '${HttpDefaultPort}' in WSDL soap location by '9080' defined in sun-http-binding.

Replace '${HttpDefaultPort}' in WSDL soap location by '9080' defined in sun-http-binding.

Replace '${HttpDefaultPort}' in WSDL soap location by '9080' defined in sun-http-binding.
 Passed. Threads count Success: <10> Error: <0> Not completed: <0> Throughput: <10> invocations in <21.146>s = <0.4729026766291497> invokes/s
Test SpecExampleTextToAttr\Concurrent.properties
Replace '${HttpDefaultPort}' in WSDL soap location by '9080' defined in sun-http-binding.

Replace '${HttpDefaultPort}' in WSDL soap location by '9080' defined in sun-http-binding.

Replace '${HttpDefaultPort}' in WSDL soap location by '9080' defined in sun-http-binding.

Replace '${HttpDefaultPort}' in WSDL soap location by '9080' defined in sun-http-binding.

Replace '${HttpDefaultPort}' in WSDL soap location by '9080' defined in sun-http-binding.

Replace '${HttpDefaultPort}' in WSDL soap location by '9080' defined in sun-http-binding.

Replace '${HttpDefaultPort}' in WSDL soap location by '9080' defined in sun-http-binding.

Replace '${HttpDefaultPort}' in WSDL soap location by '9080' defined in sun-http-binding.

Replace '${HttpDefaultPort}' in WSDL soap location by '9080' defined in sun-http-binding.

Replace '${HttpDefaultPort}' in WSDL soap location by '9080' defined in sun-http-binding.
 Passed. Threads count Success: <10> Error: <0> Not completed: <0> Throughput: <10> invocations in <23.146>s = <0.4320400933206601> invokes/s
Test SpecExampleTextToElem\Concurrent.properties
Replace '${HttpDefaultPort}' in WSDL soap location by '9080' defined in sun-http-binding.

Replace '${HttpDefaultPort}' in WSDL soap location by '9080' defined in sun-http-binding.

Replace '${HttpDefaultPort}' in WSDL soap location by '9080' defined in sun-http-binding.

Replace '${HttpDefaultPort}' in WSDL soap location by '9080' defined in sun-http-binding.

Replace '${HttpDefaultPort}' in WSDL soap location by '9080' defined in sun-http-binding.

Replace '${HttpDefaultPort}' in WSDL soap location by '9080' defined in sun-http-binding.

Replace '${HttpDefaultPort}' in WSDL soap location by '9080' defined in sun-http-binding.

Replace '${HttpDefaultPort}' in WSDL soap location by '9080' defined in sun-http-binding.

Replace '${HttpDefaultPort}' in WSDL soap location by '9080' defined in sun-http-binding.

Replace '${HttpDefaultPort}' in WSDL soap location by '9080' defined in sun-http-binding.
 Passed. Threads count Success: <10> Error: <0> Not completed: <0> Throughput: <10> invocations in <23.71>s = <0.42176296921130324> invokes/s
Test SpecExampleTextToText\Concurrent.properties
Replace '${HttpDefaultPort}' in WSDL soap location by '9080' defined in sun-http-binding.

Replace '${HttpDefaultPort}' in WSDL soap location by '9080' defined in sun-http-binding.

Replace '${HttpDefaultPort}' in WSDL soap location by '9080' defined in sun-http-binding.

Replace '${HttpDefaultPort}' in WSDL soap location by '9080' defined in sun-http-binding.

Replace '${HttpDefaultPort}' in WSDL soap location by '9080' defined in sun-http-binding.

Replace '${HttpDefaultPort}' in WSDL soap location by '9080' defined in sun-http-binding.

Replace '${HttpDefaultPort}' in WSDL soap location by '9080' defined in sun-http-binding.

Replace '${HttpDefaultPort}' in WSDL soap location by '9080' defined in sun-http-binding.

Replace '${HttpDefaultPort}' in WSDL soap location by '9080' defined in sun-http-binding.

Replace '${HttpDefaultPort}' in WSDL soap location by '9080' defined in sun-http-binding.
 Passed. Threads count Success: <10> Error: <0> Not completed: <0> Throughput: <10> invocations in <20.843>s = <0.47977738329415154> invokes/s
Test TestCaseBooleanTestFalse\Concurrent.properties
Replace '${HttpDefaultPort}' in WSDL soap location by '9080' defined in sun-http-binding.
 Passed. Threads count Success: <1> Error: <0> Not completed: <0>
Test TestCaseBooleanTestTrue\Concurrent.properties
Replace '${HttpDefaultPort}' in WSDL soap location by '9080' defined in sun-http-binding.
 Passed. Threads count Success: <1> Error: <0> Not completed: <0>
Test byteGreaterEqualInvoke\Concurrent.properties
Replace '${HttpDefaultPort}' in WSDL soap location by '9080' defined in sun-http-binding.

Replace '${HttpDefaultPort}' in WSDL soap location by '9080' defined in sun-http-binding.

Replace '${HttpDefaultPort}' in WSDL soap location by '9080' defined in sun-http-binding.

Replace '${HttpDefaultPort}' in WSDL soap location by '9080' defined in sun-http-binding.

Replace '${HttpDefaultPort}' in WSDL soap location by '9080' defined in sun-http-binding.

Replace '${HttpDefaultPort}' in WSDL soap location by '9080' defined in sun-http-binding.

Replace '${HttpDefaultPort}' in WSDL soap location by '9080' defined in sun-http-binding.

Replace '${HttpDefaultPort}' in WSDL soap location by '9080' defined in sun-http-binding.

Replace '${HttpDefaultPort}' in WSDL soap location by '9080' defined in sun-http-binding.

Replace '${HttpDefaultPort}' in WSDL soap location by '9080' defined in sun-http-binding.
 Passed. Threads count Success: <10> Error: <0> Not completed: <0> Throughput: <10> invocations in <20.795>s = <0.48088482808367394> invokes/s
Test byteGreaterInvoke\Concurrent.properties
Replace '${HttpDefaultPort}' in WSDL soap location by '9080' defined in sun-http-binding.

Replace '${HttpDefaultPort}' in WSDL soap location by '9080' defined in sun-http-binding.

Replace '${HttpDefaultPort}' in WSDL soap location by '9080' defined in sun-http-binding.

Replace '${HttpDefaultPort}' in WSDL soap location by '9080' defined in sun-http-binding.

Replace '${HttpDefaultPort}' in WSDL soap location by '9080' defined in sun-http-binding.

Replace '${HttpDefaultPort}' in WSDL soap location by '9080' defined in sun-http-binding.

Replace '${HttpDefaultPort}' in WSDL soap location by '9080' defined in sun-http-binding.

Replace '${HttpDefaultPort}' in WSDL soap location by '9080' defined in sun-http-binding.

Replace '${HttpDefaultPort}' in WSDL soap location by '9080' defined in sun-http-binding.

Replace '${HttpDefaultPort}' in WSDL soap location by '9080' defined in sun-http-binding.
 Passed. Threads count Success: <10> Error: <0> Not completed: <0> Throughput: <10> invocations in <21.905>s = <0.4565167769915544> invokes/s
Test byteaddInvoke\Concurrent.properties
Replace '${HttpDefaultPort}' in WSDL soap location by '9080' defined in sun-http-binding.

Replace '${HttpDefaultPort}' in WSDL soap location by '9080' defined in sun-http-binding.

Replace '${HttpDefaultPort}' in WSDL soap location by '9080' defined in sun-http-binding.

Replace '${HttpDefaultPort}' in WSDL soap location by '9080' defined in sun-http-binding.

Replace '${HttpDefaultPort}' in WSDL soap location by '9080' defined in sun-http-binding.

Replace '${HttpDefaultPort}' in WSDL soap location by '9080' defined in sun-http-binding.

Replace '${HttpDefaultPort}' in WSDL soap location by '9080' defined in sun-http-binding.

Replace '${HttpDefaultPort}' in WSDL soap location by '9080' defined in sun-http-binding.

Replace '${HttpDefaultPort}' in WSDL soap location by '9080' defined in sun-http-binding.

Replace '${HttpDefaultPort}' in WSDL soap location by '9080' defined in sun-http-binding.
 Passed. Threads count Success: <10> Error: <0> Not completed: <0> Throughput: <10> invocations in <21.147>s = <0.4728803139925285> invokes/s
Test bytedivInvoke\Concurrent.properties
Replace '${HttpDefaultPort}' in WSDL soap location by '9080' defined in sun-http-binding.

Replace '${HttpDefaultPort}' in WSDL soap location by '9080' defined in sun-http-binding.

Replace '${HttpDefaultPort}' in WSDL soap location by '9080' defined in sun-http-binding.

Replace '${HttpDefaultPort}' in WSDL soap location by '9080' defined in sun-http-binding.

Replace '${HttpDefaultPort}' in WSDL soap location by '9080' defined in sun-http-binding.

Replace '${HttpDefaultPort}' in WSDL soap location by '9080' defined in sun-http-binding.

Replace '${HttpDefaultPort}' in WSDL soap location by '9080' defined in sun-http-binding.

Replace '${HttpDefaultPort}' in WSDL soap location by '9080' defined in sun-http-binding.

Replace '${HttpDefaultPort}' in WSDL soap location by '9080' defined in sun-http-binding.

Replace '${HttpDefaultPort}' in WSDL soap location by '9080' defined in sun-http-binding.
 Passed. Threads count Success: <10> Error: <0> Not completed: <0> Throughput: <10> invocations in <21.506>s = <0.4649865153910537> invokes/s
Test bytemodInvoke\Concurrent.properties
Replace '${HttpDefaultPort}' in WSDL soap location by '9080' defined in sun-http-binding.

Replace '${HttpDefaultPort}' in WSDL soap location by '9080' defined in sun-http-binding.

Replace '${HttpDefaultPort}' in WSDL soap location by '9080' defined in sun-http-binding.

Replace '${HttpDefaultPort}' in WSDL soap location by '9080' defined in sun-http-binding.

Replace '${HttpDefaultPort}' in WSDL soap location by '9080' defined in sun-http-binding.

Replace '${HttpDefaultPort}' in WSDL soap location by '9080' defined in sun-http-binding.

Replace '${HttpDefaultPort}' in WSDL soap location by '9080' defined in sun-http-binding.

Replace '${HttpDefaultPort}' in WSDL soap location by '9080' defined in sun-http-binding.

Replace '${HttpDefaultPort}' in WSDL soap location by '9080' defined in sun-http-binding.

Replace '${HttpDefaultPort}' in WSDL soap location by '9080' defined in sun-http-binding.
 Passed. Threads count Success: <10> Error: <0> Not completed: <0> Throughput: <10> invocations in <21.004>s = <0.47609979051609214> invokes/s
Test bytemultInvoke\Concurrent.properties
Replace '${HttpDefaultPort}' in WSDL soap location by '9080' defined in sun-http-binding.

Replace '${HttpDefaultPort}' in WSDL soap location by '9080' defined in sun-http-binding.

Replace '${HttpDefaultPort}' in WSDL soap location by '9080' defined in sun-http-binding.

Replace '${HttpDefaultPort}' in WSDL soap location by '9080' defined in sun-http-binding.

Replace '${HttpDefaultPort}' in WSDL soap location by '9080' defined in sun-http-binding.

Replace '${HttpDefaultPort}' in WSDL soap location by '9080' defined in sun-http-binding.

Replace '${HttpDefaultPort}' in WSDL soap location by '9080' defined in sun-http-binding.

Replace '${HttpDefaultPort}' in WSDL soap location by '9080' defined in sun-http-binding.

Replace '${HttpDefaultPort}' in WSDL soap location by '9080' defined in sun-http-binding.

Replace '${HttpDefaultPort}' in WSDL soap location by '9080' defined in sun-http-binding.
 Passed. Threads count Success: <10> Error: <0> Not completed: <0> Throughput: <10> invocations in <23.672>s = <0.4224400135180804> invokes/s
Test bytenegInvoke\Concurrent.properties
Replace '${HttpDefaultPort}' in WSDL soap location by '9080' defined in sun-http-binding.

Replace '${HttpDefaultPort}' in WSDL soap location by '9080' defined in sun-http-binding.

Replace '${HttpDefaultPort}' in WSDL soap location by '9080' defined in sun-http-binding.

Replace '${HttpDefaultPort}' in WSDL soap location by '9080' defined in sun-http-binding.

Replace '${HttpDefaultPort}' in WSDL soap location by '9080' defined in sun-http-binding.

Replace '${HttpDefaultPort}' in WSDL soap location by '9080' defined in sun-http-binding.

Replace '${HttpDefaultPort}' in WSDL soap location by '9080' defined in sun-http-binding.

Replace '${HttpDefaultPort}' in WSDL soap location by '9080' defined in sun-http-binding.

Replace '${HttpDefaultPort}' in WSDL soap location by '9080' defined in sun-http-binding.

Replace '${HttpDefaultPort}' in WSDL soap location by '9080' defined in sun-http-binding.
 Passed. Threads count Success: <10> Error: <0> Not completed: <0> Throughput: <10> invocations in <21.555>s = <0.4639294827186268> invokes/s
Test bytesubInvoke\Concurrent.properties
Replace '${HttpDefaultPort}' in WSDL soap location by '9080' defined in sun-http-binding.

Replace '${HttpDefaultPort}' in WSDL soap location by '9080' defined in sun-http-binding.

Replace '${HttpDefaultPort}' in WSDL soap location by '9080' defined in sun-http-binding.

Replace '${HttpDefaultPort}' in WSDL soap location by '9080' defined in sun-http-binding.

Replace '${HttpDefaultPort}' in WSDL soap location by '9080' defined in sun-http-binding.

Replace '${HttpDefaultPort}' in WSDL soap location by '9080' defined in sun-http-binding.

Replace '${HttpDefaultPort}' in WSDL soap location by '9080' defined in sun-http-binding.

Replace '${HttpDefaultPort}' in WSDL soap location by '9080' defined in sun-http-binding.

Replace '${HttpDefaultPort}' in WSDL soap location by '9080' defined in sun-http-binding.

Replace '${HttpDefaultPort}' in WSDL soap location by '9080' defined in sun-http-binding.
 Passed. Threads count Success: <10> Error: <0> Not completed: <0> Throughput: <10> invocations in <21.73>s = <0.46019328117809477> invokes/s
Test copyRepeatingNodesUsingPredicate\Concurrent.properties
Replace '${HttpDefaultPort}' in WSDL soap location by '9080' defined in sun-http-binding.
 Passed. Threads count Success: <1> Error: <0> Not completed: <0> Throughput: <1> invocations in <0.327>s = <3.058103975535168> invokes/s
Test decimalGreaterEqualInvoke\Concurrent.properties
Replace '${HttpDefaultPort}' in WSDL soap location by '9080' defined in sun-http-binding.

Replace '${HttpDefaultPort}' in WSDL soap location by '9080' defined in sun-http-binding.

Replace '${HttpDefaultPort}' in WSDL soap location by '9080' defined in sun-http-binding.

Replace '${HttpDefaultPort}' in WSDL soap location by '9080' defined in sun-http-binding.

Replace '${HttpDefaultPort}' in WSDL soap location by '9080' defined in sun-http-binding.

Replace '${HttpDefaultPort}' in WSDL soap location by '9080' defined in sun-http-binding.

Replace '${HttpDefaultPort}' in WSDL soap location by '9080' defined in sun-http-binding.

Replace '${HttpDefaultPort}' in WSDL soap location by '9080' defined in sun-http-binding.

Replace '${HttpDefaultPort}' in WSDL soap location by '9080' defined in sun-http-binding.

Replace '${HttpDefaultPort}' in WSDL soap location by '9080' defined in sun-http-binding.
 Passed. Threads count Success: <10> Error: <0> Not completed: <0> Throughput: <10> invocations in <21.367>s = <0.4680114194786353> invokes/s
Test decimalGreaterInvoke\Concurrent.properties
Replace '${HttpDefaultPort}' in WSDL soap location by '9080' defined in sun-http-binding.

Replace '${HttpDefaultPort}' in WSDL soap location by '9080' defined in sun-http-binding.

Replace '${HttpDefaultPort}' in WSDL soap location by '9080' defined in sun-http-binding.

Replace '${HttpDefaultPort}' in WSDL soap location by '9080' defined in sun-http-binding.

Replace '${HttpDefaultPort}' in WSDL soap location by '9080' defined in sun-http-binding.

Replace '${HttpDefaultPort}' in WSDL soap location by '9080' defined in sun-http-binding.

Replace '${HttpDefaultPort}' in WSDL soap location by '9080' defined in sun-http-binding.

Replace '${HttpDefaultPort}' in WSDL soap location by '9080' defined in sun-http-binding.

Replace '${HttpDefaultPort}' in WSDL soap location by '9080' defined in sun-http-binding.

Replace '${HttpDefaultPort}' in WSDL soap location by '9080' defined in sun-http-binding.
 Passed. Threads count Success: <10> Error: <0> Not completed: <0> Throughput: <10> invocations in <20.247>s = <0.4939003309132217> invokes/s
Test decimaladdInvoke\Concurrent.properties
Replace '${HttpDefaultPort}' in WSDL soap location by '9080' defined in sun-http-binding.

Replace '${HttpDefaultPort}' in WSDL soap location by '9080' defined in sun-http-binding.

Replace '${HttpDefaultPort}' in WSDL soap location by '9080' defined in sun-http-binding.

Replace '${HttpDefaultPort}' in WSDL soap location by '9080' defined in sun-http-binding.

Replace '${HttpDefaultPort}' in WSDL soap location by '9080' defined in sun-http-binding.

Replace '${HttpDefaultPort}' in WSDL soap location by '9080' defined in sun-http-binding.

Replace '${HttpDefaultPort}' in WSDL soap location by '9080' defined in sun-http-binding.

Replace '${HttpDefaultPort}' in WSDL soap location by '9080' defined in sun-http-binding.

Replace '${HttpDefaultPort}' in WSDL soap location by '9080' defined in sun-http-binding.

Replace '${HttpDefaultPort}' in WSDL soap location by '9080' defined in sun-http-binding.
 Passed. Threads count Success: <10> Error: <0> Not completed: <0> Throughput: <10> invocations in <21.393>s = <0.4674426214182209> invokes/s
Test decimaldivInvoke\Concurrent.properties
Replace '${HttpDefaultPort}' in WSDL soap location by '9080' defined in sun-http-binding.

Replace '${HttpDefaultPort}' in WSDL soap location by '9080' defined in sun-http-binding.

Replace '${HttpDefaultPort}' in WSDL soap location by '9080' defined in sun-http-binding.

Replace '${HttpDefaultPort}' in WSDL soap location by '9080' defined in sun-http-binding.

Replace '${HttpDefaultPort}' in WSDL soap location by '9080' defined in sun-http-binding.

Replace '${HttpDefaultPort}' in WSDL soap location by '9080' defined in sun-http-binding.

Replace '${HttpDefaultPort}' in WSDL soap location by '9080' defined in sun-http-binding.

Replace '${HttpDefaultPort}' in WSDL soap location by '9080' defined in sun-http-binding.

Replace '${HttpDefaultPort}' in WSDL soap location by '9080' defined in sun-http-binding.

Replace '${HttpDefaultPort}' in WSDL soap location by '9080' defined in sun-http-binding.
 Passed. Threads count Success: <10> Error: <0> Not completed: <0> Throughput: <10> invocations in <20.225>s = <0.4944375772558714> invokes/s
Test decimalmodInvoke\Concurrent.properties
Replace '${HttpDefaultPort}' in WSDL soap location by '9080' defined in sun-http-binding.

Replace '${HttpDefaultPort}' in WSDL soap location by '9080' defined in sun-http-binding.

Replace '${HttpDefaultPort}' in WSDL soap location by '9080' defined in sun-http-binding.

Replace '${HttpDefaultPort}' in WSDL soap location by '9080' defined in sun-http-binding.

Replace '${HttpDefaultPort}' in WSDL soap location by '9080' defined in sun-http-binding.

Replace '${HttpDefaultPort}' in WSDL soap location by '9080' defined in sun-http-binding.

Replace '${HttpDefaultPort}' in WSDL soap location by '9080' defined in sun-http-binding.

Replace '${HttpDefaultPort}' in WSDL soap location by '9080' defined in sun-http-binding.

Replace '${HttpDefaultPort}' in WSDL soap location by '9080' defined in sun-http-binding.

Replace '${HttpDefaultPort}' in WSDL soap location by '9080' defined in sun-http-binding.
 Passed. Threads count Success: <10> Error: <0> Not completed: <0> Throughput: <10> invocations in <21.232>s = <0.47098718914845517> invokes/s
Test decimalmultInvoke\Concurrent.properties
Replace '${HttpDefaultPort}' in WSDL soap location by '9080' defined in sun-http-binding.

Replace '${HttpDefaultPort}' in WSDL soap location by '9080' defined in sun-http-binding.

Replace '${HttpDefaultPort}' in WSDL soap location by '9080' defined in sun-http-binding.

Replace '${HttpDefaultPort}' in WSDL soap location by '9080' defined in sun-http-binding.

Replace '${HttpDefaultPort}' in WSDL soap location by '9080' defined in sun-http-binding.

Replace '${HttpDefaultPort}' in WSDL soap location by '9080' defined in sun-http-binding.

Replace '${HttpDefaultPort}' in WSDL soap location by '9080' defined in sun-http-binding.

Replace '${HttpDefaultPort}' in WSDL soap location by '9080' defined in sun-http-binding.

Replace '${HttpDefaultPort}' in WSDL soap location by '9080' defined in sun-http-binding.

Replace '${HttpDefaultPort}' in WSDL soap location by '9080' defined in sun-http-binding.
 Passed. Threads count Success: <10> Error: <0> Not completed: <0> Throughput: <10> invocations in <19.748>s = <0.5063803929511849> invokes/s
Test decimalnegInvoke\Concurrent.properties
Replace '${HttpDefaultPort}' in WSDL soap location by '9080' defined in sun-http-binding.

Replace '${HttpDefaultPort}' in WSDL soap location by '9080' defined in sun-http-binding.

Replace '${HttpDefaultPort}' in WSDL soap location by '9080' defined in sun-http-binding.

Replace '${HttpDefaultPort}' in WSDL soap location by '9080' defined in sun-http-binding.

Replace '${HttpDefaultPort}' in WSDL soap location by '9080' defined in sun-http-binding.

Replace '${HttpDefaultPort}' in WSDL soap location by '9080' defined in sun-http-binding.

Replace '${HttpDefaultPort}' in WSDL soap location by '9080' defined in sun-http-binding.

Replace '${HttpDefaultPort}' in WSDL soap location by '9080' defined in sun-http-binding.

Replace '${HttpDefaultPort}' in WSDL soap location by '9080' defined in sun-http-binding.

Replace '${HttpDefaultPort}' in WSDL soap location by '9080' defined in sun-http-binding.
 Passed. Threads count Success: <10> Error: <0> Not completed: <0> Throughput: <10> invocations in <21.837>s = <0.45793836149654255> invokes/s
Test decimalsubInvoke\Concurrent.properties
Replace '${HttpDefaultPort}' in WSDL soap location by '9080' defined in sun-http-binding.

Replace '${HttpDefaultPort}' in WSDL soap location by '9080' defined in sun-http-binding.

Replace '${HttpDefaultPort}' in WSDL soap location by '9080' defined in sun-http-binding.

Replace '${HttpDefaultPort}' in WSDL soap location by '9080' defined in sun-http-binding.

Replace '${HttpDefaultPort}' in WSDL soap location by '9080' defined in sun-http-binding.

Replace '${HttpDefaultPort}' in WSDL soap location by '9080' defined in sun-http-binding.

Replace '${HttpDefaultPort}' in WSDL soap location by '9080' defined in sun-http-binding.

Replace '${HttpDefaultPort}' in WSDL soap location by '9080' defined in sun-http-binding.

Replace '${HttpDefaultPort}' in WSDL soap location by '9080' defined in sun-http-binding.

Replace '${HttpDefaultPort}' in WSDL soap location by '9080' defined in sun-http-binding.
 Passed. Threads count Success: <10> Error: <0> Not completed: <0> Throughput: <10> invocations in <22.616>s = <0.4421648390519986> invokes/s
Test documentMultiNS\Concurrent.properties in Development
Test echoAnyURIDataType_Invoke\Concurrent.properties
Replace '${HttpDefaultPort}' in WSDL soap location by '9080' defined in sun-http-binding.

Replace '${HttpDefaultPort}' in WSDL soap location by '9080' defined in sun-http-binding.

Replace '${HttpDefaultPort}' in WSDL soap location by '9080' defined in sun-http-binding.

Replace '${HttpDefaultPort}' in WSDL soap location by '9080' defined in sun-http-binding.

Replace '${HttpDefaultPort}' in WSDL soap location by '9080' defined in sun-http-binding.

Replace '${HttpDefaultPort}' in WSDL soap location by '9080' defined in sun-http-binding.

Replace '${HttpDefaultPort}' in WSDL soap location by '9080' defined in sun-http-binding.

Replace '${HttpDefaultPort}' in WSDL soap location by '9080' defined in sun-http-binding.

Replace '${HttpDefaultPort}' in WSDL soap location by '9080' defined in sun-http-binding.

Replace '${HttpDefaultPort}' in WSDL soap location by '9080' defined in sun-http-binding.
 Passed. Threads count Success: <10> Error: <0> Not completed: <0> Throughput: <10> invocations in <21.49>s = <0.46533271288971617> invokes/s
Test echoBase64BinaryDataType_Invoke\Concurrent.properties
Replace '${HttpDefaultPort}' in WSDL soap location by '9080' defined in sun-http-binding.

Replace '${HttpDefaultPort}' in WSDL soap location by '9080' defined in sun-http-binding.

Replace '${HttpDefaultPort}' in WSDL soap location by '9080' defined in sun-http-binding.

Replace '${HttpDefaultPort}' in WSDL soap location by '9080' defined in sun-http-binding.

Replace '${HttpDefaultPort}' in WSDL soap location by '9080' defined in sun-http-binding.

Replace '${HttpDefaultPort}' in WSDL soap location by '9080' defined in sun-http-binding.

Replace '${HttpDefaultPort}' in WSDL soap location by '9080' defined in sun-http-binding.

Replace '${HttpDefaultPort}' in WSDL soap location by '9080' defined in sun-http-binding.

Replace '${HttpDefaultPort}' in WSDL soap location by '9080' defined in sun-http-binding.

Replace '${HttpDefaultPort}' in WSDL soap location by '9080' defined in sun-http-binding.
 Passed. Threads count Success: <10> Error: <0> Not completed: <0> Throughput: <10> invocations in <21.68>s = <0.4612546125461255> invokes/s
Test echoBooleanDataType_Invoke\Concurrent.properties
Replace '${HttpDefaultPort}' in WSDL soap location by '9080' defined in sun-http-binding.

Replace '${HttpDefaultPort}' in WSDL soap location by '9080' defined in sun-http-binding.

Replace '${HttpDefaultPort}' in WSDL soap location by '9080' defined in sun-http-binding.

Replace '${HttpDefaultPort}' in WSDL soap location by '9080' defined in sun-http-binding.

Replace '${HttpDefaultPort}' in WSDL soap location by '9080' defined in sun-http-binding.

Replace '${HttpDefaultPort}' in WSDL soap location by '9080' defined in sun-http-binding.

Replace '${HttpDefaultPort}' in WSDL soap location by '9080' defined in sun-http-binding.

Replace '${HttpDefaultPort}' in WSDL soap location by '9080' defined in sun-http-binding.

Replace '${HttpDefaultPort}' in WSDL soap location by '9080' defined in sun-http-binding.

Replace '${HttpDefaultPort}' in WSDL soap location by '9080' defined in sun-http-binding.
 Passed. Threads count Success: <10> Error: <0> Not completed: <0> Throughput: <10> invocations in <20.454>s = <0.4889019262735895> invokes/s
Test echoBooleanDecInvoke\Concurrent.properties
Replace '${HttpDefaultPort}' in WSDL soap location by '9080' defined in sun-http-binding.

Replace '${HttpDefaultPort}' in WSDL soap location by '9080' defined in sun-http-binding.

Replace '${HttpDefaultPort}' in WSDL soap location by '9080' defined in sun-http-binding.

Replace '${HttpDefaultPort}' in WSDL soap location by '9080' defined in sun-http-binding.

Replace '${HttpDefaultPort}' in WSDL soap location by '9080' defined in sun-http-binding.

Replace '${HttpDefaultPort}' in WSDL soap location by '9080' defined in sun-http-binding.

Replace '${HttpDefaultPort}' in WSDL soap location by '9080' defined in sun-http-binding.

Replace '${HttpDefaultPort}' in WSDL soap location by '9080' defined in sun-http-binding.

Replace '${HttpDefaultPort}' in WSDL soap location by '9080' defined in sun-http-binding.

Replace '${HttpDefaultPort}' in WSDL soap location by '9080' defined in sun-http-binding.
 Passed. Threads count Success: <10> Error: <0> Not completed: <0> Throughput: <10> invocations in <21.695>s = <0.46093569946992397> invokes/s
Test echoBooleanEmptyInvoke\Concurrent.properties
Replace '${HttpDefaultPort}' in WSDL soap location by '9080' defined in sun-http-binding.

Replace '${HttpDefaultPort}' in WSDL soap location by '9080' defined in sun-http-binding.

Replace '${HttpDefaultPort}' in WSDL soap location by '9080' defined in sun-http-binding.

Replace '${HttpDefaultPort}' in WSDL soap location by '9080' defined in sun-http-binding.

Replace '${HttpDefaultPort}' in WSDL soap location by '9080' defined in sun-http-binding.

Replace '${HttpDefaultPort}' in WSDL soap location by '9080' defined in sun-http-binding.

Replace '${HttpDefaultPort}' in WSDL soap location by '9080' defined in sun-http-binding.

Replace '${HttpDefaultPort}' in WSDL soap location by '9080' defined in sun-http-binding.

Replace '${HttpDefaultPort}' in WSDL soap location by '9080' defined in sun-http-binding.

Replace '${HttpDefaultPort}' in WSDL soap location by '9080' defined in sun-http-binding.
 Passed. Threads count Success: <10> Error: <0> Not completed: <0> Throughput: <10> invocations in <20.114>s = <0.4971661529283086> invokes/s
Test echoBooleanInvoke\Concurrent.properties
Replace '${HttpDefaultPort}' in WSDL soap location by '9080' defined in sun-http-binding.

Replace '${HttpDefaultPort}' in WSDL soap location by '9080' defined in sun-http-binding.

Replace '${HttpDefaultPort}' in WSDL soap location by '9080' defined in sun-http-binding.

Replace '${HttpDefaultPort}' in WSDL soap location by '9080' defined in sun-http-binding.

Replace '${HttpDefaultPort}' in WSDL soap location by '9080' defined in sun-http-binding.

Replace '${HttpDefaultPort}' in WSDL soap location by '9080' defined in sun-http-binding.

Replace '${HttpDefaultPort}' in WSDL soap location by '9080' defined in sun-http-binding.

Replace '${HttpDefaultPort}' in WSDL soap location by '9080' defined in sun-http-binding.

Replace '${HttpDefaultPort}' in WSDL soap location by '9080' defined in sun-http-binding.

Replace '${HttpDefaultPort}' in WSDL soap location by '9080' defined in sun-http-binding.
 Passed. Threads count Success: <10> Error: <0> Not completed: <0> Throughput: <10> invocations in <21.6>s = <0.4629629629629629> invokes/s
Test echoBooleanNegDecInvoke\Concurrent.properties
Replace '${HttpDefaultPort}' in WSDL soap location by '9080' defined in sun-http-binding.

Replace '${HttpDefaultPort}' in WSDL soap location by '9080' defined in sun-http-binding.

Replace '${HttpDefaultPort}' in WSDL soap location by '9080' defined in sun-http-binding.

Replace '${HttpDefaultPort}' in WSDL soap location by '9080' defined in sun-http-binding.

Replace '${HttpDefaultPort}' in WSDL soap location by '9080' defined in sun-http-binding.

Replace '${HttpDefaultPort}' in WSDL soap location by '9080' defined in sun-http-binding.

Replace '${HttpDefaultPort}' in WSDL soap location by '9080' defined in sun-http-binding.

Replace '${HttpDefaultPort}' in WSDL soap location by '9080' defined in sun-http-binding.

Replace '${HttpDefaultPort}' in WSDL soap location by '9080' defined in sun-http-binding.

Replace '${HttpDefaultPort}' in WSDL soap location by '9080' defined in sun-http-binding.
 Passed. Threads count Success: <10> Error: <0> Not completed: <0> Throughput: <10> invocations in <21.553>s = <0.46397253282605666> invokes/s
Test echoBooleanNegInvoke\Concurrent.properties
Replace '${HttpDefaultPort}' in WSDL soap location by '9080' defined in sun-http-binding.

Replace '${HttpDefaultPort}' in WSDL soap location by '9080' defined in sun-http-binding.

Replace '${HttpDefaultPort}' in WSDL soap location by '9080' defined in sun-http-binding.

Replace '${HttpDefaultPort}' in WSDL soap location by '9080' defined in sun-http-binding.

Replace '${HttpDefaultPort}' in WSDL soap location by '9080' defined in sun-http-binding.

Replace '${HttpDefaultPort}' in WSDL soap location by '9080' defined in sun-http-binding.

Replace '${HttpDefaultPort}' in WSDL soap location by '9080' defined in sun-http-binding.

Replace '${HttpDefaultPort}' in WSDL soap location by '9080' defined in sun-http-binding.

Replace '${HttpDefaultPort}' in WSDL soap location by '9080' defined in sun-http-binding.

Replace '${HttpDefaultPort}' in WSDL soap location by '9080' defined in sun-http-binding.
 Passed. Threads count Success: <10> Error: <0> Not completed: <0> Throughput: <10> invocations in <21.602>s = <0.4629200999907416> invokes/s
Test echoBooleanStringInvoke\Concurrent.properties
Replace '${HttpDefaultPort}' in WSDL soap location by '9080' defined in sun-http-binding.

Replace '${HttpDefaultPort}' in WSDL soap location by '9080' defined in sun-http-binding.

Replace '${HttpDefaultPort}' in WSDL soap location by '9080' defined in sun-http-binding.

Replace '${HttpDefaultPort}' in WSDL soap location by '9080' defined in sun-http-binding.

Replace '${HttpDefaultPort}' in WSDL soap location by '9080' defined in sun-http-binding.

Replace '${HttpDefaultPort}' in WSDL soap location by '9080' defined in sun-http-binding.

Replace '${HttpDefaultPort}' in WSDL soap location by '9080' defined in sun-http-binding.

Replace '${HttpDefaultPort}' in WSDL soap location by '9080' defined in sun-http-binding.

Replace '${HttpDefaultPort}' in WSDL soap location by '9080' defined in sun-http-binding.

Replace '${HttpDefaultPort}' in WSDL soap location by '9080' defined in sun-http-binding.
 Passed. Threads count Success: <10> Error: <0> Not completed: <0> Throughput: <10> invocations in <22.497>s = <0.4445037116059919> invokes/s
Test echoBooleanZeroInvoke\Concurrent.properties
Replace '${HttpDefaultPort}' in WSDL soap location by '9080' defined in sun-http-binding.

Replace '${HttpDefaultPort}' in WSDL soap location by '9080' defined in sun-http-binding.

Replace '${HttpDefaultPort}' in WSDL soap location by '9080' defined in sun-http-binding.

Replace '${HttpDefaultPort}' in WSDL soap location by '9080' defined in sun-http-binding.

Replace '${HttpDefaultPort}' in WSDL soap location by '9080' defined in sun-http-binding.

Replace '${HttpDefaultPort}' in WSDL soap location by '9080' defined in sun-http-binding.

Replace '${HttpDefaultPort}' in WSDL soap location by '9080' defined in sun-http-binding.

Replace '${HttpDefaultPort}' in WSDL soap location by '9080' defined in sun-http-binding.

Replace '${HttpDefaultPort}' in WSDL soap location by '9080' defined in sun-http-binding.

Replace '${HttpDefaultPort}' in WSDL soap location by '9080' defined in sun-http-binding.
 Passed. Threads count Success: <10> Error: <0> Not completed: <0> Throughput: <10> invocations in <21.244>s = <0.47072114479382415> invokes/s
Test echoByteDataType_Invoke\Concurrent.properties
Replace '${HttpDefaultPort}' in WSDL soap location by '9080' defined in sun-http-binding.

Replace '${HttpDefaultPort}' in WSDL soap location by '9080' defined in sun-http-binding.

Replace '${HttpDefaultPort}' in WSDL soap location by '9080' defined in sun-http-binding.

Replace '${HttpDefaultPort}' in WSDL soap location by '9080' defined in sun-http-binding.

Replace '${HttpDefaultPort}' in WSDL soap location by '9080' defined in sun-http-binding.

Replace '${HttpDefaultPort}' in WSDL soap location by '9080' defined in sun-http-binding.

Replace '${HttpDefaultPort}' in WSDL soap location by '9080' defined in sun-http-binding.

Replace '${HttpDefaultPort}' in WSDL soap location by '9080' defined in sun-http-binding.

Replace '${HttpDefaultPort}' in WSDL soap location by '9080' defined in sun-http-binding.

Replace '${HttpDefaultPort}' in WSDL soap location by '9080' defined in sun-http-binding.
 Passed. Threads count Success: <10> Error: <0> Not completed: <0> Throughput: <10> invocations in <20.725>s = <0.48250904704463204> invokes/s
Test echoCeilingDecInvoke\Concurrent.properties
Replace '${HttpDefaultPort}' in WSDL soap location by '9080' defined in sun-http-binding.

Replace '${HttpDefaultPort}' in WSDL soap location by '9080' defined in sun-http-binding.

Replace '${HttpDefaultPort}' in WSDL soap location by '9080' defined in sun-http-binding.

Replace '${HttpDefaultPort}' in WSDL soap location by '9080' defined in sun-http-binding.

Replace '${HttpDefaultPort}' in WSDL soap location by '9080' defined in sun-http-binding.

Replace '${HttpDefaultPort}' in WSDL soap location by '9080' defined in sun-http-binding.

Replace '${HttpDefaultPort}' in WSDL soap location by '9080' defined in sun-http-binding.

Replace '${HttpDefaultPort}' in WSDL soap location by '9080' defined in sun-http-binding.

Replace '${HttpDefaultPort}' in WSDL soap location by '9080' defined in sun-http-binding.

Replace '${HttpDefaultPort}' in WSDL soap location by '9080' defined in sun-http-binding.
 Passed. Threads count Success: <10> Error: <0> Not completed: <0> Throughput: <10> invocations in <21.627>s = <0.46238498173579323> invokes/s
Test echoCeilingIntInvoke\Concurrent.properties
Replace '${HttpDefaultPort}' in WSDL soap location by '9080' defined in sun-http-binding.

Replace '${HttpDefaultPort}' in WSDL soap location by '9080' defined in sun-http-binding.

Replace '${HttpDefaultPort}' in WSDL soap location by '9080' defined in sun-http-binding.

Replace '${HttpDefaultPort}' in WSDL soap location by '9080' defined in sun-http-binding.

Replace '${HttpDefaultPort}' in WSDL soap location by '9080' defined in sun-http-binding.

Replace '${HttpDefaultPort}' in WSDL soap location by '9080' defined in sun-http-binding.

Replace '${HttpDefaultPort}' in WSDL soap location by '9080' defined in sun-http-binding.

Replace '${HttpDefaultPort}' in WSDL soap location by '9080' defined in sun-http-binding.

Replace '${HttpDefaultPort}' in WSDL soap location by '9080' defined in sun-http-binding.

Replace '${HttpDefaultPort}' in WSDL soap location by '9080' defined in sun-http-binding.
 Passed. Threads count Success: <10> Error: <0> Not completed: <0> Throughput: <10> invocations in <21.619>s = <0.4625560849252972> invokes/s
Test echoCeilingInvoke\Concurrent.properties
Replace '${HttpDefaultPort}' in WSDL soap location by '9080' defined in sun-http-binding.

Replace '${HttpDefaultPort}' in WSDL soap location by '9080' defined in sun-http-binding.

Replace '${HttpDefaultPort}' in WSDL soap location by '9080' defined in sun-http-binding.

Replace '${HttpDefaultPort}' in WSDL soap location by '9080' defined in sun-http-binding.

Replace '${HttpDefaultPort}' in WSDL soap location by '9080' defined in sun-http-binding.

Replace '${HttpDefaultPort}' in WSDL soap location by '9080' defined in sun-http-binding.

Replace '${HttpDefaultPort}' in WSDL soap location by '9080' defined in sun-http-binding.

Replace '${HttpDefaultPort}' in WSDL soap location by '9080' defined in sun-http-binding.

Replace '${HttpDefaultPort}' in WSDL soap location by '9080' defined in sun-http-binding.

Replace '${HttpDefaultPort}' in WSDL soap location by '9080' defined in sun-http-binding.
 Passed. Threads count Success: <10> Error: <0> Not completed: <0> Throughput: <10> invocations in <21.7>s = <0.4608294930875576> invokes/s
Test echoCeilingNaNInvoke\Concurrent.properties
Replace '${HttpDefaultPort}' in WSDL soap location by '9080' defined in sun-http-binding.

Replace '${HttpDefaultPort}' in WSDL soap location by '9080' defined in sun-http-binding.

Replace '${HttpDefaultPort}' in WSDL soap location by '9080' defined in sun-http-binding.

Replace '${HttpDefaultPort}' in WSDL soap location by '9080' defined in sun-http-binding.

Replace '${HttpDefaultPort}' in WSDL soap location by '9080' defined in sun-http-binding.

Replace '${HttpDefaultPort}' in WSDL soap location by '9080' defined in sun-http-binding.

Replace '${HttpDefaultPort}' in WSDL soap location by '9080' defined in sun-http-binding.

Replace '${HttpDefaultPort}' in WSDL soap location by '9080' defined in sun-http-binding.

Replace '${HttpDefaultPort}' in WSDL soap location by '9080' defined in sun-http-binding.

Replace '${HttpDefaultPort}' in WSDL soap location by '9080' defined in sun-http-binding.
 Passed. Threads count Success: <10> Error: <0> Not completed: <0> Throughput: <10> invocations in <21.012>s = <0.4759185227489054> invokes/s
Test echoCeilingNegIntInvoke\Concurrent.properties
Replace '${HttpDefaultPort}' in WSDL soap location by '9080' defined in sun-http-binding.

Replace '${HttpDefaultPort}' in WSDL soap location by '9080' defined in sun-http-binding.

Replace '${HttpDefaultPort}' in WSDL soap location by '9080' defined in sun-http-binding.

Replace '${HttpDefaultPort}' in WSDL soap location by '9080' defined in sun-http-binding.

Replace '${HttpDefaultPort}' in WSDL soap location by '9080' defined in sun-http-binding.

Replace '${HttpDefaultPort}' in WSDL soap location by '9080' defined in sun-http-binding.

Replace '${HttpDefaultPort}' in WSDL soap location by '9080' defined in sun-http-binding.

Replace '${HttpDefaultPort}' in WSDL soap location by '9080' defined in sun-http-binding.

Replace '${HttpDefaultPort}' in WSDL soap location by '9080' defined in sun-http-binding.

Replace '${HttpDefaultPort}' in WSDL soap location by '9080' defined in sun-http-binding.
 Passed. Threads count Success: <10> Error: <0> Not completed: <0> Throughput: <10> invocations in <22.123>s = <0.4520182615377661> invokes/s
Test echoCeilingZeroInvoke\Concurrent.properties
Replace '${HttpDefaultPort}' in WSDL soap location by '9080' defined in sun-http-binding.

Replace '${HttpDefaultPort}' in WSDL soap location by '9080' defined in sun-http-binding.

Replace '${HttpDefaultPort}' in WSDL soap location by '9080' defined in sun-http-binding.

Replace '${HttpDefaultPort}' in WSDL soap location by '9080' defined in sun-http-binding.

Replace '${HttpDefaultPort}' in WSDL soap location by '9080' defined in sun-http-binding.

Replace '${HttpDefaultPort}' in WSDL soap location by '9080' defined in sun-http-binding.

Replace '${HttpDefaultPort}' in WSDL soap location by '9080' defined in sun-http-binding.

Replace '${HttpDefaultPort}' in WSDL soap location by '9080' defined in sun-http-binding.

Replace '${HttpDefaultPort}' in WSDL soap location by '9080' defined in sun-http-binding.

Replace '${HttpDefaultPort}' in WSDL soap location by '9080' defined in sun-http-binding.
 Passed. Threads count Success: <10> Error: <0> Not completed: <0> Throughput: <10> invocations in <21.518>s = <0.46472720513058835> invokes/s
Test echoConcat2_Invoke\Concurrent.properties
Replace '${HttpDefaultPort}' in WSDL soap location by '9080' defined in sun-http-binding.

Replace '${HttpDefaultPort}' in WSDL soap location by '9080' defined in sun-http-binding.

Replace '${HttpDefaultPort}' in WSDL soap location by '9080' defined in sun-http-binding.

Replace '${HttpDefaultPort}' in WSDL soap location by '9080' defined in sun-http-binding.

Replace '${HttpDefaultPort}' in WSDL soap location by '9080' defined in sun-http-binding.

Replace '${HttpDefaultPort}' in WSDL soap location by '9080' defined in sun-http-binding.

Replace '${HttpDefaultPort}' in WSDL soap location by '9080' defined in sun-http-binding.

Replace '${HttpDefaultPort}' in WSDL soap location by '9080' defined in sun-http-binding.

Replace '${HttpDefaultPort}' in WSDL soap location by '9080' defined in sun-http-binding.

Replace '${HttpDefaultPort}' in WSDL soap location by '9080' defined in sun-http-binding.
 Passed. Threads count Success: <10> Error: <0> Not completed: <0> Throughput: <10> invocations in <20.746>s = <0.4820206304829847> invokes/s
Test echoConcat_Invoke\Concurrent.properties
Replace '${HttpDefaultPort}' in WSDL soap location by '9080' defined in sun-http-binding.

Replace '${HttpDefaultPort}' in WSDL soap location by '9080' defined in sun-http-binding.

Replace '${HttpDefaultPort}' in WSDL soap location by '9080' defined in sun-http-binding.

Replace '${HttpDefaultPort}' in WSDL soap location by '9080' defined in sun-http-binding.

Replace '${HttpDefaultPort}' in WSDL soap location by '9080' defined in sun-http-binding.

Replace '${HttpDefaultPort}' in WSDL soap location by '9080' defined in sun-http-binding.

Replace '${HttpDefaultPort}' in WSDL soap location by '9080' defined in sun-http-binding.

Replace '${HttpDefaultPort}' in WSDL soap location by '9080' defined in sun-http-binding.

Replace '${HttpDefaultPort}' in WSDL soap location by '9080' defined in sun-http-binding.

Replace '${HttpDefaultPort}' in WSDL soap location by '9080' defined in sun-http-binding.
 Passed. Threads count Success: <10> Error: <0> Not completed: <0> Throughput: <10> invocations in <20.712>s = <0.4828118964851294> invokes/s
Test echoContains2Invoke\Concurrent.properties
Replace '${HttpDefaultPort}' in WSDL soap location by '9080' defined in sun-http-binding.

Replace '${HttpDefaultPort}' in WSDL soap location by '9080' defined in sun-http-binding.

Replace '${HttpDefaultPort}' in WSDL soap location by '9080' defined in sun-http-binding.

Replace '${HttpDefaultPort}' in WSDL soap location by '9080' defined in sun-http-binding.

Replace '${HttpDefaultPort}' in WSDL soap location by '9080' defined in sun-http-binding.

Replace '${HttpDefaultPort}' in WSDL soap location by '9080' defined in sun-http-binding.

Replace '${HttpDefaultPort}' in WSDL soap location by '9080' defined in sun-http-binding.

Replace '${HttpDefaultPort}' in WSDL soap location by '9080' defined in sun-http-binding.

Replace '${HttpDefaultPort}' in WSDL soap location by '9080' defined in sun-http-binding.

Replace '${HttpDefaultPort}' in WSDL soap location by '9080' defined in sun-http-binding.
 Passed. Threads count Success: <10> Error: <0> Not completed: <0> Throughput: <10> invocations in <21.571>s = <0.46358536924574656> invokes/s
Test echoContainsEmptyInvoke\Concurrent.properties
Replace '${HttpDefaultPort}' in WSDL soap location by '9080' defined in sun-http-binding.

Replace '${HttpDefaultPort}' in WSDL soap location by '9080' defined in sun-http-binding.

Replace '${HttpDefaultPort}' in WSDL soap location by '9080' defined in sun-http-binding.

Replace '${HttpDefaultPort}' in WSDL soap location by '9080' defined in sun-http-binding.

Replace '${HttpDefaultPort}' in WSDL soap location by '9080' defined in sun-http-binding.

Replace '${HttpDefaultPort}' in WSDL soap location by '9080' defined in sun-http-binding.

Replace '${HttpDefaultPort}' in WSDL soap location by '9080' defined in sun-http-binding.

Replace '${HttpDefaultPort}' in WSDL soap location by '9080' defined in sun-http-binding.

Replace '${HttpDefaultPort}' in WSDL soap location by '9080' defined in sun-http-binding.

Replace '${HttpDefaultPort}' in WSDL soap location by '9080' defined in sun-http-binding.
 Passed. Threads count Success: <10> Error: <0> Not completed: <0> Throughput: <10> invocations in <21.166>s = <0.47245582538032693> invokes/s
Test echoContainsInvoke\Concurrent.properties
Replace '${HttpDefaultPort}' in WSDL soap location by '9080' defined in sun-http-binding.

Replace '${HttpDefaultPort}' in WSDL soap location by '9080' defined in sun-http-binding.

Replace '${HttpDefaultPort}' in WSDL soap location by '9080' defined in sun-http-binding.

Replace '${HttpDefaultPort}' in WSDL soap location by '9080' defined in sun-http-binding.

Replace '${HttpDefaultPort}' in WSDL soap location by '9080' defined in sun-http-binding.

Replace '${HttpDefaultPort}' in WSDL soap location by '9080' defined in sun-http-binding.

Replace '${HttpDefaultPort}' in WSDL soap location by '9080' defined in sun-http-binding.

Replace '${HttpDefaultPort}' in WSDL soap location by '9080' defined in sun-http-binding.

Replace '${HttpDefaultPort}' in WSDL soap location by '9080' defined in sun-http-binding.

Replace '${HttpDefaultPort}' in WSDL soap location by '9080' defined in sun-http-binding.
 Passed. Threads count Success: <10> Error: <0> Not completed: <0> Throughput: <10> invocations in <21.898>s = <0.45666270892318933> invokes/s
Test echoCopyFromInvoke\Concurrent.properties
Replace '${HttpDefaultPort}' in WSDL soap location by '9080' defined in sun-http-binding.

Replace '${HttpDefaultPort}' in WSDL soap location by '9080' defined in sun-http-binding.

Replace '${HttpDefaultPort}' in WSDL soap location by '9080' defined in sun-http-binding.

Replace '${HttpDefaultPort}' in WSDL soap location by '9080' defined in sun-http-binding.

Replace '${HttpDefaultPort}' in WSDL soap location by '9080' defined in sun-http-binding.

Replace '${HttpDefaultPort}' in WSDL soap location by '9080' defined in sun-http-binding.

Replace '${HttpDefaultPort}' in WSDL soap location by '9080' defined in sun-http-binding.

Replace '${HttpDefaultPort}' in WSDL soap location by '9080' defined in sun-http-binding.

Replace '${HttpDefaultPort}' in WSDL soap location by '9080' defined in sun-http-binding.

Replace '${HttpDefaultPort}' in WSDL soap location by '9080' defined in sun-http-binding.
 Passed. Threads count Success: <10> Error: <0> Not completed: <0> Throughput: <10> invocations in <21.489>s = <0.4653543673507376> invokes/s
Test echoCountInvoke\Concurrent.properties
Replace '${HttpDefaultPort}' in WSDL soap location by '9080' defined in sun-http-binding.

Replace '${HttpDefaultPort}' in WSDL soap location by '9080' defined in sun-http-binding.

Replace '${HttpDefaultPort}' in WSDL soap location by '9080' defined in sun-http-binding.

Replace '${HttpDefaultPort}' in WSDL soap location by '9080' defined in sun-http-binding.

Replace '${HttpDefaultPort}' in WSDL soap location by '9080' defined in sun-http-binding.

Replace '${HttpDefaultPort}' in WSDL soap location by '9080' defined in sun-http-binding.

Replace '${HttpDefaultPort}' in WSDL soap location by '9080' defined in sun-http-binding.

Replace '${HttpDefaultPort}' in WSDL soap location by '9080' defined in sun-http-binding.

Replace '${HttpDefaultPort}' in WSDL soap location by '9080' defined in sun-http-binding.

Replace '${HttpDefaultPort}' in WSDL soap location by '9080' defined in sun-http-binding.
 Passed. Threads count Success: <10> Error: <0> Not completed: <0> Throughput: <10> invocations in <21.853>s = <0.45760307509266457> invokes/s
Test echoDateDataType_Invoke\Concurrent.properties
Replace '${HttpDefaultPort}' in WSDL soap location by '9080' defined in sun-http-binding.

Replace '${HttpDefaultPort}' in WSDL soap location by '9080' defined in sun-http-binding.

Replace '${HttpDefaultPort}' in WSDL soap location by '9080' defined in sun-http-binding.

Replace '${HttpDefaultPort}' in WSDL soap location by '9080' defined in sun-http-binding.

Replace '${HttpDefaultPort}' in WSDL soap location by '9080' defined in sun-http-binding.

Replace '${HttpDefaultPort}' in WSDL soap location by '9080' defined in sun-http-binding.

Replace '${HttpDefaultPort}' in WSDL soap location by '9080' defined in sun-http-binding.

Replace '${HttpDefaultPort}' in WSDL soap location by '9080' defined in sun-http-binding.

Replace '${HttpDefaultPort}' in WSDL soap location by '9080' defined in sun-http-binding.

Replace '${HttpDefaultPort}' in WSDL soap location by '9080' defined in sun-http-binding.
 Passed. Threads count Success: <10> Error: <0> Not completed: <0> Throughput: <10> invocations in <21.561>s = <0.4638003803163119> invokes/s
Test echoDateTimeDataType_Invoke\Concurrent.properties
Replace '${HttpDefaultPort}' in WSDL soap location by '9080' defined in sun-http-binding.

Replace '${HttpDefaultPort}' in WSDL soap location by '9080' defined in sun-http-binding.

Replace '${HttpDefaultPort}' in WSDL soap location by '9080' defined in sun-http-binding.

Replace '${HttpDefaultPort}' in WSDL soap location by '9080' defined in sun-http-binding.

Replace '${HttpDefaultPort}' in WSDL soap location by '9080' defined in sun-http-binding.

Replace '${HttpDefaultPort}' in WSDL soap location by '9080' defined in sun-http-binding.

Replace '${HttpDefaultPort}' in WSDL soap location by '9080' defined in sun-http-binding.

Replace '${HttpDefaultPort}' in WSDL soap location by '9080' defined in sun-http-binding.

Replace '${HttpDefaultPort}' in WSDL soap location by '9080' defined in sun-http-binding.

Replace '${HttpDefaultPort}' in WSDL soap location by '9080' defined in sun-http-binding.
 Passed. Threads count Success: <10> Error: <0> Not completed: <0> Throughput: <10> invocations in <21.302>s = <0.4694394892498357> invokes/s
Test echoDecimalDataType_Invoke\Concurrent.properties
Replace '${HttpDefaultPort}' in WSDL soap location by '9080' defined in sun-http-binding.

Replace '${HttpDefaultPort}' in WSDL soap location by '9080' defined in sun-http-binding.

Replace '${HttpDefaultPort}' in WSDL soap location by '9080' defined in sun-http-binding.

Replace '${HttpDefaultPort}' in WSDL soap location by '9080' defined in sun-http-binding.

Replace '${HttpDefaultPort}' in WSDL soap location by '9080' defined in sun-http-binding.

Replace '${HttpDefaultPort}' in WSDL soap location by '9080' defined in sun-http-binding.

Replace '${HttpDefaultPort}' in WSDL soap location by '9080' defined in sun-http-binding.

Replace '${HttpDefaultPort}' in WSDL soap location by '9080' defined in sun-http-binding.

Replace '${HttpDefaultPort}' in WSDL soap location by '9080' defined in sun-http-binding.

Replace '${HttpDefaultPort}' in WSDL soap location by '9080' defined in sun-http-binding.
 Passed. Threads count Success: <10> Error: <0> Not completed: <0> Throughput: <10> invocations in <20.418>s = <0.4897639337839162> invokes/s
Test echoDoubleDataType_Invoke\Concurrent.properties
Replace '${HttpDefaultPort}' in WSDL soap location by '9080' defined in sun-http-binding.

Replace '${HttpDefaultPort}' in WSDL soap location by '9080' defined in sun-http-binding.

Replace '${HttpDefaultPort}' in WSDL soap location by '9080' defined in sun-http-binding.

Replace '${HttpDefaultPort}' in WSDL soap location by '9080' defined in sun-http-binding.

Replace '${HttpDefaultPort}' in WSDL soap location by '9080' defined in sun-http-binding.

Replace '${HttpDefaultPort}' in WSDL soap location by '9080' defined in sun-http-binding.

Replace '${HttpDefaultPort}' in WSDL soap location by '9080' defined in sun-http-binding.

Replace '${HttpDefaultPort}' in WSDL soap location by '9080' defined in sun-http-binding.

Replace '${HttpDefaultPort}' in WSDL soap location by '9080' defined in sun-http-binding.

Replace '${HttpDefaultPort}' in WSDL soap location by '9080' defined in sun-http-binding.
 Passed. Threads count Success: <10> Error: <0> Not completed: <0> Throughput: <10> invocations in <21.383>s = <0.46766122620773515> invokes/s
Test echoDurationDataType_Invoke\Concurrent.properties
Replace '${HttpDefaultPort}' in WSDL soap location by '9080' defined in sun-http-binding.

Replace '${HttpDefaultPort}' in WSDL soap location by '9080' defined in sun-http-binding.

Replace '${HttpDefaultPort}' in WSDL soap location by '9080' defined in sun-http-binding.

Replace '${HttpDefaultPort}' in WSDL soap location by '9080' defined in sun-http-binding.

Replace '${HttpDefaultPort}' in WSDL soap location by '9080' defined in sun-http-binding.

Replace '${HttpDefaultPort}' in WSDL soap location by '9080' defined in sun-http-binding.

Replace '${HttpDefaultPort}' in WSDL soap location by '9080' defined in sun-http-binding.

Replace '${HttpDefaultPort}' in WSDL soap location by '9080' defined in sun-http-binding.

Replace '${HttpDefaultPort}' in WSDL soap location by '9080' defined in sun-http-binding.

Replace '${HttpDefaultPort}' in WSDL soap location by '9080' defined in sun-http-binding.
 Passed. Threads count Success: <10> Error: <0> Not completed: <0> Throughput: <10> invocations in <21.619>s = <0.4625560849252972> invokes/s
Test echoENTITIESDataType_Invoke\Concurrent.properties
Replace '${HttpDefaultPort}' in WSDL soap location by '9080' defined in sun-http-binding.

Replace '${HttpDefaultPort}' in WSDL soap location by '9080' defined in sun-http-binding.

Replace '${HttpDefaultPort}' in WSDL soap location by '9080' defined in sun-http-binding.

Replace '${HttpDefaultPort}' in WSDL soap location by '9080' defined in sun-http-binding.

Replace '${HttpDefaultPort}' in WSDL soap location by '9080' defined in sun-http-binding.

Replace '${HttpDefaultPort}' in WSDL soap location by '9080' defined in sun-http-binding.

Replace '${HttpDefaultPort}' in WSDL soap location by '9080' defined in sun-http-binding.

Replace '${HttpDefaultPort}' in WSDL soap location by '9080' defined in sun-http-binding.

Replace '${HttpDefaultPort}' in WSDL soap location by '9080' defined in sun-http-binding.

Replace '${HttpDefaultPort}' in WSDL soap location by '9080' defined in sun-http-binding.
 Passed. Threads count Success: <10> Error: <0> Not completed: <0> Throughput: <10> invocations in <20.876>s = <0.47901896915117836> invokes/s
Test echoENTITYDataType_Invoke\Concurrent.properties
Replace '${HttpDefaultPort}' in WSDL soap location by '9080' defined in sun-http-binding.

Replace '${HttpDefaultPort}' in WSDL soap location by '9080' defined in sun-http-binding.

Replace '${HttpDefaultPort}' in WSDL soap location by '9080' defined in sun-http-binding.

Replace '${HttpDefaultPort}' in WSDL soap location by '9080' defined in sun-http-binding.

Replace '${HttpDefaultPort}' in WSDL soap location by '9080' defined in sun-http-binding.

Replace '${HttpDefaultPort}' in WSDL soap location by '9080' defined in sun-http-binding.

Replace '${HttpDefaultPort}' in WSDL soap location by '9080' defined in sun-http-binding.

Replace '${HttpDefaultPort}' in WSDL soap location by '9080' defined in sun-http-binding.

Replace '${HttpDefaultPort}' in WSDL soap location by '9080' defined in sun-http-binding.

Replace '${HttpDefaultPort}' in WSDL soap location by '9080' defined in sun-http-binding.
 Passed. Threads count Success: <10> Error: <0> Not completed: <0> Throughput: <10> invocations in <21.117>s = <0.4735521144101908> invokes/s
Test echoFalseInvoke\Concurrent.properties
Replace '${HttpDefaultPort}' in WSDL soap location by '9080' defined in sun-http-binding.

Replace '${HttpDefaultPort}' in WSDL soap location by '9080' defined in sun-http-binding.

Replace '${HttpDefaultPort}' in WSDL soap location by '9080' defined in sun-http-binding.

Replace '${HttpDefaultPort}' in WSDL soap location by '9080' defined in sun-http-binding.

Replace '${HttpDefaultPort}' in WSDL soap location by '9080' defined in sun-http-binding.

Replace '${HttpDefaultPort}' in WSDL soap location by '9080' defined in sun-http-binding.

Replace '${HttpDefaultPort}' in WSDL soap location by '9080' defined in sun-http-binding.

Replace '${HttpDefaultPort}' in WSDL soap location by '9080' defined in sun-http-binding.

Replace '${HttpDefaultPort}' in WSDL soap location by '9080' defined in sun-http-binding.

Replace '${HttpDefaultPort}' in WSDL soap location by '9080' defined in sun-http-binding.
 Passed. Threads count Success: <10> Error: <0> Not completed: <0> Throughput: <10> invocations in <20.796>s = <0.48086170417387963> invokes/s
Test echoFloatDataType_Invoke\Concurrent.properties
Replace '${HttpDefaultPort}' in WSDL soap location by '9080' defined in sun-http-binding.

Replace '${HttpDefaultPort}' in WSDL soap location by '9080' defined in sun-http-binding.

Replace '${HttpDefaultPort}' in WSDL soap location by '9080' defined in sun-http-binding.

Replace '${HttpDefaultPort}' in WSDL soap location by '9080' defined in sun-http-binding.

Replace '${HttpDefaultPort}' in WSDL soap location by '9080' defined in sun-http-binding.

Replace '${HttpDefaultPort}' in WSDL soap location by '9080' defined in sun-http-binding.

Replace '${HttpDefaultPort}' in WSDL soap location by '9080' defined in sun-http-binding.

Replace '${HttpDefaultPort}' in WSDL soap location by '9080' defined in sun-http-binding.

Replace '${HttpDefaultPort}' in WSDL soap location by '9080' defined in sun-http-binding.

Replace '${HttpDefaultPort}' in WSDL soap location by '9080' defined in sun-http-binding.
 Passed. Threads count Success: <10> Error: <0> Not completed: <0> Throughput: <10> invocations in <21.35>s = <0.46838407494145196> invokes/s
Test echoFloorDecInvoke\Concurrent.properties
Replace '${HttpDefaultPort}' in WSDL soap location by '9080' defined in sun-http-binding.

Replace '${HttpDefaultPort}' in WSDL soap location by '9080' defined in sun-http-binding.

Replace '${HttpDefaultPort}' in WSDL soap location by '9080' defined in sun-http-binding.

Replace '${HttpDefaultPort}' in WSDL soap location by '9080' defined in sun-http-binding.

Replace '${HttpDefaultPort}' in WSDL soap location by '9080' defined in sun-http-binding.

Replace '${HttpDefaultPort}' in WSDL soap location by '9080' defined in sun-http-binding.

Replace '${HttpDefaultPort}' in WSDL soap location by '9080' defined in sun-http-binding.

Replace '${HttpDefaultPort}' in WSDL soap location by '9080' defined in sun-http-binding.

Replace '${HttpDefaultPort}' in WSDL soap location by '9080' defined in sun-http-binding.

Replace '${HttpDefaultPort}' in WSDL soap location by '9080' defined in sun-http-binding.
 Passed. Threads count Success: <10> Error: <0> Not completed: <0> Throughput: <10> invocations in <20.965>s = <0.4769854519437157> invokes/s
Test echoFloorInvoke\Concurrent.properties
Replace '${HttpDefaultPort}' in WSDL soap location by '9080' defined in sun-http-binding.

Replace '${HttpDefaultPort}' in WSDL soap location by '9080' defined in sun-http-binding.

Replace '${HttpDefaultPort}' in WSDL soap location by '9080' defined in sun-http-binding.

Replace '${HttpDefaultPort}' in WSDL soap location by '9080' defined in sun-http-binding.

Replace '${HttpDefaultPort}' in WSDL soap location by '9080' defined in sun-http-binding.

Replace '${HttpDefaultPort}' in WSDL soap location by '9080' defined in sun-http-binding.

Replace '${HttpDefaultPort}' in WSDL soap location by '9080' defined in sun-http-binding.

Replace '${HttpDefaultPort}' in WSDL soap location by '9080' defined in sun-http-binding.

Replace '${HttpDefaultPort}' in WSDL soap location by '9080' defined in sun-http-binding.

Replace '${HttpDefaultPort}' in WSDL soap location by '9080' defined in sun-http-binding.
 Passed. Threads count Success: <10> Error: <0> Not completed: <0> Throughput: <10> invocations in <20.067>s = <0.4983305925150745> invokes/s
Test echoFloorNaNInvoke\Concurrent.properties
Replace '${HttpDefaultPort}' in WSDL soap location by '9080' defined in sun-http-binding.

Replace '${HttpDefaultPort}' in WSDL soap location by '9080' defined in sun-http-binding.

Replace '${HttpDefaultPort}' in WSDL soap location by '9080' defined in sun-http-binding.

Replace '${HttpDefaultPort}' in WSDL soap location by '9080' defined in sun-http-binding.

Replace '${HttpDefaultPort}' in WSDL soap location by '9080' defined in sun-http-binding.

Replace '${HttpDefaultPort}' in WSDL soap location by '9080' defined in sun-http-binding.

Replace '${HttpDefaultPort}' in WSDL soap location by '9080' defined in sun-http-binding.

Replace '${HttpDefaultPort}' in WSDL soap location by '9080' defined in sun-http-binding.

Replace '${HttpDefaultPort}' in WSDL soap location by '9080' defined in sun-http-binding.

Replace '${HttpDefaultPort}' in WSDL soap location by '9080' defined in sun-http-binding.
 Passed. Threads count Success: <10> Error: <0> Not completed: <0> Throughput: <10> invocations in <20.329>s = <0.49190811156475966> invokes/s
Test echoFloorNegIntInvoke\Concurrent.properties
Replace '${HttpDefaultPort}' in WSDL soap location by '9080' defined in sun-http-binding.

Replace '${HttpDefaultPort}' in WSDL soap location by '9080' defined in sun-http-binding.

Replace '${HttpDefaultPort}' in WSDL soap location by '9080' defined in sun-http-binding.

Replace '${HttpDefaultPort}' in WSDL soap location by '9080' defined in sun-http-binding.

Replace '${HttpDefaultPort}' in WSDL soap location by '9080' defined in sun-http-binding.

Replace '${HttpDefaultPort}' in WSDL soap location by '9080' defined in sun-http-binding.

Replace '${HttpDefaultPort}' in WSDL soap location by '9080' defined in sun-http-binding.

Replace '${HttpDefaultPort}' in WSDL soap location by '9080' defined in sun-http-binding.

Replace '${HttpDefaultPort}' in WSDL soap location by '9080' defined in sun-http-binding.

Replace '${HttpDefaultPort}' in WSDL soap location by '9080' defined in sun-http-binding.
 Passed. Threads count Success: <10> Error: <0> Not completed: <0> Throughput: <10> invocations in <20.416>s = <0.4898119122257053> invokes/s
Test echoFloorNegInvoke\Concurrent.properties
Replace '${HttpDefaultPort}' in WSDL soap location by '9080' defined in sun-http-binding.

Replace '${HttpDefaultPort}' in WSDL soap location by '9080' defined in sun-http-binding.

Replace '${HttpDefaultPort}' in WSDL soap location by '9080' defined in sun-http-binding.

Replace '${HttpDefaultPort}' in WSDL soap location by '9080' defined in sun-http-binding.

Replace '${HttpDefaultPort}' in WSDL soap location by '9080' defined in sun-http-binding.

Replace '${HttpDefaultPort}' in WSDL soap location by '9080' defined in sun-http-binding.

Replace '${HttpDefaultPort}' in WSDL soap location by '9080' defined in sun-http-binding.

Replace '${HttpDefaultPort}' in WSDL soap location by '9080' defined in sun-http-binding.

Replace '${HttpDefaultPort}' in WSDL soap location by '9080' defined in sun-http-binding.

Replace '${HttpDefaultPort}' in WSDL soap location by '9080' defined in sun-http-binding.
 Passed. Threads count Success: <10> Error: <0> Not completed: <0> Throughput: <10> invocations in <21.0>s = <0.47619047619047616> invokes/s
Test echoFloorZeroInvoke\Concurrent.properties
Replace '${HttpDefaultPort}' in WSDL soap location by '9080' defined in sun-http-binding.

Replace '${HttpDefaultPort}' in WSDL soap location by '9080' defined in sun-http-binding.

Replace '${HttpDefaultPort}' in WSDL soap location by '9080' defined in sun-http-binding.

Replace '${HttpDefaultPort}' in WSDL soap location by '9080' defined in sun-http-binding.

Replace '${HttpDefaultPort}' in WSDL soap location by '9080' defined in sun-http-binding.

Replace '${HttpDefaultPort}' in WSDL soap location by '9080' defined in sun-http-binding.

Replace '${HttpDefaultPort}' in WSDL soap location by '9080' defined in sun-http-binding.

Replace '${HttpDefaultPort}' in WSDL soap location by '9080' defined in sun-http-binding.

Replace '${HttpDefaultPort}' in WSDL soap location by '9080' defined in sun-http-binding.

Replace '${HttpDefaultPort}' in WSDL soap location by '9080' defined in sun-http-binding.
 Passed. Threads count Success: <10> Error: <0> Not completed: <0> Throughput: <10> invocations in <21.632>s = <0.4622781065088757> invokes/s
Test echoGDayDataType_Invoke\Concurrent.properties
Replace '${HttpDefaultPort}' in WSDL soap location by '9080' defined in sun-http-binding.

Replace '${HttpDefaultPort}' in WSDL soap location by '9080' defined in sun-http-binding.

Replace '${HttpDefaultPort}' in WSDL soap location by '9080' defined in sun-http-binding.

Replace '${HttpDefaultPort}' in WSDL soap location by '9080' defined in sun-http-binding.

Replace '${HttpDefaultPort}' in WSDL soap location by '9080' defined in sun-http-binding.

Replace '${HttpDefaultPort}' in WSDL soap location by '9080' defined in sun-http-binding.

Replace '${HttpDefaultPort}' in WSDL soap location by '9080' defined in sun-http-binding.

Replace '${HttpDefaultPort}' in WSDL soap location by '9080' defined in sun-http-binding.

Replace '${HttpDefaultPort}' in WSDL soap location by '9080' defined in sun-http-binding.

Replace '${HttpDefaultPort}' in WSDL soap location by '9080' defined in sun-http-binding.
 Passed. Threads count Success: <10> Error: <0> Not completed: <0> Throughput: <10> invocations in <21.804>s = <0.45863144377178505> invokes/s
Test echoGMonthDataType_Invoke\Concurrent.properties
Replace '${HttpDefaultPort}' in WSDL soap location by '9080' defined in sun-http-binding.

Replace '${HttpDefaultPort}' in WSDL soap location by '9080' defined in sun-http-binding.

Replace '${HttpDefaultPort}' in WSDL soap location by '9080' defined in sun-http-binding.

Replace '${HttpDefaultPort}' in WSDL soap location by '9080' defined in sun-http-binding.

Replace '${HttpDefaultPort}' in WSDL soap location by '9080' defined in sun-http-binding.

Replace '${HttpDefaultPort}' in WSDL soap location by '9080' defined in sun-http-binding.

Replace '${HttpDefaultPort}' in WSDL soap location by '9080' defined in sun-http-binding.

Replace '${HttpDefaultPort}' in WSDL soap location by '9080' defined in sun-http-binding.

Replace '${HttpDefaultPort}' in WSDL soap location by '9080' defined in sun-http-binding.

Replace '${HttpDefaultPort}' in WSDL soap location by '9080' defined in sun-http-binding.
 Passed. Threads count Success: <10> Error: <0> Not completed: <0> Throughput: <10> invocations in <21.859>s = <0.45747746923464017> invokes/s
Test echoGMonthDayDataType_Invoke\Concurrent.properties
Replace '${HttpDefaultPort}' in WSDL soap location by '9080' defined in sun-http-binding.

Replace '${HttpDefaultPort}' in WSDL soap location by '9080' defined in sun-http-binding.

Replace '${HttpDefaultPort}' in WSDL soap location by '9080' defined in sun-http-binding.

Replace '${HttpDefaultPort}' in WSDL soap location by '9080' defined in sun-http-binding.

Replace '${HttpDefaultPort}' in WSDL soap location by '9080' defined in sun-http-binding.

Replace '${HttpDefaultPort}' in WSDL soap location by '9080' defined in sun-http-binding.

Replace '${HttpDefaultPort}' in WSDL soap location by '9080' defined in sun-http-binding.

Replace '${HttpDefaultPort}' in WSDL soap location by '9080' defined in sun-http-binding.

Replace '${HttpDefaultPort}' in WSDL soap location by '9080' defined in sun-http-binding.

Replace '${HttpDefaultPort}' in WSDL soap location by '9080' defined in sun-http-binding.
 Passed. Threads count Success: <10> Error: <0> Not completed: <0> Throughput: <10> invocations in <20.579>s = <0.4859322610428106> invokes/s
Test echoGYearDataType_Invoke\Concurrent.properties
Replace '${HttpDefaultPort}' in WSDL soap location by '9080' defined in sun-http-binding.

Replace '${HttpDefaultPort}' in WSDL soap location by '9080' defined in sun-http-binding.

Replace '${HttpDefaultPort}' in WSDL soap location by '9080' defined in sun-http-binding.

Replace '${HttpDefaultPort}' in WSDL soap location by '9080' defined in sun-http-binding.

Replace '${HttpDefaultPort}' in WSDL soap location by '9080' defined in sun-http-binding.

Replace '${HttpDefaultPort}' in WSDL soap location by '9080' defined in sun-http-binding.

Replace '${HttpDefaultPort}' in WSDL soap location by '9080' defined in sun-http-binding.

Replace '${HttpDefaultPort}' in WSDL soap location by '9080' defined in sun-http-binding.

Replace '${HttpDefaultPort}' in WSDL soap location by '9080' defined in sun-http-binding.

Replace '${HttpDefaultPort}' in WSDL soap location by '9080' defined in sun-http-binding.
 Passed. Threads count Success: <10> Error: <0> Not completed: <0> Throughput: <10> invocations in <21.563>s = <0.46375736214812413> invokes/s
Test echoGYearMonthDataType_Invoke\Concurrent.properties
Replace '${HttpDefaultPort}' in WSDL soap location by '9080' defined in sun-http-binding.

Replace '${HttpDefaultPort}' in WSDL soap location by '9080' defined in sun-http-binding.

Replace '${HttpDefaultPort}' in WSDL soap location by '9080' defined in sun-http-binding.

Replace '${HttpDefaultPort}' in WSDL soap location by '9080' defined in sun-http-binding.

Replace '${HttpDefaultPort}' in WSDL soap location by '9080' defined in sun-http-binding.

Replace '${HttpDefaultPort}' in WSDL soap location by '9080' defined in sun-http-binding.

Replace '${HttpDefaultPort}' in WSDL soap location by '9080' defined in sun-http-binding.

Replace '${HttpDefaultPort}' in WSDL soap location by '9080' defined in sun-http-binding.

Replace '${HttpDefaultPort}' in WSDL soap location by '9080' defined in sun-http-binding.

Replace '${HttpDefaultPort}' in WSDL soap location by '9080' defined in sun-http-binding.
 Passed. Threads count Success: <10> Error: <0> Not completed: <0> Throughput: <10> invocations in <22.067>s = <0.45316536003987856> invokes/s
Test echoHexBinaryDataType_Invoke\Concurrent.properties
Replace '${HttpDefaultPort}' in WSDL soap location by '9080' defined in sun-http-binding.

Replace '${HttpDefaultPort}' in WSDL soap location by '9080' defined in sun-http-binding.

Replace '${HttpDefaultPort}' in WSDL soap location by '9080' defined in sun-http-binding.

Replace '${HttpDefaultPort}' in WSDL soap location by '9080' defined in sun-http-binding.

Replace '${HttpDefaultPort}' in WSDL soap location by '9080' defined in sun-http-binding.

Replace '${HttpDefaultPort}' in WSDL soap location by '9080' defined in sun-http-binding.

Replace '${HttpDefaultPort}' in WSDL soap location by '9080' defined in sun-http-binding.

Replace '${HttpDefaultPort}' in WSDL soap location by '9080' defined in sun-http-binding.

Replace '${HttpDefaultPort}' in WSDL soap location by '9080' defined in sun-http-binding.

Replace '${HttpDefaultPort}' in WSDL soap location by '9080' defined in sun-http-binding.
 Passed. Threads count Success: <10> Error: <0> Not completed: <0> Throughput: <10> invocations in <21.505>s = <0.4650081376424088> invokes/s
Test echoIDDataType_Invoke\Concurrent.properties
Replace '${HttpDefaultPort}' in WSDL soap location by '9080' defined in sun-http-binding.

Replace '${HttpDefaultPort}' in WSDL soap location by '9080' defined in sun-http-binding.

Replace '${HttpDefaultPort}' in WSDL soap location by '9080' defined in sun-http-binding.

Replace '${HttpDefaultPort}' in WSDL soap location by '9080' defined in sun-http-binding.

Replace '${HttpDefaultPort}' in WSDL soap location by '9080' defined in sun-http-binding.

Replace '${HttpDefaultPort}' in WSDL soap location by '9080' defined in sun-http-binding.

Replace '${HttpDefaultPort}' in WSDL soap location by '9080' defined in sun-http-binding.

Replace '${HttpDefaultPort}' in WSDL soap location by '9080' defined in sun-http-binding.

Replace '${HttpDefaultPort}' in WSDL soap location by '9080' defined in sun-http-binding.

Replace '${HttpDefaultPort}' in WSDL soap location by '9080' defined in sun-http-binding.
 Passed. Threads count Success: <10> Error: <0> Not completed: <0> Throughput: <10> invocations in <21.032>s = <0.47546595663750474> invokes/s
Test echoIDREFDataType_Invoke\Concurrent.properties
Replace '${HttpDefaultPort}' in WSDL soap location by '9080' defined in sun-http-binding.

Replace '${HttpDefaultPort}' in WSDL soap location by '9080' defined in sun-http-binding.

Replace '${HttpDefaultPort}' in WSDL soap location by '9080' defined in sun-http-binding.

Replace '${HttpDefaultPort}' in WSDL soap location by '9080' defined in sun-http-binding.

Replace '${HttpDefaultPort}' in WSDL soap location by '9080' defined in sun-http-binding.

Replace '${HttpDefaultPort}' in WSDL soap location by '9080' defined in sun-http-binding.

Replace '${HttpDefaultPort}' in WSDL soap location by '9080' defined in sun-http-binding.

Replace '${HttpDefaultPort}' in WSDL soap location by '9080' defined in sun-http-binding.

Replace '${HttpDefaultPort}' in WSDL soap location by '9080' defined in sun-http-binding.

Replace '${HttpDefaultPort}' in WSDL soap location by '9080' defined in sun-http-binding.
 Passed. Threads count Success: <10> Error: <0> Not completed: <0> Throughput: <10> invocations in <21.84>s = <0.45787545787545786> invokes/s
Test echoIDREFSDataType_Invoke\Concurrent.properties
Replace '${HttpDefaultPort}' in WSDL soap location by '9080' defined in sun-http-binding.

Replace '${HttpDefaultPort}' in WSDL soap location by '9080' defined in sun-http-binding.

Replace '${HttpDefaultPort}' in WSDL soap location by '9080' defined in sun-http-binding.

Replace '${HttpDefaultPort}' in WSDL soap location by '9080' defined in sun-http-binding.

Replace '${HttpDefaultPort}' in WSDL soap location by '9080' defined in sun-http-binding.

Replace '${HttpDefaultPort}' in WSDL soap location by '9080' defined in sun-http-binding.

Replace '${HttpDefaultPort}' in WSDL soap location by '9080' defined in sun-http-binding.

Replace '${HttpDefaultPort}' in WSDL soap location by '9080' defined in sun-http-binding.

Replace '${HttpDefaultPort}' in WSDL soap location by '9080' defined in sun-http-binding.

Replace '${HttpDefaultPort}' in WSDL soap location by '9080' defined in sun-http-binding.
 Passed. Threads count Success: <10> Error: <0> Not completed: <0> Throughput: <10> invocations in <20.95>s = <0.47732696897374705> invokes/s
Test echoIntDataType_Invoke\Concurrent.properties
Replace '${HttpDefaultPort}' in WSDL soap location by '9080' defined in sun-http-binding.

Replace '${HttpDefaultPort}' in WSDL soap location by '9080' defined in sun-http-binding.

Replace '${HttpDefaultPort}' in WSDL soap location by '9080' defined in sun-http-binding.

Replace '${HttpDefaultPort}' in WSDL soap location by '9080' defined in sun-http-binding.

Replace '${HttpDefaultPort}' in WSDL soap location by '9080' defined in sun-http-binding.

Replace '${HttpDefaultPort}' in WSDL soap location by '9080' defined in sun-http-binding.

Replace '${HttpDefaultPort}' in WSDL soap location by '9080' defined in sun-http-binding.

Replace '${HttpDefaultPort}' in WSDL soap location by '9080' defined in sun-http-binding.

Replace '${HttpDefaultPort}' in WSDL soap location by '9080' defined in sun-http-binding.

Replace '${HttpDefaultPort}' in WSDL soap location by '9080' defined in sun-http-binding.
 Passed. Threads count Success: <10> Error: <0> Not completed: <0> Throughput: <10> invocations in <21.17>s = <0.47236655644780345> invokes/s
Test echoIntegerDataType_Invoke\Concurrent.properties
Replace '${HttpDefaultPort}' in WSDL soap location by '9080' defined in sun-http-binding.

Replace '${HttpDefaultPort}' in WSDL soap location by '9080' defined in sun-http-binding.

Replace '${HttpDefaultPort}' in WSDL soap location by '9080' defined in sun-http-binding.

Replace '${HttpDefaultPort}' in WSDL soap location by '9080' defined in sun-http-binding.

Replace '${HttpDefaultPort}' in WSDL soap location by '9080' defined in sun-http-binding.

Replace '${HttpDefaultPort}' in WSDL soap location by '9080' defined in sun-http-binding.

Replace '${HttpDefaultPort}' in WSDL soap location by '9080' defined in sun-http-binding.

Replace '${HttpDefaultPort}' in WSDL soap location by '9080' defined in sun-http-binding.

Replace '${HttpDefaultPort}' in WSDL soap location by '9080' defined in sun-http-binding.

Replace '${HttpDefaultPort}' in WSDL soap location by '9080' defined in sun-http-binding.
 Passed. Threads count Success: <10> Error: <0> Not completed: <0> Throughput: <10> invocations in <22.34>s = <0.4476275738585497> invokes/s
Test echoLangInvoke\Concurrent.properties
Replace '${HttpDefaultPort}' in WSDL soap location by '9080' defined in sun-http-binding.

Replace '${HttpDefaultPort}' in WSDL soap location by '9080' defined in sun-http-binding.

Replace '${HttpDefaultPort}' in WSDL soap location by '9080' defined in sun-http-binding.

Replace '${HttpDefaultPort}' in WSDL soap location by '9080' defined in sun-http-binding.

Replace '${HttpDefaultPort}' in WSDL soap location by '9080' defined in sun-http-binding.

Replace '${HttpDefaultPort}' in WSDL soap location by '9080' defined in sun-http-binding.

Replace '${HttpDefaultPort}' in WSDL soap location by '9080' defined in sun-http-binding.

Replace '${HttpDefaultPort}' in WSDL soap location by '9080' defined in sun-http-binding.

Replace '${HttpDefaultPort}' in WSDL soap location by '9080' defined in sun-http-binding.

Replace '${HttpDefaultPort}' in WSDL soap location by '9080' defined in sun-http-binding.
 Passed. Threads count Success: <10> Error: <0> Not completed: <0> Throughput: <10> invocations in <21.404>s = <0.4672023920762474> invokes/s
Test echoLangNegInvoke\Concurrent.properties
Replace '${HttpDefaultPort}' in WSDL soap location by '9080' defined in sun-http-binding.

Replace '${HttpDefaultPort}' in WSDL soap location by '9080' defined in sun-http-binding.

Replace '${HttpDefaultPort}' in WSDL soap location by '9080' defined in sun-http-binding.

Replace '${HttpDefaultPort}' in WSDL soap location by '9080' defined in sun-http-binding.

Replace '${HttpDefaultPort}' in WSDL soap location by '9080' defined in sun-http-binding.

Replace '${HttpDefaultPort}' in WSDL soap location by '9080' defined in sun-http-binding.

Replace '${HttpDefaultPort}' in WSDL soap location by '9080' defined in sun-http-binding.

Replace '${HttpDefaultPort}' in WSDL soap location by '9080' defined in sun-http-binding.

Replace '${HttpDefaultPort}' in WSDL soap location by '9080' defined in sun-http-binding.

Replace '${HttpDefaultPort}' in WSDL soap location by '9080' defined in sun-http-binding.
 Passed. Threads count Success: <10> Error: <0> Not completed: <0> Throughput: <10> invocations in <20.971>s = <0.4768489819274236> invokes/s
Test echoLanguageDataType_Invoke\Concurrent.properties
Replace '${HttpDefaultPort}' in WSDL soap location by '9080' defined in sun-http-binding.

Replace '${HttpDefaultPort}' in WSDL soap location by '9080' defined in sun-http-binding.

Replace '${HttpDefaultPort}' in WSDL soap location by '9080' defined in sun-http-binding.

Replace '${HttpDefaultPort}' in WSDL soap location by '9080' defined in sun-http-binding.

Replace '${HttpDefaultPort}' in WSDL soap location by '9080' defined in sun-http-binding.

Replace '${HttpDefaultPort}' in WSDL soap location by '9080' defined in sun-http-binding.

Replace '${HttpDefaultPort}' in WSDL soap location by '9080' defined in sun-http-binding.

Replace '${HttpDefaultPort}' in WSDL soap location by '9080' defined in sun-http-binding.

Replace '${HttpDefaultPort}' in WSDL soap location by '9080' defined in sun-http-binding.

Replace '${HttpDefaultPort}' in WSDL soap location by '9080' defined in sun-http-binding.
 Passed. Threads count Success: <10> Error: <0> Not completed: <0> Throughput: <10> invocations in <21.043>s = <0.47521741196597445> invokes/s
Test echoLocalNameInvoke\Concurrent.properties in Development
Test echoLongDataType_Invoke\Concurrent.properties
Replace '${HttpDefaultPort}' in WSDL soap location by '9080' defined in sun-http-binding.

Replace '${HttpDefaultPort}' in WSDL soap location by '9080' defined in sun-http-binding.

Replace '${HttpDefaultPort}' in WSDL soap location by '9080' defined in sun-http-binding.

Replace '${HttpDefaultPort}' in WSDL soap location by '9080' defined in sun-http-binding.

Replace '${HttpDefaultPort}' in WSDL soap location by '9080' defined in sun-http-binding.

Replace '${HttpDefaultPort}' in WSDL soap location by '9080' defined in sun-http-binding.

Replace '${HttpDefaultPort}' in WSDL soap location by '9080' defined in sun-http-binding.

Replace '${HttpDefaultPort}' in WSDL soap location by '9080' defined in sun-http-binding.

Replace '${HttpDefaultPort}' in WSDL soap location by '9080' defined in sun-http-binding.

Replace '${HttpDefaultPort}' in WSDL soap location by '9080' defined in sun-http-binding.
 Passed. Threads count Success: <10> Error: <0> Not completed: <0> Throughput: <10> invocations in <21.965>s = <0.45526974732529024> invokes/s
Test echoMultiplyInvoke\Concurrent.properties
Replace '${HttpDefaultPort}' in WSDL soap location by '9080' defined in sun-http-binding.

Replace '${HttpDefaultPort}' in WSDL soap location by '9080' defined in sun-http-binding.

Replace '${HttpDefaultPort}' in WSDL soap location by '9080' defined in sun-http-binding.

Replace '${HttpDefaultPort}' in WSDL soap location by '9080' defined in sun-http-binding.

Replace '${HttpDefaultPort}' in WSDL soap location by '9080' defined in sun-http-binding.

Replace '${HttpDefaultPort}' in WSDL soap location by '9080' defined in sun-http-binding.

Replace '${HttpDefaultPort}' in WSDL soap location by '9080' defined in sun-http-binding.

Replace '${HttpDefaultPort}' in WSDL soap location by '9080' defined in sun-http-binding.

Replace '${HttpDefaultPort}' in WSDL soap location by '9080' defined in sun-http-binding.

Replace '${HttpDefaultPort}' in WSDL soap location by '9080' defined in sun-http-binding.
 Passed. Threads count Success: <10> Error: <0> Not completed: <0> Throughput: <10> invocations in <20.775>s = <0.48134777376654636> invokes/s
Test echoNCNameDataType_Invoke\Concurrent.properties
Replace '${HttpDefaultPort}' in WSDL soap location by '9080' defined in sun-http-binding.

Replace '${HttpDefaultPort}' in WSDL soap location by '9080' defined in sun-http-binding.

Replace '${HttpDefaultPort}' in WSDL soap location by '9080' defined in sun-http-binding.

Replace '${HttpDefaultPort}' in WSDL soap location by '9080' defined in sun-http-binding.

Replace '${HttpDefaultPort}' in WSDL soap location by '9080' defined in sun-http-binding.

Replace '${HttpDefaultPort}' in WSDL soap location by '9080' defined in sun-http-binding.

Replace '${HttpDefaultPort}' in WSDL soap location by '9080' defined in sun-http-binding.

Replace '${HttpDefaultPort}' in WSDL soap location by '9080' defined in sun-http-binding.

Replace '${HttpDefaultPort}' in WSDL soap location by '9080' defined in sun-http-binding.

Replace '${HttpDefaultPort}' in WSDL soap location by '9080' defined in sun-http-binding.
 Passed. Threads count Success: <10> Error: <0> Not completed: <0> Throughput: <10> invocations in <22.086>s = <0.4527755139002083> invokes/s
Test echoNMTOKENDataType_Invoke\Concurrent.properties
Replace '${HttpDefaultPort}' in WSDL soap location by '9080' defined in sun-http-binding.

Replace '${HttpDefaultPort}' in WSDL soap location by '9080' defined in sun-http-binding.

Replace '${HttpDefaultPort}' in WSDL soap location by '9080' defined in sun-http-binding.

Replace '${HttpDefaultPort}' in WSDL soap location by '9080' defined in sun-http-binding.

Replace '${HttpDefaultPort}' in WSDL soap location by '9080' defined in sun-http-binding.

Replace '${HttpDefaultPort}' in WSDL soap location by '9080' defined in sun-http-binding.

Replace '${HttpDefaultPort}' in WSDL soap location by '9080' defined in sun-http-binding.

Replace '${HttpDefaultPort}' in WSDL soap location by '9080' defined in sun-http-binding.

Replace '${HttpDefaultPort}' in WSDL soap location by '9080' defined in sun-http-binding.

Replace '${HttpDefaultPort}' in WSDL soap location by '9080' defined in sun-http-binding.
 Passed. Threads count Success: <10> Error: <0> Not completed: <0> Throughput: <10> invocations in <22.023>s = <0.45407074422194976> invokes/s
Test echoNMTOKENSDataType_Invoke\Concurrent.properties
Replace '${HttpDefaultPort}' in WSDL soap location by '9080' defined in sun-http-binding.

Replace '${HttpDefaultPort}' in WSDL soap location by '9080' defined in sun-http-binding.

Replace '${HttpDefaultPort}' in WSDL soap location by '9080' defined in sun-http-binding.

Replace '${HttpDefaultPort}' in WSDL soap location by '9080' defined in sun-http-binding.

Replace '${HttpDefaultPort}' in WSDL soap location by '9080' defined in sun-http-binding.

Replace '${HttpDefaultPort}' in WSDL soap location by '9080' defined in sun-http-binding.

Replace '${HttpDefaultPort}' in WSDL soap location by '9080' defined in sun-http-binding.

Replace '${HttpDefaultPort}' in WSDL soap location by '9080' defined in sun-http-binding.

Replace '${HttpDefaultPort}' in WSDL soap location by '9080' defined in sun-http-binding.

Replace '${HttpDefaultPort}' in WSDL soap location by '9080' defined in sun-http-binding.
 Passed. Threads count Success: <10> Error: <0> Not completed: <0> Throughput: <10> invocations in <20.752>s = <0.481881264456438> invokes/s
Test echoNameDataType_Invoke\Concurrent.properties
Replace '${HttpDefaultPort}' in WSDL soap location by '9080' defined in sun-http-binding.

Replace '${HttpDefaultPort}' in WSDL soap location by '9080' defined in sun-http-binding.

Replace '${HttpDefaultPort}' in WSDL soap location by '9080' defined in sun-http-binding.

Replace '${HttpDefaultPort}' in WSDL soap location by '9080' defined in sun-http-binding.

Replace '${HttpDefaultPort}' in WSDL soap location by '9080' defined in sun-http-binding.

Replace '${HttpDefaultPort}' in WSDL soap location by '9080' defined in sun-http-binding.

Replace '${HttpDefaultPort}' in WSDL soap location by '9080' defined in sun-http-binding.

Replace '${HttpDefaultPort}' in WSDL soap location by '9080' defined in sun-http-binding.

Replace '${HttpDefaultPort}' in WSDL soap location by '9080' defined in sun-http-binding.

Replace '${HttpDefaultPort}' in WSDL soap location by '9080' defined in sun-http-binding.
 Passed. Threads count Success: <10> Error: <0> Not completed: <0> Throughput: <10> invocations in <21.162>s = <0.4725451280597297> invokes/s
Test echoNameInvoke\Concurrent.properties in Development
Test echoNegativeIntegerDataType_Invoke\Concurrent.properties
Replace '${HttpDefaultPort}' in WSDL soap location by '9080' defined in sun-http-binding.


Replace '${HttpDefaultPort}' in WSDL soap location by '9080' defined in sun-http-binding.
Replace '${HttpDefaultPort}' in WSDL soap location by '9080' defined in sun-http-binding.

Replace '${HttpDefaultPort}' in WSDL soap location by '9080' defined in sun-http-binding.

Replace '${HttpDefaultPort}' in WSDL soap location by '9080' defined in sun-http-binding.

Replace '${HttpDefaultPort}' in WSDL soap location by '9080' defined in sun-http-binding.

Replace '${HttpDefaultPort}' in WSDL soap location by '9080' defined in sun-http-binding.

Replace '${HttpDefaultPort}' in WSDL soap location by '9080' defined in sun-http-binding.

Replace '${HttpDefaultPort}' in WSDL soap location by '9080' defined in sun-http-binding.

Replace '${HttpDefaultPort}' in WSDL soap location by '9080' defined in sun-http-binding.
 Passed. Threads count Success: <10> Error: <0> Not completed: <0> Throughput: <10> invocations in <22.148>s = <0.4515080368430558> invokes/s
Test echoNonNegativeIntegerDataType_Invoke\Concurrent.properties
Replace '${HttpDefaultPort}' in WSDL soap location by '9080' defined in sun-http-binding.

Replace '${HttpDefaultPort}' in WSDL soap location by '9080' defined in sun-http-binding.

Replace '${HttpDefaultPort}' in WSDL soap location by '9080' defined in sun-http-binding.

Replace '${HttpDefaultPort}' in WSDL soap location by '9080' defined in sun-http-binding.

Replace '${HttpDefaultPort}' in WSDL soap location by '9080' defined in sun-http-binding.

Replace '${HttpDefaultPort}' in WSDL soap location by '9080' defined in sun-http-binding.

Replace '${HttpDefaultPort}' in WSDL soap location by '9080' defined in sun-http-binding.

Replace '${HttpDefaultPort}' in WSDL soap location by '9080' defined in sun-http-binding.

Replace '${HttpDefaultPort}' in WSDL soap location by '9080' defined in sun-http-binding.

Replace '${HttpDefaultPort}' in WSDL soap location by '9080' defined in sun-http-binding.
 Passed. Threads count Success: <10> Error: <0> Not completed: <0> Throughput: <10> invocations in <22.113>s = <0.45222267444489667> invokes/s
Test echoNonPositiveIntegerDataType_Invoke\Concurrent.properties
Replace '${HttpDefaultPort}' in WSDL soap location by '9080' defined in sun-http-binding.

Replace '${HttpDefaultPort}' in WSDL soap location by '9080' defined in sun-http-binding.

Replace '${HttpDefaultPort}' in WSDL soap location by '9080' defined in sun-http-binding.

Replace '${HttpDefaultPort}' in WSDL soap location by '9080' defined in sun-http-binding.

Replace '${HttpDefaultPort}' in WSDL soap location by '9080' defined in sun-http-binding.

Replace '${HttpDefaultPort}' in WSDL soap location by '9080' defined in sun-http-binding.

Replace '${HttpDefaultPort}' in WSDL soap location by '9080' defined in sun-http-binding.

Replace '${HttpDefaultPort}' in WSDL soap location by '9080' defined in sun-http-binding.

Replace '${HttpDefaultPort}' in WSDL soap location by '9080' defined in sun-http-binding.

Replace '${HttpDefaultPort}' in WSDL soap location by '9080' defined in sun-http-binding.
 Passed. Threads count Success: <10> Error: <0> Not completed: <0> Throughput: <10> invocations in <21.328>s = <0.46886721680420107> invokes/s
Test echoNormalizeSpaceInvoke\Concurrent.properties
Replace '${HttpDefaultPort}' in WSDL soap location by '9080' defined in sun-http-binding.

Replace '${HttpDefaultPort}' in WSDL soap location by '9080' defined in sun-http-binding.

Replace '${HttpDefaultPort}' in WSDL soap location by '9080' defined in sun-http-binding.

Replace '${HttpDefaultPort}' in WSDL soap location by '9080' defined in sun-http-binding.

Replace '${HttpDefaultPort}' in WSDL soap location by '9080' defined in sun-http-binding.

Replace '${HttpDefaultPort}' in WSDL soap location by '9080' defined in sun-http-binding.

Replace '${HttpDefaultPort}' in WSDL soap location by '9080' defined in sun-http-binding.

Replace '${HttpDefaultPort}' in WSDL soap location by '9080' defined in sun-http-binding.

Replace '${HttpDefaultPort}' in WSDL soap location by '9080' defined in sun-http-binding.

Replace '${HttpDefaultPort}' in WSDL soap location by '9080' defined in sun-http-binding.
 Passed. Threads count Success: <10> Error: <0> Not completed: <0> Throughput: <10> invocations in <20.498>s = <0.4878524734120402> invokes/s
Test echoNormalizeSpace_emptyInvoke\Concurrent.properties
Replace '${HttpDefaultPort}' in WSDL soap location by '9080' defined in sun-http-binding.

Replace '${HttpDefaultPort}' in WSDL soap location by '9080' defined in sun-http-binding.

Replace '${HttpDefaultPort}' in WSDL soap location by '9080' defined in sun-http-binding.

Replace '${HttpDefaultPort}' in WSDL soap location by '9080' defined in sun-http-binding.

Replace '${HttpDefaultPort}' in WSDL soap location by '9080' defined in sun-http-binding.

Replace '${HttpDefaultPort}' in WSDL soap location by '9080' defined in sun-http-binding.

Replace '${HttpDefaultPort}' in WSDL soap location by '9080' defined in sun-http-binding.

Replace '${HttpDefaultPort}' in WSDL soap location by '9080' defined in sun-http-binding.

Replace '${HttpDefaultPort}' in WSDL soap location by '9080' defined in sun-http-binding.

Replace '${HttpDefaultPort}' in WSDL soap location by '9080' defined in sun-http-binding.
 Passed. Threads count Success: <10> Error: <0> Not completed: <0> Throughput: <10> invocations in <21.92>s = <0.45620437956204374> invokes/s
Test echoNormalizeSpace_noSpaceInvoke\Concurrent.properties
Replace '${HttpDefaultPort}' in WSDL soap location by '9080' defined in sun-http-binding.

Replace '${HttpDefaultPort}' in WSDL soap location by '9080' defined in sun-http-binding.

Replace '${HttpDefaultPort}' in WSDL soap location by '9080' defined in sun-http-binding.

Replace '${HttpDefaultPort}' in WSDL soap location by '9080' defined in sun-http-binding.

Replace '${HttpDefaultPort}' in WSDL soap location by '9080' defined in sun-http-binding.

Replace '${HttpDefaultPort}' in WSDL soap location by '9080' defined in sun-http-binding.

Replace '${HttpDefaultPort}' in WSDL soap location by '9080' defined in sun-http-binding.

Replace '${HttpDefaultPort}' in WSDL soap location by '9080' defined in sun-http-binding.

Replace '${HttpDefaultPort}' in WSDL soap location by '9080' defined in sun-http-binding.

Replace '${HttpDefaultPort}' in WSDL soap location by '9080' defined in sun-http-binding.
 Passed. Threads count Success: <10> Error: <0> Not completed: <0> Throughput: <10> invocations in <21.57>s = <0.46360686138154844> invokes/s
Test echoNormalizeSpace_stringWspacesInvoke\Concurrent.properties
Replace '${HttpDefaultPort}' in WSDL soap location by '9080' defined in sun-http-binding.

Replace '${HttpDefaultPort}' in WSDL soap location by '9080' defined in sun-http-binding.

Replace '${HttpDefaultPort}' in WSDL soap location by '9080' defined in sun-http-binding.

Replace '${HttpDefaultPort}' in WSDL soap location by '9080' defined in sun-http-binding.

Replace '${HttpDefaultPort}' in WSDL soap location by '9080' defined in sun-http-binding.

Replace '${HttpDefaultPort}' in WSDL soap location by '9080' defined in sun-http-binding.

Replace '${HttpDefaultPort}' in WSDL soap location by '9080' defined in sun-http-binding.

Replace '${HttpDefaultPort}' in WSDL soap location by '9080' defined in sun-http-binding.

Replace '${HttpDefaultPort}' in WSDL soap location by '9080' defined in sun-http-binding.

Replace '${HttpDefaultPort}' in WSDL soap location by '9080' defined in sun-http-binding.
 Passed. Threads count Success: <10> Error: <0> Not completed: <0> Throughput: <10> invocations in <21.879>s = <0.45705928058869233> invokes/s
Test echoNormalizedStringDataType_Invoke\Concurrent.properties
Replace '${HttpDefaultPort}' in WSDL soap location by '9080' defined in sun-http-binding.

Replace '${HttpDefaultPort}' in WSDL soap location by '9080' defined in sun-http-binding.

Replace '${HttpDefaultPort}' in WSDL soap location by '9080' defined in sun-http-binding.

Replace '${HttpDefaultPort}' in WSDL soap location by '9080' defined in sun-http-binding.

Replace '${HttpDefaultPort}' in WSDL soap location by '9080' defined in sun-http-binding.

Replace '${HttpDefaultPort}' in WSDL soap location by '9080' defined in sun-http-binding.

Replace '${HttpDefaultPort}' in WSDL soap location by '9080' defined in sun-http-binding.

Replace '${HttpDefaultPort}' in WSDL soap location by '9080' defined in sun-http-binding.

Replace '${HttpDefaultPort}' in WSDL soap location by '9080' defined in sun-http-binding.

Replace '${HttpDefaultPort}' in WSDL soap location by '9080' defined in sun-http-binding.
 Passed. Threads count Success: <10> Error: <0> Not completed: <0> Throughput: <10> invocations in <21.451>s = <0.4661787329262039> invokes/s
Test echoNotFalseInvoke\Concurrent.properties
Replace '${HttpDefaultPort}' in WSDL soap location by '9080' defined in sun-http-binding.

Replace '${HttpDefaultPort}' in WSDL soap location by '9080' defined in sun-http-binding.

Replace '${HttpDefaultPort}' in WSDL soap location by '9080' defined in sun-http-binding.

Replace '${HttpDefaultPort}' in WSDL soap location by '9080' defined in sun-http-binding.

Replace '${HttpDefaultPort}' in WSDL soap location by '9080' defined in sun-http-binding.

Replace '${HttpDefaultPort}' in WSDL soap location by '9080' defined in sun-http-binding.

Replace '${HttpDefaultPort}' in WSDL soap location by '9080' defined in sun-http-binding.

Replace '${HttpDefaultPort}' in WSDL soap location by '9080' defined in sun-http-binding.

Replace '${HttpDefaultPort}' in WSDL soap location by '9080' defined in sun-http-binding.

Replace '${HttpDefaultPort}' in WSDL soap location by '9080' defined in sun-http-binding.
 Passed. Threads count Success: <10> Error: <0> Not completed: <0> Throughput: <10> invocations in <21.019>s = <0.4757600266425615> invokes/s
Test echoNotInvoke\Concurrent.properties
Replace '${HttpDefaultPort}' in WSDL soap location by '9080' defined in sun-http-binding.

Replace '${HttpDefaultPort}' in WSDL soap location by '9080' defined in sun-http-binding.

Replace '${HttpDefaultPort}' in WSDL soap location by '9080' defined in sun-http-binding.

Replace '${HttpDefaultPort}' in WSDL soap location by '9080' defined in sun-http-binding.

Replace '${HttpDefaultPort}' in WSDL soap location by '9080' defined in sun-http-binding.

Replace '${HttpDefaultPort}' in WSDL soap location by '9080' defined in sun-http-binding.

Replace '${HttpDefaultPort}' in WSDL soap location by '9080' defined in sun-http-binding.

Replace '${HttpDefaultPort}' in WSDL soap location by '9080' defined in sun-http-binding.

Replace '${HttpDefaultPort}' in WSDL soap location by '9080' defined in sun-http-binding.

Replace '${HttpDefaultPort}' in WSDL soap location by '9080' defined in sun-http-binding.
 Passed. Threads count Success: <10> Error: <0> Not completed: <0> Throughput: <10> invocations in <20.967>s = <0.4769399532598846> invokes/s
Test echoNot_StringInvoke\Concurrent.properties
Replace '${HttpDefaultPort}' in WSDL soap location by '9080' defined in sun-http-binding.

Replace '${HttpDefaultPort}' in WSDL soap location by '9080' defined in sun-http-binding.

Replace '${HttpDefaultPort}' in WSDL soap location by '9080' defined in sun-http-binding.

Replace '${HttpDefaultPort}' in WSDL soap location by '9080' defined in sun-http-binding.

Replace '${HttpDefaultPort}' in WSDL soap location by '9080' defined in sun-http-binding.

Replace '${HttpDefaultPort}' in WSDL soap location by '9080' defined in sun-http-binding.

Replace '${HttpDefaultPort}' in WSDL soap location by '9080' defined in sun-http-binding.

Replace '${HttpDefaultPort}' in WSDL soap location by '9080' defined in sun-http-binding.

Replace '${HttpDefaultPort}' in WSDL soap location by '9080' defined in sun-http-binding.

Replace '${HttpDefaultPort}' in WSDL soap location by '9080' defined in sun-http-binding.
 Passed. Threads count Success: <10> Error: <0> Not completed: <0> Throughput: <10> invocations in <20.882>s = <0.4788813332056316> invokes/s
Test echoNot_emptyStringInvoke\Concurrent.properties
Replace '${HttpDefaultPort}' in WSDL soap location by '9080' defined in sun-http-binding.

Replace '${HttpDefaultPort}' in WSDL soap location by '9080' defined in sun-http-binding.

Replace '${HttpDefaultPort}' in WSDL soap location by '9080' defined in sun-http-binding.

Replace '${HttpDefaultPort}' in WSDL soap location by '9080' defined in sun-http-binding.

Replace '${HttpDefaultPort}' in WSDL soap location by '9080' defined in sun-http-binding.

Replace '${HttpDefaultPort}' in WSDL soap location by '9080' defined in sun-http-binding.

Replace '${HttpDefaultPort}' in WSDL soap location by '9080' defined in sun-http-binding.

Replace '${HttpDefaultPort}' in WSDL soap location by '9080' defined in sun-http-binding.

Replace '${HttpDefaultPort}' in WSDL soap location by '9080' defined in sun-http-binding.

Replace '${HttpDefaultPort}' in WSDL soap location by '9080' defined in sun-http-binding.
 Passed. Threads count Success: <10> Error: <0> Not completed: <0> Throughput: <10> invocations in <21.886>s = <0.45691309512930645> invokes/s
Test echoNumberInvoke\Concurrent.properties
Replace '${HttpDefaultPort}' in WSDL soap location by '9080' defined in sun-http-binding.

Replace '${HttpDefaultPort}' in WSDL soap location by '9080' defined in sun-http-binding.

Replace '${HttpDefaultPort}' in WSDL soap location by '9080' defined in sun-http-binding.

Replace '${HttpDefaultPort}' in WSDL soap location by '9080' defined in sun-http-binding.

Replace '${HttpDefaultPort}' in WSDL soap location by '9080' defined in sun-http-binding.

Replace '${HttpDefaultPort}' in WSDL soap location by '9080' defined in sun-http-binding.

Replace '${HttpDefaultPort}' in WSDL soap location by '9080' defined in sun-http-binding.

Replace '${HttpDefaultPort}' in WSDL soap location by '9080' defined in sun-http-binding.

Replace '${HttpDefaultPort}' in WSDL soap location by '9080' defined in sun-http-binding.

Replace '${HttpDefaultPort}' in WSDL soap location by '9080' defined in sun-http-binding.
 Passed. Threads count Success: <10> Error: <0> Not completed: <0> Throughput: <10> invocations in <21.447>s = <0.46626567818342896> invokes/s
Test echoNumberLiteralInvoke\Concurrent.properties
Replace '${HttpDefaultPort}' in WSDL soap location by '9080' defined in sun-http-binding.

Replace '${HttpDefaultPort}' in WSDL soap location by '9080' defined in sun-http-binding.

Replace '${HttpDefaultPort}' in WSDL soap location by '9080' defined in sun-http-binding.

Replace '${HttpDefaultPort}' in WSDL soap location by '9080' defined in sun-http-binding.

Replace '${HttpDefaultPort}' in WSDL soap location by '9080' defined in sun-http-binding.

Replace '${HttpDefaultPort}' in WSDL soap location by '9080' defined in sun-http-binding.

Replace '${HttpDefaultPort}' in WSDL soap location by '9080' defined in sun-http-binding.

Replace '${HttpDefaultPort}' in WSDL soap location by '9080' defined in sun-http-binding.

Replace '${HttpDefaultPort}' in WSDL soap location by '9080' defined in sun-http-binding.

Replace '${HttpDefaultPort}' in WSDL soap location by '9080' defined in sun-http-binding.
 Passed. Threads count Success: <10> Error: <0> Not completed: <0> Throughput: <10> invocations in <21.274>s = <0.47005734699633356> invokes/s
Test echoNumberNegInvoke\Concurrent.properties
Replace '${HttpDefaultPort}' in WSDL soap location by '9080' defined in sun-http-binding.

Replace '${HttpDefaultPort}' in WSDL soap location by '9080' defined in sun-http-binding.

Replace '${HttpDefaultPort}' in WSDL soap location by '9080' defined in sun-http-binding.

Replace '${HttpDefaultPort}' in WSDL soap location by '9080' defined in sun-http-binding.

Replace '${HttpDefaultPort}' in WSDL soap location by '9080' defined in sun-http-binding.

Replace '${HttpDefaultPort}' in WSDL soap location by '9080' defined in sun-http-binding.

Replace '${HttpDefaultPort}' in WSDL soap location by '9080' defined in sun-http-binding.

Replace '${HttpDefaultPort}' in WSDL soap location by '9080' defined in sun-http-binding.

Replace '${HttpDefaultPort}' in WSDL soap location by '9080' defined in sun-http-binding.

Replace '${HttpDefaultPort}' in WSDL soap location by '9080' defined in sun-http-binding.
 Passed. Threads count Success: <10> Error: <0> Not completed: <0> Throughput: <10> invocations in <20.42>s = <0.4897159647404505> invokes/s
Test echoPositiveIntegerDataType_Invoke\Concurrent.properties
Replace '${HttpDefaultPort}' in WSDL soap location by '9080' defined in sun-http-binding.

Replace '${HttpDefaultPort}' in WSDL soap location by '9080' defined in sun-http-binding.

Replace '${HttpDefaultPort}' in WSDL soap location by '9080' defined in sun-http-binding.

Replace '${HttpDefaultPort}' in WSDL soap location by '9080' defined in sun-http-binding.

Replace '${HttpDefaultPort}' in WSDL soap location by '9080' defined in sun-http-binding.

Replace '${HttpDefaultPort}' in WSDL soap location by '9080' defined in sun-http-binding.

Replace '${HttpDefaultPort}' in WSDL soap location by '9080' defined in sun-http-binding.

Replace '${HttpDefaultPort}' in WSDL soap location by '9080' defined in sun-http-binding.

Replace '${HttpDefaultPort}' in WSDL soap location by '9080' defined in sun-http-binding.

Replace '${HttpDefaultPort}' in WSDL soap location by '9080' defined in sun-http-binding.
 Passed. Threads count Success: <10> Error: <0> Not completed: <0> Throughput: <10> invocations in <21.464>s = <0.4658963846440552> invokes/s
Test echoQNameDataType_Invoke\Concurrent.properties
Replace '${HttpDefaultPort}' in WSDL soap location by '9080' defined in sun-http-binding.

Replace '${HttpDefaultPort}' in WSDL soap location by '9080' defined in sun-http-binding.

Replace '${HttpDefaultPort}' in WSDL soap location by '9080' defined in sun-http-binding.

Replace '${HttpDefaultPort}' in WSDL soap location by '9080' defined in sun-http-binding.

Replace '${HttpDefaultPort}' in WSDL soap location by '9080' defined in sun-http-binding.

Replace '${HttpDefaultPort}' in WSDL soap location by '9080' defined in sun-http-binding.

Replace '${HttpDefaultPort}' in WSDL soap location by '9080' defined in sun-http-binding.

Replace '${HttpDefaultPort}' in WSDL soap location by '9080' defined in sun-http-binding.

Replace '${HttpDefaultPort}' in WSDL soap location by '9080' defined in sun-http-binding.

Replace '${HttpDefaultPort}' in WSDL soap location by '9080' defined in sun-http-binding.
 Passed. Threads count Success: <10> Error: <0> Not completed: <0> Throughput: <10> invocations in <21.015>s = <0.4758505829169641> invokes/s
Test echoRoundBigDecimalBigger1E16GTInvoke\Concurrent.properties in Development
Test echoRoundBigDecimalBigger1E16LTInvoke\Concurrent.properties in Development
Test echoRoundIntInvoke\Concurrent.properties
Replace '${HttpDefaultPort}' in WSDL soap location by '9080' defined in sun-http-binding.

Replace '${HttpDefaultPort}' in WSDL soap location by '9080' defined in sun-http-binding.

Replace '${HttpDefaultPort}' in WSDL soap location by '9080' defined in sun-http-binding.

Replace '${HttpDefaultPort}' in WSDL soap location by '9080' defined in sun-http-binding.

Replace '${HttpDefaultPort}' in WSDL soap location by '9080' defined in sun-http-binding.

Replace '${HttpDefaultPort}' in WSDL soap location by '9080' defined in sun-http-binding.

Replace '${HttpDefaultPort}' in WSDL soap location by '9080' defined in sun-http-binding.

Replace '${HttpDefaultPort}' in WSDL soap location by '9080' defined in sun-http-binding.

Replace '${HttpDefaultPort}' in WSDL soap location by '9080' defined in sun-http-binding.

Replace '${HttpDefaultPort}' in WSDL soap location by '9080' defined in sun-http-binding.
 Passed. Threads count Success: <10> Error: <0> Not completed: <0> Throughput: <10> invocations in <21.822>s = <0.4582531390340024> invokes/s
Test echoRoundInvoke\Concurrent.properties
Replace '${HttpDefaultPort}' in WSDL soap location by '9080' defined in sun-http-binding.

Replace '${HttpDefaultPort}' in WSDL soap location by '9080' defined in sun-http-binding.

Replace '${HttpDefaultPort}' in WSDL soap location by '9080' defined in sun-http-binding.

Replace '${HttpDefaultPort}' in WSDL soap location by '9080' defined in sun-http-binding.

Replace '${HttpDefaultPort}' in WSDL soap location by '9080' defined in sun-http-binding.

Replace '${HttpDefaultPort}' in WSDL soap location by '9080' defined in sun-http-binding.

Replace '${HttpDefaultPort}' in WSDL soap location by '9080' defined in sun-http-binding.

Replace '${HttpDefaultPort}' in WSDL soap location by '9080' defined in sun-http-binding.

Replace '${HttpDefaultPort}' in WSDL soap location by '9080' defined in sun-http-binding.

Replace '${HttpDefaultPort}' in WSDL soap location by '9080' defined in sun-http-binding.
 Passed. Threads count Success: <10> Error: <0> Not completed: <0> Throughput: <10> invocations in <21.28>s = <0.4699248120300752> invokes/s
Test echoRoundLongInvoke\Concurrent.properties in Development
Test echoRoundNegDecimalInvoke\Concurrent.properties
Replace '${HttpDefaultPort}' in WSDL soap location by '9080' defined in sun-http-binding.

Replace '${HttpDefaultPort}' in WSDL soap location by '9080' defined in sun-http-binding.

Replace '${HttpDefaultPort}' in WSDL soap location by '9080' defined in sun-http-binding.

Replace '${HttpDefaultPort}' in WSDL soap location by '9080' defined in sun-http-binding.

Replace '${HttpDefaultPort}' in WSDL soap location by '9080' defined in sun-http-binding.

Replace '${HttpDefaultPort}' in WSDL soap location by '9080' defined in sun-http-binding.

Replace '${HttpDefaultPort}' in WSDL soap location by '9080' defined in sun-http-binding.

Replace '${HttpDefaultPort}' in WSDL soap location by '9080' defined in sun-http-binding.

Replace '${HttpDefaultPort}' in WSDL soap location by '9080' defined in sun-http-binding.

Replace '${HttpDefaultPort}' in WSDL soap location by '9080' defined in sun-http-binding.
 Passed. Threads count Success: <10> Error: <0> Not completed: <0> Throughput: <10> invocations in <21.664>s = <0.46159527326440175> invokes/s
Test echoRoundNegIntInvoke\Concurrent.properties
Replace '${HttpDefaultPort}' in WSDL soap location by '9080' defined in sun-http-binding.

Replace '${HttpDefaultPort}' in WSDL soap location by '9080' defined in sun-http-binding.

Replace '${HttpDefaultPort}' in WSDL soap location by '9080' defined in sun-http-binding.

Replace '${HttpDefaultPort}' in WSDL soap location by '9080' defined in sun-http-binding.

Replace '${HttpDefaultPort}' in WSDL soap location by '9080' defined in sun-http-binding.

Replace '${HttpDefaultPort}' in WSDL soap location by '9080' defined in sun-http-binding.

Replace '${HttpDefaultPort}' in WSDL soap location by '9080' defined in sun-http-binding.

Replace '${HttpDefaultPort}' in WSDL soap location by '9080' defined in sun-http-binding.

Replace '${HttpDefaultPort}' in WSDL soap location by '9080' defined in sun-http-binding.

Replace '${HttpDefaultPort}' in WSDL soap location by '9080' defined in sun-http-binding.
 Passed. Threads count Success: <10> Error: <0> Not completed: <0> Throughput: <10> invocations in <21.178>s = <0.47218811974690716> invokes/s
Test echoRoundNegInvoke\Concurrent.properties
Replace '${HttpDefaultPort}' in WSDL soap location by '9080' defined in sun-http-binding.

Replace '${HttpDefaultPort}' in WSDL soap location by '9080' defined in sun-http-binding.

Replace '${HttpDefaultPort}' in WSDL soap location by '9080' defined in sun-http-binding.

Replace '${HttpDefaultPort}' in WSDL soap location by '9080' defined in sun-http-binding.

Replace '${HttpDefaultPort}' in WSDL soap location by '9080' defined in sun-http-binding.

Replace '${HttpDefaultPort}' in WSDL soap location by '9080' defined in sun-http-binding.

Replace '${HttpDefaultPort}' in WSDL soap location by '9080' defined in sun-http-binding.

Replace '${HttpDefaultPort}' in WSDL soap location by '9080' defined in sun-http-binding.

Replace '${HttpDefaultPort}' in WSDL soap location by '9080' defined in sun-http-binding.

Replace '${HttpDefaultPort}' in WSDL soap location by '9080' defined in sun-http-binding.
 Passed. Threads count Success: <10> Error: <0> Not completed: <0> Throughput: <10> invocations in <22.099>s = <0.452509163310557> invokes/s
Test echoRoundZeroInvoke\Concurrent.properties
Replace '${HttpDefaultPort}' in WSDL soap location by '9080' defined in sun-http-binding.

Replace '${HttpDefaultPort}' in WSDL soap location by '9080' defined in sun-http-binding.

Replace '${HttpDefaultPort}' in WSDL soap location by '9080' defined in sun-http-binding.

Replace '${HttpDefaultPort}' in WSDL soap location by '9080' defined in sun-http-binding.

Replace '${HttpDefaultPort}' in WSDL soap location by '9080' defined in sun-http-binding.

Replace '${HttpDefaultPort}' in WSDL soap location by '9080' defined in sun-http-binding.

Replace '${HttpDefaultPort}' in WSDL soap location by '9080' defined in sun-http-binding.

Replace '${HttpDefaultPort}' in WSDL soap location by '9080' defined in sun-http-binding.

Replace '${HttpDefaultPort}' in WSDL soap location by '9080' defined in sun-http-binding.

Replace '${HttpDefaultPort}' in WSDL soap location by '9080' defined in sun-http-binding.
 Passed. Threads count Success: <10> Error: <0> Not completed: <0> Throughput: <10> invocations in <21.064>s = <0.474743638435245> invokes/s
Test echoShortDataType_Invoke\Concurrent.properties
Replace '${HttpDefaultPort}' in WSDL soap location by '9080' defined in sun-http-binding.

Replace '${HttpDefaultPort}' in WSDL soap location by '9080' defined in sun-http-binding.

Replace '${HttpDefaultPort}' in WSDL soap location by '9080' defined in sun-http-binding.

Replace '${HttpDefaultPort}' in WSDL soap location by '9080' defined in sun-http-binding.

Replace '${HttpDefaultPort}' in WSDL soap location by '9080' defined in sun-http-binding.

Replace '${HttpDefaultPort}' in WSDL soap location by '9080' defined in sun-http-binding.

Replace '${HttpDefaultPort}' in WSDL soap location by '9080' defined in sun-http-binding.

Replace '${HttpDefaultPort}' in WSDL soap location by '9080' defined in sun-http-binding.

Replace '${HttpDefaultPort}' in WSDL soap location by '9080' defined in sun-http-binding.

Replace '${HttpDefaultPort}' in WSDL soap location by '9080' defined in sun-http-binding.
 Passed. Threads count Success: <10> Error: <0> Not completed: <0> Throughput: <10> invocations in <20.586>s = <0.48576702613426603> invokes/s
Test echoStartsWithEmpty_Invoke\Concurrent.properties
Replace '${HttpDefaultPort}' in WSDL soap location by '9080' defined in sun-http-binding.

Replace '${HttpDefaultPort}' in WSDL soap location by '9080' defined in sun-http-binding.

Replace '${HttpDefaultPort}' in WSDL soap location by '9080' defined in sun-http-binding.

Replace '${HttpDefaultPort}' in WSDL soap location by '9080' defined in sun-http-binding.

Replace '${HttpDefaultPort}' in WSDL soap location by '9080' defined in sun-http-binding.

Replace '${HttpDefaultPort}' in WSDL soap location by '9080' defined in sun-http-binding.

Replace '${HttpDefaultPort}' in WSDL soap location by '9080' defined in sun-http-binding.

Replace '${HttpDefaultPort}' in WSDL soap location by '9080' defined in sun-http-binding.

Replace '${HttpDefaultPort}' in WSDL soap location by '9080' defined in sun-http-binding.

Replace '${HttpDefaultPort}' in WSDL soap location by '9080' defined in sun-http-binding.
 Passed. Threads count Success: <10> Error: <0> Not completed: <0> Throughput: <10> invocations in <21.18>s = <0.4721435316336166> invokes/s
Test echoStartsWithNotIn_Invoke\Concurrent.properties
Replace '${HttpDefaultPort}' in WSDL soap location by '9080' defined in sun-http-binding.

Replace '${HttpDefaultPort}' in WSDL soap location by '9080' defined in sun-http-binding.

Replace '${HttpDefaultPort}' in WSDL soap location by '9080' defined in sun-http-binding.

Replace '${HttpDefaultPort}' in WSDL soap location by '9080' defined in sun-http-binding.

Replace '${HttpDefaultPort}' in WSDL soap location by '9080' defined in sun-http-binding.

Replace '${HttpDefaultPort}' in WSDL soap location by '9080' defined in sun-http-binding.

Replace '${HttpDefaultPort}' in WSDL soap location by '9080' defined in sun-http-binding.

Replace '${HttpDefaultPort}' in WSDL soap location by '9080' defined in sun-http-binding.

Replace '${HttpDefaultPort}' in WSDL soap location by '9080' defined in sun-http-binding.

Replace '${HttpDefaultPort}' in WSDL soap location by '9080' defined in sun-http-binding.
 Passed. Threads count Success: <10> Error: <0> Not completed: <0> Throughput: <10> invocations in <22.269>s = <0.4490547397727783> invokes/s
Test echoStartsWith_Invoke\Concurrent.properties
Replace '${HttpDefaultPort}' in WSDL soap location by '9080' defined in sun-http-binding.

Replace '${HttpDefaultPort}' in WSDL soap location by '9080' defined in sun-http-binding.

Replace '${HttpDefaultPort}' in WSDL soap location by '9080' defined in sun-http-binding.

Replace '${HttpDefaultPort}' in WSDL soap location by '9080' defined in sun-http-binding.

Replace '${HttpDefaultPort}' in WSDL soap location by '9080' defined in sun-http-binding.

Replace '${HttpDefaultPort}' in WSDL soap location by '9080' defined in sun-http-binding.

Replace '${HttpDefaultPort}' in WSDL soap location by '9080' defined in sun-http-binding.

Replace '${HttpDefaultPort}' in WSDL soap location by '9080' defined in sun-http-binding.

Replace '${HttpDefaultPort}' in WSDL soap location by '9080' defined in sun-http-binding.

Replace '${HttpDefaultPort}' in WSDL soap location by '9080' defined in sun-http-binding.
 Passed. Threads count Success: <10> Error: <0> Not completed: <0> Throughput: <10> invocations in <21.093>s = <0.47409093064049684> invokes/s
Test echoString0Invoke\Concurrent.properties
Replace '${HttpDefaultPort}' in WSDL soap location by '9080' defined in sun-http-binding.

Replace '${HttpDefaultPort}' in WSDL soap location by '9080' defined in sun-http-binding.

Replace '${HttpDefaultPort}' in WSDL soap location by '9080' defined in sun-http-binding.

Replace '${HttpDefaultPort}' in WSDL soap location by '9080' defined in sun-http-binding.

Replace '${HttpDefaultPort}' in WSDL soap location by '9080' defined in sun-http-binding.

Replace '${HttpDefaultPort}' in WSDL soap location by '9080' defined in sun-http-binding.

Replace '${HttpDefaultPort}' in WSDL soap location by '9080' defined in sun-http-binding.

Replace '${HttpDefaultPort}' in WSDL soap location by '9080' defined in sun-http-binding.

Replace '${HttpDefaultPort}' in WSDL soap location by '9080' defined in sun-http-binding.

Replace '${HttpDefaultPort}' in WSDL soap location by '9080' defined in sun-http-binding.
 Passed. Threads count Success: <10> Error: <0> Not completed: <0> Throughput: <10> invocations in <20.636>s = <0.48459003682884283> invokes/s
Test echoStringDataType_Invoke\Concurrent.properties
Replace '${HttpDefaultPort}' in WSDL soap location by '9080' defined in sun-http-binding.

Replace '${HttpDefaultPort}' in WSDL soap location by '9080' defined in sun-http-binding.

Replace '${HttpDefaultPort}' in WSDL soap location by '9080' defined in sun-http-binding.

Replace '${HttpDefaultPort}' in WSDL soap location by '9080' defined in sun-http-binding.

Replace '${HttpDefaultPort}' in WSDL soap location by '9080' defined in sun-http-binding.

Replace '${HttpDefaultPort}' in WSDL soap location by '9080' defined in sun-http-binding.

Replace '${HttpDefaultPort}' in WSDL soap location by '9080' defined in sun-http-binding.

Replace '${HttpDefaultPort}' in WSDL soap location by '9080' defined in sun-http-binding.

Replace '${HttpDefaultPort}' in WSDL soap location by '9080' defined in sun-http-binding.

Replace '${HttpDefaultPort}' in WSDL soap location by '9080' defined in sun-http-binding.
 Passed. Threads count Success: <10> Error: <0> Not completed: <0> Throughput: <10> invocations in <21.905>s = <0.4565167769915544> invokes/s
Test echoStringEmptyInvoke\Concurrent.properties
Replace '${HttpDefaultPort}' in WSDL soap location by '9080' defined in sun-http-binding.

Replace '${HttpDefaultPort}' in WSDL soap location by '9080' defined in sun-http-binding.

Replace '${HttpDefaultPort}' in WSDL soap location by '9080' defined in sun-http-binding.

Replace '${HttpDefaultPort}' in WSDL soap location by '9080' defined in sun-http-binding.

Replace '${HttpDefaultPort}' in WSDL soap location by '9080' defined in sun-http-binding.

Replace '${HttpDefaultPort}' in WSDL soap location by '9080' defined in sun-http-binding.

Replace '${HttpDefaultPort}' in WSDL soap location by '9080' defined in sun-http-binding.

Replace '${HttpDefaultPort}' in WSDL soap location by '9080' defined in sun-http-binding.

Replace '${HttpDefaultPort}' in WSDL soap location by '9080' defined in sun-http-binding.

Replace '${HttpDefaultPort}' in WSDL soap location by '9080' defined in sun-http-binding.
 Passed. Threads count Success: <10> Error: <0> Not completed: <0> Throughput: <10> invocations in <20.569>s = <0.48616850600418104> invokes/s
Test echoStringInvoke\Concurrent.properties
Replace '${HttpDefaultPort}' in WSDL soap location by '9080' defined in sun-http-binding.

Replace '${HttpDefaultPort}' in WSDL soap location by '9080' defined in sun-http-binding.

Replace '${HttpDefaultPort}' in WSDL soap location by '9080' defined in sun-http-binding.

Replace '${HttpDefaultPort}' in WSDL soap location by '9080' defined in sun-http-binding.

Replace '${HttpDefaultPort}' in WSDL soap location by '9080' defined in sun-http-binding.

Replace '${HttpDefaultPort}' in WSDL soap location by '9080' defined in sun-http-binding.

Replace '${HttpDefaultPort}' in WSDL soap location by '9080' defined in sun-http-binding.

Replace '${HttpDefaultPort}' in WSDL soap location by '9080' defined in sun-http-binding.

Replace '${HttpDefaultPort}' in WSDL soap location by '9080' defined in sun-http-binding.

Replace '${HttpDefaultPort}' in WSDL soap location by '9080' defined in sun-http-binding.
 Passed. Threads count Success: <10> Error: <0> Not completed: <0> Throughput: <10> invocations in <21.769>s = <0.4593688272313841> invokes/s
Test echoStringLengthInvoke\Concurrent.properties
Replace '${HttpDefaultPort}' in WSDL soap location by '9080' defined in sun-http-binding.

Replace '${HttpDefaultPort}' in WSDL soap location by '9080' defined in sun-http-binding.

Replace '${HttpDefaultPort}' in WSDL soap location by '9080' defined in sun-http-binding.

Replace '${HttpDefaultPort}' in WSDL soap location by '9080' defined in sun-http-binding.

Replace '${HttpDefaultPort}' in WSDL soap location by '9080' defined in sun-http-binding.

Replace '${HttpDefaultPort}' in WSDL soap location by '9080' defined in sun-http-binding.

Replace '${HttpDefaultPort}' in WSDL soap location by '9080' defined in sun-http-binding.

Replace '${HttpDefaultPort}' in WSDL soap location by '9080' defined in sun-http-binding.

Replace '${HttpDefaultPort}' in WSDL soap location by '9080' defined in sun-http-binding.

Replace '${HttpDefaultPort}' in WSDL soap location by '9080' defined in sun-http-binding.
 Passed. Threads count Success: <10> Error: <0> Not completed: <0> Throughput: <10> invocations in <22.151>s = <0.45144688727371224> invokes/s
Test echoStringLength_emptyInvoke\Concurrent.properties
Replace '${HttpDefaultPort}' in WSDL soap location by '9080' defined in sun-http-binding.

Replace '${HttpDefaultPort}' in WSDL soap location by '9080' defined in sun-http-binding.

Replace '${HttpDefaultPort}' in WSDL soap location by '9080' defined in sun-http-binding.

Replace '${HttpDefaultPort}' in WSDL soap location by '9080' defined in sun-http-binding.

Replace '${HttpDefaultPort}' in WSDL soap location by '9080' defined in sun-http-binding.

Replace '${HttpDefaultPort}' in WSDL soap location by '9080' defined in sun-http-binding.

Replace '${HttpDefaultPort}' in WSDL soap location by '9080' defined in sun-http-binding.

Replace '${HttpDefaultPort}' in WSDL soap location by '9080' defined in sun-http-binding.

Replace '${HttpDefaultPort}' in WSDL soap location by '9080' defined in sun-http-binding.

Replace '${HttpDefaultPort}' in WSDL soap location by '9080' defined in sun-http-binding.
 Passed. Threads count Success: <10> Error: <0> Not completed: <0> Throughput: <10> invocations in <22.302>s = <0.4483902788987535> invokes/s
Test echoSubstring1Invoke\Concurrent.properties
Replace '${HttpDefaultPort}' in WSDL soap location by '9080' defined in sun-http-binding.

Replace '${HttpDefaultPort}' in WSDL soap location by '9080' defined in sun-http-binding.

Replace '${HttpDefaultPort}' in WSDL soap location by '9080' defined in sun-http-binding.

Replace '${HttpDefaultPort}' in WSDL soap location by '9080' defined in sun-http-binding.

Replace '${HttpDefaultPort}' in WSDL soap location by '9080' defined in sun-http-binding.

Replace '${HttpDefaultPort}' in WSDL soap location by '9080' defined in sun-http-binding.

Replace '${HttpDefaultPort}' in WSDL soap location by '9080' defined in sun-http-binding.

Replace '${HttpDefaultPort}' in WSDL soap location by '9080' defined in sun-http-binding.

Replace '${HttpDefaultPort}' in WSDL soap location by '9080' defined in sun-http-binding.

Replace '${HttpDefaultPort}' in WSDL soap location by '9080' defined in sun-http-binding.
 Passed. Threads count Success: <10> Error: <0> Not completed: <0> Throughput: <10> invocations in <22.47>s = <0.44503782821539833> invokes/s
Test echoSubstringAfterEmptyInvoke\Concurrent.properties
Replace '${HttpDefaultPort}' in WSDL soap location by '9080' defined in sun-http-binding.

Replace '${HttpDefaultPort}' in WSDL soap location by '9080' defined in sun-http-binding.

Replace '${HttpDefaultPort}' in WSDL soap location by '9080' defined in sun-http-binding.

Replace '${HttpDefaultPort}' in WSDL soap location by '9080' defined in sun-http-binding.

Replace '${HttpDefaultPort}' in WSDL soap location by '9080' defined in sun-http-binding.

Replace '${HttpDefaultPort}' in WSDL soap location by '9080' defined in sun-http-binding.

Replace '${HttpDefaultPort}' in WSDL soap location by '9080' defined in sun-http-binding.

Replace '${HttpDefaultPort}' in WSDL soap location by '9080' defined in sun-http-binding.

Replace '${HttpDefaultPort}' in WSDL soap location by '9080' defined in sun-http-binding.

Replace '${HttpDefaultPort}' in WSDL soap location by '9080' defined in sun-http-binding.
 Passed. Threads count Success: <10> Error: <0> Not completed: <0> Throughput: <10> invocations in <23.669>s = <0.42249355697325613> invokes/s
Test echoSubstringAfterInvoke\Concurrent.properties
Replace '${HttpDefaultPort}' in WSDL soap location by '9080' defined in sun-http-binding.

Replace '${HttpDefaultPort}' in WSDL soap location by '9080' defined in sun-http-binding.

Replace '${HttpDefaultPort}' in WSDL soap location by '9080' defined in sun-http-binding.

Replace '${HttpDefaultPort}' in WSDL soap location by '9080' defined in sun-http-binding.

Replace '${HttpDefaultPort}' in WSDL soap location by '9080' defined in sun-http-binding.

Replace '${HttpDefaultPort}' in WSDL soap location by '9080' defined in sun-http-binding.

Replace '${HttpDefaultPort}' in WSDL soap location by '9080' defined in sun-http-binding.

Replace '${HttpDefaultPort}' in WSDL soap location by '9080' defined in sun-http-binding.

Replace '${HttpDefaultPort}' in WSDL soap location by '9080' defined in sun-http-binding.

Replace '${HttpDefaultPort}' in WSDL soap location by '9080' defined in sun-http-binding.
 Passed. Threads count Success: <10> Error: <0> Not completed: <0> Throughput: <10> invocations in <22.503>s = <0.4443851930853664> invokes/s
Test echoSubstringAfterNotInInvoke\Concurrent.properties
Replace '${HttpDefaultPort}' in WSDL soap location by '9080' defined in sun-http-binding.

Replace '${HttpDefaultPort}' in WSDL soap location by '9080' defined in sun-http-binding.

Replace '${HttpDefaultPort}' in WSDL soap location by '9080' defined in sun-http-binding.

Replace '${HttpDefaultPort}' in WSDL soap location by '9080' defined in sun-http-binding.

Replace '${HttpDefaultPort}' in WSDL soap location by '9080' defined in sun-http-binding.

Replace '${HttpDefaultPort}' in WSDL soap location by '9080' defined in sun-http-binding.

Replace '${HttpDefaultPort}' in WSDL soap location by '9080' defined in sun-http-binding.

Replace '${HttpDefaultPort}' in WSDL soap location by '9080' defined in sun-http-binding.

Replace '${HttpDefaultPort}' in WSDL soap location by '9080' defined in sun-http-binding.

Replace '${HttpDefaultPort}' in WSDL soap location by '9080' defined in sun-http-binding.
 Passed. Threads count Success: <10> Error: <0> Not completed: <0> Throughput: <10> invocations in <22.285>s = <0.4487323311644604> invokes/s
Test echoSubstringBeforeEmptyInvoke\Concurrent.properties
Replace '${HttpDefaultPort}' in WSDL soap location by '9080' defined in sun-http-binding.

Replace '${HttpDefaultPort}' in WSDL soap location by '9080' defined in sun-http-binding.

Replace '${HttpDefaultPort}' in WSDL soap location by '9080' defined in sun-http-binding.

Replace '${HttpDefaultPort}' in WSDL soap location by '9080' defined in sun-http-binding.

Replace '${HttpDefaultPort}' in WSDL soap location by '9080' defined in sun-http-binding.

Replace '${HttpDefaultPort}' in WSDL soap location by '9080' defined in sun-http-binding.

Replace '${HttpDefaultPort}' in WSDL soap location by '9080' defined in sun-http-binding.

Replace '${HttpDefaultPort}' in WSDL soap location by '9080' defined in sun-http-binding.

Replace '${HttpDefaultPort}' in WSDL soap location by '9080' defined in sun-http-binding.

Replace '${HttpDefaultPort}' in WSDL soap location by '9080' defined in sun-http-binding.
 Passed. Threads count Success: <10> Error: <0> Not completed: <0> Throughput: <10> invocations in <21.067>s = <0.4746760336070632> invokes/s
Test echoSubstringBeforeInvoke\Concurrent.properties
Replace '${HttpDefaultPort}' in WSDL soap location by '9080' defined in sun-http-binding.

Replace '${HttpDefaultPort}' in WSDL soap location by '9080' defined in sun-http-binding.

Replace '${HttpDefaultPort}' in WSDL soap location by '9080' defined in sun-http-binding.

Replace '${HttpDefaultPort}' in WSDL soap location by '9080' defined in sun-http-binding.

Replace '${HttpDefaultPort}' in WSDL soap location by '9080' defined in sun-http-binding.

Replace '${HttpDefaultPort}' in WSDL soap location by '9080' defined in sun-http-binding.

Replace '${HttpDefaultPort}' in WSDL soap location by '9080' defined in sun-http-binding.

Replace '${HttpDefaultPort}' in WSDL soap location by '9080' defined in sun-http-binding.

Replace '${HttpDefaultPort}' in WSDL soap location by '9080' defined in sun-http-binding.

Replace '${HttpDefaultPort}' in WSDL soap location by '9080' defined in sun-http-binding.
 Passed. Threads count Success: <10> Error: <0> Not completed: <0> Throughput: <10> invocations in <19.909>s = <0.5022853985634638> invokes/s
Test echoSubstringBefore_notInInvoke\Concurrent.properties
Replace '${HttpDefaultPort}' in WSDL soap location by '9080' defined in sun-http-binding.

Replace '${HttpDefaultPort}' in WSDL soap location by '9080' defined in sun-http-binding.

Replace '${HttpDefaultPort}' in WSDL soap location by '9080' defined in sun-http-binding.

Replace '${HttpDefaultPort}' in WSDL soap location by '9080' defined in sun-http-binding.

Replace '${HttpDefaultPort}' in WSDL soap location by '9080' defined in sun-http-binding.

Replace '${HttpDefaultPort}' in WSDL soap location by '9080' defined in sun-http-binding.

Replace '${HttpDefaultPort}' in WSDL soap location by '9080' defined in sun-http-binding.

Replace '${HttpDefaultPort}' in WSDL soap location by '9080' defined in sun-http-binding.

Replace '${HttpDefaultPort}' in WSDL soap location by '9080' defined in sun-http-binding.

Replace '${HttpDefaultPort}' in WSDL soap location by '9080' defined in sun-http-binding.
 Passed. Threads count Success: <10> Error: <0> Not completed: <0> Throughput: <10> invocations in <21.806>s = <0.4585893790699807> invokes/s
Test echoSubstringInvoke\Concurrent.properties
Replace '${HttpDefaultPort}' in WSDL soap location by '9080' defined in sun-http-binding.

Replace '${HttpDefaultPort}' in WSDL soap location by '9080' defined in sun-http-binding.

Replace '${HttpDefaultPort}' in WSDL soap location by '9080' defined in sun-http-binding.

Replace '${HttpDefaultPort}' in WSDL soap location by '9080' defined in sun-http-binding.

Replace '${HttpDefaultPort}' in WSDL soap location by '9080' defined in sun-http-binding.

Replace '${HttpDefaultPort}' in WSDL soap location by '9080' defined in sun-http-binding.

Replace '${HttpDefaultPort}' in WSDL soap location by '9080' defined in sun-http-binding.

Replace '${HttpDefaultPort}' in WSDL soap location by '9080' defined in sun-http-binding.

Replace '${HttpDefaultPort}' in WSDL soap location by '9080' defined in sun-http-binding.

Replace '${HttpDefaultPort}' in WSDL soap location by '9080' defined in sun-http-binding.
 Passed. Threads count Success: <10> Error: <0> Not completed: <0> Throughput: <10> invocations in <21.776>s = <0.4592211609110948> invokes/s
Test echoSubstringNumANumBInvoke\Concurrent.properties in Development
Test echoSubstringWithoutSoapActionInvoke\Concurrent.properties in Development
Test echoSumInvoke\Concurrent.properties
Replace '${HttpDefaultPort}' in WSDL soap location by '9080' defined in sun-http-binding.

Replace '${HttpDefaultPort}' in WSDL soap location by '9080' defined in sun-http-binding.

Replace '${HttpDefaultPort}' in WSDL soap location by '9080' defined in sun-http-binding.

Replace '${HttpDefaultPort}' in WSDL soap location by '9080' defined in sun-http-binding.

Replace '${HttpDefaultPort}' in WSDL soap location by '9080' defined in sun-http-binding.

Replace '${HttpDefaultPort}' in WSDL soap location by '9080' defined in sun-http-binding.

Replace '${HttpDefaultPort}' in WSDL soap location by '9080' defined in sun-http-binding.

Replace '${HttpDefaultPort}' in WSDL soap location by '9080' defined in sun-http-binding.

Replace '${HttpDefaultPort}' in WSDL soap location by '9080' defined in sun-http-binding.

Replace '${HttpDefaultPort}' in WSDL soap location by '9080' defined in sun-http-binding.
 Passed. Threads count Success: <10> Error: <0> Not completed: <0> Throughput: <10> invocations in <21.458>s = <0.4660266567247647> invokes/s
Test echoSumNegDecimalInvoke\Concurrent.properties
Replace '${HttpDefaultPort}' in WSDL soap location by '9080' defined in sun-http-binding.

Replace '${HttpDefaultPort}' in WSDL soap location by '9080' defined in sun-http-binding.

Replace '${HttpDefaultPort}' in WSDL soap location by '9080' defined in sun-http-binding.

Replace '${HttpDefaultPort}' in WSDL soap location by '9080' defined in sun-http-binding.

Replace '${HttpDefaultPort}' in WSDL soap location by '9080' defined in sun-http-binding.

Replace '${HttpDefaultPort}' in WSDL soap location by '9080' defined in sun-http-binding.

Replace '${HttpDefaultPort}' in WSDL soap location by '9080' defined in sun-http-binding.

Replace '${HttpDefaultPort}' in WSDL soap location by '9080' defined in sun-http-binding.

Replace '${HttpDefaultPort}' in WSDL soap location by '9080' defined in sun-http-binding.

Replace '${HttpDefaultPort}' in WSDL soap location by '9080' defined in sun-http-binding.
 Passed. Threads count Success: <10> Error: <0> Not completed: <0> Throughput: <10> invocations in <21.679>s = <0.4612758891092763> invokes/s
Test echoSumZeroInvoke\Concurrent.properties
Replace '${HttpDefaultPort}' in WSDL soap location by '9080' defined in sun-http-binding.

Replace '${HttpDefaultPort}' in WSDL soap location by '9080' defined in sun-http-binding.

Replace '${HttpDefaultPort}' in WSDL soap location by '9080' defined in sun-http-binding.

Replace '${HttpDefaultPort}' in WSDL soap location by '9080' defined in sun-http-binding.

Replace '${HttpDefaultPort}' in WSDL soap location by '9080' defined in sun-http-binding.

Replace '${HttpDefaultPort}' in WSDL soap location by '9080' defined in sun-http-binding.

Replace '${HttpDefaultPort}' in WSDL soap location by '9080' defined in sun-http-binding.

Replace '${HttpDefaultPort}' in WSDL soap location by '9080' defined in sun-http-binding.

Replace '${HttpDefaultPort}' in WSDL soap location by '9080' defined in sun-http-binding.

Replace '${HttpDefaultPort}' in WSDL soap location by '9080' defined in sun-http-binding.
 Passed. Threads count Success: <10> Error: <0> Not completed: <0> Throughput: <10> invocations in <20.375>s = <0.49079754601226994> invokes/s
Test echoTimeDataType_Invoke\Concurrent.properties
Replace '${HttpDefaultPort}' in WSDL soap location by '9080' defined in sun-http-binding.

Replace '${HttpDefaultPort}' in WSDL soap location by '9080' defined in sun-http-binding.

Replace '${HttpDefaultPort}' in WSDL soap location by '9080' defined in sun-http-binding.

Replace '${HttpDefaultPort}' in WSDL soap location by '9080' defined in sun-http-binding.

Replace '${HttpDefaultPort}' in WSDL soap location by '9080' defined in sun-http-binding.

Replace '${HttpDefaultPort}' in WSDL soap location by '9080' defined in sun-http-binding.

Replace '${HttpDefaultPort}' in WSDL soap location by '9080' defined in sun-http-binding.

Replace '${HttpDefaultPort}' in WSDL soap location by '9080' defined in sun-http-binding.

Replace '${HttpDefaultPort}' in WSDL soap location by '9080' defined in sun-http-binding.

Replace '${HttpDefaultPort}' in WSDL soap location by '9080' defined in sun-http-binding.
 Passed. Threads count Success: <10> Error: <0> Not completed: <0> Throughput: <10> invocations in <21.559>s = <0.46384340646597705> invokes/s
Test echoTokenDataType_Invoke\Concurrent.properties
Replace '${HttpDefaultPort}' in WSDL soap location by '9080' defined in sun-http-binding.

Replace '${HttpDefaultPort}' in WSDL soap location by '9080' defined in sun-http-binding.

Replace '${HttpDefaultPort}' in WSDL soap location by '9080' defined in sun-http-binding.

Replace '${HttpDefaultPort}' in WSDL soap location by '9080' defined in sun-http-binding.

Replace '${HttpDefaultPort}' in WSDL soap location by '9080' defined in sun-http-binding.

Replace '${HttpDefaultPort}' in WSDL soap location by '9080' defined in sun-http-binding.

Replace '${HttpDefaultPort}' in WSDL soap location by '9080' defined in sun-http-binding.

Replace '${HttpDefaultPort}' in WSDL soap location by '9080' defined in sun-http-binding.

Replace '${HttpDefaultPort}' in WSDL soap location by '9080' defined in sun-http-binding.

Replace '${HttpDefaultPort}' in WSDL soap location by '9080' defined in sun-http-binding.
 Passed. Threads count Success: <10> Error: <0> Not completed: <0> Throughput: <10> invocations in <22.487>s = <0.44470138302130124> invokes/s
Test echoTranslate_Invoke\Concurrent.properties in Development
Test echoTrueInvoke\Concurrent.properties
Replace '${HttpDefaultPort}' in WSDL soap location by '9080' defined in sun-http-binding.

Replace '${HttpDefaultPort}' in WSDL soap location by '9080' defined in sun-http-binding.

Replace '${HttpDefaultPort}' in WSDL soap location by '9080' defined in sun-http-binding.

Replace '${HttpDefaultPort}' in WSDL soap location by '9080' defined in sun-http-binding.

Replace '${HttpDefaultPort}' in WSDL soap location by '9080' defined in sun-http-binding.

Replace '${HttpDefaultPort}' in WSDL soap location by '9080' defined in sun-http-binding.

Replace '${HttpDefaultPort}' in WSDL soap location by '9080' defined in sun-http-binding.

Replace '${HttpDefaultPort}' in WSDL soap location by '9080' defined in sun-http-binding.

Replace '${HttpDefaultPort}' in WSDL soap location by '9080' defined in sun-http-binding.

Replace '${HttpDefaultPort}' in WSDL soap location by '9080' defined in sun-http-binding.
 Passed. Threads count Success: <10> Error: <0> Not completed: <0> Throughput: <10> invocations in <21.588>s = <0.4632203075782842> invokes/s
Test echoUnsignedByteDataType_Invoke\Concurrent.properties
Replace '${HttpDefaultPort}' in WSDL soap location by '9080' defined in sun-http-binding.

Replace '${HttpDefaultPort}' in WSDL soap location by '9080' defined in sun-http-binding.

Replace '${HttpDefaultPort}' in WSDL soap location by '9080' defined in sun-http-binding.

Replace '${HttpDefaultPort}' in WSDL soap location by '9080' defined in sun-http-binding.

Replace '${HttpDefaultPort}' in WSDL soap location by '9080' defined in sun-http-binding.

Replace '${HttpDefaultPort}' in WSDL soap location by '9080' defined in sun-http-binding.

Replace '${HttpDefaultPort}' in WSDL soap location by '9080' defined in sun-http-binding.

Replace '${HttpDefaultPort}' in WSDL soap location by '9080' defined in sun-http-binding.

Replace '${HttpDefaultPort}' in WSDL soap location by '9080' defined in sun-http-binding.

Replace '${HttpDefaultPort}' in WSDL soap location by '9080' defined in sun-http-binding.
 Passed. Threads count Success: <10> Error: <0> Not completed: <0> Throughput: <10> invocations in <22.053>s = <0.45345304493719674> invokes/s
Test echoUnsignedIntDataType_Invoke\Concurrent.properties
Replace '${HttpDefaultPort}' in WSDL soap location by '9080' defined in sun-http-binding.

Replace '${HttpDefaultPort}' in WSDL soap location by '9080' defined in sun-http-binding.

Replace '${HttpDefaultPort}' in WSDL soap location by '9080' defined in sun-http-binding.

Replace '${HttpDefaultPort}' in WSDL soap location by '9080' defined in sun-http-binding.

Replace '${HttpDefaultPort}' in WSDL soap location by '9080' defined in sun-http-binding.

Replace '${HttpDefaultPort}' in WSDL soap location by '9080' defined in sun-http-binding.

Replace '${HttpDefaultPort}' in WSDL soap location by '9080' defined in sun-http-binding.

Replace '${HttpDefaultPort}' in WSDL soap location by '9080' defined in sun-http-binding.

Replace '${HttpDefaultPort}' in WSDL soap location by '9080' defined in sun-http-binding.

Replace '${HttpDefaultPort}' in WSDL soap location by '9080' defined in sun-http-binding.
 Passed. Threads count Success: <10> Error: <0> Not completed: <0> Throughput: <10> invocations in <22.125>s = <0.4519774011299435> invokes/s
Test echoUnsignedLongDataType_Invoke\Concurrent.properties
Replace '${HttpDefaultPort}' in WSDL soap location by '9080' defined in sun-http-binding.

Replace '${HttpDefaultPort}' in WSDL soap location by '9080' defined in sun-http-binding.

Replace '${HttpDefaultPort}' in WSDL soap location by '9080' defined in sun-http-binding.

Replace '${HttpDefaultPort}' in WSDL soap location by '9080' defined in sun-http-binding.

Replace '${HttpDefaultPort}' in WSDL soap location by '9080' defined in sun-http-binding.

Replace '${HttpDefaultPort}' in WSDL soap location by '9080' defined in sun-http-binding.

Replace '${HttpDefaultPort}' in WSDL soap location by '9080' defined in sun-http-binding.

Replace '${HttpDefaultPort}' in WSDL soap location by '9080' defined in sun-http-binding.

Replace '${HttpDefaultPort}' in WSDL soap location by '9080' defined in sun-http-binding.

Replace '${HttpDefaultPort}' in WSDL soap location by '9080' defined in sun-http-binding.
 Passed. Threads count Success: <10> Error: <0> Not completed: <0> Throughput: <10> invocations in <22.311>s = <0.448209403433284> invokes/s
Test echoUnsignedShortDataType_Invoke\Concurrent.properties
Replace '${HttpDefaultPort}' in WSDL soap location by '9080' defined in sun-http-binding.

Replace '${HttpDefaultPort}' in WSDL soap location by '9080' defined in sun-http-binding.

Replace '${HttpDefaultPort}' in WSDL soap location by '9080' defined in sun-http-binding.

Replace '${HttpDefaultPort}' in WSDL soap location by '9080' defined in sun-http-binding.

Replace '${HttpDefaultPort}' in WSDL soap location by '9080' defined in sun-http-binding.

Replace '${HttpDefaultPort}' in WSDL soap location by '9080' defined in sun-http-binding.

Replace '${HttpDefaultPort}' in WSDL soap location by '9080' defined in sun-http-binding.

Replace '${HttpDefaultPort}' in WSDL soap location by '9080' defined in sun-http-binding.

Replace '${HttpDefaultPort}' in WSDL soap location by '9080' defined in sun-http-binding.

Replace '${HttpDefaultPort}' in WSDL soap location by '9080' defined in sun-http-binding.
 Passed. Threads count Success: <10> Error: <0> Not completed: <0> Throughput: <10> invocations in <21.4>s = <0.4672897196261683> invokes/s
Test intGreaterEqualInvoke\Concurrent.properties
Replace '${HttpDefaultPort}' in WSDL soap location by '9080' defined in sun-http-binding.

Replace '${HttpDefaultPort}' in WSDL soap location by '9080' defined in sun-http-binding.

Replace '${HttpDefaultPort}' in WSDL soap location by '9080' defined in sun-http-binding.

Replace '${HttpDefaultPort}' in WSDL soap location by '9080' defined in sun-http-binding.

Replace '${HttpDefaultPort}' in WSDL soap location by '9080' defined in sun-http-binding.

Replace '${HttpDefaultPort}' in WSDL soap location by '9080' defined in sun-http-binding.

Replace '${HttpDefaultPort}' in WSDL soap location by '9080' defined in sun-http-binding.

Replace '${HttpDefaultPort}' in WSDL soap location by '9080' defined in sun-http-binding.

Replace '${HttpDefaultPort}' in WSDL soap location by '9080' defined in sun-http-binding.

Replace '${HttpDefaultPort}' in WSDL soap location by '9080' defined in sun-http-binding.
 Passed. Threads count Success: <10> Error: <0> Not completed: <0> Throughput: <10> invocations in <22.664>s = <0.44122837980938934> invokes/s
Test intGreaterInvoke\Concurrent.properties
Replace '${HttpDefaultPort}' in WSDL soap location by '9080' defined in sun-http-binding.

Replace '${HttpDefaultPort}' in WSDL soap location by '9080' defined in sun-http-binding.

Replace '${HttpDefaultPort}' in WSDL soap location by '9080' defined in sun-http-binding.

Replace '${HttpDefaultPort}' in WSDL soap location by '9080' defined in sun-http-binding.

Replace '${HttpDefaultPort}' in WSDL soap location by '9080' defined in sun-http-binding.

Replace '${HttpDefaultPort}' in WSDL soap location by '9080' defined in sun-http-binding.

Replace '${HttpDefaultPort}' in WSDL soap location by '9080' defined in sun-http-binding.

Replace '${HttpDefaultPort}' in WSDL soap location by '9080' defined in sun-http-binding.

Replace '${HttpDefaultPort}' in WSDL soap location by '9080' defined in sun-http-binding.

Replace '${HttpDefaultPort}' in WSDL soap location by '9080' defined in sun-http-binding.
 Passed. Threads count Success: <10> Error: <0> Not completed: <0> Throughput: <10> invocations in <22.247>s = <0.4494988088281566> invokes/s
Test intaddInvoke\Concurrent.properties
Replace '${HttpDefaultPort}' in WSDL soap location by '9080' defined in sun-http-binding.

Replace '${HttpDefaultPort}' in WSDL soap location by '9080' defined in sun-http-binding.

Replace '${HttpDefaultPort}' in WSDL soap location by '9080' defined in sun-http-binding.

Replace '${HttpDefaultPort}' in WSDL soap location by '9080' defined in sun-http-binding.

Replace '${HttpDefaultPort}' in WSDL soap location by '9080' defined in sun-http-binding.

Replace '${HttpDefaultPort}' in WSDL soap location by '9080' defined in sun-http-binding.

Replace '${HttpDefaultPort}' in WSDL soap location by '9080' defined in sun-http-binding.

Replace '${HttpDefaultPort}' in WSDL soap location by '9080' defined in sun-http-binding.

Replace '${HttpDefaultPort}' in WSDL soap location by '9080' defined in sun-http-binding.

Replace '${HttpDefaultPort}' in WSDL soap location by '9080' defined in sun-http-binding.
 Passed. Threads count Success: <10> Error: <0> Not completed: <0> Throughput: <10> invocations in <22.163>s = <0.4512024545413527> invokes/s
Test intdivInvoke\Concurrent.properties
Replace '${HttpDefaultPort}' in WSDL soap location by '9080' defined in sun-http-binding.

Replace '${HttpDefaultPort}' in WSDL soap location by '9080' defined in sun-http-binding.

Replace '${HttpDefaultPort}' in WSDL soap location by '9080' defined in sun-http-binding.

Replace '${HttpDefaultPort}' in WSDL soap location by '9080' defined in sun-http-binding.

Replace '${HttpDefaultPort}' in WSDL soap location by '9080' defined in sun-http-binding.

Replace '${HttpDefaultPort}' in WSDL soap location by '9080' defined in sun-http-binding.

Replace '${HttpDefaultPort}' in WSDL soap location by '9080' defined in sun-http-binding.

Replace '${HttpDefaultPort}' in WSDL soap location by '9080' defined in sun-http-binding.

Replace '${HttpDefaultPort}' in WSDL soap location by '9080' defined in sun-http-binding.

Replace '${HttpDefaultPort}' in WSDL soap location by '9080' defined in sun-http-binding.
 Passed. Threads count Success: <10> Error: <0> Not completed: <0> Throughput: <10> invocations in <20.807>s = <0.48060748786466095> invokes/s
Test integerGreaterEqualInvoke\Concurrent.properties
Replace '${HttpDefaultPort}' in WSDL soap location by '9080' defined in sun-http-binding.

Replace '${HttpDefaultPort}' in WSDL soap location by '9080' defined in sun-http-binding.

Replace '${HttpDefaultPort}' in WSDL soap location by '9080' defined in sun-http-binding.

Replace '${HttpDefaultPort}' in WSDL soap location by '9080' defined in sun-http-binding.

Replace '${HttpDefaultPort}' in WSDL soap location by '9080' defined in sun-http-binding.

Replace '${HttpDefaultPort}' in WSDL soap location by '9080' defined in sun-http-binding.

Replace '${HttpDefaultPort}' in WSDL soap location by '9080' defined in sun-http-binding.

Replace '${HttpDefaultPort}' in WSDL soap location by '9080' defined in sun-http-binding.

Replace '${HttpDefaultPort}' in WSDL soap location by '9080' defined in sun-http-binding.

Replace '${HttpDefaultPort}' in WSDL soap location by '9080' defined in sun-http-binding.
 Passed. Threads count Success: <10> Error: <0> Not completed: <0> Throughput: <10> invocations in <21.276>s = <0.47001316036849033> invokes/s
Test integerGreaterInvoke\Concurrent.properties
Replace '${HttpDefaultPort}' in WSDL soap location by '9080' defined in sun-http-binding.

Replace '${HttpDefaultPort}' in WSDL soap location by '9080' defined in sun-http-binding.

Replace '${HttpDefaultPort}' in WSDL soap location by '9080' defined in sun-http-binding.

Replace '${HttpDefaultPort}' in WSDL soap location by '9080' defined in sun-http-binding.

Replace '${HttpDefaultPort}' in WSDL soap location by '9080' defined in sun-http-binding.

Replace '${HttpDefaultPort}' in WSDL soap location by '9080' defined in sun-http-binding.

Replace '${HttpDefaultPort}' in WSDL soap location by '9080' defined in sun-http-binding.

Replace '${HttpDefaultPort}' in WSDL soap location by '9080' defined in sun-http-binding.

Replace '${HttpDefaultPort}' in WSDL soap location by '9080' defined in sun-http-binding.

Replace '${HttpDefaultPort}' in WSDL soap location by '9080' defined in sun-http-binding.
 Passed. Threads count Success: <10> Error: <0> Not completed: <0> Throughput: <10> invocations in <21.674>s = <0.46138230137491926> invokes/s
Test integeraddInvoke\Concurrent.properties
Replace '${HttpDefaultPort}' in WSDL soap location by '9080' defined in sun-http-binding.

Replace '${HttpDefaultPort}' in WSDL soap location by '9080' defined in sun-http-binding.

Replace '${HttpDefaultPort}' in WSDL soap location by '9080' defined in sun-http-binding.

Replace '${HttpDefaultPort}' in WSDL soap location by '9080' defined in sun-http-binding.

Replace '${HttpDefaultPort}' in WSDL soap location by '9080' defined in sun-http-binding.

Replace '${HttpDefaultPort}' in WSDL soap location by '9080' defined in sun-http-binding.

Replace '${HttpDefaultPort}' in WSDL soap location by '9080' defined in sun-http-binding.

Replace '${HttpDefaultPort}' in WSDL soap location by '9080' defined in sun-http-binding.

Replace '${HttpDefaultPort}' in WSDL soap location by '9080' defined in sun-http-binding.

Replace '${HttpDefaultPort}' in WSDL soap location by '9080' defined in sun-http-binding.
 Passed. Threads count Success: <10> Error: <0> Not completed: <0> Throughput: <10> invocations in <22.448>s = <0.44547398431931573> invokes/s
Test integerdivInvoke\Concurrent.properties
Replace '${HttpDefaultPort}' in WSDL soap location by '9080' defined in sun-http-binding.

Replace '${HttpDefaultPort}' in WSDL soap location by '9080' defined in sun-http-binding.

Replace '${HttpDefaultPort}' in WSDL soap location by '9080' defined in sun-http-binding.

Replace '${HttpDefaultPort}' in WSDL soap location by '9080' defined in sun-http-binding.

Replace '${HttpDefaultPort}' in WSDL soap location by '9080' defined in sun-http-binding.

Replace '${HttpDefaultPort}' in WSDL soap location by '9080' defined in sun-http-binding.

Replace '${HttpDefaultPort}' in WSDL soap location by '9080' defined in sun-http-binding.

Replace '${HttpDefaultPort}' in WSDL soap location by '9080' defined in sun-http-binding.

Replace '${HttpDefaultPort}' in WSDL soap location by '9080' defined in sun-http-binding.

Replace '${HttpDefaultPort}' in WSDL soap location by '9080' defined in sun-http-binding.
 Passed. Threads count Success: <10> Error: <0> Not completed: <0> Throughput: <10> invocations in <21.947>s = <0.4556431402925229> invokes/s
Test integermodInvoke\Concurrent.properties
Replace '${HttpDefaultPort}' in WSDL soap location by '9080' defined in sun-http-binding.

Replace '${HttpDefaultPort}' in WSDL soap location by '9080' defined in sun-http-binding.

Replace '${HttpDefaultPort}' in WSDL soap location by '9080' defined in sun-http-binding.

Replace '${HttpDefaultPort}' in WSDL soap location by '9080' defined in sun-http-binding.

Replace '${HttpDefaultPort}' in WSDL soap location by '9080' defined in sun-http-binding.

Replace '${HttpDefaultPort}' in WSDL soap location by '9080' defined in sun-http-binding.

Replace '${HttpDefaultPort}' in WSDL soap location by '9080' defined in sun-http-binding.

Replace '${HttpDefaultPort}' in WSDL soap location by '9080' defined in sun-http-binding.

Replace '${HttpDefaultPort}' in WSDL soap location by '9080' defined in sun-http-binding.

Replace '${HttpDefaultPort}' in WSDL soap location by '9080' defined in sun-http-binding.
 Passed. Threads count Success: <10> Error: <0> Not completed: <0> Throughput: <10> invocations in <22.997>s = <0.434839326868722> invokes/s
Test integermultInvoke\Concurrent.properties
Replace '${HttpDefaultPort}' in WSDL soap location by '9080' defined in sun-http-binding.

Replace '${HttpDefaultPort}' in WSDL soap location by '9080' defined in sun-http-binding.

Replace '${HttpDefaultPort}' in WSDL soap location by '9080' defined in sun-http-binding.

Replace '${HttpDefaultPort}' in WSDL soap location by '9080' defined in sun-http-binding.

Replace '${HttpDefaultPort}' in WSDL soap location by '9080' defined in sun-http-binding.

Replace '${HttpDefaultPort}' in WSDL soap location by '9080' defined in sun-http-binding.

Replace '${HttpDefaultPort}' in WSDL soap location by '9080' defined in sun-http-binding.

Replace '${HttpDefaultPort}' in WSDL soap location by '9080' defined in sun-http-binding.

Replace '${HttpDefaultPort}' in WSDL soap location by '9080' defined in sun-http-binding.

Replace '${HttpDefaultPort}' in WSDL soap location by '9080' defined in sun-http-binding.
 Passed. Threads count Success: <10> Error: <0> Not completed: <0> Throughput: <10> invocations in <22.123>s = <0.4520182615377661> invokes/s
Test integernegInvoke\Concurrent.properties
Replace '${HttpDefaultPort}' in WSDL soap location by '9080' defined in sun-http-binding.

Replace '${HttpDefaultPort}' in WSDL soap location by '9080' defined in sun-http-binding.

Replace '${HttpDefaultPort}' in WSDL soap location by '9080' defined in sun-http-binding.

Replace '${HttpDefaultPort}' in WSDL soap location by '9080' defined in sun-http-binding.

Replace '${HttpDefaultPort}' in WSDL soap location by '9080' defined in sun-http-binding.

Replace '${HttpDefaultPort}' in WSDL soap location by '9080' defined in sun-http-binding.

Replace '${HttpDefaultPort}' in WSDL soap location by '9080' defined in sun-http-binding.

Replace '${HttpDefaultPort}' in WSDL soap location by '9080' defined in sun-http-binding.

Replace '${HttpDefaultPort}' in WSDL soap location by '9080' defined in sun-http-binding.

Replace '${HttpDefaultPort}' in WSDL soap location by '9080' defined in sun-http-binding.
 Passed. Threads count Success: <10> Error: <0> Not completed: <0> Throughput: <10> invocations in <22.347>s = <0.44748735848212284> invokes/s
Test integersubInvoke\Concurrent.properties
Replace '${HttpDefaultPort}' in WSDL soap location by '9080' defined in sun-http-binding.

Replace '${HttpDefaultPort}' in WSDL soap location by '9080' defined in sun-http-binding.

Replace '${HttpDefaultPort}' in WSDL soap location by '9080' defined in sun-http-binding.

Replace '${HttpDefaultPort}' in WSDL soap location by '9080' defined in sun-http-binding.

Replace '${HttpDefaultPort}' in WSDL soap location by '9080' defined in sun-http-binding.

Replace '${HttpDefaultPort}' in WSDL soap location by '9080' defined in sun-http-binding.

Replace '${HttpDefaultPort}' in WSDL soap location by '9080' defined in sun-http-binding.

Replace '${HttpDefaultPort}' in WSDL soap location by '9080' defined in sun-http-binding.

Replace '${HttpDefaultPort}' in WSDL soap location by '9080' defined in sun-http-binding.

Replace '${HttpDefaultPort}' in WSDL soap location by '9080' defined in sun-http-binding.
 Passed. Threads count Success: <10> Error: <0> Not completed: <0> Throughput: <10> invocations in <21.913>s = <0.4563501118057774> invokes/s
Test intmodInvoke\Concurrent.properties
Replace '${HttpDefaultPort}' in WSDL soap location by '9080' defined in sun-http-binding.

Replace '${HttpDefaultPort}' in WSDL soap location by '9080' defined in sun-http-binding.

Replace '${HttpDefaultPort}' in WSDL soap location by '9080' defined in sun-http-binding.

Replace '${HttpDefaultPort}' in WSDL soap location by '9080' defined in sun-http-binding.

Replace '${HttpDefaultPort}' in WSDL soap location by '9080' defined in sun-http-binding.

Replace '${HttpDefaultPort}' in WSDL soap location by '9080' defined in sun-http-binding.

Replace '${HttpDefaultPort}' in WSDL soap location by '9080' defined in sun-http-binding.

Replace '${HttpDefaultPort}' in WSDL soap location by '9080' defined in sun-http-binding.

Replace '${HttpDefaultPort}' in WSDL soap location by '9080' defined in sun-http-binding.

Replace '${HttpDefaultPort}' in WSDL soap location by '9080' defined in sun-http-binding.
 Passed. Threads count Success: <10> Error: <0> Not completed: <0> Throughput: <10> invocations in <22.945>s = <0.4358247984310307> invokes/s
Test intmultInvoke\Concurrent.properties
Replace '${HttpDefaultPort}' in WSDL soap location by '9080' defined in sun-http-binding.

Replace '${HttpDefaultPort}' in WSDL soap location by '9080' defined in sun-http-binding.

Replace '${HttpDefaultPort}' in WSDL soap location by '9080' defined in sun-http-binding.

Replace '${HttpDefaultPort}' in WSDL soap location by '9080' defined in sun-http-binding.

Replace '${HttpDefaultPort}' in WSDL soap location by '9080' defined in sun-http-binding.

Replace '${HttpDefaultPort}' in WSDL soap location by '9080' defined in sun-http-binding.

Replace '${HttpDefaultPort}' in WSDL soap location by '9080' defined in sun-http-binding.

Replace '${HttpDefaultPort}' in WSDL soap location by '9080' defined in sun-http-binding.

Replace '${HttpDefaultPort}' in WSDL soap location by '9080' defined in sun-http-binding.

Replace '${HttpDefaultPort}' in WSDL soap location by '9080' defined in sun-http-binding.
 Passed. Threads count Success: <10> Error: <0> Not completed: <0> Throughput: <10> invocations in <21.075>s = <0.4744958481613286> invokes/s
Test intnegInvoke\Concurrent.properties
Replace '${HttpDefaultPort}' in WSDL soap location by '9080' defined in sun-http-binding.

Replace '${HttpDefaultPort}' in WSDL soap location by '9080' defined in sun-http-binding.

Replace '${HttpDefaultPort}' in WSDL soap location by '9080' defined in sun-http-binding.

Replace '${HttpDefaultPort}' in WSDL soap location by '9080' defined in sun-http-binding.

Replace '${HttpDefaultPort}' in WSDL soap location by '9080' defined in sun-http-binding.

Replace '${HttpDefaultPort}' in WSDL soap location by '9080' defined in sun-http-binding.

Replace '${HttpDefaultPort}' in WSDL soap location by '9080' defined in sun-http-binding.

Replace '${HttpDefaultPort}' in WSDL soap location by '9080' defined in sun-http-binding.

Replace '${HttpDefaultPort}' in WSDL soap location by '9080' defined in sun-http-binding.

Replace '${HttpDefaultPort}' in WSDL soap location by '9080' defined in sun-http-binding.
 Passed. Threads count Success: <10> Error: <0> Not completed: <0> Throughput: <10> invocations in <22.058>s = <0.4533502584096473> invokes/s
Test intsubInvoke\Concurrent.properties
Replace '${HttpDefaultPort}' in WSDL soap location by '9080' defined in sun-http-binding.

Replace '${HttpDefaultPort}' in WSDL soap location by '9080' defined in sun-http-binding.

Replace '${HttpDefaultPort}' in WSDL soap location by '9080' defined in sun-http-binding.

Replace '${HttpDefaultPort}' in WSDL soap location by '9080' defined in sun-http-binding.

Replace '${HttpDefaultPort}' in WSDL soap location by '9080' defined in sun-http-binding.

Replace '${HttpDefaultPort}' in WSDL soap location by '9080' defined in sun-http-binding.

Replace '${HttpDefaultPort}' in WSDL soap location by '9080' defined in sun-http-binding.

Replace '${HttpDefaultPort}' in WSDL soap location by '9080' defined in sun-http-binding.

Replace '${HttpDefaultPort}' in WSDL soap location by '9080' defined in sun-http-binding.

Replace '${HttpDefaultPort}' in WSDL soap location by '9080' defined in sun-http-binding.
 Passed. Threads count Success: <10> Error: <0> Not completed: <0> Throughput: <10> invocations in <21.407>s = <0.46713691783061617> invokes/s
Test longGreaterEqualInvoke\Concurrent.properties
Replace '${HttpDefaultPort}' in WSDL soap location by '9080' defined in sun-http-binding.

Replace '${HttpDefaultPort}' in WSDL soap location by '9080' defined in sun-http-binding.

Replace '${HttpDefaultPort}' in WSDL soap location by '9080' defined in sun-http-binding.

Replace '${HttpDefaultPort}' in WSDL soap location by '9080' defined in sun-http-binding.

Replace '${HttpDefaultPort}' in WSDL soap location by '9080' defined in sun-http-binding.

Replace '${HttpDefaultPort}' in WSDL soap location by '9080' defined in sun-http-binding.

Replace '${HttpDefaultPort}' in WSDL soap location by '9080' defined in sun-http-binding.

Replace '${HttpDefaultPort}' in WSDL soap location by '9080' defined in sun-http-binding.

Replace '${HttpDefaultPort}' in WSDL soap location by '9080' defined in sun-http-binding.

Replace '${HttpDefaultPort}' in WSDL soap location by '9080' defined in sun-http-binding.
 Passed. Threads count Success: <10> Error: <0> Not completed: <0> Throughput: <10> invocations in <20.746>s = <0.4820206304829847> invokes/s
Test longGreaterInvoke\Concurrent.properties
Replace '${HttpDefaultPort}' in WSDL soap location by '9080' defined in sun-http-binding.

Replace '${HttpDefaultPort}' in WSDL soap location by '9080' defined in sun-http-binding.

Replace '${HttpDefaultPort}' in WSDL soap location by '9080' defined in sun-http-binding.

Replace '${HttpDefaultPort}' in WSDL soap location by '9080' defined in sun-http-binding.

Replace '${HttpDefaultPort}' in WSDL soap location by '9080' defined in sun-http-binding.

Replace '${HttpDefaultPort}' in WSDL soap location by '9080' defined in sun-http-binding.

Replace '${HttpDefaultPort}' in WSDL soap location by '9080' defined in sun-http-binding.

Replace '${HttpDefaultPort}' in WSDL soap location by '9080' defined in sun-http-binding.

Replace '${HttpDefaultPort}' in WSDL soap location by '9080' defined in sun-http-binding.

Replace '${HttpDefaultPort}' in WSDL soap location by '9080' defined in sun-http-binding.
 Passed. Threads count Success: <10> Error: <0> Not completed: <0> Throughput: <10> invocations in <22.095>s = <0.4525910839556461> invokes/s
Test longNegInvoke\Concurrent.properties
Replace '${HttpDefaultPort}' in WSDL soap location by '9080' defined in sun-http-binding.

Replace '${HttpDefaultPort}' in WSDL soap location by '9080' defined in sun-http-binding.

Replace '${HttpDefaultPort}' in WSDL soap location by '9080' defined in sun-http-binding.

Replace '${HttpDefaultPort}' in WSDL soap location by '9080' defined in sun-http-binding.

Replace '${HttpDefaultPort}' in WSDL soap location by '9080' defined in sun-http-binding.

Replace '${HttpDefaultPort}' in WSDL soap location by '9080' defined in sun-http-binding.

Replace '${HttpDefaultPort}' in WSDL soap location by '9080' defined in sun-http-binding.

Replace '${HttpDefaultPort}' in WSDL soap location by '9080' defined in sun-http-binding.

Replace '${HttpDefaultPort}' in WSDL soap location by '9080' defined in sun-http-binding.

Replace '${HttpDefaultPort}' in WSDL soap location by '9080' defined in sun-http-binding.
 Passed. Threads count Success: <10> Error: <0> Not completed: <0> Throughput: <10> invocations in <22.264>s = <0.44915558749550843> invokes/s
Test longaddInvoke\Concurrent.properties
Replace '${HttpDefaultPort}' in WSDL soap location by '9080' defined in sun-http-binding.

Replace '${HttpDefaultPort}' in WSDL soap location by '9080' defined in sun-http-binding.

Replace '${HttpDefaultPort}' in WSDL soap location by '9080' defined in sun-http-binding.

Replace '${HttpDefaultPort}' in WSDL soap location by '9080' defined in sun-http-binding.

Replace '${HttpDefaultPort}' in WSDL soap location by '9080' defined in sun-http-binding.

Replace '${HttpDefaultPort}' in WSDL soap location by '9080' defined in sun-http-binding.

Replace '${HttpDefaultPort}' in WSDL soap location by '9080' defined in sun-http-binding.

Replace '${HttpDefaultPort}' in WSDL soap location by '9080' defined in sun-http-binding.

Replace '${HttpDefaultPort}' in WSDL soap location by '9080' defined in sun-http-binding.

Replace '${HttpDefaultPort}' in WSDL soap location by '9080' defined in sun-http-binding.
 Passed. Threads count Success: <10> Error: <0> Not completed: <0> Throughput: <10> invocations in <21.44>s = <0.46641791044776115> invokes/s
Test longdivInvoke\Concurrent.properties
Replace '${HttpDefaultPort}' in WSDL soap location by '9080' defined in sun-http-binding.

Replace '${HttpDefaultPort}' in WSDL soap location by '9080' defined in sun-http-binding.

Replace '${HttpDefaultPort}' in WSDL soap location by '9080' defined in sun-http-binding.

Replace '${HttpDefaultPort}' in WSDL soap location by '9080' defined in sun-http-binding.

Replace '${HttpDefaultPort}' in WSDL soap location by '9080' defined in sun-http-binding.

Replace '${HttpDefaultPort}' in WSDL soap location by '9080' defined in sun-http-binding.

Replace '${HttpDefaultPort}' in WSDL soap location by '9080' defined in sun-http-binding.

Replace '${HttpDefaultPort}' in WSDL soap location by '9080' defined in sun-http-binding.

Replace '${HttpDefaultPort}' in WSDL soap location by '9080' defined in sun-http-binding.

Replace '${HttpDefaultPort}' in WSDL soap location by '9080' defined in sun-http-binding.
 Passed. Threads count Success: <10> Error: <0> Not completed: <0> Throughput: <10> invocations in <22.473>s = <0.4449784185467005> invokes/s
Test longmodInvoke\Concurrent.properties
Replace '${HttpDefaultPort}' in WSDL soap location by '9080' defined in sun-http-binding.

Replace '${HttpDefaultPort}' in WSDL soap location by '9080' defined in sun-http-binding.

Replace '${HttpDefaultPort}' in WSDL soap location by '9080' defined in sun-http-binding.

Replace '${HttpDefaultPort}' in WSDL soap location by '9080' defined in sun-http-binding.

Replace '${HttpDefaultPort}' in WSDL soap location by '9080' defined in sun-http-binding.

Replace '${HttpDefaultPort}' in WSDL soap location by '9080' defined in sun-http-binding.

Replace '${HttpDefaultPort}' in WSDL soap location by '9080' defined in sun-http-binding.

Replace '${HttpDefaultPort}' in WSDL soap location by '9080' defined in sun-http-binding.

Replace '${HttpDefaultPort}' in WSDL soap location by '9080' defined in sun-http-binding.

Replace '${HttpDefaultPort}' in WSDL soap location by '9080' defined in sun-http-binding.
 Passed. Threads count Success: <10> Error: <0> Not completed: <0> Throughput: <10> invocations in <20.963>s = <0.47703095930925915> invokes/s
Test longmultInvoke\Concurrent.properties
Replace '${HttpDefaultPort}' in WSDL soap location by '9080' defined in sun-http-binding.

Replace '${HttpDefaultPort}' in WSDL soap location by '9080' defined in sun-http-binding.

Replace '${HttpDefaultPort}' in WSDL soap location by '9080' defined in sun-http-binding.

Replace '${HttpDefaultPort}' in WSDL soap location by '9080' defined in sun-http-binding.

Replace '${HttpDefaultPort}' in WSDL soap location by '9080' defined in sun-http-binding.

Replace '${HttpDefaultPort}' in WSDL soap location by '9080' defined in sun-http-binding.

Replace '${HttpDefaultPort}' in WSDL soap location by '9080' defined in sun-http-binding.

Replace '${HttpDefaultPort}' in WSDL soap location by '9080' defined in sun-http-binding.

Replace '${HttpDefaultPort}' in WSDL soap location by '9080' defined in sun-http-binding.

Replace '${HttpDefaultPort}' in WSDL soap location by '9080' defined in sun-http-binding.
 Passed. Threads count Success: <10> Error: <0> Not completed: <0> Throughput: <10> invocations in <21.411>s = <0.4670496473775162> invokes/s
Test longsubInvoke\Concurrent.properties
Replace '${HttpDefaultPort}' in WSDL soap location by '9080' defined in sun-http-binding.

Replace '${HttpDefaultPort}' in WSDL soap location by '9080' defined in sun-http-binding.

Replace '${HttpDefaultPort}' in WSDL soap location by '9080' defined in sun-http-binding.

Replace '${HttpDefaultPort}' in WSDL soap location by '9080' defined in sun-http-binding.

Replace '${HttpDefaultPort}' in WSDL soap location by '9080' defined in sun-http-binding.

Replace '${HttpDefaultPort}' in WSDL soap location by '9080' defined in sun-http-binding.

Replace '${HttpDefaultPort}' in WSDL soap location by '9080' defined in sun-http-binding.

Replace '${HttpDefaultPort}' in WSDL soap location by '9080' defined in sun-http-binding.

Replace '${HttpDefaultPort}' in WSDL soap location by '9080' defined in sun-http-binding.

Replace '${HttpDefaultPort}' in WSDL soap location by '9080' defined in sun-http-binding.
 Passed. Threads count Success: <10> Error: <0> Not completed: <0> Throughput: <10> invocations in <21.903>s = <0.456558462311099> invokes/s
Test shortGreaterEqualInvoke\Concurrent.properties
Replace '${HttpDefaultPort}' in WSDL soap location by '9080' defined in sun-http-binding.

Replace '${HttpDefaultPort}' in WSDL soap location by '9080' defined in sun-http-binding.

Replace '${HttpDefaultPort}' in WSDL soap location by '9080' defined in sun-http-binding.

Replace '${HttpDefaultPort}' in WSDL soap location by '9080' defined in sun-http-binding.

Replace '${HttpDefaultPort}' in WSDL soap location by '9080' defined in sun-http-binding.

Replace '${HttpDefaultPort}' in WSDL soap location by '9080' defined in sun-http-binding.

Replace '${HttpDefaultPort}' in WSDL soap location by '9080' defined in sun-http-binding.

Replace '${HttpDefaultPort}' in WSDL soap location by '9080' defined in sun-http-binding.

Replace '${HttpDefaultPort}' in WSDL soap location by '9080' defined in sun-http-binding.

Replace '${HttpDefaultPort}' in WSDL soap location by '9080' defined in sun-http-binding.
 Passed. Threads count Success: <10> Error: <0> Not completed: <0> Throughput: <10> invocations in <21.675>s = <0.461361014994233> invokes/s
Test shortGreaterInvoke\Concurrent.properties
Replace '${HttpDefaultPort}' in WSDL soap location by '9080' defined in sun-http-binding.

Replace '${HttpDefaultPort}' in WSDL soap location by '9080' defined in sun-http-binding.

Replace '${HttpDefaultPort}' in WSDL soap location by '9080' defined in sun-http-binding.

Replace '${HttpDefaultPort}' in WSDL soap location by '9080' defined in sun-http-binding.

Replace '${HttpDefaultPort}' in WSDL soap location by '9080' defined in sun-http-binding.

Replace '${HttpDefaultPort}' in WSDL soap location by '9080' defined in sun-http-binding.

Replace '${HttpDefaultPort}' in WSDL soap location by '9080' defined in sun-http-binding.

Replace '${HttpDefaultPort}' in WSDL soap location by '9080' defined in sun-http-binding.

Replace '${HttpDefaultPort}' in WSDL soap location by '9080' defined in sun-http-binding.

Replace '${HttpDefaultPort}' in WSDL soap location by '9080' defined in sun-http-binding.
 Passed. Threads count Success: <10> Error: <0> Not completed: <0> Throughput: <10> invocations in <21.995>s = <0.4546487838145033> invokes/s
Test shortNegInvoke\Concurrent.properties
Replace '${HttpDefaultPort}' in WSDL soap location by '9080' defined in sun-http-binding.

Replace '${HttpDefaultPort}' in WSDL soap location by '9080' defined in sun-http-binding.

Replace '${HttpDefaultPort}' in WSDL soap location by '9080' defined in sun-http-binding.

Replace '${HttpDefaultPort}' in WSDL soap location by '9080' defined in sun-http-binding.

Replace '${HttpDefaultPort}' in WSDL soap location by '9080' defined in sun-http-binding.

Replace '${HttpDefaultPort}' in WSDL soap location by '9080' defined in sun-http-binding.

Replace '${HttpDefaultPort}' in WSDL soap location by '9080' defined in sun-http-binding.

Replace '${HttpDefaultPort}' in WSDL soap location by '9080' defined in sun-http-binding.

Replace '${HttpDefaultPort}' in WSDL soap location by '9080' defined in sun-http-binding.

Replace '${HttpDefaultPort}' in WSDL soap location by '9080' defined in sun-http-binding.
 Passed. Threads count Success: <10> Error: <0> Not completed: <0> Throughput: <10> invocations in <24.067>s = <0.4155067104333735> invokes/s
Test shortaddInvoke\Concurrent.properties
Replace '${HttpDefaultPort}' in WSDL soap location by '9080' defined in sun-http-binding.

Replace '${HttpDefaultPort}' in WSDL soap location by '9080' defined in sun-http-binding.

Replace '${HttpDefaultPort}' in WSDL soap location by '9080' defined in sun-http-binding.

Replace '${HttpDefaultPort}' in WSDL soap location by '9080' defined in sun-http-binding.

Replace '${HttpDefaultPort}' in WSDL soap location by '9080' defined in sun-http-binding.

Replace '${HttpDefaultPort}' in WSDL soap location by '9080' defined in sun-http-binding.

Replace '${HttpDefaultPort}' in WSDL soap location by '9080' defined in sun-http-binding.

Replace '${HttpDefaultPort}' in WSDL soap location by '9080' defined in sun-http-binding.

Replace '${HttpDefaultPort}' in WSDL soap location by '9080' defined in sun-http-binding.

Replace '${HttpDefaultPort}' in WSDL soap location by '9080' defined in sun-http-binding.
 Passed. Threads count Success: <10> Error: <0> Not completed: <0> Throughput: <10> invocations in <24.33>s = <0.41101520756267984> invokes/s
Test shortdivInvoke\Concurrent.properties
Replace '${HttpDefaultPort}' in WSDL soap location by '9080' defined in sun-http-binding.

Replace '${HttpDefaultPort}' in WSDL soap location by '9080' defined in sun-http-binding.

Replace '${HttpDefaultPort}' in WSDL soap location by '9080' defined in sun-http-binding.

Replace '${HttpDefaultPort}' in WSDL soap location by '9080' defined in sun-http-binding.

Replace '${HttpDefaultPort}' in WSDL soap location by '9080' defined in sun-http-binding.

Replace '${HttpDefaultPort}' in WSDL soap location by '9080' defined in sun-http-binding.

Replace '${HttpDefaultPort}' in WSDL soap location by '9080' defined in sun-http-binding.

Replace '${HttpDefaultPort}' in WSDL soap location by '9080' defined in sun-http-binding.

Replace '${HttpDefaultPort}' in WSDL soap location by '9080' defined in sun-http-binding.

Replace '${HttpDefaultPort}' in WSDL soap location by '9080' defined in sun-http-binding.
 Passed. Threads count Success: <10> Error: <0> Not completed: <0> Throughput: <10> invocations in <21.795>s = <0.4588208304657031> invokes/s
Test shortmodInvoke\Concurrent.properties
Replace '${HttpDefaultPort}' in WSDL soap location by '9080' defined in sun-http-binding.

Replace '${HttpDefaultPort}' in WSDL soap location by '9080' defined in sun-http-binding.

Replace '${HttpDefaultPort}' in WSDL soap location by '9080' defined in sun-http-binding.

Replace '${HttpDefaultPort}' in WSDL soap location by '9080' defined in sun-http-binding.

Replace '${HttpDefaultPort}' in WSDL soap location by '9080' defined in sun-http-binding.

Replace '${HttpDefaultPort}' in WSDL soap location by '9080' defined in sun-http-binding.

Replace '${HttpDefaultPort}' in WSDL soap location by '9080' defined in sun-http-binding.

Replace '${HttpDefaultPort}' in WSDL soap location by '9080' defined in sun-http-binding.

Replace '${HttpDefaultPort}' in WSDL soap location by '9080' defined in sun-http-binding.

Replace '${HttpDefaultPort}' in WSDL soap location by '9080' defined in sun-http-binding.
 Passed. Threads count Success: <10> Error: <0> Not completed: <0> Throughput: <10> invocations in <21.205>s = <0.47158688988446124> invokes/s
Test shortmultInvoke\Concurrent.properties
Replace '${HttpDefaultPort}' in WSDL soap location by '9080' defined in sun-http-binding.

Replace '${HttpDefaultPort}' in WSDL soap location by '9080' defined in sun-http-binding.

Replace '${HttpDefaultPort}' in WSDL soap location by '9080' defined in sun-http-binding.

Replace '${HttpDefaultPort}' in WSDL soap location by '9080' defined in sun-http-binding.

Replace '${HttpDefaultPort}' in WSDL soap location by '9080' defined in sun-http-binding.

Replace '${HttpDefaultPort}' in WSDL soap location by '9080' defined in sun-http-binding.

Replace '${HttpDefaultPort}' in WSDL soap location by '9080' defined in sun-http-binding.

Replace '${HttpDefaultPort}' in WSDL soap location by '9080' defined in sun-http-binding.

Replace '${HttpDefaultPort}' in WSDL soap location by '9080' defined in sun-http-binding.

Replace '${HttpDefaultPort}' in WSDL soap location by '9080' defined in sun-http-binding.
 Passed. Threads count Success: <10> Error: <0> Not completed: <0> Throughput: <10> invocations in <22.367>s = <0.44708722671793266> invokes/s
Test shortsubInvoke\Concurrent.properties
Replace '${HttpDefaultPort}' in WSDL soap location by '9080' defined in sun-http-binding.

Replace '${HttpDefaultPort}' in WSDL soap location by '9080' defined in sun-http-binding.

Replace '${HttpDefaultPort}' in WSDL soap location by '9080' defined in sun-http-binding.

Replace '${HttpDefaultPort}' in WSDL soap location by '9080' defined in sun-http-binding.

Replace '${HttpDefaultPort}' in WSDL soap location by '9080' defined in sun-http-binding.

Replace '${HttpDefaultPort}' in WSDL soap location by '9080' defined in sun-http-binding.

Replace '${HttpDefaultPort}' in WSDL soap location by '9080' defined in sun-http-binding.

Replace '${HttpDefaultPort}' in WSDL soap location by '9080' defined in sun-http-binding.

Replace '${HttpDefaultPort}' in WSDL soap location by '9080' defined in sun-http-binding.

Replace '${HttpDefaultPort}' in WSDL soap location by '9080' defined in sun-http-binding.
 Passed. Threads count Success: <10> Error: <0> Not completed: <0> Throughput: <10> invocations in <22.521>s = <0.4440300164291106> invokes/s
Test simpExpr\Concurrent.properties
Replace '${HttpDefaultPort}' in WSDL soap location by '9080' defined in sun-http-binding.
 Passed. Threads count Success: <1> Error: <0> Not completed: <0>
Test testTrailingZeros\Concurrent.properties
Replace '${HttpDefaultPort}' in WSDL soap location by '9080' defined in sun-http-binding.
 Passed. Threads count Success: <1> Error: <0> Not completed: <0>
Test testforCR6470807\Concurrent.properties
Replace '${HttpDefaultPort}' in WSDL soap location by '9080' defined in sun-http-binding.
 Passed. Threads count Success: <1> Error: <0> Not completed: <0>
]]></system-out>
  <system-err><![CDATA[]]></system-err>
</testsuite>
