<?xml version="1.0" encoding="UTF-8" ?>
<testsuite errors="0" failures="0" hostname="Vishnu-PC2" name="org.netbeans.modules.compapp.catd.ConfiguredTest" tests="238" time="36.104" timestamp="2013-03-19T12:34:31">
  <properties>
    <property name="libs.jsp-compiler.javadoc" value="" />
    <property name="com.sun.jbi.sa.internal.routing" value="true" />
    <property name="libs.Encoder-HL7.javadoc" value="" />
    <property name="libs.jsf20.maven-pom" value="" />
    <property name="source.root" value="src" />
    <property name="ant.library.dir" value="C:\apache-ant-1.8.4\lib" />
    <property name="libs.junit.javadoc" value="C:\OpenESB-v2.3-b96\netbeans\java\docs\junit-3.8.2-api.zip" />
    <property name="ant.core.lib" value="C:\apache-ant-1.8.4\lib\ant.jar" />
    <property name="javadoc.windowtitle" value="" />
    <property name="libs.jsp-compilation.javadoc" value="" />
    <property name="user.dir" value="E:\git-repos\open-esb\openesb-components\driver-tests\bpelse\assign\AssignJbi" />
    <property name="libs.hibernate-persistence.javadoc" value="" />
    <property name="java.vm.version" value="20.10-b01" />
    <property name="libs.jstl11.maven-pom" value="" />
    <property name="libs.MySQLDriver.classpath" value="C:\OpenESB-v2.3-b96\netbeans\ide\modules\ext\mysql-connector-java-5.1.18-bin.jar" />
    <property name="jbi.content.additional" value="../AssignBpel/build/SEDeployment.jar" />
    <property name="libs.eclipselinkmodelgen.src" value="" />
    <property name="libs.jstl11.src" value="" />
    <property name="javadoc.notree" value="false" />
    <property name="libs.javaee-web-api-6.0.classpath" value="C:\OpenESB-v2.3-b96\netbeans\enterprise\modules\ext\javaee-web-api-6.0.jar" />
    <property name="libs.hibernate-support.maven-pom" value="" />
    <property name="libs.hibernate-support.javadoc" value="" />
    <property name="libs.javac-api.src" value="" />
    <property name="javadoc.noindex" value="false" />
    <property name="xml.module.install.dir" value="C:\OpenESB-v2.3-b96\netbeans\soa\modules" />
    <property name="sun.os.patch.level" value="Service Pack 1" />
    <property name="AssignBpel.su.name" value="AssignBpel" />
    <property name="java.vm.specification.name" value="Java Virtual Machine Specification" />
    <property name="libs.Encoder-Custom.javadoc" value="" />
    <property name="have.tests" value="true" />
    <property name="j2ee.server.instance" value="[C:\OpenESB-v2.3-b96\glassfish]deployer:Sun:AppServer::localhost:4848" />
    <property name="libs.javac-api.javadoc" value="" />
    <property name="os.name" value="Windows 7" />
    <property name="esb.netbeans.platform" value="C:\OpenESB-v2.3-b96\netbeans/platform" />
    <property name="libs.beans-binding.classpath" value="C:\OpenESB-v2.3-b96\netbeans\java\modules\ext\beansbinding-1.2.1.jar" />
    <property name="libs.restapi.javadoc" value="C:\OpenESB-v2.3-b96\netbeans\enterprise\docs\jsr311-api-1.1.1-javadoc.zip" />
    <property name="libs.JWSAntTasks.maven-pom" value="" />
    <property name="libs.testng.src" value="" />
    <property name="libs.spring-webmvc3.0.src" value="" />
    <property name="libs.restapi.classpath" value="C:\OpenESB-v2.3-b96\netbeans\enterprise\modules\ext\rest\jsr311-api-1.1.1.jar" />
    <property name="java.vendor.url.bug" value="http://java.sun.com/cgi-bin/bugreport.cgi" />
    <property name="libs.jaxb.maven-pom" value="" />
    <property name="os.arch" value="amd64" />
    <property name="libs.Encoder-Custom.classpath" value="C:\OpenESB-v2.3-b96\netbeans\soa\modules\ext\custom.jar;C:\OpenESB-v2.3-b96\netbeans\soa\modules\ext\customencoder-xsdextension.jar" />
    <property name="libs.eclipselink.src" value="" />
    <property name="user.name" value="Vishnu" />
    <property name="libs.jsf12.javadoc" value="C:\OpenESB-v2.3-b96\netbeans\enterprise\docs\javaee6-doc-api.zip" />
    <property name="libs.spring-webmvc3.0.maven-pom" value="" />
    <property name="libs.swing-layout.maven-pom" value="" />
    <property name="sun.java.command" value="org.apache.tools.ant.taskdefs.optional.junit.JUnitTestRunner org.netbeans.modules.compapp.catd.ConfiguredTest filtertrace=true haltOnError=false haltOnFailure=false showoutput=true outputtoformatters=true logfailedtests=true logtestlistenerevents=false formatter=org.apache.tools.ant.taskdefs.optional.junit.BriefJUnitResultFormatter formatter=org.apache.tools.ant.taskdefs.optional.junit.XMLJUnitResultFormatter,E:\git-repos\open-esb\openesb-components\driver-tests\bpelse\assign\AssignJbi\test\results\TEST-org.netbeans.modules.compapp.catd.ConfiguredTest.xml crashfile=C:\Users\Vishnu\AppData\Local\Temp\junitvmwatcher4699061139842858040.properties propsfile=C:\Users\Vishnu\AppData\Local\Temp\junit4842621084715827187.properties" />
    <property name="build.classes.dir" value="build/jar" />
    <property name="AssignBpel.su.dir" value="src/jbiasa/../jbiServiceUnits/AssignBpel" />
    <property name="enterprise.module.install.dir" value="C:\OpenESB-v2.3-b96\netbeans\enterprise\modules" />
    <property name="libs.jaxws21.javadoc" value="C:\OpenESB-v2.3-b96\netbeans\java\docs\jaxws-api-doc.zip" />
    <property name="user.country" value="IN" />
    <property name="libs.jstl11.javadoc" value="C:\OpenESB-v2.3-b96\netbeans\enterprise\docs\javaee6-doc-api.zip" />
    <property name="javadoc.encoding" value="" />
    <property name="libs.jsp-compilation-syscp.src" value="" />
    <property name="esb.netbeans.user" value="C:\OpenESB-v2.3-b96\.netbeans\openesb" />
    <property name="meta.inf" value="src/conf" />
    <property name="ServerPassword" value="adminadmin" />
    <property name="libs.javaee-web-api-6.0.src" value="" />
    <property name="libs.ejb3-persistence.src" value="" />
    <property name="libs.jsp-compilation-syscp.classpath" value="C:\OpenESB-v2.3-b96\netbeans\java\ant\lib\ant.jar;C:\OpenESB-v2.3-b96\netbeans\enterprise\modules\ext\servlet3.0-jsp2.2-api.jar;C:\OpenESB-v2.3-b96\netbeans\enterprise\modules\ext\glassfish-jspparser-3.0.jar;C:\OpenESB-v2.3-b96\netbeans\enterprise\modules\ext\standard.jar;C:\OpenESB-v2.3-b96\netbeans\enterprise\modules\ext\jsf-2_1\jsf-impl.jar" />
    <property name="java.endorsed.dirs" value="C:\Java\jdk1.6.0_35\jre\lib\endorsed" />
    <property name="ant.file.AssignJbi-jbi-impl" value="E:\git-repos\open-esb\openesb-components\driver-tests\bpelse\assign\AssignJbi\nbproject\build-impl.xml" />
    <property name="java.vm.specification.version" value="1.0" />
    <property name="libs.primefaces.classpath" value="C:\OpenESB-v2.3-b96\netbeans\enterprise\modules\ext\primefaces\primefaces-3.2.jar" />
    <property name="libs.javaee-api-6.0.classpath" value="C:\OpenESB-v2.3-b96\netbeans\enterprise\modules\ext\javaee-api-6.0.jar" />
    <property name="java.awt.headless" value="${java.awt.headless}" />
    <property name="libs.hibernate-persistence.classpath" value="C:\OpenESB-v2.3-b96\netbeans\java\modules\ext\hibernate\antlr-2.7.6.jar;C:\OpenESB-v2.3-b96\netbeans\java\modules\ext\hibernate\asm.jar;C:\OpenESB-v2.3-b96\netbeans\java\modules\ext\hibernate\asm-attrs.jar;C:\OpenESB-v2.3-b96\netbeans\java\modules\ext\hibernate\cglib-2.1.3.jar;C:\OpenESB-v2.3-b96\netbeans\java\modules\ext\hibernate\commons-collections-2.1.1.jar;C:\OpenESB-v2.3-b96\netbeans\ide\modules\org-apache-commons-logging.jar;C:\OpenESB-v2.3-b96\netbeans\java\modules\ext\hibernate\dom4j-1.6.1.jar;C:\OpenESB-v2.3-b96\netbeans\java\modules\ext\hibernate\ehcache-1.2.3.jar;C:\OpenESB-v2.3-b96\netbeans\java\modules\ext\hibernate\jdbc2_0-stdext.jar;C:\OpenESB-v2.3-b96\netbeans\java\modules\ext\hibernate\jta.jar;C:\OpenESB-v2.3-b96\netbeans\java\modules\ext\hibernate\hibernate3.jar;C:\OpenESB-v2.3-b96\netbeans\java\modules\ext\hibernate\hibernate-tools.jar;C:\OpenESB-v2.3-b96\netbeans\java\modules\ext\hibernate\hibernate-annotations.jar;C:\OpenESB-v2.3-b96\netbeans\java\modules\ext\hibernate\hibernate-commons-annotations.jar;C:\OpenESB-v2.3-b96\netbeans\java\modules\ext\hibernate\hibernate-entitymanager.jar;C:\OpenESB-v2.3-b96\netbeans\java\modules\ext\hibernate\javassist.jar;C:\OpenESB-v2.3-b96\netbeans\java\modules\ext\hibernate\ejb3-persistence.jar" />
    <property name="libs.jaxws21.src" value="" />
    <property name="libs.Encoder-Framework.javadoc" value="" />
    <property name="java.vendor" value="Sun Microsystems Inc." />
    <property name="libs.javaee-api-6.0.javadoc" value="C:\OpenESB-v2.3-b96\netbeans\enterprise\docs\javaee6-doc-api.zip" />
    <property name="javac.debug" value="true" />
    <property name="javadoc.splitindex" value="true" />
    <property name="file.separator" value="\" />
    <property name="libs.junit_4.maven-pom" value="" />
    <property name="libs.JWSAntTasks.javadoc" value="" />
    <property name="user.variant" value="" />
    <property name="libs.eclipselinkmodelgen.classpath" value="C:\OpenESB-v2.3-b96\netbeans\java\modules\ext\eclipselink\org.eclipse.persistence.jpa.modelgen.processor-2.3.2.jar" />
    <property name="sun.java.launcher" value="SUN_STANDARD" />
    <property name="libs.junit.classpath" value="C:\OpenESB-v2.3-b96\netbeans\java\modules\ext\junit-3.8.2.jar" />
    <property name="libs.jaxb.javadoc" value="C:\OpenESB-v2.3-b96\netbeans\ide\docs\jaxb-api-doc.zip" />
    <property name="libs.struts.classpath" value="C:\OpenESB-v2.3-b96\netbeans\enterprise\modules\ext\struts\antlr-2.7.2.jar;C:\OpenESB-v2.3-b96\netbeans\enterprise\modules\ext\struts\bsf-2.3.0.jar;C:\OpenESB-v2.3-b96\netbeans\enterprise\modules\ext\struts\commons-beanutils-1.8.0.jar;C:\OpenESB-v2.3-b96\netbeans\enterprise\modules\ext\struts\commons-chain-1.2.jar;C:\OpenESB-v2.3-b96\netbeans\enterprise\modules\ext\struts\commons-digester-1.8.jar;C:\OpenESB-v2.3-b96\netbeans\enterprise\modules\ext\struts\commons-fileupload-1.1.1.jar;C:\OpenESB-v2.3-b96\netbeans\enterprise\modules\ext\struts\commons-io-1.1.jar;C:\OpenESB-v2.3-b96\netbeans\enterprise\modules\ext\struts\commons-logging-1.0.4.jar;C:\OpenESB-v2.3-b96\netbeans\enterprise\modules\ext\struts\commons-validator-1.3.1.jar;C:\OpenESB-v2.3-b96\netbeans\enterprise\modules\ext\struts\jstl-1.0.2.jar;C:\OpenESB-v2.3-b96\netbeans\enterprise\modules\ext\struts\oro-2.0.8.jar;C:\OpenESB-v2.3-b96\netbeans\enterprise\modules\ext\struts\standard-1.0.6.jar;C:\OpenESB-v2.3-b96\netbeans\enterprise\modules\ext\struts\struts-core-1.3.10.jar;C:\OpenESB-v2.3-b96\netbeans\enterprise\modules\ext\struts\struts-el-1.3.10.jar;C:\OpenESB-v2.3-b96\netbeans\enterprise\modules\ext\struts\struts-extras-1.3.10.jar;C:\OpenESB-v2.3-b96\netbeans\enterprise\modules\ext\struts\struts-faces-1.3.10.jar;C:\OpenESB-v2.3-b96\netbeans\enterprise\modules\ext\struts\struts-mailreader-dao-1.3.10.jar;C:\OpenESB-v2.3-b96\netbeans\enterprise\modules\ext\struts\struts-scripting-1.3.10.jar;C:\OpenESB-v2.3-b96\netbeans\enterprise\modules\ext\struts\struts-taglib-1.3.10.jar;C:\OpenESB-v2.3-b96\netbeans\enterprise\modules\ext\struts\struts-tiles-1.3.10.jar" />
    <property name="ant.home" value="C:\apache-ant-1.8.4" />
    <property name="libs.junit_4.src" value="C:\OpenESB-v2.3-b96\netbeans\java\docs\junit-4.10-sources.jar" />
    <property name="libs.testng.classpath" value="C:\OpenESB-v2.3-b96\netbeans\platform\modules\ext\testng-6.5.1-dist.jar" />
    <property name="libs.absolutelayout.maven-pom" value="" />
    <property name="ant.java.version" value="1.6" />
    <property name="java.library.path" value="C:\Java\jdk1.6.0_35\jre\bin;C:\Windows\Sun\Java\bin;C:\Windows\system32;C:\Windows;C:\oraclexe\app\oracle\product\11.2.0\server\bin;C:\Java\jdk1.6.0_35\bin;C:\Program Files\Common Files\Microsoft Shared\Windows Live;C:\Program Files (x86)\Common Files\Microsoft Shared\Windows Live;c:\Program Files (x86)\Intel\iCLS Client\;c:\Program Files\Intel\iCLS Client\;c:\Program Files (x86)\AMD APP\bin\x86_64;c:\Program Files (x86)\AMD APP\bin\x86;C:\Windows\system32;C:\Windows;C:\Windows\System32\Wbem;C:\Windows\System32\WindowsPowerShell\v1.0\;c:\Program Files (x86)\ATI Technologies\ATI.ACE\Core-Static;C:\Program Files\Intel\WiFi\bin\;C:\Program Files\Common Files\Intel\WirelessCommon\;C:\Program Files (x86)\Windows Live\Shared;C:\Program Files (x86)\MySQL\MySQL Server 5.1\bin;C:\Program Files\TortoiseSVN\bin;C:\Program Files (x86)\Calibre2\;C:\Program Files (x86)\QuickTime\QTSystem\;C:\Program Files (x86)\Symantec\VIP Access Client\;E:\apache-maven-3.0.4\bin;C:\oraclexe\app\oracle\product\11.2.0\server\bin;C:\Java\jdk1.6.0_35\bin;C:\Program Files\Common Files\Microsoft Shared\Windows Live;C:\Program Files (x86)\Common Files\Microsoft Shared\Windows Live;c:\Program Files (x86)\Intel\iCLS Client\;c:\Program Files\Intel\iCLS Client\;c:\Program Files (x86)\AMD APP\bin\x86_64;c:\Program Files (x86)\AMD APP\bin\x86;C:\Windows\system32;C:\Windows;C:\Windows\System32\Wbem;C:\Windows\System32\WindowsPowerShell\v1.0\;c:\Program Files (x86)\ATI Technologies\ATI.ACE\Core-Static;C:\Program Files\Intel\WiFi\bin\;C:\Program Files\Common Files\Intel\WirelessCommon\;C:\Program Files (x86)\Windows Live\Shared;C:\Program Files (x86)\MySQL\MySQL Server 5.1\bin;C:\Program Files\TortoiseSVN\bin;C:\Program Files (x86)\Calibre2\;C:\Program Files (x86)\QuickTime\QTSystem\;C:\Program Files (x86)\Symantec\VIP Access Client\;E:\aspectj1.7\bin;C:\apache-ant-1.8.4\bin;C:\OpenSSL-Win32\bin;." />
    <property name="javadoc.author" value="false" />
    <property name="libs.metro.maven-pom" value="" />
    <property name="libs.Encoder-HL7.classpath" value="C:\OpenESB-v2.3-b96\netbeans\soa\modules\ext\hl7.jar;C:\OpenESB-v2.3-b96\netbeans\soa\modules\ext\hl7encoder-xsdextension.jar" />
    <property name="libs.PostgreSQLDriver.src" value="" />
    <property name="include.jar.manifest" value="" />
    <property name="sun.arch.data.model" value="64" />
    <property name="basedir" value="E:\git-repos\open-esb\openesb-components\driver-tests\bpelse\assign\AssignJbi" />
    <property name="libs.jpa20-persistence.maven-pom" value="" />
    <property name="jar.compress" value="false" />
    <property name="libs.jstl11.classpath" value="C:\OpenESB-v2.3-b96\netbeans\enterprise\modules\ext\standard.jar;C:\OpenESB-v2.3-b96\netbeans\enterprise\modules\ext\jstl.jar" />
    <property name="path.separator" value=";" />
    <property name="libs.javaee-web-api-6.0.javadoc" value="C:\OpenESB-v2.3-b96\netbeans\enterprise\docs\javaee6-doc-api.zip" />
    <property name="sun.io.unicode.encoding" value="UnicodeLittle" />
    <property name="libs.jaxws21.classpath" value="C:\OpenESB-v2.3-b96\netbeans\ide\modules\ext\jaxb\jaxb-impl.jar;C:\OpenESB-v2.3-b96\netbeans\ide\modules\ext\jaxb\jaxb-xjc.jar;C:\OpenESB-v2.3-b96\netbeans\java\modules\ext\jaxws22\FastInfoset.jar;C:\OpenESB-v2.3-b96\netbeans\java\modules\ext\jaxws22\gmbal-api-only.jar;C:\OpenESB-v2.3-b96\netbeans\java\modules\ext\jaxws22\ha-api.jar;C:\OpenESB-v2.3-b96\netbeans\java\modules\ext\jaxws22\javax.mail_1.4.jar;C:\OpenESB-v2.3-b96\netbeans\java\modules\ext\jaxws22\jaxws-rt.jar;C:\OpenESB-v2.3-b96\netbeans\java\modules\ext\jaxws22\jaxws-tools.jar;C:\OpenESB-v2.3-b96\netbeans\java\modules\ext\jaxws22\management-api.jar;C:\OpenESB-v2.3-b96\netbeans\java\modules\ext\jaxws22\mimepull.jar;C:\OpenESB-v2.3-b96\netbeans\java\modules\ext\jaxws22\policy.jar;C:\OpenESB-v2.3-b96\netbeans\java\modules\ext\jaxws22\saaj-impl.jar;C:\OpenESB-v2.3-b96\netbeans\java\modules\ext\jaxws22\stax-ex.jar;C:\OpenESB-v2.3-b96\netbeans\java\modules\ext\jaxws22\stax2-api.jar;C:\OpenESB-v2.3-b96\netbeans\java\modules\ext\jaxws22\streambuffer.jar;C:\OpenESB-v2.3-b96\netbeans\java\modules\ext\jaxws22\woodstox-core-asl.jar;C:\OpenESB-v2.3-b96\netbeans\java\modules\ext\jaxws22\api\jaxws-api.jar;C:\OpenESB-v2.3-b96\netbeans\java\modules\ext\jaxws22\api\jsr181-api.jar;C:\OpenESB-v2.3-b96\netbeans\java\modules\ext\jaxws22\api\javax.annotation.jar;C:\OpenESB-v2.3-b96\netbeans\java\modules\ext\jaxws22\api\saaj-api.jar;C:\OpenESB-v2.3-b96\netbeans\ide\modules\ext\jaxb\activation.jar;C:\OpenESB-v2.3-b96\netbeans\ide\modules\ext\jaxb\api\jaxb-api.jar;C:\OpenESB-v2.3-b96\netbeans\ide\modules\ext\jaxb\api\jsr173_1.0_api.jar" />
    <property name="ant.file.type.AssignJbi-jbi-impl" value="file" />
    <property name="libs.struts.src" value="" />
    <property name="user.language" value="en" />
    <property name="libs.Encoder-Framework.src" value="" />
    <property name="libs.JAXB-ENDORSED.maven-pom" value="" />
    <property name="ant.file." value="E:\git-repos\open-esb\openesb-components\driver-tests\bpelse\assign\AssignJbi\build.xml" />
    <property name="libs.spring-framework.classpath" value="C:\OpenESB-v2.3-b96\netbeans\ide\modules\org-apache-commons-logging.jar;C:\OpenESB-v2.3-b96\netbeans\java\modules\ext\cglib-2.2.jar;C:\OpenESB-v2.3-b96\netbeans\java\modules\ext\spring\spring-2.5.6.SEC03.jar" />
    <property name="libs.eclipselink.maven-pom" value="" />
    <property name="libs.primefaces.javadoc" value="" />
    <property name="libs.spring-framework300.maven-pom" value="" />
    <property name="ant.project.invoked-targets" value="jbi-unit-test" />
    <property name="libs.Encoder-Framework.classpath" value="C:\OpenESB-v2.3-b96\netbeans\soa\modules\ext\encoderframework.jar;C:\OpenESB-v2.3-b96\netbeans\soa\modules\ext\encoderfrmwk-xsdextension.jar;C:\OpenESB-v2.3-b96\netbeans\soa\modules\ext\xbean.jar" />
    <property name="libs.swing-layout.javadoc" value="C:\OpenESB-v2.3-b96\netbeans\platform\docs\swing-layout-1.0.4-doc.zip" />
    <property name="libs.ejb3-persistence.maven-pom" value="" />
    <property name="libs.PostgreSQLDriver.maven-pom" value="" />
    <property name="java.class.version" value="50.0" />
    <property name="libs.javaee-endorsed-api-6.0.src" value="" />
    <property name="libs.eclipselink.javadoc" value="" />
    <property name="libs.jsp-compilation.maven-pom" value="" />
    <property name="user.properties.file" value="C:\OpenESB-v2.3-b96\.netbeans\openesb\build.properties" />
    <property name="libs.spring-framework.src" value="" />
    <property name="libs.javac-api.maven-pom" value="" />
    <property name="file.encoding.pkg" value="sun.io" />
    <property name="sun.cpu.endian" value="little" />
    <property name="libs.JAXB-ENDORSED.javadoc" value="" />
    <property name="libs.JWSAntTasks.classpath" value="C:\OpenESB-v2.3-b96\netbeans\java\ant\extra\org-netbeans-modules-javawebstart-anttasks.jar" />
    <property name="libs.spring-framework300.src" value="" />
    <property name="libs.PojoSELib.src" value="C:\OpenESB-v2.3-b96\netbeans\soa\modules\ext\sun-pojo-engine-api-src.jar" />
    <property name="javadoc.preview" value="true" />
    <property name="libs.jpa20-persistence.javadoc" value="" />
    <property name="java.home" value="C:\Java\jdk1.6.0_35\jre" />
    <property name="libs.jsp-compilation.src" value="" />
    <property name="libs.spring-webmvc.src" value="" />
    <property name="libs.javaee-endorsed-api-6.0.classpath" value="C:\OpenESB-v2.3-b96\netbeans\enterprise\modules\ext\javaee6-endorsed\javax.annotation.jar;C:\OpenESB-v2.3-b96\netbeans\enterprise\modules\ext\javaee6-endorsed\jaxb-api-osgi.jar;C:\OpenESB-v2.3-b96\netbeans\enterprise\modules\ext\javaee6-endorsed\webservices-api-osgi.jar" />
    <property name="libs.javaee-api-6.0.src" value="" />
    <property name="ant.project.default-target" value="default" />
    <property name="libs.PostgreSQLDriver.javadoc" value="" />
    <property name="libs.restlib.classpath" value="C:\OpenESB-v2.3-b96\netbeans\enterprise\modules\ext\rest\asm-3.1.jar;C:\OpenESB-v2.3-b96\netbeans\enterprise\modules\ext\rest\jackson-core-asl-1.7.1.jar;C:\OpenESB-v2.3-b96\netbeans\enterprise\modules\ext\rest\jackson-jaxrs-1.7.1.jar;C:\OpenESB-v2.3-b96\netbeans\enterprise\modules\ext\rest\jackson-mapper-asl-1.7.1.jar;C:\OpenESB-v2.3-b96\netbeans\enterprise\modules\ext\rest\jackson-xc-1.7.1.jar;C:\OpenESB-v2.3-b96\netbeans\enterprise\modules\ext\rest\jersey-apache-client-1.8.jar;C:\OpenESB-v2.3-b96\netbeans\enterprise\modules\ext\rest\jersey-atom-abdera-1.8.jar;C:\OpenESB-v2.3-b96\netbeans\enterprise\modules\ext\rest\jersey-client-1.8.jar;C:\OpenESB-v2.3-b96\netbeans\enterprise\modules\ext\rest\jersey-core-1.8.jar;C:\OpenESB-v2.3-b96\netbeans\enterprise\modules\ext\rest\jersey-guice-1.8.jar;C:\OpenESB-v2.3-b96\netbeans\enterprise\modules\ext\rest\jersey-json-1.8.jar;C:\OpenESB-v2.3-b96\netbeans\enterprise\modules\ext\rest\jersey-multipart-1.8.jar;C:\OpenESB-v2.3-b96\netbeans\enterprise\modules\ext\rest\jersey-server-1.8.jar;C:\OpenESB-v2.3-b96\netbeans\enterprise\modules\ext\rest\jersey-simple-server-1.8.jar;C:\OpenESB-v2.3-b96\netbeans\enterprise\modules\ext\rest\jersey-spring-1.8.jar;C:\OpenESB-v2.3-b96\netbeans\enterprise\modules\ext\rest\jettison-1.1.jar;C:\OpenESB-v2.3-b96\netbeans\enterprise\modules\ext\rest\oauth-client-1.8.jar;C:\OpenESB-v2.3-b96\netbeans\enterprise\modules\ext\rest\oauth-server-1.8.jar;C:\OpenESB-v2.3-b96\netbeans\enterprise\modules\ext\rest\oauth-signature-1.8.jar;C:\OpenESB-v2.3-b96\netbeans\ide\modules\ext\jaxb\activation.jar;C:\OpenESB-v2.3-b96\netbeans\ide\modules\ext\jaxb\api\jaxb-api.jar;C:\OpenESB-v2.3-b96\netbeans\ide\modules\ext\jaxb\api\jsr173_1.0_api.jar" />
    <property name="jbi.service-unit.description" value="Represents this Service Unit" />
    <property name="libs.MySQLDriver.maven-pom" value="" />
    <property name="ant.file.type.capstool" value="file" />
    <property name="ant.file.capstool" value="E:\git-repos\open-esb\openesb-components\nbbuild\build.xml" />
    <property name="libs.junit_4.javadoc" value="C:\OpenESB-v2.3-b96\netbeans\java\docs\junit-4.10-javadoc.jar" />
    <property name="netbeans.dir" value="C:\OpenESB-v2.3-b96\netbeans" />
    <property name="libs.spring-webmvc.javadoc" value="" />
    <property name="test.results.dir" value="E:\git-repos\open-esb\openesb-components\driver-tests\bpelse\assign\AssignJbi/test/results" />
    <property name="libs.javaee-web-api-6.0.maven-pom" value="" />
    <property name="jar.name" value="AssignJbi.jar" />
    <property name="libs.hibernate-support.src" value="" />
    <property name="libs.javaee-endorsed-api-6.0.javadoc" value="C:\OpenESB-v2.3-b96\netbeans\enterprise\docs\javaee6-doc-api.zip" />
    <property name="libs.PojoSELib.classpath" value="C:\OpenESB-v2.3-b96\netbeans\soa\modules\ext\sun-pojo-engine-api.jar;C:\OpenESB-v2.3-b96\netbeans\soa\modules\ext\jbi.jar" />
    <property name="ant.file.type." value="file" />
    <property name="libs.spring-webmvc3.0.javadoc" value="" />
    <property name="libs.restapi.src" value="" />
    <property name="sun.management.compiler" value="HotSpot 64-Bit Tiered Compilers" />
    <property name="javac.deprecation" value="false" />
    <property name="javadoc.use" value="true" />
    <property name="libs.jsp-compiler.classpath" value="C:\OpenESB-v2.3-b96\netbeans\enterprise\ant\extra\jspcompile.jar" />
    <property name="libs.spring-webmvc.classpath" value="C:\OpenESB-v2.3-b96\netbeans\enterprise\modules\ext\spring\spring-webmvc-2.5.6.SEC03.jar" />
    <property name="ant.file" value="E:\git-repos\open-esb\openesb-components\driver-tests\bpelse\assign\AssignJbi\build.xml" />
    <property name="libs.beans-binding.maven-pom" value="" />
    <property name="libs.jsf12.classpath" value="C:\OpenESB-v2.3-b96\netbeans\enterprise\modules\ext\jsf-1_2\commons-beanutils.jar;C:\OpenESB-v2.3-b96\netbeans\enterprise\modules\ext\jsf-1_2\commons-collections.jar;C:\OpenESB-v2.3-b96\netbeans\enterprise\modules\ext\jsf-1_2\commons-digester.jar;C:\OpenESB-v2.3-b96\netbeans\enterprise\modules\ext\jsf-1_2\commons-logging.jar;C:\OpenESB-v2.3-b96\netbeans\enterprise\modules\ext\jsf-1_2\jsf-api.jar;C:\OpenESB-v2.3-b96\netbeans\enterprise\modules\ext\jsf-1_2\jsf-impl.jar" />
    <property name="libs.Encoder-HL7.src" value="" />
    <property name="GenerateATSOutput" value="${generate.ats.output}" />
    <property name="libs.restapi.maven-pom" value="" />
    <property name="no.catd.context" value="true" />
    <property name="libs.beans-binding.src" value="" />
    <property name="java.vm.specification.vendor" value="Sun Microsystems Inc." />
    <property name="libs.swing-layout.src" value="C:\OpenESB-v2.3-b96\netbeans\platform\docs\swing-layout-1.0.4-src.zip" />
    <property name="java.vm.name" value="Java HotSpot(TM) 64-Bit Server VM" />
    <property name="libs.Encoder-Custom.maven-pom" value="" />
    <property name="netbeans.user" value="C:\OpenESB-v2.3-b96\.netbeans\openesb" />
    <property name="java.io.tmpdir" value="C:\Users\Vishnu\AppData\Local\Temp\" />
    <property name="java.vendor.url" value="http://java.sun.com/" />
    <property name="dist.jar.dir" value="E:\git-repos\open-esb\openesb-components\driver-tests\bpelse\assign\AssignJbi\dist" />
    <property name="libs.jsp-compiler.src" value="" />
    <property name="libs.Encoder-COCO.src" value="" />
    <property name="sun.boot.library.path" value="C:\Java\jdk1.6.0_35\jre\bin" />
    <property name="debug.classpath" value="${javac.classpath}:build/jar" />
    <property name="javadoc.private" value="false" />
    <property name="libs.jsf20.classpath" value="C:\OpenESB-v2.3-b96\netbeans\enterprise\modules\ext\jsf-2_1\jsf-api.jar;C:\OpenESB-v2.3-b96\netbeans\enterprise\modules\ext\jsf-2_1\jsf-impl.jar" />
    <property name="project.AssignBpel" value="../AssignBpel" />
    <property name="dist.jar" value="dist/AssignJbi.zip" />
    <property name="java.runtime.name" value="Java(TM) SE Runtime Environment" />
    <property name="ant.project.name" value="" />
    <property name="libs.PojoSELib.javadoc" value="C:\OpenESB-v2.3-b96\netbeans\soa\modules\ext\sun-pojo-engine-api-javadoc.jar" />
    <property name="libs.jsp-compilation-syscp.maven-pom" value="" />
    <property name="sun.cpu.isalist" value="amd64" />
    <property name="libs.CopyLibs.javadoc" value="" />
    <property name="libs.hibernate-support.classpath" value="C:\OpenESB-v2.3-b96\netbeans\java\modules\ext\hibernate\antlr-2.7.6.jar;C:\OpenESB-v2.3-b96\netbeans\java\modules\ext\hibernate\asm.jar;C:\OpenESB-v2.3-b96\netbeans\java\modules\ext\hibernate\asm-attrs.jar;C:\OpenESB-v2.3-b96\netbeans\java\modules\ext\hibernate\cglib-2.1.3.jar;C:\OpenESB-v2.3-b96\netbeans\java\modules\ext\hibernate\commons-collections-2.1.1.jar;C:\OpenESB-v2.3-b96\netbeans\ide\modules\org-apache-commons-logging.jar;C:\OpenESB-v2.3-b96\netbeans\java\modules\ext\hibernate\dom4j-1.6.1.jar;C:\OpenESB-v2.3-b96\netbeans\java\modules\ext\hibernate\ehcache-1.2.3.jar;C:\OpenESB-v2.3-b96\netbeans\java\modules\ext\hibernate\jdbc2_0-stdext.jar;C:\OpenESB-v2.3-b96\netbeans\java\modules\ext\hibernate\jta.jar;C:\OpenESB-v2.3-b96\netbeans\java\modules\ext\hibernate\hibernate3.jar;C:\OpenESB-v2.3-b96\netbeans\java\modules\ext\hibernate\hibernate-tools.jar;C:\OpenESB-v2.3-b96\netbeans\java\modules\ext\hibernate\hibernate-annotations.jar;C:\OpenESB-v2.3-b96\netbeans\java\modules\ext\hibernate\hibernate-commons-annotations.jar;C:\OpenESB-v2.3-b96\netbeans\java\modules\ext\hibernate\hibernate-entitymanager.jar;C:\OpenESB-v2.3-b96\netbeans\java\modules\ext\hibernate\javassist.jar" />
    <property name="user.home" value="C:\Users\Vishnu" />
    <property name="libs.primefaces.maven-pom" value="" />
    <property name="com.sun.jbi.routing" value="true" />
    <property name="libs.javaee-api-6.0.maven-pom" value="" />
    <property name="libs.JWSAntTasks.src" value="" />
    <property name="libs.CopyLibs.maven-pom" value="" />
    <property name="libs.spring-framework300.javadoc" value="" />
    <property name="libs.hibernate-persistence.maven-pom" value="" />
    <property name="libs.absolutelayout.javadoc" value="" />
    <property name="java.specification.name" value="Java Platform API Specification" />
    <property name="libs.Encoder-COCO.maven-pom" value="" />
    <property name="ide.module.install.dir" value="C:\OpenESB-v2.3-b96\netbeans\ide\modules" />
    <property name="java.specification.vendor" value="Sun Microsystems Inc." />
    <property name="libs.javac-api.classpath" value="C:\OpenESB-v2.3-b96\netbeans\java\modules\ext\nb-javac-api.jar" />
    <property name="java.version" value="1.6.0_35" />
    <property name="javadoc.version" value="false" />
    <property name="libs.MySQLDriver.javadoc" value="" />
    <property name="source.encoding" value="windows-1252" />
    <property name="libs.eclipselinkmodelgen.maven-pom" value="" />
    <property name="libs.jsp-compilation-syscp.javadoc" value="" />
    <property name="server.password" value="adminadmin" />
    <property name="libs.junit.maven-pom" value="" />
    <property name="libs.eclipselinkmodelgen.javadoc" value="" />
    <property name="libs.metro.javadoc" value="C:\OpenESB-v2.3-b96\netbeans\enterprise\docs\metro-1.4-doc.zip" />
    <property name="libs.struts.maven-pom" value="" />
    <property name="libs.testng.maven-pom" value="" />
    <property name="NetBeansUserDir" value="C:\OpenESB-v2.3-b96\.netbeans\openesb" />
    <property name="test.dir" value="test" />
    <property name="libs.jaxb.src" value="" />
    <property name="libs.Encoder-HL7.maven-pom" value="" />
    <property name="libs.jaxb.classpath" value="C:\OpenESB-v2.3-b96\netbeans\ide\modules\ext\jaxb\jaxb-impl.jar;C:\OpenESB-v2.3-b96\netbeans\ide\modules\ext\jaxb\jaxb-xjc.jar;C:\OpenESB-v2.3-b96\netbeans\ide\modules\ext\jaxb\jaxb1-impl.jar;C:\OpenESB-v2.3-b96\netbeans\ide\modules\ext\jaxb\activation.jar;C:\OpenESB-v2.3-b96\netbeans\ide\modules\ext\jaxb\api\jaxb-api.jar;C:\OpenESB-v2.3-b96\netbeans\ide\modules\ext\jaxb\api\jsr173_1.0_api.jar" />
    <property name="dist.javadoc.dir" value="dist/javadoc" />
    <property name="libs.swing-layout.classpath" value="C:\OpenESB-v2.3-b96\netbeans\platform\modules\ext\swing-layout-1.0.4.jar" />
    <property name="libs.spring-webmvc3.0.classpath" value="C:\OpenESB-v2.3-b96\netbeans\java\modules\ext\spring-3.0\spring-webmvc-3.1.1.RELEASE.jar" />
    <property name="libs.restlib.src" value="" />
    <property name="build.generated.dir" value="build/generated" />
    <property name="javac.source" value="1.4" />
    <property name="libs.hibernate-persistence.src" value="" />
    <property name="line.separator" value="&#xd;&#xa;" />
    <property name="java.specification.version" value="1.6" />
    <property name="libs.jaxws21.maven-pom" value="" />
    <property name="java.vm.info" value="mixed mode" />
    <property name="libs.spring-framework.maven-pom" value="" />
    <property name="sun.boot.class.path" value="C:\Java\jdk1.6.0_35\jre\lib\resources.jar;C:\Java\jdk1.6.0_35\jre\lib\rt.jar;C:\Java\jdk1.6.0_35\jre\lib\sunrsasign.jar;C:\Java\jdk1.6.0_35\jre\lib\jsse.jar;C:\Java\jdk1.6.0_35\jre\lib\jce.jar;C:\Java\jdk1.6.0_35\jre\lib\charsets.jar;C:\Java\jdk1.6.0_35\jre\lib\modules\jdk.boot.jar;C:\Java\jdk1.6.0_35\jre\classes" />
    <property name="javac.target" value="1.4" />
    <property name="src.dir" value="src/jbiasa" />
    <property name="libs.Encoder-Framework.maven-pom" value="" />
    <property name="libs.jsf20.src" value="" />
    <property name="libs.jpa20-persistence.src" value="" />
    <property name="libs.jsf12.src" value="" />
    <property name="j2ee.platform" value="1.4" />
    <property name="libs.struts.javadoc" value="C:\OpenESB-v2.3-b96\netbeans\enterprise\docs\struts-1.3.10-javadoc.zip" />
    <property name="libs.primefaces.src" value="" />
    <property name="dist.dir" value="dist" />
    <property name="org.netbeans.modules.compapp.catd.context" value="" />
    <property name="java.awt.printerjob" value="sun.awt.windows.WPrinterJob" />
    <property name="default.javac.source" value="1.6" />
    <property name="libs.MySQLDriver.src" value="" />
    <property name="sun.jnu.encoding" value="Cp1252" />
    <property name="jbi.service-assembly.id" value="AssignJbi" />
    <property name="libs.Encoder-COCO.javadoc" value="" />
    <property name="esb.netbeans.home" value="C:\OpenESB-v2.3-b96\netbeans" />
    <property name="java.runtime.version" value="1.6.0_35-b10" />
    <property name="libs.ejb3-persistence.javadoc" value="" />
    <property name="jbi.service-assembly.description" value="Represents this Service Assembly" />
    <property name="default.javac.target" value="1.6" />
    <property name="libs.junit_4.classpath" value="C:\OpenESB-v2.3-b96\netbeans\platform\modules\ext\junit-4.10.jar" />
    <property name="user.timezone" value="" />
    <property name="java.module.install.dir" value="C:\OpenESB-v2.3-b96\netbeans\java\modules" />
    <property name="libs.javaee-endorsed-api-6.0.maven-pom" value="" />
    <property name="libs.jsf20.javadoc" value="C:\OpenESB-v2.3-b96\netbeans\enterprise\docs\javaee6-doc-api.zip" />
    <property name="java.ext.dirs" value="C:\Java\jdk1.6.0_35\jre\lib\ext;C:\Windows\Sun\Java\lib\ext" />
    <property name="libs.metro.src" value="" />
    <property name="libs.absolutelayout.classpath" value="C:\OpenESB-v2.3-b96\netbeans\java\modules\ext\AbsoluteLayout.jar" />
    <property name="libs.restlib.maven-pom" value="" />
    <property name="libs.metro.classpath" value="C:\OpenESB-v2.3-b96\netbeans\ide\modules\ext\jaxb\activation.jar;C:\OpenESB-v2.3-b96\netbeans\enterprise\modules\ext\metro\webservices-api.jar;C:\OpenESB-v2.3-b96\netbeans\enterprise\modules\ext\metro\webservices-extra-api.jar;C:\OpenESB-v2.3-b96\netbeans\enterprise\modules\ext\metro\webservices-extra.jar;C:\OpenESB-v2.3-b96\netbeans\enterprise\modules\ext\metro\webservices-rt.jar;C:\OpenESB-v2.3-b96\netbeans\enterprise\modules\ext\metro\webservices-tools.jar" />
    <property name="java.class.path" value="C:\OpenESB-v2.3-b96\netbeans\soa\modules\org-netbeans-modules-compapp-manager-jbi.jar;C:\OpenESB-v2.3-b96\netbeans\soa\modules\org-netbeans-modules-compapp-projects-jbi.jar;C:\OpenESB-v2.3-b96\netbeans\soa\modules\ext\jbi-admin-common.jar;C:\OpenESB-v2.3-b96\netbeans\soa\modules\ext\catd.jar;C:\OpenESB-v2.3-b96\netbeans\java\modules\ext\junit-3.8.2.jar;C:\OpenESB-v2.3-b96\netbeans\ide\modules\org-netbeans-modules-editor-lib.jar;C:\OpenESB-v2.3-b96\netbeans\ide\modules\org-netbeans-modules-editor.jar;C:\OpenESB-v2.3-b96\netbeans\ide\modules\org-netbeans-modules-editor-deprecated-pre65formatting.jar;C:\OpenESB-v2.3-b96\netbeans\ide\modules\org-netbeans-modules-editor-util.jar;C:\OpenESB-v2.3-b96\netbeans\ide\modules\org-netbeans-modules-editor-lib2.jar;C:\OpenESB-v2.3-b96\netbeans\ide\modules\org-netbeans-modules-editor-indent.jar;C:\OpenESB-v2.3-b96\netbeans\ide\modules\org-netbeans-modules-editor-plain.jar;C:\OpenESB-v2.3-b96\netbeans\ide\modules\org-netbeans-modules-editor-plain-lib.jar;C:\OpenESB-v2.3-b96\netbeans\ide\modules\org-netbeans-modules-editor-settings.jar;C:\OpenESB-v2.3-b96\netbeans\ide\modules\org-netbeans-modules-editor-settings-storage.jar;C:\OpenESB-v2.3-b96\netbeans\ide\modules\org-netbeans-modules-lexer.jar;C:\OpenESB-v2.3-b96\netbeans\ide\modules\org-netbeans-modules-xml-core.jar;C:\OpenESB-v2.3-b96\netbeans\ide\modules\org-netbeans-modules-xml-lexer.jar;C:\OpenESB-v2.3-b96\netbeans\ide\modules\org-netbeans-modules-xml-text.jar;C:\OpenESB-v2.3-b96\netbeans\ide\modules\org-netbeans-modules-xml-xdm.jar;C:\OpenESB-v2.3-b96\netbeans\ide\modules\org-netbeans-modules-xml-xam.jar;C:\OpenESB-v2.3-b96\netbeans\ide\modules\org-netbeans-modules-csl-api.jar;C:\OpenESB-v2.3-b96\netbeans\ide\modules\ext\jaxb\activation.jar;C:\OpenESB-v2.3-b96\netbeans\platform\lib\org-openide-modules.jar;C:\OpenESB-v2.3-b96\netbeans\platform\lib\org-openide-util.jar;C:\OpenESB-v2.3-b96\netbeans\platform\lib\org-openide-util-lookup.jar;C:\OpenESB-v2.3-b96\netbeans\platform\modules\org-openide-awt.jar;C:\OpenESB-v2.3-b96\netbeans\platform\modules\org-openide-options.jar;C:\OpenESB-v2.3-b96\netbeans\platform\modules\org-openide-text.jar;C:\OpenESB-v2.3-b96\netbeans\platform\modules\org-openide-loaders.jar;C:\OpenESB-v2.3-b96\netbeans\platform\modules\org-openide-nodes.jar;C:\OpenESB-v2.3-b96\netbeans\platform\modules\org-netbeans-modules-editor-mimelookup.jar;C:\OpenESB-v2.3-b96\netbeans\platform\modules\org-netbeans-modules-editor-mimelookup-impl.jar;C:\OpenESB-v2.3-b96\netbeans\platform\core\org-openide-filesystems.jar;C:\OpenESB-v2.3-b96\netbeans\platform\modules\org-netbeans-modules-keyring.jar;C:\OpenESB-v2.3-b96\netbeans\platform\modules\org-openide-dialogs.jar;C:\apache-ant-1.8.4\lib\ant-launcher.jar;C:\apache-ant-1.8.4\lib\ant.jar;C:\apache-ant-1.8.4\lib\ant-junit.jar;C:\apache-ant-1.8.4\lib\ant-junit4.jar" />
    <property name="jbi.content.component" value="sun-bpel-engine" />
    <property name="from.commandline" value="true" />
    <property name="libs.absolutelayout.src" value="" />
    <property name="libs.jpa20-persistence.classpath" value="C:\OpenESB-v2.3-b96\netbeans\java\modules\ext\eclipselink\javax.persistence-2.0.3.jar" />
    <property name="j2ee.server.type" value="J2EE" />
    <property name="os.version" value="6.1" />
    <property name="sun.desktop" value="windows" />
    <property name="libs.PojoSELib.maven-pom" value="" />
    <property name="libs.restlib.javadoc" value="C:\OpenESB-v2.3-b96\netbeans\enterprise\docs\jersey-1.8-javadoc.zip;C:\OpenESB-v2.3-b96\netbeans\enterprise\docs\jersey-apache-client-1.8-javadoc.zip;C:\OpenESB-v2.3-b96\netbeans\enterprise\docs\jersey-atom-abdera-1.8-javadoc.zip;C:\OpenESB-v2.3-b96\netbeans\enterprise\docs\jersey-guice-1.8-javadoc.zip;C:\OpenESB-v2.3-b96\netbeans\enterprise\docs\jersey-multipart-1.8-javadoc.zip;C:\OpenESB-v2.3-b96\netbeans\enterprise\docs\jersey-simple-server-1.8-javadoc.zip;C:\OpenESB-v2.3-b96\netbeans\enterprise\docs\jersey-spring-1.8-javadoc.zip;C:\OpenESB-v2.3-b96\netbeans\enterprise\docs\oauth-client-1.8-javadoc.zip;C:\OpenESB-v2.3-b96\netbeans\enterprise\docs\oauth-server-1.8-javadoc.zip;C:\OpenESB-v2.3-b96\netbeans\enterprise\docs\oauth-signature-1.8-javadoc.zip" />
    <property name="libs.JAXB-ENDORSED.classpath" value="C:\OpenESB-v2.3-b96\netbeans\ide\modules\ext\jaxb\api\jaxb-api.jar" />
    <property name="libs.eclipselink.classpath" value="C:\OpenESB-v2.3-b96\netbeans\java\modules\ext\eclipselink\eclipselink-2.3.2.jar;C:\OpenESB-v2.3-b96\netbeans\java\modules\ext\eclipselink\javax.persistence-2.0.3.jar;C:\OpenESB-v2.3-b96\netbeans\java\modules\ext\eclipselink\org.eclipse.persistence.jpa.jpql_1.0.1.jar" />
    <property name="java.awt.graphicsenv" value="sun.awt.Win32GraphicsEnvironment" />
    <property name="libs.beans-binding.javadoc" value="C:\OpenESB-v2.3-b96\netbeans\java\docs\beansbinding-1.2.1-doc.zip" />
    <property name="java.vm.vendor" value="Sun Microsystems Inc." />
    <property name="libs.CopyLibs.classpath" value="C:\OpenESB-v2.3-b96\netbeans\java\ant\extra\org-netbeans-modules-java-j2seproject-copylibstask.jar" />
    <property name="libs.spring-framework300.classpath" value="C:\OpenESB-v2.3-b96\netbeans\ide\modules\org-apache-commons-logging.jar;C:\OpenESB-v2.3-b96\netbeans\java\modules\ext\cglib-2.2.jar;C:\OpenESB-v2.3-b96\netbeans\java\modules\ext\spring-3.0\spring-aop-3.1.1.RELEASE.jar;C:\OpenESB-v2.3-b96\netbeans\java\modules\ext\spring-3.0\spring-asm-3.1.1.RELEASE.jar;C:\OpenESB-v2.3-b96\netbeans\java\modules\ext\spring-3.0\spring-aspects-3.1.1.RELEASE.jar;C:\OpenESB-v2.3-b96\netbeans\java\modules\ext\spring-3.0\spring-beans-3.1.1.RELEASE.jar;C:\OpenESB-v2.3-b96\netbeans\java\modules\ext\spring-3.0\spring-context-3.1.1.RELEASE.jar;C:\OpenESB-v2.3-b96\netbeans\java\modules\ext\spring-3.0\spring-context-support-3.1.1.RELEASE.jar;C:\OpenESB-v2.3-b96\netbeans\java\modules\ext\spring-3.0\spring-core-3.1.1.RELEASE.jar;C:\OpenESB-v2.3-b96\netbeans\java\modules\ext\spring-3.0\spring-expression-3.1.1.RELEASE.jar;C:\OpenESB-v2.3-b96\netbeans\java\modules\ext\spring-3.0\spring-instrument-3.1.1.RELEASE.jar;C:\OpenESB-v2.3-b96\netbeans\java\modules\ext\spring-3.0\spring-instrument-tomcat-3.1.1.RELEASE.jar;C:\OpenESB-v2.3-b96\netbeans\java\modules\ext\spring-3.0\spring-jdbc-3.1.1.RELEASE.jar;C:\OpenESB-v2.3-b96\netbeans\java\modules\ext\spring-3.0\spring-jms-3.1.1.RELEASE.jar;C:\OpenESB-v2.3-b96\netbeans\java\modules\ext\spring-3.0\spring-orm-3.1.1.RELEASE.jar;C:\OpenESB-v2.3-b96\netbeans\java\modules\ext\spring-3.0\spring-oxm-3.1.1.RELEASE.jar;C:\OpenESB-v2.3-b96\netbeans\java\modules\ext\spring-3.0\spring-test-3.1.1.RELEASE.jar;C:\OpenESB-v2.3-b96\netbeans\java\modules\ext\spring-3.0\spring-tx-3.1.1.RELEASE.jar;C:\OpenESB-v2.3-b96\netbeans\java\modules\ext\spring-3.0\spring-web-3.1.1.RELEASE.jar;C:\OpenESB-v2.3-b96\netbeans\java\modules\ext\spring-3.0\spring-webmvc-portlet-3.1.1.RELEASE.jar;C:\OpenESB-v2.3-b96\netbeans\java\modules\ext\spring-3.0\spring-webmvc-3.1.1.RELEASE.jar;C:\OpenESB-v2.3-b96\netbeans\java\modules\ext\spring-3.0\spring-struts-3.1.1.RELEASE.jar" />
    <property name="libs.jsp-compiler.maven-pom" value="" />
    <property name="libs.Encoder-COCO.classpath" value="C:\OpenESB-v2.3-b96\netbeans\soa\modules\ext\coco.jar;C:\OpenESB-v2.3-b96\netbeans\soa\modules\ext\cocoencoder-xsdextension.jar" />
    <property name="libs.spring-webmvc.maven-pom" value="" />
    <property name="libs.ejb3-persistence.classpath" value="C:\OpenESB-v2.3-b96\netbeans\java\modules\ext\hibernate\ejb3-persistence.jar" />
    <property name="libs.JAXB-ENDORSED.src" value="" />
    <property name="libs.spring-framework.javadoc" value="" />
    <property name="libs.testng.javadoc" value="C:\OpenESB-v2.3-b96\netbeans\platform\docs\testng-6.5.1-javadoc.zip" />
    <property name="ant.file.type" value="file" />
    <property name="libs.PostgreSQLDriver.classpath" value="C:\OpenESB-v2.3-b96\netbeans\ide\modules\ext\postgresql-9.1-901.jdbc4.jar" />
    <property name="reference.AssignBpel.dist_se" value="../AssignBpel/build/SEDeployment.jar" />
    <property name="libs.jsf12.maven-pom" value="" />
    <property name="soa.module.install.dir" value="C:\OpenESB-v2.3-b96\netbeans\soa\modules" />
    <property name="libs.Encoder-Custom.src" value="" />
    <property name="libs.junit.src" value="" />
    <property name="libs.CopyLibs.src" value="" />
    <property name="build.dir" value="build" />
    <property name="libs.jsp-compilation.classpath" value="C:\OpenESB-v2.3-b96\netbeans\java\ant\lib\ant.jar;C:\OpenESB-v2.3-b96\netbeans\enterprise\modules\ext\servlet3.0-jsp2.2-api.jar;C:\OpenESB-v2.3-b96\netbeans\enterprise\modules\ext\glassfish-jspparser-3.0.jar;C:\OpenESB-v2.3-b96\netbeans\enterprise\modules\ext\jsf-2_1\jsf-api.jar;C:\OpenESB-v2.3-b96\netbeans\enterprise\modules\ext\jstl.jar;C:\OpenESB-v2.3-b96\netbeans\java\ant\lib\ant-launcher.jar" />
    <property name="ant.version" value="Apache Ant(TM) version 1.8.4 compiled on May 22 2012" />
    <property name="file.encoding" value="Cp1252" />
    <property name="build.classes.excludes" value="**/*.java,**/*.form,**/.nbattrs" />
    <property name="javadoc.nonavbar" value="false" />
    <property name="platform.active" value="default_platform" />
    <property name="awt.toolkit" value="sun.awt.windows.WToolkit" />
  </properties>
  <testcase classname="org.netbeans.modules.compapp.catd.ConfiguredTest" name="AssignAndOpFF" time="0.843" />
  <testcase classname="org.netbeans.modules.compapp.catd.ConfiguredTest" name="AssignAndOpFT" time="0.135" />
  <testcase classname="org.netbeans.modules.compapp.catd.ConfiguredTest" name="AssignAndOpTF" time="0.116" />
  <testcase classname="org.netbeans.modules.compapp.catd.ConfiguredTest" name="AssignAndOpTT" time="0.102" />
  <testcase classname="org.netbeans.modules.compapp.catd.ConfiguredTest" name="AssignDurrationFalseInvoke" time="0.096" />
  <testcase classname="org.netbeans.modules.compapp.catd.ConfiguredTest" name="AssignDurrationTrueInvoke" time="0.083" />
  <testcase classname="org.netbeans.modules.compapp.catd.ConfiguredTest" name="AssignOrOpFF" time="0.125" />
  <testcase classname="org.netbeans.modules.compapp.catd.ConfiguredTest" name="AssignOrOpFT" time="0.092" />
  <testcase classname="org.netbeans.modules.compapp.catd.ConfiguredTest" name="AssignOrOpTF" time="0.09" />
  <testcase classname="org.netbeans.modules.compapp.catd.ConfiguredTest" name="AssignOrOpTT" time="0.079" />
  <testcase classname="org.netbeans.modules.compapp.catd.ConfiguredTest" name="CopyNCNameInvoke" time="0.096" />
  <testcase classname="org.netbeans.modules.compapp.catd.ConfiguredTest" name="CopyNameInvoke" time="0.112" />
  <testcase classname="org.netbeans.modules.compapp.catd.ConfiguredTest" name="CopyOptionalRepeatInvoke" time="0.104" />
  <testcase classname="org.netbeans.modules.compapp.catd.ConfiguredTest" name="CopyQNameInvoke" time="0.109" />
  <testcase classname="org.netbeans.modules.compapp.catd.ConfiguredTest" name="CopyanyURIInvoke" time="0.088" />
  <testcase classname="org.netbeans.modules.compapp.catd.ConfiguredTest" name="Copybase64BinaryInvoke" time="0.017" />
  <testcase classname="org.netbeans.modules.compapp.catd.ConfiguredTest" name="CopybooleanInvoke" time="0.086" />
  <testcase classname="org.netbeans.modules.compapp.catd.ConfiguredTest" name="CopybyteInvoke" time="3.042" />
  <testcase classname="org.netbeans.modules.compapp.catd.ConfiguredTest" name="CopydateInvoke" time="0.105" />
  <testcase classname="org.netbeans.modules.compapp.catd.ConfiguredTest" name="CopydateTimeInvoke" time="0.097" />
  <testcase classname="org.netbeans.modules.compapp.catd.ConfiguredTest" name="CopydecimalInvoke" time="0.08" />
  <testcase classname="org.netbeans.modules.compapp.catd.ConfiguredTest" name="CopydoubleInvoke" time="0.081" />
  <testcase classname="org.netbeans.modules.compapp.catd.ConfiguredTest" name="CopydurationInvoke" time="0.078" />
  <testcase classname="org.netbeans.modules.compapp.catd.ConfiguredTest" name="CopyfloatInvoke" time="0.082" />
  <testcase classname="org.netbeans.modules.compapp.catd.ConfiguredTest" name="CopygDayInvoke" time="0.082" />
  <testcase classname="org.netbeans.modules.compapp.catd.ConfiguredTest" name="CopygMonthDayInvoke" time="0.079" />
  <testcase classname="org.netbeans.modules.compapp.catd.ConfiguredTest" name="CopygMonthInvoke" time="0.069" />
  <testcase classname="org.netbeans.modules.compapp.catd.ConfiguredTest" name="CopygYearInvoke" time="0.082" />
  <testcase classname="org.netbeans.modules.compapp.catd.ConfiguredTest" name="CopygYearMonthInvoke" time="0.07" />
  <testcase classname="org.netbeans.modules.compapp.catd.ConfiguredTest" name="CopyhexBinaryInvoke" time="0.068" />
  <testcase classname="org.netbeans.modules.compapp.catd.ConfiguredTest" name="CopyidInvoke" time="0.0010" />
  <testcase classname="org.netbeans.modules.compapp.catd.ConfiguredTest" name="CopyintInvoke" time="0.077" />
  <testcase classname="org.netbeans.modules.compapp.catd.ConfiguredTest" name="CopyintegerInvoke" time="0.103" />
  <testcase classname="org.netbeans.modules.compapp.catd.ConfiguredTest" name="CopylanguageInvoke" time="0.065" />
  <testcase classname="org.netbeans.modules.compapp.catd.ConfiguredTest" name="CopylongInvoke" time="0.068" />
  <testcase classname="org.netbeans.modules.compapp.catd.ConfiguredTest" name="CopynegativeIntegerInvoke" time="0.063" />
  <testcase classname="org.netbeans.modules.compapp.catd.ConfiguredTest" name="CopynormalizedStringInvoke" time="0.088" />
  <testcase classname="org.netbeans.modules.compapp.catd.ConfiguredTest" name="CopypositiveIntegerInvoke" time="0.083" />
  <testcase classname="org.netbeans.modules.compapp.catd.ConfiguredTest" name="CopyshortInvoke" time="0.053" />
  <testcase classname="org.netbeans.modules.compapp.catd.ConfiguredTest" name="CopystringInvoke" time="0.079" />
  <testcase classname="org.netbeans.modules.compapp.catd.ConfiguredTest" name="CopytimeInvoke" time="0.079" />
  <testcase classname="org.netbeans.modules.compapp.catd.ConfiguredTest" name="CopyunsignedByteInvoke" time="0.058" />
  <testcase classname="org.netbeans.modules.compapp.catd.ConfiguredTest" name="CopyunsignedIntInvoke" time="0.064" />
  <testcase classname="org.netbeans.modules.compapp.catd.ConfiguredTest" name="CopyunsignedLongInvoke" time="0.066" />
  <testcase classname="org.netbeans.modules.compapp.catd.ConfiguredTest" name="CopyunsignedShortInvoke" time="0.053" />
  <testcase classname="org.netbeans.modules.compapp.catd.ConfiguredTest" name="EmptyLiteral" time="0.014" />
  <testcase classname="org.netbeans.modules.compapp.catd.ConfiguredTest" name="ErroneousExpr" time="0.051" />
  <testcase classname="org.netbeans.modules.compapp.catd.ConfiguredTest" name="GlobalAndLocalAttributes" time="0.082" />
  <testcase classname="org.netbeans.modules.compapp.catd.ConfiguredTest" name="IgnoreMissingFromData1" time="0.014" />
  <testcase classname="org.netbeans.modules.compapp.catd.ConfiguredTest" name="IgnoreMissingFromData2" time="0.014" />
  <testcase classname="org.netbeans.modules.compapp.catd.ConfiguredTest" name="IgnoreMissingFromData3" time="0.014" />
  <testcase classname="org.netbeans.modules.compapp.catd.ConfiguredTest" name="IgnoreMissingFromData4" time="0.013" />
  <testcase classname="org.netbeans.modules.compapp.catd.ConfiguredTest" name="IgnoreMissingFromData5" time="0.013" />
  <testcase classname="org.netbeans.modules.compapp.catd.ConfiguredTest" name="QueryWithNamespace1" time="0.065" />
  <testcase classname="org.netbeans.modules.compapp.catd.ConfiguredTest" name="SpecExampleAttrToAttr" time="0.075" />
  <testcase classname="org.netbeans.modules.compapp.catd.ConfiguredTest" name="SpecExampleAttrToElem" time="0.074" />
  <testcase classname="org.netbeans.modules.compapp.catd.ConfiguredTest" name="SpecExampleAttrToText" time="0.079" />
  <testcase classname="org.netbeans.modules.compapp.catd.ConfiguredTest" name="SpecExampleElemToAttr" time="0.069" />
  <testcase classname="org.netbeans.modules.compapp.catd.ConfiguredTest" name="SpecExampleElemToElem" time="0.099" />
  <testcase classname="org.netbeans.modules.compapp.catd.ConfiguredTest" name="SpecExampleElemToText" time="0.08" />
  <testcase classname="org.netbeans.modules.compapp.catd.ConfiguredTest" name="SpecExampleTextToAttr" time="0.076" />
  <testcase classname="org.netbeans.modules.compapp.catd.ConfiguredTest" name="SpecExampleTextToElem" time="0.068" />
  <testcase classname="org.netbeans.modules.compapp.catd.ConfiguredTest" name="SpecExampleTextToText" time="3.047" />
  <testcase classname="org.netbeans.modules.compapp.catd.ConfiguredTest" name="TestCaseBooleanTestFalse" time="0.014" />
  <testcase classname="org.netbeans.modules.compapp.catd.ConfiguredTest" name="TestCaseBooleanTestTrue" time="0.013" />
  <testcase classname="org.netbeans.modules.compapp.catd.ConfiguredTest" name="byteGreaterEqualInvoke" time="0.084" />
  <testcase classname="org.netbeans.modules.compapp.catd.ConfiguredTest" name="byteGreaterInvoke" time="0.049" />
  <testcase classname="org.netbeans.modules.compapp.catd.ConfiguredTest" name="byteaddInvoke" time="0.047" />
  <testcase classname="org.netbeans.modules.compapp.catd.ConfiguredTest" name="bytedivInvoke" time="0.052" />
  <testcase classname="org.netbeans.modules.compapp.catd.ConfiguredTest" name="bytemodInvoke" time="0.046" />
  <testcase classname="org.netbeans.modules.compapp.catd.ConfiguredTest" name="bytemultInvoke" time="0.051" />
  <testcase classname="org.netbeans.modules.compapp.catd.ConfiguredTest" name="bytenegInvoke" time="0.051" />
  <testcase classname="org.netbeans.modules.compapp.catd.ConfiguredTest" name="bytesubInvoke" time="0.047" />
  <testcase classname="org.netbeans.modules.compapp.catd.ConfiguredTest" name="copyRepeatingNodesUsingPredicate" time="0.104" />
  <testcase classname="org.netbeans.modules.compapp.catd.ConfiguredTest" name="decimalGreaterEqualInvoke" time="0.063" />
  <testcase classname="org.netbeans.modules.compapp.catd.ConfiguredTest" name="decimalGreaterInvoke" time="0.046" />
  <testcase classname="org.netbeans.modules.compapp.catd.ConfiguredTest" name="decimaladdInvoke" time="0.069" />
  <testcase classname="org.netbeans.modules.compapp.catd.ConfiguredTest" name="decimaldivInvoke" time="0.051" />
  <testcase classname="org.netbeans.modules.compapp.catd.ConfiguredTest" name="decimalmodInvoke" time="0.05" />
  <testcase classname="org.netbeans.modules.compapp.catd.ConfiguredTest" name="decimalmultInvoke" time="0.046" />
  <testcase classname="org.netbeans.modules.compapp.catd.ConfiguredTest" name="decimalnegInvoke" time="0.051" />
  <testcase classname="org.netbeans.modules.compapp.catd.ConfiguredTest" name="decimalsubInvoke" time="0.054" />
  <testcase classname="org.netbeans.modules.compapp.catd.ConfiguredTest" name="documentMultiNS" time="0.0010" />
  <testcase classname="org.netbeans.modules.compapp.catd.ConfiguredTest" name="echoAnyURIDataType_Invoke" time="0.165" />
  <testcase classname="org.netbeans.modules.compapp.catd.ConfiguredTest" name="echoBase64BinaryDataType_Invoke" time="0.14" />
  <testcase classname="org.netbeans.modules.compapp.catd.ConfiguredTest" name="echoBooleanDataType_Invoke" time="0.121" />
  <testcase classname="org.netbeans.modules.compapp.catd.ConfiguredTest" name="echoBooleanDecInvoke" time="0.063" />
  <testcase classname="org.netbeans.modules.compapp.catd.ConfiguredTest" name="echoBooleanEmptyInvoke" time="0.064" />
  <testcase classname="org.netbeans.modules.compapp.catd.ConfiguredTest" name="echoBooleanInvoke" time="0.08" />
  <testcase classname="org.netbeans.modules.compapp.catd.ConfiguredTest" name="echoBooleanNegDecInvoke" time="0.042" />
  <testcase classname="org.netbeans.modules.compapp.catd.ConfiguredTest" name="echoBooleanNegInvoke" time="0.04" />
  <testcase classname="org.netbeans.modules.compapp.catd.ConfiguredTest" name="echoBooleanStringInvoke" time="0.045" />
  <testcase classname="org.netbeans.modules.compapp.catd.ConfiguredTest" name="echoBooleanZeroInvoke" time="0.046" />
  <testcase classname="org.netbeans.modules.compapp.catd.ConfiguredTest" name="echoByteDataType_Invoke" time="0.139" />
  <testcase classname="org.netbeans.modules.compapp.catd.ConfiguredTest" name="echoCeilingDecInvoke" time="0.053" />
  <testcase classname="org.netbeans.modules.compapp.catd.ConfiguredTest" name="echoCeilingIntInvoke" time="0.063" />
  <testcase classname="org.netbeans.modules.compapp.catd.ConfiguredTest" name="echoCeilingInvoke" time="0.053" />
  <testcase classname="org.netbeans.modules.compapp.catd.ConfiguredTest" name="echoCeilingNaNInvoke" time="0.059" />
  <testcase classname="org.netbeans.modules.compapp.catd.ConfiguredTest" name="echoCeilingNegIntInvoke" time="0.055" />
  <testcase classname="org.netbeans.modules.compapp.catd.ConfiguredTest" name="echoCeilingZeroInvoke" time="0.046" />
  <testcase classname="org.netbeans.modules.compapp.catd.ConfiguredTest" name="echoConcat2_Invoke" time="0.042" />
  <testcase classname="org.netbeans.modules.compapp.catd.ConfiguredTest" name="echoConcat_Invoke" time="0.045" />
  <testcase classname="org.netbeans.modules.compapp.catd.ConfiguredTest" name="echoContains2Invoke" time="0.042" />
  <testcase classname="org.netbeans.modules.compapp.catd.ConfiguredTest" name="echoContainsEmptyInvoke" time="0.039" />
  <testcase classname="org.netbeans.modules.compapp.catd.ConfiguredTest" name="echoContainsInvoke" time="0.043" />
  <testcase classname="org.netbeans.modules.compapp.catd.ConfiguredTest" name="echoCopyFromInvoke" time="0.043" />
  <testcase classname="org.netbeans.modules.compapp.catd.ConfiguredTest" name="echoCountInvoke" time="0.046" />
  <testcase classname="org.netbeans.modules.compapp.catd.ConfiguredTest" name="echoDateDataType_Invoke" time="0.101" />
  <testcase classname="org.netbeans.modules.compapp.catd.ConfiguredTest" name="echoDateTimeDataType_Invoke" time="0.109" />
  <testcase classname="org.netbeans.modules.compapp.catd.ConfiguredTest" name="echoDecimalDataType_Invoke" time="0.108" />
  <testcase classname="org.netbeans.modules.compapp.catd.ConfiguredTest" name="echoDoubleDataType_Invoke" time="0.092" />
  <testcase classname="org.netbeans.modules.compapp.catd.ConfiguredTest" name="echoDurationDataType_Invoke" time="0.1" />
  <testcase classname="org.netbeans.modules.compapp.catd.ConfiguredTest" name="echoENTITIESDataType_Invoke" time="0.101" />
  <testcase classname="org.netbeans.modules.compapp.catd.ConfiguredTest" name="echoENTITYDataType_Invoke" time="0.108" />
  <testcase classname="org.netbeans.modules.compapp.catd.ConfiguredTest" name="echoFalseInvoke" time="0.039" />
  <testcase classname="org.netbeans.modules.compapp.catd.ConfiguredTest" name="echoFloatDataType_Invoke" time="0.089" />
  <testcase classname="org.netbeans.modules.compapp.catd.ConfiguredTest" name="echoFloorDecInvoke" time="0.039" />
  <testcase classname="org.netbeans.modules.compapp.catd.ConfiguredTest" name="echoFloorInvoke" time="0.038" />
  <testcase classname="org.netbeans.modules.compapp.catd.ConfiguredTest" name="echoFloorNaNInvoke" time="0.038" />
  <testcase classname="org.netbeans.modules.compapp.catd.ConfiguredTest" name="echoFloorNegIntInvoke" time="0.043" />
  <testcase classname="org.netbeans.modules.compapp.catd.ConfiguredTest" name="echoFloorNegInvoke" time="0.049" />
  <testcase classname="org.netbeans.modules.compapp.catd.ConfiguredTest" name="echoFloorZeroInvoke" time="0.042" />
  <testcase classname="org.netbeans.modules.compapp.catd.ConfiguredTest" name="echoGDayDataType_Invoke" time="0.089" />
  <testcase classname="org.netbeans.modules.compapp.catd.ConfiguredTest" name="echoGMonthDataType_Invoke" time="0.088" />
  <testcase classname="org.netbeans.modules.compapp.catd.ConfiguredTest" name="echoGMonthDayDataType_Invoke" time="0.087" />
  <testcase classname="org.netbeans.modules.compapp.catd.ConfiguredTest" name="echoGYearDataType_Invoke" time="0.088" />
  <testcase classname="org.netbeans.modules.compapp.catd.ConfiguredTest" name="echoGYearMonthDataType_Invoke" time="0.087" />
  <testcase classname="org.netbeans.modules.compapp.catd.ConfiguredTest" name="echoHexBinaryDataType_Invoke" time="0.108" />
  <testcase classname="org.netbeans.modules.compapp.catd.ConfiguredTest" name="echoIDDataType_Invoke" time="0.096" />
  <testcase classname="org.netbeans.modules.compapp.catd.ConfiguredTest" name="echoIDREFDataType_Invoke" time="0.083" />
  <testcase classname="org.netbeans.modules.compapp.catd.ConfiguredTest" name="echoIDREFSDataType_Invoke" time="3.054" />
  <testcase classname="org.netbeans.modules.compapp.catd.ConfiguredTest" name="echoIntDataType_Invoke" time="0.081" />
  <testcase classname="org.netbeans.modules.compapp.catd.ConfiguredTest" name="echoIntegerDataType_Invoke" time="0.08" />
  <testcase classname="org.netbeans.modules.compapp.catd.ConfiguredTest" name="echoLangInvoke" time="0.042" />
  <testcase classname="org.netbeans.modules.compapp.catd.ConfiguredTest" name="echoLangNegInvoke" time="0.039" />
  <testcase classname="org.netbeans.modules.compapp.catd.ConfiguredTest" name="echoLanguageDataType_Invoke" time="0.081" />
  <testcase classname="org.netbeans.modules.compapp.catd.ConfiguredTest" name="echoLocalNameInvoke" time="0.0010" />
  <testcase classname="org.netbeans.modules.compapp.catd.ConfiguredTest" name="echoLongDataType_Invoke" time="0.085" />
  <testcase classname="org.netbeans.modules.compapp.catd.ConfiguredTest" name="echoMultiplyInvoke" time="3.041" />
  <testcase classname="org.netbeans.modules.compapp.catd.ConfiguredTest" name="echoNCNameDataType_Invoke" time="0.095" />
  <testcase classname="org.netbeans.modules.compapp.catd.ConfiguredTest" name="echoNMTOKENDataType_Invoke" time="0.082" />
  <testcase classname="org.netbeans.modules.compapp.catd.ConfiguredTest" name="echoNMTOKENSDataType_Invoke" time="0.082" />
  <testcase classname="org.netbeans.modules.compapp.catd.ConfiguredTest" name="echoNameDataType_Invoke" time="0.084" />
  <testcase classname="org.netbeans.modules.compapp.catd.ConfiguredTest" name="echoNameInvoke" time="0.0010" />
  <testcase classname="org.netbeans.modules.compapp.catd.ConfiguredTest" name="echoNegativeIntegerDataType_Invoke" time="0.067" />
  <testcase classname="org.netbeans.modules.compapp.catd.ConfiguredTest" name="echoNonNegativeIntegerDataType_Invoke" time="0.069" />
  <testcase classname="org.netbeans.modules.compapp.catd.ConfiguredTest" name="echoNonPositiveIntegerDataType_Invoke" time="0.132" />
  <testcase classname="org.netbeans.modules.compapp.catd.ConfiguredTest" name="echoNormalizeSpaceInvoke" time="0.038" />
  <testcase classname="org.netbeans.modules.compapp.catd.ConfiguredTest" name="echoNormalizeSpace_emptyInvoke" time="0.049" />
  <testcase classname="org.netbeans.modules.compapp.catd.ConfiguredTest" name="echoNormalizeSpace_noSpaceInvoke" time="0.047" />
  <testcase classname="org.netbeans.modules.compapp.catd.ConfiguredTest" name="echoNormalizeSpace_stringWspacesInvoke" time="0.036" />
  <testcase classname="org.netbeans.modules.compapp.catd.ConfiguredTest" name="echoNormalizedStringDataType_Invoke" time="0.083" />
  <testcase classname="org.netbeans.modules.compapp.catd.ConfiguredTest" name="echoNotFalseInvoke" time="0.037" />
  <testcase classname="org.netbeans.modules.compapp.catd.ConfiguredTest" name="echoNotInvoke" time="0.04" />
  <testcase classname="org.netbeans.modules.compapp.catd.ConfiguredTest" name="echoNot_StringInvoke" time="0.034" />
  <testcase classname="org.netbeans.modules.compapp.catd.ConfiguredTest" name="echoNot_emptyStringInvoke" time="0.055" />
  <testcase classname="org.netbeans.modules.compapp.catd.ConfiguredTest" name="echoNumberInvoke" time="0.035" />
  <testcase classname="org.netbeans.modules.compapp.catd.ConfiguredTest" name="echoNumberLiteralInvoke" time="0.036" />
  <testcase classname="org.netbeans.modules.compapp.catd.ConfiguredTest" name="echoNumberNegInvoke" time="0.042" />
  <testcase classname="org.netbeans.modules.compapp.catd.ConfiguredTest" name="echoPositiveIntegerDataType_Invoke" time="0.063" />
  <testcase classname="org.netbeans.modules.compapp.catd.ConfiguredTest" name="echoQNameDataType_Invoke" time="0.077" />
  <testcase classname="org.netbeans.modules.compapp.catd.ConfiguredTest" name="echoRoundBigDecimalBigger1E16GTInvoke" time="0.0" />
  <testcase classname="org.netbeans.modules.compapp.catd.ConfiguredTest" name="echoRoundBigDecimalBigger1E16LTInvoke" time="0.0" />
  <testcase classname="org.netbeans.modules.compapp.catd.ConfiguredTest" name="echoRoundIntInvoke" time="0.038" />
  <testcase classname="org.netbeans.modules.compapp.catd.ConfiguredTest" name="echoRoundInvoke" time="0.108" />
  <testcase classname="org.netbeans.modules.compapp.catd.ConfiguredTest" name="echoRoundLongInvoke" time="0.0010" />
  <testcase classname="org.netbeans.modules.compapp.catd.ConfiguredTest" name="echoRoundNegDecimalInvoke" time="0.038" />
  <testcase classname="org.netbeans.modules.compapp.catd.ConfiguredTest" name="echoRoundNegIntInvoke" time="0.042" />
  <testcase classname="org.netbeans.modules.compapp.catd.ConfiguredTest" name="echoRoundNegInvoke" time="0.046" />
  <testcase classname="org.netbeans.modules.compapp.catd.ConfiguredTest" name="echoRoundZeroInvoke" time="0.04" />
  <testcase classname="org.netbeans.modules.compapp.catd.ConfiguredTest" name="echoShortDataType_Invoke" time="0.078" />
  <testcase classname="org.netbeans.modules.compapp.catd.ConfiguredTest" name="echoStartsWithEmpty_Invoke" time="0.044" />
  <testcase classname="org.netbeans.modules.compapp.catd.ConfiguredTest" name="echoStartsWithNotIn_Invoke" time="0.035" />
  <testcase classname="org.netbeans.modules.compapp.catd.ConfiguredTest" name="echoStartsWith_Invoke" time="0.037" />
  <testcase classname="org.netbeans.modules.compapp.catd.ConfiguredTest" name="echoString0Invoke" time="0.045" />
  <testcase classname="org.netbeans.modules.compapp.catd.ConfiguredTest" name="echoStringDataType_Invoke" time="0.082" />
  <testcase classname="org.netbeans.modules.compapp.catd.ConfiguredTest" name="echoStringEmptyInvoke" time="3.023" />
  <testcase classname="org.netbeans.modules.compapp.catd.ConfiguredTest" name="echoStringInvoke" time="0.053" />
  <testcase classname="org.netbeans.modules.compapp.catd.ConfiguredTest" name="echoStringLengthInvoke" time="0.036" />
  <testcase classname="org.netbeans.modules.compapp.catd.ConfiguredTest" name="echoStringLength_emptyInvoke" time="0.041" />
  <testcase classname="org.netbeans.modules.compapp.catd.ConfiguredTest" name="echoSubstring1Invoke" time="0.04" />
  <testcase classname="org.netbeans.modules.compapp.catd.ConfiguredTest" name="echoSubstringAfterEmptyInvoke" time="0.049" />
  <testcase classname="org.netbeans.modules.compapp.catd.ConfiguredTest" name="echoSubstringAfterInvoke" time="0.05" />
  <testcase classname="org.netbeans.modules.compapp.catd.ConfiguredTest" name="echoSubstringAfterNotInInvoke" time="0.036" />
  <testcase classname="org.netbeans.modules.compapp.catd.ConfiguredTest" name="echoSubstringBeforeEmptyInvoke" time="0.051" />
  <testcase classname="org.netbeans.modules.compapp.catd.ConfiguredTest" name="echoSubstringBeforeInvoke" time="0.041" />
  <testcase classname="org.netbeans.modules.compapp.catd.ConfiguredTest" name="echoSubstringBefore_notInInvoke" time="0.04" />
  <testcase classname="org.netbeans.modules.compapp.catd.ConfiguredTest" name="echoSubstringInvoke" time="0.038" />
  <testcase classname="org.netbeans.modules.compapp.catd.ConfiguredTest" name="echoSubstringNumANumBInvoke" time="0.0" />
  <testcase classname="org.netbeans.modules.compapp.catd.ConfiguredTest" name="echoSubstringWithoutSoapActionInvoke" time="0.0" />
  <testcase classname="org.netbeans.modules.compapp.catd.ConfiguredTest" name="echoSumInvoke" time="0.072" />
  <testcase classname="org.netbeans.modules.compapp.catd.ConfiguredTest" name="echoSumNegDecimalInvoke" time="0.034" />
  <testcase classname="org.netbeans.modules.compapp.catd.ConfiguredTest" name="echoSumZeroInvoke" time="0.033" />
  <testcase classname="org.netbeans.modules.compapp.catd.ConfiguredTest" name="echoTimeDataType_Invoke" time="0.077" />
  <testcase classname="org.netbeans.modules.compapp.catd.ConfiguredTest" name="echoTokenDataType_Invoke" time="0.088" />
  <testcase classname="org.netbeans.modules.compapp.catd.ConfiguredTest" name="echoTranslate_Invoke" time="0.0" />
  <testcase classname="org.netbeans.modules.compapp.catd.ConfiguredTest" name="echoTrueInvoke" time="0.039" />
  <testcase classname="org.netbeans.modules.compapp.catd.ConfiguredTest" name="echoUnsignedByteDataType_Invoke" time="0.078" />
  <testcase classname="org.netbeans.modules.compapp.catd.ConfiguredTest" name="echoUnsignedIntDataType_Invoke" time="0.079" />
  <testcase classname="org.netbeans.modules.compapp.catd.ConfiguredTest" name="echoUnsignedLongDataType_Invoke" time="0.081" />
  <testcase classname="org.netbeans.modules.compapp.catd.ConfiguredTest" name="echoUnsignedShortDataType_Invoke" time="0.081" />
  <testcase classname="org.netbeans.modules.compapp.catd.ConfiguredTest" name="intGreaterEqualInvoke" time="0.036" />
  <testcase classname="org.netbeans.modules.compapp.catd.ConfiguredTest" name="intGreaterInvoke" time="0.035" />
  <testcase classname="org.netbeans.modules.compapp.catd.ConfiguredTest" name="intaddInvoke" time="0.056" />
  <testcase classname="org.netbeans.modules.compapp.catd.ConfiguredTest" name="intdivInvoke" time="0.039" />
  <testcase classname="org.netbeans.modules.compapp.catd.ConfiguredTest" name="integerGreaterEqualInvoke" time="0.04" />
  <testcase classname="org.netbeans.modules.compapp.catd.ConfiguredTest" name="integerGreaterInvoke" time="0.038" />
  <testcase classname="org.netbeans.modules.compapp.catd.ConfiguredTest" name="integeraddInvoke" time="0.048" />
  <testcase classname="org.netbeans.modules.compapp.catd.ConfiguredTest" name="integerdivInvoke" time="0.041" />
  <testcase classname="org.netbeans.modules.compapp.catd.ConfiguredTest" name="integermodInvoke" time="0.037" />
  <testcase classname="org.netbeans.modules.compapp.catd.ConfiguredTest" name="integermultInvoke" time="0.051" />
  <testcase classname="org.netbeans.modules.compapp.catd.ConfiguredTest" name="integernegInvoke" time="0.035" />
  <testcase classname="org.netbeans.modules.compapp.catd.ConfiguredTest" name="integersubInvoke" time="0.036" />
  <testcase classname="org.netbeans.modules.compapp.catd.ConfiguredTest" name="intmodInvoke" time="0.037" />
  <testcase classname="org.netbeans.modules.compapp.catd.ConfiguredTest" name="intmultInvoke" time="0.051" />
  <testcase classname="org.netbeans.modules.compapp.catd.ConfiguredTest" name="intnegInvoke" time="0.037" />
  <testcase classname="org.netbeans.modules.compapp.catd.ConfiguredTest" name="intsubInvoke" time="0.038" />
  <testcase classname="org.netbeans.modules.compapp.catd.ConfiguredTest" name="longGreaterEqualInvoke" time="0.034" />
  <testcase classname="org.netbeans.modules.compapp.catd.ConfiguredTest" name="longGreaterInvoke" time="3.043" />
  <testcase classname="org.netbeans.modules.compapp.catd.ConfiguredTest" name="longNegInvoke" time="0.049" />
  <testcase classname="org.netbeans.modules.compapp.catd.ConfiguredTest" name="longaddInvoke" time="0.034" />
  <testcase classname="org.netbeans.modules.compapp.catd.ConfiguredTest" name="longdivInvoke" time="0.04" />
  <testcase classname="org.netbeans.modules.compapp.catd.ConfiguredTest" name="longmodInvoke" time="0.042" />
  <testcase classname="org.netbeans.modules.compapp.catd.ConfiguredTest" name="longmultInvoke" time="0.037" />
  <testcase classname="org.netbeans.modules.compapp.catd.ConfiguredTest" name="longsubInvoke" time="0.046" />
  <testcase classname="org.netbeans.modules.compapp.catd.ConfiguredTest" name="shortGreaterEqualInvoke" time="0.045" />
  <testcase classname="org.netbeans.modules.compapp.catd.ConfiguredTest" name="shortGreaterInvoke" time="0.042" />
  <testcase classname="org.netbeans.modules.compapp.catd.ConfiguredTest" name="shortNegInvoke" time="0.038" />
  <testcase classname="org.netbeans.modules.compapp.catd.ConfiguredTest" name="shortaddInvoke" time="3.036" />
  <testcase classname="org.netbeans.modules.compapp.catd.ConfiguredTest" name="shortdivInvoke" time="0.036" />
  <testcase classname="org.netbeans.modules.compapp.catd.ConfiguredTest" name="shortmodInvoke" time="0.047" />
  <testcase classname="org.netbeans.modules.compapp.catd.ConfiguredTest" name="shortmultInvoke" time="0.042" />
  <testcase classname="org.netbeans.modules.compapp.catd.ConfiguredTest" name="shortsubInvoke" time="0.036" />
  <testcase classname="org.netbeans.modules.compapp.catd.ConfiguredTest" name="simpExpr" time="0.01" />
  <testcase classname="org.netbeans.modules.compapp.catd.ConfiguredTest" name="testTrailingZeros" time="0.021" />
  <testcase classname="org.netbeans.modules.compapp.catd.ConfiguredTest" name="testTypeCast" time="0.014" />
  <testcase classname="org.netbeans.modules.compapp.catd.ConfiguredTest" name="testforCR6470807" time="0.011" />
  <testcase classname="org.netbeans.modules.compapp.catd.ConfiguredTest" name="varInExpr" time="0.012" />
  <system-out><![CDATA[GenerateATSOutput=${generate.ats.output}
NetBeansUserDir=C:\OpenESB-v2.3-b96\.netbeans\openesb
ServerPassword=adminadmin
awt.toolkit=sun.awt.windows.WToolkit
file.encoding=Cp1252
file.encoding.pkg=sun.io
file.separator=\
java.awt.graphicsenv=sun.awt.Win32GraphicsEnvironment
java.awt.headless=${java.awt.headless}
java.awt.printerjob=sun.awt.windows.WPrinterJob
java.class.path=C:\OpenESB-v2.3-b96\netbeans\soa\modules\org-netbeans-modules-compapp-manager-jbi.jar;C:\OpenESB-v2.3-b96\netbeans\soa\modules\org-netbeans-modules-compapp-projects-jbi.jar;C:\OpenESB-v2.3-b96\netbeans\soa\modules\ext\jbi-admin-common.jar;C:\OpenESB-v2.3-b96\netbeans\soa\modules\ext\catd.jar;C:\OpenESB-v2.3-b96\netbeans\java\modules\ext\junit-3.8.2.jar;C:\OpenESB-v2.3-b96\netbeans\ide\modules\org-netbeans-modules-editor-lib.jar;C:\OpenESB-v2.3-b96\netbeans\ide\modules\org-netbeans-modules-editor.jar;C:\OpenESB-v2.3-b96\netbeans\ide\modules\org-netbeans-modules-editor-deprecated-pre65formatting.jar;C:\OpenESB-v2.3-b96\netbeans\ide\modules\org-netbeans-modules-editor-util.jar;C:\OpenESB-v2.3-b96\netbeans\ide\modules\org-netbeans-modules-editor-lib2.jar;C:\OpenESB-v2.3-b96\netbeans\ide\modules\org-netbeans-modules-editor-indent.jar;C:\OpenESB-v2.3-b96\netbeans\ide\modules\org-netbeans-modules-editor-plain.jar;C:\OpenESB-v2.3-b96\netbeans\ide\modules\org-netbeans-modules-editor-plain-lib.jar;C:\OpenESB-v2.3-b96\netbeans\ide\modules\org-netbeans-modules-editor-settings.jar;C:\OpenESB-v2.3-b96\netbeans\ide\modules\org-netbeans-modules-editor-settings-storage.jar;C:\OpenESB-v2.3-b96\netbeans\ide\modules\org-netbeans-modules-lexer.jar;C:\OpenESB-v2.3-b96\netbeans\ide\modules\org-netbeans-modules-xml-core.jar;C:\OpenESB-v2.3-b96\netbeans\ide\modules\org-netbeans-modules-xml-lexer.jar;C:\OpenESB-v2.3-b96\netbeans\ide\modules\org-netbeans-modules-xml-text.jar;C:\OpenESB-v2.3-b96\netbeans\ide\modules\org-netbeans-modules-xml-xdm.jar;C:\OpenESB-v2.3-b96\netbeans\ide\modules\org-netbeans-modules-xml-xam.jar;C:\OpenESB-v2.3-b96\netbeans\ide\modules\org-netbeans-modules-csl-api.jar;C:\OpenESB-v2.3-b96\netbeans\ide\modules\ext\jaxb\activation.jar;C:\OpenESB-v2.3-b96\netbeans\platform\lib\org-openide-modules.jar;C:\OpenESB-v2.3-b96\netbeans\platform\lib\org-openide-util.jar;C:\OpenESB-v2.3-b96\netbeans\platform\lib\org-openide-util-lookup.jar;C:\OpenESB-v2.3-b96\netbeans\platform\modules\org-openide-awt.jar;C:\OpenESB-v2.3-b96\netbeans\platform\modules\org-openide-options.jar;C:\OpenESB-v2.3-b96\netbeans\platform\modules\org-openide-text.jar;C:\OpenESB-v2.3-b96\netbeans\platform\modules\org-openide-loaders.jar;C:\OpenESB-v2.3-b96\netbeans\platform\modules\org-openide-nodes.jar;C:\OpenESB-v2.3-b96\netbeans\platform\modules\org-netbeans-modules-editor-mimelookup.jar;C:\OpenESB-v2.3-b96\netbeans\platform\modules\org-netbeans-modules-editor-mimelookup-impl.jar;C:\OpenESB-v2.3-b96\netbeans\platform\core\org-openide-filesystems.jar;C:\OpenESB-v2.3-b96\netbeans\platform\modules\org-netbeans-modules-keyring.jar;C:\OpenESB-v2.3-b96\netbeans\platform\modules\org-openide-dialogs.jar;C:\apache-ant-1.8.4\lib\ant-launcher.jar;C:\apache-ant-1.8.4\lib\ant.jar;C:\apache-ant-1.8.4\lib\ant-junit.jar;C:\apache-ant-1.8.4\lib\ant-junit4.jar
java.class.version=50.0
java.endorsed.dirs=C:\Java\jdk1.6.0_35\jre\lib\endorsed
java.ext.dirs=C:\Java\jdk1.6.0_35\jre\lib\ext;C:\Windows\Sun\Java\lib\ext
java.home=C:\Java\jdk1.6.0_35\jre
java.io.tmpdir=C:\Users\Vishnu\AppData\Local\Temp\
java.library.path=C:\Java\jdk1.6.0_35\jre\bin;C:\Windows\Sun\Java\bin;C:\Windows\system32;C:\Windows;C:\oraclexe\app\oracle\product\11.2.0\server\bin;C:\Java\jdk1.6.0_35\bin;C:\Program Files\Common Files\Microsoft Shared\Windows Live;C:\Program Files (x86)\Common Files\Microsoft Shared\Windows Live;c:\Program Files (x86)\Intel\iCLS Client\;c:\Program Files\Intel\iCLS Client\;c:\Program Files (x86)\AMD APP\bin\x86_64;c:\Program Files (x86)\AMD APP\bin\x86;C:\Windows\system32;C:\Windows;C:\Windows\System32\Wbem;C:\Windows\System32\WindowsPowerShell\v1.0\;c:\Program Files (x86)\ATI Technologies\ATI.ACE\Core-Static;C:\Program Files\Intel\WiFi\bin\;C:\Program Files\Common Files\Intel\WirelessCommon\;C:\Program Files (x86)\Windows Live\Shared;C:\Program Files (x86)\MySQL\MySQL Server 5.1\bin;C:\Program Files\TortoiseSVN\bin;C:\Program Files (x86)\Calibre2\;C:\Program Files (x86)\QuickTime\QTSystem\;C:\Program Files (x86)\Symantec\VIP Access Client\;E:\apache-maven-3.0.4\bin;C:\oraclexe\app\oracle\product\11.2.0\server\bin;C:\Java\jdk1.6.0_35\bin;C:\Program Files\Common Files\Microsoft Shared\Windows Live;C:\Program Files (x86)\Common Files\Microsoft Shared\Windows Live;c:\Program Files (x86)\Intel\iCLS Client\;c:\Program Files\Intel\iCLS Client\;c:\Program Files (x86)\AMD APP\bin\x86_64;c:\Program Files (x86)\AMD APP\bin\x86;C:\Windows\system32;C:\Windows;C:\Windows\System32\Wbem;C:\Windows\System32\WindowsPowerShell\v1.0\;c:\Program Files (x86)\ATI Technologies\ATI.ACE\Core-Static;C:\Program Files\Intel\WiFi\bin\;C:\Program Files\Common Files\Intel\WirelessCommon\;C:\Program Files (x86)\Windows Live\Shared;C:\Program Files (x86)\MySQL\MySQL Server 5.1\bin;C:\Program Files\TortoiseSVN\bin;C:\Program Files (x86)\Calibre2\;C:\Program Files (x86)\QuickTime\QTSystem\;C:\Program Files (x86)\Symantec\VIP Access Client\;E:\aspectj1.7\bin;C:\apache-ant-1.8.4\bin;C:\OpenSSL-Win32\bin;.
java.runtime.name=Java(TM) SE Runtime Environment
java.runtime.version=1.6.0_35-b10
java.specification.name=Java Platform API Specification
java.specification.vendor=Sun Microsystems Inc.
java.specification.version=1.6
java.vendor=Sun Microsystems Inc.
java.vendor.url=http://java.sun.com/
java.vendor.url.bug=http://java.sun.com/cgi-bin/bugreport.cgi
java.version=1.6.0_35
java.vm.info=mixed mode
java.vm.name=Java HotSpot(TM) 64-Bit Server VM
java.vm.specification.name=Java Virtual Machine Specification
java.vm.specification.vendor=Sun Microsystems Inc.
java.vm.specification.version=1.0
java.vm.vendor=Sun Microsystems Inc.
java.vm.version=20.10-b01
line.separator=

org.netbeans.modules.compapp.catd.context=
os.arch=amd64
os.name=Windows 7
os.version=6.1
path.separator=;
sun.arch.data.model=64
sun.boot.class.path=C:\Java\jdk1.6.0_35\jre\lib\resources.jar;C:\Java\jdk1.6.0_35\jre\lib\rt.jar;C:\Java\jdk1.6.0_35\jre\lib\sunrsasign.jar;C:\Java\jdk1.6.0_35\jre\lib\jsse.jar;C:\Java\jdk1.6.0_35\jre\lib\jce.jar;C:\Java\jdk1.6.0_35\jre\lib\charsets.jar;C:\Java\jdk1.6.0_35\jre\lib\modules\jdk.boot.jar;C:\Java\jdk1.6.0_35\jre\classes
sun.boot.library.path=C:\Java\jdk1.6.0_35\jre\bin
sun.cpu.endian=little
sun.cpu.isalist=amd64
sun.desktop=windows
sun.io.unicode.encoding=UnicodeLittle
sun.java.command=org.apache.tools.ant.taskdefs.optional.junit.JUnitTestRunner org.netbeans.modules.compapp.catd.ConfiguredTest filtertrace=true haltOnError=false haltOnFailure=false showoutput=true outputtoformatters=true logfailedtests=true logtestlistenerevents=false formatter=org.apache.tools.ant.taskdefs.optional.junit.BriefJUnitResultFormatter formatter=org.apache.tools.ant.taskdefs.optional.junit.XMLJUnitResultFormatter,E:\git-repos\open-esb\openesb-components\driver-tests\bpelse\assign\AssignJbi\test\results\TEST-org.netbeans.modules.compapp.catd.ConfiguredTest.xml crashfile=C:\Users\Vishnu\AppData\Local\Temp\junitvmwatcher4699061139842858040.properties propsfile=C:\Users\Vishnu\AppData\Local\Temp\junit4842621084715827187.properties
sun.java.launcher=SUN_STANDARD
sun.jnu.encoding=Cp1252
sun.management.compiler=HotSpot 64-Bit Tiered Compilers
sun.os.patch.level=Service Pack 1
user.country=IN
user.dir=E:\git-repos\open-esb\openesb-components\driver-tests\bpelse\assign\AssignJbi
user.home=C:\Users\Vishnu
user.language=en
user.name=Vishnu
user.timezone=Asia/Calcutta
user.variant=
Test AssignAndOpFF\Concurrent.properties Passed. Threads count Success: <10> Error: <0> Not completed: <0> Throughput: <10> invocations in <0.276>s = <36.23188405797101> invokes/s
Test AssignAndOpFT\Concurrent.properties Passed. Threads count Success: <10> Error: <0> Not completed: <0> Throughput: <10> invocations in <0.263>s = <38.02281368821293> invokes/s
Test AssignAndOpTF\Concurrent.properties Passed. Threads count Success: <10> Error: <0> Not completed: <0> Throughput: <10> invocations in <0.169>s = <59.17159763313609> invokes/s
Test AssignAndOpTT\Concurrent.properties Passed. Threads count Success: <10> Error: <0> Not completed: <0> Throughput: <10> invocations in <0.115>s = <86.95652173913044> invokes/s
Test AssignDurrationFalseInvoke\Concurrent.properties Passed. Threads count Success: <10> Error: <0> Not completed: <0> Throughput: <10> invocations in <0.18>s = <55.55555555555556> invokes/s
Test AssignDurrationTrueInvoke\Concurrent.properties Passed. Threads count Success: <10> Error: <0> Not completed: <0> Throughput: <10> invocations in <0.137>s = <72.992700729927> invokes/s
Test AssignOrOpFF\Concurrent.properties Passed. Threads count Success: <10> Error: <0> Not completed: <0> Throughput: <10> invocations in <0.188>s = <53.191489361702125> invokes/s
Test AssignOrOpFT\Concurrent.properties Passed. Threads count Success: <10> Error: <0> Not completed: <0> Throughput: <10> invocations in <0.12>s = <83.33333333333334> invokes/s
Test AssignOrOpTF\Concurrent.properties Passed. Threads count Success: <10> Error: <0> Not completed: <0> Throughput: <10> invocations in <0.116>s = <86.20689655172413> invokes/s
Test AssignOrOpTT\Concurrent.properties Passed. Threads count Success: <10> Error: <0> Not completed: <0> Throughput: <10> invocations in <0.113>s = <88.49557522123894> invokes/s
Test CopyNCNameInvoke\Concurrent.properties Passed. Threads count Success: <10> Error: <0> Not completed: <0> Throughput: <10> invocations in <0.246>s = <40.65040650406504> invokes/s
Test CopyNameInvoke\Concurrent.properties Passed. Threads count Success: <10> Error: <0> Not completed: <0> Throughput: <10> invocations in <0.164>s = <60.97560975609756> invokes/s
Test CopyOptionalRepeatInvoke\Concurrent.properties Passed. Threads count Success: <10> Error: <0> Not completed: <0> Throughput: <10> invocations in <0.16>s = <62.5> invokes/s
Test CopyQNameInvoke\Concurrent.properties Passed. Threads count Success: <10> Error: <0> Not completed: <0> Throughput: <10> invocations in <0.238>s = <42.016806722689076> invokes/s
Test CopyanyURIInvoke\Concurrent.properties Passed. Threads count Success: <10> Error: <0> Not completed: <0> Throughput: <10> invocations in <0.136>s = <73.52941176470588> invokes/s
Test Copybase64BinaryInvoke\Concurrent.properties Passed. Threads count Success: <1> Error: <0> Not completed: <0> Throughput: <1> invocations in <0.0080>s = <125.0> invokes/s
Test CopybooleanInvoke\Concurrent.properties Passed. Threads count Success: <10> Error: <0> Not completed: <0> Throughput: <10> invocations in <0.213>s = <46.948356807511736> invokes/s
Test CopybyteInvoke\Concurrent.properties Passed. Threads count Success: <10> Error: <0> Not completed: <0> Throughput: <10> invocations in <3.125>s = <3.2> invokes/s
Test CopydateInvoke\Concurrent.properties Passed. Threads count Success: <10> Error: <0> Not completed: <0> Throughput: <10> invocations in <0.187>s = <53.475935828877006> invokes/s
Test CopydateTimeInvoke\Concurrent.properties Passed. Threads count Success: <10> Error: <0> Not completed: <0> Throughput: <10> invocations in <0.215>s = <46.51162790697674> invokes/s
Test CopydecimalInvoke\Concurrent.properties Passed. Threads count Success: <10> Error: <0> Not completed: <0> Throughput: <10> invocations in <0.158>s = <63.291139240506325> invokes/s
Test CopydoubleInvoke\Concurrent.properties Passed. Threads count Success: <10> Error: <0> Not completed: <0> Throughput: <10> invocations in <0.156>s = <64.1025641025641> invokes/s
Test CopydurationInvoke\Concurrent.properties Passed. Threads count Success: <10> Error: <0> Not completed: <0> Throughput: <10> invocations in <0.142>s = <70.42253521126761> invokes/s
Test CopyfloatInvoke\Concurrent.properties Passed. Threads count Success: <10> Error: <0> Not completed: <0> Throughput: <10> invocations in <0.135>s = <74.07407407407408> invokes/s
Test CopygDayInvoke\Concurrent.properties Passed. Threads count Success: <10> Error: <0> Not completed: <0> Throughput: <10> invocations in <0.165>s = <60.6060606060606> invokes/s
Test CopygMonthDayInvoke\Concurrent.properties Passed. Threads count Success: <10> Error: <0> Not completed: <0> Throughput: <10> invocations in <0.147>s = <68.02721088435375> invokes/s
Test CopygMonthInvoke\Concurrent.properties Passed. Threads count Success: <10> Error: <0> Not completed: <0> Throughput: <10> invocations in <0.142>s = <70.42253521126761> invokes/s
Test CopygYearInvoke\Concurrent.properties Passed. Threads count Success: <10> Error: <0> Not completed: <0> Throughput: <10> invocations in <0.179>s = <55.865921787709496> invokes/s
Test CopygYearMonthInvoke\Concurrent.properties Passed. Threads count Success: <10> Error: <0> Not completed: <0> Throughput: <10> invocations in <0.176>s = <56.81818181818182> invokes/s
Test CopyhexBinaryInvoke\Concurrent.properties Passed. Threads count Success: <10> Error: <0> Not completed: <0> Throughput: <10> invocations in <0.139>s = <71.94244604316546> invokes/s
Test CopyidInvoke\Concurrent.properties in Development
Test CopyintInvoke\Concurrent.properties Passed. Threads count Success: <10> Error: <0> Not completed: <0> Throughput: <10> invocations in <0.128>s = <78.125> invokes/s
Test CopyintegerInvoke\Concurrent.properties Passed. Threads count Success: <10> Error: <0> Not completed: <0> Throughput: <10> invocations in <0.132>s = <75.75757575757575> invokes/s
Test CopylanguageInvoke\Concurrent.properties Passed. Threads count Success: <10> Error: <0> Not completed: <0> Throughput: <10> invocations in <0.147>s = <68.02721088435375> invokes/s
Test CopylongInvoke\Concurrent.properties Passed. Threads count Success: <10> Error: <0> Not completed: <0> Throughput: <10> invocations in <0.148>s = <67.56756756756756> invokes/s
Test CopynegativeIntegerInvoke\Concurrent.properties Passed. Threads count Success: <10> Error: <0> Not completed: <0> Throughput: <10> invocations in <0.135>s = <74.07407407407408> invokes/s
Test CopynormalizedStringInvoke\Concurrent.properties Passed. Threads count Success: <10> Error: <0> Not completed: <0> Throughput: <10> invocations in <0.172>s = <58.139534883720934> invokes/s
Test CopypositiveIntegerInvoke\Concurrent.properties Passed. Threads count Success: <10> Error: <0> Not completed: <0> Throughput: <10> invocations in <0.14>s = <71.42857142857142> invokes/s
Test CopyshortInvoke\Concurrent.properties Passed. Threads count Success: <10> Error: <0> Not completed: <0> Throughput: <10> invocations in <0.111>s = <90.09009009009009> invokes/s
Test CopystringInvoke\Concurrent.properties Passed. Threads count Success: <10> Error: <0> Not completed: <0> Throughput: <10> invocations in <0.181>s = <55.248618784530386> invokes/s
Test CopytimeInvoke\Concurrent.properties Passed. Threads count Success: <10> Error: <0> Not completed: <0> Throughput: <10> invocations in <0.252>s = <39.682539682539684> invokes/s
Test CopyunsignedByteInvoke\Concurrent.properties Passed. Threads count Success: <10> Error: <0> Not completed: <0> Throughput: <10> invocations in <0.098>s = <102.0408163265306> invokes/s
Test CopyunsignedIntInvoke\Concurrent.properties Passed. Threads count Success: <10> Error: <0> Not completed: <0> Throughput: <10> invocations in <0.163>s = <61.34969325153374> invokes/s
Test CopyunsignedLongInvoke\Concurrent.properties Passed. Threads count Success: <10> Error: <0> Not completed: <0> Throughput: <10> invocations in <0.128>s = <78.125> invokes/s
Test CopyunsignedShortInvoke\Concurrent.properties Passed. Threads count Success: <10> Error: <0> Not completed: <0> Throughput: <10> invocations in <0.1>s = <100.0> invokes/s
Test EmptyLiteral\Concurrent.properties Passed. Threads count Success: <1> Error: <0> Not completed: <0>
Test ErroneousExpr\Concurrent.properties Passed. Threads count Success: <1> Error: <0> Not completed: <0>
Test GlobalAndLocalAttributes\Concurrent.properties Passed. Threads count Success: <10> Error: <0> Not completed: <0>
Test IgnoreMissingFromData1\Concurrent.properties Passed. Threads count Success: <1> Error: <0> Not completed: <0>
Test IgnoreMissingFromData2\Concurrent.properties Passed. Threads count Success: <1> Error: <0> Not completed: <0>
Test IgnoreMissingFromData3\Concurrent.properties Passed. Threads count Success: <1> Error: <0> Not completed: <0>
Test IgnoreMissingFromData4\Concurrent.properties Passed. Threads count Success: <1> Error: <0> Not completed: <0>
Test IgnoreMissingFromData5\Concurrent.properties Passed. Threads count Success: <1> Error: <0> Not completed: <0>
Test QueryWithNamespace1\Concurrent.properties Passed. Threads count Success: <10> Error: <0> Not completed: <0> Throughput: <10> invocations in <0.147>s = <68.02721088435375> invokes/s
Test SpecExampleAttrToAttr\Concurrent.properties Passed. Threads count Success: <10> Error: <0> Not completed: <0> Throughput: <10> invocations in <0.213>s = <46.948356807511736> invokes/s
Test SpecExampleAttrToElem\Concurrent.properties Passed. Threads count Success: <10> Error: <0> Not completed: <0> Throughput: <10> invocations in <0.15>s = <66.66666666666667> invokes/s
Test SpecExampleAttrToText\Concurrent.properties Passed. Threads count Success: <10> Error: <0> Not completed: <0> Throughput: <10> invocations in <0.216>s = <46.2962962962963> invokes/s
Test SpecExampleElemToAttr\Concurrent.properties Passed. Threads count Success: <10> Error: <0> Not completed: <0> Throughput: <10> invocations in <0.161>s = <62.11180124223603> invokes/s
Test SpecExampleElemToElem\Concurrent.properties Passed. Threads count Success: <10> Error: <0> Not completed: <0> Throughput: <10> invocations in <0.21>s = <47.61904761904762> invokes/s
Test SpecExampleElemToText\Concurrent.properties Passed. Threads count Success: <10> Error: <0> Not completed: <0> Throughput: <10> invocations in <0.191>s = <52.35602094240838> invokes/s
Test SpecExampleTextToAttr\Concurrent.properties Passed. Threads count Success: <10> Error: <0> Not completed: <0> Throughput: <10> invocations in <0.15>s = <66.66666666666667> invokes/s
Test SpecExampleTextToElem\Concurrent.properties Passed. Threads count Success: <10> Error: <0> Not completed: <0> Throughput: <10> invocations in <0.144>s = <69.44444444444444> invokes/s
Test SpecExampleTextToText\Concurrent.properties Passed. Threads count Success: <10> Error: <0> Not completed: <0> Throughput: <10> invocations in <3.164>s = <3.1605562579013906> invokes/s
Test TestCaseBooleanTestFalse\Concurrent.properties Passed. Threads count Success: <1> Error: <0> Not completed: <0>
Test TestCaseBooleanTestTrue\Concurrent.properties Passed. Threads count Success: <1> Error: <0> Not completed: <0>
Test byteGreaterEqualInvoke\Concurrent.properties Passed. Threads count Success: <10> Error: <0> Not completed: <0> Throughput: <10> invocations in <0.25>s = <40.0> invokes/s
Test byteGreaterInvoke\Concurrent.properties Passed. Threads count Success: <10> Error: <0> Not completed: <0> Throughput: <10> invocations in <0.09>s = <111.11111111111111> invokes/s
Test byteaddInvoke\Concurrent.properties Passed. Threads count Success: <10> Error: <0> Not completed: <0> Throughput: <10> invocations in <0.075>s = <133.33333333333334> invokes/s
Test bytedivInvoke\Concurrent.properties Passed. Threads count Success: <10> Error: <0> Not completed: <0> Throughput: <10> invocations in <0.144>s = <69.44444444444444> invokes/s
Test bytemodInvoke\Concurrent.properties Passed. Threads count Success: <10> Error: <0> Not completed: <0> Throughput: <10> invocations in <0.089>s = <112.35955056179776> invokes/s
Test bytemultInvoke\Concurrent.properties Passed. Threads count Success: <10> Error: <0> Not completed: <0> Throughput: <10> invocations in <0.117>s = <85.47008547008546> invokes/s
Test bytenegInvoke\Concurrent.properties Passed. Threads count Success: <10> Error: <0> Not completed: <0> Throughput: <10> invocations in <0.127>s = <78.74015748031496> invokes/s
Test bytesubInvoke\Concurrent.properties Passed. Threads count Success: <10> Error: <0> Not completed: <0> Throughput: <10> invocations in <0.079>s = <126.58227848101265> invokes/s
Test copyRepeatingNodesUsingPredicate\Concurrent.properties Passed. Threads count Success: <1> Error: <0> Not completed: <0> Throughput: <1> invocations in <0.031>s = <32.25806451612903> invokes/s
Test decimalGreaterEqualInvoke\Concurrent.properties Passed. Threads count Success: <10> Error: <0> Not completed: <0> Throughput: <10> invocations in <0.158>s = <63.291139240506325> invokes/s
Test decimalGreaterInvoke\Concurrent.properties Passed. Threads count Success: <10> Error: <0> Not completed: <0> Throughput: <10> invocations in <0.108>s = <92.5925925925926> invokes/s
Test decimaladdInvoke\Concurrent.properties Passed. Threads count Success: <10> Error: <0> Not completed: <0> Throughput: <10> invocations in <0.099>s = <101.01010101010101> invokes/s
Test decimaldivInvoke\Concurrent.properties Passed. Threads count Success: <10> Error: <0> Not completed: <0> Throughput: <10> invocations in <0.112>s = <89.28571428571428> invokes/s
Test decimalmodInvoke\Concurrent.properties Passed. Threads count Success: <10> Error: <0> Not completed: <0> Throughput: <10> invocations in <0.115>s = <86.95652173913044> invokes/s
Test decimalmultInvoke\Concurrent.properties Passed. Threads count Success: <10> Error: <0> Not completed: <0> Throughput: <10> invocations in <0.083>s = <120.48192771084337> invokes/s
Test decimalnegInvoke\Concurrent.properties Passed. Threads count Success: <10> Error: <0> Not completed: <0> Throughput: <10> invocations in <0.102>s = <98.03921568627452> invokes/s
Test decimalsubInvoke\Concurrent.properties Passed. Threads count Success: <10> Error: <0> Not completed: <0> Throughput: <10> invocations in <0.117>s = <85.47008547008546> invokes/s
Test documentMultiNS\Concurrent.properties in Development
Test echoAnyURIDataType_Invoke\Concurrent.properties Passed. Threads count Success: <10> Error: <0> Not completed: <0> Throughput: <10> invocations in <0.416>s = <24.03846153846154> invokes/s
Test echoBase64BinaryDataType_Invoke\Concurrent.properties Passed. Threads count Success: <10> Error: <0> Not completed: <0> Throughput: <10> invocations in <0.441>s = <22.675736961451246> invokes/s
Test echoBooleanDataType_Invoke\Concurrent.properties Passed. Threads count Success: <10> Error: <0> Not completed: <0> Throughput: <10> invocations in <0.391>s = <25.57544757033248> invokes/s
Test echoBooleanDecInvoke\Concurrent.properties Passed. Threads count Success: <10> Error: <0> Not completed: <0> Throughput: <10> invocations in <0.119>s = <84.03361344537815> invokes/s
Test echoBooleanEmptyInvoke\Concurrent.properties Passed. Threads count Success: <10> Error: <0> Not completed: <0> Throughput: <10> invocations in <0.1>s = <100.0> invokes/s
Test echoBooleanInvoke\Concurrent.properties Passed. Threads count Success: <10> Error: <0> Not completed: <0> Throughput: <10> invocations in <0.146>s = <68.4931506849315> invokes/s
Test echoBooleanNegDecInvoke\Concurrent.properties Passed. Threads count Success: <10> Error: <0> Not completed: <0> Throughput: <10> invocations in <0.072>s = <138.88888888888889> invokes/s
Test echoBooleanNegInvoke\Concurrent.properties Passed. Threads count Success: <10> Error: <0> Not completed: <0> Throughput: <10> invocations in <0.068>s = <147.05882352941177> invokes/s
Test echoBooleanStringInvoke\Concurrent.properties Passed. Threads count Success: <10> Error: <0> Not completed: <0> Throughput: <10> invocations in <0.113>s = <88.49557522123894> invokes/s
Test echoBooleanZeroInvoke\Concurrent.properties Passed. Threads count Success: <10> Error: <0> Not completed: <0> Throughput: <10> invocations in <0.081>s = <123.45679012345678> invokes/s
Test echoByteDataType_Invoke\Concurrent.properties Passed. Threads count Success: <10> Error: <0> Not completed: <0> Throughput: <10> invocations in <0.454>s = <22.026431718061673> invokes/s
Test echoCeilingDecInvoke\Concurrent.properties Passed. Threads count Success: <10> Error: <0> Not completed: <0> Throughput: <10> invocations in <0.094>s = <106.38297872340425> invokes/s
Test echoCeilingIntInvoke\Concurrent.properties Passed. Threads count Success: <10> Error: <0> Not completed: <0> Throughput: <10> invocations in <0.134>s = <74.62686567164178> invokes/s
Test echoCeilingInvoke\Concurrent.properties Passed. Threads count Success: <10> Error: <0> Not completed: <0> Throughput: <10> invocations in <0.104>s = <96.15384615384616> invokes/s
Test echoCeilingNaNInvoke\Concurrent.properties Passed. Threads count Success: <10> Error: <0> Not completed: <0> Throughput: <10> invocations in <0.07>s = <142.85714285714283> invokes/s
Test echoCeilingNegIntInvoke\Concurrent.properties Passed. Threads count Success: <10> Error: <0> Not completed: <0> Throughput: <10> invocations in <0.07>s = <142.85714285714283> invokes/s
Test echoCeilingZeroInvoke\Concurrent.properties Passed. Threads count Success: <10> Error: <0> Not completed: <0> Throughput: <10> invocations in <0.094>s = <106.38297872340425> invokes/s
Test echoConcat2_Invoke\Concurrent.properties Passed. Threads count Success: <10> Error: <0> Not completed: <0> Throughput: <10> invocations in <0.083>s = <120.48192771084337> invokes/s
Test echoConcat_Invoke\Concurrent.properties Passed. Threads count Success: <10> Error: <0> Not completed: <0> Throughput: <10> invocations in <0.076>s = <131.57894736842107> invokes/s
Test echoContains2Invoke\Concurrent.properties Passed. Threads count Success: <10> Error: <0> Not completed: <0> Throughput: <10> invocations in <0.072>s = <138.88888888888889> invokes/s
Test echoContainsEmptyInvoke\Concurrent.properties Passed. Threads count Success: <10> Error: <0> Not completed: <0> Throughput: <10> invocations in <0.069>s = <144.92753623188403> invokes/s
Test echoContainsInvoke\Concurrent.properties Passed. Threads count Success: <10> Error: <0> Not completed: <0> Throughput: <10> invocations in <0.087>s = <114.9425287356322> invokes/s
Test echoCopyFromInvoke\Concurrent.properties Passed. Threads count Success: <10> Error: <0> Not completed: <0> Throughput: <10> invocations in <0.093>s = <107.52688172043011> invokes/s
Test echoCountInvoke\Concurrent.properties Passed. Threads count Success: <10> Error: <0> Not completed: <0> Throughput: <10> invocations in <0.096>s = <104.16666666666667> invokes/s
Test echoDateDataType_Invoke\Concurrent.properties Passed. Threads count Success: <10> Error: <0> Not completed: <0> Throughput: <10> invocations in <0.313>s = <31.94888178913738> invokes/s
Test echoDateTimeDataType_Invoke\Concurrent.properties Passed. Threads count Success: <10> Error: <0> Not completed: <0> Throughput: <10> invocations in <0.37>s = <27.027027027027028> invokes/s
Test echoDecimalDataType_Invoke\Concurrent.properties Passed. Threads count Success: <10> Error: <0> Not completed: <0> Throughput: <10> invocations in <0.411>s = <24.330900243309003> invokes/s
Test echoDoubleDataType_Invoke\Concurrent.properties Passed. Threads count Success: <10> Error: <0> Not completed: <0> Throughput: <10> invocations in <0.315>s = <31.746031746031747> invokes/s
Test echoDurationDataType_Invoke\Concurrent.properties Passed. Threads count Success: <10> Error: <0> Not completed: <0> Throughput: <10> invocations in <0.326>s = <30.67484662576687> invokes/s
Test echoENTITIESDataType_Invoke\Concurrent.properties Passed. Threads count Success: <10> Error: <0> Not completed: <0> Throughput: <10> invocations in <0.31>s = <32.25806451612903> invokes/s
Test echoENTITYDataType_Invoke\Concurrent.properties Passed. Threads count Success: <10> Error: <0> Not completed: <0> Throughput: <10> invocations in <0.365>s = <27.397260273972602> invokes/s
Test echoFalseInvoke\Concurrent.properties Passed. Threads count Success: <10> Error: <0> Not completed: <0> Throughput: <10> invocations in <0.071>s = <140.84507042253523> invokes/s
Test echoFloatDataType_Invoke\Concurrent.properties Passed. Threads count Success: <10> Error: <0> Not completed: <0> Throughput: <10> invocations in <0.299>s = <33.44481605351171> invokes/s
Test echoFloorDecInvoke\Concurrent.properties Passed. Threads count Success: <10> Error: <0> Not completed: <0> Throughput: <10> invocations in <0.068>s = <147.05882352941177> invokes/s
Test echoFloorInvoke\Concurrent.properties Passed. Threads count Success: <10> Error: <0> Not completed: <0> Throughput: <10> invocations in <0.064>s = <156.25> invokes/s
Test echoFloorNaNInvoke\Concurrent.properties Passed. Threads count Success: <10> Error: <0> Not completed: <0> Throughput: <10> invocations in <0.064>s = <156.25> invokes/s
Test echoFloorNegIntInvoke\Concurrent.properties Passed. Threads count Success: <10> Error: <0> Not completed: <0> Throughput: <10> invocations in <0.088>s = <113.63636363636364> invokes/s
Test echoFloorNegInvoke\Concurrent.properties Passed. Threads count Success: <10> Error: <0> Not completed: <0> Throughput: <10> invocations in <0.135>s = <74.07407407407408> invokes/s
Test echoFloorZeroInvoke\Concurrent.properties Passed. Threads count Success: <10> Error: <0> Not completed: <0> Throughput: <10> invocations in <0.089>s = <112.35955056179776> invokes/s
Test echoGDayDataType_Invoke\Concurrent.properties Passed. Threads count Success: <10> Error: <0> Not completed: <0> Throughput: <10> invocations in <0.288>s = <34.72222222222222> invokes/s
Test echoGMonthDataType_Invoke\Concurrent.properties Passed. Threads count Success: <10> Error: <0> Not completed: <0> Throughput: <10> invocations in <0.295>s = <33.898305084745765> invokes/s
Test echoGMonthDayDataType_Invoke\Concurrent.properties Passed. Threads count Success: <10> Error: <0> Not completed: <0> Throughput: <10> invocations in <0.289>s = <34.602076124567475> invokes/s
Test echoGYearDataType_Invoke\Concurrent.properties Passed. Threads count Success: <10> Error: <0> Not completed: <0> Throughput: <10> invocations in <0.254>s = <39.37007874015748> invokes/s
Test echoGYearMonthDataType_Invoke\Concurrent.properties Passed. Threads count Success: <10> Error: <0> Not completed: <0> Throughput: <10> invocations in <0.245>s = <40.816326530612244> invokes/s
Test echoHexBinaryDataType_Invoke\Concurrent.properties Passed. Threads count Success: <10> Error: <0> Not completed: <0> Throughput: <10> invocations in <0.344>s = <29.069767441860467> invokes/s
Test echoIDDataType_Invoke\Concurrent.properties Passed. Threads count Success: <10> Error: <0> Not completed: <0> Throughput: <10> invocations in <0.378>s = <26.455026455026456> invokes/s
Test echoIDREFDataType_Invoke\Concurrent.properties Passed. Threads count Success: <10> Error: <0> Not completed: <0> Throughput: <10> invocations in <0.285>s = <35.08771929824562> invokes/s
Test echoIDREFSDataType_Invoke\Concurrent.properties Passed. Threads count Success: <10> Error: <0> Not completed: <0> Throughput: <10> invocations in <3.262>s = <3.065603923973023> invokes/s
Test echoIntDataType_Invoke\Concurrent.properties Passed. Threads count Success: <10> Error: <0> Not completed: <0> Throughput: <10> invocations in <0.215>s = <46.51162790697674> invokes/s
Test echoIntegerDataType_Invoke\Concurrent.properties Passed. Threads count Success: <10> Error: <0> Not completed: <0> Throughput: <10> invocations in <0.217>s = <46.08294930875576> invokes/s
Test echoLangInvoke\Concurrent.properties Passed. Threads count Success: <10> Error: <0> Not completed: <0> Throughput: <10> invocations in <0.082>s = <121.95121951219512> invokes/s
Test echoLangNegInvoke\Concurrent.properties Passed. Threads count Success: <10> Error: <0> Not completed: <0> Throughput: <10> invocations in <0.065>s = <153.84615384615384> invokes/s
Test echoLanguageDataType_Invoke\Concurrent.properties Passed. Threads count Success: <10> Error: <0> Not completed: <0> Throughput: <10> invocations in <0.261>s = <38.314176245210724> invokes/s
Test echoLocalNameInvoke\Concurrent.properties in Development
Test echoLongDataType_Invoke\Concurrent.properties Passed. Threads count Success: <10> Error: <0> Not completed: <0> Throughput: <10> invocations in <0.268>s = <37.31343283582089> invokes/s
Test echoMultiplyInvoke\Concurrent.properties Passed. Threads count Success: <10> Error: <0> Not completed: <0> Throughput: <10> invocations in <3.09>s = <3.236245954692557> invokes/s
Test echoNCNameDataType_Invoke\Concurrent.properties Passed. Threads count Success: <10> Error: <0> Not completed: <0> Throughput: <10> invocations in <0.376>s = <26.595744680851062> invokes/s
Test echoNMTOKENDataType_Invoke\Concurrent.properties Passed. Threads count Success: <10> Error: <0> Not completed: <0> Throughput: <10> invocations in <0.251>s = <39.8406374501992> invokes/s
Test echoNMTOKENSDataType_Invoke\Concurrent.properties Passed. Threads count Success: <10> Error: <0> Not completed: <0> Throughput: <10> invocations in <0.275>s = <36.36363636363636> invokes/s
Test echoNameDataType_Invoke\Concurrent.properties Passed. Threads count Success: <10> Error: <0> Not completed: <0> Throughput: <10> invocations in <0.262>s = <38.167938931297705> invokes/s
Test echoNameInvoke\Concurrent.properties in Development
Test echoNegativeIntegerDataType_Invoke\Concurrent.properties Passed. Threads count Success: <10> Error: <0> Not completed: <0> Throughput: <10> invocations in <0.266>s = <37.59398496240601> invokes/s
Test echoNonNegativeIntegerDataType_Invoke\Concurrent.properties Passed. Threads count Success: <10> Error: <0> Not completed: <0> Throughput: <10> invocations in <0.269>s = <37.174721189591075> invokes/s
Test echoNonPositiveIntegerDataType_Invoke\Concurrent.properties Passed. Threads count Success: <10> Error: <0> Not completed: <0> Throughput: <10> invocations in <0.289>s = <34.602076124567475> invokes/s
Test echoNormalizeSpaceInvoke\Concurrent.properties Passed. Threads count Success: <10> Error: <0> Not completed: <0> Throughput: <10> invocations in <0.072>s = <138.88888888888889> invokes/s
Test echoNormalizeSpace_emptyInvoke\Concurrent.properties Passed. Threads count Success: <10> Error: <0> Not completed: <0> Throughput: <10> invocations in <0.075>s = <133.33333333333334> invokes/s
Test echoNormalizeSpace_noSpaceInvoke\Concurrent.properties Passed. Threads count Success: <10> Error: <0> Not completed: <0> Throughput: <10> invocations in <0.155>s = <64.51612903225806> invokes/s
Test echoNormalizeSpace_stringWspacesInvoke\Concurrent.properties Passed. Threads count Success: <10> Error: <0> Not completed: <0> Throughput: <10> invocations in <0.071>s = <140.84507042253523> invokes/s
Test echoNormalizedStringDataType_Invoke\Concurrent.properties Passed. Threads count Success: <10> Error: <0> Not completed: <0> Throughput: <10> invocations in <0.278>s = <35.97122302158273> invokes/s
Test echoNotFalseInvoke\Concurrent.properties Passed. Threads count Success: <10> Error: <0> Not completed: <0> Throughput: <10> invocations in <0.071>s = <140.84507042253523> invokes/s
Test echoNotInvoke\Concurrent.properties Passed. Threads count Success: <10> Error: <0> Not completed: <0> Throughput: <10> invocations in <0.065>s = <153.84615384615384> invokes/s
Test echoNot_StringInvoke\Concurrent.properties Passed. Threads count Success: <10> Error: <0> Not completed: <0> Throughput: <10> invocations in <0.06>s = <166.66666666666669> invokes/s
Test echoNot_emptyStringInvoke\Concurrent.properties Passed. Threads count Success: <10> Error: <0> Not completed: <0> Throughput: <10> invocations in <0.072>s = <138.88888888888889> invokes/s
Test echoNumberInvoke\Concurrent.properties Passed. Threads count Success: <10> Error: <0> Not completed: <0> Throughput: <10> invocations in <0.067>s = <149.25373134328356> invokes/s
Test echoNumberLiteralInvoke\Concurrent.properties Passed. Threads count Success: <10> Error: <0> Not completed: <0> Throughput: <10> invocations in <0.067>s = <149.25373134328356> invokes/s
Test echoNumberNegInvoke\Concurrent.properties Passed. Threads count Success: <10> Error: <0> Not completed: <0> Throughput: <10> invocations in <0.104>s = <96.15384615384616> invokes/s
Test echoPositiveIntegerDataType_Invoke\Concurrent.properties Passed. Threads count Success: <10> Error: <0> Not completed: <0> Throughput: <10> invocations in <0.18>s = <55.55555555555556> invokes/s
Test echoQNameDataType_Invoke\Concurrent.properties Passed. Threads count Success: <10> Error: <0> Not completed: <0> Throughput: <10> invocations in <0.225>s = <44.44444444444444> invokes/s
Test echoRoundBigDecimalBigger1E16GTInvoke\Concurrent.properties in Development
Test echoRoundBigDecimalBigger1E16LTInvoke\Concurrent.properties in Development
Test echoRoundIntInvoke\Concurrent.properties Passed. Threads count Success: <10> Error: <0> Not completed: <0> Throughput: <10> invocations in <0.072>s = <138.88888888888889> invokes/s
Test echoRoundInvoke\Concurrent.properties Passed. Threads count Success: <10> Error: <0> Not completed: <0> Throughput: <10> invocations in <0.121>s = <82.64462809917356> invokes/s
Test echoRoundLongInvoke\Concurrent.properties in Development
Test echoRoundNegDecimalInvoke\Concurrent.properties Passed. Threads count Success: <10> Error: <0> Not completed: <0> Throughput: <10> invocations in <0.068>s = <147.05882352941177> invokes/s
Test echoRoundNegIntInvoke\Concurrent.properties Passed. Threads count Success: <10> Error: <0> Not completed: <0> Throughput: <10> invocations in <0.079>s = <126.58227848101265> invokes/s
Test echoRoundNegInvoke\Concurrent.properties Passed. Threads count Success: <10> Error: <0> Not completed: <0> Throughput: <10> invocations in <0.061>s = <163.9344262295082> invokes/s
Test echoRoundZeroInvoke\Concurrent.properties Passed. Threads count Success: <10> Error: <0> Not completed: <0> Throughput: <10> invocations in <0.055>s = <181.8181818181818> invokes/s
Test echoShortDataType_Invoke\Concurrent.properties Passed. Threads count Success: <10> Error: <0> Not completed: <0> Throughput: <10> invocations in <0.206>s = <48.54368932038835> invokes/s
Test echoStartsWithEmpty_Invoke\Concurrent.properties Passed. Threads count Success: <10> Error: <0> Not completed: <0> Throughput: <10> invocations in <0.145>s = <68.96551724137932> invokes/s
Test echoStartsWithNotIn_Invoke\Concurrent.properties Passed. Threads count Success: <10> Error: <0> Not completed: <0> Throughput: <10> invocations in <0.066>s = <151.5151515151515> invokes/s
Test echoStartsWith_Invoke\Concurrent.properties Passed. Threads count Success: <10> Error: <0> Not completed: <0> Throughput: <10> invocations in <0.066>s = <151.5151515151515> invokes/s
Test echoString0Invoke\Concurrent.properties Passed. Threads count Success: <10> Error: <0> Not completed: <0> Throughput: <10> invocations in <0.071>s = <140.84507042253523> invokes/s
Test echoStringDataType_Invoke\Concurrent.properties Passed. Threads count Success: <10> Error: <0> Not completed: <0> Throughput: <10> invocations in <0.282>s = <35.46099290780142> invokes/s
Test echoStringEmptyInvoke\Concurrent.properties Passed. Threads count Success: <10> Error: <0> Not completed: <0> Throughput: <10> invocations in <3.056>s = <3.2722513089005236> invokes/s
Test echoStringInvoke\Concurrent.properties Passed. Threads count Success: <10> Error: <0> Not completed: <0> Throughput: <10> invocations in <0.118>s = <84.74576271186442> invokes/s
Test echoStringLengthInvoke\Concurrent.properties Passed. Threads count Success: <10> Error: <0> Not completed: <0> Throughput: <10> invocations in <0.068>s = <147.05882352941177> invokes/s
Test echoStringLength_emptyInvoke\Concurrent.properties Passed. Threads count Success: <10> Error: <0> Not completed: <0> Throughput: <10> invocations in <0.075>s = <133.33333333333334> invokes/s
Test echoSubstring1Invoke\Concurrent.properties Passed. Threads count Success: <10> Error: <0> Not completed: <0> Throughput: <10> invocations in <0.077>s = <129.87012987012986> invokes/s
Test echoSubstringAfterEmptyInvoke\Concurrent.properties Passed. Threads count Success: <10> Error: <0> Not completed: <0> Throughput: <10> invocations in <0.074>s = <135.13513513513513> invokes/s
Test echoSubstringAfterInvoke\Concurrent.properties Passed. Threads count Success: <10> Error: <0> Not completed: <0> Throughput: <10> invocations in <0.1>s = <100.0> invokes/s
Test echoSubstringAfterNotInInvoke\Concurrent.properties Passed. Threads count Success: <10> Error: <0> Not completed: <0> Throughput: <10> invocations in <0.063>s = <158.73015873015873> invokes/s
Test echoSubstringBeforeEmptyInvoke\Concurrent.properties Passed. Threads count Success: <10> Error: <0> Not completed: <0> Throughput: <10> invocations in <0.094>s = <106.38297872340425> invokes/s
Test echoSubstringBeforeInvoke\Concurrent.properties Passed. Threads count Success: <10> Error: <0> Not completed: <0> Throughput: <10> invocations in <0.077>s = <129.87012987012986> invokes/s
Test echoSubstringBefore_notInInvoke\Concurrent.properties Passed. Threads count Success: <10> Error: <0> Not completed: <0> Throughput: <10> invocations in <0.075>s = <133.33333333333334> invokes/s
Test echoSubstringInvoke\Concurrent.properties Passed. Threads count Success: <10> Error: <0> Not completed: <0> Throughput: <10> invocations in <0.076>s = <131.57894736842107> invokes/s
Test echoSubstringNumANumBInvoke\Concurrent.properties in Development
Test echoSubstringWithoutSoapActionInvoke\Concurrent.properties in Development
Test echoSumInvoke\Concurrent.properties Passed. Threads count Success: <10> Error: <0> Not completed: <0> Throughput: <10> invocations in <0.087>s = <114.9425287356322> invokes/s
Test echoSumNegDecimalInvoke\Concurrent.properties Passed. Threads count Success: <10> Error: <0> Not completed: <0> Throughput: <10> invocations in <0.06>s = <166.66666666666669> invokes/s
Test echoSumZeroInvoke\Concurrent.properties Passed. Threads count Success: <10> Error: <0> Not completed: <0> Throughput: <10> invocations in <0.055>s = <181.8181818181818> invokes/s
Test echoTimeDataType_Invoke\Concurrent.properties Passed. Threads count Success: <10> Error: <0> Not completed: <0> Throughput: <10> invocations in <0.238>s = <42.016806722689076> invokes/s
Test echoTokenDataType_Invoke\Concurrent.properties Passed. Threads count Success: <10> Error: <0> Not completed: <0> Throughput: <10> invocations in <0.331>s = <30.211480362537763> invokes/s
Test echoTranslate_Invoke\Concurrent.properties in Development
Test echoTrueInvoke\Concurrent.properties Passed. Threads count Success: <10> Error: <0> Not completed: <0> Throughput: <10> invocations in <0.072>s = <138.88888888888889> invokes/s
Test echoUnsignedByteDataType_Invoke\Concurrent.properties Passed. Threads count Success: <10> Error: <0> Not completed: <0> Throughput: <10> invocations in <0.259>s = <38.61003861003861> invokes/s
Test echoUnsignedIntDataType_Invoke\Concurrent.properties Passed. Threads count Success: <10> Error: <0> Not completed: <0> Throughput: <10> invocations in <0.256>s = <39.0625> invokes/s
Test echoUnsignedLongDataType_Invoke\Concurrent.properties Passed. Threads count Success: <10> Error: <0> Not completed: <0> Throughput: <10> invocations in <0.257>s = <38.91050583657587> invokes/s
Test echoUnsignedShortDataType_Invoke\Concurrent.properties Passed. Threads count Success: <10> Error: <0> Not completed: <0> Throughput: <10> invocations in <0.287>s = <34.84320557491289> invokes/s
Test intGreaterEqualInvoke\Concurrent.properties Passed. Threads count Success: <10> Error: <0> Not completed: <0> Throughput: <10> invocations in <0.073>s = <136.986301369863> invokes/s
Test intGreaterInvoke\Concurrent.properties Passed. Threads count Success: <10> Error: <0> Not completed: <0> Throughput: <10> invocations in <0.066>s = <151.5151515151515> invokes/s
Test intaddInvoke\Concurrent.properties Passed. Threads count Success: <10> Error: <0> Not completed: <0> Throughput: <10> invocations in <0.077>s = <129.87012987012986> invokes/s
Test intdivInvoke\Concurrent.properties Passed. Threads count Success: <10> Error: <0> Not completed: <0> Throughput: <10> invocations in <0.081>s = <123.45679012345678> invokes/s
Test integerGreaterEqualInvoke\Concurrent.properties Passed. Threads count Success: <10> Error: <0> Not completed: <0> Throughput: <10> invocations in <0.102>s = <98.03921568627452> invokes/s
Test integerGreaterInvoke\Concurrent.properties Passed. Threads count Success: <10> Error: <0> Not completed: <0> Throughput: <10> invocations in <0.08>s = <125.0> invokes/s
Test integeraddInvoke\Concurrent.properties Passed. Threads count Success: <10> Error: <0> Not completed: <0> Throughput: <10> invocations in <0.099>s = <101.01010101010101> invokes/s
Test integerdivInvoke\Concurrent.properties Passed. Threads count Success: <10> Error: <0> Not completed: <0> Throughput: <10> invocations in <0.077>s = <129.87012987012986> invokes/s
Test integermodInvoke\Concurrent.properties Passed. Threads count Success: <10> Error: <0> Not completed: <0> Throughput: <10> invocations in <0.067>s = <149.25373134328356> invokes/s
Test integermultInvoke\Concurrent.properties Passed. Threads count Success: <10> Error: <0> Not completed: <0> Throughput: <10> invocations in <0.204>s = <49.01960784313726> invokes/s
Test integernegInvoke\Concurrent.properties Passed. Threads count Success: <10> Error: <0> Not completed: <0> Throughput: <10> invocations in <0.064>s = <156.25> invokes/s
Test integersubInvoke\Concurrent.properties Passed. Threads count Success: <10> Error: <0> Not completed: <0> Throughput: <10> invocations in <0.075>s = <133.33333333333334> invokes/s
Test intmodInvoke\Concurrent.properties Passed. Threads count Success: <10> Error: <0> Not completed: <0> Throughput: <10> invocations in <0.06>s = <166.66666666666669> invokes/s
Test intmultInvoke\Concurrent.properties Passed. Threads count Success: <10> Error: <0> Not completed: <0> Throughput: <10> invocations in <0.09>s = <111.11111111111111> invokes/s
Test intnegInvoke\Concurrent.properties Passed. Threads count Success: <10> Error: <0> Not completed: <0> Throughput: <10> invocations in <0.064>s = <156.25> invokes/s
Test intsubInvoke\Concurrent.properties Passed. Threads count Success: <10> Error: <0> Not completed: <0> Throughput: <10> invocations in <0.071>s = <140.84507042253523> invokes/s
Test longGreaterEqualInvoke\Concurrent.properties Passed. Threads count Success: <10> Error: <0> Not completed: <0> Throughput: <10> invocations in <0.073>s = <136.986301369863> invokes/s
Test longGreaterInvoke\Concurrent.properties Passed. Threads count Success: <10> Error: <0> Not completed: <0> Throughput: <10> invocations in <3.07>s = <3.257328990228013> invokes/s
Test longNegInvoke\Concurrent.properties Passed. Threads count Success: <10> Error: <0> Not completed: <0> Throughput: <10> invocations in <0.142>s = <70.42253521126761> invokes/s
Test longaddInvoke\Concurrent.properties Passed. Threads count Success: <10> Error: <0> Not completed: <0> Throughput: <10> invocations in <0.048>s = <208.33333333333334> invokes/s
Test longdivInvoke\Concurrent.properties Passed. Threads count Success: <10> Error: <0> Not completed: <0> Throughput: <10> invocations in <0.102>s = <98.03921568627452> invokes/s
Test longmodInvoke\Concurrent.properties Passed. Threads count Success: <10> Error: <0> Not completed: <0> Throughput: <10> invocations in <0.084>s = <119.04761904761904> invokes/s
Test longmultInvoke\Concurrent.properties Passed. Threads count Success: <10> Error: <0> Not completed: <0> Throughput: <10> invocations in <0.07>s = <142.85714285714283> invokes/s
Test longsubInvoke\Concurrent.properties Passed. Threads count Success: <10> Error: <0> Not completed: <0> Throughput: <10> invocations in <0.098>s = <102.0408163265306> invokes/s
Test shortGreaterEqualInvoke\Concurrent.properties Passed. Threads count Success: <10> Error: <0> Not completed: <0> Throughput: <10> invocations in <0.062>s = <161.29032258064515> invokes/s
Test shortGreaterInvoke\Concurrent.properties Passed. Threads count Success: <10> Error: <0> Not completed: <0> Throughput: <10> invocations in <0.076>s = <131.57894736842107> invokes/s
Test shortNegInvoke\Concurrent.properties Passed. Threads count Success: <10> Error: <0> Not completed: <0> Throughput: <10> invocations in <0.071>s = <140.84507042253523> invokes/s
Test shortaddInvoke\Concurrent.properties Passed. Threads count Success: <10> Error: <0> Not completed: <0> Throughput: <10> invocations in <3.075>s = <3.252032520325203> invokes/s
Test shortdivInvoke\Concurrent.properties Passed. Threads count Success: <10> Error: <0> Not completed: <0> Throughput: <10> invocations in <0.096>s = <104.16666666666667> invokes/s
Test shortmodInvoke\Concurrent.properties Passed. Threads count Success: <10> Error: <0> Not completed: <0> Throughput: <10> invocations in <0.083>s = <120.48192771084337> invokes/s
Test shortmultInvoke\Concurrent.properties Passed. Threads count Success: <10> Error: <0> Not completed: <0> Throughput: <10> invocations in <0.086>s = <116.27906976744187> invokes/s
Test shortsubInvoke\Concurrent.properties Passed. Threads count Success: <10> Error: <0> Not completed: <0> Throughput: <10> invocations in <0.086>s = <116.27906976744187> invokes/s
Test simpExpr\Concurrent.properties Passed. Threads count Success: <1> Error: <0> Not completed: <0>
Test testTrailingZeros\Concurrent.properties Passed. Threads count Success: <1> Error: <0> Not completed: <0>
Test testTypeCast\Concurrent.properties Passed. Threads count Success: <1> Error: <0> Not completed: <0>
Test testforCR6470807\Concurrent.properties Passed. Threads count Success: <1> Error: <0> Not completed: <0>
Test varInExpr\Concurrent.properties Passed. Threads count Success: <1> Error: <0> Not completed: <0>
]]></system-out>
  <system-err><![CDATA[19 Mar, 2013 6:04:31 PM org.netbeans.modules.editor.settings.storage.keybindings.KeyMapsStorage$KeyMapsReader startElement
WARNING: The keybinding 'A-MOUSE_WHEEL_UP' in Editors/Keybindings/NetBeans/Defaults/org-netbeans-modules-editor-keybindings.xml may not work correctly on Mac. Keybindings starting with Alt or Ctrl should be coded with latin capital letters 'O' or 'D' respectively. For details see org.openide.util.Utilities.stringToKey().
19 Mar, 2013 6:04:31 PM org.netbeans.modules.editor.settings.storage.keybindings.KeyMapsStorage$KeyMapsReader startElement
WARNING: The keybinding 'A-MOUSE_WHEEL_DOWN' in Editors/Keybindings/NetBeans/Defaults/org-netbeans-modules-editor-keybindings.xml may not work correctly on Mac. Keybindings starting with Alt or Ctrl should be coded with latin capital letters 'O' or 'D' respectively. For details see org.openide.util.Utilities.stringToKey().
]]></system-err>
</testsuite>
