<?xml version="1.0" encoding="UTF-8" ?>
<testsuite errors="0" failures="0" hostname="WORKSTATION" name="org.netbeans.modules.compapp.catd.ConfiguredTest" tests="0" time="0.19" timestamp="2007-05-27T02:09:05">
  <properties>
    <property name="org.netbeans.modules.compapp.jbiserver.alias.application-sub-assembly" value="This Service Unit" />
    <property name="com.sun.jbi.sa.internal.routing" value="true" />
    <property name="javax.xml.parsers.SAXParserFactory" value="org.netbeans.core.startup.SAXFactoryImpl" />
    <property name="org.netbeans.modules.compapp.jbiserver.description.assembly-unit" value="Represents the Service Assembly of WSITTestApp" />
    <property name="libs.j2me_ant_ext.javadoc" value="" />
    <property name="source.root" value="src" />
    <property name="org.openide.TopManager.GUI" value="true" />
    <property name="libs.theme-default.classpath" value="C:\Sun\NetBeans 6.0 M9\visualweb1\modules\ext\defaulttheme.jar" />
    <property name="libs.proguard.javadoc" value="" />
    <property name="libs.junit.javadoc" value="C:\Sun\NetBeans 6.0 M9\java1\docs\junit-3.8.2-api.zip" />
    <property name="libs.nokiaS80-ant-utils.javadoc" value="" />
    <property name="ant.core.lib" value="C:\Sun\NetBeans 6.0 M9\java1\ant\lib\ant.jar" />
    <property name="deployments.Scp.default.deployment.scp.userid" value="" />
    <property name="libs.swing-app-framework.src" value="" />
    <property name="libs.jakarta_slide_ant_webdav.javadoc" value="" />
    <property name="javadoc.windowtitle" value="" />
    <property name="libs.toplink.classpath" value="C:\Sun\NetBeans 6.0 M9\java1\modules\ext\toplink\toplink-essentials.jar;C:\Sun\NetBeans 6.0 M9\java1\modules\ext\toplink\toplink-essentials-agent.jar" />
    <property name="user.dir" value="C:\Sun\NetBeansProjects\WSITTestApp" />
    <property name="libs.theme-default-green.classpath" value="C:\Sun\NetBeans 6.0 M9\visualweb1\modules\ext\defaulttheme-green.jar" />
    <property name="libs.JMUnit4CLDC10.javadoc" value="C:\Sun\NetBeans 6.0 M9\mobility8\docs\jmunit-1.0.1-api.zip" />
    <property name="java.vm.version" value="1.5.0_11-b03" />
    <property name="libs.jsf-runtime.classpath" value="C:\Sun\NetBeans 6.0 M9\visualweb1\modules\ext\jsf-api.jar;C:\Sun\NetBeans 6.0 M9\visualweb1\modules\ext\jsf-impl.jar;C:\Sun\NetBeans 6.0 M9\visualweb1\modules\ext\commons-beanutils.jar;C:\Sun\NetBeans 6.0 M9\visualweb1\modules\ext\commons-collections.jar;C:\Sun\NetBeans 6.0 M9\visualweb1\modules\ext\commons-digester.jar;C:\Sun\NetBeans 6.0 M9\ide8\modules\ext\commons-logging-1.0.4.jar" />
    <property name="jbi.content.additional" value="C:\Sun\NetBeansProjects\WSITTestBPEL/build/SEDeployment.jar" />
    <property name="platforms.J2ME_Wireless_Toolkit_2_2.type" value="UEI-1.0.1" />
    <property name="libs.jaxb20.classpath" value="C:\Sun\NetBeans 6.0 M9\java1\modules\ext\jaxws21\activation.jar;C:\Sun\NetBeans 6.0 M9\java1\modules\ext\jaxws21\api\jaxb-api.jar;C:\Sun\NetBeans 6.0 M9\java1\modules\ext\jaxws21\jaxb-impl.jar;C:\Sun\NetBeans 6.0 M9\java1\modules\ext\jaxws21\jaxb-xjc.jar;C:\Sun\NetBeans 6.0 M9\java1\modules\ext\jaxws21\api\jsr173_api.jar" />
    <property name="libs.jstl11.src" value="" />
    <property name="javadoc.notree" value="false" />
    <property name="deployments.WebDAV.default.deployment.webdav.server" value="" />
    <property name="libs.jaxrpc16.src" value="" />
    <property name="jdk.home" value="C:\Sun\Java\jdk1.5.0_11" />
    <property name="libs.javac-api.src" value="" />
    <property name="javadoc.noindex" value="false" />
    <property name="libs.theme-default-green.runtime" value="C:\Sun\NetBeans 6.0 M9\visualweb1\modules\ext\defaulttheme-green.jar" />
    <property name="sun.os.patch.level" value="Service Pack 2" />
    <property name="deployments.WebDAV.default.deployment.webdav.port" value="80" />
    <property name="libs.theme-default-gray.runtime" value="C:\Sun\NetBeans 6.0 M9\visualweb1\modules\ext\defaulttheme-gray.jar" />
    <property name="AM_CONFIG_FILE" value="C:\Sun\AppServer\domains\domain1\config\AMConfig.properties" />
    <property name="java.vm.specification.name" value="Java Virtual Machine Specification" />
    <property name="libs.semc-ant-utils.classpath" value="C:\Sun\NetBeans 6.0 M9\mobility8\modules\ext\org-netbeans-modules-j2me-cdc-project-semc.jar" />
    <property name="libs.jdbcsupport-runtime.classpath" value="C:\Sun\NetBeans 6.0 M9\visualweb1\modules\ext\rowset.jar;C:\Sun\NetBeans 6.0 M9\visualweb1\modules\ext\sqlx.jar" />
    <property name="have.tests" value="true" />
    <property name="libs.jdbcsupport-designtime.classpath" value="C:\Sun\NetBeans 6.0 M9\visualweb1\modules\ext\rowset.jar;C:\Sun\NetBeans 6.0 M9\visualweb1\modules\ext\sqlx.jar" />
    <property name="org.xml.sax.driver" value="com.sun.org.apache.xerces.internal.parsers.SAXParser" />
    <property name="libs.nb_svg_midp_components.src" value="C:\Sun\NetBeans 6.0 M9\mobility8\sources\nb_svg_midp_components-src.zip" />
    <property name="j2ee.server.instance" value="[C:\Sun\glassfish]deployer:Sun:AppServer::localhost:4848" />
    <property name="libs.javac-api.javadoc" value="" />
    <property name="os.name" value="Windows XP" />
    <property name="libs.beans-binding.classpath" value="C:\Sun\NetBeans 6.0 M9\java1\modules\ext\beansbinding-0.5.jar" />
    <property name="libs.jaxrpc16.classpath" value="C:\Sun\NetBeans 6.0 M9\java1\modules\ext\jaxrpc16\activation.jar;C:\Sun\NetBeans 6.0 M9\java1\modules\ext\jaxrpc16\FastInfoset.jar;C:\Sun\NetBeans 6.0 M9\java1\modules\ext\jaxrpc16\jaxp-api.jar;C:\Sun\NetBeans 6.0 M9\java1\modules\ext\jaxrpc16\jax-qname.jar;C:\Sun\NetBeans 6.0 M9\java1\modules\ext\jaxrpc16\jaxrpc-api.jar;C:\Sun\NetBeans 6.0 M9\java1\modules\ext\jaxrpc16\jaxrpc-impl.jar;C:\Sun\NetBeans 6.0 M9\java1\modules\ext\jaxrpc16\jaxrpc-spi.jar;C:\Sun\NetBeans 6.0 M9\java1\modules\ext\jaxrpc16\jsr173_api.jar;C:\Sun\NetBeans 6.0 M9\java1\modules\ext\jaxrpc16\mail.jar;C:\Sun\NetBeans 6.0 M9\java1\modules\ext\jaxrpc16\relaxngDatatype.jar;C:\Sun\NetBeans 6.0 M9\java1\modules\ext\jaxrpc16\saaj-api.jar;C:\Sun\NetBeans 6.0 M9\java1\modules\ext\jaxrpc16\saaj-impl.jar;C:\Sun\NetBeans 6.0 M9\java1\modules\ext\jaxrpc16\xsdlib.jar" />
    <property name="rave.build" value="thresher-fcs" />
    <property name="java.vendor.url.bug" value="http://java.sun.com/cgi-bin/bugreport.cgi" />
    <property name="os.arch" value="x86" />
    <property name="user.name" value="Frank" />
    <property name="build.classes.dir" value="build/jar" />
    <property name="netbeans.accept_license_class" value="org.netbeans.license.AcceptLicense" />
    <property name="reference.WSITTestBPEL.dist_se" value="C:\Sun\NetBeansProjects\WSITTestBPEL/build/SEDeployment.jar" />
    <property name="platforms.J2ME_Wireless_Toolkit_2_2.runcommandline" value="" />
    <property name="javax.xml.parsers.DocumentBuilderFactory" value="org.netbeans.core.startup.DOMFactoryImpl" />
    <property name="user.country" value="US" />
    <property name="libs.commons-logging-1-0-4.javadoc" value="" />
    <property name="libs.jstl11.javadoc" value="C:\Sun\NetBeans 6.0 M9\enterprise4\docs\javaee5-doc-api.zip" />
    <property name="libs.JMUnit4CLDC11.src" value="" />
    <property name="javadoc.encoding" value="" />
    <property name="libs.jsfsupport-designtime.javadoc" value="C:\Sun\NetBeans 6.0 M9\visualweb1\docs\appbase-doc.zip;C:\Sun\NetBeans 6.0 M9\visualweb1\docs\dataprovider-doc.zip;C:\Sun\NetBeans 6.0 M9\visualweb1\docs\jsfcl-doc.zip" />
    <property name="libs.JAVADB_DRIVER_LABEL.src" value="" />
    <property name="meta.inf" value="src/conf" />
    <property name="netbeans.system_http_non_proxy_hosts" value="www.direcwaysupport.com;www.systemcontrolcenter.com;192.168.0.*;192.168.0.1;SystemControlCenter.com;&lt;local&gt;" />
    <property name="netbeans.home" value="C:\Sun\NetBeans 6.0 M9\platform7" />
    <property name="build.compiler.emacs" value="true" />
    <property name="libs.nokiaS80-ant-utils.src" value="" />
    <property name="libs.jdbcsupport-runtime.javadoc" value="C:\Sun\NetBeans 6.0 M9\visualweb1\docs\rowset-doc.zip" />
    <property name="libs.cdc-pp-awt-layout.javadoc" value="" />
    <property name="libs.j2me_ant_ext.classpath" value="C:\Sun\NetBeans 6.0 M9\mobility8\modules\org-netbeans-modules-mobility-antext.jar;C:\Sun\NetBeans 6.0 M9\ide8\modules\org-netbeans-modules-classfile.jar" />
    <property name="java.endorsed.dirs" value="C:\Sun\Java\jdk1.5.0_11\jre\lib\endorsed" />
    <property name="netbeans.dynamic.classpath" value="C:\Sun\NetBeans 6.0 M9\platform7\core\core.jar;C:\Sun\NetBeans 6.0 M9\platform7\core\org-openide-filesystems.jar;C:\Sun\NetBeans 6.0 M9\nb6.0\core\org-netbeans-upgrader.jar;C:\Sun\NetBeans 6.0 M9\nb6.0\core\locale\core_nb.jar" />
    <property name="libs.cdc-pp-awt-layout.src" value="C:\Sun\NetBeans 6.0 M9\mobility8\sources\cdc-pp-awt-layout-src.zip" />
    <property name="java.vm.specification.version" value="1.0" />
    <property name="libs.jakarta_slide_ant_webdav.src" value="" />
    <property name="libs.EJB_SUPPORT_LIB.classpath" value="C:\Sun\NetBeans 6.0 M9\visualweb1\modules\ext\ejb20.jar" />
    <property name="libs.swing-app-framework.classpath" value="C:\Sun\NetBeans 6.0 M9\java1\modules\ext\appframework-0.30.jar;C:\Sun\NetBeans 6.0 M9\java1\modules\ext\swing-worker.jar" />
    <property name="libs.jakarta_slide_ant_webdav.classpath" value="C:\Sun\NetBeans 6.0 M9\mobility8\external\commons-httpclient.jar;C:\Sun\NetBeans 6.0 M9\mobility8\external\commons-logging.jar;C:\Sun\NetBeans 6.0 M9\mobility8\external\jdom-1.0.jar;C:\Sun\NetBeans 6.0 M9\mobility8\external\jakarta-slide-webdavlib-2.1.jar;C:\Sun\NetBeans 6.0 M9\mobility8\external\jakarta-slide-ant-webdav-2.1.jar" />
    <property name="java.vendor" value="Sun Microsystems Inc." />
    <property name="libs.JMUnit4CLDC10.src" value="" />
    <property name="javac.debug" value="true" />
    <property name="javadoc.splitindex" value="true" />
    <property name="file.separator" value="\" />
    <property name="libs.IdentityAntTasks.src" value="" />
    <property name="org.netbeans.modules.compapp.jbiserver.alias.assembly-unit" value="This Service Assembly" />
    <property name="deployments.Scp.default.deployment.scp.keyfile" value="" />
    <property name="libs.EJB_SUPPORT_LIB.javadoc" value="" />
    <property name="netbeans.buildnumber" value="070502" />
    <property name="user.variant" value="" />
    <property name="libs.webui-runtime.classpath" value="C:\Sun\NetBeans 6.0 M9\visualweb1\modules\ext\webui.jar;C:\Sun\NetBeans 6.0 M9\visualweb1\modules\ext\commons-fileupload.jar" />
    <property name="sun.java.launcher" value="SUN_STANDARD" />
    <property name="libs.junit.classpath" value="C:\Sun\NetBeans 6.0 M9\java1\modules\ext\junit-3.8.2.jar;C:\Sun\NetBeans 6.0 M9\java1\modules\ext\junit-4.1.jar" />
    <property name="libs.struts.classpath" value="C:\Sun\NetBeans 6.0 M9\enterprise4\modules\ext\struts\antlr.jar;C:\Sun\NetBeans 6.0 M9\enterprise4\modules\ext\struts\commons-beanutils.jar;C:\Sun\NetBeans 6.0 M9\enterprise4\modules\ext\struts\commons-digester.jar;C:\Sun\NetBeans 6.0 M9\enterprise4\modules\ext\struts\commons-fileupload.jar;C:\Sun\NetBeans 6.0 M9\enterprise4\modules\ext\struts\commons-logging.jar;C:\Sun\NetBeans 6.0 M9\enterprise4\modules\ext\struts\commons-validator.jar;C:\Sun\NetBeans 6.0 M9\enterprise4\modules\ext\struts\jakarta-oro.jar;C:\Sun\NetBeans 6.0 M9\enterprise4\modules\ext\struts\struts.jar" />
    <property name="libs.woodstock-theme-default.classpath" value="C:\Sun\NetBeans 6.0 M9\visualweb1\modules\ext\webui-jsf-suntheme.jar" />
    <property name="ant.home" value="C:\Sun\NetBeans 6.0 M9\java1\ant" />
    <property name="ant.java.version" value="1.5" />
    <property name="java.library.path" value="C:\Sun\Java\jdk1.5.0_11\jre\bin;.;C:\WINDOWS\system32;C:\WINDOWS;C:\WINDOWS\system32;C:\WINDOWS;C:\WINDOWS\System32\Wbem;C:\Program Files\ATI Technologies\ATI Control Panel;C:\Sun\Java\jdk1.5.0_11\bin;C:\Sun\glassfish\lib\ant\bin;C:\Sun\maven-2.0.6\bin;C:\Sun\glassfish\bin" />
    <property name="javadoc.author" value="false" />
    <property name="libs.IdentityAntTasks.classpath" value="C:\Sun\NetBeans 6.0 M9\soa1\ant\nblib\org-netbeans-modules-identity-ant.jar;C:\Sun\NetBeans 6.0 M9\soa1\modules\org-netbeans-modules-identity-profile-api.jar" />
    <property name="java.util.logging.config.class" value="org.netbeans.core.startup.TopLogging" />
    <property name="https.proxyPort" value="87" />
    <property name="ant.file.WSITTestApp-jbi-impl" value="C:\Sun\NetBeansProjects\WSITTestApp\nbproject\build-impl.xml" />
    <property name="libs.jaxws20.src" value="" />
    <property name="deployment.WebDAV.scriptfile" value="C:\Sun\NetBeans 6.0 M9\mobility8\modules\scr\deploy-webdav-impl.xml" />
    <property name="libs.jaxrpc16.javadoc" value="" />
    <property name="sun.arch.data.model" value="32" />
    <property name="basedir" value="C:\Sun\NetBeansProjects\WSITTestApp" />
    <property name="jar.compress" value="false" />
    <property name="libs.jstl11.classpath" value="C:\Sun\NetBeans 6.0 M9\enterprise4\modules\ext\standard.jar;C:\Sun\NetBeans 6.0 M9\enterprise4\modules\ext\jstl.jar" />
    <property name="path.separator" value=";" />
    <property name="com.sun.aas.installRoot" value="C:\Sun\AppServer" />
    <property name="sun.io.unicode.encoding" value="UnicodeLittle" />
    <property name="libs.semc-ant-utils.javadoc" value="" />
    <property name="libs.struts.src" value="" />
    <property name="deployment.Scp.scriptfile" value="C:\Sun\NetBeans 6.0 M9\mobility8\modules\scr\deploy-scp-impl.xml" />
    <property name="user.language" value="en" />
    <property name="deployments.WebDAV.default.deployment.webdav.password" value="" />
    <property name="deployments.Scp.default.deployment.scp.port" value="22" />
    <property name="ant.file." value="C:\Sun\NetBeansProjects\WSITTestApp\build.xml" />
    <property name="libs.swing-layout.javadoc" value="C:\Sun\NetBeans 6.0 M9\platform7\docs\swing-layout-1.0.2-doc.zip" />
    <property name="deployments.Ftp.default.deployment.ftp.server" value="" />
    <property name="libs.commons-logging-1-0-4.classpath" value="C:\Sun\NetBeans 6.0 M9\ide8\modules\ext\commons-logging-1.0.4.jar" />
    <property name="libs.swing-app-framework.javadoc" value="C:\Sun\NetBeans 6.0 M9\java1\docs\appframework-0.30-doc.zip" />
    <property name="libs.proguard.classpath" value="C:\Sun\NetBeans 6.0 M9\mobility8\external\proguard\proguard3.7.jar" />
    <property name="project.WSITTestBPEL" value="C:\Sun\NetBeansProjects\WSITTestBPEL" />
    <property name="https.nonProxyHosts" value="www.direcwaysupport.com*|www.systemcontrolcenter.com*|192.168.0.*|192.168.0.1*|SystemControlCenter.com*|&lt;local&gt;*|localhost|127.0.0.1|WORKSTATION" />
    <property name="java.class.version" value="49.0" />
    <property name="libs.JAVADB_DRIVER_LABEL.classpath" value="C:\Sun\AppServer\javadb\lib\derby.jar;C:\Sun\AppServer\javadb\lib\derbyclient.jar;C:\Sun\AppServer\javadb\lib\derbynet.jar" />
    <property name="deployments.Ftp.default.deployment.ftp.password" value="" />
    <property name="libs.cdc-ant-utils.classpath" value="C:\Sun\NetBeans 6.0 M9\mobility8\modules\ext\org-netbeans-modules-j2me-cdc-project.jar" />
    <property name="netbeans.system_http_proxy" value="192.168.0.1:87" />
    <property name="user.properties.file" value="C:\Documents and Settings\Frank\.netbeans\6.0m9\build.properties" />
    <property name="libs.EJB_SUPPORT_LIB.src" value="" />
    <property name="file.encoding.pkg" value="sun.io" />
    <property name="sun.cpu.endian" value="little" />
    <property name="deployments.Scp.default.deployment.scp.password" value="" />
    <property name="libs.WEBSVC_SUPPORT_LIB.classpath" value="" />
    <property name="libs.ant-contrib.classpath" value="C:\Sun\NetBeans 6.0 M9\mobility8\external\ant-contrib-1.0b3.jar" />
    <property name="libs.jsfsupport-designtime.classpath" value="C:\Sun\NetBeans 6.0 M9\visualweb1\modules\ext\jsfcl.jar;C:\Sun\NetBeans 6.0 M9\visualweb1\modules\ext\dataprovider.jar;C:\Sun\NetBeans 6.0 M9\visualweb1\modules\ext\appbase.jar" />
    <property name="javadoc.preview" value="true" />
    <property name="org.netbeans.modules.compapp.jbiserver.deployment.conf.file" value="default.xml" />
    <property name="nbplatform.default.harness.dir" value="C:\Sun\NetBeans 6.0 M9/harness" />
    <property name="java.home" value="C:\Sun\Java\jdk1.5.0_11\jre" />
    <property name="libs.ricoh-ant-utils.src" value="" />
    <property name="copyfiles.classpath" value="C:\Sun\NetBeans 6.0 M9\enterprise4\ant\extra\copyfiles.jar" />
    <property name="libs.ant-contrib.javadoc" value="" />
    <property name="netbeans.importclass" value="org.netbeans.upgrade.AutoUpgrade" />
    <property name="libs.webui-designtime.src" value="C:\Sun\NetBeans 6.0 M9\visualweb1\docs\webui-src.zip" />
    <property name="libs.jsf.javadoc" value="C:\Sun\NetBeans 6.0 M9\enterprise4\docs\javaee5-doc-api.zip" />
    <property name="org.netbeans.modules.compapp.projects.jbi.descriptor.uuid.assembly-unit" value="WSITTestApp" />
    <property name="org.openide.TopManager" value="org.netbeans.core.NonGui" />
    <property name="libs.savaje-ant-utils.classpath" value="C:\Sun\NetBeans 6.0 M9\mobility8\modules\ext\org-netbeans-modules-j2me-cdc-project-savaje.jar" />
    <property name="libs.exceptionhandler-runtime.javadoc" value="" />
    <property name="libs.JMUnit4CLDC11.javadoc" value="C:\Sun\NetBeans 6.0 M9\mobility8\docs\jmunit-1.0.1-api.zip" />
    <property name="libs.jsfsupport-runtime.classpath" value="C:\Sun\NetBeans 6.0 M9\visualweb1\modules\ext\jsfcl.jar;C:\Sun\NetBeans 6.0 M9\visualweb1\modules\ext\dataprovider.jar;C:\Sun\NetBeans 6.0 M9\visualweb1\modules\ext\appbase.jar" />
    <property name="libs.savaje-ant-utils.src" value="" />
    <property name="http.nonProxyHosts" value="www.direcwaysupport.com*|www.systemcontrolcenter.com*|192.168.0.*|192.168.0.1*|SystemControlCenter.com*|&lt;local&gt;*|localhost|127.0.0.1|WORKSTATION" />
    <property name="libs.toplink.src" value="" />
    <property name="test.results.dir" value="C:\Sun\NetBeansProjects\WSITTestApp/test/results" />
    <property name="libs.cdc-pp-awt-layout.classpath" value="C:\Sun\NetBeans 6.0 M9\mobility8\modules\ext\cdc-pp-awt-layout.jar" />
    <property name="libs.cdc-agui-swing-layout.src" value="C:\Sun\NetBeans 6.0 M9\mobility8\sources\cdc-agui-swing-layout-src.zip" />
    <property name="libs.jsf12-support.javadoc" value="C:\Sun\NetBeans 6.0 M9\visualweb1\docs\appbase-doc.zip;C:\Sun\NetBeans 6.0 M9\visualweb1\docs\dataprovider-doc.zip;C:\Sun\NetBeans 6.0 M9\visualweb1\docs\jsfcl-doc.zip" />
    <property name="deployments.Scp.default.deployment.scp.server" value="" />
    <property name="libs.jaxb20.src" value="" />
    <property name="libs.theme-default.runtime" value="C:\Sun\NetBeans 6.0 M9\visualweb1\modules\ext\defaulttheme.jar" />
    <property name="libs.JMUnit4CLDC11.classpath" value="C:\Sun\NetBeans 6.0 M9\mobility8\modules\ext\jmunit4cldc11-1.0.1.jar" />
    <property name="libs.commons-logging-1-0-4.src" value="" />
    <property name="http.proxyHost" value="192.168.0.1" />
    <property name="libs.nb_svg_midp_components.classpath" value="C:\Sun\NetBeans 6.0 M9\mobility8\modules\ext\nb_svg_midp_components.jar" />
    <property name="libs.WEBSVC_SUPPORT_LIB.src" value="" />
    <property name="deployments.Ftp.default.deployment.ftp.passive" value="false" />
    <property name="libs.NetBeans MIDP Components.javadoc" value="C:\Sun\NetBeans 6.0 M9\mobility8\docs\nb_midp_components-api.zip" />
    <property name="sun.management.compiler" value="HotSpot Client Compiler" />
    <property name="javac.deprecation" value="false" />
    <property name="javadoc.use" value="true" />
    <property name="libs.jdbcsupport-runtime.src" value="" />
    <property name="libs.theme-default-gray.classpath" value="C:\Sun\NetBeans 6.0 M9\visualweb1\modules\ext\defaulttheme-gray.jar" />
    <property name="libs.jsf.src" value="" />
    <property name="ant.file" value="C:\Sun\NetBeansProjects\WSITTestApp\build.xml" />
    <property name="sun.awt.exception.handler" value="org.netbeans.core.startup.TopLogging$AWTHandler" />
    <property name="libs.beans-binding.src" value="" />
    <property name="java.vm.specification.vendor" value="Sun Microsystems Inc." />
    <property name="libs.swing-layout.src" value="C:\Sun\NetBeans 6.0 M9\platform7\docs\swing-layout-1.0.2-src.zip" />
    <property name="libs.j2me_ant_ext.src" value="" />
    <property name="org.openide.major.version" value="IDE/1" />
    <property name="java.vm.name" value="Java HotSpot(TM) Client VM" />
    <property name="netbeans.user" value="C:\Documents and Settings\Frank\.netbeans\6.0m9" />
    <property name="libs.ricoh-ant-utils.classpath" value="C:\Sun\NetBeans 6.0 M9\mobility8\modules\ext\org-netbeans-modules-j2me-cdc-project-ricoh.jar;C:\Sun\NetBeans 6.0 M9\mobility8\external\RicohAntTasks.jar;C:\Sun\NetBeans 6.0 M9\mobility8\external\commons-httpclient.jar;C:\Sun\NetBeans 6.0 M9\mobility8\external\commons-logging.jar" />
    <property name="java.io.tmpdir" value="C:\DOCUME~1\Frank\LOCALS~1\Temp\" />
    <property name="java.vendor.url" value="http://java.sun.com/" />
    <property name="jspc.classpath" value="C:\Sun\NetBeans 6.0 M9\java1\ant\lib\ant.jar:C:\Sun\NetBeans 6.0 M9\enterprise4\modules\ext\servlet2.5-jsp2.1-api.jar:${j2ee.platform.classpath}:C:\Sun\NetBeans 6.0 M9\enterprise4\modules\ext\glassfish-jspparser.jar:C:\Sun\NetBeans 6.0 M9\enterprise4\modules\ext\glassfish-logging.jar:C:\Sun\NetBeans 6.0 M9\ide8\modules\ext\commons-logging-1.0.4.jar" />
    <property name="sun.boot.library.path" value="C:\Sun\Java\jdk1.5.0_11\jre\bin" />
    <property name="debug.classpath" value="${javac.classpath}:build/jar" />
    <property name="libs.woodstock-theme-default.runtime" value="C:\Sun\NetBeans 6.0 M9\visualweb1\modules\ext\webui-jsf-suntheme.jar" />
    <property name="libs.jsf-designtime.javadoc" value="C:\Sun\NetBeans 6.0 M9\visualweb1\docs\jsf_1.1-doc.zip" />
    <property name="javadoc.private" value="false" />
    <property name="src.build.dir" value="src/jbiServiceUnits" />
    <property name="deployments.WebDAV.default.deployment.webdav.userid" value="" />
    <property name="dist.jar" value="dist/WSITTestApp.zip" />
    <property name="java.runtime.name" value="Java(TM) 2 Runtime Environment, Standard Edition" />
    <property name="deployments.Scp.default.deployment.scp.usekeyfile" value="no" />
    <property name="ant.project.name" value="" />
    <property name="libs.jdbcsupport-designtime.javadoc" value="C:\Sun\NetBeans 6.0 M9\visualweb1\docs\rowset-doc.zip" />
    <property name="sun.cpu.isalist" value="pentium_pro+mmx pentium_pro pentium+mmx pentium i486 i386 i86" />
    <property name="libs.CopyLibs.javadoc" value="" />
    <property name="platforms.J2ME_Wireless_Toolkit_2_2.debugcommandline" value="" />
    <property name="org.openide.specification.version" value="6.2" />
    <property name="user.home" value="C:\Documents and Settings\Frank" />
    <property name="libs.exceptionhandler-runtime.classpath" value="C:\Sun\NetBeans 6.0 M9\visualweb1\modules\ext\errorhandler.jar" />
    <property name="libs.NetBeans MIDP Components.classpath" value="C:\Sun\NetBeans 6.0 M9\mobility8\modules\ext\nb_midp_components.jar" />
    <property name="com.sun.jbi.routing" value="true" />
    <property name="libs.jsf-designtime.classpath" value="C:\Sun\NetBeans 6.0 M9\visualweb1\modules\ext\jsf-api.jar;C:\Sun\NetBeans 6.0 M9\visualweb1\modules\ext\jsf-impl.jar" />
    <property name="libs.jaxws20.classpath" value="C:\Sun\NetBeans 6.0 M9\java1\modules\ext\jaxws21\activation.jar;C:\Sun\NetBeans 6.0 M9\java1\modules\ext\jaxws21\FastInfoset.jar;C:\Sun\NetBeans 6.0 M9\java1\modules\ext\jaxws21\http.jar;C:\Sun\NetBeans 6.0 M9\java1\modules\ext\jaxws21\api\jaxb-api.jar;C:\Sun\NetBeans 6.0 M9\java1\modules\ext\jaxws21\jaxb-impl.jar;C:\Sun\NetBeans 6.0 M9\java1\modules\ext\jaxws21\jaxb-xjc.jar;C:\Sun\NetBeans 6.0 M9\java1\modules\ext\jaxws21\api\jaxws-api.jar;C:\Sun\NetBeans 6.0 M9\java1\modules\ext\jaxws21\jaxws-rt.jar;C:\Sun\NetBeans 6.0 M9\java1\modules\ext\jaxws21\jaxws-tools.jar;C:\Sun\NetBeans 6.0 M9\java1\modules\ext\jaxws21\api\jsr173_api.jar;C:\Sun\NetBeans 6.0 M9\java1\modules\ext\jaxws21\api\jsr181-api.jar;C:\Sun\NetBeans 6.0 M9\java1\modules\ext\jaxws21\jsr250-api.jar;C:\Sun\NetBeans 6.0 M9\java1\modules\ext\jaxws21\api\saaj-api.jar;C:\Sun\NetBeans 6.0 M9\java1\modules\ext\jaxws21\saaj-impl.jar;C:\Sun\NetBeans 6.0 M9\java1\modules\ext\jaxws21\sjsxp.jar;C:\Sun\NetBeans 6.0 M9\java1\modules\ext\jaxws21\stax-ex.jar;C:\Sun\NetBeans 6.0 M9\java1\modules\ext\jaxws21\streambuffer.jar" />
    <property name="libs.absolutelayout.javadoc" value="" />
    <property name="java.specification.name" value="Java Platform API Specification" />
    <property name="libs.woodstock-components.classpath" value="C:\Sun\NetBeans 6.0 M9\visualweb1\modules\ext\webui-jsf.jar;C:\Sun\NetBeans 6.0 M9\visualweb1\modules\ext\commons-fileupload.jar;C:\Sun\NetBeans 6.0 M9\visualweb1\modules\ext\json.jar;C:\Sun\NetBeans 6.0 M9\visualweb1\modules\ext\prototype-1.5.0.jar;C:\Sun\NetBeans 6.0 M9\visualweb1\modules\ext\dojo-0.4.2-ajax.jar;C:\Sun\NetBeans 6.0 M9\visualweb1\modules\ext\jsf-extensions-common-0.1.jar;C:\Sun\NetBeans 6.0 M9\visualweb1\modules\ext\jsf-extensions-dynamic-faces-0.1.jar" />
    <property name="libs.jsf.classpath" value="C:\Sun\NetBeans 6.0 M9\enterprise4\modules\ext\jsf\commons-beanutils.jar;C:\Sun\NetBeans 6.0 M9\enterprise4\modules\ext\jsf\commons-collections.jar;C:\Sun\NetBeans 6.0 M9\enterprise4\modules\ext\jsf\commons-digester.jar;C:\Sun\NetBeans 6.0 M9\enterprise4\modules\ext\jsf\commons-logging.jar;C:\Sun\NetBeans 6.0 M9\enterprise4\modules\ext\jsf\jsf-api.jar;C:\Sun\NetBeans 6.0 M9\enterprise4\modules\ext\jsf\jsf-impl.jar" />
    <property name="libs.cdc-agui-swing-layout.javadoc" value="" />
    <property name="java.specification.vendor" value="Sun Microsystems Inc." />
    <property name="libs.jdbcsupport-designtime.src" value="" />
    <property name="libs.javac-api.classpath" value="C:\Sun\NetBeans 6.0 M9\java1\modules\ext\javac-api.jar" />
    <property name="libs.nokiaS80-ant-utils.classpath" value="C:\Sun\NetBeans 6.0 M9\mobility8\modules\ext\org-netbeans-modules-j2me-cdc-project-nokiaS80.jar" />
    <property name="java.version" value="1.5.0_11" />
    <property name="org.netbeans.modules.compapp.jbiserver.deployment.conf.root" value="nbproject/deployment" />
    <property name="javadoc.version" value="false" />
    <property name="org.openide.version" value="deprecated" />
    <property name="libs.jsf12-support.src" value="C:\Sun\NetBeans 6.0 M9\visualweb1\docs\appbase-src.zip;C:\Sun\NetBeans 6.0 M9\visualweb1\docs\dataprovider-src.zip;C:\Sun\NetBeans 6.0 M9\visualweb1\docs\jsfcl-src.zip" />
    <property name="netbeans.home+have.tests" value="true" />
    <property name="derbyPort" value="1527" />
    <property name="test.dir" value="test" />
    <property name="libs.WEBSVC_SUPPORT_LIB.javadoc" value="" />
    <property name="libs.cdc-ant-utils.src" value="" />
    <property name="deployment.Ftp.scriptfile" value="C:\Sun\NetBeans 6.0 M9\mobility8\modules\scr\deploy-ftp-impl.xml" />
    <property name="dist.javadoc.dir" value="dist/javadoc" />
    <property name="libs.swing-layout.classpath" value="C:\Sun\NetBeans 6.0 M9\platform7\modules\ext\swing-layout-1.0.2.jar" />
    <property name="module.install.dir" value="C:\Sun\NetBeans 6.0 M9\soa1\modules" />
    <property name="jbi.content.javaee.jars" value="" />
    <property name="deployments.Ftp.default.deployment.ftp.port" value="21" />
    <property name="build.generated.dir" value="build/generated" />
    <property name="javac.source" value="1.4" />
    <property name="org.netbeans.modules.compapp.jbiserver.component.conf.file" value="ComponentInformation.xml" />
    <property name="libs.proguard.src" value="" />
    <property name="line.separator" value="
" />
    <property name="java.specification.version" value="1.5" />
    <property name="libs.jaxws20.javadoc" value="" />
    <property name="libs.nb_svg_midp_components.javadoc" value="C:\Sun\NetBeans 6.0 M9\mobility8\docs\nb_svg_midp_components-api.zip" />
    <property name="java.vm.info" value="mixed mode, sharing" />
    <property name="libs.cdc-ant-utils.javadoc" value="" />
    <property name="libs.jsf12-support.classpath" value="C:\Sun\NetBeans 6.0 M9\visualweb1\modules\ext\jsfcl.jar;C:\Sun\NetBeans 6.0 M9\visualweb1\modules\ext\dataprovider.jar;C:\Sun\NetBeans 6.0 M9\visualweb1\modules\ext\appbase.jar" />
    <property name="org.netbeans.modules.compapp.jbiserver.description.application-sub-assembly" value="Represents this Service Unit" />
    <property name="sun.boot.class.path" value="C:\Sun\Java\jdk1.5.0_11\jre\lib\rt.jar;C:\Sun\Java\jdk1.5.0_11\jre\lib\i18n.jar;C:\Sun\Java\jdk1.5.0_11\jre\lib\sunrsasign.jar;C:\Sun\Java\jdk1.5.0_11\jre\lib\jsse.jar;C:\Sun\Java\jdk1.5.0_11\jre\lib\jce.jar;C:\Sun\Java\jdk1.5.0_11\jre\lib\charsets.jar;C:\Sun\Java\jdk1.5.0_11\jre\classes" />
    <property name="javac.target" value="1.4" />
    <property name="libs.woodstock-components.javadoc" value="C:\Sun\NetBeans 6.0 M9\visualweb1\docs\webui-jsf-doc.zip;C:\Sun\NetBeans 6.0 M9\visualweb1\docs\portlet-doc.zip" />
    <property name="src.dir" value="src/jbiasa" />
    <property name="libs.IdentityAntTasks.javadoc" value="" />
    <property name="sun.awt.keepWorkingSetOnMinimize" value="true" />
    <property name="j2ee.platform" value="1.4" />
    <property name="libs.savaje-ant-utils.javadoc" value="" />
    <property name="platforms.J2ME_Wireless_Toolkit_2_2.home" value="C:\Documents and Settings\Frank\.netbeans\6.0m9\emulators\wtk22_win\emulator\wtk22" />
    <property name="nbplatform.default.netbeans.dest.dir" value="C:\Sun\NetBeans 6.0 M9" />
    <property name="libs.struts.javadoc" value="C:\Sun\NetBeans 6.0 M9\enterprise4\docs\struts-1.2.9-javadoc.zip" />
    <property name="deployments.Ftp.default.deployment.ftp.separator" value="/" />
    <property name="libs.cdc-agui-swing-layout.classpath" value="C:\Sun\NetBeans 6.0 M9\mobility8\modules\ext\cdc-agui-swing-layout.jar" />
    <property name="dist.dir" value="dist" />
    <property name="libs.webui-designtime.classpath" value="C:\Sun\NetBeans 6.0 M9\visualweb1\modules\ext\webui.jar;C:\Sun\NetBeans 6.0 M9\visualweb1\modules\ext\commons-fileupload.jar" />
    <property name="http.proxyPort" value="87" />
    <property name="java.awt.printerjob" value="sun.awt.windows.WPrinterJob" />
    <property name="libs.JMUnit4CLDC10.classpath" value="C:\Sun\NetBeans 6.0 M9\mobility8\modules\ext\jmunit4cldc10-1.0.1.jar" />
    <property name="default.javac.source" value="1.5" />
    <property name="sun.jnu.encoding" value="Cp1252" />
    <property name="deployment.Copy.scriptfile" value="C:\Sun\NetBeans 6.0 M9\mobility8\modules\scr\deploy-copy-impl.xml" />
    <property name="libs.woodstock-components.src" value="C:\Sun\NetBeans 6.0 M9\visualweb1\docs\webui-jsf-src.zip" />
    <property name="java.runtime.version" value="1.5.0_11-b03" />
    <property name="libs.NetBeans MIDP Components.src" value="C:\Sun\NetBeans 6.0 M9\mobility8\sources\nb_midp_components-src.zip" />
    <property name="resource.WSITTestBPEL" value="C:\Sun\NetBeansProjects\WSITTestBPEL/setup" />
    <property name="default.javac.target" value="1.5" />
    <property name="user.timezone" value="" />
    <property name="libs.jsfsupport-designtime.src" value="C:\Sun\NetBeans 6.0 M9\visualweb1\docs\appbase-src.zip;C:\Sun\NetBeans 6.0 M9\visualweb1\docs\dataprovider-src.zip;C:\Sun\NetBeans 6.0 M9\visualweb1\docs\jsfcl-src.zip" />
    <property name="libs.JAVADB_DRIVER_LABEL.javadoc" value="" />
    <property name="libs.ant-contrib.src" value="" />
    <property name="netbeans.dirs" value="C:\Sun\NetBeans 6.0 M9\nb6.0;C:\Sun\NetBeans 6.0 M9\ide8;C:\Sun\NetBeans 6.0 M9\java1;C:\Sun\NetBeans 6.0 M9\apisupport1;C:\Sun\NetBeans 6.0 M9\enterprise4;C:\Sun\NetBeans 6.0 M9\mobility8;C:\Sun\NetBeans 6.0 M9\profiler2;C:\Sun\NetBeans 6.0 M9\ruby1;C:\Sun\NetBeans 6.0 M9\visualweb1;C:\Sun\NetBeans 6.0 M9\soa1;C:\Sun\NetBeans 6.0 M9\uml4;C:\Sun\NetBeans 6.0 M9\harness" />
    <property name="platforms.J2ME_Wireless_Toolkit_2_2.preverifycommandline" value="" />
    <property name="java.ext.dirs" value="C:\Sun\Java\jdk1.5.0_11\jre\lib\ext" />
    <property name="libs.exceptionhandler-runtime.src" value="" />
    <property name="libs.semc-ant-utils.src" value="" />
    <property name="libs.absolutelayout.classpath" value="C:\Sun\NetBeans 6.0 M9\java1\modules\ext\AbsoluteLayout.jar" />
    <property name="apple.laf.useScreenMenuBar" value="true" />
    <property name="jbi.content.component" value="sun-bpel-engine" />
    <property name="java.class.path" value="C:\Sun\NetBeans 6.0 M9\soa1\modules\ext\jbi\catd.jar;C:\Sun\NetBeans 6.0 M9\soa1\modules\ext\jbi\xmlunit1.0.jar;C:\Sun\NetBeans 6.0 M9\java1\modules\ext\junit-3.8.2.jar;C:\Sun\NetBeans 6.0 M9\java1\modules\ext\jaxrpc16\FastInfoset.jar;C:\Sun\NetBeans 6.0 M9\java1\modules\ext\jaxrpc16\saaj-api.jar;C:\Sun\NetBeans 6.0 M9\java1\modules\ext\jaxrpc16\saaj-impl.jar;C:\Sun\NetBeans 6.0 M9\ide8\modules\org-netbeans-modules-xml-xdm.jar;C:\Sun\NetBeans 6.0 M9\ide8\modules\org-netbeans-modules-xml-xam.jar;C:\Sun\NetBeans 6.0 M9\ide8\modules\org-netbeans-modules-editor-lib.jar;C:\Sun\NetBeans 6.0 M9\ide8\modules\org-netbeans-modules-xml-text.jar;C:\Sun\NetBeans 6.0 M9\ide8\modules\org-netbeans-modules-editor.jar;C:\Sun\NetBeans 6.0 M9\ide8\modules\org-netbeans-modules-editor-util.jar;C:\Sun\NetBeans 6.0 M9\ide8\modules\org-netbeans-modules-xml-core.jar;C:\Sun\NetBeans 6.0 M9\ide8\modules\org-netbeans-modules-editor-lib2.jar;C:\Sun\NetBeans 6.0 M9\platform7\lib\org-openide-modules.jar;C:\Sun\NetBeans 6.0 M9\platform7\lib\org-openide-util.jar;C:\Sun\NetBeans 6.0 M9\platform7\modules\org-openide-options.jar;C:\Sun\NetBeans 6.0 M9\platform7\modules\org-openide-text.jar;C:\Sun\NetBeans 6.0 M9\platform7\modules\org-openide-loaders.jar;C:\Sun\NetBeans 6.0 M9\platform7\modules\org-openide-nodes.jar;C:\Sun\NetBeans 6.0 M9\platform7\core\org-openide-filesystems.jar;C:\Sun\NetBeans 6.0 M9\java1\ant\lib\ant-launcher.jar;C:\Sun\NetBeans 6.0 M9\java1\ant\lib\ant.jar;C:\Sun\NetBeans 6.0 M9\java1\ant\lib\ant-junit.jar" />
    <property name="libs.webui-designtime.javadoc" value="C:\Sun\NetBeans 6.0 M9\visualweb1\docs\webui-doc.zip;C:\Sun\NetBeans 6.0 M9\visualweb1\docs\portlet-doc.zip" />
    <property name="libs.absolutelayout.src" value="" />
    <property name="j2ee.server.type" value="J2EE" />
    <property name="os.version" value="5.1" />
    <property name="libs.toplink.javadoc" value="C:\Sun\NetBeans 6.0 M9\enterprise4\docs\javaee5-doc-api.zip" />
    <property name="sun.desktop" value="windows" />
    <property name="deployments.Ftp.default.deployment.ftp.userid" value="" />
    <property name="libs.ricoh-ant-utils.javadoc" value="" />
    <property name="libs.jaxb20.javadoc" value="" />
    <property name="libs.beans-binding.javadoc" value="" />
    <property name="rave.version" value="2.0.0" />
    <property name="java.awt.graphicsenv" value="sun.awt.Win32GraphicsEnvironment" />
    <property name="java.vm.vendor" value="Sun Microsystems Inc." />
    <property name="libs.CopyLibs.classpath" value="C:\Sun\NetBeans 6.0 M9\java1\ant\extra\org-netbeans-modules-java-j2seproject-copylibstask.jar" />
    <property name="deployment.SonnyEricsson.scriptfile" value="C:\Sun\NetBeans 6.0 M9\mobility8\modules\scr\deploy-sonyericsson-impl.xml" />
    <property name="libs.junit.src" value="" />
    <property name="libs.CopyLibs.src" value="" />
    <property name="build.dir" value="build" />
    <property name="ant.version" value="Apache Ant version 1.7.0 compiled on December 13 2006" />
    <property name="file.encoding" value="Cp1252" />
    <property name="build.classes.excludes" value="**/*.java,**/*.form,**/.nbattrs" />
    <property name="javadoc.nonavbar" value="false" />
    <property name="deployments.Scp.default.deployment.scp.passphrase" value="" />
    <property name="platform.active" value="default_platform" />
    <property name="https.proxyHost" value="192.168.0.1" />
    <property name="awt.toolkit" value="sun.awt.windows.WToolkit" />
    <property name="org.netbeans.modules.compapp.jbiserver.component.conf.root" value="nbproject/private" />
  </properties>
  <system-out><![CDATA[{java.runtime.name=Java(TM) 2 Runtime Environment, Standard Edition, sun.boot.library.path=C:\Sun\Java\jdk1.5.0_11\jre\bin, java.vm.version=1.5.0_11-b03, java.vm.vendor=Sun Microsystems Inc., java.vendor.url=http://java.sun.com/, path.separator=;, java.vm.name=Java HotSpot(TM) Client VM, file.encoding.pkg=sun.io, sun.java.launcher=SUN_STANDARD, user.country=US, sun.os.patch.level=Service Pack 2, java.vm.specification.name=Java Virtual Machine Specification, user.dir=C:\Sun\NetBeansProjects\WSITTestApp, java.runtime.version=1.5.0_11-b03, java.awt.graphicsenv=sun.awt.Win32GraphicsEnvironment, java.endorsed.dirs=C:\Sun\Java\jdk1.5.0_11\jre\lib\endorsed, os.arch=x86, java.io.tmpdir=C:\DOCUME~1\Frank\LOCALS~1\Temp\, line.separator=
, java.vm.specification.vendor=Sun Microsystems Inc., user.variant=, os.name=Windows XP, sun.jnu.encoding=Cp1252, java.library.path=C:\Sun\Java\jdk1.5.0_11\jre\bin;.;C:\WINDOWS\system32;C:\WINDOWS;C:\WINDOWS\system32;C:\WINDOWS;C:\WINDOWS\System32\Wbem;C:\Program Files\ATI Technologies\ATI Control Panel;C:\Sun\Java\jdk1.5.0_11\bin;C:\Sun\glassfish\lib\ant\bin;C:\Sun\maven-2.0.6\bin;C:\Sun\glassfish\bin, java.specification.name=Java Platform API Specification, java.class.version=49.0, sun.management.compiler=HotSpot Client Compiler, os.version=5.1, user.home=C:\Documents and Settings\Frank, user.timezone=America/Los_Angeles, java.awt.printerjob=sun.awt.windows.WPrinterJob, file.encoding=Cp1252, java.specification.version=1.5, java.class.path=C:\Sun\NetBeans 6.0 M9\soa1\modules\ext\jbi\catd.jar;C:\Sun\NetBeans 6.0 M9\soa1\modules\ext\jbi\xmlunit1.0.jar;C:\Sun\NetBeans 6.0 M9\java1\modules\ext\junit-3.8.2.jar;C:\Sun\NetBeans 6.0 M9\java1\modules\ext\jaxrpc16\FastInfoset.jar;C:\Sun\NetBeans 6.0 M9\java1\modules\ext\jaxrpc16\saaj-api.jar;C:\Sun\NetBeans 6.0 M9\java1\modules\ext\jaxrpc16\saaj-impl.jar;C:\Sun\NetBeans 6.0 M9\ide8\modules\org-netbeans-modules-xml-xdm.jar;C:\Sun\NetBeans 6.0 M9\ide8\modules\org-netbeans-modules-xml-xam.jar;C:\Sun\NetBeans 6.0 M9\ide8\modules\org-netbeans-modules-editor-lib.jar;C:\Sun\NetBeans 6.0 M9\ide8\modules\org-netbeans-modules-xml-text.jar;C:\Sun\NetBeans 6.0 M9\ide8\modules\org-netbeans-modules-editor.jar;C:\Sun\NetBeans 6.0 M9\ide8\modules\org-netbeans-modules-editor-util.jar;C:\Sun\NetBeans 6.0 M9\ide8\modules\org-netbeans-modules-xml-core.jar;C:\Sun\NetBeans 6.0 M9\ide8\modules\org-netbeans-modules-editor-lib2.jar;C:\Sun\NetBeans 6.0 M9\platform7\lib\org-openide-modules.jar;C:\Sun\NetBeans 6.0 M9\platform7\lib\org-openide-util.jar;C:\Sun\NetBeans 6.0 M9\platform7\modules\org-openide-options.jar;C:\Sun\NetBeans 6.0 M9\platform7\modules\org-openide-text.jar;C:\Sun\NetBeans 6.0 M9\platform7\modules\org-openide-loaders.jar;C:\Sun\NetBeans 6.0 M9\platform7\modules\org-openide-nodes.jar;C:\Sun\NetBeans 6.0 M9\platform7\core\org-openide-filesystems.jar;C:\Sun\NetBeans 6.0 M9\java1\ant\lib\ant-launcher.jar;C:\Sun\NetBeans 6.0 M9\java1\ant\lib\ant.jar;C:\Sun\NetBeans 6.0 M9\java1\ant\lib\ant-junit.jar, user.name=Frank, java.vm.specification.version=1.0, java.home=C:\Sun\Java\jdk1.5.0_11\jre, sun.arch.data.model=32, user.language=en, java.specification.vendor=Sun Microsystems Inc., awt.toolkit=sun.awt.windows.WToolkit, java.vm.info=mixed mode, sharing, java.version=1.5.0_11, java.ext.dirs=C:\Sun\Java\jdk1.5.0_11\jre\lib\ext, sun.boot.class.path=C:\Sun\Java\jdk1.5.0_11\jre\lib\rt.jar;C:\Sun\Java\jdk1.5.0_11\jre\lib\i18n.jar;C:\Sun\Java\jdk1.5.0_11\jre\lib\sunrsasign.jar;C:\Sun\Java\jdk1.5.0_11\jre\lib\jsse.jar;C:\Sun\Java\jdk1.5.0_11\jre\lib\jce.jar;C:\Sun\Java\jdk1.5.0_11\jre\lib\charsets.jar;C:\Sun\Java\jdk1.5.0_11\jre\classes, java.vendor=Sun Microsystems Inc., file.separator=\, java.vendor.url.bug=http://java.sun.com/cgi-bin/bugreport.cgi, sun.io.unicode.encoding=UnicodeLittle, sun.cpu.endian=little, sun.desktop=windows, sun.cpu.isalist=pentium_pro+mmx pentium_pro pentium+mmx pentium i486 i386 i86}
]]></system-out>
  <system-err><![CDATA[]]></system-err>
</testsuite>
