<?xml version="1.0" encoding="UTF-8" ?>
<testsuite errors="0" failures="0" hostname="logicoyparam-pc" name="org.netbeans.modules.compapp.catd.ConfiguredTest" tests="1" time="0.818" timestamp="2013-03-14T08:17:49">
  <properties>
    <property name="libs.jsp-compiler.javadoc" value="" />
    <property name="com.sun.jbi.sa.internal.routing" value="true" />
    <property name="libs.Encoder-HL7.javadoc" value="" />
    <property name="libs.jsf20.maven-pom" value="" />
    <property name="source.root" value="src" />
    <property name="ant.library.dir" value="D:\softwares\apache-ant-1.8.4-bin\apache-ant-1.8.4\lib" />
    <property name="libs.junit.javadoc" value="D:\softwares\OpenESB2.3_94\netbeans\java\docs\junit-3.8.2-api.zip" />
    <property name="ant.core.lib" value="D:\softwares\apache-ant-1.8.4-bin\apache-ant-1.8.4\lib\ant.jar" />
    <property name="libs.jsp-compilation.javadoc" value="" />
    <property name="user.dir" value="D:\Projects\driver tests\filebc\FileBCJbi" />
    <property name="libs.hibernate-persistence.javadoc" value="" />
    <property name="java.vm.version" value="20.10-b01" />
    <property name="libs.jstl11.maven-pom" value="" />
    <property name="libs.MySQLDriver.classpath" value="D:\softwares\OpenESB2.3_94\netbeans\ide\modules\ext\mysql-connector-java-5.1.18-bin.jar" />
    <property name="jbi.content.additional" value="../FileBCBpel/build/SEDeployment.jar" />
    <property name="reference.FileBCBpel.dist_se" value="../FileBCBpel/build/SEDeployment.jar" />
    <property name="libs.eclipselinkmodelgen.src" value="" />
    <property name="libs.jstl11.src" value="" />
    <property name="libs.javaee-web-api-6.0.classpath" value="D:\softwares\OpenESB2.3_94\netbeans\enterprise\modules\ext\javaee-web-api-6.0.jar" />
    <property name="libs.hibernate-support.maven-pom" value="" />
    <property name="libs.hibernate-support.javadoc" value="" />
    <property name="libs.javac-api.src" value="" />
    <property name="xml.module.install.dir" value="D:\softwares\OpenESB2.3_94\netbeans\soa\modules" />
    <property name="sun.os.patch.level" value="Service Pack 1" />
    <property name="java.vm.specification.name" value="Java Virtual Machine Specification" />
    <property name="libs.Encoder-Custom.javadoc" value="" />
    <property name="have.tests" value="true" />
    <property name="j2ee.server.instance" value="[D:\softwares\OpenESB2.3_94\glassfish]deployer:Sun:AppServer::localhost:4848" />
    <property name="libs.javac-api.javadoc" value="" />
    <property name="os.name" value="Windows 7" />
    <property name="esb.netbeans.platform" value="D:\\softwares\\OpenESB2.3_94\\netbeans/platform" />
    <property name="libs.beans-binding.classpath" value="D:\softwares\OpenESB2.3_94\netbeans\java\modules\ext\beansbinding-1.2.1.jar" />
    <property name="libs.restapi.javadoc" value="D:\softwares\OpenESB2.3_94\netbeans\enterprise\docs\jsr311-api-1.1.1-javadoc.zip" />
    <property name="libs.JWSAntTasks.maven-pom" value="" />
    <property name="libs.testng.src" value="" />
    <property name="libs.spring-webmvc3.0.src" value="" />
    <property name="libs.restapi.classpath" value="D:\softwares\OpenESB2.3_94\netbeans\enterprise\modules\ext\rest\jsr311-api-1.1.1.jar" />
    <property name="java.vendor.url.bug" value="http://java.sun.com/cgi-bin/bugreport.cgi" />
    <property name="libs.jaxb.maven-pom" value="" />
    <property name="os.arch" value="amd64" />
    <property name="libs.Encoder-Custom.classpath" value="D:\softwares\OpenESB2.3_94\netbeans\soa\modules\ext\custom.jar;D:\softwares\OpenESB2.3_94\netbeans\soa\modules\ext\customencoder-xsdextension.jar" />
    <property name="libs.eclipselink.src" value="" />
    <property name="user.name" value="logicoyparam" />
    <property name="libs.jsf12.javadoc" value="D:\softwares\OpenESB2.3_94\netbeans\enterprise\docs\javaee6-doc-api.zip" />
    <property name="libs.spring-webmvc3.0.maven-pom" value="" />
    <property name="libs.swing-layout.maven-pom" value="" />
    <property name="sun.java.command" value="org.apache.tools.ant.taskdefs.optional.junit.JUnitTestRunner org.netbeans.modules.compapp.catd.ConfiguredTest filtertrace=true haltOnError=false haltOnFailure=false showoutput=true outputtoformatters=true logfailedtests=true logtestlistenerevents=false formatter=org.apache.tools.ant.taskdefs.optional.junit.BriefJUnitResultFormatter formatter=org.apache.tools.ant.taskdefs.optional.junit.XMLJUnitResultFormatter,D:\Projects\driver tests\filebc\FileBCJbi\test\results\TEST-org.netbeans.modules.compapp.catd.ConfiguredTest.xml crashfile=C:\Users\LOGICO~1\AppData\Local\Temp\junitvmwatcher6026434757602512719.properties propsfile=C:\Users\LOGICO~1\AppData\Local\Temp\junit564014574658561236.properties" />
    <property name="build.classes.dir" value="build/jar" />
    <property name="enterprise.module.install.dir" value="D:\softwares\OpenESB2.3_94\netbeans\enterprise\modules" />
    <property name="libs.jaxws21.javadoc" value="D:\softwares\OpenESB2.3_94\netbeans\java\docs\jaxws-api-doc.zip" />
    <property name="user.country" value="IN" />
    <property name="libs.jstl11.javadoc" value="D:\softwares\OpenESB2.3_94\netbeans\enterprise\docs\javaee6-doc-api.zip" />
    <property name="libs.jsp-compilation-syscp.src" value="" />
    <property name="esb.netbeans.user" value="D:\\softwares\\OpenESB2.3_94\.netbeans\openesb" />
    <property name="meta.inf" value="src/conf" />
    <property name="ServerPassword" value="adminadmin" />
    <property name="libs.javaee-web-api-6.0.src" value="" />
    <property name="libs.ejb3-persistence.src" value="" />
    <property name="libs.jsp-compilation-syscp.classpath" value="D:\softwares\OpenESB2.3_94\netbeans\java\ant\lib\ant.jar;D:\softwares\OpenESB2.3_94\netbeans\enterprise\modules\ext\servlet3.0-jsp2.2-api.jar;D:\softwares\OpenESB2.3_94\netbeans\enterprise\modules\ext\glassfish-jspparser-3.0.jar;D:\softwares\OpenESB2.3_94\netbeans\enterprise\modules\ext\standard.jar;D:\softwares\OpenESB2.3_94\netbeans\enterprise\modules\ext\jsf-2_1\jsf-impl.jar" />
    <property name="java.endorsed.dirs" value="C:\Program Files\Java\jdk1.6.0_35\jre\lib\endorsed" />
    <property name="java.vm.specification.version" value="1.0" />
    <property name="libs.primefaces.classpath" value="D:\softwares\OpenESB2.3_94\netbeans\enterprise\modules\ext\primefaces\primefaces-3.2.jar" />
    <property name="libs.javaee-api-6.0.classpath" value="D:\softwares\OpenESB2.3_94\netbeans\enterprise\modules\ext\javaee-api-6.0.jar" />
    <property name="java.awt.headless" value="${java.awt.headless}" />
    <property name="libs.hibernate-persistence.classpath" value="D:\softwares\OpenESB2.3_94\netbeans\java\modules\ext\hibernate\antlr-2.7.6.jar;D:\softwares\OpenESB2.3_94\netbeans\java\modules\ext\hibernate\asm.jar;D:\softwares\OpenESB2.3_94\netbeans\java\modules\ext\hibernate\asm-attrs.jar;D:\softwares\OpenESB2.3_94\netbeans\java\modules\ext\hibernate\cglib-2.1.3.jar;D:\softwares\OpenESB2.3_94\netbeans\java\modules\ext\hibernate\commons-collections-2.1.1.jar;D:\softwares\OpenESB2.3_94\netbeans\ide\modules\org-apache-commons-logging.jar;D:\softwares\OpenESB2.3_94\netbeans\java\modules\ext\hibernate\dom4j-1.6.1.jar;D:\softwares\OpenESB2.3_94\netbeans\java\modules\ext\hibernate\ehcache-1.2.3.jar;D:\softwares\OpenESB2.3_94\netbeans\java\modules\ext\hibernate\jdbc2_0-stdext.jar;D:\softwares\OpenESB2.3_94\netbeans\java\modules\ext\hibernate\jta.jar;D:\softwares\OpenESB2.3_94\netbeans\java\modules\ext\hibernate\hibernate3.jar;D:\softwares\OpenESB2.3_94\netbeans\java\modules\ext\hibernate\hibernate-tools.jar;D:\softwares\OpenESB2.3_94\netbeans\java\modules\ext\hibernate\hibernate-annotations.jar;D:\softwares\OpenESB2.3_94\netbeans\java\modules\ext\hibernate\hibernate-commons-annotations.jar;D:\softwares\OpenESB2.3_94\netbeans\java\modules\ext\hibernate\hibernate-entitymanager.jar;D:\softwares\OpenESB2.3_94\netbeans\java\modules\ext\hibernate\javassist.jar;D:\softwares\OpenESB2.3_94\netbeans\java\modules\ext\hibernate\ejb3-persistence.jar" />
    <property name="libs.jaxws21.src" value="" />
    <property name="libs.Encoder-Framework.javadoc" value="" />
    <property name="java.vendor" value="Sun Microsystems Inc." />
    <property name="libs.javaee-api-6.0.javadoc" value="D:\softwares\OpenESB2.3_94\netbeans\enterprise\docs\javaee6-doc-api.zip" />
    <property name="file.separator" value="\" />
    <property name="libs.junit_4.maven-pom" value="" />
    <property name="libs.JWSAntTasks.javadoc" value="" />
    <property name="user.variant" value="" />
    <property name="libs.eclipselinkmodelgen.classpath" value="D:\softwares\OpenESB2.3_94\netbeans\java\modules\ext\eclipselink\org.eclipse.persistence.jpa.modelgen.processor-2.3.2.jar" />
    <property name="sun.java.launcher" value="SUN_STANDARD" />
    <property name="libs.junit.classpath" value="D:\softwares\OpenESB2.3_94\netbeans\java\modules\ext\junit-3.8.2.jar" />
    <property name="libs.jaxb.javadoc" value="D:\softwares\OpenESB2.3_94\netbeans\ide\docs\jaxb-api-doc.zip" />
    <property name="libs.struts.classpath" value="D:\softwares\OpenESB2.3_94\netbeans\enterprise\modules\ext\struts\antlr-2.7.2.jar;D:\softwares\OpenESB2.3_94\netbeans\enterprise\modules\ext\struts\bsf-2.3.0.jar;D:\softwares\OpenESB2.3_94\netbeans\enterprise\modules\ext\struts\commons-beanutils-1.8.0.jar;D:\softwares\OpenESB2.3_94\netbeans\enterprise\modules\ext\struts\commons-chain-1.2.jar;D:\softwares\OpenESB2.3_94\netbeans\enterprise\modules\ext\struts\commons-digester-1.8.jar;D:\softwares\OpenESB2.3_94\netbeans\enterprise\modules\ext\struts\commons-fileupload-1.1.1.jar;D:\softwares\OpenESB2.3_94\netbeans\enterprise\modules\ext\struts\commons-io-1.1.jar;D:\softwares\OpenESB2.3_94\netbeans\enterprise\modules\ext\struts\commons-logging-1.0.4.jar;D:\softwares\OpenESB2.3_94\netbeans\enterprise\modules\ext\struts\commons-validator-1.3.1.jar;D:\softwares\OpenESB2.3_94\netbeans\enterprise\modules\ext\struts\jstl-1.0.2.jar;D:\softwares\OpenESB2.3_94\netbeans\enterprise\modules\ext\struts\oro-2.0.8.jar;D:\softwares\OpenESB2.3_94\netbeans\enterprise\modules\ext\struts\standard-1.0.6.jar;D:\softwares\OpenESB2.3_94\netbeans\enterprise\modules\ext\struts\struts-core-1.3.10.jar;D:\softwares\OpenESB2.3_94\netbeans\enterprise\modules\ext\struts\struts-el-1.3.10.jar;D:\softwares\OpenESB2.3_94\netbeans\enterprise\modules\ext\struts\struts-extras-1.3.10.jar;D:\softwares\OpenESB2.3_94\netbeans\enterprise\modules\ext\struts\struts-faces-1.3.10.jar;D:\softwares\OpenESB2.3_94\netbeans\enterprise\modules\ext\struts\struts-mailreader-dao-1.3.10.jar;D:\softwares\OpenESB2.3_94\netbeans\enterprise\modules\ext\struts\struts-scripting-1.3.10.jar;D:\softwares\OpenESB2.3_94\netbeans\enterprise\modules\ext\struts\struts-taglib-1.3.10.jar;D:\softwares\OpenESB2.3_94\netbeans\enterprise\modules\ext\struts\struts-tiles-1.3.10.jar" />
    <property name="ant.home" value="D:\softwares\apache-ant-1.8.4-bin\apache-ant-1.8.4\bin\.." />
    <property name="libs.junit_4.src" value="D:\softwares\OpenESB2.3_94\netbeans\java\docs\junit-4.10-sources.jar" />
    <property name="libs.testng.classpath" value="D:\softwares\OpenESB2.3_94\netbeans\platform\modules\ext\testng-6.5.1-dist.jar" />
    <property name="libs.absolutelayout.maven-pom" value="" />
    <property name="ant.java.version" value="1.6" />
    <property name="java.library.path" value="C:\Program Files\Java\jdk1.6.0_35\jre\bin;C:\Windows\Sun\Java\bin;C:\Windows\system32;C:\Windows;C:\oraclexe\app\oracle\product\11.2.0\server\bin;;C:\Program Files (x86)\Java\jdk1.6.0_38\bin;C:\Program Files\Common Files\Microsoft Shared\Windows Live;C:\Program Files (x86)\Common Files\Microsoft Shared\Windows Live;c:\Program Files (x86)\Intel\iCLS Client\;c:\Program Files\Intel\iCLS Client\;C:\Windows\system32;C:\Windows;C:\Windows\System32\Wbem;C:\Windows\System32\WindowsPowerShell\v1.0\;C:\Program Files\Intel\WiFi\bin\;C:\Program Files\Common Files\Intel\WirelessCommon\;C:\Program Files (x86)\Windows Live\Shared;C:\Program Files\TortoiseSVN\bin;D:\softwares\apache-maven-3.0.4\bin;C:\Program Files (x86)\Bitvise SSH Client;C:\Program Files (x86)\SSH Communications Security\SSH Secure Shell;." />
    <property name="libs.metro.maven-pom" value="" />
    <property name="libs.Encoder-HL7.classpath" value="D:\softwares\OpenESB2.3_94\netbeans\soa\modules\ext\hl7.jar;D:\softwares\OpenESB2.3_94\netbeans\soa\modules\ext\hl7encoder-xsdextension.jar" />
    <property name="libs.PostgreSQLDriver.src" value="" />
    <property name="include.jar.manifest" value="" />
    <property name="sun.arch.data.model" value="64" />
    <property name="basedir" value="D:\Projects\driver tests\filebc\FileBCJbi" />
    <property name="libs.jpa20-persistence.maven-pom" value="" />
    <property name="libs.jstl11.classpath" value="D:\softwares\OpenESB2.3_94\netbeans\enterprise\modules\ext\standard.jar;D:\softwares\OpenESB2.3_94\netbeans\enterprise\modules\ext\jstl.jar" />
    <property name="path.separator" value=";" />
    <property name="libs.javaee-web-api-6.0.javadoc" value="D:\softwares\OpenESB2.3_94\netbeans\enterprise\docs\javaee6-doc-api.zip" />
    <property name="sun.io.unicode.encoding" value="UnicodeLittle" />
    <property name="libs.jaxws21.classpath" value="D:\softwares\OpenESB2.3_94\netbeans\ide\modules\ext\jaxb\jaxb-impl.jar;D:\softwares\OpenESB2.3_94\netbeans\ide\modules\ext\jaxb\jaxb-xjc.jar;D:\softwares\OpenESB2.3_94\netbeans\java\modules\ext\jaxws22\FastInfoset.jar;D:\softwares\OpenESB2.3_94\netbeans\java\modules\ext\jaxws22\gmbal-api-only.jar;D:\softwares\OpenESB2.3_94\netbeans\java\modules\ext\jaxws22\ha-api.jar;D:\softwares\OpenESB2.3_94\netbeans\java\modules\ext\jaxws22\javax.mail_1.4.jar;D:\softwares\OpenESB2.3_94\netbeans\java\modules\ext\jaxws22\jaxws-rt.jar;D:\softwares\OpenESB2.3_94\netbeans\java\modules\ext\jaxws22\jaxws-tools.jar;D:\softwares\OpenESB2.3_94\netbeans\java\modules\ext\jaxws22\management-api.jar;D:\softwares\OpenESB2.3_94\netbeans\java\modules\ext\jaxws22\mimepull.jar;D:\softwares\OpenESB2.3_94\netbeans\java\modules\ext\jaxws22\policy.jar;D:\softwares\OpenESB2.3_94\netbeans\java\modules\ext\jaxws22\saaj-impl.jar;D:\softwares\OpenESB2.3_94\netbeans\java\modules\ext\jaxws22\stax-ex.jar;D:\softwares\OpenESB2.3_94\netbeans\java\modules\ext\jaxws22\stax2-api.jar;D:\softwares\OpenESB2.3_94\netbeans\java\modules\ext\jaxws22\streambuffer.jar;D:\softwares\OpenESB2.3_94\netbeans\java\modules\ext\jaxws22\woodstox-core-asl.jar;D:\softwares\OpenESB2.3_94\netbeans\java\modules\ext\jaxws22\api\jaxws-api.jar;D:\softwares\OpenESB2.3_94\netbeans\java\modules\ext\jaxws22\api\jsr181-api.jar;D:\softwares\OpenESB2.3_94\netbeans\java\modules\ext\jaxws22\api\javax.annotation.jar;D:\softwares\OpenESB2.3_94\netbeans\java\modules\ext\jaxws22\api\saaj-api.jar;D:\softwares\OpenESB2.3_94\netbeans\ide\modules\ext\jaxb\activation.jar;D:\softwares\OpenESB2.3_94\netbeans\ide\modules\ext\jaxb\api\jaxb-api.jar;D:\softwares\OpenESB2.3_94\netbeans\ide\modules\ext\jaxb\api\jsr173_1.0_api.jar" />
    <property name="libs.struts.src" value="" />
    <property name="user.language" value="en" />
    <property name="libs.Encoder-Framework.src" value="" />
    <property name="libs.JAXB-ENDORSED.maven-pom" value="" />
    <property name="ant.file." value="D:\Projects\driver tests\filebc\FileBCJbi\build.xml" />
    <property name="libs.spring-framework.classpath" value="D:\softwares\OpenESB2.3_94\netbeans\ide\modules\org-apache-commons-logging.jar;D:\softwares\OpenESB2.3_94\netbeans\java\modules\ext\cglib-2.2.jar;D:\softwares\OpenESB2.3_94\netbeans\java\modules\ext\spring\spring-2.5.6.SEC03.jar" />
    <property name="libs.eclipselink.maven-pom" value="" />
    <property name="libs.primefaces.javadoc" value="" />
    <property name="libs.spring-framework300.maven-pom" value="" />
    <property name="ant.project.invoked-targets" value="jbi-unit-test" />
    <property name="libs.Encoder-Framework.classpath" value="D:\softwares\OpenESB2.3_94\netbeans\soa\modules\ext\encoderframework.jar;D:\softwares\OpenESB2.3_94\netbeans\soa\modules\ext\encoderfrmwk-xsdextension.jar;D:\softwares\OpenESB2.3_94\netbeans\soa\modules\ext\xbean.jar" />
    <property name="libs.swing-layout.javadoc" value="D:\softwares\OpenESB2.3_94\netbeans\platform\docs\swing-layout-1.0.4-doc.zip" />
    <property name="libs.ejb3-persistence.maven-pom" value="" />
    <property name="libs.PostgreSQLDriver.maven-pom" value="" />
    <property name="java.class.version" value="50.0" />
    <property name="resource.FileBCBpel" value="../FileBCBpel/setup" />
    <property name="libs.javaee-endorsed-api-6.0.src" value="" />
    <property name="libs.eclipselink.javadoc" value="" />
    <property name="libs.jsp-compilation.maven-pom" value="" />
    <property name="user.properties.file" value="D:\softwares\OpenESB2.3_94\.netbeans\openesb\build.properties" />
    <property name="libs.spring-framework.src" value="" />
    <property name="libs.javac-api.maven-pom" value="" />
    <property name="file.encoding.pkg" value="sun.io" />
    <property name="sun.cpu.endian" value="little" />
    <property name="libs.JAXB-ENDORSED.javadoc" value="" />
    <property name="libs.JWSAntTasks.classpath" value="D:\softwares\OpenESB2.3_94\netbeans\java\ant\extra\org-netbeans-modules-javawebstart-anttasks.jar" />
    <property name="libs.spring-framework300.src" value="" />
    <property name="libs.PojoSELib.src" value="D:\softwares\OpenESB2.3_94\netbeans\soa\modules\ext\sun-pojo-engine-api-src.jar" />
    <property name="libs.jpa20-persistence.javadoc" value="" />
    <property name="java.home" value="C:\Program Files\Java\jdk1.6.0_35\jre" />
    <property name="libs.jsp-compilation.src" value="" />
    <property name="libs.spring-webmvc.src" value="" />
    <property name="libs.javaee-endorsed-api-6.0.classpath" value="D:\softwares\OpenESB2.3_94\netbeans\enterprise\modules\ext\javaee6-endorsed\javax.annotation.jar;D:\softwares\OpenESB2.3_94\netbeans\enterprise\modules\ext\javaee6-endorsed\jaxb-api-osgi.jar;D:\softwares\OpenESB2.3_94\netbeans\enterprise\modules\ext\javaee6-endorsed\webservices-api-osgi.jar" />
    <property name="libs.javaee-api-6.0.src" value="" />
    <property name="FileBCBpel.su.dir" value="src/jbiasa/../jbiServiceUnits/FileBCBpel" />
    <property name="ant.project.default-target" value="default" />
    <property name="libs.PostgreSQLDriver.javadoc" value="" />
    <property name="libs.restlib.classpath" value="D:\softwares\OpenESB2.3_94\netbeans\enterprise\modules\ext\rest\asm-3.1.jar;D:\softwares\OpenESB2.3_94\netbeans\enterprise\modules\ext\rest\jackson-core-asl-1.7.1.jar;D:\softwares\OpenESB2.3_94\netbeans\enterprise\modules\ext\rest\jackson-jaxrs-1.7.1.jar;D:\softwares\OpenESB2.3_94\netbeans\enterprise\modules\ext\rest\jackson-mapper-asl-1.7.1.jar;D:\softwares\OpenESB2.3_94\netbeans\enterprise\modules\ext\rest\jackson-xc-1.7.1.jar;D:\softwares\OpenESB2.3_94\netbeans\enterprise\modules\ext\rest\jersey-apache-client-1.8.jar;D:\softwares\OpenESB2.3_94\netbeans\enterprise\modules\ext\rest\jersey-atom-abdera-1.8.jar;D:\softwares\OpenESB2.3_94\netbeans\enterprise\modules\ext\rest\jersey-client-1.8.jar;D:\softwares\OpenESB2.3_94\netbeans\enterprise\modules\ext\rest\jersey-core-1.8.jar;D:\softwares\OpenESB2.3_94\netbeans\enterprise\modules\ext\rest\jersey-guice-1.8.jar;D:\softwares\OpenESB2.3_94\netbeans\enterprise\modules\ext\rest\jersey-json-1.8.jar;D:\softwares\OpenESB2.3_94\netbeans\enterprise\modules\ext\rest\jersey-multipart-1.8.jar;D:\softwares\OpenESB2.3_94\netbeans\enterprise\modules\ext\rest\jersey-server-1.8.jar;D:\softwares\OpenESB2.3_94\netbeans\enterprise\modules\ext\rest\jersey-simple-server-1.8.jar;D:\softwares\OpenESB2.3_94\netbeans\enterprise\modules\ext\rest\jersey-spring-1.8.jar;D:\softwares\OpenESB2.3_94\netbeans\enterprise\modules\ext\rest\jettison-1.1.jar;D:\softwares\OpenESB2.3_94\netbeans\enterprise\modules\ext\rest\oauth-client-1.8.jar;D:\softwares\OpenESB2.3_94\netbeans\enterprise\modules\ext\rest\oauth-server-1.8.jar;D:\softwares\OpenESB2.3_94\netbeans\enterprise\modules\ext\rest\oauth-signature-1.8.jar;D:\softwares\OpenESB2.3_94\netbeans\ide\modules\ext\jaxb\activation.jar;D:\softwares\OpenESB2.3_94\netbeans\ide\modules\ext\jaxb\api\jaxb-api.jar;D:\softwares\OpenESB2.3_94\netbeans\ide\modules\ext\jaxb\api\jsr173_1.0_api.jar" />
    <property name="jbi.service-unit.description" value="Represents this Service Unit" />
    <property name="libs.MySQLDriver.maven-pom" value="" />
    <property name="libs.junit_4.javadoc" value="D:\softwares\OpenESB2.3_94\netbeans\java\docs\junit-4.10-javadoc.jar" />
    <property name="netbeans.dir" value="D:\\softwares\\OpenESB2.3_94\\netbeans" />
    <property name="libs.spring-webmvc.javadoc" value="" />
    <property name="test.results.dir" value="D:\Projects\driver tests\filebc\FileBCJbi/test/results" />
    <property name="FileBCBpel.su.name" value="FileBCBpel" />
    <property name="libs.javaee-web-api-6.0.maven-pom" value="" />
    <property name="libs.hibernate-support.src" value="" />
    <property name="libs.javaee-endorsed-api-6.0.javadoc" value="D:\softwares\OpenESB2.3_94\netbeans\enterprise\docs\javaee6-doc-api.zip" />
    <property name="libs.PojoSELib.classpath" value="D:\softwares\OpenESB2.3_94\netbeans\soa\modules\ext\sun-pojo-engine-api.jar;D:\softwares\OpenESB2.3_94\netbeans\soa\modules\ext\jbi.jar" />
    <property name="ant.file.type." value="file" />
    <property name="libs.spring-webmvc3.0.javadoc" value="" />
    <property name="libs.restapi.src" value="" />
    <property name="sun.management.compiler" value="HotSpot 64-Bit Tiered Compilers" />
    <property name="libs.jsp-compiler.classpath" value="D:\softwares\OpenESB2.3_94\netbeans\enterprise\ant\extra\jspcompile.jar" />
    <property name="libs.spring-webmvc.classpath" value="D:\softwares\OpenESB2.3_94\netbeans\enterprise\modules\ext\spring\spring-webmvc-2.5.6.SEC03.jar" />
    <property name="ant.file" value="D:\Projects\driver tests\filebc\FileBCJbi\build.xml" />
    <property name="libs.beans-binding.maven-pom" value="" />
    <property name="com.sun.jbi.routing.bc.autoconnect" value="true" />
    <property name="libs.jsf12.classpath" value="D:\softwares\OpenESB2.3_94\netbeans\enterprise\modules\ext\jsf-1_2\commons-beanutils.jar;D:\softwares\OpenESB2.3_94\netbeans\enterprise\modules\ext\jsf-1_2\commons-collections.jar;D:\softwares\OpenESB2.3_94\netbeans\enterprise\modules\ext\jsf-1_2\commons-digester.jar;D:\softwares\OpenESB2.3_94\netbeans\enterprise\modules\ext\jsf-1_2\commons-logging.jar;D:\softwares\OpenESB2.3_94\netbeans\enterprise\modules\ext\jsf-1_2\jsf-api.jar;D:\softwares\OpenESB2.3_94\netbeans\enterprise\modules\ext\jsf-1_2\jsf-impl.jar" />
    <property name="libs.Encoder-HL7.src" value="" />
    <property name="GenerateATSOutput" value="${generate.ats.output}" />
    <property name="libs.restapi.maven-pom" value="" />
    <property name="no.catd.context" value="true" />
    <property name="libs.beans-binding.src" value="" />
    <property name="java.vm.specification.vendor" value="Sun Microsystems Inc." />
    <property name="libs.swing-layout.src" value="D:\softwares\OpenESB2.3_94\netbeans\platform\docs\swing-layout-1.0.4-src.zip" />
    <property name="java.vm.name" value="Java HotSpot(TM) 64-Bit Server VM" />
    <property name="libs.Encoder-Custom.maven-pom" value="" />
    <property name="netbeans.user" value="D:\\softwares\\OpenESB2.3_94\.netbeans\openesb" />
    <property name="java.io.tmpdir" value="C:\Users\LOGICO~1\AppData\Local\Temp\" />
    <property name="java.vendor.url" value="http://java.sun.com/" />
    <property name="dist.jar.dir" value="D:\Projects\driver tests\filebc\FileBCJbi\dist" />
    <property name="libs.jsp-compiler.src" value="" />
    <property name="libs.Encoder-COCO.src" value="" />
    <property name="sun.boot.library.path" value="C:\Program Files\Java\jdk1.6.0_35\jre\bin" />
    <property name="libs.jsf20.classpath" value="D:\softwares\OpenESB2.3_94\netbeans\enterprise\modules\ext\jsf-2_1\jsf-api.jar;D:\softwares\OpenESB2.3_94\netbeans\enterprise\modules\ext\jsf-2_1\jsf-impl.jar" />
    <property name="src.build.dir" value="src/jbiServiceUnits" />
    <property name="dist.jar" value="dist/FileBCJbi.zip" />
    <property name="java.runtime.name" value="Java(TM) SE Runtime Environment" />
    <property name="ant.project.name" value="" />
    <property name="ant.file.FileBCJbi-jbi-impl" value="D:\Projects\driver tests\filebc\FileBCJbi\nbproject\build-impl.xml" />
    <property name="libs.PojoSELib.javadoc" value="D:\softwares\OpenESB2.3_94\netbeans\soa\modules\ext\sun-pojo-engine-api-javadoc.jar" />
    <property name="libs.jsp-compilation-syscp.maven-pom" value="" />
    <property name="sun.cpu.isalist" value="amd64" />
    <property name="libs.CopyLibs.javadoc" value="" />
    <property name="project.FileBCBpel" value="../FileBCBpel" />
    <property name="libs.hibernate-support.classpath" value="D:\softwares\OpenESB2.3_94\netbeans\java\modules\ext\hibernate\antlr-2.7.6.jar;D:\softwares\OpenESB2.3_94\netbeans\java\modules\ext\hibernate\asm.jar;D:\softwares\OpenESB2.3_94\netbeans\java\modules\ext\hibernate\asm-attrs.jar;D:\softwares\OpenESB2.3_94\netbeans\java\modules\ext\hibernate\cglib-2.1.3.jar;D:\softwares\OpenESB2.3_94\netbeans\java\modules\ext\hibernate\commons-collections-2.1.1.jar;D:\softwares\OpenESB2.3_94\netbeans\ide\modules\org-apache-commons-logging.jar;D:\softwares\OpenESB2.3_94\netbeans\java\modules\ext\hibernate\dom4j-1.6.1.jar;D:\softwares\OpenESB2.3_94\netbeans\java\modules\ext\hibernate\ehcache-1.2.3.jar;D:\softwares\OpenESB2.3_94\netbeans\java\modules\ext\hibernate\jdbc2_0-stdext.jar;D:\softwares\OpenESB2.3_94\netbeans\java\modules\ext\hibernate\jta.jar;D:\softwares\OpenESB2.3_94\netbeans\java\modules\ext\hibernate\hibernate3.jar;D:\softwares\OpenESB2.3_94\netbeans\java\modules\ext\hibernate\hibernate-tools.jar;D:\softwares\OpenESB2.3_94\netbeans\java\modules\ext\hibernate\hibernate-annotations.jar;D:\softwares\OpenESB2.3_94\netbeans\java\modules\ext\hibernate\hibernate-commons-annotations.jar;D:\softwares\OpenESB2.3_94\netbeans\java\modules\ext\hibernate\hibernate-entitymanager.jar;D:\softwares\OpenESB2.3_94\netbeans\java\modules\ext\hibernate\javassist.jar" />
    <property name="user.home" value="C:\Users\logicoyparam" />
    <property name="libs.primefaces.maven-pom" value="" />
    <property name="com.sun.jbi.routing" value="true" />
    <property name="libs.javaee-api-6.0.maven-pom" value="" />
    <property name="libs.JWSAntTasks.src" value="" />
    <property name="libs.CopyLibs.maven-pom" value="" />
    <property name="libs.spring-framework300.javadoc" value="" />
    <property name="libs.hibernate-persistence.maven-pom" value="" />
    <property name="libs.absolutelayout.javadoc" value="" />
    <property name="java.specification.name" value="Java Platform API Specification" />
    <property name="libs.Encoder-COCO.maven-pom" value="" />
    <property name="ide.module.install.dir" value="D:\softwares\OpenESB2.3_94\netbeans\ide\modules" />
    <property name="java.specification.vendor" value="Sun Microsystems Inc." />
    <property name="libs.javac-api.classpath" value="D:\softwares\OpenESB2.3_94\netbeans\java\modules\ext\nb-javac-api.jar" />
    <property name="java.version" value="1.6.0_35" />
    <property name="libs.MySQLDriver.javadoc" value="" />
    <property name="source.encoding" value="windows-1252" />
    <property name="libs.eclipselinkmodelgen.maven-pom" value="" />
    <property name="libs.jsp-compilation-syscp.javadoc" value="" />
    <property name="server.password" value="adminadmin" />
    <property name="libs.junit.maven-pom" value="" />
    <property name="libs.eclipselinkmodelgen.javadoc" value="" />
    <property name="libs.metro.javadoc" value="D:\softwares\OpenESB2.3_94\netbeans\enterprise\docs\metro-1.4-doc.zip" />
    <property name="libs.struts.maven-pom" value="" />
    <property name="libs.testng.maven-pom" value="" />
    <property name="NetBeansUserDir" value="D:\\softwares\\OpenESB2.3_94\.netbeans\openesb" />
    <property name="test.dir" value="test" />
    <property name="libs.jaxb.src" value="" />
    <property name="libs.Encoder-HL7.maven-pom" value="" />
    <property name="libs.jaxb.classpath" value="D:\softwares\OpenESB2.3_94\netbeans\ide\modules\ext\jaxb\jaxb-impl.jar;D:\softwares\OpenESB2.3_94\netbeans\ide\modules\ext\jaxb\jaxb-xjc.jar;D:\softwares\OpenESB2.3_94\netbeans\ide\modules\ext\jaxb\jaxb1-impl.jar;D:\softwares\OpenESB2.3_94\netbeans\ide\modules\ext\jaxb\activation.jar;D:\softwares\OpenESB2.3_94\netbeans\ide\modules\ext\jaxb\api\jaxb-api.jar;D:\softwares\OpenESB2.3_94\netbeans\ide\modules\ext\jaxb\api\jsr173_1.0_api.jar" />
    <property name="ant.file.type.FileBCJbi-jbi-impl" value="file" />
    <property name="libs.swing-layout.classpath" value="D:\softwares\OpenESB2.3_94\netbeans\platform\modules\ext\swing-layout-1.0.4.jar" />
    <property name="libs.spring-webmvc3.0.classpath" value="D:\softwares\OpenESB2.3_94\netbeans\java\modules\ext\spring-3.0\spring-webmvc-3.1.1.RELEASE.jar" />
    <property name="libs.restlib.src" value="" />
    <property name="build.generated.dir" value="build/generated" />
    <property name="libs.hibernate-persistence.src" value="" />
    <property name="line.separator" value="&#xd;&#xa;" />
    <property name="java.specification.version" value="1.6" />
    <property name="libs.jaxws21.maven-pom" value="" />
    <property name="java.vm.info" value="mixed mode" />
    <property name="libs.spring-framework.maven-pom" value="" />
    <property name="sun.boot.class.path" value="C:\Program Files\Java\jdk1.6.0_35\jre\lib\resources.jar;C:\Program Files\Java\jdk1.6.0_35\jre\lib\rt.jar;C:\Program Files\Java\jdk1.6.0_35\jre\lib\sunrsasign.jar;C:\Program Files\Java\jdk1.6.0_35\jre\lib\jsse.jar;C:\Program Files\Java\jdk1.6.0_35\jre\lib\jce.jar;C:\Program Files\Java\jdk1.6.0_35\jre\lib\charsets.jar;C:\Program Files\Java\jdk1.6.0_35\jre\lib\modules\jdk.boot.jar;C:\Program Files\Java\jdk1.6.0_35\jre\classes" />
    <property name="src.dir" value="src/jbiasa" />
    <property name="libs.Encoder-Framework.maven-pom" value="" />
    <property name="libs.jsf20.src" value="" />
    <property name="libs.jpa20-persistence.src" value="" />
    <property name="libs.jsf12.src" value="" />
    <property name="libs.struts.javadoc" value="D:\softwares\OpenESB2.3_94\netbeans\enterprise\docs\struts-1.3.10-javadoc.zip" />
    <property name="libs.primefaces.src" value="" />
    <property name="dist.dir" value="dist" />
    <property name="org.netbeans.modules.compapp.catd.context" value="" />
    <property name="java.awt.printerjob" value="sun.awt.windows.WPrinterJob" />
    <property name="default.javac.source" value="1.6" />
    <property name="libs.MySQLDriver.src" value="" />
    <property name="sun.jnu.encoding" value="Cp1252" />
    <property name="jbi.service-assembly.id" value="FileBCJbi" />
    <property name="libs.Encoder-COCO.javadoc" value="" />
    <property name="esb.netbeans.home" value="D:\\softwares\\OpenESB2.3_94\\netbeans" />
    <property name="java.runtime.version" value="1.6.0_35-b10" />
    <property name="libs.ejb3-persistence.javadoc" value="" />
    <property name="jbi.service-assembly.description" value="Represents the Service Assembly of FileBCJbi" />
    <property name="default.javac.target" value="1.6" />
    <property name="libs.junit_4.classpath" value="D:\softwares\OpenESB2.3_94\netbeans\platform\modules\ext\junit-4.10.jar" />
    <property name="user.timezone" value="" />
    <property name="java.module.install.dir" value="D:\softwares\OpenESB2.3_94\netbeans\java\modules" />
    <property name="libs.javaee-endorsed-api-6.0.maven-pom" value="" />
    <property name="libs.jsf20.javadoc" value="D:\softwares\OpenESB2.3_94\netbeans\enterprise\docs\javaee6-doc-api.zip" />
    <property name="java.ext.dirs" value="C:\Program Files\Java\jdk1.6.0_35\jre\lib\ext;C:\Windows\Sun\Java\lib\ext" />
    <property name="libs.metro.src" value="" />
    <property name="libs.absolutelayout.classpath" value="D:\softwares\OpenESB2.3_94\netbeans\java\modules\ext\AbsoluteLayout.jar" />
    <property name="libs.restlib.maven-pom" value="" />
    <property name="libs.metro.classpath" value="D:\softwares\OpenESB2.3_94\netbeans\ide\modules\ext\jaxb\activation.jar;D:\softwares\OpenESB2.3_94\netbeans\enterprise\modules\ext\metro\webservices-api.jar;D:\softwares\OpenESB2.3_94\netbeans\enterprise\modules\ext\metro\webservices-extra-api.jar;D:\softwares\OpenESB2.3_94\netbeans\enterprise\modules\ext\metro\webservices-extra.jar;D:\softwares\OpenESB2.3_94\netbeans\enterprise\modules\ext\metro\webservices-rt.jar;D:\softwares\OpenESB2.3_94\netbeans\enterprise\modules\ext\metro\webservices-tools.jar" />
    <property name="java.class.path" value="D:\softwares\OpenESB2.3_94\netbeans\soa\modules\org-netbeans-modules-compapp-manager-jbi.jar;D:\softwares\OpenESB2.3_94\netbeans\soa\modules\org-netbeans-modules-compapp-projects-jbi.jar;D:\softwares\OpenESB2.3_94\netbeans\soa\modules\ext\jbi-admin-common.jar;D:\softwares\OpenESB2.3_94\netbeans\soa\modules\ext\catd.jar;D:\softwares\OpenESB2.3_94\netbeans\java\modules\ext\junit-3.8.2.jar;D:\softwares\OpenESB2.3_94\netbeans\ide\modules\org-netbeans-modules-editor-lib.jar;D:\softwares\OpenESB2.3_94\netbeans\ide\modules\org-netbeans-modules-editor.jar;D:\softwares\OpenESB2.3_94\netbeans\ide\modules\org-netbeans-modules-editor-deprecated-pre65formatting.jar;D:\softwares\OpenESB2.3_94\netbeans\ide\modules\org-netbeans-modules-editor-util.jar;D:\softwares\OpenESB2.3_94\netbeans\ide\modules\org-netbeans-modules-editor-lib2.jar;D:\softwares\OpenESB2.3_94\netbeans\ide\modules\org-netbeans-modules-editor-indent.jar;D:\softwares\OpenESB2.3_94\netbeans\ide\modules\org-netbeans-modules-editor-plain.jar;D:\softwares\OpenESB2.3_94\netbeans\ide\modules\org-netbeans-modules-editor-plain-lib.jar;D:\softwares\OpenESB2.3_94\netbeans\ide\modules\org-netbeans-modules-editor-settings.jar;D:\softwares\OpenESB2.3_94\netbeans\ide\modules\org-netbeans-modules-editor-settings-storage.jar;D:\softwares\OpenESB2.3_94\netbeans\ide\modules\org-netbeans-modules-lexer.jar;D:\softwares\OpenESB2.3_94\netbeans\ide\modules\org-netbeans-modules-xml-core.jar;D:\softwares\OpenESB2.3_94\netbeans\ide\modules\org-netbeans-modules-xml-lexer.jar;D:\softwares\OpenESB2.3_94\netbeans\ide\modules\org-netbeans-modules-xml-text.jar;D:\softwares\OpenESB2.3_94\netbeans\ide\modules\org-netbeans-modules-xml-xdm.jar;D:\softwares\OpenESB2.3_94\netbeans\ide\modules\org-netbeans-modules-xml-xam.jar;D:\softwares\OpenESB2.3_94\netbeans\ide\modules\org-netbeans-modules-csl-api.jar;D:\softwares\OpenESB2.3_94\netbeans\ide\modules\ext\jaxb\activation.jar;D:\softwares\OpenESB2.3_94\netbeans\platform\lib\org-openide-modules.jar;D:\softwares\OpenESB2.3_94\netbeans\platform\lib\org-openide-util.jar;D:\softwares\OpenESB2.3_94\netbeans\platform\lib\org-openide-util-lookup.jar;D:\softwares\OpenESB2.3_94\netbeans\platform\modules\org-openide-awt.jar;D:\softwares\OpenESB2.3_94\netbeans\platform\modules\org-openide-options.jar;D:\softwares\OpenESB2.3_94\netbeans\platform\modules\org-openide-text.jar;D:\softwares\OpenESB2.3_94\netbeans\platform\modules\org-openide-loaders.jar;D:\softwares\OpenESB2.3_94\netbeans\platform\modules\org-openide-nodes.jar;D:\softwares\OpenESB2.3_94\netbeans\platform\modules\org-netbeans-modules-editor-mimelookup.jar;D:\softwares\OpenESB2.3_94\netbeans\platform\modules\org-netbeans-modules-editor-mimelookup-impl.jar;D:\softwares\OpenESB2.3_94\netbeans\platform\core\org-openide-filesystems.jar;D:\softwares\OpenESB2.3_94\netbeans\platform\modules\org-netbeans-modules-keyring.jar;D:\softwares\OpenESB2.3_94\netbeans\platform\modules\org-openide-dialogs.jar;D:\softwares\apache-ant-1.8.4-bin\apache-ant-1.8.4\lib\ant-launcher.jar;D:\softwares\apache-ant-1.8.4-bin\apache-ant-1.8.4\lib\ant.jar;D:\softwares\apache-ant-1.8.4-bin\apache-ant-1.8.4\lib\ant-junit.jar;D:\softwares\apache-ant-1.8.4-bin\apache-ant-1.8.4\lib\ant-junit4.jar" />
    <property name="jbi.content.component" value="sun-bpel-engine" />
    <property name="from.commandline" value="true" />
    <property name="libs.absolutelayout.src" value="" />
    <property name="libs.jpa20-persistence.classpath" value="D:\softwares\OpenESB2.3_94\netbeans\java\modules\ext\eclipselink\javax.persistence-2.0.3.jar" />
    <property name="os.version" value="6.1" />
    <property name="sun.desktop" value="windows" />
    <property name="libs.PojoSELib.maven-pom" value="" />
    <property name="libs.restlib.javadoc" value="D:\softwares\OpenESB2.3_94\netbeans\enterprise\docs\jersey-1.8-javadoc.zip;D:\softwares\OpenESB2.3_94\netbeans\enterprise\docs\jersey-apache-client-1.8-javadoc.zip;D:\softwares\OpenESB2.3_94\netbeans\enterprise\docs\jersey-atom-abdera-1.8-javadoc.zip;D:\softwares\OpenESB2.3_94\netbeans\enterprise\docs\jersey-guice-1.8-javadoc.zip;D:\softwares\OpenESB2.3_94\netbeans\enterprise\docs\jersey-multipart-1.8-javadoc.zip;D:\softwares\OpenESB2.3_94\netbeans\enterprise\docs\jersey-simple-server-1.8-javadoc.zip;D:\softwares\OpenESB2.3_94\netbeans\enterprise\docs\jersey-spring-1.8-javadoc.zip;D:\softwares\OpenESB2.3_94\netbeans\enterprise\docs\oauth-client-1.8-javadoc.zip;D:\softwares\OpenESB2.3_94\netbeans\enterprise\docs\oauth-server-1.8-javadoc.zip;D:\softwares\OpenESB2.3_94\netbeans\enterprise\docs\oauth-signature-1.8-javadoc.zip" />
    <property name="libs.JAXB-ENDORSED.classpath" value="D:\softwares\OpenESB2.3_94\netbeans\ide\modules\ext\jaxb\api\jaxb-api.jar" />
    <property name="libs.eclipselink.classpath" value="D:\softwares\OpenESB2.3_94\netbeans\java\modules\ext\eclipselink\eclipselink-2.3.2.jar;D:\softwares\OpenESB2.3_94\netbeans\java\modules\ext\eclipselink\javax.persistence-2.0.3.jar;D:\softwares\OpenESB2.3_94\netbeans\java\modules\ext\eclipselink\org.eclipse.persistence.jpa.jpql_1.0.1.jar" />
    <property name="java.awt.graphicsenv" value="sun.awt.Win32GraphicsEnvironment" />
    <property name="libs.beans-binding.javadoc" value="D:\softwares\OpenESB2.3_94\netbeans\java\docs\beansbinding-1.2.1-doc.zip" />
    <property name="java.vm.vendor" value="Sun Microsystems Inc." />
    <property name="libs.CopyLibs.classpath" value="D:\softwares\OpenESB2.3_94\netbeans\java\ant\extra\org-netbeans-modules-java-j2seproject-copylibstask.jar" />
    <property name="libs.spring-framework300.classpath" value="D:\softwares\OpenESB2.3_94\netbeans\ide\modules\org-apache-commons-logging.jar;D:\softwares\OpenESB2.3_94\netbeans\java\modules\ext\cglib-2.2.jar;D:\softwares\OpenESB2.3_94\netbeans\java\modules\ext\spring-3.0\spring-aop-3.1.1.RELEASE.jar;D:\softwares\OpenESB2.3_94\netbeans\java\modules\ext\spring-3.0\spring-asm-3.1.1.RELEASE.jar;D:\softwares\OpenESB2.3_94\netbeans\java\modules\ext\spring-3.0\spring-aspects-3.1.1.RELEASE.jar;D:\softwares\OpenESB2.3_94\netbeans\java\modules\ext\spring-3.0\spring-beans-3.1.1.RELEASE.jar;D:\softwares\OpenESB2.3_94\netbeans\java\modules\ext\spring-3.0\spring-context-3.1.1.RELEASE.jar;D:\softwares\OpenESB2.3_94\netbeans\java\modules\ext\spring-3.0\spring-context-support-3.1.1.RELEASE.jar;D:\softwares\OpenESB2.3_94\netbeans\java\modules\ext\spring-3.0\spring-core-3.1.1.RELEASE.jar;D:\softwares\OpenESB2.3_94\netbeans\java\modules\ext\spring-3.0\spring-expression-3.1.1.RELEASE.jar;D:\softwares\OpenESB2.3_94\netbeans\java\modules\ext\spring-3.0\spring-instrument-3.1.1.RELEASE.jar;D:\softwares\OpenESB2.3_94\netbeans\java\modules\ext\spring-3.0\spring-instrument-tomcat-3.1.1.RELEASE.jar;D:\softwares\OpenESB2.3_94\netbeans\java\modules\ext\spring-3.0\spring-jdbc-3.1.1.RELEASE.jar;D:\softwares\OpenESB2.3_94\netbeans\java\modules\ext\spring-3.0\spring-jms-3.1.1.RELEASE.jar;D:\softwares\OpenESB2.3_94\netbeans\java\modules\ext\spring-3.0\spring-orm-3.1.1.RELEASE.jar;D:\softwares\OpenESB2.3_94\netbeans\java\modules\ext\spring-3.0\spring-oxm-3.1.1.RELEASE.jar;D:\softwares\OpenESB2.3_94\netbeans\java\modules\ext\spring-3.0\spring-test-3.1.1.RELEASE.jar;D:\softwares\OpenESB2.3_94\netbeans\java\modules\ext\spring-3.0\spring-tx-3.1.1.RELEASE.jar;D:\softwares\OpenESB2.3_94\netbeans\java\modules\ext\spring-3.0\spring-web-3.1.1.RELEASE.jar;D:\softwares\OpenESB2.3_94\netbeans\java\modules\ext\spring-3.0\spring-webmvc-portlet-3.1.1.RELEASE.jar;D:\softwares\OpenESB2.3_94\netbeans\java\modules\ext\spring-3.0\spring-webmvc-3.1.1.RELEASE.jar;D:\softwares\OpenESB2.3_94\netbeans\java\modules\ext\spring-3.0\spring-struts-3.1.1.RELEASE.jar" />
    <property name="libs.jsp-compiler.maven-pom" value="" />
    <property name="libs.Encoder-COCO.classpath" value="D:\softwares\OpenESB2.3_94\netbeans\soa\modules\ext\coco.jar;D:\softwares\OpenESB2.3_94\netbeans\soa\modules\ext\cocoencoder-xsdextension.jar" />
    <property name="libs.spring-webmvc.maven-pom" value="" />
    <property name="libs.ejb3-persistence.classpath" value="D:\softwares\OpenESB2.3_94\netbeans\java\modules\ext\hibernate\ejb3-persistence.jar" />
    <property name="libs.spring-framework.javadoc" value="" />
    <property name="libs.JAXB-ENDORSED.src" value="" />
    <property name="libs.testng.javadoc" value="D:\softwares\OpenESB2.3_94\netbeans\platform\docs\testng-6.5.1-javadoc.zip" />
    <property name="ant.file.type" value="file" />
    <property name="libs.PostgreSQLDriver.classpath" value="D:\softwares\OpenESB2.3_94\netbeans\ide\modules\ext\postgresql-9.1-901.jdbc4.jar" />
    <property name="libs.jsf12.maven-pom" value="" />
    <property name="soa.module.install.dir" value="D:\softwares\OpenESB2.3_94\netbeans\soa\modules" />
    <property name="libs.junit.src" value="" />
    <property name="libs.Encoder-Custom.src" value="" />
    <property name="build.dir" value="build" />
    <property name="libs.CopyLibs.src" value="" />
    <property name="libs.jsp-compilation.classpath" value="D:\softwares\OpenESB2.3_94\netbeans\java\ant\lib\ant.jar;D:\softwares\OpenESB2.3_94\netbeans\enterprise\modules\ext\servlet3.0-jsp2.2-api.jar;D:\softwares\OpenESB2.3_94\netbeans\enterprise\modules\ext\glassfish-jspparser-3.0.jar;D:\softwares\OpenESB2.3_94\netbeans\enterprise\modules\ext\jsf-2_1\jsf-api.jar;D:\softwares\OpenESB2.3_94\netbeans\enterprise\modules\ext\jstl.jar;D:\softwares\OpenESB2.3_94\netbeans\java\ant\lib\ant-launcher.jar" />
    <property name="ant.version" value="Apache Ant(TM) version 1.8.4 compiled on May 22 2012" />
    <property name="file.encoding" value="Cp1252" />
    <property name="awt.toolkit" value="sun.awt.windows.WToolkit" />
  </properties>
  <testcase classname="org.netbeans.modules.compapp.catd.ConfiguredTest" name="FileBCOutbound_Invoke" time="0.806" />
  <system-out><![CDATA[GenerateATSOutput=${generate.ats.output}
NetBeansUserDir=D:\\softwares\\OpenESB2.3_94\.netbeans\openesb
ServerPassword=adminadmin
awt.toolkit=sun.awt.windows.WToolkit
file.encoding=Cp1252
file.encoding.pkg=sun.io
file.separator=\
java.awt.graphicsenv=sun.awt.Win32GraphicsEnvironment
java.awt.headless=${java.awt.headless}
java.awt.printerjob=sun.awt.windows.WPrinterJob
java.class.path=D:\softwares\OpenESB2.3_94\netbeans\soa\modules\org-netbeans-modules-compapp-manager-jbi.jar;D:\softwares\OpenESB2.3_94\netbeans\soa\modules\org-netbeans-modules-compapp-projects-jbi.jar;D:\softwares\OpenESB2.3_94\netbeans\soa\modules\ext\jbi-admin-common.jar;D:\softwares\OpenESB2.3_94\netbeans\soa\modules\ext\catd.jar;D:\softwares\OpenESB2.3_94\netbeans\java\modules\ext\junit-3.8.2.jar;D:\softwares\OpenESB2.3_94\netbeans\ide\modules\org-netbeans-modules-editor-lib.jar;D:\softwares\OpenESB2.3_94\netbeans\ide\modules\org-netbeans-modules-editor.jar;D:\softwares\OpenESB2.3_94\netbeans\ide\modules\org-netbeans-modules-editor-deprecated-pre65formatting.jar;D:\softwares\OpenESB2.3_94\netbeans\ide\modules\org-netbeans-modules-editor-util.jar;D:\softwares\OpenESB2.3_94\netbeans\ide\modules\org-netbeans-modules-editor-lib2.jar;D:\softwares\OpenESB2.3_94\netbeans\ide\modules\org-netbeans-modules-editor-indent.jar;D:\softwares\OpenESB2.3_94\netbeans\ide\modules\org-netbeans-modules-editor-plain.jar;D:\softwares\OpenESB2.3_94\netbeans\ide\modules\org-netbeans-modules-editor-plain-lib.jar;D:\softwares\OpenESB2.3_94\netbeans\ide\modules\org-netbeans-modules-editor-settings.jar;D:\softwares\OpenESB2.3_94\netbeans\ide\modules\org-netbeans-modules-editor-settings-storage.jar;D:\softwares\OpenESB2.3_94\netbeans\ide\modules\org-netbeans-modules-lexer.jar;D:\softwares\OpenESB2.3_94\netbeans\ide\modules\org-netbeans-modules-xml-core.jar;D:\softwares\OpenESB2.3_94\netbeans\ide\modules\org-netbeans-modules-xml-lexer.jar;D:\softwares\OpenESB2.3_94\netbeans\ide\modules\org-netbeans-modules-xml-text.jar;D:\softwares\OpenESB2.3_94\netbeans\ide\modules\org-netbeans-modules-xml-xdm.jar;D:\softwares\OpenESB2.3_94\netbeans\ide\modules\org-netbeans-modules-xml-xam.jar;D:\softwares\OpenESB2.3_94\netbeans\ide\modules\org-netbeans-modules-csl-api.jar;D:\softwares\OpenESB2.3_94\netbeans\ide\modules\ext\jaxb\activation.jar;D:\softwares\OpenESB2.3_94\netbeans\platform\lib\org-openide-modules.jar;D:\softwares\OpenESB2.3_94\netbeans\platform\lib\org-openide-util.jar;D:\softwares\OpenESB2.3_94\netbeans\platform\lib\org-openide-util-lookup.jar;D:\softwares\OpenESB2.3_94\netbeans\platform\modules\org-openide-awt.jar;D:\softwares\OpenESB2.3_94\netbeans\platform\modules\org-openide-options.jar;D:\softwares\OpenESB2.3_94\netbeans\platform\modules\org-openide-text.jar;D:\softwares\OpenESB2.3_94\netbeans\platform\modules\org-openide-loaders.jar;D:\softwares\OpenESB2.3_94\netbeans\platform\modules\org-openide-nodes.jar;D:\softwares\OpenESB2.3_94\netbeans\platform\modules\org-netbeans-modules-editor-mimelookup.jar;D:\softwares\OpenESB2.3_94\netbeans\platform\modules\org-netbeans-modules-editor-mimelookup-impl.jar;D:\softwares\OpenESB2.3_94\netbeans\platform\core\org-openide-filesystems.jar;D:\softwares\OpenESB2.3_94\netbeans\platform\modules\org-netbeans-modules-keyring.jar;D:\softwares\OpenESB2.3_94\netbeans\platform\modules\org-openide-dialogs.jar;D:\softwares\apache-ant-1.8.4-bin\apache-ant-1.8.4\lib\ant-launcher.jar;D:\softwares\apache-ant-1.8.4-bin\apache-ant-1.8.4\lib\ant.jar;D:\softwares\apache-ant-1.8.4-bin\apache-ant-1.8.4\lib\ant-junit.jar;D:\softwares\apache-ant-1.8.4-bin\apache-ant-1.8.4\lib\ant-junit4.jar
java.class.version=50.0
java.endorsed.dirs=C:\Program Files\Java\jdk1.6.0_35\jre\lib\endorsed
java.ext.dirs=C:\Program Files\Java\jdk1.6.0_35\jre\lib\ext;C:\Windows\Sun\Java\lib\ext
java.home=C:\Program Files\Java\jdk1.6.0_35\jre
java.io.tmpdir=C:\Users\LOGICO~1\AppData\Local\Temp\
java.library.path=C:\Program Files\Java\jdk1.6.0_35\jre\bin;C:\Windows\Sun\Java\bin;C:\Windows\system32;C:\Windows;C:\oraclexe\app\oracle\product\11.2.0\server\bin;;C:\Program Files (x86)\Java\jdk1.6.0_38\bin;C:\Program Files\Common Files\Microsoft Shared\Windows Live;C:\Program Files (x86)\Common Files\Microsoft Shared\Windows Live;c:\Program Files (x86)\Intel\iCLS Client\;c:\Program Files\Intel\iCLS Client\;C:\Windows\system32;C:\Windows;C:\Windows\System32\Wbem;C:\Windows\System32\WindowsPowerShell\v1.0\;C:\Program Files\Intel\WiFi\bin\;C:\Program Files\Common Files\Intel\WirelessCommon\;C:\Program Files (x86)\Windows Live\Shared;C:\Program Files\TortoiseSVN\bin;D:\softwares\apache-maven-3.0.4\bin;C:\Program Files (x86)\Bitvise SSH Client;C:\Program Files (x86)\SSH Communications Security\SSH Secure Shell;.
java.runtime.name=Java(TM) SE Runtime Environment
java.runtime.version=1.6.0_35-b10
java.specification.name=Java Platform API Specification
java.specification.vendor=Sun Microsystems Inc.
java.specification.version=1.6
java.vendor=Sun Microsystems Inc.
java.vendor.url=http://java.sun.com/
java.vendor.url.bug=http://java.sun.com/cgi-bin/bugreport.cgi
java.version=1.6.0_35
java.vm.info=mixed mode
java.vm.name=Java HotSpot(TM) 64-Bit Server VM
java.vm.specification.name=Java Virtual Machine Specification
java.vm.specification.vendor=Sun Microsystems Inc.
java.vm.specification.version=1.0
java.vm.vendor=Sun Microsystems Inc.
java.vm.version=20.10-b01
line.separator=

org.netbeans.modules.compapp.catd.context=
os.arch=amd64
os.name=Windows 7
os.version=6.1
path.separator=;
sun.arch.data.model=64
sun.boot.class.path=C:\Program Files\Java\jdk1.6.0_35\jre\lib\resources.jar;C:\Program Files\Java\jdk1.6.0_35\jre\lib\rt.jar;C:\Program Files\Java\jdk1.6.0_35\jre\lib\sunrsasign.jar;C:\Program Files\Java\jdk1.6.0_35\jre\lib\jsse.jar;C:\Program Files\Java\jdk1.6.0_35\jre\lib\jce.jar;C:\Program Files\Java\jdk1.6.0_35\jre\lib\charsets.jar;C:\Program Files\Java\jdk1.6.0_35\jre\lib\modules\jdk.boot.jar;C:\Program Files\Java\jdk1.6.0_35\jre\classes
sun.boot.library.path=C:\Program Files\Java\jdk1.6.0_35\jre\bin
sun.cpu.endian=little
sun.cpu.isalist=amd64
sun.desktop=windows
sun.io.unicode.encoding=UnicodeLittle
sun.java.command=org.apache.tools.ant.taskdefs.optional.junit.JUnitTestRunner org.netbeans.modules.compapp.catd.ConfiguredTest filtertrace=true haltOnError=false haltOnFailure=false showoutput=true outputtoformatters=true logfailedtests=true logtestlistenerevents=false formatter=org.apache.tools.ant.taskdefs.optional.junit.BriefJUnitResultFormatter formatter=org.apache.tools.ant.taskdefs.optional.junit.XMLJUnitResultFormatter,D:\Projects\driver tests\filebc\FileBCJbi\test\results\TEST-org.netbeans.modules.compapp.catd.ConfiguredTest.xml crashfile=C:\Users\LOGICO~1\AppData\Local\Temp\junitvmwatcher6026434757602512719.properties propsfile=C:\Users\LOGICO~1\AppData\Local\Temp\junit564014574658561236.properties
sun.java.launcher=SUN_STANDARD
sun.jnu.encoding=Cp1252
sun.management.compiler=HotSpot 64-Bit Tiered Compilers
sun.os.patch.level=Service Pack 1
user.country=IN
user.dir=D:\Projects\driver tests\filebc\FileBCJbi
user.home=C:\Users\logicoyparam
user.language=en
user.name=logicoyparam
user.timezone=Asia/Calcutta
user.variant=
Test FileBCOutbound_Invoke\Invoke.properties Passed.
]]></system-out>
  <system-err><![CDATA[14 Mar, 2013 1:47:50 PM org.netbeans.modules.editor.settings.storage.keybindings.KeyMapsStorage$KeyMapsReader startElement
WARNING: The keybinding 'A-MOUSE_WHEEL_UP' in Editors/Keybindings/NetBeans/Defaults/org-netbeans-modules-editor-keybindings.xml may not work correctly on Mac. Keybindings starting with Alt or Ctrl should be coded with latin capital letters 'O' or 'D' respectively. For details see org.openide.util.Utilities.stringToKey().
14 Mar, 2013 1:47:50 PM org.netbeans.modules.editor.settings.storage.keybindings.KeyMapsStorage$KeyMapsReader startElement
WARNING: The keybinding 'A-MOUSE_WHEEL_DOWN' in Editors/Keybindings/NetBeans/Defaults/org-netbeans-modules-editor-keybindings.xml may not work correctly on Mac. Keybindings starting with Alt or Ctrl should be coded with latin capital letters 'O' or 'D' respectively. For details see org.openide.util.Utilities.stringToKey().
]]></system-err>
</testsuite>
