<?xml version="1.0" encoding="UTF-8"?>
<con:soapui-project name="test-consumer-fromidl-complex-oneway" resourceRoot="" soapui-version="2.5" xmlns:con="http://eviware.com/soapui/config"><con:settings><con:setting id="ProjectSettings@projectRoot">/home/raffaele/lavoro/Progetti/nokia/progetto/pragma_prefix/open-jbi-components/contrib-imola/corba-bc/integration-test/test-consumer-fromidl-complex-oneway/consumer-fromidl-complex-oneway-integration-test/src/test/etc/soapui</con:setting></con:settings><con:interface xsi:type="con:WsdlInterface" wsaVersion="NONE" name="EchoOnewayCorbaBinding" type="wsdl" bindingName="{urn:jbi4corba/test-consumer-fromidl-complex-oneway}EchoOnewayCorbaBinding" soapVersion="1_1" anonymous="optional" definition="http://localhost:8192/Service/test-consumer-fromidl-complex-oneway/?wsdl" xmlns:xsi="http://www.w3.org/2001/XMLSchema-instance"><con:settings/><con:definitionCache type="TEXT" rootPart="http://localhost:8192/Service/test-consumer-fromidl-complex-oneway/?wsdl"><con:part><con:url>http://localhost:8192/Service/test-consumer-fromidl-complex-oneway/?wsdl</con:url><con:content><![CDATA[<wsdl:definitions name="EchoOneway" targetNamespace="urn:jbi4corba/test-consumer-fromidl-complex-oneway" xmlns:plnk="http://docs.oasis-open.org/wsbpel/2.0/plnktype" xmlns:imolacorba="uri://schemas.imola.it/jbi/wsdl-extensions/corba/" xmlns:wsdl="http://schemas.xmlsoap.org/wsdl/" xmlns:tns="urn:jbi4corba/test-consumer-fromidl-complex-oneway" xmlns:xsd="http://www.w3.org/2001/XMLSchema" xmlns:soap="http://schemas.xmlsoap.org/wsdl/soap/" xmlns:soap12="http://schemas.xmlsoap.org/wsdl/soap12/">
  <wsdl:types>
    <xs:schema attributeFormDefault="unqualified" elementFormDefault="qualified" targetNamespace="urn:jbi4corba/test-consumer-fromidl-complex-oneway" xmlns="urn:jbi4corba/test-consumer-fromidl-complex-oneway" xmlns:ns1="http://testconsumerfromidloneway.test.jbi4corba.imolinfo.it/" xmlns:xs="http://www.w3.org/2001/XMLSchema">
      <xs:import namespace="http://testconsumerfromidloneway.test.jbi4corba.imolinfo.it/"/>
      <xs:element name="echoOneway">
        <xs:complexType>
          <xs:sequence>
            <xs:element minOccurs="0" name="message" type="xs:string"/>
          </xs:sequence>
        </xs:complexType>
      </xs:element>
      <xs:element name="echoOnewayStruct">
        <xs:complexType>
          <xs:sequence>
            <xs:element minOccurs="0" name="message" type="ns1:echoStruct"/>
          </xs:sequence>
        </xs:complexType>
      </xs:element>
    </xs:schema>
    <xs:schema attributeFormDefault="qualified" elementFormDefault="qualified" targetNamespace="http://testconsumerfromidloneway.test.jbi4corba.imolinfo.it/" xmlns="http://testconsumerfromidloneway.test.jbi4corba.imolinfo.it/" xmlns:xs="http://www.w3.org/2001/XMLSchema">
      <xs:complexType name="echoStruct">
        <xs:sequence>
          <xs:element name="fieldBoolean" type="xs:boolean"/>
          <xs:element name="fieldChar" type="xs:unsignedShort"/>
          <xs:element name="fieldWChar" type="xs:unsignedShort"/>
          <xs:element name="fieldOctet" type="xs:byte"/>
          <xs:element minOccurs="0" name="fieldString" type="xs:string"/>
          <xs:element minOccurs="0" name="fieldWString" type="xs:string"/>
          <xs:element name="fieldShort" type="xs:short"/>
          <xs:element name="fieldUnsignedShort" type="xs:short"/>
          <xs:element name="fieldLong" type="xs:int"/>
          <xs:element name="fieldUnsignedLong" type="xs:int"/>
          <xs:element name="fieldLongLong" type="xs:long"/>
          <xs:element name="fieldUnsignedLongLong" type="xs:long"/>
          <xs:element name="fieldFloat" type="xs:float"/>
          <xs:element name="fieldDouble" type="xs:double"/>
        </xs:sequence>
      </xs:complexType>
    </xs:schema>
  </wsdl:types>
  <wsdl:message name="echoOnewayStruct">
    <wsdl:part name="parameters" element="tns:echoOnewayStruct"></wsdl:part>
  </wsdl:message>
  <wsdl:message name="echoOneway">
    <wsdl:part name="parameters" element="tns:echoOneway"></wsdl:part>
  </wsdl:message>
  <wsdl:portType name="EchoOnewayPortType">
    <wsdl:operation name="echoOneway">
      <wsdl:input name="echoOneway" message="tns:echoOneway"></wsdl:input>
    </wsdl:operation>
    <wsdl:operation name="echoOnewayStruct">
      <wsdl:input name="echoOnewayStruct" message="tns:echoOnewayStruct"></wsdl:input>
    </wsdl:operation>
  </wsdl:portType>
  <wsdl:binding name="EchoOnewayCorbaBinding" type="tns:EchoOnewayPortType">
    <soap:binding transport="http://schemas.xmlsoap.org/soap/http"/>
    <wsdl:operation name="echoOneway">
      <soap:operation/>
      <wsdl:input name="echoOneway">
        <soap:body use="literal"/>
      </wsdl:input>
    </wsdl:operation>
    <wsdl:operation name="echoOnewayStruct">
      <soap:operation/>
      <wsdl:input name="echoOnewayStruct">
        <soap:body use="literal"/>
      </wsdl:input>
    </wsdl:operation>
  </wsdl:binding>
  <wsdl:service name="EchoOneway">
    <wsdl:port name="EchoOnewayCorbaPort" binding="tns:EchoOnewayCorbaBinding">
      <soap:address location="http://AGUGULICA.ditech.ro:8192/Service/test-consumer-fromidl-complex-oneway/"/>
    </wsdl:port>
  </wsdl:service>
  <plnk:partnerLinkType name="echoComplexOneWayProcess">
    <plnk:role name="echoComplexOneWayProcess" portType="tns:EchoOnewayPortType"/>
  </plnk:partnerLinkType>
</wsdl:definitions>]]></con:content><con:type>http://schemas.xmlsoap.org/wsdl/</con:type></con:part></con:definitionCache><con:endpoints><con:endpoint>http://localhost:8192/Service/test-consumer-fromidl-complex-oneway/</con:endpoint></con:endpoints><con:operation isOneWay="false" action="" name="echoOneway" bindingOperationName="echoOneway" type="One-Way" inputName="echoOneway" sendsAttachments="false" anonymous="optional"><con:settings/><con:call name="Request 1"><con:settings/><con:encoding>UTF-8</con:encoding><con:endpoint>http://localhost:8192/Service/test-consumer-fromidl-complex-oneway/</con:endpoint><con:request><![CDATA[<soapenv:Envelope xmlns:soapenv="http://schemas.xmlsoap.org/soap/envelope/" xmlns:test="urn:jbi4corba/test-consumer-fromidl-complex-oneway">
   <soapenv:Header/>
   <soapenv:Body>
      <test:echoOneway>
         <!--Optional:-->
         <test:message>gero et</test:message>
      </test:echoOneway>
   </soapenv:Body>
</soapenv:Envelope>]]></con:request><con:wsaConfig mustUnderstand="NONE" version="200508" action="urn:jbi4corba/test-consumer-fromidl-complex-oneway/EchoOnewayPortType/echoOneway"/></con:call></con:operation><con:operation isOneWay="false" action="" name="echoOnewayStruct" bindingOperationName="echoOnewayStruct" type="One-Way" inputName="echoOnewayStruct" sendsAttachments="false" anonymous="optional"><con:settings/><con:call name="Request 1"><con:settings/><con:encoding>UTF-8</con:encoding><con:endpoint>http://localhost:8192/Service/test-consumer-fromidl-complex-oneway/</con:endpoint><con:request><![CDATA[<soapenv:Envelope xmlns:soapenv="http://schemas.xmlsoap.org/soap/envelope/" xmlns:test="urn:jbi4corba/test-consumer-fromidl-complex-oneway" xmlns:tes="http://testconsumerfromidloneway.test.jbi4corba.imolinfo.it/">
   <soapenv:Header/>
   <soapenv:Body>
      <test:echoOnewayStruct>
         <!--Optional:-->
         <test:message>
            <tes:fieldBoolean>false</tes:fieldBoolean>
            <tes:fieldChar>5</tes:fieldChar>
            <tes:fieldWChar>5</tes:fieldWChar>
            <tes:fieldOctet>2</tes:fieldOctet>
            <!--Optional:-->
            <tes:fieldString>cum murmure</tes:fieldString>
            <!--Optional:-->
            <tes:fieldWString>aeoliam venit</tes:fieldWString>
            <tes:fieldShort>1</tes:fieldShort>
            <tes:fieldUnsignedShort>1</tes:fieldUnsignedShort>
            <tes:fieldLong>3</tes:fieldLong>
            <tes:fieldUnsignedLong>3</tes:fieldUnsignedLong>
            <tes:fieldLongLong>10</tes:fieldLongLong>
            <tes:fieldUnsignedLongLong>10</tes:fieldUnsignedLongLong>
            <tes:fieldFloat>1.5E2</tes:fieldFloat>
            <tes:fieldDouble>1.051732E7</tes:fieldDouble>
         </test:message>
      </test:echoOnewayStruct>
   </soapenv:Body>
</soapenv:Envelope>]]></con:request><con:wsaConfig mustUnderstand="NONE" version="200508" action="urn:jbi4corba/test-consumer-fromidl-complex-oneway/EchoOnewayPortType/echoOnewayStruct"/></con:call></con:operation></con:interface><con:testSuite name="EchoOnewayCorbaBinding TestSuite"><con:settings/><con:runType>SEQUENTIAL</con:runType><con:testCase failOnError="true" failTestCaseOnErrors="true" keepSession="false" maxResults="0" name="EchoOnewayCorbaBinding TestSuite" searchProperties="true" id="a5f76499-5f47-467b-8f15-859d94c2af60"><con:settings/><con:testStep type="request" name="echoOneway"><con:settings/><con:config xsi:type="con:RequestStep" xmlns:xsi="http://www.w3.org/2001/XMLSchema-instance"><con:interface>EchoOnewayCorbaBinding</con:interface><con:operation>echoOneway</con:operation><con:request name="echoOneway"><con:settings/><con:encoding>UTF-8</con:encoding><con:endpoint>http://localhost:8192/Service/test-consumer-fromidl-complex-oneway/</con:endpoint><con:request><![CDATA[<soapenv:Envelope xmlns:soapenv="http://schemas.xmlsoap.org/soap/envelope/" xmlns:test="urn:jbi4corba/test-consumer-fromidl-complex-oneway">
   <soapenv:Header/>
   <soapenv:Body>
      <test:echoOneway>
         <!--Optional:-->
         <test:message>gero et</test:message>
      </test:echoOneway>
   </soapenv:Body>
</soapenv:Envelope>]]></con:request><con:wsaConfig action="urn:jbi4corba/test-consumer-fromidl-complex-oneway/EchoOnewayPortType/echoOneway" mustUnderstand="NONE" version="200508"/></con:request></con:config></con:testStep><con:testStep type="request" name="echoOnewayStruct"><con:settings/><con:config xsi:type="con:RequestStep" xmlns:xsi="http://www.w3.org/2001/XMLSchema-instance"><con:interface>EchoOnewayCorbaBinding</con:interface><con:operation>echoOnewayStruct</con:operation><con:request name="echoOnewayStruct"><con:settings/><con:encoding>UTF-8</con:encoding><con:endpoint>http://localhost:8192/Service/test-consumer-fromidl-complex-oneway/</con:endpoint><con:request><![CDATA[<soapenv:Envelope xmlns:soapenv="http://schemas.xmlsoap.org/soap/envelope/" xmlns:test="urn:jbi4corba/test-consumer-fromidl-complex-oneway" xmlns:tes="http://testconsumerfromidloneway.test.jbi4corba.imolinfo.it/">
   <soapenv:Header/>
   <soapenv:Body>
      <test:echoOnewayStruct>
         <!--Optional:-->
         <test:message>
            <tes:fieldBoolean>false</tes:fieldBoolean>
            <tes:fieldChar>5</tes:fieldChar>
            <tes:fieldWChar>5</tes:fieldWChar>
            <tes:fieldOctet>2</tes:fieldOctet>
            <!--Optional:-->
            <tes:fieldString>cum murmure</tes:fieldString>
            <!--Optional:-->
            <tes:fieldWString>aeoliam venit</tes:fieldWString>
            <tes:fieldShort>1</tes:fieldShort>
            <tes:fieldUnsignedShort>1</tes:fieldUnsignedShort>
            <tes:fieldLong>3</tes:fieldLong>
            <tes:fieldUnsignedLong>3</tes:fieldUnsignedLong>
            <tes:fieldLongLong>10</tes:fieldLongLong>
            <tes:fieldUnsignedLongLong>10</tes:fieldUnsignedLongLong>
            <tes:fieldFloat>1.5E2</tes:fieldFloat>
            <tes:fieldDouble>1.051732E7</tes:fieldDouble>
         </test:message>
      </test:echoOnewayStruct>
   </soapenv:Body>
</soapenv:Envelope>]]></con:request><con:wsaConfig action="urn:jbi4corba/test-consumer-fromidl-complex-oneway/EchoOnewayPortType/echoOnewayStruct" mustUnderstand="NONE" version="200508"/></con:request></con:config></con:testStep><con:properties/></con:testCase><con:properties/></con:testSuite><con:properties/><con:wssContainer/></con:soapui-project>