<?xml version="1.0" encoding="UTF-8"?>
<con:soapui-project name="test-provider-ior" soapui-version="1.7.6" xmlns:con="http://eviware.com/soapui/config"><con:settings/><con:interface name="EchoIorCorbaBinding" bindingName="{urn:jbi4corba/test-provider-ior}EchoIorCorbaBinding" soapVersion="1_1" definition="http://localhost:8192/Service/test-provider-ior/?wsdl"><con:settings/><con:endpoints><con:endpoint>http://192.168.1.230:8192/Service/test-provider-ior/</con:endpoint></con:endpoints><con:operation isOneWay="false" action="" name="echo" bindingOperationName="echo" inputName="echo" outputName="echoResponse" receivesAttachments="false" sendsAttachments="false"><con:settings/><con:call name="Request 1"><con:settings/><con:encoding>UTF-8</con:encoding><con:endpoint>http://192.168.1.230:8192/Service/test-provider-ior/</con:endpoint><con:request><![CDATA[<soapenv:Envelope xmlns:soapenv="http://schemas.xmlsoap.org/soap/envelope/" xmlns:test="urn:jbi4corba/test-provider-ior">
   <soapenv:Header/>
   <soapenv:Body>
      <test:echo>
         <!--Optional:-->
         <test:msg>IOR</test:msg>
      </test:echo>
   </soapenv:Body>
</soapenv:Envelope>]]></con:request></con:call></con:operation><con:definitionCache rootPart="http://localhost:8192/Service/test-provider-ior/?wsdl"><con:part><con:url>http://localhost:8192/Service/test-provider-ior/?wsdl</con:url><con:content><wsdl:definitions name="EchoIor" targetNamespace="urn:jbi4corba/test-provider-ior" xmlns:plnk="http://docs.oasis-open.org/wsbpel/2.0/plnktype" xmlns:wsdl="http://schemas.xmlsoap.org/wsdl/" xmlns:tns="urn:jbi4corba/test-provider-ior" xmlns:xsd="http://www.w3.org/2001/XMLSchema" xmlns:soap="http://schemas.xmlsoap.org/wsdl/soap/">
  <wsdl:types>
    <xsd:schema attributeFormDefault="unqualified" elementFormDefault="qualified" targetNamespace="urn:jbi4corba/test-provider-ior">
    <xsd:element name="echo">
        <xsd:complexType>
            <xsd:sequence>
                <xsd:element minOccurs="0" name="msg" type="xsd:string"/>
            </xsd:sequence>
        </xsd:complexType>
    </xsd:element>
    <xsd:element name="echoResponse">
        <xsd:complexType>
            <xsd:sequence>
                <xsd:element minOccurs="0" name="return" type="xsd:string"/>
            </xsd:sequence>
        </xsd:complexType>
    </xsd:element>
</xsd:schema>
  </wsdl:types>
  <wsdl:message name="echoResponse">
    <wsdl:part name="parameters" element="tns:echoResponse">
    </wsdl:part>
  </wsdl:message>
  <wsdl:message name="echo">
    <wsdl:part name="parameters" element="tns:echo">
    </wsdl:part>
  </wsdl:message>
  <wsdl:portType name="EchoIor">
    <wsdl:operation name="echo">
      <wsdl:input name="echo" message="tns:echo">
    </wsdl:input>
      <wsdl:output name="echoResponse" message="tns:echoResponse">
    </wsdl:output>
    </wsdl:operation>
  </wsdl:portType>
  <wsdl:binding name="EchoIorCorbaBinding" type="tns:EchoIor">
    <soap:binding style="document" transport="http://schemas.xmlsoap.org/soap/http"/>
    <wsdl:operation name="echo">
      <soap:operation/>
      <wsdl:input name="echo">
        <soap:body use="literal"/>
      </wsdl:input>
      <wsdl:output name="echoResponse">
        <soap:body use="literal"/>
      </wsdl:output>
    </wsdl:operation>
  </wsdl:binding>
  <wsdl:service name="EchoIor">
    <wsdl:port name="EchoIorCorbaPort" binding="tns:EchoIorCorbaBinding">
      <soap:address location="http://192.168.1.230:8192/Service/test-provider-ior/"/>
    </wsdl:port>
  </wsdl:service>
    <plnk:partnerLinkType name="EchoIor">
<plnk:role name="EchoIorPortTypeRole" portType="tns:EchoIor"/>
</plnk:partnerLinkType>
</wsdl:definitions></con:content><con:type>http://schemas.xmlsoap.org/wsdl/</con:type></con:part></con:definitionCache></con:interface><con:testSuite name="testsuite-provider-ior"><con:settings/><con:runType>SEQUENTIAL</con:runType><con:testCase failOnError="true" failTestCaseOnErrors="true" keepSession="false" name="EchoIorCorbaBinding TestSuite" searchProperties="true"><con:settings/><con:testStep type="request" name="echo"><con:settings/><con:config xsi:type="con:RequestStep" xmlns:xsi="http://www.w3.org/2001/XMLSchema-instance"><con:interface>EchoIorCorbaBinding</con:interface><con:operation>echo</con:operation><con:request name="echo" wssPasswordType=""><con:settings><con:setting id="com.eviware.soapui.impl.wsdl.WsdlRequest@request-headers">&lt;xml-fragment/></con:setting></con:settings><con:encoding>UTF-8</con:encoding><con:endpoint>http://192.168.1.230:8192/Service/test-provider-ior/</con:endpoint><con:request><![CDATA[<soapenv:Envelope xmlns:soapenv="http://schemas.xmlsoap.org/soap/envelope/" xmlns:test="urn:jbi4corba/test-provider-ior">
   <soapenv:Header/>
   <soapenv:Body>
      <test:echo>
         <!--Optional:-->
         <test:msg>IOR</test:msg>
      </test:echo>
   </soapenv:Body>
</soapenv:Envelope>]]></con:request><con:assertion type="SOAP Response"/><con:assertion type="Schema Compliance"><con:configuration/></con:assertion><con:assertion type="SOAP Fault Assertion"/></con:request></con:config></con:testStep></con:testCase></con:testSuite></con:soapui-project>