<?xml version="1.0" encoding="UTF-8"?>
<con:soapui-project name="test-provider-corbaname" soapui-version="2.5" resourceRoot="" xmlns:con="http://eviware.com/soapui/config"><con:settings><con:setting id="ProjectSettings@projectRoot">/home/raffaele/lavoro/Progetti/nokia/progetto/pragma_prefix/open-jbi-components/contrib-imola/corba-bc/integration-test/test-provider-corbaname/provider-corbaname-integration-test/src/test/etc/soapui</con:setting></con:settings><con:interface name="EchoCorbanameCorbaBinding" bindingName="{urn:jbi4corba/test-provider-corbaname}EchoCorbanameCorbaBinding" soapVersion="1_1" definition="http://localhost:8192/Service/test-provider-corbaname/?wsdl" xsi:type="con:WsdlInterface" wsaVersion="NONE" xmlns:xsi="http://www.w3.org/2001/XMLSchema-instance"><con:settings/><con:endpoints><con:endpoint>http://192.168.1.230:8192/Service/test-provider-corbaname/</con:endpoint></con:endpoints><con:operation isOneWay="false" action="" name="echo" bindingOperationName="echo" inputName="echo" outputName="echoResponse" receivesAttachments="false" sendsAttachments="false" type="Request-Response"><con:settings/><con:call name="Request 1"><con:settings/><con:encoding>UTF-8</con:encoding><con:endpoint>http://192.168.1.230:8192/Service/test-provider-corbaname/</con:endpoint><con:request><![CDATA[<soapenv:Envelope xmlns:soapenv="http://schemas.xmlsoap.org/soap/envelope/" xmlns:test="urn:jbi4corba/test-provider-corbaname">
   <soapenv:Header/>
   <soapenv:Body>
      <test:echo>
         <!--Optional:-->
         <test:msg>corbaname</test:msg>
      </test:echo>
   </soapenv:Body>
</soapenv:Envelope>]]></con:request></con:call></con:operation><con:definitionCache rootPart="http://localhost:8192/Service/test-provider-corbaname/?wsdl"><con:part><con:url>http://localhost:8192/Service/test-provider-corbaname/?wsdl</con:url><con:content><wsdl:definitions name="EchoCorbaname" targetNamespace="urn:jbi4corba/test-provider-corbaname" xmlns:plnk="http://docs.oasis-open.org/wsbpel/2.0/plnktype" xmlns:wsdl="http://schemas.xmlsoap.org/wsdl/" xmlns:tns="urn:jbi4corba/test-provider-corbaname" xmlns:xsd="http://www.w3.org/2001/XMLSchema" xmlns:soap="http://schemas.xmlsoap.org/wsdl/soap/">
  <wsdl:types>
    <xsd:schema attributeFormDefault="unqualified" elementFormDefault="qualified" targetNamespace="urn:jbi4corba/test-provider-corbaname">
    <xsd:element name="echo">
        <xsd:complexType>
            <xsd:sequence>
                <xsd:element minOccurs="0" name="msg" type="xsd:string"/>
            </xsd:sequence>
        </xsd:complexType>
    </xsd:element>
    <xsd:element name="echoResponse">
        <xsd:complexType>
            <xsd:sequence>
                <xsd:element minOccurs="0" name="return" type="xsd:string"/>
            </xsd:sequence>
        </xsd:complexType>
    </xsd:element>
</xsd:schema>
  </wsdl:types>
  <wsdl:message name="echoResponse">
    <wsdl:part name="parameters" element="tns:echoResponse">
    </wsdl:part>
  </wsdl:message>
  <wsdl:message name="echo">
    <wsdl:part name="parameters" element="tns:echo">
    </wsdl:part>
  </wsdl:message>
  <wsdl:portType name="EchoCorbaname">
    <wsdl:operation name="echo">
      <wsdl:input name="echo" message="tns:echo">
    </wsdl:input>
      <wsdl:output name="echoResponse" message="tns:echoResponse">
    </wsdl:output>
    </wsdl:operation>
  </wsdl:portType>
  <wsdl:binding name="EchoCorbanameCorbaBinding" type="tns:EchoCorbaname">
    <soap:binding style="document" transport="http://schemas.xmlsoap.org/soap/http"/>
    <wsdl:operation name="echo">
      <soap:operation/>
      <wsdl:input name="echo">
        <soap:body use="literal"/>
      </wsdl:input>
      <wsdl:output name="echoResponse">
        <soap:body use="literal"/>
      </wsdl:output>
    </wsdl:operation>
  </wsdl:binding>
  <wsdl:service name="EchoCorbaname">
    <wsdl:port name="EchoCorbanameCorbaPort" binding="tns:EchoCorbanameCorbaBinding">
      <soap:address location="http://192.168.1.230:8192/Service/test-provider-corbaname/"/>
    </wsdl:port>
  </wsdl:service>
    <plnk:partnerLinkType name="EchoCorbaname">
<plnk:role name="EchoCorbanamePortTypeRole" portType="tns:EchoCorbaname"/>
</plnk:partnerLinkType>
</wsdl:definitions></con:content><con:type>http://schemas.xmlsoap.org/wsdl/</con:type></con:part></con:definitionCache></con:interface><con:testSuite name="testsuite-provider-corbaname"><con:settings/><con:runType>SEQUENTIAL</con:runType><con:testCase failOnError="true" failTestCaseOnErrors="true" keepSession="false" name="EchoCorbanameCorbaBinding TestSuite" searchProperties="true" maxResults="0" id="745dfbe1-a977-4f6b-9bb6-353e1db364d2"><con:settings/><con:testStep type="request" name="echo"><con:settings/><con:config xsi:type="con:RequestStep" xmlns:xsi="http://www.w3.org/2001/XMLSchema-instance"><con:interface>EchoCorbanameCorbaBinding</con:interface><con:operation>echo</con:operation><con:request name="echo" wssPasswordType=""><con:settings><con:setting id="com.eviware.soapui.impl.wsdl.WsdlRequest@request-headers">&lt;xml-fragment/></con:setting></con:settings><con:encoding>UTF-8</con:encoding><con:endpoint>http://localhost:8192/Service/test-provider-corbaname/</con:endpoint><con:request><![CDATA[<soapenv:Envelope xmlns:soapenv="http://schemas.xmlsoap.org/soap/envelope/" xmlns:test="urn:jbi4corba/test-provider-corbaname">
   <soapenv:Header/>
   <soapenv:Body>
      <test:echo>
         <!--Optional:-->
         <test:msg>corbaname</test:msg>
      </test:echo>
   </soapenv:Body>
</soapenv:Envelope>]]></con:request><con:assertion type="SOAP Response"/><con:assertion type="Schema Compliance"><con:configuration/></con:assertion><con:assertion type="SOAP Fault Assertion"/><con:wsaConfig mustUnderstand="NONE" version="200508"/></con:request></con:config></con:testStep><con:properties/></con:testCase><con:properties/></con:testSuite><con:properties/><con:wssContainer/></con:soapui-project>