<?xml version="1.0" encoding="UTF-8"?>
<con:soapui-project name="test-consumer-fromidl-rtti-pragma-prefix" resourceRoot="${projectDir}" soapui-version="2.5" xmlns:con="http://eviware.com/soapui/config"><con:settings><con:setting id="ProjectSettings@projectRoot">/home/raffaele/lavoro/Progetti/nokia/progetto/pragma_prefix/open-jbi-components/contrib-imola/corba-bc/integration-test/test-consumer-fromidl-rtti-pragma-prefix/consumer-fromidl-rtti-pragma-prefix-integration-test/src/test/etc/soapui</con:setting></con:settings><con:interface xsi:type="con:WsdlInterface" wsaVersion="NONE" name="rtti_testCorbaBinding" type="wsdl" bindingName="{http://it.imolinfo.jbi4corba.test.rtti.rtti_test}rtti_testCorbaBinding" soapVersion="1_1" anonymous="optional" definition="http://localhost:8192/Service/test-consumer-fromidl-rtti-pragma-prefix/?wsdl" xmlns:xsi="http://www.w3.org/2001/XMLSchema-instance"><con:settings/><con:definitionCache type="TEXT" rootPart="http://localhost:8192/Service/test-consumer-fromidl-rtti-pragma-prefix/?wsdl"><con:part><con:url>http://raffaele:8192/consumer-fromidl-rtti-pragma-prefix-http-consumer/TypeDef_rttitypes.xsd</con:url><con:content><![CDATA[<xs:schema attributeFormDefault="qualified" elementFormDefault="qualified" targetNamespace="http://rttitypes/" xmlns:xs="http://www.w3.org/2001/XMLSchema" xmlns:tns="http://rttitypes/">
  <xs:complexType name="complexStruct1">
    <xs:sequence>
      <xs:element name="fieldBoolean" type="xs:boolean"/>
      <xs:element name="fieldChar" type="xs:unsignedShort"/>
      <xs:element name="fieldWChar" type="tns:SecondUnion"/>
    </xs:sequence>
  </xs:complexType>
  <xs:complexType name="SecondUnion">
    <xs:choice>
      <xs:element name="two_format" type="xs:anyType"/>
      <xs:element name="numeric" type="xs:int"/>
      <xs:element name="alfanumeric" type="xs:string"/>
    </xs:choice>
  </xs:complexType>
  <xs:complexType name="ThirdUnion">
    <xs:choice>
      <xs:element name="secondo" type="xs:short"/>
      <xs:element name="altro" type="xs:boolean"/>
      <xs:element name="primo" type="xs:int"/>
      <xs:element name="third" type="tns:FirstUnionArray"/>
    </xs:choice>
  </xs:complexType>
  <xs:complexType name="FirstUnion">
    <xs:choice>
      <xs:element name="two_format" type="xs:anyType"/>
      <xs:element name="numeric" type="xs:int"/>
      <xs:element name="uni1" type="tns:TempUnion"/>
      <xs:element name="uni2" type="tns:TempUnionArray"/>
      <xs:element name="alfanumeric" type="xs:string"/>
    </xs:choice>
  </xs:complexType>
  <xs:complexType name="TempUnion">
    <xs:choice>
      <xs:element name="two_format" type="xs:anyType"/>
      <xs:element name="numeric" type="xs:int"/>
      <xs:element name="alfanumeric" type="xs:string"/>
    </xs:choice>
  </xs:complexType>
  <xs:complexType name="complexStruct2">
    <xs:sequence>
      <xs:element name="fieldBoolean" type="xs:boolean"/>
      <xs:element name="fieldChar" type="xs:unsignedShort"/>
      <xs:element maxOccurs="unbounded" name="fieldAny" type="xs:anyType"/>
    </xs:sequence>
  </xs:complexType>
  <xs:complexType name="TempUnion1">
    <xs:choice>
      <xs:element name="two_format" type="xs:anyType"/>
      <xs:element name="numeric" type="xs:int"/>
      <xs:element name="alfanumeric" type="xs:string"/>
    </xs:choice>
  </xs:complexType>
  <xs:complexType name="ForthUnion">
    <xs:choice>
      <xs:element name="secondo" type="xs:short"/>
      <xs:element name="altro" type="xs:boolean"/>
      <xs:element name="primo" type="xs:int"/>
      <xs:element name="third" type="tns:FirstUnion"/>
    </xs:choice>
  </xs:complexType>
  <xs:simpleType name="echoComplexEnum">
    <xs:restriction base="xs:string">
      <xs:enumeration value="E1"/>
      <xs:enumeration value="E2"/>
      <xs:enumeration value="E3"/>
    </xs:restriction>
  </xs:simpleType>
  <xs:complexType final="#all" name="complexStruct1Array">
    <xs:sequence>
      <xs:element maxOccurs="unbounded" minOccurs="0" name="item" nillable="true" type="tns:complexStruct1"/>
    </xs:sequence>
  </xs:complexType>
  <xs:complexType final="#all" name="TempUnionArray">
    <xs:sequence>
      <xs:element maxOccurs="unbounded" minOccurs="0" name="item" nillable="true" type="tns:TempUnion"/>
    </xs:sequence>
  </xs:complexType>
  <xs:complexType final="#all" name="FirstUnionArray">
    <xs:sequence>
      <xs:element maxOccurs="unbounded" minOccurs="0" name="item" nillable="true" type="tns:FirstUnion"/>
    </xs:sequence>
  </xs:complexType>
</xs:schema>]]></con:content><con:type>http://www.w3.org/2001/XMLSchema</con:type></con:part><con:part><con:url>http://raffaele:8192/consumer-fromidl-rtti-pragma-prefix-http-consumer/TypeDef_array.xsd</con:url><con:content><![CDATA[<xs:schema attributeFormDefault="unqualified" elementFormDefault="unqualified" targetNamespace="http://jaxb.dev.java.net/array" xmlns:xs="http://www.w3.org/2001/XMLSchema" xmlns="http://jaxb.dev.java.net/array">
  <xs:complexType final="#all" name="anyTypeArray">
    <xs:sequence>
      <xs:element maxOccurs="unbounded" minOccurs="0" name="item" nillable="true" type="xs:anyType"/>
    </xs:sequence>
  </xs:complexType>
</xs:schema>]]></con:content><con:type>http://www.w3.org/2001/XMLSchema</con:type></con:part><con:part><con:url>http://localhost:8192/Service/test-consumer-fromidl-rtti-pragma-prefix/?wsdl</con:url><con:content><![CDATA[<wsdl:definitions name="rtti_test" targetNamespace="http://it.imolinfo.jbi4corba.test.rtti.rtti_test" xmlns:plnk="http://docs.oasis-open.org/wsbpel/2.0/plnktype" xmlns:wsdl="http://schemas.xmlsoap.org/wsdl/" xmlns:tns="http://it.imolinfo.jbi4corba.test.rtti.rtti_test" xmlns:xsd="http://www.w3.org/2001/XMLSchema" xmlns:soap="http://schemas.xmlsoap.org/wsdl/soap/">
  <wsdl:types>
    <xs:schema attributeFormDefault="unqualified" elementFormDefault="qualified" targetNamespace="http://it.imolinfo.jbi4corba.test.rtti.rtti_test" xmlns="http://it.imolinfo.jbi4corba.test.rtti.rtti_test" xmlns:ns1="http://rttitypes/" xmlns:ns2="http://jaxb.dev.java.net/array" xmlns:xs="http://www.w3.org/2001/XMLSchema">
      <xs:import namespace="http://rttitypes/" schemaLocation="http://raffaele:8192/consumer-fromidl-rtti-pragma-prefix-http-consumer/TypeDef_rttitypes.xsd"/>
      <xs:import namespace="http://jaxb.dev.java.net/array" schemaLocation="http://raffaele:8192/consumer-fromidl-rtti-pragma-prefix-http-consumer/TypeDef_array.xsd"/>
      <xs:element name="any_echo1">
        <xs:complexType>
          <xs:sequence>
            <xs:element name="msg" type="xs:anyType"/>
          </xs:sequence>
        </xs:complexType>
      </xs:element>
      <xs:element name="any_echo1Response">
        <xs:complexType>
          <xs:sequence>
            <xs:element name="return" type="xs:string"/>
            <xs:element name="msg" type="xs:anyType"/>
          </xs:sequence>
        </xs:complexType>
      </xs:element>
      <xs:element name="any_echo2">
        <xs:complexType>
          <xs:sequence>
            <xs:element name="msg" type="xs:anyType"/>
          </xs:sequence>
        </xs:complexType>
      </xs:element>
      <xs:element name="any_echo2Response">
        <xs:complexType>
          <xs:sequence>
            <xs:element name="return" type="xs:anyType"/>
          </xs:sequence>
        </xs:complexType>
      </xs:element>
      <xs:element name="any_echo3">
        <xs:complexType>
          <xs:sequence>
            <xs:element name="msg" type="ns1:TempUnion1"/>
          </xs:sequence>
        </xs:complexType>
      </xs:element>
      <xs:element name="any_echo3Response">
        <xs:complexType>
          <xs:sequence>
            <xs:element name="return" type="ns1:complexStruct2"/>
          </xs:sequence>
        </xs:complexType>
      </xs:element>
      <xs:element name="any_echo4">
        <xs:complexType>
          <xs:sequence>
            <xs:element name="msg" type="ns1:complexStruct2"/>
          </xs:sequence>
        </xs:complexType>
      </xs:element>
      <xs:element name="any_echo4Response">
        <xs:complexType>
          <xs:sequence>
            <xs:element maxOccurs="unbounded" name="return" type="ns2:anyTypeArray"/>
            <xs:element name="msg" type="ns1:complexStruct2"/>
          </xs:sequence>
        </xs:complexType>
      </xs:element>
      <xs:element name="echoEnum">
        <xs:complexType>
          <xs:sequence>
            <xs:element name="e" type="ns1:echoComplexEnum"/>
          </xs:sequence>
        </xs:complexType>
      </xs:element>
      <xs:element name="echoEnumResponse">
        <xs:complexType>
          <xs:sequence>
            <xs:element name="return" type="ns1:echoComplexEnum"/>
          </xs:sequence>
        </xs:complexType>
      </xs:element>
      <xs:element name="enum_echo1">
        <xs:complexType>
          <xs:sequence>
            <xs:element name="msg" type="ns1:ThirdUnion"/>
          </xs:sequence>
        </xs:complexType>
      </xs:element>
      <xs:element name="enum_echo1Response">
        <xs:complexType>
          <xs:sequence>
            <xs:element name="return" type="xs:string"/>
          </xs:sequence>
        </xs:complexType>
      </xs:element>
      <xs:element name="enum_echo2">
        <xs:complexType>
          <xs:sequence>
            <xs:element name="msg" type="ns1:SecondUnion"/>
          </xs:sequence>
        </xs:complexType>
      </xs:element>
      <xs:element name="enum_echo2Response">
        <xs:complexType>
          <xs:sequence>
            <xs:element name="return" type="ns1:ThirdUnion"/>
            <xs:element name="msg" type="ns1:SecondUnion"/>
          </xs:sequence>
        </xs:complexType>
      </xs:element>
      <xs:element name="enum_echo3">
        <xs:complexType>
          <xs:sequence>
            <xs:element name="msg" type="xs:string"/>
          </xs:sequence>
        </xs:complexType>
      </xs:element>
      <xs:element name="enum_echo3Response">
        <xs:complexType>
          <xs:sequence>
            <xs:element name="return" type="ns1:complexStruct1"/>
          </xs:sequence>
        </xs:complexType>
      </xs:element>
      <xs:element name="enum_echo4">
        <xs:complexType>
          <xs:sequence>
            <xs:element name="msg" type="ns1:complexStruct1"/>
          </xs:sequence>
        </xs:complexType>
      </xs:element>
      <xs:element name="enum_echo4Response">
        <xs:complexType>
          <xs:sequence>
            <xs:element name="return" type="xs:string"/>
          </xs:sequence>
        </xs:complexType>
      </xs:element>
      <xs:element name="enum_echo5">
        <xs:complexType>
          <xs:sequence>
            <xs:element name="msg" type="ns1:complexStruct1"/>
          </xs:sequence>
        </xs:complexType>
      </xs:element>
      <xs:element name="enum_echo5Response">
        <xs:complexType>
          <xs:sequence>
            <xs:element name="return" type="xs:string"/>
            <xs:element name="msg" type="ns1:complexStruct1"/>
          </xs:sequence>
        </xs:complexType>
      </xs:element>
      <xs:element name="enum_echo6">
        <xs:complexType>
          <xs:sequence>
            <xs:element name="msg" type="xs:string"/>
          </xs:sequence>
        </xs:complexType>
      </xs:element>
      <xs:element name="enum_echo6Response">
        <xs:complexType>
          <xs:sequence>
            <xs:element name="return" type="ns1:complexStruct1"/>
          </xs:sequence>
        </xs:complexType>
      </xs:element>
      <xs:element name="enum_echo7">
        <xs:complexType>
          <xs:sequence>
            <xs:element name="msg" type="xs:string"/>
          </xs:sequence>
        </xs:complexType>
      </xs:element>
      <xs:element name="enum_echo7Response">
        <xs:complexType>
          <xs:sequence>
            <xs:element maxOccurs="unbounded" name="return" type="ns1:complexStruct1Array"/>
          </xs:sequence>
        </xs:complexType>
      </xs:element>
      <xs:element name="enum_echo8">
        <xs:complexType>
          <xs:sequence>
            <xs:element name="msg" type="xs:string"/>
          </xs:sequence>
        </xs:complexType>
      </xs:element>
      <xs:element name="enum_echo8Response">
        <xs:complexType>
          <xs:sequence>
            <xs:element name="return" type="ns1:SecondUnion"/>
          </xs:sequence>
        </xs:complexType>
      </xs:element>
      <xs:element name="enum_echo9">
        <xs:complexType>
          <xs:sequence>
            <xs:element maxOccurs="unbounded" name="msg" type="ns1:complexStruct1Array"/>
          </xs:sequence>
        </xs:complexType>
      </xs:element>
      <xs:element name="enum_echo9Response">
        <xs:complexType>
          <xs:sequence>
            <xs:element name="return" type="xs:string"/>
          </xs:sequence>
        </xs:complexType>
      </xs:element>
      <xs:element name="EchoUnionException" type="EchoUnionException"/>
      <xs:complexType name="EchoUnionException">
        <xs:sequence>
          <xs:element name="reason" nillable="true" type="ns1:ThirdUnion"/>
        </xs:sequence>
      </xs:complexType>
      <xs:element name="EchoAnyException" type="EchoAnyException"/>
      <xs:complexType name="EchoAnyException">
        <xs:sequence>
          <xs:element name="reason" nillable="true" type="xs:anyType"/>
        </xs:sequence>
      </xs:complexType>
    </xs:schema>
  </wsdl:types>
  <wsdl:message name="enum_echo8Response">
    <wsdl:part name="parameters" element="tns:enum_echo8Response"></wsdl:part>
  </wsdl:message>
  <wsdl:message name="enum_echo2">
    <wsdl:part name="parameters" element="tns:enum_echo2"></wsdl:part>
  </wsdl:message>
  <wsdl:message name="enum_echo1">
    <wsdl:part name="parameters" element="tns:enum_echo1"></wsdl:part>
  </wsdl:message>
  <wsdl:message name="any_echo2Response">
    <wsdl:part name="parameters" element="tns:any_echo2Response"></wsdl:part>
  </wsdl:message>
  <wsdl:message name="enum_echo6Response">
    <wsdl:part name="parameters" element="tns:enum_echo6Response"></wsdl:part>
  </wsdl:message>
  <wsdl:message name="enum_echo5Response">
    <wsdl:part name="parameters" element="tns:enum_echo5Response"></wsdl:part>
  </wsdl:message>
  <wsdl:message name="enum_echo3Response">
    <wsdl:part name="parameters" element="tns:enum_echo3Response"></wsdl:part>
  </wsdl:message>
  <wsdl:message name="enum_echo7">
    <wsdl:part name="parameters" element="tns:enum_echo7"></wsdl:part>
  </wsdl:message>
  <wsdl:message name="enum_echo8">
    <wsdl:part name="parameters" element="tns:enum_echo8"></wsdl:part>
  </wsdl:message>
  <wsdl:message name="enum_echo9">
    <wsdl:part name="parameters" element="tns:enum_echo9"></wsdl:part>
  </wsdl:message>
  <wsdl:message name="enum_echo7Response">
    <wsdl:part name="parameters" element="tns:enum_echo7Response"></wsdl:part>
  </wsdl:message>
  <wsdl:message name="echoEnum">
    <wsdl:part name="parameters" element="tns:echoEnum"></wsdl:part>
  </wsdl:message>
  <wsdl:message name="EchoUnionException">
    <wsdl:part name="EchoUnionException" element="tns:EchoUnionException"></wsdl:part>
  </wsdl:message>
  <wsdl:message name="EchoAnyException">
    <wsdl:part name="EchoAnyException" element="tns:EchoAnyException"></wsdl:part>
  </wsdl:message>
  <wsdl:message name="enum_echo3">
    <wsdl:part name="parameters" element="tns:enum_echo3"></wsdl:part>
  </wsdl:message>
  <wsdl:message name="enum_echo4">
    <wsdl:part name="parameters" element="tns:enum_echo4"></wsdl:part>
  </wsdl:message>
  <wsdl:message name="enum_echo5">
    <wsdl:part name="parameters" element="tns:enum_echo5"></wsdl:part>
  </wsdl:message>
  <wsdl:message name="enum_echo6">
    <wsdl:part name="parameters" element="tns:enum_echo6"></wsdl:part>
  </wsdl:message>
  <wsdl:message name="enum_echo1Response">
    <wsdl:part name="parameters" element="tns:enum_echo1Response"></wsdl:part>
  </wsdl:message>
  <wsdl:message name="enum_echo4Response">
    <wsdl:part name="parameters" element="tns:enum_echo4Response"></wsdl:part>
  </wsdl:message>
  <wsdl:message name="any_echo3Response">
    <wsdl:part name="parameters" element="tns:any_echo3Response"></wsdl:part>
  </wsdl:message>
  <wsdl:message name="any_echo1Response">
    <wsdl:part name="parameters" element="tns:any_echo1Response"></wsdl:part>
  </wsdl:message>
  <wsdl:message name="enum_echo2Response">
    <wsdl:part name="parameters" element="tns:enum_echo2Response"></wsdl:part>
  </wsdl:message>
  <wsdl:message name="enum_echo9Response">
    <wsdl:part name="parameters" element="tns:enum_echo9Response"></wsdl:part>
  </wsdl:message>
  <wsdl:message name="echoEnumResponse">
    <wsdl:part name="parameters" element="tns:echoEnumResponse"></wsdl:part>
  </wsdl:message>
  <wsdl:message name="any_echo1">
    <wsdl:part name="parameters" element="tns:any_echo1"></wsdl:part>
  </wsdl:message>
  <wsdl:message name="any_echo2">
    <wsdl:part name="parameters" element="tns:any_echo2"></wsdl:part>
  </wsdl:message>
  <wsdl:message name="any_echo3">
    <wsdl:part name="parameters" element="tns:any_echo3"></wsdl:part>
  </wsdl:message>
  <wsdl:message name="any_echo4">
    <wsdl:part name="parameters" element="tns:any_echo4"></wsdl:part>
  </wsdl:message>
  <wsdl:message name="any_echo4Response">
    <wsdl:part name="parameters" element="tns:any_echo4Response"></wsdl:part>
  </wsdl:message>
  <wsdl:portType name="rtti_test">
    <wsdl:operation name="enum_echo7">
      <wsdl:input name="enum_echo7" message="tns:enum_echo7"></wsdl:input>
      <wsdl:output name="enum_echo7Response" message="tns:enum_echo7Response"></wsdl:output>
    </wsdl:operation>
    <wsdl:operation name="enum_echo2">
      <wsdl:input name="enum_echo2" message="tns:enum_echo2"></wsdl:input>
      <wsdl:output name="enum_echo2Response" message="tns:enum_echo2Response"></wsdl:output>
    </wsdl:operation>
    <wsdl:operation name="any_echo4">
      <wsdl:input name="any_echo4" message="tns:any_echo4"></wsdl:input>
      <wsdl:output name="any_echo4Response" message="tns:any_echo4Response"></wsdl:output>
    </wsdl:operation>
    <wsdl:operation name="enum_echo8">
      <wsdl:input name="enum_echo8" message="tns:enum_echo8"></wsdl:input>
      <wsdl:output name="enum_echo8Response" message="tns:enum_echo8Response"></wsdl:output>
      <wsdl:fault name="EchoUnionException" message="tns:EchoUnionException"></wsdl:fault>
    </wsdl:operation>
    <wsdl:operation name="enum_echo9">
      <wsdl:input name="enum_echo9" message="tns:enum_echo9"></wsdl:input>
      <wsdl:output name="enum_echo9Response" message="tns:enum_echo9Response"></wsdl:output>
    </wsdl:operation>
    <wsdl:operation name="any_echo1">
      <wsdl:input name="any_echo1" message="tns:any_echo1"></wsdl:input>
      <wsdl:output name="any_echo1Response" message="tns:any_echo1Response"></wsdl:output>
    </wsdl:operation>
    <wsdl:operation name="enum_echo6">
      <wsdl:input name="enum_echo6" message="tns:enum_echo6"></wsdl:input>
      <wsdl:output name="enum_echo6Response" message="tns:enum_echo6Response"></wsdl:output>
    </wsdl:operation>
    <wsdl:operation name="any_echo2">
      <wsdl:input name="any_echo2" message="tns:any_echo2"></wsdl:input>
      <wsdl:output name="any_echo2Response" message="tns:any_echo2Response"></wsdl:output>
      <wsdl:fault name="EchoAnyException" message="tns:EchoAnyException"></wsdl:fault>
    </wsdl:operation>
    <wsdl:operation name="enum_echo3">
      <wsdl:input name="enum_echo3" message="tns:enum_echo3"></wsdl:input>
      <wsdl:output name="enum_echo3Response" message="tns:enum_echo3Response"></wsdl:output>
    </wsdl:operation>
    <wsdl:operation name="any_echo3">
      <wsdl:input name="any_echo3" message="tns:any_echo3"></wsdl:input>
      <wsdl:output name="any_echo3Response" message="tns:any_echo3Response"></wsdl:output>
    </wsdl:operation>
    <wsdl:operation name="echoEnum">
      <wsdl:input name="echoEnum" message="tns:echoEnum"></wsdl:input>
      <wsdl:output name="echoEnumResponse" message="tns:echoEnumResponse"></wsdl:output>
    </wsdl:operation>
    <wsdl:operation name="enum_echo1">
      <wsdl:input name="enum_echo1" message="tns:enum_echo1"></wsdl:input>
      <wsdl:output name="enum_echo1Response" message="tns:enum_echo1Response"></wsdl:output>
    </wsdl:operation>
    <wsdl:operation name="enum_echo4">
      <wsdl:input name="enum_echo4" message="tns:enum_echo4"></wsdl:input>
      <wsdl:output name="enum_echo4Response" message="tns:enum_echo4Response"></wsdl:output>
    </wsdl:operation>
    <wsdl:operation name="enum_echo5">
      <wsdl:input name="enum_echo5" message="tns:enum_echo5"></wsdl:input>
      <wsdl:output name="enum_echo5Response" message="tns:enum_echo5Response"></wsdl:output>
    </wsdl:operation>
  </wsdl:portType>
  <wsdl:binding name="rtti_testCorbaBinding" type="tns:rtti_test">
    <soap:binding style="document" transport="http://schemas.xmlsoap.org/soap/http"/>
    <wsdl:operation name="enum_echo7">
      <soap:operation/>
      <wsdl:input name="enum_echo7">
        <soap:body use="literal"/>
      </wsdl:input>
      <wsdl:output name="enum_echo7Response">
        <soap:body use="literal"/>
      </wsdl:output>
    </wsdl:operation>
    <wsdl:operation name="enum_echo2">
      <soap:operation/>
      <wsdl:input name="enum_echo2">
        <soap:body use="literal"/>
      </wsdl:input>
      <wsdl:output name="enum_echo2Response">
        <soap:body use="literal"/>
      </wsdl:output>
    </wsdl:operation>
    <wsdl:operation name="any_echo4">
      <soap:operation/>
      <wsdl:input name="any_echo4">
        <soap:body use="literal"/>
      </wsdl:input>
      <wsdl:output name="any_echo4Response">
        <soap:body use="literal"/>
      </wsdl:output>
    </wsdl:operation>
    <wsdl:operation name="enum_echo8">
      <soap:operation/>
      <wsdl:input name="enum_echo8">
        <soap:body use="literal"/>
      </wsdl:input>
      <wsdl:output name="enum_echo8Response">
        <soap:body use="literal"/>
      </wsdl:output>
      <wsdl:fault name="EchoUnionException">
        <soap:fault name="EchoUnionException" use="literal"/>
      </wsdl:fault>
    </wsdl:operation>
    <wsdl:operation name="enum_echo9">
      <soap:operation/>
      <wsdl:input name="enum_echo9">
        <soap:body use="literal"/>
      </wsdl:input>
      <wsdl:output name="enum_echo9Response">
        <soap:body use="literal"/>
      </wsdl:output>
    </wsdl:operation>
    <wsdl:operation name="any_echo1">
      <soap:operation/>
      <wsdl:input name="any_echo1">
        <soap:body use="literal"/>
      </wsdl:input>
      <wsdl:output name="any_echo1Response">
        <soap:body use="literal"/>
      </wsdl:output>
    </wsdl:operation>
    <wsdl:operation name="enum_echo6">
      <soap:operation/>
      <wsdl:input name="enum_echo6">
        <soap:body use="literal"/>
      </wsdl:input>
      <wsdl:output name="enum_echo6Response">
        <soap:body use="literal"/>
      </wsdl:output>
    </wsdl:operation>
    <wsdl:operation name="any_echo2">
      <soap:operation/>
      <wsdl:input name="any_echo2">
        <soap:body use="literal"/>
      </wsdl:input>
      <wsdl:output name="any_echo2Response">
        <soap:body use="literal"/>
      </wsdl:output>
      <wsdl:fault name="EchoAnyException">
        <soap:fault name="EchoAnyException" use="literal"/>
      </wsdl:fault>
    </wsdl:operation>
    <wsdl:operation name="enum_echo3">
      <soap:operation/>
      <wsdl:input name="enum_echo3">
        <soap:body use="literal"/>
      </wsdl:input>
      <wsdl:output name="enum_echo3Response">
        <soap:body use="literal"/>
      </wsdl:output>
    </wsdl:operation>
    <wsdl:operation name="any_echo3">
      <soap:operation/>
      <wsdl:input name="any_echo3">
        <soap:body use="literal"/>
      </wsdl:input>
      <wsdl:output name="any_echo3Response">
        <soap:body use="literal"/>
      </wsdl:output>
    </wsdl:operation>
    <wsdl:operation name="echoEnum">
      <soap:operation/>
      <wsdl:input name="echoEnum">
        <soap:body use="literal"/>
      </wsdl:input>
      <wsdl:output name="echoEnumResponse">
        <soap:body use="literal"/>
      </wsdl:output>
    </wsdl:operation>
    <wsdl:operation name="enum_echo1">
      <soap:operation/>
      <wsdl:input name="enum_echo1">
        <soap:body use="literal"/>
      </wsdl:input>
      <wsdl:output name="enum_echo1Response">
        <soap:body use="literal"/>
      </wsdl:output>
    </wsdl:operation>
    <wsdl:operation name="enum_echo4">
      <soap:operation/>
      <wsdl:input name="enum_echo4">
        <soap:body use="literal"/>
      </wsdl:input>
      <wsdl:output name="enum_echo4Response">
        <soap:body use="literal"/>
      </wsdl:output>
    </wsdl:operation>
    <wsdl:operation name="enum_echo5">
      <soap:operation/>
      <wsdl:input name="enum_echo5">
        <soap:body use="literal"/>
      </wsdl:input>
      <wsdl:output name="enum_echo5Response">
        <soap:body use="literal"/>
      </wsdl:output>
    </wsdl:operation>
  </wsdl:binding>
  <wsdl:service name="rtti_test">
    <wsdl:port name="rtti_testCorbaPort" binding="tns:rtti_testCorbaBinding">
      <soap:address location="http://raffaele:8192/Service/test-consumer-fromidl-rtti-pragma-prefix/"/>
    </wsdl:port>
  </wsdl:service>
  <plnk:partnerLinkType name="rtti_test">
    <plnk:role name="rtti_testPortTypeRole" portType="tns:rtti_test"/>
  </plnk:partnerLinkType>
</wsdl:definitions>]]></con:content><con:type>http://schemas.xmlsoap.org/wsdl/</con:type></con:part></con:definitionCache><con:endpoints><con:endpoint>http://raffaele:8192/Service/test-consumer-fromidl-rtti-pragma-prefix/</con:endpoint></con:endpoints><con:operation isOneWay="false" action="" name="any_echo1" bindingOperationName="any_echo1" type="Request-Response" outputName="any_echo1Response" inputName="any_echo1" receivesAttachments="false" sendsAttachments="false" anonymous="optional"><con:settings/><con:call name="Request 1"><con:settings/><con:encoding>UTF-8</con:encoding><con:endpoint>http://raffaele:8192/Service/test-consumer-fromidl-rtti-pragma-prefix/</con:endpoint><con:request><![CDATA[<soapenv:Envelope xmlns:soapenv="http://schemas.xmlsoap.org/soap/envelope/" xmlns:it="http://it.imolinfo.jbi4corba.test.rtti.rtti_test">
   <soapenv:Header/>
   <soapenv:Body>
      <it:any_echo1>
         <it:msg>?</it:msg>
      </it:any_echo1>
   </soapenv:Body>
</soapenv:Envelope>]]></con:request><con:wsaConfig mustUnderstand="NONE" version="200508" action="http://it.imolinfo.jbi4corba.test.rtti.rtti_test/rtti_test/any_echo1"/></con:call></con:operation><con:operation isOneWay="false" action="" name="any_echo2" bindingOperationName="any_echo2" type="Request-Response" outputName="any_echo2Response" inputName="any_echo2" receivesAttachments="false" sendsAttachments="false" anonymous="optional"><con:settings/><con:call name="Request 1"><con:settings/><con:encoding>UTF-8</con:encoding><con:endpoint>http://raffaele:8192/Service/test-consumer-fromidl-rtti-pragma-prefix/</con:endpoint><con:request><![CDATA[<soapenv:Envelope xmlns:soapenv="http://schemas.xmlsoap.org/soap/envelope/" xmlns:it="http://it.imolinfo.jbi4corba.test.rtti.rtti_test">
   <soapenv:Header/>
   <soapenv:Body>
      <it:any_echo2>
         <it:msg>?</it:msg>
      </it:any_echo2>
   </soapenv:Body>
</soapenv:Envelope>]]></con:request><con:wsaConfig mustUnderstand="NONE" version="200508" action="http://it.imolinfo.jbi4corba.test.rtti.rtti_test/rtti_test/any_echo2"/></con:call></con:operation><con:operation isOneWay="false" action="" name="any_echo3" bindingOperationName="any_echo3" type="Request-Response" outputName="any_echo3Response" inputName="any_echo3" receivesAttachments="false" sendsAttachments="false" anonymous="optional"><con:settings/><con:call name="Request 1"><con:settings/><con:encoding>UTF-8</con:encoding><con:endpoint>http://raffaele:8192/Service/test-consumer-fromidl-rtti-pragma-prefix/</con:endpoint><con:request><![CDATA[<soapenv:Envelope xmlns:soapenv="http://schemas.xmlsoap.org/soap/envelope/" xmlns:it="http://it.imolinfo.jbi4corba.test.rtti.rtti_test" xmlns:rtt="http://rttitypes/">
   <soapenv:Header/>
   <soapenv:Body>
      <it:any_echo3>
         <it:msg>
            <!--You have a CHOICE of the next 3 items at this level-->
            <rtt:two_format>?</rtt:two_format>
            <rtt:numeric>?</rtt:numeric>
            <rtt:alfanumeric>?</rtt:alfanumeric>
         </it:msg>
      </it:any_echo3>
   </soapenv:Body>
</soapenv:Envelope>]]></con:request><con:wsaConfig mustUnderstand="NONE" version="200508" action="http://it.imolinfo.jbi4corba.test.rtti.rtti_test/rtti_test/any_echo3"/></con:call></con:operation><con:operation isOneWay="false" action="" name="any_echo4" bindingOperationName="any_echo4" type="Request-Response" outputName="any_echo4Response" inputName="any_echo4" receivesAttachments="false" sendsAttachments="false" anonymous="optional"><con:settings/><con:call name="Request 1"><con:settings/><con:encoding>UTF-8</con:encoding><con:endpoint>http://raffaele:8192/Service/test-consumer-fromidl-rtti-pragma-prefix/</con:endpoint><con:request><![CDATA[<soapenv:Envelope xmlns:soapenv="http://schemas.xmlsoap.org/soap/envelope/" xmlns:it="http://it.imolinfo.jbi4corba.test.rtti.rtti_test" xmlns:rtt="http://rttitypes/">
   <soapenv:Header/>
   <soapenv:Body>
      <it:any_echo4>
         <it:msg>
            <rtt:fieldBoolean>?</rtt:fieldBoolean>
            <rtt:fieldChar>?</rtt:fieldChar>
            <!--1 or more repetitions:-->
            <rtt:fieldAny>?</rtt:fieldAny>
         </it:msg>
      </it:any_echo4>
   </soapenv:Body>
</soapenv:Envelope>]]></con:request><con:wsaConfig mustUnderstand="NONE" version="200508" action="http://it.imolinfo.jbi4corba.test.rtti.rtti_test/rtti_test/any_echo4"/></con:call></con:operation><con:operation isOneWay="false" action="" name="echoEnum" bindingOperationName="echoEnum" type="Request-Response" outputName="echoEnumResponse" inputName="echoEnum" receivesAttachments="false" sendsAttachments="false" anonymous="optional"><con:settings/><con:call name="Request 1"><con:settings/><con:encoding>UTF-8</con:encoding><con:endpoint>http://raffaele:8192/Service/test-consumer-fromidl-rtti-pragma-prefix/</con:endpoint><con:request><![CDATA[<soapenv:Envelope xmlns:soapenv="http://schemas.xmlsoap.org/soap/envelope/" xmlns:it="http://it.imolinfo.jbi4corba.test.rtti.rtti_test">
   <soapenv:Header/>
   <soapenv:Body>
      <it:echoEnum>
         <it:e>?</it:e>
      </it:echoEnum>
   </soapenv:Body>
</soapenv:Envelope>]]></con:request><con:wsaConfig mustUnderstand="NONE" version="200508" action="http://it.imolinfo.jbi4corba.test.rtti.rtti_test/rtti_test/echoEnum"/></con:call></con:operation><con:operation isOneWay="false" action="" name="enum_echo1" bindingOperationName="enum_echo1" type="Request-Response" outputName="enum_echo1Response" inputName="enum_echo1" receivesAttachments="false" sendsAttachments="false" anonymous="optional"><con:settings/><con:call name="Request 1"><con:settings/><con:encoding>UTF-8</con:encoding><con:endpoint>http://raffaele:8192/Service/test-consumer-fromidl-rtti-pragma-prefix/</con:endpoint><con:request><![CDATA[<soapenv:Envelope xmlns:soapenv="http://schemas.xmlsoap.org/soap/envelope/" xmlns:it="http://it.imolinfo.jbi4corba.test.rtti.rtti_test" xmlns:rtt="http://rttitypes/">
   <soapenv:Header/>
   <soapenv:Body>
      <it:enum_echo1>
         <it:msg>
            <!--You have a CHOICE of the next 4 items at this level-->
            <rtt:secondo>?</rtt:secondo>
            <rtt:altro>?</rtt:altro>
            <rtt:primo>?</rtt:primo>
            <rtt:third>
               <!--Zero or more repetitions:-->
               <rtt:item>
                  <!--You have a CHOICE of the next 5 items at this level-->
                  <rtt:two_format>?</rtt:two_format>
                  <rtt:numeric>?</rtt:numeric>
                  <rtt:uni1>
                     <!--You have a CHOICE of the next 3 items at this level-->
                     <rtt:two_format>?</rtt:two_format>
                     <rtt:numeric>?</rtt:numeric>
                     <rtt:alfanumeric>?</rtt:alfanumeric>
                  </rtt:uni1>
                  <rtt:uni2>
                     <!--Zero or more repetitions:-->
                     <rtt:item>
                        <!--You have a CHOICE of the next 3 items at this level-->
                        <rtt:two_format>?</rtt:two_format>
                        <rtt:numeric>?</rtt:numeric>
                        <rtt:alfanumeric>?</rtt:alfanumeric>
                     </rtt:item>
                  </rtt:uni2>
                  <rtt:alfanumeric>?</rtt:alfanumeric>
               </rtt:item>
            </rtt:third>
         </it:msg>
      </it:enum_echo1>
   </soapenv:Body>
</soapenv:Envelope>]]></con:request><con:wsaConfig mustUnderstand="NONE" version="200508" action="http://it.imolinfo.jbi4corba.test.rtti.rtti_test/rtti_test/enum_echo1"/></con:call></con:operation><con:operation isOneWay="false" action="" name="enum_echo2" bindingOperationName="enum_echo2" type="Request-Response" outputName="enum_echo2Response" inputName="enum_echo2" receivesAttachments="false" sendsAttachments="false" anonymous="optional"><con:settings/><con:call name="Request 1"><con:settings/><con:encoding>UTF-8</con:encoding><con:endpoint>http://raffaele:8192/Service/test-consumer-fromidl-rtti-pragma-prefix/</con:endpoint><con:request><![CDATA[<soapenv:Envelope xmlns:soapenv="http://schemas.xmlsoap.org/soap/envelope/" xmlns:it="http://it.imolinfo.jbi4corba.test.rtti.rtti_test" xmlns:rtt="http://rttitypes/">
   <soapenv:Header/>
   <soapenv:Body>
      <it:enum_echo2>
         <it:msg>
            <!--You have a CHOICE of the next 3 items at this level-->
            <rtt:two_format>?</rtt:two_format>
            <rtt:numeric>?</rtt:numeric>
            <rtt:alfanumeric>?</rtt:alfanumeric>
         </it:msg>
      </it:enum_echo2>
   </soapenv:Body>
</soapenv:Envelope>]]></con:request><con:wsaConfig mustUnderstand="NONE" version="200508" action="http://it.imolinfo.jbi4corba.test.rtti.rtti_test/rtti_test/enum_echo2"/></con:call></con:operation><con:operation isOneWay="false" action="" name="enum_echo3" bindingOperationName="enum_echo3" type="Request-Response" outputName="enum_echo3Response" inputName="enum_echo3" receivesAttachments="false" sendsAttachments="false" anonymous="optional"><con:settings/><con:call name="Request 1"><con:settings/><con:encoding>UTF-8</con:encoding><con:endpoint>http://raffaele:8192/Service/test-consumer-fromidl-rtti-pragma-prefix/</con:endpoint><con:request><![CDATA[<soapenv:Envelope xmlns:soapenv="http://schemas.xmlsoap.org/soap/envelope/" xmlns:it="http://it.imolinfo.jbi4corba.test.rtti.rtti_test">
   <soapenv:Header/>
   <soapenv:Body>
      <it:enum_echo3>
         <it:msg>?</it:msg>
      </it:enum_echo3>
   </soapenv:Body>
</soapenv:Envelope>]]></con:request><con:wsaConfig mustUnderstand="NONE" version="200508" action="http://it.imolinfo.jbi4corba.test.rtti.rtti_test/rtti_test/enum_echo3"/></con:call></con:operation><con:operation isOneWay="false" action="" name="enum_echo4" bindingOperationName="enum_echo4" type="Request-Response" outputName="enum_echo4Response" inputName="enum_echo4" receivesAttachments="false" sendsAttachments="false" anonymous="optional"><con:settings/><con:call name="Request 1"><con:settings/><con:encoding>UTF-8</con:encoding><con:endpoint>http://raffaele:8192/Service/test-consumer-fromidl-rtti-pragma-prefix/</con:endpoint><con:request><![CDATA[<soapenv:Envelope xmlns:soapenv="http://schemas.xmlsoap.org/soap/envelope/" xmlns:it="http://it.imolinfo.jbi4corba.test.rtti.rtti_test" xmlns:rtt="http://rttitypes/">
   <soapenv:Header/>
   <soapenv:Body>
      <it:enum_echo4>
         <it:msg>
            <rtt:fieldBoolean>?</rtt:fieldBoolean>
            <rtt:fieldChar>?</rtt:fieldChar>
            <rtt:fieldWChar>
               <!--You have a CHOICE of the next 3 items at this level-->
               <rtt:two_format>?</rtt:two_format>
               <rtt:numeric>?</rtt:numeric>
               <rtt:alfanumeric>?</rtt:alfanumeric>
            </rtt:fieldWChar>
         </it:msg>
      </it:enum_echo4>
   </soapenv:Body>
</soapenv:Envelope>]]></con:request><con:wsaConfig mustUnderstand="NONE" version="200508" action="http://it.imolinfo.jbi4corba.test.rtti.rtti_test/rtti_test/enum_echo4"/></con:call></con:operation><con:operation isOneWay="false" action="" name="enum_echo5" bindingOperationName="enum_echo5" type="Request-Response" outputName="enum_echo5Response" inputName="enum_echo5" receivesAttachments="false" sendsAttachments="false" anonymous="optional"><con:settings/><con:call name="Request 1"><con:settings/><con:encoding>UTF-8</con:encoding><con:endpoint>http://raffaele:8192/Service/test-consumer-fromidl-rtti-pragma-prefix/</con:endpoint><con:request><![CDATA[<soapenv:Envelope xmlns:soapenv="http://schemas.xmlsoap.org/soap/envelope/" xmlns:it="http://it.imolinfo.jbi4corba.test.rtti.rtti_test" xmlns:rtt="http://rttitypes/">
   <soapenv:Header/>
   <soapenv:Body>
      <it:enum_echo5>
         <it:msg>
            <rtt:fieldBoolean>?</rtt:fieldBoolean>
            <rtt:fieldChar>?</rtt:fieldChar>
            <rtt:fieldWChar>
               <!--You have a CHOICE of the next 3 items at this level-->
               <rtt:two_format>?</rtt:two_format>
               <rtt:numeric>?</rtt:numeric>
               <rtt:alfanumeric>?</rtt:alfanumeric>
            </rtt:fieldWChar>
         </it:msg>
      </it:enum_echo5>
   </soapenv:Body>
</soapenv:Envelope>]]></con:request><con:wsaConfig mustUnderstand="NONE" version="200508" action="http://it.imolinfo.jbi4corba.test.rtti.rtti_test/rtti_test/enum_echo5"/></con:call></con:operation><con:operation isOneWay="false" action="" name="enum_echo6" bindingOperationName="enum_echo6" type="Request-Response" outputName="enum_echo6Response" inputName="enum_echo6" receivesAttachments="false" sendsAttachments="false" anonymous="optional"><con:settings/><con:call name="Request 1"><con:settings/><con:encoding>UTF-8</con:encoding><con:endpoint>http://raffaele:8192/Service/test-consumer-fromidl-rtti-pragma-prefix/</con:endpoint><con:request><![CDATA[<soapenv:Envelope xmlns:soapenv="http://schemas.xmlsoap.org/soap/envelope/" xmlns:it="http://it.imolinfo.jbi4corba.test.rtti.rtti_test">
   <soapenv:Header/>
   <soapenv:Body>
      <it:enum_echo6>
         <it:msg>?</it:msg>
      </it:enum_echo6>
   </soapenv:Body>
</soapenv:Envelope>]]></con:request><con:wsaConfig mustUnderstand="NONE" version="200508" action="http://it.imolinfo.jbi4corba.test.rtti.rtti_test/rtti_test/enum_echo6"/></con:call></con:operation><con:operation isOneWay="false" action="" name="enum_echo7" bindingOperationName="enum_echo7" type="Request-Response" outputName="enum_echo7Response" inputName="enum_echo7" receivesAttachments="false" sendsAttachments="false" anonymous="optional"><con:settings/><con:call name="Request 1"><con:settings/><con:encoding>UTF-8</con:encoding><con:endpoint>http://raffaele:8192/Service/test-consumer-fromidl-rtti-pragma-prefix/</con:endpoint><con:request><![CDATA[<soapenv:Envelope xmlns:soapenv="http://schemas.xmlsoap.org/soap/envelope/" xmlns:it="http://it.imolinfo.jbi4corba.test.rtti.rtti_test">
   <soapenv:Header/>
   <soapenv:Body>
      <it:enum_echo7>
         <it:msg>?</it:msg>
      </it:enum_echo7>
   </soapenv:Body>
</soapenv:Envelope>]]></con:request><con:wsaConfig mustUnderstand="NONE" version="200508" action="http://it.imolinfo.jbi4corba.test.rtti.rtti_test/rtti_test/enum_echo7"/></con:call></con:operation><con:operation isOneWay="false" action="" name="enum_echo8" bindingOperationName="enum_echo8" type="Request-Response" outputName="enum_echo8Response" inputName="enum_echo8" receivesAttachments="false" sendsAttachments="false" anonymous="optional"><con:settings/><con:call name="Request 1"><con:settings/><con:encoding>UTF-8</con:encoding><con:endpoint>http://raffaele:8192/Service/test-consumer-fromidl-rtti-pragma-prefix/</con:endpoint><con:request><![CDATA[<soapenv:Envelope xmlns:soapenv="http://schemas.xmlsoap.org/soap/envelope/" xmlns:it="http://it.imolinfo.jbi4corba.test.rtti.rtti_test">
   <soapenv:Header/>
   <soapenv:Body>
      <it:enum_echo8>
         <it:msg>?</it:msg>
      </it:enum_echo8>
   </soapenv:Body>
</soapenv:Envelope>]]></con:request><con:wsaConfig mustUnderstand="NONE" version="200508" action="http://it.imolinfo.jbi4corba.test.rtti.rtti_test/rtti_test/enum_echo8"/></con:call></con:operation><con:operation isOneWay="false" action="" name="enum_echo9" bindingOperationName="enum_echo9" type="Request-Response" outputName="enum_echo9Response" inputName="enum_echo9" receivesAttachments="false" sendsAttachments="false" anonymous="optional"><con:settings/><con:call name="Request 1"><con:settings/><con:encoding>UTF-8</con:encoding><con:endpoint>http://raffaele:8192/Service/test-consumer-fromidl-rtti-pragma-prefix/</con:endpoint><con:request><![CDATA[<soapenv:Envelope xmlns:soapenv="http://schemas.xmlsoap.org/soap/envelope/" xmlns:it="http://it.imolinfo.jbi4corba.test.rtti.rtti_test" xmlns:rtt="http://rttitypes/">
   <soapenv:Header/>
   <soapenv:Body>
      <it:enum_echo9>
         <!--1 or more repetitions:-->
         <it:msg>
            <!--Zero or more repetitions:-->
            <rtt:item>
               <rtt:fieldBoolean>?</rtt:fieldBoolean>
               <rtt:fieldChar>?</rtt:fieldChar>
               <rtt:fieldWChar>
                  <!--You have a CHOICE of the next 3 items at this level-->
                  <rtt:two_format>?</rtt:two_format>
                  <rtt:numeric>?</rtt:numeric>
                  <rtt:alfanumeric>?</rtt:alfanumeric>
               </rtt:fieldWChar>
            </rtt:item>
         </it:msg>
      </it:enum_echo9>
   </soapenv:Body>
</soapenv:Envelope>]]></con:request><con:wsaConfig mustUnderstand="NONE" version="200508" action="http://it.imolinfo.jbi4corba.test.rtti.rtti_test/rtti_test/enum_echo9"/></con:call></con:operation></con:interface><con:testSuite name="TestConsumerFromidlRttiPragmaPrefixTestSuite"><con:settings/><con:runType>SEQUENTIAL</con:runType><con:testCase failOnError="false" failTestCaseOnErrors="true" keepSession="false" maxResults="0" name="rtti_testCorbaBinding TestSuite" searchProperties="true" timeout="0" id="ced1b159-9bb7-41be-953e-2895407eee69"><con:settings/><con:testStep type="request" name="any_echo1"><con:settings/><con:config xsi:type="con:RequestStep" xmlns:xsi="http://www.w3.org/2001/XMLSchema-instance"><con:interface>rtti_testCorbaBinding</con:interface><con:operation>any_echo1</con:operation><con:request name="any_echo1"><con:settings/><con:encoding>UTF-8</con:encoding><con:endpoint>http://raffaele:8192/Service/test-consumer-fromidl-rtti-pragma-prefix/</con:endpoint><con:request><![CDATA[<soapenv:Envelope xmlns:soapenv="http://schemas.xmlsoap.org/soap/envelope/" xmlns:it="http://it.imolinfo.jbi4corba.test.rtti.rtti_test">
   <soapenv:Header/>
   <soapenv:Body>
      <it:any_echo1>
         <it:msg xmlns:xsi="http://www.w3.org/2001/XMLSchema-instance" xmlns:xs="http://www.w3.org/2001/XMLSchema" xsi:type="xs:string">string value</it:msg>
      </it:any_echo1>
   </soapenv:Body>
</soapenv:Envelope>]]></con:request><con:assertion type="SOAP Fault Assertion"/><con:assertion type="SOAP Response"/><con:assertion type="Schema Compliance" disabled="true"><con:configuration><definition/></con:configuration></con:assertion><con:wsaConfig action="http://it.imolinfo.jbi4corba.test.rtti.rtti_test/rtti_test/any_echo1" mustUnderstand="NONE" version="200508"/></con:request></con:config></con:testStep><con:testStep type="request" name="any_echo2"><con:settings/><con:config xsi:type="con:RequestStep" xmlns:xsi="http://www.w3.org/2001/XMLSchema-instance"><con:interface>rtti_testCorbaBinding</con:interface><con:operation>any_echo2</con:operation><con:request name="any_echo2"><con:settings/><con:encoding>UTF-8</con:encoding><con:endpoint>http://raffaele:8192/Service/test-consumer-fromidl-rtti-pragma-prefix/</con:endpoint><con:request><![CDATA[<soapenv:Envelope xmlns:soapenv="http://schemas.xmlsoap.org/soap/envelope/" xmlns:it="http://it.imolinfo.jbi4corba.test.rtti.rtti_test">
   <soapenv:Header/>
   <soapenv:Body>
      <it:any_echo2>
         <it:msg xmlns:xsi="http://www.w3.org/2001/XMLSchema-instance" xmlns:xs="http://www.w3.org/2001/XMLSchema" xsi:type="xs:string">anyStruct</it:msg>
      </it:any_echo2>
   </soapenv:Body>
</soapenv:Envelope>]]></con:request><con:assertion type="SOAP Fault Assertion"/><con:assertion type="SOAP Response"/><con:wsaConfig action="http://it.imolinfo.jbi4corba.test.rtti.rtti_test/rtti_test/any_echo2" mustUnderstand="NONE" version="200508"/></con:request></con:config></con:testStep><con:testStep type="request" name="any_echo3"><con:settings/><con:config xsi:type="con:RequestStep" xmlns:xsi="http://www.w3.org/2001/XMLSchema-instance"><con:interface>rtti_testCorbaBinding</con:interface><con:operation>any_echo3</con:operation><con:request name="any_echo3"><con:settings/><con:encoding>UTF-8</con:encoding><con:endpoint>http://raffaele:8192/Service/test-consumer-fromidl-rtti-pragma-prefix/</con:endpoint><con:request><![CDATA[<soapenv:Envelope xmlns:soapenv="http://schemas.xmlsoap.org/soap/envelope/" xmlns:it="http://it.imolinfo.jbi4corba.test.rtti.rtti_test" xmlns:rtt="http://rttitypes/">
   <soapenv:Header/>
   <soapenv:Body>
      <it:any_echo3>
         <it:msg>
            <!--You have a CHOICE of the next 3 items at this level-->
            <rtt:two_format xmlns:xsi="http://www.w3.org/2001/XMLSchema-instance" xmlns:xs="http://www.w3.org/2001/XMLSchema" xsi:type="xs:string">pippo</rtt:two_format>
         </it:msg>
      </it:any_echo3>
   </soapenv:Body>
</soapenv:Envelope>]]></con:request><con:assertion type="SOAP Fault Assertion"/><con:assertion type="SOAP Response"/><con:wsaConfig action="http://it.imolinfo.jbi4corba.test.rtti.rtti_test/rtti_test/any_echo3" mustUnderstand="NONE" version="200508"/></con:request></con:config></con:testStep><con:testStep type="request" name="any_echo4"><con:settings/><con:config xsi:type="con:RequestStep" xmlns:xsi="http://www.w3.org/2001/XMLSchema-instance"><con:interface>rtti_testCorbaBinding</con:interface><con:operation>any_echo4</con:operation><con:request name="any_echo4"><con:settings/><con:encoding>UTF-8</con:encoding><con:endpoint>http://raffaele:8192/Service/test-consumer-fromidl-rtti-pragma-prefix/</con:endpoint><con:request><![CDATA[<soapenv:Envelope xmlns:soapenv="http://schemas.xmlsoap.org/soap/envelope/" xmlns:it="http://it.imolinfo.jbi4corba.test.rtti.rtti_test" xmlns:rtt="http://rttitypes/">
   <soapenv:Header/>
   <soapenv:Body>
      <it:any_echo4>
         <it:msg>
            <rtt:fieldBoolean>true</rtt:fieldBoolean>
            <rtt:fieldChar>2</rtt:fieldChar>
            <!--1 or more repetitions:-->
            <rtt:fieldAny xsi:type="xs:string" xmlns="http://rttitypes/" xmlns:ns2="http://it.imolinfo.jbi4corba.test.rtti.rtti_test" xmlns:xs="http://www.w3.org/2001/XMLSchema" xmlns:xsi="http://www.w3.org/2001/XMLSchema-instance">pippo</rtt:fieldAny>
         </it:msg>
      </it:any_echo4>
   </soapenv:Body>
</soapenv:Envelope>]]></con:request><con:assertion type="SOAP Fault Assertion"/><con:assertion type="SOAP Response"/><con:wsaConfig action="http://it.imolinfo.jbi4corba.test.rtti.rtti_test/rtti_test/any_echo4" mustUnderstand="NONE" version="200508"/></con:request></con:config></con:testStep><con:testStep type="request" name="echoEnum"><con:settings/><con:config xsi:type="con:RequestStep" xmlns:xsi="http://www.w3.org/2001/XMLSchema-instance"><con:interface>rtti_testCorbaBinding</con:interface><con:operation>echoEnum</con:operation><con:request name="echoEnum"><con:settings/><con:encoding>UTF-8</con:encoding><con:endpoint>http://raffaele:8192/Service/test-consumer-fromidl-rtti-pragma-prefix/</con:endpoint><con:request><![CDATA[<soapenv:Envelope xmlns:soapenv="http://schemas.xmlsoap.org/soap/envelope/" xmlns:it="http://it.imolinfo.jbi4corba.test.rtti.rtti_test">
   <soapenv:Header/>
   <soapenv:Body>
      <it:echoEnum>
         <it:e>E1</it:e>
      </it:echoEnum>
   </soapenv:Body>
</soapenv:Envelope>]]></con:request><con:assertion type="SOAP Fault Assertion"/><con:assertion type="SOAP Response"/><con:assertion type="Schema Compliance"><con:configuration><definition/></con:configuration></con:assertion><con:wsaConfig action="http://it.imolinfo.jbi4corba.test.rtti.rtti_test/rtti_test/echoEnum" mustUnderstand="NONE" version="200508"/></con:request></con:config></con:testStep><con:testStep type="request" name="enum_echo1"><con:settings/><con:config xsi:type="con:RequestStep" xmlns:xsi="http://www.w3.org/2001/XMLSchema-instance"><con:interface>rtti_testCorbaBinding</con:interface><con:operation>enum_echo1</con:operation><con:request name="enum_echo1"><con:settings/><con:encoding>UTF-8</con:encoding><con:endpoint>http://raffaele:8192/Service/test-consumer-fromidl-rtti-pragma-prefix/</con:endpoint><con:request><![CDATA[<soapenv:Envelope xmlns:soapenv="http://schemas.xmlsoap.org/soap/envelope/" xmlns:it="http://it.imolinfo.jbi4corba.test.rtti.rtti_test" xmlns:rtt="http://rttitypes/">
   <soapenv:Header/>
   <soapenv:Body>
      <it:enum_echo1>
         <it:msg>
             <!--You have a CHOICE of the next 4 items at this level-->
            <rtt:primo>12</rtt:primo>
         </it:msg>
      </it:enum_echo1>
   </soapenv:Body>
</soapenv:Envelope>]]></con:request><con:assertion type="SOAP Fault Assertion"/><con:assertion type="SOAP Response"/><con:assertion type="Schema Compliance"><con:configuration><definition/></con:configuration></con:assertion><con:wsaConfig action="http://it.imolinfo.jbi4corba.test.rtti.rtti_test/rtti_test/enum_echo1" mustUnderstand="NONE" version="200508"/></con:request></con:config></con:testStep><con:testStep type="request" name="enum_echo2"><con:settings/><con:config xsi:type="con:RequestStep" xmlns:xsi="http://www.w3.org/2001/XMLSchema-instance"><con:interface>rtti_testCorbaBinding</con:interface><con:operation>enum_echo2</con:operation><con:request name="enum_echo2"><con:settings/><con:encoding>UTF-8</con:encoding><con:endpoint>http://raffaele:8192/Service/test-consumer-fromidl-rtti-pragma-prefix/</con:endpoint><con:request><![CDATA[<soapenv:Envelope xmlns:soapenv="http://schemas.xmlsoap.org/soap/envelope/" xmlns:it="http://it.imolinfo.jbi4corba.test.rtti.rtti_test" xmlns:rtt="http://rttitypes/">
   <soapenv:Header/>
   <soapenv:Body>
      <it:enum_echo2>
         <it:msg>
            <!--You have a CHOICE of the next 3 items at this level-->
            <rtt:alfanumeric>string message</rtt:alfanumeric>
         </it:msg>
      </it:enum_echo2>
   </soapenv:Body>
</soapenv:Envelope>]]></con:request><con:assertion type="SOAP Fault Assertion"/><con:assertion type="SOAP Response"/><con:assertion type="Schema Compliance"><con:configuration><definition/></con:configuration></con:assertion><con:wsaConfig action="http://it.imolinfo.jbi4corba.test.rtti.rtti_test/rtti_test/enum_echo2" mustUnderstand="NONE" version="200508"/></con:request></con:config></con:testStep><con:testStep type="request" name="enum_echo3"><con:settings/><con:config xsi:type="con:RequestStep" xmlns:xsi="http://www.w3.org/2001/XMLSchema-instance"><con:interface>rtti_testCorbaBinding</con:interface><con:operation>enum_echo3</con:operation><con:request name="enum_echo3"><con:settings/><con:encoding>UTF-8</con:encoding><con:endpoint>http://raffaele:8192/Service/test-consumer-fromidl-rtti-pragma-prefix/</con:endpoint><con:request><![CDATA[<soapenv:Envelope xmlns:soapenv="http://schemas.xmlsoap.org/soap/envelope/" xmlns:it="http://it.imolinfo.jbi4corba.test.rtti.rtti_test">
   <soapenv:Header/>
   <soapenv:Body>
      <it:enum_echo3>
         <it:msg>blabalaaa</it:msg>
      </it:enum_echo3>
   </soapenv:Body>
</soapenv:Envelope>]]></con:request><con:assertion type="SOAP Fault Assertion"/><con:assertion type="SOAP Response"/><con:assertion type="Schema Compliance"><con:configuration><definition/></con:configuration></con:assertion><con:wsaConfig action="http://it.imolinfo.jbi4corba.test.rtti.rtti_test/rtti_test/enum_echo3" mustUnderstand="NONE" version="200508"/></con:request></con:config></con:testStep><con:testStep type="request" name="enum_echo4"><con:settings/><con:config xsi:type="con:RequestStep" xmlns:xsi="http://www.w3.org/2001/XMLSchema-instance"><con:interface>rtti_testCorbaBinding</con:interface><con:operation>enum_echo4</con:operation><con:request name="enum_echo4"><con:settings/><con:encoding>UTF-8</con:encoding><con:endpoint>http://raffaele:8192/Service/test-consumer-fromidl-rtti-pragma-prefix/</con:endpoint><con:request><![CDATA[<soapenv:Envelope xmlns:soapenv="http://schemas.xmlsoap.org/soap/envelope/" xmlns:it="http://it.imolinfo.jbi4corba.test.rtti.rtti_test" xmlns:rtt="http://rttitypes/">
   <soapenv:Header/>
   <soapenv:Body>
      <it:enum_echo4>
         <it:msg>
            <rtt:fieldBoolean>true</rtt:fieldBoolean>
            <rtt:fieldChar>251</rtt:fieldChar>
            <rtt:fieldWChar>
               <!--You have a CHOICE of the next 3 items at this level-->
               <rtt:numeric>34</rtt:numeric>
            </rtt:fieldWChar>
         </it:msg>
      </it:enum_echo4>
   </soapenv:Body>
</soapenv:Envelope>]]></con:request><con:assertion type="SOAP Fault Assertion"/><con:assertion type="SOAP Response"/><con:assertion type="Schema Compliance"><con:configuration><definition/></con:configuration></con:assertion><con:wsaConfig action="http://it.imolinfo.jbi4corba.test.rtti.rtti_test/rtti_test/enum_echo4" mustUnderstand="NONE" version="200508"/></con:request></con:config></con:testStep><con:testStep type="request" name="enum_echo5"><con:settings/><con:config xsi:type="con:RequestStep" xmlns:xsi="http://www.w3.org/2001/XMLSchema-instance"><con:interface>rtti_testCorbaBinding</con:interface><con:operation>enum_echo5</con:operation><con:request name="enum_echo5"><con:settings/><con:encoding>UTF-8</con:encoding><con:endpoint>http://raffaele:8192/Service/test-consumer-fromidl-rtti-pragma-prefix/</con:endpoint><con:request><![CDATA[<soapenv:Envelope xmlns:soapenv="http://schemas.xmlsoap.org/soap/envelope/" xmlns:it="http://it.imolinfo.jbi4corba.test.rtti.rtti_test" xmlns:rtt="http://rttitypes/">
   <soapenv:Header/>
   <soapenv:Body>
      <it:enum_echo5>
         <it:msg>
            <rtt:fieldBoolean>true</rtt:fieldBoolean>
            <rtt:fieldChar>220</rtt:fieldChar>
            <rtt:fieldWChar>
               <!--You have a CHOICE of the next 3 items at this level-->
               <rtt:alfanumeric>good message</rtt:alfanumeric>
            </rtt:fieldWChar>
         </it:msg>
      </it:enum_echo5>
   </soapenv:Body>
</soapenv:Envelope>]]></con:request><con:assertion type="SOAP Fault Assertion"/><con:assertion type="SOAP Response"/><con:assertion type="Schema Compliance"><con:configuration><definition/></con:configuration></con:assertion><con:wsaConfig action="http://it.imolinfo.jbi4corba.test.rtti.rtti_test/rtti_test/enum_echo5" mustUnderstand="NONE" version="200508"/></con:request></con:config></con:testStep><con:testStep type="request" name="enum_echo6"><con:settings/><con:config xsi:type="con:RequestStep" xmlns:xsi="http://www.w3.org/2001/XMLSchema-instance"><con:interface>rtti_testCorbaBinding</con:interface><con:operation>enum_echo6</con:operation><con:request name="enum_echo6"><con:settings/><con:encoding>UTF-8</con:encoding><con:endpoint>http://raffaele:8192/Service/test-consumer-fromidl-rtti-pragma-prefix/</con:endpoint><con:request><![CDATA[<soapenv:Envelope xmlns:soapenv="http://schemas.xmlsoap.org/soap/envelope/" xmlns:it="http://it.imolinfo.jbi4corba.test.rtti.rtti_test">
   <soapenv:Header/>
   <soapenv:Body>
      <it:enum_echo6>
         <it:msg>pippo</it:msg>
      </it:enum_echo6>
   </soapenv:Body>
</soapenv:Envelope>]]></con:request><con:assertion type="SOAP Fault Assertion"/><con:assertion type="SOAP Response"/><con:assertion type="Schema Compliance"><con:configuration><definition/></con:configuration></con:assertion><con:wsaConfig action="http://it.imolinfo.jbi4corba.test.rtti.rtti_test/rtti_test/enum_echo6" mustUnderstand="NONE" version="200508"/></con:request></con:config></con:testStep><con:testStep type="request" name="enum_echo7"><con:settings/><con:config xsi:type="con:RequestStep" xmlns:xsi="http://www.w3.org/2001/XMLSchema-instance"><con:interface>rtti_testCorbaBinding</con:interface><con:operation>enum_echo7</con:operation><con:request name="enum_echo7"><con:settings/><con:encoding>UTF-8</con:encoding><con:endpoint>http://raffaele:8192/Service/test-consumer-fromidl-rtti-pragma-prefix/</con:endpoint><con:request><![CDATA[<soapenv:Envelope xmlns:soapenv="http://schemas.xmlsoap.org/soap/envelope/" xmlns:it="http://it.imolinfo.jbi4corba.test.rtti.rtti_test">
   <soapenv:Header/>
   <soapenv:Body>
      <it:enum_echo7>
         <it:msg>pippo</it:msg>
      </it:enum_echo7>
   </soapenv:Body>
</soapenv:Envelope>]]></con:request><con:assertion type="SOAP Fault Assertion"/><con:assertion type="SOAP Response"/><con:assertion type="Schema Compliance"><con:configuration><definition/></con:configuration></con:assertion><con:wsaConfig action="http://it.imolinfo.jbi4corba.test.rtti.rtti_test/rtti_test/enum_echo7" mustUnderstand="NONE" version="200508"/></con:request></con:config></con:testStep><con:testStep type="request" name="enum_echo8"><con:settings/><con:config xsi:type="con:RequestStep" xmlns:xsi="http://www.w3.org/2001/XMLSchema-instance"><con:interface>rtti_testCorbaBinding</con:interface><con:operation>enum_echo8</con:operation><con:request name="enum_echo8"><con:settings/><con:encoding>UTF-8</con:encoding><con:endpoint>http://raffaele:8192/Service/test-consumer-fromidl-rtti-pragma-prefix/</con:endpoint><con:request><![CDATA[<soapenv:Envelope xmlns:soapenv="http://schemas.xmlsoap.org/soap/envelope/" xmlns:it="http://it.imolinfo.jbi4corba.test.rtti.rtti_test">
   <soapenv:Header/>
   <soapenv:Body>
      <it:enum_echo8>
         <it:msg>pippo</it:msg>
      </it:enum_echo8>
   </soapenv:Body>
</soapenv:Envelope>]]></con:request><con:assertion type="SOAP Fault Assertion"/><con:assertion type="SOAP Response"/><con:assertion type="Schema Compliance"><con:configuration><definition/></con:configuration></con:assertion><con:wsaConfig action="http://it.imolinfo.jbi4corba.test.rtti.rtti_test/rtti_test/enum_echo8" mustUnderstand="NONE" version="200508"/></con:request></con:config></con:testStep><con:testStep type="request" name="enum_echo9"><con:settings/><con:config xsi:type="con:RequestStep" xmlns:xsi="http://www.w3.org/2001/XMLSchema-instance"><con:interface>rtti_testCorbaBinding</con:interface><con:operation>enum_echo9</con:operation><con:request name="enum_echo9"><con:settings/><con:encoding>UTF-8</con:encoding><con:endpoint>http://raffaele:8192/Service/test-consumer-fromidl-rtti-pragma-prefix/</con:endpoint><con:request><![CDATA[<soapenv:Envelope xmlns:soapenv="http://schemas.xmlsoap.org/soap/envelope/" xmlns:it="http://it.imolinfo.jbi4corba.test.rtti.rtti_test" xmlns:rtt="http://rttitypes/">
   <soapenv:Header/>
   <soapenv:Body>
      <it:enum_echo9>
         <!--1 or more repetitions:-->
         <it:msg>
            <!--Zero or more repetitions:-->
            <rtt:item>
               <rtt:fieldBoolean>true</rtt:fieldBoolean>
               <rtt:fieldChar>3</rtt:fieldChar>
               <rtt:fieldWChar>
                  <!--You have a CHOICE of the next 3 items at this level-->
                  <rtt:alfanumeric>pippo</rtt:alfanumeric>
               </rtt:fieldWChar>
            </rtt:item>
            <rtt:item>
               <rtt:fieldBoolean>true</rtt:fieldBoolean>
               <rtt:fieldChar>3</rtt:fieldChar>
               <rtt:fieldWChar>
                  <!--You have a CHOICE of the next 3 items at this level-->
                  <rtt:alfanumeric>pippo</rtt:alfanumeric>
               </rtt:fieldWChar>
            </rtt:item>
            <rtt:item>
               <rtt:fieldBoolean>true</rtt:fieldBoolean>
               <rtt:fieldChar>3</rtt:fieldChar>
               <rtt:fieldWChar>
                  <!--You have a CHOICE of the next 3 items at this level-->
                  <rtt:alfanumeric>pippo</rtt:alfanumeric>
               </rtt:fieldWChar>
            </rtt:item>
         </it:msg>
         <it:msg>
            <!--Zero or more repetitions:-->
            <rtt:item>
               <rtt:fieldBoolean>true</rtt:fieldBoolean>
               <rtt:fieldChar>3</rtt:fieldChar>
               <rtt:fieldWChar>
                  <!--You have a CHOICE of the next 3 items at this level-->
                  <rtt:alfanumeric>pippo</rtt:alfanumeric>
               </rtt:fieldWChar>
            </rtt:item>
            <rtt:item>
               <rtt:fieldBoolean>true</rtt:fieldBoolean>
               <rtt:fieldChar>3</rtt:fieldChar>
               <rtt:fieldWChar>
                  <!--You have a CHOICE of the next 3 items at this level-->
                  <rtt:alfanumeric>pippo</rtt:alfanumeric>
               </rtt:fieldWChar>
            </rtt:item>
            <rtt:item>
               <rtt:fieldBoolean>true</rtt:fieldBoolean>
               <rtt:fieldChar>3</rtt:fieldChar>
               <rtt:fieldWChar>
                  <!--You have a CHOICE of the next 3 items at this level-->
                  <rtt:alfanumeric>pippo</rtt:alfanumeric>
               </rtt:fieldWChar>
            </rtt:item>
         </it:msg>
      </it:enum_echo9>
   </soapenv:Body>
</soapenv:Envelope>]]></con:request><con:assertion type="SOAP Fault Assertion"/><con:assertion type="SOAP Response"/><con:assertion type="Schema Compliance"><con:configuration><definition/></con:configuration></con:assertion><con:wsaConfig action="http://it.imolinfo.jbi4corba.test.rtti.rtti_test/rtti_test/enum_echo9" mustUnderstand="NONE" version="200508"/></con:request></con:config></con:testStep><con:properties/></con:testCase><con:properties/></con:testSuite><con:properties/><con:wssContainer/></con:soapui-project>