<?xml version="1.0" encoding="UTF-8"?>
<con:soapui-project name="test" soapui-version="1.7.5" xmlns:con="http://eviware.com/soapui/config"><con:settings><con:setting id="ProjectSettings@projectRoot">/home/mpottlap</con:setting></con:settings><con:interface name="binding1" bindingName="{http://localhost/Synchronous/Synchronous}binding1" soapVersion="1_1" definition="http://localhost:18181/Synchronous?WSDL"><con:settings/><con:endpoints><con:endpoint>http://bradley:18181/Synchronous</con:endpoint></con:endpoints><con:operation action="" name="operation1" bindingOperationName="operation1" inputName="input1" outputName="output1" isOneWay="false" receivesAttachments="false" sendsAttachments="false"><con:settings/><con:call name="Request 1"><con:settings/><con:encoding>UTF-8</con:encoding><con:endpoint>http://bradley:18181/Synchronous</con:endpoint><con:request><![CDATA[<soapenv:Envelope xmlns:soapenv="http://schemas.xmlsoap.org/soap/envelope/" xmlns:syn="http://xml.netbeans.org/schema/Synchronous">
   <soapenv:Header/>
   <soapenv:Body>
      <syn:typeA>
         <syn:paramA>test</syn:paramA>
      </syn:typeA>
   </soapenv:Body>
</soapenv:Envelope>]]></con:request></con:call></con:operation><con:definitionCache rootPart="http://localhost:18181/Synchronous?WSDL"><con:part><con:url>http://bradley:18181/SynchronousApplication-sun-http-binding/Synchronous/Synchronous.xsd</con:url><con:content><xsd:schema elementFormDefault="qualified" targetNamespace="http://xml.netbeans.org/schema/Synchronous" xmlns:xsd="http://www.w3.org/2001/XMLSchema" xmlns:tns="http://xml.netbeans.org/schema/Synchronous">

    <xsd:complexType name="simpleProcess">
        <xsd:sequence>
            <xsd:element name="paramA" type="xsd:string"/>
        </xsd:sequence>
    </xsd:complexType>

    <xsd:element name="typeA" type="tns:simpleProcess"/>
</xsd:schema></con:content><con:type>http://www.w3.org/2001/XMLSchema</con:type></con:part><con:part><con:url>http://localhost:18181/Synchronous?WSDL</con:url><con:content><definitions name="Synchronous" targetNamespace="http://localhost/Synchronous/Synchronous" xmlns="http://schemas.xmlsoap.org/wsdl/" xmlns:ns="http://xml.netbeans.org/schema/Synchronous" xmlns:wsdl="http://schemas.xmlsoap.org/wsdl/" xmlns:tns="http://localhost/Synchronous/Synchronous" xmlns:bpws="http://docs.oasis-open.org/wsbpel/2.0/varprop" xmlns:plink="http://docs.oasis-open.org/wsbpel/2.0/plnktype" xmlns:xsd="http://www.w3.org/2001/XMLSchema" xmlns:soap="http://schemas.xmlsoap.org/wsdl/soap/">
  <types>
    <xsd:schema targetNamespace="http://localhost/Synchronous/Synchronous">
            <xsd:import namespace="http://xml.netbeans.org/schema/Synchronous" schemaLocation="http://bradley:18181/SynchronousApplication-sun-http-binding/Synchronous/Synchronous.xsd"/>
        </xsd:schema>
  </types>
  <message name="requestMessage">
    <part name="inputType" element="ns:typeA">
    </part>
  </message>
  <message name="responseMessage">
    <part name="resultType" element="ns:typeA">
    </part>
  </message>
  <portType name="portType1">
    <operation name="operation1">
      <input name="input1" message="tns:requestMessage">
    </input>
      <output name="output1" message="tns:responseMessage">
    </output>
    </operation>
  </portType>
  <binding name="binding1" type="tns:portType1">
    <soap:binding style="document" transport="http://schemas.xmlsoap.org/soap/http"/>
    <operation name="operation1">
      <input name="input1">
        <soap:body use="literal"/>
      </input>
      <output name="output1">
        <soap:body use="literal"/>
      </output>
    </operation>
  </binding>
  <service name="service1">
    <port name="port1" binding="tns:binding1">
      <soap:address location="http://bradley:18181/Synchronous"/>
    </port>
  </service>
    <plink:partnerLinkType name="partnerlinktype1">
        <plink:role name="partnerlinktyperole1" portType="tns:portType1"/>
    </plink:partnerLinkType>
</definitions></con:content><con:type>http://schemas.xmlsoap.org/wsdl/</con:type></con:part></con:definitionCache></con:interface><con:interface name="EchoServiceSOAP11Binding" bindingName="{http://services.samples/xsd/reverse}EchoServiceSOAP11Binding" soapVersion="1_1" definition="http://localhost:18181/EchoProxy?WSDL"><con:settings/><con:endpoints><con:endpoint>http://bradley:18181/EchoProxy</con:endpoint></con:endpoints><con:operation action="urn:buyStocks" name="skcotSyubOperation" bindingOperationName="skcotSyubOperation" inputName="message" outputName="message" isOneWay="false" receivesAttachments="false" sendsAttachments="false"><con:settings/><con:call name="Request 1"><con:settings/><con:encoding>UTF-8</con:encoding><con:endpoint>http://bradley:18181/EchoProxy</con:endpoint><con:request><![CDATA[<soapenv:Envelope xmlns:soapenv="http://schemas.xmlsoap.org/soap/envelope/" xmlns:rev="http://services.samples/xsd/reverse">
   <soapenv:Header/>
   <soapenv:Body>
      <rev:skcotSyub>
         <redro>
            <lobmys>?</lobmys>
            <DIreyub>?</DIreyub>
            <ecirp>?</ecirp>
            <emulov>?</emulov>
         </redro>
      </rev:skcotSyub>
   </soapenv:Body>
</soapenv:Envelope>]]></con:request></con:call></con:operation><con:operation action="urn:buyStocks.110" name="skcotSyubOperation100K" bindingOperationName="skcotSyubOperation100K" inputName="message100K" outputName="message100K" isOneWay="false" receivesAttachments="false" sendsAttachments="false"><con:settings/><con:call name="Request 1"><con:settings/><con:encoding>UTF-8</con:encoding><con:endpoint>http://bradley:18181/EchoProxy</con:endpoint><con:request><![CDATA[<soapenv:Envelope xmlns:soapenv="http://schemas.xmlsoap.org/soap/envelope/" xmlns:rev="http://services.samples/xsd/reverse">
   <soapenv:Header/>
   <soapenv:Body>
      <rev:skcotSyub>
         <redro>
            <lobmys>?</lobmys>
            <DIreyub>?</DIreyub>
            <ecirp>?</ecirp>
            <emulov>?</emulov>
         </redro>
      </rev:skcotSyub>
   </soapenv:Body>
</soapenv:Envelope>]]></con:request></con:call></con:operation><con:operation action="urn:buyStocks.110.1" name="skcotSyubOperation100K1S" bindingOperationName="skcotSyubOperation100K1S" inputName="message100K1S" outputName="message100K1S" isOneWay="false" receivesAttachments="false" sendsAttachments="false"><con:settings/><con:call name="Request 1"><con:settings/><con:encoding>UTF-8</con:encoding><con:endpoint>http://bradley:18181/EchoProxy</con:endpoint><con:request><![CDATA[<soapenv:Envelope xmlns:soapenv="http://schemas.xmlsoap.org/soap/envelope/" xmlns:rev="http://services.samples/xsd/reverse">
   <soapenv:Header/>
   <soapenv:Body>
      <rev:skcotSyub>
         <redro>
            <lobmys>?</lobmys>
            <DIreyub>?</DIreyub>
            <ecirp>?</ecirp>
            <emulov>?</emulov>
         </redro>
      </rev:skcotSyub>
   </soapenv:Body>
</soapenv:Envelope>]]></con:request></con:call></con:operation><con:operation action="urn:buyStocks.110.5" name="skcotSyubOperation100K5S" bindingOperationName="skcotSyubOperation100K5S" inputName="message100K5S" outputName="message100K5S" isOneWay="false" receivesAttachments="false" sendsAttachments="false"><con:settings/><con:call name="Request 1"><con:settings/><con:encoding>UTF-8</con:encoding><con:endpoint>http://bradley:18181/EchoProxy</con:endpoint><con:request><![CDATA[<soapenv:Envelope xmlns:soapenv="http://schemas.xmlsoap.org/soap/envelope/" xmlns:rev="http://services.samples/xsd/reverse">
   <soapenv:Header/>
   <soapenv:Body>
      <rev:skcotSyub>
         <redro>
            <lobmys>?</lobmys>
            <DIreyub>?</DIreyub>
            <ecirp>?</ecirp>
            <emulov>?</emulov>
         </redro>
      </rev:skcotSyub>
   </soapenv:Body>
</soapenv:Envelope>]]></con:request></con:call></con:operation><con:operation action="urn:buyStocks.12" name="skcotSyubOperation10K" bindingOperationName="skcotSyubOperation10K" inputName="message10K" outputName="message10K" isOneWay="false" receivesAttachments="false" sendsAttachments="false"><con:settings/><con:call name="Request 1"><con:settings/><con:encoding>UTF-8</con:encoding><con:endpoint>http://bradley:18181/EchoProxy</con:endpoint><con:request><![CDATA[<soapenv:Envelope xmlns:soapenv="http://schemas.xmlsoap.org/soap/envelope/" xmlns:rev="http://services.samples/xsd/reverse">
   <soapenv:Header/>
   <soapenv:Body>
      <rev:skcotSyub>
<redro><lobmys>IBM</lobmys><DIreyub>asankha</DIreyub><ecirp>140.34</ecirp><emulov>2000</emulov></redro>
<redro><lobmys>MSFT</lobmys><DIreyub>ruwan</DIreyub><ecirp>23.56</ecirp><emulov>8030</emulov></redro>
<redro><lobmys>SUN</lobmys><DIreyub>indika</DIreyub><ecirp>14.56</ecirp><emulov>500</emulov></redro>
<redro><lobmys>GOOG</lobmys><DIreyub>chathura</DIreyub><ecirp>60.24</ecirp><emulov>40000</emulov></redro>
<redro><lobmys>IBM</lobmys><DIreyub>asankha</DIreyub><ecirp>140.34</ecirp><emulov>2000</emulov></redro>
<redro><lobmys>MSFT</lobmys><DIreyub>ruwan</DIreyub><ecirp>23.56</ecirp><emulov>8030</emulov></redro>
<redro><lobmys>SUN</lobmys><DIreyub>indika</DIreyub><ecirp>14.56</ecirp><emulov>500</emulov></redro>
<redro><lobmys>GOOG</lobmys><DIreyub>chathura</DIreyub><ecirp>60.24</ecirp><emulov>40000</emulov></redro>
<redro><lobmys>IBM</lobmys><DIreyub>asankha</DIreyub><ecirp>140.34</ecirp><emulov>2000</emulov></redro>
<redro><lobmys>MSFT</lobmys><DIreyub>ruwan</DIreyub><ecirp>23.56</ecirp><emulov>8030</emulov></redro>
<redro><lobmys>SUN</lobmys><DIreyub>indika</DIreyub><ecirp>14.56</ecirp><emulov>500</emulov></redro>
<redro><lobmys>GOOG</lobmys><DIreyub>chathura</DIreyub><ecirp>60.24</ecirp><emulov>40000</emulov></redro>
<redro><lobmys>IBM</lobmys><DIreyub>asankha</DIreyub><ecirp>140.34</ecirp><emulov>2000</emulov></redro>
<redro><lobmys>MSFT</lobmys><DIreyub>ruwan</DIreyub><ecirp>23.56</ecirp><emulov>8030</emulov></redro>
<redro><lobmys>SUN</lobmys><DIreyub>indika</DIreyub><ecirp>14.56</ecirp><emulov>500</emulov></redro>
<redro><lobmys>GOOG</lobmys><DIreyub>chathura</DIreyub><ecirp>60.24</ecirp><emulov>40000</emulov></redro>
<redro><lobmys>IBM</lobmys><DIreyub>asankha</DIreyub><ecirp>140.34</ecirp><emulov>2000</emulov></redro>
<redro><lobmys>MSFT</lobmys><DIreyub>ruwan</DIreyub><ecirp>23.56</ecirp><emulov>8030</emulov></redro>
<redro><lobmys>SUN</lobmys><DIreyub>indika</DIreyub><ecirp>14.56</ecirp><emulov>500</emulov></redro>
<redro><lobmys>GOOG</lobmys><DIreyub>chathura</DIreyub><ecirp>60.24</ecirp><emulov>40000</emulov></redro>
<redro><lobmys>IBM</lobmys><DIreyub>asankha</DIreyub><ecirp>140.34</ecirp><emulov>2000</emulov></redro>
<redro><lobmys>MSFT</lobmys><DIreyub>ruwan</DIreyub><ecirp>23.56</ecirp><emulov>8030</emulov></redro>
<redro><lobmys>SUN</lobmys><DIreyub>indika</DIreyub><ecirp>14.56</ecirp><emulov>500</emulov></redro>
<redro><lobmys>GOOG</lobmys><DIreyub>chathura</DIreyub><ecirp>60.24</ecirp><emulov>40000</emulov></redro>
<redro><lobmys>IBM</lobmys><DIreyub>asankha</DIreyub><ecirp>140.34</ecirp><emulov>2000</emulov></redro>
<redro><lobmys>MSFT</lobmys><DIreyub>ruwan</DIreyub><ecirp>23.56</ecirp><emulov>8030</emulov></redro>
<redro><lobmys>SUN</lobmys><DIreyub>indika</DIreyub><ecirp>14.56</ecirp><emulov>500</emulov></redro>
<redro><lobmys>GOOG</lobmys><DIreyub>chathura</DIreyub><ecirp>60.24</ecirp><emulov>40000</emulov></redro>
<redro><lobmys>IBM</lobmys><DIreyub>asankha</DIreyub><ecirp>140.34</ecirp><emulov>2000</emulov></redro>
<redro><lobmys>MSFT</lobmys><DIreyub>ruwan</DIreyub><ecirp>23.56</ecirp><emulov>8030</emulov></redro>
<redro><lobmys>SUN</lobmys><DIreyub>indika</DIreyub><ecirp>14.56</ecirp><emulov>500</emulov></redro>
<redro><lobmys>GOOG</lobmys><DIreyub>chathura</DIreyub><ecirp>60.24</ecirp><emulov>40000</emulov></redro>
<redro><lobmys>IBM</lobmys><DIreyub>asankha</DIreyub><ecirp>140.34</ecirp><emulov>2000</emulov></redro>
<redro><lobmys>MSFT</lobmys><DIreyub>ruwan</DIreyub><ecirp>23.56</ecirp><emulov>8030</emulov></redro>
<redro><lobmys>SUN</lobmys><DIreyub>indika</DIreyub><ecirp>14.56</ecirp><emulov>500</emulov></redro>
<redro><lobmys>GOOG</lobmys><DIreyub>chathura</DIreyub><ecirp>60.24</ecirp><emulov>40000</emulov></redro>
<redro><lobmys>IBM</lobmys><DIreyub>asankha</DIreyub><ecirp>140.34</ecirp><emulov>2000</emulov></redro>
<redro><lobmys>MSFT</lobmys><DIreyub>ruwan</DIreyub><ecirp>23.56</ecirp><emulov>8030</emulov></redro>
<redro><lobmys>SUN</lobmys><DIreyub>indika</DIreyub><ecirp>14.56</ecirp><emulov>500</emulov></redro>
<redro><lobmys>GOOG</lobmys><DIreyub>chathura</DIreyub><ecirp>60.24</ecirp><emulov>40000</emulov></redro>
<redro><lobmys>IBM</lobmys><DIreyub>asankha</DIreyub><ecirp>140.34</ecirp><emulov>2000</emulov></redro>
<redro><lobmys>MSFT</lobmys><DIreyub>ruwan</DIreyub><ecirp>23.56</ecirp><emulov>8030</emulov></redro>
<redro><lobmys>SUN</lobmys><DIreyub>indika</DIreyub><ecirp>14.56</ecirp><emulov>500</emulov></redro>
<redro><lobmys>GOOG</lobmys><DIreyub>chathura</DIreyub><ecirp>60.24</ecirp><emulov>40000</emulov></redro>
<redro><lobmys>IBM</lobmys><DIreyub>asankha</DIreyub><ecirp>140.34</ecirp><emulov>2000</emulov></redro>
<redro><lobmys>IBM</lobmys><DIreyub>asankha</DIreyub><ecirp>140.34</ecirp><emulov>2000</emulov></redro>
<redro><lobmys>MSFT</lobmys><DIreyub>ruwan</DIreyub><ecirp>23.56</ecirp><emulov>8030</emulov></redro>
<redro><lobmys>SUN</lobmys><DIreyub>indika</DIreyub><ecirp>14.56</ecirp><emulov>500</emulov></redro>
<redro><lobmys>GOOG</lobmys><DIreyub>chathura</DIreyub><ecirp>60.24</ecirp><emulov>40000</emulov></redro>
<redro><lobmys>IBM</lobmys><DIreyub>asankha</DIreyub><ecirp>140.34</ecirp><emulov>2000</emulov></redro>
<redro><lobmys>MSFT</lobmys><DIreyub>ruwan</DIreyub><ecirp>23.56</ecirp><emulov>8030</emulov></redro>
<redro><lobmys>SUN</lobmys><DIreyub>indika</DIreyub><ecirp>14.56</ecirp><emulov>500</emulov></redro>
<redro><lobmys>GOOG</lobmys><DIreyub>chathura</DIreyub><ecirp>60.24</ecirp><emulov>40000</emulov></redro>
<redro><lobmys>IBM</lobmys><DIreyub>asankha</DIreyub><ecirp>140.34</ecirp><emulov>2000</emulov></redro>
<redro><lobmys>MSFT</lobmys><DIreyub>ruwan</DIreyub><ecirp>23.56</ecirp><emulov>8030</emulov></redro>
<redro><lobmys>SUN</lobmys><DIreyub>indika</DIreyub><ecirp>14.56</ecirp><emulov>500</emulov></redro>
<redro><lobmys>GOOG</lobmys><DIreyub>chathura</DIreyub><ecirp>60.24</ecirp><emulov>40000</emulov></redro>
<redro><lobmys>IBM</lobmys><DIreyub>asankha</DIreyub><ecirp>140.34</ecirp><emulov>2000</emulov></redro>
<redro><lobmys>MSFT</lobmys><DIreyub>ruwan</DIreyub><ecirp>23.56</ecirp><emulov>8030</emulov></redro>
<redro><lobmys>SUN</lobmys><DIreyub>indika</DIreyub><ecirp>14.56</ecirp><emulov>500</emulov></redro>
<redro><lobmys>GOOG</lobmys><DIreyub>chathura</DIreyub><ecirp>60.24</ecirp><emulov>40000</emulov></redro>
<redro><lobmys>IBM</lobmys><DIreyub>asankha</DIreyub><ecirp>140.34</ecirp><emulov>2000</emulov></redro>
<redro><lobmys>MSFT</lobmys><DIreyub>ruwan</DIreyub><ecirp>23.56</ecirp><emulov>8030</emulov></redro>
<redro><lobmys>SUN</lobmys><DIreyub>indika</DIreyub><ecirp>14.56</ecirp><emulov>500</emulov></redro>
<redro><lobmys>GOOG</lobmys><DIreyub>chathura</DIreyub><ecirp>60.24</ecirp><emulov>40000</emulov></redro>
<redro><lobmys>IBM</lobmys><DIreyub>asankha</DIreyub><ecirp>140.34</ecirp><emulov>2000</emulov></redro>
<redro><lobmys>MSFT</lobmys><DIreyub>ruwan</DIreyub><ecirp>23.56</ecirp><emulov>8030</emulov></redro>
<redro><lobmys>SUN</lobmys><DIreyub>indika</DIreyub><ecirp>14.56</ecirp><emulov>500</emulov></redro>
<redro><lobmys>GOOG</lobmys><DIreyub>chathura</DIreyub><ecirp>60.24</ecirp><emulov>40000</emulov></redro>
<redro><lobmys>IBM</lobmys><DIreyub>asankha</DIreyub><ecirp>140.34</ecirp><emulov>2000</emulov></redro>
<redro><lobmys>MSFT</lobmys><DIreyub>ruwan</DIreyub><ecirp>23.56</ecirp><emulov>8030</emulov></redro>
<redro><lobmys>SUN</lobmys><DIreyub>indika</DIreyub><ecirp>14.56</ecirp><emulov>500</emulov></redro>
<redro><lobmys>GOOG</lobmys><DIreyub>chathura</DIreyub><ecirp>60.24</ecirp><emulov>40000</emulov></redro>
<redro><lobmys>IBM</lobmys><DIreyub>asankha</DIreyub><ecirp>140.34</ecirp><emulov>2000</emulov></redro>
<redro><lobmys>MSFT</lobmys><DIreyub>ruwan</DIreyub><ecirp>23.56</ecirp><emulov>8030</emulov></redro>
<redro><lobmys>SUN</lobmys><DIreyub>indika</DIreyub><ecirp>14.56</ecirp><emulov>500</emulov></redro>
<redro><lobmys>GOOG</lobmys><DIreyub>chathura</DIreyub><ecirp>60.24</ecirp><emulov>40000</emulov></redro>
<redro><lobmys>IBM</lobmys><DIreyub>asankha</DIreyub><ecirp>140.34</ecirp><emulov>2000</emulov></redro>
<redro><lobmys>MSFT</lobmys><DIreyub>ruwan</DIreyub><ecirp>23.56</ecirp><emulov>8030</emulov></redro>
<redro><lobmys>SUN</lobmys><DIreyub>indika</DIreyub><ecirp>14.56</ecirp><emulov>500</emulov></redro>
<redro><lobmys>GOOG</lobmys><DIreyub>chathura</DIreyub><ecirp>60.24</ecirp><emulov>40000</emulov></redro>
<redro><lobmys>IBM</lobmys><DIreyub>asankha</DIreyub><ecirp>140.34</ecirp><emulov>2000</emulov></redro>
<redro><lobmys>MSFT</lobmys><DIreyub>ruwan</DIreyub><ecirp>23.56</ecirp><emulov>8030</emulov></redro>
<redro><lobmys>SUN</lobmys><DIreyub>indika</DIreyub><ecirp>14.56</ecirp><emulov>500</emulov></redro>
<redro><lobmys>GOOG</lobmys><DIreyub>chathura</DIreyub><ecirp>60.24</ecirp><emulov>40000</emulov></redro>
<redro><lobmys>IBM</lobmys><DIreyub>asankha</DIreyub><ecirp>140.34</ecirp><emulov>2000</emulov></redro>
<redro><lobmys>MSFT</lobmys><DIreyub>ruwan</DIreyub><ecirp>23.56</ecirp><emulov>8030</emulov></redro>
<redro><lobmys>SUN</lobmys><DIreyub>indika</DIreyub><ecirp>14.56</ecirp><emulov>500</emulov></redro>
<redro><lobmys>GOOG</lobmys><DIreyub>chathura</DIreyub><ecirp>60.24</ecirp><emulov>40000</emulov></redro>
<redro><lobmys>IBM</lobmys><DIreyub>asankha</DIreyub><ecirp>140.34</ecirp><emulov>2000</emulov></redro>
<redro><lobmys>MSFT</lobmys><DIreyub>ruwan</DIreyub><ecirp>23.56</ecirp><emulov>8030</emulov></redro>
<redro><lobmys>SUN</lobmys><DIreyub>indika</DIreyub><ecirp>14.56</ecirp><emulov>500</emulov></redro>
<redro><lobmys>GOOG</lobmys><DIreyub>chathura</DIreyub><ecirp>60.24</ecirp><emulov>40000</emulov></redro>
<redro><lobmys>IBM</lobmys><DIreyub>asankha</DIreyub><ecirp>140.34</ecirp><emulov>2000</emulov></redro>
<redro><lobmys>MSFT</lobmys><DIreyub>ruwan</DIreyub><ecirp>23.56</ecirp><emulov>8030</emulov></redro>
<redro><lobmys>MSFT</lobmys><DIreyub>ruwan</DIreyub><ecirp>23.56</ecirp><emulov>8030</emulov></redro>
<redro><lobmys>SUN</lobmys><DIreyub>indika</DIreyub><ecirp>14.56</ecirp><emulov>500000000000000000000000000000A</emulov></redro>
      </rev:skcotSyub>
   </soapenv:Body>
</soapenv:Envelope>]]></con:request></con:call></con:operation><con:operation action="urn:buyStocks.12.1" name="skcotSyubOperation10K1S" bindingOperationName="skcotSyubOperation10K1S" inputName="message10K1S" outputName="message10K1S" isOneWay="false" receivesAttachments="false" sendsAttachments="false"><con:settings/><con:call name="Request 1"><con:settings/><con:encoding>UTF-8</con:encoding><con:endpoint>http://bradley:18181/EchoProxy</con:endpoint><con:request><![CDATA[<soapenv:Envelope xmlns:soapenv="http://schemas.xmlsoap.org/soap/envelope/" xmlns:rev="http://services.samples/xsd/reverse">
   <soapenv:Header/>
   <soapenv:Body>
      <rev:skcotSyub>
         <redro>
            <lobmys>?</lobmys>
            <DIreyub>?</DIreyub>
            <ecirp>?</ecirp>
            <emulov>?</emulov>
         </redro>
      </rev:skcotSyub>
   </soapenv:Body>
</soapenv:Envelope>]]></con:request></con:call></con:operation><con:operation action="urn:buyStocks.12.5" name="skcotSyubOperation10K5S" bindingOperationName="skcotSyubOperation10K5S" inputName="message10K5S" outputName="message10K5S" isOneWay="false" receivesAttachments="false" sendsAttachments="false"><con:settings/><con:call name="Request 1"><con:settings/><con:encoding>UTF-8</con:encoding><con:endpoint>http://bradley:18181/EchoProxy</con:endpoint><con:request><![CDATA[<soapenv:Envelope xmlns:soapenv="http://schemas.xmlsoap.org/soap/envelope/" xmlns:rev="http://services.samples/xsd/reverse">
   <soapenv:Header/>
   <soapenv:Body>
      <rev:skcotSyub>
         <redro>
            <lobmys>?</lobmys>
            <DIreyub>?</DIreyub>
            <ecirp>?</ecirp>
            <emulov>?</emulov>
         </redro>
      </rev:skcotSyub>
   </soapenv:Body>
</soapenv:Envelope>]]></con:request></con:call></con:operation><con:operation action="urn:buyStocks.2" name="skcotSyubOperation1K" bindingOperationName="skcotSyubOperation1K" inputName="message1K" outputName="message1K" isOneWay="false" receivesAttachments="false" sendsAttachments="false"><con:settings/><con:call name="Request 1"><con:settings/><con:encoding>UTF-8</con:encoding><con:endpoint>http://bradley:18181/EchoProxy</con:endpoint><con:request><![CDATA[<soapenv:Envelope xmlns:soapenv="http://schemas.xmlsoap.org/soap/envelope/" xmlns:rev="http://services.samples/xsd/reverse">
   <soapenv:Header/>
   <soapenv:Body>
      <rev:skcotSyub>
<redro><lobmys>IBM</lobmys><DIreyub>asankha</DIreyub><ecirp>140.34</ecirp><emulov>2000</emulov></redro>
<redro><lobmys>MSFT</lobmys><DIreyub>ruwan</DIreyub><ecirp>23.56</ecirp><emulov>8030</emulov></redro>
<redro><lobmys>SUN</lobmys><DIreyub>indika</DIreyub><ecirp>14.56</ecirp><emulov>500</emulov></redro>
<redro><lobmys>GOOG</lobmys><DIreyub>chathura</DIreyub><ecirp>60.24</ecirp><emulov>40000</emulov></redro>
<redro><lobmys>IBM</lobmys><DIreyub>asankha</DIreyub><ecirp>140.34</ecirp><emulov>2000</emulov></redro>
<redro><lobmys>MSFT</lobmys><DIreyub>ruwan</DIreyub><ecirp>23.56</ecirp><emulov>8030</emulov></redro>
<redro><lobmys>SUN</lobmys><DIreyub>indika</DIreyub><ecirp>14.56</ecirp><emulov>500</emulov></redro>
<redro><lobmys>GOOG</lobmys><DIreyub>saliya</DIreyub><ecirp>60.24</ecirp><emulov>4000</emulov></redro>
</rev:skcotSyub>
   </soapenv:Body>
</soapenv:Envelope>]]></con:request></con:call></con:operation><con:operation action="urn:buyStocks.2.1" name="skcotSyubOperation1K1S" bindingOperationName="skcotSyubOperation1K1S" inputName="message1K1S" outputName="message1K1S" isOneWay="false" receivesAttachments="false" sendsAttachments="false"><con:settings/><con:call name="Request 1"><con:settings/><con:encoding>UTF-8</con:encoding><con:endpoint>http://bradley:18181/EchoProxy</con:endpoint><con:request><![CDATA[<soapenv:Envelope xmlns:soapenv="http://schemas.xmlsoap.org/soap/envelope/" xmlns:rev="http://services.samples/xsd/reverse">
   <soapenv:Header/>
   <soapenv:Body>
      <rev:skcotSyub>
         <redro>
            <lobmys>?</lobmys>
            <DIreyub>?</DIreyub>
            <ecirp>?</ecirp>
            <emulov>?</emulov>
         </redro>
      </rev:skcotSyub>
   </soapenv:Body>
</soapenv:Envelope>]]></con:request></con:call></con:operation><con:operation action="urn:buyStocks.2.5" name="skcotSyubOperation1K5S" bindingOperationName="skcotSyubOperation1K5S" inputName="message1K5S" outputName="message1K5S" isOneWay="false" receivesAttachments="false" sendsAttachments="false"><con:settings/><con:call name="Request 1"><con:settings/><con:encoding>UTF-8</con:encoding><con:endpoint>http://bradley:18181/EchoProxy</con:endpoint><con:request><![CDATA[<soapenv:Envelope xmlns:soapenv="http://schemas.xmlsoap.org/soap/envelope/" xmlns:rev="http://services.samples/xsd/reverse">
   <soapenv:Header/>
   <soapenv:Body>
      <rev:skcotSyub>
         <redro>
            <lobmys>?</lobmys>
            <DIreyub>?</DIreyub>
            <ecirp>?</ecirp>
            <emulov>?</emulov>
         </redro>
      </rev:skcotSyub>
   </soapenv:Body>
</soapenv:Envelope>]]></con:request></con:call></con:operation><con:operation action="urn:buyStocks.520" name="skcotSyubOperation500K" bindingOperationName="skcotSyubOperation500K" inputName="message500K" outputName="message500K" isOneWay="false" receivesAttachments="false" sendsAttachments="false"><con:settings/><con:call name="Request 1"><con:settings/><con:encoding>UTF-8</con:encoding><con:endpoint>http://bradley:18181/EchoProxy</con:endpoint><con:request><![CDATA[<soapenv:Envelope xmlns:soapenv="http://schemas.xmlsoap.org/soap/envelope/" xmlns:rev="http://services.samples/xsd/reverse">
   <soapenv:Header/>
   <soapenv:Body>
      <rev:skcotSyub>
         <redro>
            <lobmys>?</lobmys>
            <DIreyub>?</DIreyub>
            <ecirp>?</ecirp>
            <emulov>?</emulov>
         </redro>
      </rev:skcotSyub>
   </soapenv:Body>
</soapenv:Envelope>]]></con:request></con:call></con:operation><con:operation action="urn:buyStocks.520.1" name="skcotSyubOperation500K1S" bindingOperationName="skcotSyubOperation500K1S" inputName="message500K1S" outputName="message500K1S" isOneWay="false" receivesAttachments="false" sendsAttachments="false"><con:settings/><con:call name="Request 1"><con:settings/><con:encoding>UTF-8</con:encoding><con:endpoint>http://bradley:18181/EchoProxy</con:endpoint><con:request><![CDATA[<soapenv:Envelope xmlns:soapenv="http://schemas.xmlsoap.org/soap/envelope/" xmlns:rev="http://services.samples/xsd/reverse">
   <soapenv:Header/>
   <soapenv:Body>
      <rev:skcotSyub>
         <redro>
            <lobmys>?</lobmys>
            <DIreyub>?</DIreyub>
            <ecirp>?</ecirp>
            <emulov>?</emulov>
         </redro>
      </rev:skcotSyub>
   </soapenv:Body>
</soapenv:Envelope>]]></con:request></con:call></con:operation><con:operation action="urn:buyStocks.520.5" name="skcotSyubOperation500K5S" bindingOperationName="skcotSyubOperation500K5S" inputName="message500K5S" outputName="message500K5S" isOneWay="false" receivesAttachments="false" sendsAttachments="false"><con:settings/><con:call name="Request 1"><con:settings/><con:encoding>UTF-8</con:encoding><con:endpoint>http://bradley:18181/EchoProxy</con:endpoint><con:request><![CDATA[<soapenv:Envelope xmlns:soapenv="http://schemas.xmlsoap.org/soap/envelope/" xmlns:rev="http://services.samples/xsd/reverse">
   <soapenv:Header/>
   <soapenv:Body>
      <rev:skcotSyub>
         <redro>
            <lobmys>?</lobmys>
            <DIreyub>?</DIreyub>
            <ecirp>?</ecirp>
            <emulov>?</emulov>
         </redro>
      </rev:skcotSyub>
   </soapenv:Body>
</soapenv:Envelope>]]></con:request></con:call></con:operation><con:operation action="urn:buyStocks.6" name="skcotSyubOperation5K" bindingOperationName="skcotSyubOperation5K" inputName="message5K" outputName="message5K" isOneWay="false" receivesAttachments="false" sendsAttachments="false"><con:settings/><con:call name="Request 1"><con:settings/><con:encoding>UTF-8</con:encoding><con:endpoint>http://bradley:18181/EchoProxy</con:endpoint><con:request><![CDATA[<soapenv:Envelope xmlns:soapenv="http://schemas.xmlsoap.org/soap/envelope/" xmlns:rev="http://services.samples/xsd/reverse">
   <soapenv:Header/>
   <soapenv:Body>
      <rev:skcotSyub>
         <redro>
            <lobmys>?</lobmys>
            <DIreyub>?</DIreyub>
            <ecirp>?</ecirp>
            <emulov>?</emulov>
         </redro>
      </rev:skcotSyub>
   </soapenv:Body>
</soapenv:Envelope>]]></con:request></con:call></con:operation><con:operation action="urn:buyStocks.6.1" name="skcotSyubOperation5K1S" bindingOperationName="skcotSyubOperation5K1S" inputName="message5K1S" outputName="message5K1S" isOneWay="false" receivesAttachments="false" sendsAttachments="false"><con:settings/><con:call name="Request 1"><con:settings/><con:encoding>UTF-8</con:encoding><con:endpoint>http://bradley:18181/EchoProxy</con:endpoint><con:request><![CDATA[<soapenv:Envelope xmlns:soapenv="http://schemas.xmlsoap.org/soap/envelope/" xmlns:rev="http://services.samples/xsd/reverse">
   <soapenv:Header/>
   <soapenv:Body>
      <rev:skcotSyub>
         <redro>
            <lobmys>?</lobmys>
            <DIreyub>?</DIreyub>
            <ecirp>?</ecirp>
            <emulov>?</emulov>
         </redro>
      </rev:skcotSyub>
   </soapenv:Body>
</soapenv:Envelope>]]></con:request></con:call></con:operation><con:operation action="urn:buyStocks.6.5" name="skcotSyubOperation5K5S" bindingOperationName="skcotSyubOperation5K5S" inputName="message5K5S" outputName="message5K5S" isOneWay="false" receivesAttachments="false" sendsAttachments="false"><con:settings/><con:call name="Request 1"><con:settings/><con:encoding>UTF-8</con:encoding><con:endpoint>http://bradley:18181/EchoProxy</con:endpoint><con:request><![CDATA[<soapenv:Envelope xmlns:soapenv="http://schemas.xmlsoap.org/soap/envelope/" xmlns:rev="http://services.samples/xsd/reverse">
   <soapenv:Header/>
   <soapenv:Body>
      <rev:skcotSyub>
         <redro>
            <lobmys>?</lobmys>
            <DIreyub>?</DIreyub>
            <ecirp>?</ecirp>
            <emulov>?</emulov>
         </redro>
      </rev:skcotSyub>
   </soapenv:Body>
</soapenv:Envelope>]]></con:request></con:call></con:operation><con:definitionCache rootPart="http://localhost:18181/EchoProxy?WSDL"><con:part><con:url>http://bradley:18181/TransformationApp-sun-http-binding/Transformation/ReverseSchema.xsd</con:url><con:content><xsd:schema elementFormDefault="unqualified" targetNamespace="http://services.samples/xsd/reverse" xmlns:xsd="http://www.w3.org/2001/XMLSchema" xmlns:tns="http://services.samples/xsd/reverse">
    <xsd:complexType name="skcotSyuB">
        <xsd:sequence>
            <xsd:element name="redro">
                <xsd:complexType>
                    <xsd:sequence>
                        <xsd:element name="lobmys" type="xsd:string"/>
                        <xsd:element name="DIreyub" type="xsd:string"/>
                        <xsd:element name="ecirp" type="xsd:double"/>
                        <xsd:element name="emulov" type="xsd:int"/>
                    </xsd:sequence>
                </xsd:complexType>
            </xsd:element>
        </xsd:sequence>
    </xsd:complexType>
    <xsd:element name="skcotSyub" type="tns:skcotSyuB"/>
</xsd:schema></con:content><con:type>http://www.w3.org/2001/XMLSchema</con:type></con:part><con:part><con:url>http://localhost:18181/EchoProxy?WSDL</con:url><con:content><definitions name="EchoWSDL" targetNamespace="http://services.samples/xsd/reverse" xmlns="http://schemas.xmlsoap.org/wsdl/" xmlns:plnk="http://docs.oasis-open.org/wsbpel/2.0/plnktype" xmlns:wsdl="http://schemas.xmlsoap.org/wsdl/" xmlns:tns="http://services.samples/xsd/reverse" xmlns:xsd="http://www.w3.org/2001/XMLSchema" xmlns:soap="http://schemas.xmlsoap.org/wsdl/soap/">
  <types>
    <xsd:schema targetNamespace="http://j2ee.netbeans.org/wsdl/newWSDL" xmlns:ns1="http://services.samples/xsd/reverse">
            <xsd:import namespace="http://services.samples/xsd/reverse" schemaLocation="http://bradley:18181/TransformationApp-sun-http-binding/Transformation/ReverseSchema.xsd"/>
        </xsd:schema>
  </types>
  <message name="EchoOperationRequest">
    <part name="parameters" element="tns:skcotSyub">
    </part>
  </message>
  <message name="EchoOperationResponse">
    <part name="parameters" element="tns:skcotSyub">
    </part>
  </message>
  <portType name="skcotSyubPortType">
    <operation name="skcotSyubOperation">
      <input name="message" message="tns:EchoOperationRequest">
    </input>
      <output name="message" message="tns:EchoOperationResponse">
    </output>
    </operation>
    <operation name="skcotSyubOperation1K">
      <input name="message1K" message="tns:EchoOperationRequest">
    </input>
      <output name="message1K" message="tns:EchoOperationResponse">
    </output>
    </operation>
    <operation name="skcotSyubOperation5K">
      <input name="message5K" message="tns:EchoOperationRequest">
    </input>
      <output name="message5K" message="tns:EchoOperationResponse">
    </output>
    </operation>
    <operation name="skcotSyubOperation10K">
      <input name="message10K" message="tns:EchoOperationRequest">
    </input>
      <output name="message10K" message="tns:EchoOperationResponse">
    </output>
    </operation>
    <operation name="skcotSyubOperation100K">
      <input name="message100K" message="tns:EchoOperationRequest">
    </input>
      <output name="message100K" message="tns:EchoOperationResponse">
    </output>
    </operation>
    <operation name="skcotSyubOperation500K">
      <input name="message500K" message="tns:EchoOperationRequest">
    </input>
      <output name="message500K" message="tns:EchoOperationResponse">
    </output>
    </operation>
    <operation name="skcotSyubOperation1K1S">
      <input name="message1K1S" message="tns:EchoOperationRequest">
    </input>
      <output name="message1K1S" message="tns:EchoOperationResponse">
    </output>
    </operation>
    <operation name="skcotSyubOperation5K1S">
      <input name="message5K1S" message="tns:EchoOperationRequest">
    </input>
      <output name="message5K1S" message="tns:EchoOperationResponse">
    </output>
    </operation>
    <operation name="skcotSyubOperation10K1S">
      <input name="message10K1S" message="tns:EchoOperationRequest">
    </input>
      <output name="message10K1S" message="tns:EchoOperationResponse">
    </output>
    </operation>
    <operation name="skcotSyubOperation100K1S">
      <input name="message100K1S" message="tns:EchoOperationRequest">
    </input>
      <output name="message100K1S" message="tns:EchoOperationResponse">
    </output>
    </operation>
    <operation name="skcotSyubOperation500K1S">
      <input name="message500K1S" message="tns:EchoOperationRequest">
    </input>
      <output name="message500K1S" message="tns:EchoOperationResponse">
    </output>
    </operation>
    <operation name="skcotSyubOperation1K5S">
      <input name="message1K5S" message="tns:EchoOperationRequest">
    </input>
      <output name="message1K5S" message="tns:EchoOperationResponse">
    </output>
    </operation>
    <operation name="skcotSyubOperation5K5S">
      <input name="message5K5S" message="tns:EchoOperationRequest">
    </input>
      <output name="message5K5S" message="tns:EchoOperationResponse">
    </output>
    </operation>
    <operation name="skcotSyubOperation10K5S">
      <input name="message10K5S" message="tns:EchoOperationRequest">
    </input>
      <output name="message10K5S" message="tns:EchoOperationResponse">
    </output>
    </operation>
    <operation name="skcotSyubOperation100K5S">
      <input name="message100K5S" message="tns:EchoOperationRequest">
    </input>
      <output name="message100K5S" message="tns:EchoOperationResponse">
    </output>
    </operation>
    <operation name="skcotSyubOperation500K5S">
      <input name="message500K5S" message="tns:EchoOperationRequest">
    </input>
      <output name="message500K5S" message="tns:EchoOperationResponse">
    </output>
    </operation>
  </portType>
  <binding name="EchoServiceSOAP11Binding" type="tns:skcotSyubPortType">
    <soap:binding style="document" transport="http://schemas.xmlsoap.org/soap/http"/>
    <operation name="skcotSyubOperation">
      <soap:operation soapAction="urn:buyStocks" style="document"/>
      <input name="message">
        <soap:body use="literal"/>
      </input>
      <output name="message">
        <soap:body use="literal"/>
      </output>
    </operation>
    <operation name="skcotSyubOperation1K">
      <soap:operation soapAction="urn:buyStocks.2" style="document"/>
      <input name="message1K">
        <soap:body use="literal"/>
      </input>
      <output name="message1K">
        <soap:body use="literal"/>
      </output>
    </operation>
    <operation name="skcotSyubOperation5K">
      <soap:operation soapAction="urn:buyStocks.6" style="document"/>
      <input name="message5K">
        <soap:body use="literal"/>
      </input>
      <output name="message5K">
        <soap:body use="literal"/>
      </output>
    </operation>
    <operation name="skcotSyubOperation10K">
      <soap:operation soapAction="urn:buyStocks.12" style="document"/>
      <input name="message10K">
        <soap:body use="literal"/>
      </input>
      <output name="message10K">
        <soap:body use="literal"/>
      </output>
    </operation>
    <operation name="skcotSyubOperation100K">
      <soap:operation soapAction="urn:buyStocks.110" style="document"/>
      <input name="message100K">
        <soap:body use="literal"/>
      </input>
      <output name="message100K">
        <soap:body use="literal"/>
      </output>
    </operation>
    <operation name="skcotSyubOperation500K">
      <soap:operation soapAction="urn:buyStocks.520" style="document"/>
      <input name="message500K">
        <soap:body use="literal"/>
      </input>
      <output name="message500K">
        <soap:body use="literal"/>
      </output>
    </operation>
    <operation name="skcotSyubOperation1K1S">
      <soap:operation soapAction="urn:buyStocks.2.1" style="document"/>
      <input name="message1K1S">
        <soap:body use="literal"/>
      </input>
      <output name="message1K1S">
        <soap:body use="literal"/>
      </output>
    </operation>
    <operation name="skcotSyubOperation5K1S">
      <soap:operation soapAction="urn:buyStocks.6.1" style="document"/>
      <input name="message5K1S">
        <soap:body use="literal"/>
      </input>
      <output name="message5K1S">
        <soap:body use="literal"/>
      </output>
    </operation>
    <operation name="skcotSyubOperation10K1S">
      <soap:operation soapAction="urn:buyStocks.12.1" style="document"/>
      <input name="message10K1S">
        <soap:body use="literal"/>
      </input>
      <output name="message10K1S">
        <soap:body use="literal"/>
      </output>
    </operation>
    <operation name="skcotSyubOperation100K1S">
      <soap:operation soapAction="urn:buyStocks.110.1" style="document"/>
      <input name="message100K1S">
        <soap:body use="literal"/>
      </input>
      <output name="message100K1S">
        <soap:body use="literal"/>
      </output>
    </operation>
    <operation name="skcotSyubOperation500K1S">
      <soap:operation soapAction="urn:buyStocks.520.1" style="document"/>
      <input name="message500K1S">
        <soap:body use="literal"/>
      </input>
      <output name="message500K1S">
        <soap:body use="literal"/>
      </output>
    </operation>
    <operation name="skcotSyubOperation1K5S">
      <soap:operation soapAction="urn:buyStocks.2.5" style="document"/>
      <input name="message1K5S">
        <soap:body use="literal"/>
      </input>
      <output name="message1K5S">
        <soap:body use="literal"/>
      </output>
    </operation>
    <operation name="skcotSyubOperation5K5S">
      <soap:operation soapAction="urn:buyStocks.6.5" style="document"/>
      <input name="message5K5S">
        <soap:body use="literal"/>
      </input>
      <output name="message5K5S">
        <soap:body use="literal"/>
      </output>
    </operation>
    <operation name="skcotSyubOperation10K5S">
      <soap:operation soapAction="urn:buyStocks.12.5" style="document"/>
      <input name="message10K5S">
        <soap:body use="literal"/>
      </input>
      <output name="message10K5S">
        <soap:body use="literal"/>
      </output>
    </operation>
    <operation name="skcotSyubOperation100K5S">
      <soap:operation soapAction="urn:buyStocks.110.5" style="document"/>
      <input name="message100K5S">
        <soap:body use="literal"/>
      </input>
      <output name="message100K5S">
        <soap:body use="literal"/>
      </output>
    </operation>
    <operation name="skcotSyubOperation500K5S">
      <soap:operation soapAction="urn:buyStocks.520.5" style="document"/>
      <input name="message500K5S">
        <soap:body use="literal"/>
      </input>
      <output name="message500K5S">
        <soap:body use="literal"/>
      </output>
    </operation>
  </binding>
  <service name="EchoService">
    <port name="EchoServicePort" binding="tns:EchoServiceSOAP11Binding">
      <soap:address location="http://bradley:18181/EchoProxy"/>
    </port>
  </service>
    <plnk:partnerLinkType name="EchoWSDL">
        <!-- A partner link type is automatically generated when a new port type is added. Partner link types are used by BPEL processes. 
In a BPEL process, a partner link represents the interaction between the BPEL process and a partner service. Each partner link is associated with a partner link type.
A partner link type characterizes the conversational relationship between two services. The partner link type can have one or two roles.-->
        <plnk:role name="EchoWSDLPortTypeRole" portType="tns:skcotSyubPortType"/>
    </plnk:partnerLinkType>
</definitions></con:content><con:type>http://schemas.xmlsoap.org/wsdl/</con:type></con:part></con:definitionCache></con:interface><con:testSuite name="TestSuite 1"><con:settings/><con:runType>SEQUENTIAL</con:runType><con:testCase failOnError="true" failTestCaseOnErrors="true" keepSession="false" name="TestCase 1" searchProperties="true"><con:settings/><con:testStep type="request" name="operation1 - Request 1"><con:settings/><con:config xsi:type="con:RequestStep" xmlns:xsi="http://www.w3.org/2001/XMLSchema-instance"><con:interface>binding1</con:interface><con:operation>operation1</con:operation><con:request name="operation1 - Request 1" wssPasswordType=""><con:settings><con:setting id="com.eviware.soapui.impl.wsdl.WsdlRequest@request-headers">&lt;xml-fragment/></con:setting></con:settings><con:encoding>UTF-8</con:encoding><con:endpoint>http://bradley:18181/Synchronous</con:endpoint><con:request><![CDATA[<soapenv:Envelope xmlns:soapenv="http://schemas.xmlsoap.org/soap/envelope/" xmlns:syn="http://xml.netbeans.org/schema/Synchronous">
   <soapenv:Header/>
   <soapenv:Body>
      <syn:typeA>
         <syn:paramA>test</syn:paramA>
      </syn:typeA>
   </soapenv:Body>
</soapenv:Envelope>]]></con:request><con:assertion type="SOAP Response"/></con:request></con:config></con:testStep><con:loadTest name="LoadTest 1"><con:settings/><con:threadCount>5</con:threadCount><con:startDelay>0</con:startDelay><con:sampleInterval>250</con:sampleInterval><con:calculateTPSOnTimePassed>false</con:calculateTPSOnTimePassed><con:resetStatisticsOnThreadCountChange>true</con:resetStatisticsOnThreadCountChange><con:historyLimit>-1</con:historyLimit><con:testLimit>60</con:testLimit><con:limitType>TIME</con:limitType><con:loadStrategy><con:type>Simple</con:type><con:config><testDelay>0</testDelay><randomFactor>0.0</randomFactor></con:config></con:loadStrategy><con:assertion type="Step Status" name="Step Status"/></con:loadTest></con:testCase></con:testSuite><con:testSuite name="TestSuite 2"><con:settings/><con:runType>SEQUENTIAL</con:runType><con:testCase failOnError="true" failTestCaseOnErrors="true" keepSession="false" name="TestCase 1" searchProperties="true"><con:settings/><con:testStep type="request" name="skcotSyubOperation1K - Request 1"><con:settings/><con:config xsi:type="con:RequestStep" xmlns:xsi="http://www.w3.org/2001/XMLSchema-instance"><con:interface>EchoServiceSOAP11Binding</con:interface><con:operation>skcotSyubOperation1K</con:operation><con:request name="skcotSyubOperation1K - Request 1" wssPasswordType=""><con:settings><con:setting id="com.eviware.soapui.impl.wsdl.WsdlRequest@request-headers">&lt;xml-fragment/></con:setting></con:settings><con:encoding>UTF-8</con:encoding><con:endpoint>http://bradley:18181/EchoProxy</con:endpoint><con:request><![CDATA[<soapenv:Envelope xmlns:soapenv="http://schemas.xmlsoap.org/soap/envelope/" xmlns:rev="http://services.samples/xsd/reverse">
   <soapenv:Header/>
   <soapenv:Body>
      <rev:skcotSyub>
<redro><lobmys>IBM</lobmys><DIreyub>asankha</DIreyub><ecirp>140.34</ecirp><emulov>2000</emulov></redro>
<redro><lobmys>MSFT</lobmys><DIreyub>ruwan</DIreyub><ecirp>23.56</ecirp><emulov>8030</emulov></redro>
<redro><lobmys>SUN</lobmys><DIreyub>indika</DIreyub><ecirp>14.56</ecirp><emulov>500</emulov></redro>
<redro><lobmys>GOOG</lobmys><DIreyub>chathura</DIreyub><ecirp>60.24</ecirp><emulov>40000</emulov></redro>
<redro><lobmys>IBM</lobmys><DIreyub>asankha</DIreyub><ecirp>140.34</ecirp><emulov>2000</emulov></redro>
<redro><lobmys>MSFT</lobmys><DIreyub>ruwan</DIreyub><ecirp>23.56</ecirp><emulov>8030</emulov></redro>
<redro><lobmys>SUN</lobmys><DIreyub>indika</DIreyub><ecirp>14.56</ecirp><emulov>500</emulov></redro>
<redro><lobmys>GOOG</lobmys><DIreyub>saliya</DIreyub><ecirp>60.24</ecirp><emulov>4000</emulov></redro>
</rev:skcotSyub>
   </soapenv:Body>
</soapenv:Envelope>]]></con:request><con:assertion type="SOAP Response"/></con:request></con:config></con:testStep><con:loadTest name="LoadTest 1"><con:settings/><con:threadCount>100</con:threadCount><con:startDelay>0</con:startDelay><con:sampleInterval>250</con:sampleInterval><con:calculateTPSOnTimePassed>true</con:calculateTPSOnTimePassed><con:resetStatisticsOnThreadCountChange>true</con:resetStatisticsOnThreadCountChange><con:historyLimit>-1</con:historyLimit><con:testLimit>120</con:testLimit><con:limitType>TIME</con:limitType><con:loadStrategy><con:type>Simple</con:type><con:config><testDelay>0</testDelay><randomFactor>0.0</randomFactor></con:config></con:loadStrategy><con:assertion type="Step Status" name="Step Status"/></con:loadTest></con:testCase><con:testCase failOnError="true" failTestCaseOnErrors="true" keepSession="false" name="TestCase 2" searchProperties="true"><con:settings/><con:testStep type="request" name="skcotSyubOperation10K - Request 1"><con:settings/><con:config xsi:type="con:RequestStep" xmlns:xsi="http://www.w3.org/2001/XMLSchema-instance"><con:interface>EchoServiceSOAP11Binding</con:interface><con:operation>skcotSyubOperation10K</con:operation><con:request name="skcotSyubOperation10K - Request 1" wssPasswordType=""><con:settings><con:setting id="com.eviware.soapui.impl.wsdl.WsdlRequest@request-headers">&lt;xml-fragment/></con:setting></con:settings><con:encoding>UTF-8</con:encoding><con:endpoint>http://bradley:18181/EchoProxy</con:endpoint><con:request><![CDATA[<soapenv:Envelope xmlns:soapenv="http://schemas.xmlsoap.org/soap/envelope/" xmlns:rev="http://services.samples/xsd/reverse">
   <soapenv:Header/>
   <soapenv:Body>
      <rev:skcotSyub>
<redro><lobmys>IBM</lobmys><DIreyub>asankha</DIreyub><ecirp>140.34</ecirp><emulov>2000</emulov></redro>
<redro><lobmys>MSFT</lobmys><DIreyub>ruwan</DIreyub><ecirp>23.56</ecirp><emulov>8030</emulov></redro>
<redro><lobmys>SUN</lobmys><DIreyub>indika</DIreyub><ecirp>14.56</ecirp><emulov>500</emulov></redro>
<redro><lobmys>GOOG</lobmys><DIreyub>chathura</DIreyub><ecirp>60.24</ecirp><emulov>40000</emulov></redro>
<redro><lobmys>IBM</lobmys><DIreyub>asankha</DIreyub><ecirp>140.34</ecirp><emulov>2000</emulov></redro>
<redro><lobmys>MSFT</lobmys><DIreyub>ruwan</DIreyub><ecirp>23.56</ecirp><emulov>8030</emulov></redro>
<redro><lobmys>SUN</lobmys><DIreyub>indika</DIreyub><ecirp>14.56</ecirp><emulov>500</emulov></redro>
<redro><lobmys>GOOG</lobmys><DIreyub>chathura</DIreyub><ecirp>60.24</ecirp><emulov>40000</emulov></redro>
<redro><lobmys>IBM</lobmys><DIreyub>asankha</DIreyub><ecirp>140.34</ecirp><emulov>2000</emulov></redro>
<redro><lobmys>MSFT</lobmys><DIreyub>ruwan</DIreyub><ecirp>23.56</ecirp><emulov>8030</emulov></redro>
<redro><lobmys>SUN</lobmys><DIreyub>indika</DIreyub><ecirp>14.56</ecirp><emulov>500</emulov></redro>
<redro><lobmys>GOOG</lobmys><DIreyub>chathura</DIreyub><ecirp>60.24</ecirp><emulov>40000</emulov></redro>
<redro><lobmys>IBM</lobmys><DIreyub>asankha</DIreyub><ecirp>140.34</ecirp><emulov>2000</emulov></redro>
<redro><lobmys>MSFT</lobmys><DIreyub>ruwan</DIreyub><ecirp>23.56</ecirp><emulov>8030</emulov></redro>
<redro><lobmys>SUN</lobmys><DIreyub>indika</DIreyub><ecirp>14.56</ecirp><emulov>500</emulov></redro>
<redro><lobmys>GOOG</lobmys><DIreyub>chathura</DIreyub><ecirp>60.24</ecirp><emulov>40000</emulov></redro>
<redro><lobmys>IBM</lobmys><DIreyub>asankha</DIreyub><ecirp>140.34</ecirp><emulov>2000</emulov></redro>
<redro><lobmys>MSFT</lobmys><DIreyub>ruwan</DIreyub><ecirp>23.56</ecirp><emulov>8030</emulov></redro>
<redro><lobmys>SUN</lobmys><DIreyub>indika</DIreyub><ecirp>14.56</ecirp><emulov>500</emulov></redro>
<redro><lobmys>GOOG</lobmys><DIreyub>chathura</DIreyub><ecirp>60.24</ecirp><emulov>40000</emulov></redro>
<redro><lobmys>IBM</lobmys><DIreyub>asankha</DIreyub><ecirp>140.34</ecirp><emulov>2000</emulov></redro>
<redro><lobmys>MSFT</lobmys><DIreyub>ruwan</DIreyub><ecirp>23.56</ecirp><emulov>8030</emulov></redro>
<redro><lobmys>SUN</lobmys><DIreyub>indika</DIreyub><ecirp>14.56</ecirp><emulov>500</emulov></redro>
<redro><lobmys>GOOG</lobmys><DIreyub>chathura</DIreyub><ecirp>60.24</ecirp><emulov>40000</emulov></redro>
<redro><lobmys>IBM</lobmys><DIreyub>asankha</DIreyub><ecirp>140.34</ecirp><emulov>2000</emulov></redro>
<redro><lobmys>MSFT</lobmys><DIreyub>ruwan</DIreyub><ecirp>23.56</ecirp><emulov>8030</emulov></redro>
<redro><lobmys>SUN</lobmys><DIreyub>indika</DIreyub><ecirp>14.56</ecirp><emulov>500</emulov></redro>
<redro><lobmys>GOOG</lobmys><DIreyub>chathura</DIreyub><ecirp>60.24</ecirp><emulov>40000</emulov></redro>
<redro><lobmys>IBM</lobmys><DIreyub>asankha</DIreyub><ecirp>140.34</ecirp><emulov>2000</emulov></redro>
<redro><lobmys>MSFT</lobmys><DIreyub>ruwan</DIreyub><ecirp>23.56</ecirp><emulov>8030</emulov></redro>
<redro><lobmys>SUN</lobmys><DIreyub>indika</DIreyub><ecirp>14.56</ecirp><emulov>500</emulov></redro>
<redro><lobmys>GOOG</lobmys><DIreyub>chathura</DIreyub><ecirp>60.24</ecirp><emulov>40000</emulov></redro>
<redro><lobmys>IBM</lobmys><DIreyub>asankha</DIreyub><ecirp>140.34</ecirp><emulov>2000</emulov></redro>
<redro><lobmys>MSFT</lobmys><DIreyub>ruwan</DIreyub><ecirp>23.56</ecirp><emulov>8030</emulov></redro>
<redro><lobmys>SUN</lobmys><DIreyub>indika</DIreyub><ecirp>14.56</ecirp><emulov>500</emulov></redro>
<redro><lobmys>GOOG</lobmys><DIreyub>chathura</DIreyub><ecirp>60.24</ecirp><emulov>40000</emulov></redro>
<redro><lobmys>IBM</lobmys><DIreyub>asankha</DIreyub><ecirp>140.34</ecirp><emulov>2000</emulov></redro>
<redro><lobmys>MSFT</lobmys><DIreyub>ruwan</DIreyub><ecirp>23.56</ecirp><emulov>8030</emulov></redro>
<redro><lobmys>SUN</lobmys><DIreyub>indika</DIreyub><ecirp>14.56</ecirp><emulov>500</emulov></redro>
<redro><lobmys>GOOG</lobmys><DIreyub>chathura</DIreyub><ecirp>60.24</ecirp><emulov>40000</emulov></redro>
<redro><lobmys>IBM</lobmys><DIreyub>asankha</DIreyub><ecirp>140.34</ecirp><emulov>2000</emulov></redro>
<redro><lobmys>MSFT</lobmys><DIreyub>ruwan</DIreyub><ecirp>23.56</ecirp><emulov>8030</emulov></redro>
<redro><lobmys>SUN</lobmys><DIreyub>indika</DIreyub><ecirp>14.56</ecirp><emulov>500</emulov></redro>
<redro><lobmys>GOOG</lobmys><DIreyub>chathura</DIreyub><ecirp>60.24</ecirp><emulov>40000</emulov></redro>
<redro><lobmys>IBM</lobmys><DIreyub>asankha</DIreyub><ecirp>140.34</ecirp><emulov>2000</emulov></redro>
<redro><lobmys>IBM</lobmys><DIreyub>asankha</DIreyub><ecirp>140.34</ecirp><emulov>2000</emulov></redro>
<redro><lobmys>MSFT</lobmys><DIreyub>ruwan</DIreyub><ecirp>23.56</ecirp><emulov>8030</emulov></redro>
<redro><lobmys>SUN</lobmys><DIreyub>indika</DIreyub><ecirp>14.56</ecirp><emulov>500</emulov></redro>
<redro><lobmys>GOOG</lobmys><DIreyub>chathura</DIreyub><ecirp>60.24</ecirp><emulov>40000</emulov></redro>
<redro><lobmys>IBM</lobmys><DIreyub>asankha</DIreyub><ecirp>140.34</ecirp><emulov>2000</emulov></redro>
<redro><lobmys>MSFT</lobmys><DIreyub>ruwan</DIreyub><ecirp>23.56</ecirp><emulov>8030</emulov></redro>
<redro><lobmys>SUN</lobmys><DIreyub>indika</DIreyub><ecirp>14.56</ecirp><emulov>500</emulov></redro>
<redro><lobmys>GOOG</lobmys><DIreyub>chathura</DIreyub><ecirp>60.24</ecirp><emulov>40000</emulov></redro>
<redro><lobmys>IBM</lobmys><DIreyub>asankha</DIreyub><ecirp>140.34</ecirp><emulov>2000</emulov></redro>
<redro><lobmys>MSFT</lobmys><DIreyub>ruwan</DIreyub><ecirp>23.56</ecirp><emulov>8030</emulov></redro>
<redro><lobmys>SUN</lobmys><DIreyub>indika</DIreyub><ecirp>14.56</ecirp><emulov>500</emulov></redro>
<redro><lobmys>GOOG</lobmys><DIreyub>chathura</DIreyub><ecirp>60.24</ecirp><emulov>40000</emulov></redro>
<redro><lobmys>IBM</lobmys><DIreyub>asankha</DIreyub><ecirp>140.34</ecirp><emulov>2000</emulov></redro>
<redro><lobmys>MSFT</lobmys><DIreyub>ruwan</DIreyub><ecirp>23.56</ecirp><emulov>8030</emulov></redro>
<redro><lobmys>SUN</lobmys><DIreyub>indika</DIreyub><ecirp>14.56</ecirp><emulov>500</emulov></redro>
<redro><lobmys>GOOG</lobmys><DIreyub>chathura</DIreyub><ecirp>60.24</ecirp><emulov>40000</emulov></redro>
<redro><lobmys>IBM</lobmys><DIreyub>asankha</DIreyub><ecirp>140.34</ecirp><emulov>2000</emulov></redro>
<redro><lobmys>MSFT</lobmys><DIreyub>ruwan</DIreyub><ecirp>23.56</ecirp><emulov>8030</emulov></redro>
<redro><lobmys>SUN</lobmys><DIreyub>indika</DIreyub><ecirp>14.56</ecirp><emulov>500</emulov></redro>
<redro><lobmys>GOOG</lobmys><DIreyub>chathura</DIreyub><ecirp>60.24</ecirp><emulov>40000</emulov></redro>
<redro><lobmys>IBM</lobmys><DIreyub>asankha</DIreyub><ecirp>140.34</ecirp><emulov>2000</emulov></redro>
<redro><lobmys>MSFT</lobmys><DIreyub>ruwan</DIreyub><ecirp>23.56</ecirp><emulov>8030</emulov></redro>
<redro><lobmys>SUN</lobmys><DIreyub>indika</DIreyub><ecirp>14.56</ecirp><emulov>500</emulov></redro>
<redro><lobmys>GOOG</lobmys><DIreyub>chathura</DIreyub><ecirp>60.24</ecirp><emulov>40000</emulov></redro>
<redro><lobmys>IBM</lobmys><DIreyub>asankha</DIreyub><ecirp>140.34</ecirp><emulov>2000</emulov></redro>
<redro><lobmys>MSFT</lobmys><DIreyub>ruwan</DIreyub><ecirp>23.56</ecirp><emulov>8030</emulov></redro>
<redro><lobmys>SUN</lobmys><DIreyub>indika</DIreyub><ecirp>14.56</ecirp><emulov>500</emulov></redro>
<redro><lobmys>GOOG</lobmys><DIreyub>chathura</DIreyub><ecirp>60.24</ecirp><emulov>40000</emulov></redro>
<redro><lobmys>IBM</lobmys><DIreyub>asankha</DIreyub><ecirp>140.34</ecirp><emulov>2000</emulov></redro>
<redro><lobmys>MSFT</lobmys><DIreyub>ruwan</DIreyub><ecirp>23.56</ecirp><emulov>8030</emulov></redro>
<redro><lobmys>SUN</lobmys><DIreyub>indika</DIreyub><ecirp>14.56</ecirp><emulov>500</emulov></redro>
<redro><lobmys>GOOG</lobmys><DIreyub>chathura</DIreyub><ecirp>60.24</ecirp><emulov>40000</emulov></redro>
<redro><lobmys>IBM</lobmys><DIreyub>asankha</DIreyub><ecirp>140.34</ecirp><emulov>2000</emulov></redro>
<redro><lobmys>MSFT</lobmys><DIreyub>ruwan</DIreyub><ecirp>23.56</ecirp><emulov>8030</emulov></redro>
<redro><lobmys>SUN</lobmys><DIreyub>indika</DIreyub><ecirp>14.56</ecirp><emulov>500</emulov></redro>
<redro><lobmys>GOOG</lobmys><DIreyub>chathura</DIreyub><ecirp>60.24</ecirp><emulov>40000</emulov></redro>
<redro><lobmys>IBM</lobmys><DIreyub>asankha</DIreyub><ecirp>140.34</ecirp><emulov>2000</emulov></redro>
<redro><lobmys>MSFT</lobmys><DIreyub>ruwan</DIreyub><ecirp>23.56</ecirp><emulov>8030</emulov></redro>
<redro><lobmys>SUN</lobmys><DIreyub>indika</DIreyub><ecirp>14.56</ecirp><emulov>500</emulov></redro>
<redro><lobmys>GOOG</lobmys><DIreyub>chathura</DIreyub><ecirp>60.24</ecirp><emulov>40000</emulov></redro>
<redro><lobmys>IBM</lobmys><DIreyub>asankha</DIreyub><ecirp>140.34</ecirp><emulov>2000</emulov></redro>
<redro><lobmys>MSFT</lobmys><DIreyub>ruwan</DIreyub><ecirp>23.56</ecirp><emulov>8030</emulov></redro>
<redro><lobmys>SUN</lobmys><DIreyub>indika</DIreyub><ecirp>14.56</ecirp><emulov>500</emulov></redro>
<redro><lobmys>GOOG</lobmys><DIreyub>chathura</DIreyub><ecirp>60.24</ecirp><emulov>40000</emulov></redro>
<redro><lobmys>IBM</lobmys><DIreyub>asankha</DIreyub><ecirp>140.34</ecirp><emulov>2000</emulov></redro>
<redro><lobmys>MSFT</lobmys><DIreyub>ruwan</DIreyub><ecirp>23.56</ecirp><emulov>8030</emulov></redro>
<redro><lobmys>SUN</lobmys><DIreyub>indika</DIreyub><ecirp>14.56</ecirp><emulov>500</emulov></redro>
<redro><lobmys>GOOG</lobmys><DIreyub>chathura</DIreyub><ecirp>60.24</ecirp><emulov>40000</emulov></redro>
<redro><lobmys>IBM</lobmys><DIreyub>asankha</DIreyub><ecirp>140.34</ecirp><emulov>2000</emulov></redro>
<redro><lobmys>MSFT</lobmys><DIreyub>ruwan</DIreyub><ecirp>23.56</ecirp><emulov>8030</emulov></redro>
<redro><lobmys>MSFT</lobmys><DIreyub>ruwan</DIreyub><ecirp>23.56</ecirp><emulov>8030</emulov></redro>
<redro><lobmys>SUN</lobmys><DIreyub>indika</DIreyub><ecirp>14.56</ecirp><emulov>500000000000000000000000000000A</emulov></redro>
      </rev:skcotSyub>
   </soapenv:Body>
</soapenv:Envelope>]]></con:request><con:assertion type="SOAP Response"/></con:request></con:config></con:testStep><con:loadTest name="LoadTest 1"><con:settings/><con:threadCount>100</con:threadCount><con:startDelay>0</con:startDelay><con:sampleInterval>250</con:sampleInterval><con:calculateTPSOnTimePassed>false</con:calculateTPSOnTimePassed><con:resetStatisticsOnThreadCountChange>true</con:resetStatisticsOnThreadCountChange><con:historyLimit>-1</con:historyLimit><con:testLimit>120</con:testLimit><con:limitType>TIME</con:limitType><con:loadStrategy><con:type>Simple</con:type><con:config><testDelay>0</testDelay><randomFactor>0.0</randomFactor></con:config></con:loadStrategy><con:assertion type="Step Status" name="Step Status"/></con:loadTest></con:testCase></con:testSuite></con:soapui-project>