<?xml version="1.0" encoding="UTF-8"?>
<con:soapui-project name="test-consumer-fromidl-complex-fault" resourceRoot="" soapui-version="2.5 beta2" xmlns:con="http://eviware.com/soapui/config"><con:settings><con:setting id="ProjectSettings@projectRoot">d:\workspace\jbi4corba\proj\corba-bc\integration-test\test-consumer-fromidl-complex-fault\consumer-fromidl-complex-fault-integration-test\src\test\etc\soapui</con:setting></con:settings><con:interface xsi:type="con:WsdlInterface" wsaVersion="NONE" name="EchoFaultOperationsCorbaBinding" type="wsdl" bindingName="{urn:jbi4corba/test-consumer-fromidl-complex-fault}EchoFaultOperationsCorbaBinding" soapVersion="1_1" anonymous="optional" definition="http://localhost:8192/Service/test-consumer-fromidl-complex-fault/?wsdl" xmlns:xsi="http://www.w3.org/2001/XMLSchema-instance"><con:settings/><con:definitionCache type="TEXT" rootPart="http://localhost:8192/Service/test-consumer-fromidl-complex-fault/?wsdl"><con:part><con:url>http://localhost:8192/Service/test-consumer-fromidl-complex-fault/?wsdl</con:url><con:content><![CDATA[<wsdl:definitions name="EchoFault" targetNamespace="urn:jbi4corba/test-consumer-fromidl-complex-fault" xmlns:plnk="http://docs.oasis-open.org/wsbpel/2.0/plnktype" xmlns:wsdl="http://schemas.xmlsoap.org/wsdl/" xmlns:tns="urn:jbi4corba/test-consumer-fromidl-complex-fault" xmlns:xsd="http://www.w3.org/2001/XMLSchema" xmlns:soap="http://schemas.xmlsoap.org/wsdl/soap/" xmlns:soap12="http://schemas.xmlsoap.org/wsdl/soap12/">
  <wsdl:types>
    <xs:schema attributeFormDefault="qualified" elementFormDefault="qualified" targetNamespace="http://testconsumerfromidlfault.test.jbi4corba.imolinfo.it/" xmlns="http://testconsumerfromidlfault.test.jbi4corba.imolinfo.it/" xmlns:xs="http://www.w3.org/2001/XMLSchema">
      <xs:complexType name="echoStruct">
        <xs:sequence>
          <xs:element name="fieldBoolean" type="xs:boolean"/>
          <xs:element name="fieldChar" type="xs:unsignedShort"/>
          <xs:element minOccurs="0" name="fieldString" type="xs:string"/>
          <xs:element name="fieldLong" type="xs:int"/>
        </xs:sequence>
      </xs:complexType>
    </xs:schema>
    <xsd:schema attributeFormDefault="unqualified" elementFormDefault="qualified" targetNamespace="urn:jbi4corba/test-consumer-fromidl-complex-fault" xmlns:ns0="http://testconsumerfromidlfault.test.jbi4corba.imolinfo.it/">
      <xsd:import namespace="http://testconsumerfromidlfault.test.jbi4corba.imolinfo.it/"/>
      <xsd:element name="EchoSimpleException" type="tns:EchoSimpleException"/>
      <xsd:complexType name="EchoSimpleException">
        <xsd:sequence>
          <xsd:element name="reason" nillable="true" type="xsd:string"/>
        </xsd:sequence>
      </xsd:complexType>
      <xsd:element name="EchoComplexException" type="tns:EchoComplexException"/>
      <xsd:complexType name="EchoComplexException">
        <xsd:sequence>
          <xsd:element name="reason" nillable="true" type="ns0:echoStruct"/>
        </xsd:sequence>
      </xsd:complexType>
      <xsd:element name="echo">
        <xsd:complexType>
          <xsd:sequence>
            <xsd:element minOccurs="0" name="msg" type="xsd:string"/>
          </xsd:sequence>
        </xsd:complexType>
      </xsd:element>
      <xsd:element name="echoResponse">
        <xsd:complexType>
          <xsd:sequence>
            <xsd:element minOccurs="0" name="return" type="xsd:string"/>
          </xsd:sequence>
        </xsd:complexType>
      </xsd:element>
    </xsd:schema>
  </wsdl:types>
  <wsdl:message name="EchoSimpleException">
    <wsdl:part name="EchoSimpleException" element="tns:EchoSimpleException"></wsdl:part>
  </wsdl:message>
  <wsdl:message name="EchoComplexException">
    <wsdl:part name="EchoComplexException" element="tns:EchoComplexException"></wsdl:part>
  </wsdl:message>
  <wsdl:message name="echoResponse">
    <wsdl:part name="parameters" element="tns:echoResponse"></wsdl:part>
  </wsdl:message>
  <wsdl:message name="echo">
    <wsdl:part name="parameters" element="tns:echo"></wsdl:part>
  </wsdl:message>
  <wsdl:portType name="EchoFaultOperations">
    <wsdl:operation name="echo">
      <wsdl:input name="echo" message="tns:echo"></wsdl:input>
      <wsdl:output name="echoResponse" message="tns:echoResponse"></wsdl:output>
      <wsdl:fault name="EchoComplexException" message="tns:EchoComplexException"></wsdl:fault>
      <wsdl:fault name="EchoSimpleException" message="tns:EchoSimpleException"></wsdl:fault>
    </wsdl:operation>
  </wsdl:portType>
  <wsdl:binding name="EchoFaultOperationsCorbaBinding" type="tns:EchoFaultOperations">
    <soap:binding transport="http://schemas.xmlsoap.org/soap/http"/>
    <wsdl:operation name="echo">
      <soap:operation/>
      <wsdl:input name="echo">
        <soap:body use="literal"/>
      </wsdl:input>
      <wsdl:output name="echoResponse">
        <soap:body use="literal"/>
      </wsdl:output>
      <wsdl:fault name="EchoComplexException">
        <soap:fault name="EchoComplexException" use="literal"/>
      </wsdl:fault>
      <wsdl:fault name="EchoSimpleException">
        <soap:fault name="EchoSimpleException" use="literal"/>
      </wsdl:fault>
    </wsdl:operation>
  </wsdl:binding>
  <wsdl:service name="EchoFault">
    <wsdl:port name="EchoFaultOperationsCorbaPort" binding="tns:EchoFaultOperationsCorbaBinding">
      <soap:address location="http://AGUGULICA.ditech.ro:8192/Service/test-consumer-fromidl-complex-fault/"/>
    </wsdl:port>
  </wsdl:service>
  <plnk:partnerLinkType name="EchoFaultOperations">
    <plnk:role name="EchoFaultOperationsPortTypeRole" portType="tns:EchoFaultOperations"/>
  </plnk:partnerLinkType>
</wsdl:definitions>]]></con:content><con:type>http://schemas.xmlsoap.org/wsdl/</con:type></con:part></con:definitionCache><con:endpoints><con:endpoint>http://localhost:8192/Service/test-consumer-fromidl-complex-fault/</con:endpoint><con:endpoint>http://localhost:8192/Service/test-consumer-fromidl-complex-fault/</con:endpoint></con:endpoints><con:operation isOneWay="false" action="" name="echo" bindingOperationName="echo" type="Request-Response" outputName="echoResponse" inputName="echo" receivesAttachments="false" sendsAttachments="false" anonymous="optional"><con:settings/><con:call name="Request 1"><con:settings/><con:encoding>UTF-8</con:encoding><con:endpoint>http://localhost:8192/Service/test-consumer-fromidl-complex-fault/</con:endpoint><con:request><![CDATA[<soapenv:Envelope xmlns:soapenv="http://schemas.xmlsoap.org/soap/envelope/" xmlns:test="urn:jbi4corba/test-consumer-fromidl-complex-fault">
   <soapenv:Header/>
   <soapenv:Body>
      <test:echo>
         <!--Optional:-->
         <test:msg>gero et</test:msg>
      </test:echo>
   </soapenv:Body>
</soapenv:Envelope>]]></con:request><con:wsaConfig mustUnderstand="NONE" version="200508" action="urn:jbi4corba/test-consumer-fromidl-complex-fault/EchoFaultOperations/echo"/></con:call></con:operation></con:interface><con:testSuite name="EchoFaultOperationsCorbaBinding TestSuite"><con:settings/><con:runType>SEQUENTIAL</con:runType><con:testCase failOnError="true" failTestCaseOnErrors="true" keepSession="false" maxResults="0" name="EchoFaultOperationsCorbaBinding TestSuite" searchProperties="true"><con:settings/><con:testStep type="request" name="echo"><con:settings/><con:config xsi:type="con:RequestStep" xmlns:xsi="http://www.w3.org/2001/XMLSchema-instance"><con:interface>EchoFaultOperationsCorbaBinding</con:interface><con:operation>echo</con:operation><con:request name="echo"><con:settings/><con:encoding>UTF-8</con:encoding><con:endpoint>http://localhost:8192/Service/test-consumer-fromidl-complex-fault/</con:endpoint><con:request><![CDATA[<soapenv:Envelope xmlns:soapenv="http://schemas.xmlsoap.org/soap/envelope/" xmlns:test="urn:jbi4corba/test-consumer-fromidl-complex-fault">
   <soapenv:Header/>
   <soapenv:Body>
      <test:echo>
         <!--Optional:-->
         <test:msg>gero et</test:msg>
      </test:echo>
   </soapenv:Body>
</soapenv:Envelope>]]></con:request><con:assertion type="SOAP Response"/><con:assertion type="Schema Compliance"><con:configuration><definition/></con:configuration></con:assertion><con:assertion type="SOAP Fault Assertion"/><con:wsaConfig action="urn:jbi4corba/test-consumer-fromidl-complex-fault/EchoFaultOperations/echo" mustUnderstand="NONE" version="200508"/></con:request></con:config></con:testStep><con:testStep type="request" name="testSimple"><con:settings/><con:config xsi:type="con:RequestStep" xmlns:xsi="http://www.w3.org/2001/XMLSchema-instance"><con:interface>EchoFaultOperationsCorbaBinding</con:interface><con:operation>echo</con:operation><con:request name="testSimple"><con:settings/><con:encoding>UTF-8</con:encoding><con:endpoint>http://localhost:8192/Service/test-consumer-fromidl-complex-fault/</con:endpoint><con:request><![CDATA[<soapenv:Envelope xmlns:soapenv="http://schemas.xmlsoap.org/soap/envelope/" xmlns:test="urn:jbi4corba/test-consumer-fromidl-complex-fault">
   <soapenv:Header/>
   <soapenv:Body>
      <test:echo>
         <!--Optional:-->
         <test:msg>SIMPLE</test:msg>
      </test:echo>
   </soapenv:Body>
</soapenv:Envelope>]]></con:request><con:assertion type="SOAP Response"/><con:assertion type="Schema Compliance"><con:configuration/></con:assertion><con:assertion type="Not SOAP Fault Assertion"/><con:assertion type="Simple Contains"><con:configuration><token>EchoSimpleException</token><ignoreCase>false</ignoreCase><useRegEx>false</useRegEx></con:configuration></con:assertion><con:wsaConfig mustUnderstand="NONE" version="200508"/></con:request></con:config></con:testStep><con:testStep type="request" name="testComplex"><con:settings/><con:config xsi:type="con:RequestStep" xmlns:xsi="http://www.w3.org/2001/XMLSchema-instance"><con:interface>EchoFaultOperationsCorbaBinding</con:interface><con:operation>echo</con:operation><con:request name="testComplex"><con:settings/><con:encoding>UTF-8</con:encoding><con:endpoint>http://localhost:8192/Service/test-consumer-fromidl-complex-fault/</con:endpoint><con:request><![CDATA[<soapenv:Envelope xmlns:soapenv="http://schemas.xmlsoap.org/soap/envelope/" xmlns:test="urn:jbi4corba/test-consumer-fromidl-complex-fault">
   <soapenv:Header/>
   <soapenv:Body>
      <test:echo>
         <!--Optional:-->
         <test:msg>COMPLEX</test:msg>
      </test:echo>
   </soapenv:Body>
</soapenv:Envelope>]]></con:request><con:assertion type="SOAP Response"/><con:assertion type="Schema Compliance"><con:configuration/></con:assertion><con:assertion type="Not SOAP Fault Assertion"/><con:assertion type="Simple Contains"><con:configuration><token>EchoComplexException</token><ignoreCase>false</ignoreCase><useRegEx>false</useRegEx></con:configuration></con:assertion><con:assertion type="Simple Contains"><con:configuration><token>COMPLEX</token><ignoreCase>false</ignoreCase><useRegEx>false</useRegEx></con:configuration></con:assertion><con:wsaConfig mustUnderstand="NONE" version="200508"/></con:request></con:config></con:testStep><con:properties/></con:testCase><con:properties/></con:testSuite><con:properties/><con:wssContainer/></con:soapui-project>