<?xml version="1.0" encoding="UTF-8" ?>
<testsuite errors="0" failures="0" name="org.netbeans.modules.compapp.catd.ConfiguredTest" tests="1" time="0.984">
  <properties>
    <property name="com.sun.jbi.sa.internal.routing" value="true"></property>
    <property name="libs.j2me_ant_ext.javadoc" value=""></property>
    <property name="source.root" value="src"></property>
    <property name="libs.theme-default.classpath" value="C:\Alaska\nb_all\nbbuild\netbeans\visualweb1\modules\ext\defaulttheme.jar"></property>
    <property name="libs.proguard.javadoc" value=""></property>
    <property name="ant.library.dir" value="C:\Alaska\build-tools\apache-ant-1.6.5\lib"></property>
    <property name="libs.junit.javadoc" value="C:\Alaska\nb_all\nbbuild\netbeans\java1\docs\junit-3.8.2-api.zip"></property>
    <property name="libs.nsicom-ant-utils.src" value=""></property>
    <property name="libs.nokiaS80-ant-utils.javadoc" value=""></property>
    <property name="deployments.Scp.default.deployment.scp.userid" value=""></property>
    <property name="libs.swing-app-framework.src" value=""></property>
    <property name="deployment.WindowsMobile.scriptfile" value="C:\Alaska\nb_all\nbbuild\netbeans\mobility8\modules\scr\deploy-wm-impl.xml"></property>
    <property name="libs.jakarta_slide_ant_webdav.javadoc" value=""></property>
    <property name="javadoc.windowtitle" value=""></property>
    <property name="libs.toplink.classpath" value="C:\Alaska\nb_all\nbbuild\netbeans\java1\modules\ext\toplink\toplink-essentials.jar;C:\Alaska\nb_all\nbbuild\netbeans\java1\modules\ext\toplink\toplink-essentials-agent.jar"></property>
    <property name="user.dir" value="C:\Alaska\open-jbi-components\driver-tests\smtpbc\SMTPBCTests\OneWayTestJBI"></property>
    <property name="libs.theme-default-green.classpath" value="C:\Alaska\nb_all\nbbuild\netbeans\visualweb1\modules\ext\defaulttheme-green.jar"></property>
    <property name="libs.JMUnit4CLDC10.javadoc" value="C:\Alaska\nb_all\nbbuild\netbeans\mobility8\modules\docs\jmunit-1.0.1-api.zip"></property>
    <property name="java.vm.version" value="1.5.0_09-b01"></property>
    <property name="libs.nsicom-ant-utils.classpath" value="C:\Alaska\nb_all\nbbuild\netbeans\mobility8\modules\ext\org-netbeans-modules-j2me-cdc-project-nsicom.jar"></property>
    <property name="jbi.content.additional" value="../OneWayTest/build/SEDeployment.jar"></property>
    <property name="libs.jaxb20.classpath" value="C:\Alaska\nb_all\nbbuild\netbeans\java1\modules\ext\jaxws21\activation.jar;C:\Alaska\nb_all\nbbuild\netbeans\java1\modules\ext\jaxws21\api\jaxb-api.jar;C:\Alaska\nb_all\nbbuild\netbeans\java1\modules\ext\jaxws21\jaxb-impl.jar;C:\Alaska\nb_all\nbbuild\netbeans\java1\modules\ext\jaxws21\jaxb-xjc.jar;C:\Alaska\nb_all\nbbuild\netbeans\java1\modules\ext\jaxws21\api\jsr173_api.jar"></property>
    <property name="libs.jstl11.src" value=""></property>
    <property name="javadoc.notree" value="false"></property>
    <property name="deployments.WebDAV.default.deployment.webdav.server" value=""></property>
    <property name="libs.netbeans_midp_components_basic.javadoc" value="C:\Alaska\nb_all\nbbuild\netbeans\mobility8\modules\docs\netbeans_midp_components_basic-api.zip"></property>
    <property name="libs.jaxrpc16.src" value=""></property>
    <property name="caps.appserver.home" value="C:/Alaska/glassfish"></property>
    <property name="libs.javac-api.src" value=""></property>
    <property name="wsclientuptodate.classpath" value="C:\Alaska\nb_all\nbbuild\netbeans\enterprise4\ant\extra\wsclientuptodate.jar"></property>
    <property name="javadoc.noindex" value="false"></property>
    <property name="libs.theme-default-green.runtime" value="C:\Alaska\nb_all\nbbuild\netbeans\visualweb1\modules\ext\defaulttheme-green.jar"></property>
    <property name="sun.os.patch.level" value="Service Pack 2"></property>
    <property name="deployments.WebDAV.default.deployment.webdav.port" value="80"></property>
    <property name="libs.theme-default-gray.runtime" value="C:\Alaska\nb_all\nbbuild\netbeans\visualweb1\modules\ext\defaulttheme-gray.jar"></property>
    <property name="java.vm.specification.name" value="Java Virtual Machine Specification"></property>
    <property name="libs.semc-ant-utils.classpath" value="C:\Alaska\nb_all\nbbuild\netbeans\mobility8\modules\ext\org-netbeans-modules-j2me-cdc-project-semc.jar"></property>
    <property name="libs.jdbcsupport-runtime.classpath" value="C:\Alaska\nb_all\nbbuild\netbeans\visualweb1\modules\ext\rowset.jar;C:\Alaska\nb_all\nbbuild\netbeans\visualweb1\modules\ext\sqlx.jar"></property>
    <property name="libs.nokiadeployment.classpath" value="C:\Alaska\nb_all\nbbuild\netbeans\mobility8\modules\org-netbeans-modules-mobility-deployment-nokia.jar"></property>
    <property name="have.tests" value="true"></property>
    <property name="libs.jdbcsupport-designtime.classpath" value="C:\Alaska\nb_all\nbbuild\netbeans\visualweb1\modules\ext\rowset.jar;C:\Alaska\nb_all\nbbuild\netbeans\visualweb1\modules\ext\sqlx.jar"></property>
    <property name="libs.nb_svg_midp_components.src" value="C:\Alaska\nb_all\nbbuild\netbeans\mobility8\sources\nb_svg_midp_components-src.zip"></property>
    <property name="j2ee.server.instance" value=""></property>
    <property name="libs.javac-api.javadoc" value=""></property>
    <property name="os.name" value="Windows XP"></property>
    <property name="reference.OneWayTest.dist_se" value="../OneWayTest/build/SEDeployment.jar"></property>
    <property name="libs.beans-binding.classpath" value="C:\Alaska\nb_all\nbbuild\netbeans\java1\modules\ext\beansbinding-0.6.1.jar"></property>
    <property name="libs.jaxrpc16.classpath" value="C:\Alaska\nb_all\nbbuild\netbeans\java1\modules\ext\jaxrpc16\activation.jar;C:\Alaska\nb_all\nbbuild\netbeans\java1\modules\ext\jaxrpc16\FastInfoset.jar;C:\Alaska\nb_all\nbbuild\netbeans\java1\modules\ext\jaxrpc16\jaxp-api.jar;C:\Alaska\nb_all\nbbuild\netbeans\java1\modules\ext\jaxrpc16\jax-qname.jar;C:\Alaska\nb_all\nbbuild\netbeans\java1\modules\ext\jaxrpc16\jaxrpc-api.jar;C:\Alaska\nb_all\nbbuild\netbeans\java1\modules\ext\jaxrpc16\jaxrpc-impl.jar;C:\Alaska\nb_all\nbbuild\netbeans\java1\modules\ext\jaxrpc16\jaxrpc-spi.jar;C:\Alaska\nb_all\nbbuild\netbeans\java1\modules\ext\jaxrpc16\jsr173_api.jar;C:\Alaska\nb_all\nbbuild\netbeans\java1\modules\ext\jaxrpc16\mail.jar;C:\Alaska\nb_all\nbbuild\netbeans\java1\modules\ext\jaxrpc16\relaxngDatatype.jar;C:\Alaska\nb_all\nbbuild\netbeans\java1\modules\ext\jaxrpc16\saaj-api.jar;C:\Alaska\nb_all\nbbuild\netbeans\java1\modules\ext\jaxrpc16\saaj-impl.jar;C:\Alaska\nb_all\nbbuild\netbeans\java1\modules\ext\jaxrpc16\xsdlib.jar"></property>
    <property name="java.vendor.url.bug" value="http://java.sun.com/cgi-bin/bugreport.cgi"></property>
    <property name="libs.nsicom-ant-utils.javadoc" value=""></property>
    <property name="os.arch" value="x86"></property>
    <property name="user.name" value="Vishnuvardhan P.R"></property>
    <property name="libs.jsf12.javadoc" value="C:\Alaska\nb_all\nbbuild\netbeans\enterprise4\docs\javaee5-doc-api.zip"></property>
    <property name="libs.netbeans_midp_components_basic.classpath" value="C:\Alaska\nb_all\nbbuild\netbeans\mobility8\modules\ext\netbeans_midp_components_basic.jar"></property>
    <property name="build.classes.dir" value="build/jar"></property>
    <property name="libs.netbeans_midp_components_wma.javadoc" value="C:\Alaska\nb_all\nbbuild\netbeans\mobility8\modules\docs\netbeans_midp_components_wma-api.zip"></property>
    <property name="j2ee.platform.wsimport.classpath" value="C:/Alaska/glassfish/lib/webservices-tools.jar:C:/Alaska/glassfish/lib/webservices-rt.jar:C:/Alaska/glassfish/lib/webservices.jar:C:/Alaska/glassfish/lib/tools.jar:C:/Alaska/glassfish/lib/appserv-jstl.jar:C:/Alaska/glassfish/lib/javaee.jar:C:/Alaska/glassfish/lib/appserv-ws.jar:C:/Alaska/glassfish/lib/mail.jar:C:/Alaska/glassfish/lib/activation.jar"></property>
    <property name="user.country" value="US"></property>
    <property name="libs.commons-logging-1-0-4.javadoc" value=""></property>
    <property name="libs.jstl11.javadoc" value="C:\Alaska\nb_all\nbbuild\netbeans\enterprise4\docs\javaee5-doc-api.zip"></property>
    <property name="libs.JMUnit4CLDC11.src" value=""></property>
    <property name="javadoc.encoding" value=""></property>
    <property name="libs.jsfsupport-designtime.javadoc" value="C:\Alaska\nb_all\nbbuild\netbeans\visualweb1\docs\appbase-doc.zip;C:\Alaska\nb_all\nbbuild\netbeans\visualweb1\docs\dataprovider-doc.zip;C:\Alaska\nb_all\nbbuild\netbeans\visualweb1\docs\jsfcl-doc.zip"></property>
    <property name="libs.JAVADB_DRIVER_LABEL.src" value=""></property>
    <property name="meta.inf" value="src/conf"></property>
    <property name="netbeans.home" value="C:/Alaska/nb_all/nbbuild/netbeans/platform7"></property>
    <property name="libs.nokiaS80-ant-utils.src" value=""></property>
    <property name="libs.jdbcsupport-runtime.javadoc" value="C:\Alaska\nb_all\nbbuild\netbeans\visualweb1\docs\rowset-doc.zip"></property>
    <property name="libs.cdc-pp-awt-layout.javadoc" value=""></property>
    <property name="libs.j2me_ant_ext.classpath" value="C:\Alaska\nb_all\nbbuild\netbeans\mobility8\modules\org-netbeans-modules-mobility-antext.jar;C:\Alaska\nb_all\nbbuild\netbeans\ide8\modules\org-netbeans-modules-classfile.jar"></property>
    <property name="java.endorsed.dirs" value="C:\Alaska\build-tools\jdk1.5.0_09\jre\lib\endorsed"></property>
    <property name="libs.cdc-pp-awt-layout.src" value="C:\Alaska\nb_all\nbbuild\netbeans\mobility8\sources\cdc-pp-awt-layout-src.zip"></property>
    <property name="java.vm.specification.version" value="1.0"></property>
    <property name="libs.jakarta_slide_ant_webdav.src" value=""></property>
    <property name="libs.EJB_SUPPORT_LIB.classpath" value="C:\Alaska\nb_all\nbbuild\netbeans\visualweb1\modules\ext\ejb20.jar"></property>
    <property name="libs.swing-app-framework.classpath" value="C:\Alaska\nb_all\nbbuild\netbeans\java1\modules\ext\appframework-0.50.jar;C:\Alaska\nb_all\nbbuild\netbeans\java1\modules\ext\swing-worker.jar"></property>
    <property name="libs.jakarta_slide_ant_webdav.classpath" value="C:\Alaska\nb_all\nbbuild\netbeans\mobility8\modules\ext\commons-httpclient.jar;C:\Alaska\nb_all\nbbuild\netbeans\mobility8\modules\ext\commons-logging.jar;C:\Alaska\nb_all\nbbuild\netbeans\mobility8\modules\ext\jdom-1.0.jar;C:\Alaska\nb_all\nbbuild\netbeans\mobility8\modules\ext\jakarta-slide-webdavlib-2.1.jar;C:\Alaska\nb_all\nbbuild\netbeans\mobility8\modules\ext\jakarta-slide-ant-webdav-2.1.jar"></property>
    <property name="java.vendor" value="Sun Microsystems Inc."></property>
    <property name="caps.jbi.home" value="C:/Alaska/glassfish/jbi"></property>
    <property name="libs.JMUnit4CLDC10.src" value=""></property>
    <property name="javac.debug" value="true"></property>
    <property name="javadoc.splitindex" value="true"></property>
    <property name="file.separator" value="\"></property>
    <property name="libs.IdentityAntTasks.src" value=""></property>
    <property name="libs.ActiveSync.classpath" value="C:\Alaska\nb_all\nbbuild\netbeans\mobility8\modules\ext\nbactivesync.jar"></property>
    <property name="deployments.Scp.default.deployment.scp.keyfile" value=""></property>
    <property name="caps.netbeans.user" value="C:/Alaska/userdir"></property>
    <property name="libs.EJB_SUPPORT_LIB.javadoc" value=""></property>
    <property name="user.variant" value=""></property>
    <property name="libs.webui-runtime.classpath" value="C:\Alaska\nb_all\nbbuild\netbeans\visualweb1\modules\ext\webui.jar;C:\Alaska\nb_all\nbbuild\netbeans\visualweb1\modules\ext\commons-fileupload.jar"></property>
    <property name="libs.junit.classpath" value="C:\Alaska\nb_all\nbbuild\netbeans\java1\modules\ext\junit-3.8.2.jar;C:\Alaska\nb_all\nbbuild\netbeans\java1\modules\ext\junit-4.1.jar"></property>
    <property name="libs.struts.classpath" value="C:\Alaska\nb_all\nbbuild\netbeans\enterprise4\modules\ext\struts\antlr.jar;C:\Alaska\nb_all\nbbuild\netbeans\enterprise4\modules\ext\struts\commons-beanutils.jar;C:\Alaska\nb_all\nbbuild\netbeans\enterprise4\modules\ext\struts\commons-digester.jar;C:\Alaska\nb_all\nbbuild\netbeans\enterprise4\modules\ext\struts\commons-fileupload.jar;C:\Alaska\nb_all\nbbuild\netbeans\enterprise4\modules\ext\struts\commons-logging.jar;C:\Alaska\nb_all\nbbuild\netbeans\enterprise4\modules\ext\struts\commons-validator.jar;C:\Alaska\nb_all\nbbuild\netbeans\enterprise4\modules\ext\struts\jakarta-oro.jar;C:\Alaska\nb_all\nbbuild\netbeans\enterprise4\modules\ext\struts\struts.jar"></property>
    <property name="libs.woodstock-theme-default.classpath" value="C:\Alaska\nb_all\nbbuild\netbeans\visualweb1\modules\ext\webui-jsf-suntheme.jar"></property>
    <property name="ant.home" value="C:\Alaska\build-tools\apache-ant-1.6.5"></property>
    <property name="ant.java.version" value="1.5"></property>
    <property name="java.library.path" value="C:\Alaska\build-tools\jdk1.5.0_09\jre\bin;.;C:\WINDOWS\system32;C:\WINDOWS;C:\Alaska\build-tools\jdk1.5.0_09\bin;C:\Alaska\build-tools\apache-ant-1.6.5\bin;C:\Alaska\build-tools\jdk1.5.0_09\bin;C:\Alaska\build-tools\apache-ant-1.6.5\bin;C:\Alaska\build-tools\jdk1.5.0_09\bin;C:\Alaska\build-tools\apache-ant-1.6.5\bin;C:\Alaska\build-tools\jdk1.5.0_09\bin;C:\Alaska\build-tools\apache-ant-1.6.5\bin;C:\Alaska\build-tools\jdk1.5.0_09\bin;C:\Alaska\build-tools\apache-ant-1.6.5\bin;C:\Alaska\build-tools\jdk1.5.0_09\bin;C:\Alaska\build-tools\apache-ant-1.6.5\bin;C:\Alaska\build-tools\jdk1.5.0_09\bin;C:\Alaska\build-tools\apache-ant-1.6.5\bin;C:\Alaska\build-tools\jdk1.5.0_09\bin;C:\Alaska\build-tools\apache-ant-1.6.5\bin;C:\Alaska\build-tools\jdk1.5.0_09\bin;C:\Alaska\build-tools\apache-ant-1.6.5\bin;C:\Alaska\build-tools\jdk1.5.0_09\bin;C:\Alaska\build-tools\apache-ant-1.6.5\bin;C:\Alaska\build-tools\jdk1.5.0_09\bin;C:\Alaska\build-tools\apache-ant-1.6.5\bin;C:\Alaska\build-tools\jdk1.5.0_09\bin;C:\Alaska\build-tools\apache-ant-1.6.5\bin;C:\Alaska\build-tools\jdk1.5.0_09\bin;C:\Alaska\build-tools\apache-ant-1.6.5\bin;C:\WINDOWS\system32;C:\WINDOWS;C:\WINDOWS\System32\Wbem;C:\Program Files\Wave Systems Corp\Dell Preboot Manager\Access Client\v5\;C:\Program Files\cvsnt;C:\Jad;C:\maven-2.0.6\bin;d:\Subversion\bin;d:\Program Files\iNTERFACEWARE\Chameleon;d:\Program Files\iNTERFACEWARE\Chameleon\DelphiPackages;D:\apache-ant-1.7.0\bin;D:\Program Files\QuickTime\QTSystem\;D:\xmlbeans\xmlbeans-2.3.0\bin;;D:\apache-ant-1.7.0\bin"></property>
    <property name="javadoc.author" value="false"></property>
    <property name="libs.IdentityAntTasks.classpath" value="C:\Alaska\nb_all\nbbuild\netbeans\identity1\ant\nblib\org-netbeans-modules-identity-ant.jar;C:\Alaska\nb_all\nbbuild\netbeans\identity1\modules\org-netbeans-modules-identity-profile-api.jar"></property>
    <property name="include.jar.manifest" value=""></property>
    <property name="libs.jaxws20.src" value=""></property>
    <property name="deployment.WebDAV.scriptfile" value="C:\Alaska\nb_all\nbbuild\netbeans\mobility8\modules\scr\deploy-webdav-impl.xml"></property>
    <property name="libs.jaxrpc16.javadoc" value=""></property>
    <property name="sun.arch.data.model" value="32"></property>
    <property name="basedir" value="C:\Alaska\open-jbi-components\driver-tests\smtpbc\SMTPBCTests\OneWayTestJBI"></property>
    <property name="libs.ActiveSync.src" value=""></property>
    <property name="jar.compress" value="false"></property>
    <property name="libs.jstl11.classpath" value="C:\Alaska\nb_all\nbbuild\netbeans\enterprise4\modules\ext\standard.jar;C:\Alaska\nb_all\nbbuild\netbeans\enterprise4\modules\ext\jstl.jar"></property>
    <property name="deployments.WindowsMobile.default.wm.app.location" value="\My Documents\NetBeans Applications"></property>
    <property name="path.separator" value=";"></property>
    <property name="sun.io.unicode.encoding" value="UnicodeLittle"></property>
    <property name="libs.semc-ant-utils.javadoc" value=""></property>
    <property name="libs.struts.src" value=""></property>
    <property name="deployment.Scp.scriptfile" value="C:\Alaska\nb_all\nbbuild\netbeans\mobility8\modules\scr\deploy-scp-impl.xml"></property>
    <property name="user.language" value="en"></property>
    <property name="deployments.WebDAV.default.deployment.webdav.password" value=""></property>
    <property name="j2ee.platform.classpath" value="C:/Alaska/glassfish/lib/javaee.jar:C:/Alaska/glassfish/lib/jsf-impl.jar:C:/Alaska/glassfish/lib/activation.jar:C:/Alaska/glassfish/lib/appserv-tags.jar:C:/Alaska/glassfish/lib/mail.jar:C:/Alaska/glassfish/lib/appserv-jstl.jar:C:/Alaska/glassfish/lib/webservices-tools.jar:C:/Alaska/glassfish/lib/webservices-rt.jar"></property>
    <property name="libs.netbeans_midp_components_pda.javadoc" value="C:\Alaska\nb_all\nbbuild\netbeans\mobility8\modules\docs\netbeans_midp_components_pda-api.zip"></property>
    <property name="deployments.Scp.default.deployment.scp.port" value="22"></property>
    <property name="ant.file." value="C:\Alaska\open-jbi-components\driver-tests\smtpbc\SMTPBCTests\OneWayTestJBI\build.xml"></property>
    <property name="deployments.DeviceAnywhere.default.deployment.deviceanywhere.password" value=""></property>
    <property name="libs.swing-layout.javadoc" value="C:\Alaska\nb_all\nbbuild\netbeans\platform7\docs\swing-layout-1.0.2-doc.zip"></property>
    <property name="deployments.Ftp.default.deployment.ftp.server" value=""></property>
    <property name="libs.commons-logging-1-0-4.classpath" value="C:\Alaska\nb_all\nbbuild\netbeans\ide8\modules\ext\commons-logging-1.0.4.jar"></property>
    <property name="libs.swing-app-framework.javadoc" value="C:\Alaska\nb_all\nbbuild\netbeans\java1\docs\appframework-0.50-doc.zip"></property>
    <property name="libs.proguard.classpath" value="C:\Alaska\nb_all\nbbuild\netbeans\mobility8\external\proguard\proguard3.7.jar"></property>
    <property name="java.class.version" value="49.0"></property>
    <property name="libs.JAVADB_DRIVER_LABEL.classpath" value="C:\Alaska\glassfish\javadb\lib\derby.jar;C:\Alaska\glassfish\javadb\lib\derbyclient.jar;C:\Alaska\glassfish\javadb\lib\derbynet.jar"></property>
    <property name="deployments.Ftp.default.deployment.ftp.password" value=""></property>
    <property name="libs.cdc-ant-utils.classpath" value="C:\Alaska\nb_all\nbbuild\netbeans\mobility8\modules\ext\org-netbeans-modules-j2me-cdc-project.jar"></property>
    <property name="user.properties.file" value="C:/Alaska/userdir/build.properties"></property>
    <property name="libs.deviceanywhere.classpath" value=""></property>
    <property name="libs.EJB_SUPPORT_LIB.src" value=""></property>
    <property name="file.encoding.pkg" value="sun.io"></property>
    <property name="sun.cpu.endian" value="little"></property>
    <property name="deployments.Scp.default.deployment.scp.password" value=""></property>
    <property name="libs.ant-contrib.classpath" value="C:\Alaska\nb_all\nbbuild\netbeans\mobility8\modules\ext\ant-contrib-1.0b3.jar"></property>
    <property name="deployment.DeviceAnywhere.scriptfile" value="C:\Alaska\nb_all\nbbuild\netbeans\mobility8\modules\scr\deploy-deviceanywhere-impl.xml"></property>
    <property name="libs.jsfsupport-designtime.classpath" value="C:\Alaska\nb_all\nbbuild\netbeans\visualweb1\modules\ext\jsfcl.jar;C:\Alaska\nb_all\nbbuild\netbeans\visualweb1\modules\ext\dataprovider.jar;C:\Alaska\nb_all\nbbuild\netbeans\visualweb1\modules\ext\appbase.jar"></property>
    <property name="javadoc.preview" value="true"></property>
    <property name="nbplatform.default.harness.dir" value="C:\Alaska\nb_all\nbbuild\netbeans/harness"></property>
    <property name="java.home" value="C:\Alaska\build-tools\jdk1.5.0_09\jre"></property>
    <property name="libs.ricoh-ant-utils.src" value=""></property>
    <property name="copyfiles.classpath" value="C:\Alaska\nb_all\nbbuild\netbeans\enterprise4\ant\extra\copyfiles.jar"></property>
    <property name="libs.ant-contrib.javadoc" value=""></property>
    <property name="resource.OneWayTest" value="../OneWayTest/setup"></property>
    <property name="libs.webui-designtime.src" value="C:\Alaska\nb_all\nbbuild\netbeans\visualweb1\docs\webui-src.zip"></property>
    <property name="libs.savaje-ant-utils.classpath" value="C:\Alaska\nb_all\nbbuild\netbeans\mobility8\modules\ext\org-netbeans-modules-j2me-cdc-project-savaje.jar"></property>
    <property name="libs.exceptionhandler-runtime.javadoc" value=""></property>
    <property name="libs.JMUnit4CLDC11.javadoc" value="C:\Alaska\nb_all\nbbuild\netbeans\mobility8\modules\docs\jmunit-1.0.1-api.zip"></property>
    <property name="jbi.service-unit.description" value="Represents this Service Unit"></property>
    <property name="libs.jsfsupport-runtime.classpath" value="C:\Alaska\nb_all\nbbuild\netbeans\visualweb1\modules\ext\jsfcl.jar;C:\Alaska\nb_all\nbbuild\netbeans\visualweb1\modules\ext\dataprovider.jar;C:\Alaska\nb_all\nbbuild\netbeans\visualweb1\modules\ext\appbase.jar"></property>
    <property name="j2ee.platform.wsgen.classpath" value="C:/Alaska/glassfish/lib/webservices-tools.jar:C:/Alaska/glassfish/lib/webservices-rt.jar:C:/Alaska/glassfish/lib/tools.jar:C:/Alaska/glassfish/lib/appserv-jstl.jar:C:/Alaska/glassfish/lib/javaee.jar:C:/Alaska/glassfish/lib/appserv-ws.jar:C:/Alaska/glassfish/lib/mail.jar:C:/Alaska/glassfish/lib/activation.jar"></property>
    <property name="libs.savaje-ant-utils.src" value=""></property>
    <property name="deployments.DeviceAnywhere.default.deployment.deviceanywhere.userid" value=""></property>
    <property name="deployment.NokiaDeployment.scriptfile" value="C:\Alaska\nb_all\nbbuild\netbeans\mobility8\modules\scr\deploy-nokia-impl.xml"></property>
    <property name="ant.file.capstool" value="C:\Alaska\open-jbi-components\nbbuild\build.xml"></property>
    <property name="libs.toplink.src" value=""></property>
    <property name="test.results.dir" value="C:\Alaska\open-jbi-components\driver-tests\smtpbc\SMTPBCTests\OneWayTestJBI/test/results"></property>
    <property name="libs.cdc-pp-awt-layout.classpath" value="C:\Alaska\nb_all\nbbuild\netbeans\mobility8\modules\ext\cdc-pp-awt-layout.jar"></property>
    <property name="jar.name" value="OneWayTestJBI.jar"></property>
    <property name="libs.cdc-agui-swing-layout.src" value="C:\Alaska\nb_all\nbbuild\netbeans\mobility8\sources\cdc-agui-swing-layout-src.zip"></property>
    <property name="libs.jsf12-support.javadoc" value="C:\Alaska\nb_all\nbbuild\netbeans\visualweb1\docs\appbase-doc.zip;C:\Alaska\nb_all\nbbuild\netbeans\visualweb1\docs\dataprovider-doc.zip;C:\Alaska\nb_all\nbbuild\netbeans\visualweb1\docs\jsfcl-doc.zip"></property>
    <property name="deployments.Scp.default.deployment.scp.server" value=""></property>
    <property name="libs.jaxb20.src" value=""></property>
    <property name="libs.theme-default.runtime" value="C:\Alaska\nb_all\nbbuild\netbeans\visualweb1\modules\ext\defaulttheme.jar"></property>
    <property name="libs.JMUnit4CLDC11.classpath" value="C:\Alaska\nb_all\nbbuild\netbeans\mobility8\modules\ext\jmunit4cldc11-1.0.1.jar"></property>
    <property name="libs.commons-logging-1-0-4.src" value=""></property>
    <property name="libs.nb_svg_midp_components.classpath" value="C:\Alaska\nb_all\nbbuild\netbeans\mobility8\modules\ext\nb_svg_midp_components.jar"></property>
    <property name="deployments.Ftp.default.deployment.ftp.passive" value="false"></property>
    <property name="sun.management.compiler" value="HotSpot Client Compiler"></property>
    <property name="javac.deprecation" value="false"></property>
    <property name="javadoc.use" value="true"></property>
    <property name="libs.jdbcsupport-runtime.src" value=""></property>
    <property name="libs.theme-default-gray.classpath" value="C:\Alaska\nb_all\nbbuild\netbeans\visualweb1\modules\ext\defaulttheme-gray.jar"></property>
    <property name="ant.file" value="C:\Alaska\open-jbi-components\driver-tests\smtpbc\SMTPBCTests\OneWayTestJBI\build.xml"></property>
    <property name="libs.jsf12.classpath" value="C:\Alaska\nb_all\nbbuild\netbeans\enterprise4\modules\ext\jsf-1_2\commons-beanutils.jar;C:\Alaska\nb_all\nbbuild\netbeans\enterprise4\modules\ext\jsf-1_2\commons-collections.jar;C:\Alaska\nb_all\nbbuild\netbeans\enterprise4\modules\ext\jsf-1_2\commons-digester.jar;C:\Alaska\nb_all\nbbuild\netbeans\enterprise4\modules\ext\jsf-1_2\commons-logging.jar;C:\Alaska\nb_all\nbbuild\netbeans\enterprise4\modules\ext\jsf-1_2\jsf-api.jar;C:\Alaska\nb_all\nbbuild\netbeans\enterprise4\modules\ext\jsf-1_2\jsf-impl.jar"></property>
    <property name="OneWayTest.su.name" value="OneWayTest"></property>
    <property name="caps.alaska.root" value="C:/Alaska/root"></property>
    <property name="libs.netbeans_midp_components_wma.src" value="C:\Alaska\nb_all\nbbuild\netbeans\mobility8\sources\netbeans_midp_components_wma-src.zip"></property>
    <property name="libs.beans-binding.src" value=""></property>
    <property name="java.vm.specification.vendor" value="Sun Microsystems Inc."></property>
    <property name="libs.swing-layout.src" value="C:\Alaska\nb_all\nbbuild\netbeans\platform7\docs\swing-layout-1.0.2-src.zip"></property>
    <property name="libs.j2me_ant_ext.src" value=""></property>
    <property name="java.vm.name" value="Java HotSpot(TM) Client VM"></property>
    <property name="netbeans.user" value="C:\Alaska\userdir"></property>
    <property name="libs.ricoh-ant-utils.classpath" value="C:\Alaska\nb_all\nbbuild\netbeans\mobility8\modules\ext\org-netbeans-modules-j2me-cdc-project-ricoh.jar;C:\Alaska\nb_all\nbbuild\netbeans\mobility8\modules\ext\RicohAntTasks.jar;C:\Alaska\nb_all\nbbuild\netbeans\mobility8\modules\ext\jcifs-1.2.11.jar;C:\Alaska\nb_all\nbbuild\netbeans\mobility8\modules\ext\commons-httpclient-3.0.1.jar;C:\Alaska\nb_all\nbbuild\netbeans\ide8\modules\ext\commons-logging-1.0.4.jar;C:\Alaska\nb_all\nbbuild\netbeans\mobility8\modules\ext\commons-codec-1.3.jar"></property>
    <property name="java.io.tmpdir" value="C:\DOCUME~1\VISHNU~1.R\LOCALS~1\Temp\"></property>
    <property name="java.vendor.url" value="http://java.sun.com/"></property>
    <property name="jspc.classpath" value="C:\Alaska\nb_all\nbbuild\netbeans\java1\ant\lib\ant.jar:C:\Alaska\nb_all\nbbuild\netbeans\enterprise4\modules\ext\servlet2.5-jsp2.1-api.jar:C:/Alaska/glassfish/lib/javaee.jar:C:/Alaska/glassfish/lib/jsf-impl.jar:C:/Alaska/glassfish/lib/activation.jar:C:/Alaska/glassfish/lib/appserv-tags.jar:C:/Alaska/glassfish/lib/mail.jar:C:/Alaska/glassfish/lib/appserv-jstl.jar:C:/Alaska/glassfish/lib/webservices-tools.jar:C:/Alaska/glassfish/lib/webservices-rt.jar:C:\Alaska\nb_all\nbbuild\netbeans\enterprise4\modules\ext\glassfish-jspparser.jar:C:\Alaska\nb_all\nbbuild\netbeans\enterprise4\modules\ext\glassfish-logging.jar:C:\Alaska\nb_all\nbbuild\netbeans\ide8\modules\ext\commons-logging-1.0.4.jar:C:\Alaska\nb_all\nbbuild\netbeans\java1\ant\lib\ant-launcher.jar"></property>
    <property name="dist.jar.dir" value="C:\Alaska\open-jbi-components\driver-tests\smtpbc\SMTPBCTests\OneWayTestJBI\dist"></property>
    <property name="deployments.NokiaDeployment.default.deployment.nokia.deploytoalldevices" value="yes"></property>
    <property name="sun.boot.library.path" value="C:\Alaska\build-tools\jdk1.5.0_09\jre\bin"></property>
    <property name="debug.classpath" value="${javac.classpath}:build/jar"></property>
    <property name="libs.woodstock-theme-default.runtime" value="C:\Alaska\nb_all\nbbuild\netbeans\visualweb1\modules\ext\webui-jsf-suntheme.jar"></property>
    <property name="javadoc.private" value="false"></property>
    <property name="src.build.dir" value="src/jbiServiceUnits"></property>
    <property name="deployments.WebDAV.default.deployment.webdav.userid" value=""></property>
    <property name="dist.jar" value="dist/OneWayTestJBI.zip"></property>
    <property name="java.runtime.name" value="Java(TM) 2 Runtime Environment, Standard Edition"></property>
    <property name="deployments.Scp.default.deployment.scp.usekeyfile" value="no"></property>
    <property name="ant.project.name" value=""></property>
    <property name="OneWayTest.su.dir" value="src/jbiasa/../jbiServiceUnits/OneWayTest"></property>
    <property name="libs.jdbcsupport-designtime.javadoc" value="C:\Alaska\nb_all\nbbuild\netbeans\visualweb1\docs\rowset-doc.zip"></property>
    <property name="sun.cpu.isalist" value="pentium_pro+mmx pentium_pro pentium+mmx pentium i486 i386 i86"></property>
    <property name="libs.CopyLibs.javadoc" value=""></property>
    <property name="libs.ActiveSync.javadoc" value=""></property>
    <property name="libs.deviceanywhere.javadoc" value=""></property>
    <property name="user.home" value="C:\Documents and Settings\Vishnuvardhan P.R"></property>
    <property name="libs.exceptionhandler-runtime.classpath" value="C:\Alaska\nb_all\nbbuild\netbeans\visualweb1\modules\ext\errorhandler.jar"></property>
    <property name="com.sun.jbi.routing" value="true"></property>
    <property name="libs.jaxws20.classpath" value="C:\Alaska\nb_all\nbbuild\netbeans\java1\modules\ext\jaxws21\activation.jar;C:\Alaska\nb_all\nbbuild\netbeans\java1\modules\ext\jaxws21\FastInfoset.jar;C:\Alaska\nb_all\nbbuild\netbeans\java1\modules\ext\jaxws21\http.jar;C:\Alaska\nb_all\nbbuild\netbeans\java1\modules\ext\jaxws21\api\jaxb-api.jar;C:\Alaska\nb_all\nbbuild\netbeans\java1\modules\ext\jaxws21\jaxb-impl.jar;C:\Alaska\nb_all\nbbuild\netbeans\java1\modules\ext\jaxws21\jaxb-xjc.jar;C:\Alaska\nb_all\nbbuild\netbeans\java1\modules\ext\jaxws21\api\jaxws-api.jar;C:\Alaska\nb_all\nbbuild\netbeans\java1\modules\ext\jaxws21\jaxws-rt.jar;C:\Alaska\nb_all\nbbuild\netbeans\java1\modules\ext\jaxws21\jaxws-tools.jar;C:\Alaska\nb_all\nbbuild\netbeans\java1\modules\ext\jaxws21\api\jsr173_api.jar;C:\Alaska\nb_all\nbbuild\netbeans\java1\modules\ext\jaxws21\api\jsr181-api.jar;C:\Alaska\nb_all\nbbuild\netbeans\java1\modules\ext\jaxws21\jsr250-api.jar;C:\Alaska\nb_all\nbbuild\netbeans\java1\modules\ext\jaxws21\api\saaj-api.jar;C:\Alaska\nb_all\nbbuild\netbeans\java1\modules\ext\jaxws21\saaj-impl.jar;C:\Alaska\nb_all\nbbuild\netbeans\java1\modules\ext\jaxws21\sjsxp.jar;C:\Alaska\nb_all\nbbuild\netbeans\java1\modules\ext\jaxws21\stax-ex.jar;C:\Alaska\nb_all\nbbuild\netbeans\java1\modules\ext\jaxws21\streambuffer.jar"></property>
    <property name="libs.absolutelayout.javadoc" value=""></property>
    <property name="java.specification.name" value="Java Platform API Specification"></property>
    <property name="libs.woodstock-components.classpath" value="C:\Alaska\nb_all\nbbuild\netbeans\visualweb1\modules\ext\webui-jsf.jar;C:\Alaska\nb_all\nbbuild\netbeans\visualweb1\modules\ext\commons-fileupload.jar;C:\Alaska\nb_all\nbbuild\netbeans\visualweb1\modules\ext\json.jar;C:\Alaska\nb_all\nbbuild\netbeans\visualweb1\modules\ext\prototype-1.5.0.jar;C:\Alaska\nb_all\nbbuild\netbeans\visualweb1\modules\ext\dojo-0.4.3-ajax.jar;C:\Alaska\nb_all\nbbuild\netbeans\visualweb1\modules\ext\jsf-extensions-common-0.1.jar;C:\Alaska\nb_all\nbbuild\netbeans\visualweb1\modules\ext\jsf-extensions-dynamic-faces-0.1.jar"></property>
    <property name="libs.cdc-agui-swing-layout.javadoc" value=""></property>
    <property name="java.specification.vendor" value="Sun Microsystems Inc."></property>
    <property name="libs.jdbcsupport-designtime.src" value=""></property>
    <property name="libs.javac-api.classpath" value="C:\Alaska\nb_all\nbbuild\netbeans\java1\modules\ext\javac-api.jar"></property>
    <property name="libs.nokiaS80-ant-utils.classpath" value="C:\Alaska\nb_all\nbbuild\netbeans\mobility8\modules\ext\org-netbeans-modules-j2me-cdc-project-nokiaS80.jar"></property>
    <property name="java.version" value="1.5.0_09"></property>
    <property name="javadoc.version" value="false"></property>
    <property name="source.encoding" value="windows-1252"></property>
    <property name="libs.jsf12-support.src" value="C:\Alaska\nb_all\nbbuild\netbeans\visualweb1\docs\appbase-src.zip;C:\Alaska\nb_all\nbbuild\netbeans\visualweb1\docs\dataprovider-src.zip;C:\Alaska\nb_all\nbbuild\netbeans\visualweb1\docs\jsfcl-src.zip"></property>
    <property name="netbeans.home+have.tests" value="true"></property>
    <property name="project.OneWayTest" value="../OneWayTest"></property>
    <property name="NetBeansUserDir" value="C:\Alaska\userdir"></property>
    <property name="test.dir" value="test"></property>
    <property name="libs.cdc-ant-utils.src" value=""></property>
    <property name="deployment.Ftp.scriptfile" value="C:\Alaska\nb_all\nbbuild\netbeans\mobility8\modules\scr\deploy-ftp-impl.xml"></property>
    <property name="dist.javadoc.dir" value="dist/javadoc"></property>
    <property name="libs.swing-layout.classpath" value="C:\Alaska\nb_all\nbbuild\netbeans\platform7\modules\ext\swing-layout-1.0.2.jar"></property>
    <property name="module.install.dir" value="C:\Alaska\nb_all\nbbuild\netbeans\soa1\modules"></property>
    <property name="deployments.Ftp.default.deployment.ftp.port" value="21"></property>
    <property name="build.generated.dir" value="build/generated"></property>
    <property name="libs.netbeans_midp_components_pda.classpath" value="C:\Alaska\nb_all\nbbuild\netbeans\mobility8\modules\ext\netbeans_midp_components_pda.jar"></property>
    <property name="javac.source" value="1.4"></property>
    <property name="libs.proguard.src" value=""></property>
    <property name="line.separator" value="
"></property>
    <property name="java.specification.version" value="1.5"></property>
    <property name="libs.jaxws20.javadoc" value=""></property>
    <property name="libs.nb_svg_midp_components.javadoc" value="C:\Alaska\nb_all\nbbuild\netbeans\mobility8\modules\docs\nb_svg_midp_components-api.zip"></property>
    <property name="java.vm.info" value="mixed mode"></property>
    <property name="libs.cdc-ant-utils.javadoc" value=""></property>
    <property name="libs.jsf12-support.classpath" value="C:\Alaska\nb_all\nbbuild\netbeans\visualweb1\modules\ext\jsfcl.jar;C:\Alaska\nb_all\nbbuild\netbeans\visualweb1\modules\ext\dataprovider.jar;C:\Alaska\nb_all\nbbuild\netbeans\visualweb1\modules\ext\appbase.jar"></property>
    <property name="libs.netbeans_midp_components_pda.src" value="C:\Alaska\nb_all\nbbuild\netbeans\mobility8\sources\netbeans_midp_components_pda-src.zip"></property>
    <property name="sun.boot.class.path" value="C:\Alaska\build-tools\jdk1.5.0_09\jre\lib\rt.jar;C:\Alaska\build-tools\jdk1.5.0_09\jre\lib\i18n.jar;C:\Alaska\build-tools\jdk1.5.0_09\jre\lib\sunrsasign.jar;C:\Alaska\build-tools\jdk1.5.0_09\jre\lib\jsse.jar;C:\Alaska\build-tools\jdk1.5.0_09\jre\lib\jce.jar;C:\Alaska\build-tools\jdk1.5.0_09\jre\lib\charsets.jar;C:\Alaska\build-tools\jdk1.5.0_09\jre\classes"></property>
    <property name="javac.target" value="1.4"></property>
    <property name="libs.woodstock-components.javadoc" value="C:\Alaska\nb_all\nbbuild\netbeans\visualweb1\docs\webui-jsf-doc.zip;C:\Alaska\nb_all\nbbuild\netbeans\visualweb1\docs\webui-jsf-tld.zip;C:\Alaska\nb_all\nbbuild\netbeans\visualweb1\docs\portlet-doc.zip"></property>
    <property name="src.dir" value="src/jbiasa"></property>
    <property name="libs.IdentityAntTasks.javadoc" value=""></property>
    <property name="libs.jsf12.src" value=""></property>
    <property name="j2ee.platform" value="1.4"></property>
    <property name="libs.nokiadeployment.src" value=""></property>
    <property name="libs.savaje-ant-utils.javadoc" value=""></property>
    <property name="nbplatform.default.netbeans.dest.dir" value="C:\Alaska\nb_all\nbbuild\netbeans"></property>
    <property name="libs.struts.javadoc" value="C:\Alaska\nb_all\nbbuild\netbeans\enterprise4\docs\struts-1.2.9-javadoc.zip"></property>
    <property name="se.jar.name" value="SEDeployment.jar"></property>
    <property name="deployments.Ftp.default.deployment.ftp.separator" value="/"></property>
    <property name="libs.cdc-agui-swing-layout.classpath" value="C:\Alaska\nb_all\nbbuild\netbeans\mobility8\modules\ext\cdc-agui-swing-layout.jar"></property>
    <property name="dist.dir" value="dist"></property>
    <property name="libs.webui-designtime.classpath" value="C:\Alaska\nb_all\nbbuild\netbeans\visualweb1\modules\ext\webui.jar;C:\Alaska\nb_all\nbbuild\netbeans\visualweb1\modules\ext\commons-fileupload.jar"></property>
    <property name="deployments.NokiaDeployment.default.deployment.nokia.selecteddevices" value=""></property>
    <property name="java.awt.printerjob" value="sun.awt.windows.WPrinterJob"></property>
    <property name="libs.JMUnit4CLDC10.classpath" value="C:\Alaska\nb_all\nbbuild\netbeans\mobility8\modules\ext\jmunit4cldc10-1.0.1.jar"></property>
    <property name="default.javac.source" value="1.5"></property>
    <property name="sun.jnu.encoding" value="Cp1252"></property>
    <property name="jbi.service-assembly.id" value="OneWayTestJBI"></property>
    <property name="deployment.Copy.scriptfile" value="C:\Alaska\nb_all\nbbuild\netbeans\mobility8\modules\scr\deploy-copy-impl.xml"></property>
    <property name="libs.woodstock-components.src" value="C:\Alaska\nb_all\nbbuild\netbeans\visualweb1\docs\webui-jsf-src.zip"></property>
    <property name="libs.nokiadeployment.javadoc" value=""></property>
    <property name="java.runtime.version" value="1.5.0_09-b01"></property>
    <property name="jbi.service-assembly.description" value="Represents the Service Assembly of OneWayTestJBI"></property>
    <property name="default.javac.target" value="1.5"></property>
    <property name="user.timezone" value=""></property>
    <property name="libs.jsfsupport-designtime.src" value="C:\Alaska\nb_all\nbbuild\netbeans\visualweb1\docs\appbase-src.zip;C:\Alaska\nb_all\nbbuild\netbeans\visualweb1\docs\dataprovider-src.zip;C:\Alaska\nb_all\nbbuild\netbeans\visualweb1\docs\jsfcl-src.zip"></property>
    <property name="libs.JAVADB_DRIVER_LABEL.javadoc" value=""></property>
    <property name="libs.ant-contrib.src" value=""></property>
    <property name="java.ext.dirs" value="C:\Alaska\build-tools\jdk1.5.0_09\jre\lib\ext"></property>
    <property name="libs.exceptionhandler-runtime.src" value=""></property>
    <property name="libs.semc-ant-utils.src" value=""></property>
    <property name="libs.absolutelayout.classpath" value="C:\Alaska\nb_all\nbbuild\netbeans\java1\modules\ext\AbsoluteLayout.jar"></property>
    <property name="no.netbeans.home" value="true"></property>
    <property name="java.class.path" value="C:\Alaska\nb_all\nbbuild\netbeans\soa1\modules\ext\jbi\catd.jar;C:\Alaska\nb_all\nbbuild\netbeans\soa1\modules\ext\jbi\xmlunit1.0.jar;C:\Alaska\nb_all\nbbuild\netbeans\java1\modules\ext\junit-3.8.2.jar;C:\Alaska\nb_all\nbbuild\netbeans\java1\modules\ext\jaxrpc16\FastInfoset.jar;C:\Alaska\nb_all\nbbuild\netbeans\java1\modules\ext\jaxrpc16\saaj-api.jar;C:\Alaska\nb_all\nbbuild\netbeans\java1\modules\ext\jaxrpc16\saaj-impl.jar;C:\Alaska\nb_all\nbbuild\netbeans\ide8\modules\org-netbeans-modules-xml-xdm.jar;C:\Alaska\nb_all\nbbuild\netbeans\ide8\modules\org-netbeans-modules-xml-xam.jar;C:\Alaska\nb_all\nbbuild\netbeans\ide8\modules\org-netbeans-modules-editor-lib.jar;C:\Alaska\nb_all\nbbuild\netbeans\ide8\modules\org-netbeans-modules-xml-text.jar;C:\Alaska\nb_all\nbbuild\netbeans\ide8\modules\org-netbeans-modules-editor.jar;C:\Alaska\nb_all\nbbuild\netbeans\ide8\modules\org-netbeans-modules-editor-util.jar;C:\Alaska\nb_all\nbbuild\netbeans\ide8\modules\org-netbeans-modules-xml-core.jar;C:\Alaska\nb_all\nbbuild\netbeans\ide8\modules\org-netbeans-modules-editor-lib2.jar;C:\Alaska\nb_all\nbbuild\netbeans\platform7\lib\org-openide-modules.jar;C:\Alaska\nb_all\nbbuild\netbeans\platform7\lib\org-openide-util.jar;C:\Alaska\nb_all\nbbuild\netbeans\platform7\modules\org-openide-options.jar;C:\Alaska\nb_all\nbbuild\netbeans\platform7\modules\org-openide-text.jar;C:\Alaska\nb_all\nbbuild\netbeans\platform7\modules\org-openide-loaders.jar;C:\Alaska\nb_all\nbbuild\netbeans\platform7\modules\org-openide-nodes.jar;C:\Alaska\nb_all\nbbuild\netbeans\platform7\modules\org-netbeans-modules-editor-mimelookup.jar;C:\Alaska\nb_all\nbbuild\netbeans\platform7\core\org-openide-filesystems.jar;C:\Alaska\process\tools\dist\tools.jar;C:\Alaska\open-jbi-components\driver-tests\smtpbc\SMTPBCTests\OneWayTestJBI;C:\Program Files\Java\jre1.5.0_09\lib\ext\QTJava.zip;D:\xmlbeans\xmlbeans-2.3.0\lib\xbean.jar;D:\xmlbeans\xmlbeans-2.3.0\lib\jsr173_1.0_api.jar;C:\Alaska\build-tools\apache-ant-1.6.5\lib\ant-launcher.jar;C:\Alaska\build-tools\apache-ant-1.6.5\lib\ant.jar;C:\Alaska\build-tools\apache-ant-1.6.5\lib\ant-junit.jar"></property>
    <property name="jbi.content.component" value="sun-bpel-engine"></property>
    <property name="libs.webui-designtime.javadoc" value="C:\Alaska\nb_all\nbbuild\netbeans\visualweb1\docs\webui-doc.zip;C:\Alaska\nb_all\nbbuild\netbeans\visualweb1\docs\portlet-doc.zip"></property>
    <property name="from.commandline" value="true"></property>
    <property name="libs.absolutelayout.src" value=""></property>
    <property name="libs.netbeans_midp_components_wma.classpath" value="C:\Alaska\nb_all\nbbuild\netbeans\mobility8\modules\ext\netbeans_midp_components_wma.jar"></property>
    <property name="j2ee.server.type" value="J2EE"></property>
    <property name="os.version" value="5.1"></property>
    <property name="libs.netbeans_midp_components_basic.src" value="C:\Alaska\nb_all\nbbuild\netbeans\mobility8\sources\netbeans_midp_components_basic-src.zip"></property>
    <property name="caps.netbeans.home" value="C:/Alaska/nb_all/nbbuild/netbeans"></property>
    <property name="libs.toplink.javadoc" value="C:\Alaska\nb_all\nbbuild\netbeans\enterprise4\docs\javaee5-doc-api.zip"></property>
    <property name="deployments.Ftp.default.deployment.ftp.userid" value=""></property>
    <property name="sun.desktop" value="windows"></property>
    <property name="libs.ricoh-ant-utils.javadoc" value=""></property>
    <property name="libs.jaxb20.javadoc" value=""></property>
    <property name="libs.beans-binding.javadoc" value="C:\Alaska\nb_all\nbbuild\netbeans\java1\docs\beansbinding-0.6.1-doc.zip"></property>
    <property name="java.awt.graphicsenv" value="sun.awt.Win32GraphicsEnvironment"></property>
    <property name="java.vm.vendor" value="Sun Microsystems Inc."></property>
    <property name="libs.CopyLibs.classpath" value="C:\Alaska\nb_all\nbbuild\netbeans\java1\ant\extra\org-netbeans-modules-java-j2seproject-copylibstask.jar"></property>
    <property name="libs.deviceanywhere.src" value=""></property>
    <property name="deployment.SonnyEricsson.scriptfile" value="C:\Alaska\nb_all\nbbuild\netbeans\mobility8\modules\scr\deploy-sonyericsson-impl.xml"></property>
    <property name="libs.junit.src" value=""></property>
    <property name="ant.file.OneWayTestJBI-jbi-impl" value="C:\Alaska\open-jbi-components\driver-tests\smtpbc\SMTPBCTests\OneWayTestJBI\nbproject\build-impl.xml"></property>
    <property name="build.dir" value="build"></property>
    <property name="libs.CopyLibs.src" value=""></property>
    <property name="ant.version" value="Apache Ant version 1.6.5 compiled on June 2 2005"></property>
    <property name="file.encoding" value="Cp1252"></property>
    <property name="build.classes.excludes" value="**/*.java,**/*.form,**/.nbattrs"></property>
    <property name="javadoc.nonavbar" value="false"></property>
    <property name="deployments.Scp.default.deployment.scp.passphrase" value=""></property>
    <property name="platform.active" value="default_platform"></property>
    <property name="awt.toolkit" value="sun.awt.windows.WToolkit"></property>
  </properties>
  <testcase classname="org.netbeans.modules.compapp.catd.ConfiguredTest" name="TestCase1" time="0.937"></testcase>
  <system-out><![CDATA[{java.runtime.name=Java(TM) 2 Runtime Environment, Standard Edition, sun.boot.library.path=C:\Alaska\build-tools\jdk1.5.0_09\jre\bin, java.vm.version=1.5.0_09-b01, java.vm.vendor=Sun Microsystems Inc., java.vendor.url=http://java.sun.com/, path.separator=;, java.vm.name=Java HotSpot(TM) Client VM, file.encoding.pkg=sun.io, user.country=US, sun.os.patch.level=Service Pack 2, java.vm.specification.name=Java Virtual Machine Specification, user.dir=C:\Alaska\open-jbi-components\driver-tests\smtpbc\SMTPBCTests\OneWayTestJBI, java.runtime.version=1.5.0_09-b01, java.awt.graphicsenv=sun.awt.Win32GraphicsEnvironment, java.endorsed.dirs=C:\Alaska\build-tools\jdk1.5.0_09\jre\lib\endorsed, os.arch=x86, java.io.tmpdir=C:\DOCUME~1\VISHNU~1.R\LOCALS~1\Temp\, line.separator=
, java.vm.specification.vendor=Sun Microsystems Inc., user.variant=, os.name=Windows XP, sun.jnu.encoding=Cp1252, java.library.path=C:\Alaska\build-tools\jdk1.5.0_09\jre\bin;.;C:\WINDOWS\system32;C:\WINDOWS;C:\Alaska\build-tools\jdk1.5.0_09\bin;C:\Alaska\build-tools\apache-ant-1.6.5\bin;C:\Alaska\build-tools\jdk1.5.0_09\bin;C:\Alaska\build-tools\apache-ant-1.6.5\bin;C:\Alaska\build-tools\jdk1.5.0_09\bin;C:\Alaska\build-tools\apache-ant-1.6.5\bin;C:\Alaska\build-tools\jdk1.5.0_09\bin;C:\Alaska\build-tools\apache-ant-1.6.5\bin;C:\Alaska\build-tools\jdk1.5.0_09\bin;C:\Alaska\build-tools\apache-ant-1.6.5\bin;C:\Alaska\build-tools\jdk1.5.0_09\bin;C:\Alaska\build-tools\apache-ant-1.6.5\bin;C:\Alaska\build-tools\jdk1.5.0_09\bin;C:\Alaska\build-tools\apache-ant-1.6.5\bin;C:\Alaska\build-tools\jdk1.5.0_09\bin;C:\Alaska\build-tools\apache-ant-1.6.5\bin;C:\Alaska\build-tools\jdk1.5.0_09\bin;C:\Alaska\build-tools\apache-ant-1.6.5\bin;C:\Alaska\build-tools\jdk1.5.0_09\bin;C:\Alaska\build-tools\apache-ant-1.6.5\bin;C:\Alaska\build-tools\jdk1.5.0_09\bin;C:\Alaska\build-tools\apache-ant-1.6.5\bin;C:\Alaska\build-tools\jdk1.5.0_09\bin;C:\Alaska\build-tools\apache-ant-1.6.5\bin;C:\Alaska\build-tools\jdk1.5.0_09\bin;C:\Alaska\build-tools\apache-ant-1.6.5\bin;C:\WINDOWS\system32;C:\WINDOWS;C:\WINDOWS\System32\Wbem;C:\Program Files\Wave Systems Corp\Dell Preboot Manager\Access Client\v5\;C:\Program Files\cvsnt;C:\Jad;C:\maven-2.0.6\bin;d:\Subversion\bin;d:\Program Files\iNTERFACEWARE\Chameleon;d:\Program Files\iNTERFACEWARE\Chameleon\DelphiPackages;D:\apache-ant-1.7.0\bin;D:\Program Files\QuickTime\QTSystem\;D:\xmlbeans\xmlbeans-2.3.0\bin;;D:\apache-ant-1.7.0\bin, java.specification.name=Java Platform API Specification, java.class.version=49.0, sun.management.compiler=HotSpot Client Compiler, os.version=5.1, user.home=C:\Documents and Settings\Vishnuvardhan P.R, user.timezone=Asia/Calcutta, java.awt.printerjob=sun.awt.windows.WPrinterJob, file.encoding=Cp1252, java.specification.version=1.5, java.class.path=C:\Alaska\nb_all\nbbuild\netbeans\soa1\modules\ext\jbi\catd.jar;C:\Alaska\nb_all\nbbuild\netbeans\soa1\modules\ext\jbi\xmlunit1.0.jar;C:\Alaska\nb_all\nbbuild\netbeans\java1\modules\ext\junit-3.8.2.jar;C:\Alaska\nb_all\nbbuild\netbeans\java1\modules\ext\jaxrpc16\FastInfoset.jar;C:\Alaska\nb_all\nbbuild\netbeans\java1\modules\ext\jaxrpc16\saaj-api.jar;C:\Alaska\nb_all\nbbuild\netbeans\java1\modules\ext\jaxrpc16\saaj-impl.jar;C:\Alaska\nb_all\nbbuild\netbeans\ide8\modules\org-netbeans-modules-xml-xdm.jar;C:\Alaska\nb_all\nbbuild\netbeans\ide8\modules\org-netbeans-modules-xml-xam.jar;C:\Alaska\nb_all\nbbuild\netbeans\ide8\modules\org-netbeans-modules-editor-lib.jar;C:\Alaska\nb_all\nbbuild\netbeans\ide8\modules\org-netbeans-modules-xml-text.jar;C:\Alaska\nb_all\nbbuild\netbeans\ide8\modules\org-netbeans-modules-editor.jar;C:\Alaska\nb_all\nbbuild\netbeans\ide8\modules\org-netbeans-modules-editor-util.jar;C:\Alaska\nb_all\nbbuild\netbeans\ide8\modules\org-netbeans-modules-xml-core.jar;C:\Alaska\nb_all\nbbuild\netbeans\ide8\modules\org-netbeans-modules-editor-lib2.jar;C:\Alaska\nb_all\nbbuild\netbeans\platform7\lib\org-openide-modules.jar;C:\Alaska\nb_all\nbbuild\netbeans\platform7\lib\org-openide-util.jar;C:\Alaska\nb_all\nbbuild\netbeans\platform7\modules\org-openide-options.jar;C:\Alaska\nb_all\nbbuild\netbeans\platform7\modules\org-openide-text.jar;C:\Alaska\nb_all\nbbuild\netbeans\platform7\modules\org-openide-loaders.jar;C:\Alaska\nb_all\nbbuild\netbeans\platform7\modules\org-openide-nodes.jar;C:\Alaska\nb_all\nbbuild\netbeans\platform7\modules\org-netbeans-modules-editor-mimelookup.jar;C:\Alaska\nb_all\nbbuild\netbeans\platform7\core\org-openide-filesystems.jar;C:\Alaska\process\tools\dist\tools.jar;C:\Alaska\open-jbi-components\driver-tests\smtpbc\SMTPBCTests\OneWayTestJBI;C:\Program Files\Java\jre1.5.0_09\lib\ext\QTJava.zip;D:\xmlbeans\xmlbeans-2.3.0\lib\xbean.jar;D:\xmlbeans\xmlbeans-2.3.0\lib\jsr173_1.0_api.jar;C:\Alaska\build-tools\apache-ant-1.6.5\lib\ant-launcher.jar;C:\Alaska\build-tools\apache-ant-1.6.5\lib\ant.jar;C:\Alaska\build-tools\apache-ant-1.6.5\lib\ant-junit.jar, user.name=Vishnuvardhan P.R, java.vm.specification.version=1.0, java.home=C:\Alaska\build-tools\jdk1.5.0_09\jre, sun.arch.data.model=32, user.language=en, java.specification.vendor=Sun Microsystems Inc., NetBeansUserDir=C:\Alaska\userdir, awt.toolkit=sun.awt.windows.WToolkit, java.vm.info=mixed mode, java.version=1.5.0_09, java.ext.dirs=C:\Alaska\build-tools\jdk1.5.0_09\jre\lib\ext, sun.boot.class.path=C:\Alaska\build-tools\jdk1.5.0_09\jre\lib\rt.jar;C:\Alaska\build-tools\jdk1.5.0_09\jre\lib\i18n.jar;C:\Alaska\build-tools\jdk1.5.0_09\jre\lib\sunrsasign.jar;C:\Alaska\build-tools\jdk1.5.0_09\jre\lib\jsse.jar;C:\Alaska\build-tools\jdk1.5.0_09\jre\lib\jce.jar;C:\Alaska\build-tools\jdk1.5.0_09\jre\lib\charsets.jar;C:\Alaska\build-tools\jdk1.5.0_09\jre\classes, java.vendor=Sun Microsystems Inc., file.separator=\, java.vendor.url.bug=http://java.sun.com/cgi-bin/bugreport.cgi, sun.io.unicode.encoding=UnicodeLittle, sun.cpu.endian=little, sun.desktop=windows, sun.cpu.isalist=pentium_pro+mmx pentium_pro pentium+mmx pentium i486 i386 i86}
Test TestCase1\Concurrent.properties Passed. Threads count Success: <1> Error: <0> Not completed: <0>
]]></system-out>
  <system-err><![CDATA[Aug 16, 2007 8:20:52 PM org.netbeans.modules.editor.impl.KitsTracker logOnce
WARNING: No mime type uses editor kit implementation class: class org.netbeans.modules.xml.text.syntax.XMLKit
]]></system-err>
</testsuite>
