<?xml version="1.0" encoding="UTF-8"?>
<con:soapui-project name="test-consumer-inonly" soapui-version="1.7.6" xmlns:con="http://eviware.com/soapui/config"><con:settings/><con:interface name="EchoInOnlyCorbaBinding" bindingName="{urn:jbi4corba/test-consumer-inonly}EchoInOnlyCorbaBinding" soapVersion="1_1" definition="http://localhost:8192/Service/test-consumer-inonly/?wsdl"><con:settings/><con:endpoints><con:endpoint>http://192.168.1.230:8192/Service/test-consumer-inonly/</con:endpoint></con:endpoints><con:operation isOneWay="true" action="" name="echoInOnlyOperation" bindingOperationName="echoInOnlyOperation" inputName="echoInOnlyOperation" sendsAttachments="false"><con:settings/><con:call name="Request 1"><con:settings/><con:encoding>UTF-8</con:encoding><con:endpoint>http://192.168.1.230:8192/Service/test-consumer-inonly/</con:endpoint><con:request><![CDATA[<soapenv:Envelope xmlns:soapenv="http://schemas.xmlsoap.org/soap/envelope/" xmlns:test="urn:jbi4corba/test-consumer-inonly">
   <soapenv:Header/>
   <soapenv:Body>
      <test:echoInOnlyOperation>
         <!--Optional:-->
         <test:arg0>INONLY</test:arg0>
      </test:echoInOnlyOperation>
   </soapenv:Body>
</soapenv:Envelope>]]></con:request></con:call></con:operation><con:definitionCache rootPart="http://localhost:8192/Service/test-consumer-inonly/?wsdl"><con:part><con:url>http://localhost:8192/Service/test-consumer-inonly/?wsdl</con:url><con:content><wsdl:definitions name="EchoInOnly" targetNamespace="urn:jbi4corba/test-consumer-inonly" xmlns:plnk="http://docs.oasis-open.org/wsbpel/2.0/plnktype" xmlns:wsdl="http://schemas.xmlsoap.org/wsdl/" xmlns:tns="urn:jbi4corba/test-consumer-inonly" xmlns:xsd="http://www.w3.org/2001/XMLSchema" xmlns:soap="http://schemas.xmlsoap.org/wsdl/soap/">
  <wsdl:types>
    <xsd:schema attributeFormDefault="unqualified" elementFormDefault="qualified" targetNamespace="urn:jbi4corba/test-consumer-inonly">
    <xsd:element name="echoInOnlyOperation">
        <xsd:complexType>
            <xsd:sequence>
                <xsd:element minOccurs="0" name="arg0" type="xsd:string"/>
            </xsd:sequence>
        </xsd:complexType>
    </xsd:element>
</xsd:schema>
  </wsdl:types>
  <wsdl:message name="echoInOnlyOperation">
    <wsdl:part name="parameters" element="tns:echoInOnlyOperation">
    </wsdl:part>
  </wsdl:message>
  <wsdl:portType name="EchoInOnlyPortType">
    <wsdl:operation name="echoInOnlyOperation">
      <wsdl:input name="echoInOnlyOperation" message="tns:echoInOnlyOperation">
    </wsdl:input>
    </wsdl:operation>
  </wsdl:portType>
  <wsdl:binding name="EchoInOnlyCorbaBinding" type="tns:EchoInOnlyPortType">
    <soap:binding style="document" transport="http://schemas.xmlsoap.org/soap/http"/>
    <wsdl:operation name="echoInOnlyOperation">
      <soap:operation/>
      <wsdl:input name="echoInOnlyOperation">
        <soap:body use="literal"/>
      </wsdl:input>
    </wsdl:operation>
  </wsdl:binding>
  <wsdl:service name="EchoInOnly">
    <wsdl:port name="EchoInOnlyCorbaPort" binding="tns:EchoInOnlyCorbaBinding">
      <soap:address location="http://192.168.1.230:8192/Service/test-consumer-inonly/"/>
    </wsdl:port>
  </wsdl:service>
    <plnk:partnerLinkType name="EchoInOnly">
<plnk:role name="EchoInOnlyPortTypeRole" portType="tns:EchoInOnlyPortType"/>
</plnk:partnerLinkType>
</wsdl:definitions></con:content><con:type>http://schemas.xmlsoap.org/wsdl/</con:type></con:part></con:definitionCache></con:interface><con:testSuite name="testsuite-consumer-inonly"><con:settings/><con:runType>SEQUENTIAL</con:runType><con:testCase failOnError="true" failTestCaseOnErrors="true" keepSession="false" name="EchoInOnlyCorbaBinding TestSuite" searchProperties="true"><con:settings/><con:testStep type="request" name="echoInOnlyOperation"><con:settings/><con:config xsi:type="con:RequestStep" xmlns:xsi="http://www.w3.org/2001/XMLSchema-instance"><con:interface>EchoInOnlyCorbaBinding</con:interface><con:operation>echoInOnlyOperation</con:operation><con:request name="echoInOnlyOperation" wssPasswordType=""><con:settings><con:setting id="com.eviware.soapui.impl.wsdl.WsdlRequest@request-headers">&lt;xml-fragment/></con:setting></con:settings><con:encoding>UTF-8</con:encoding><con:endpoint>http://192.168.1.230:8192/Service/test-consumer-inonly/</con:endpoint><con:request><![CDATA[<soapenv:Envelope xmlns:soapenv="http://schemas.xmlsoap.org/soap/envelope/" xmlns:test="urn:jbi4corba/test-consumer-inonly">
   <soapenv:Header/>
   <soapenv:Body>
      <test:echoInOnlyOperation>
         <!--Optional:-->
         <test:arg0>INONLY</test:arg0>
      </test:echoInOnlyOperation>
   </soapenv:Body>
</soapenv:Envelope>]]></con:request><con:assertion type="Schema Compliance"><con:configuration><definition/></con:configuration></con:assertion></con:request></con:config></con:testStep></con:testCase></con:testSuite></con:soapui-project>