<?xml version="1.0" encoding="UTF-8" ?>
<testsuite errors="1" failures="0" name="org.netbeans.modules.compapp.catd.ConfiguredTest" tests="1" time="315.752">
  <properties>
    <property name="libs.jaxws20.classpath" value="@SRCROOT@/nb_all\nbbuild\netbeans\ide8\modules\ext\jaxws21\activation.jar;@SRCROOT@/nb_all\nbbuild\netbeans\ide8\modules\ext\jaxws21\FastInfoset.jar;@SRCROOT@/nb_all\nbbuild\netbeans\ide8\modules\ext\jaxws21\http.jar;@SRCROOT@/nb_all\nbbuild\netbeans\ide8\modules\ext\jaxws21\api\jaxb-api.jar;@SRCROOT@/nb_all\nbbuild\netbeans\ide8\modules\ext\jaxws21\jaxb-impl.jar;@SRCROOT@/nb_all\nbbuild\netbeans\ide8\modules\ext\jaxws21\jaxb-xjc.jar;@SRCROOT@/nb_all\nbbuild\netbeans\ide8\modules\ext\jaxws21\api\jaxws-api.jar;@SRCROOT@/nb_all\nbbuild\netbeans\ide8\modules\ext\jaxws21\jaxws-rt.jar;@SRCROOT@/nb_all\nbbuild\netbeans\ide8\modules\ext\jaxws21\jaxws-tools.jar;@SRCROOT@/nb_all\nbbuild\netbeans\ide8\modules\ext\jaxws21\api\jsr173_api.jar;@SRCROOT@/nb_all\nbbuild\netbeans\ide8\modules\ext\jaxws21\api\jsr181-api.jar;@SRCROOT@/nb_all\nbbuild\netbeans\ide8\modules\ext\jaxws21\jsr250-api.jar;@SRCROOT@/nb_all\nbbuild\netbeans\ide8\modules\ext\jaxws21\api\saaj-api.jar;@SRCROOT@/nb_all\nbbuild\netbeans\ide8\modules\ext\jaxws21\saaj-impl.jar;@SRCROOT@/nb_all\nbbuild\netbeans\ide8\modules\ext\jaxws21\sjsxp.jar;@SRCROOT@/nb_all\nbbuild\netbeans\ide8\modules\ext\jaxws21\stax-ex.jar;@SRCROOT@/nb_all\nbbuild\netbeans\ide8\modules\ext\jaxws21\streambuffer.jar"></property>
    <property name="default.javac.source" value="1.5"></property>
    <property name="file.encoding.pkg" value="sun.io"></property>
    <property name="org.netbeans.modules.compapp.jbiserver.description.application-sub-assembly" value="Represents this Service Unit"></property>
    <property name="javac.source" value="1.4"></property>
    <property name="Iep-EjbInterOp-Outbound-EJBModule.se.jar.name" value="Iep-EjbInterOp-Outbound-EJBModule.jar"></property>
    <property name="Ejb-IepInterOp-Inbound-EJBModule.su.dir" value="src/jbiasa/../jbiServiceUnits/Ejb-IepInterOp-Inbound-EJBModule"></property>
    <property name="libs.jaxrpc16.src" value=""></property>
    <property name="java.home" value="@alaska_root@/build-tools\jdk1.5.0_09\jre"></property>
    <property name="project.Iep-EjbInterOp-Outbound-EJBModule" value="../Iep-EjbInterOp-Outbound-EJBModule"></property>
    <property name="com.sun.jbi.sa.internal.routing" value="true"></property>
    <property name="javadoc.version" value="false"></property>
    <property name="libs.CopyLibs.classpath" value="@SRCROOT@/nb_all\nbbuild\netbeans\ide8\ant\extra\org-netbeans-modules-java-j2seproject-copylibstask.jar"></property>
    <property name="libs.javac-api.src" value=""></property>
    <property name="libs.JAVADB_DRIVER_LABEL.classpath" value="@SRCROOT@/glassfish\javadb\lib\derby.jar;@SRCROOT@/glassfish\javadb\lib\derbyclient.jar;@SRCROOT@/glassfish\javadb\lib\derbynet.jar"></property>
    <property name="org.netbeans.modules.compapp.jbiserver.description.assembly-unit" value="Represents the Service Assembly of Iep-EjbInterOpCompositeApp"></property>
    <property name="java.endorsed.dirs" value="@alaska_root@/build-tools\jdk1.5.0_09\jre\lib\endorsed"></property>
    <property name="src.dir" value="src/jbiasa"></property>
    <property name="nbplatform.default.harness.dir" value="@SRCROOT@/nb_all\nbbuild\netbeans/harness"></property>
    <property name="source.root" value="src"></property>
    <property name="src.build.dir" value="src/jbiServiceUnits"></property>
    <property name="libs.JAVADB_DRIVER_LABEL.src" value=""></property>
    <property name="sun.os.patch.level" value="Service Pack 4"></property>
    <property name="java.vendor.url" value="http://java.sun.com/"></property>
    <property name="project.Iep-EjbInterOpIEPModule" value="../Iep-EjbInterOpIEPModule"></property>
    <property name="java.version" value="1.5.0_09"></property>
    <property name="libs.jsf.classpath" value="@SRCROOT@/nb_all\nbbuild\netbeans\enterprise4\modules\ext\jsf\commons-beanutils.jar;@SRCROOT@/nb_all\nbbuild\netbeans\enterprise4\modules\ext\jsf\commons-collections.jar;@SRCROOT@/nb_all\nbbuild\netbeans\enterprise4\modules\ext\jsf\commons-digester.jar;@SRCROOT@/nb_all\nbbuild\netbeans\enterprise4\modules\ext\jsf\commons-logging.jar;@SRCROOT@/nb_all\nbbuild\netbeans\enterprise4\modules\ext\jsf\jsf-api.jar;@SRCROOT@/nb_all\nbbuild\netbeans\enterprise4\modules\ext\jsf\jsf-impl.jar"></property>
    <property name="caps.netbeans.home" value="@SRCROOT@/nb_all/nbbuild/netbeans"></property>
    <property name="javac.debug" value="true"></property>
    <property name="resource.Iep-EjbInterOpIEPModule" value="../Iep-EjbInterOpIEPModule/setup"></property>
    <property name="java.vendor.url.bug" value="http://java.sun.com/cgi-bin/bugreport.cgi"></property>
    <property name="wsclientuptodate.classpath" value="@SRCROOT@/nb_all\nbbuild\netbeans\enterprise3\ant\extra\wsclientuptodate.jar"></property>
    <property name="libs.absolutelayout.javadoc" value=""></property>
    <property name="org.netbeans.modules.compapp.jbiserver.alias.application-sub-assembly" value="This Service Unit"></property>
    <property name="org.netbeans.modules.compapp.jbiserver.deployment.conf.root" value="nbproject/deployment"></property>
    <property name="libs.IdentityAntTasks.classpath" value="@SRCROOT@/nb_all\nbbuild\netbeans\identity1\ant\nblib\org-netbeans-modules-identity-ant.jar;@SRCROOT@/nb_all\nbbuild\netbeans\identity1\modules\org-netbeans-modules-identity-profile-api.jar"></property>
    <property name="user.name" value="blu"></property>
    <property name="ant.file.Iep-EjbInterOpCompositeApp-jbi-impl" value="@drivertest_dir@/iepse\usecases\IEP-EJBInterOp\Iep-EjbInterOpCompositeApp\nbproject\build-impl.xml"></property>
    <property name="sun.io.unicode.encoding" value="UnicodeLittle"></property>
    <property name="sun.jnu.encoding" value="Cp1252"></property>
    <property name="java.runtime.name" value="Java(TM) 2 Runtime Environment, Standard Edition"></property>
    <property name="jspc.classpath" value="@SRCROOT@/nb_all\nbbuild\netbeans\ide8\ant\lib\ant.jar:@SRCROOT@/nb_all\nbbuild\netbeans\enterprise4\modules\ext\servlet2.5-jsp2.1-api.jar:@SRCROOT@/glassfish/lib/javaee.jar:@SRCROOT@/glassfish/lib/jsf-impl.jar:@SRCROOT@/glassfish/lib/activation.jar:@SRCROOT@/glassfish/lib/appserv-tags.jar:@SRCROOT@/glassfish/lib/mail.jar:@SRCROOT@/glassfish/lib/appserv-jstl.jar:@SRCROOT@/glassfish/lib/webservices-tools.jar:@SRCROOT@/glassfish/lib/webservices-rt.jar:@SRCROOT@/nb_all\nbbuild\netbeans\enterprise4\modules\ext\glassfish-jspparser.jar:@SRCROOT@/nb_all\nbbuild\netbeans\enterprise4\modules\ext\glassfish-logging.jar:@SRCROOT@/nb_all\nbbuild\netbeans\ide8\modules\ext\commons-logging-1.0.4.jar"></property>
    <property name="j2ee.platform.wsgen.classpath" value="@SRCROOT@/glassfish/lib/webservices-tools.jar:@SRCROOT@/glassfish/lib/webservices-rt.jar:@SRCROOT@/glassfish/lib/tools.jar:@SRCROOT@/glassfish/lib/appserv-jstl.jar:@SRCROOT@/glassfish/lib/javaee.jar:@SRCROOT@/glassfish/lib/appserv-ws.jar:@SRCROOT@/glassfish/lib/mail.jar:@SRCROOT@/glassfish/lib/activation.jar"></property>
    <property name="jbi.content.javaee.jars" value="../Iep-EjbInterOp-Outbound-EJBModule/dist/Iep-EjbInterOp-Outbound-EJBModule.jar;../Ejb-IepInterOp-Inbound-EJBModule/dist/Ejb-IepInterOp-Inbound-EJBModule.jar"></property>
    <property name="java.specification.name" value="Java Platform API Specification"></property>
    <property name="javadoc.author" value="false"></property>
    <property name="user.timezone" value=""></property>
    <property name="libs.junit.javadoc" value="@SRCROOT@/nb_all\nbbuild\netbeans\ide8\docs\junit-3.8.2-api.zip"></property>
    <property name="path.separator" value=";"></property>
    <property name="libs.absolutelayout.classpath" value="@SRCROOT@/nb_all\nbbuild\netbeans\ide8\modules\ext\AbsoluteLayout.jar"></property>
    <property name="libs.jaxrpc16.classpath" value="@SRCROOT@/nb_all\nbbuild\netbeans\ide8\modules\ext\jaxrpc16\activation.jar;@SRCROOT@/nb_all\nbbuild\netbeans\ide8\modules\ext\jaxrpc16\FastInfoset.jar;@SRCROOT@/nb_all\nbbuild\netbeans\ide8\modules\ext\jaxrpc16\jaxp-api.jar;@SRCROOT@/nb_all\nbbuild\netbeans\ide8\modules\ext\jaxrpc16\jax-qname.jar;@SRCROOT@/nb_all\nbbuild\netbeans\ide8\modules\ext\jaxrpc16\jaxrpc-api.jar;@SRCROOT@/nb_all\nbbuild\netbeans\ide8\modules\ext\jaxrpc16\jaxrpc-impl.jar;@SRCROOT@/nb_all\nbbuild\netbeans\ide8\modules\ext\jaxrpc16\jaxrpc-spi.jar;@SRCROOT@/nb_all\nbbuild\netbeans\ide8\modules\ext\jaxrpc16\jsr173_api.jar;@SRCROOT@/nb_all\nbbuild\netbeans\ide8\modules\ext\jaxrpc16\mail.jar;@SRCROOT@/nb_all\nbbuild\netbeans\ide8\modules\ext\jaxrpc16\relaxngDatatype.jar;@SRCROOT@/nb_all\nbbuild\netbeans\ide8\modules\ext\jaxrpc16\saaj-api.jar;@SRCROOT@/nb_all\nbbuild\netbeans\ide8\modules\ext\jaxrpc16\saaj-impl.jar;@SRCROOT@/nb_all\nbbuild\netbeans\ide8\modules\ext\jaxrpc16\xsdlib.jar"></property>
    <property name="file.encoding" value="Cp1252"></property>
    <property name="dist.javadoc.dir" value="dist/javadoc"></property>
    <property name="libs.junit.src" value=""></property>
    <property name="ant.file" value="@drivertest_dir@/iepse\usecases\IEP-EJBInterOp\Iep-EjbInterOpCompositeApp\build.xml"></property>
    <property name="copyfiles.classpath" value="@SRCROOT@/nb_all\nbbuild\netbeans\enterprise4\ant\extra\copyfiles.jar"></property>
    <property name="j2ee.server.instance" value=""></property>
    <property name="java.io.tmpdir" value="C:\DOCUME~1\blu\LOCALS~1\Temp\"></property>
    <property name="user.language" value="en"></property>
    <property name="libs.jaxws20.src" value=""></property>
    <property name="line.separator" value="
"></property>
    <property name="libs.absolutelayout.src" value=""></property>
    <property name="caps.alaska.root" value="@alaska_root@"></property>
    <property name="org.netbeans.modules.compapp.jbiserver.alias.assembly-unit" value="This Service Assembly"></property>
    <property name="jar.compress" value="false"></property>
    <property name="caps.jbi.home" value="@SRCROOT@/glassfish/jbi"></property>
    <property name="java.vm.info" value="mixed mode"></property>
    <property name="se.jar.name" value="SEDeployment.jar"></property>
    <property name="javadoc.private" value="false"></property>
    <property name="sun.desktop" value="windows"></property>
    <property name="java.vm.specification.name" value="Java Virtual Machine Specification"></property>
    <property name="Iep-EjbInterOpIEPModule.su.dir" value="src/jbiasa/../jbiServiceUnits/Iep-EjbInterOpIEPModule"></property>
    <property name="jbi.content.additional" value="../Iep-EjbInterOpIEPModule/build/SEDeployment.jar;../Iep-EjbInterOp-Outbound-EJBModule/dist/Iep-EjbInterOp-Outbound-EJBModule.jar;../Ejb-IepInterOp-Inbound-EJBModule/dist/Ejb-IepInterOp-Inbound-EJBModule.jar"></property>
    <property name="platform.active" value="default_platform"></property>
    <property name="meta.inf" value="src/conf"></property>
    <property name="resource.Iep-EjbInterOp-Outbound-EJBModule" value="../Iep-EjbInterOp-Outbound-EJBModule/setup"></property>
    <property name="Iep-EjbInterOpIEPModule.su.name" value="Iep-EjbInterOpIEPModule"></property>
    <property name="libs.jsf.src" value=""></property>
    <property name="test.results.dir" value="@drivertest_dir@/iepse\usecases\IEP-EJBInterOp\Iep-EjbInterOpCompositeApp/test/results"></property>
    <property name="javadoc.encoding" value=""></property>
    <property name="java.awt.printerjob" value="sun.awt.windows.WPrinterJob"></property>
    <property name="jbi.content.component" value="sun-iep-engine;JavaEEServiceEngine;JavaEEServiceEngine"></property>
    <property name="dist.jar" value="dist/Iep-EjbInterOpCompositeApp.zip"></property>
    <property name="libs.struts.classpath" value="@SRCROOT@/nb_all\nbbuild\netbeans\enterprise4\modules\ext\struts\antlr.jar;@SRCROOT@/nb_all\nbbuild\netbeans\enterprise4\modules\ext\struts\commons-beanutils.jar;@SRCROOT@/nb_all\nbbuild\netbeans\enterprise4\modules\ext\struts\commons-digester.jar;@SRCROOT@/nb_all\nbbuild\netbeans\enterprise4\modules\ext\struts\commons-fileupload.jar;@SRCROOT@/nb_all\nbbuild\netbeans\enterprise4\modules\ext\struts\commons-logging.jar;@SRCROOT@/nb_all\nbbuild\netbeans\enterprise4\modules\ext\struts\commons-validator.jar;@SRCROOT@/nb_all\nbbuild\netbeans\enterprise4\modules\ext\struts\jakarta-oro.jar;@SRCROOT@/nb_all\nbbuild\netbeans\enterprise4\modules\ext\struts\struts.jar"></property>
    <property name="ant.version" value="Apache Ant version 1.6.5 compiled on June 2 2005"></property>
    <property name="netbeans.home" value="@SRCROOT@/nb_all/nbbuild/netbeans/platform7"></property>
    <property name="resource.Ejb-IepInterOp-Inbound-EJBModule" value="../Ejb-IepInterOp-Inbound-EJBModule/setup"></property>
    <property name="javadoc.nonavbar" value="false"></property>
    <property name="user.properties.file" value="C:/Documents and Settings/blu/.netbeans/5.5/build.properties"></property>
    <property name="libs.toplink.classpath" value="@SRCROOT@/nb_all\nbbuild\netbeans\ide8\modules\ext\toplink\toplink-essentials.jar;@SRCROOT@/nb_all\nbbuild\netbeans\ide8\modules\ext\toplink\toplink-essentials-agent.jar"></property>
    <property name="jar.name" value="Iep-EjbInterOpCompositeApp.jar"></property>
    <property name="include.jar.manifest" value=""></property>
    <property name="libs.IdentityAntTasks.javadoc" value=""></property>
    <property name="j2ee.server.type" value="J2EE"></property>
    <property name="build.generated.dir" value="build/generated"></property>
    <property name="netbeans.home+have.tests" value="true"></property>
    <property name="os.name" value="Windows 2000"></property>
    <property name="caps.netbeans.user" value="C:/Documents and Settings/blu/.netbeans/5.5"></property>
    <property name="java.specification.vendor" value="Sun Microsystems Inc."></property>
    <property name="java.vm.name" value="Java HotSpot(TM) Client VM"></property>
    <property name="libs.CopyLibs.src" value=""></property>
    <property name="Iep-EjbInterOp-Outbound-EJBModule.su.name" value="Iep-EjbInterOp-Outbound-EJBModule"></property>
    <property name="libs.junit.classpath" value="@SRCROOT@/nb_all\nbbuild\netbeans\ide8\modules\ext\junit-3.8.2.jar"></property>
    <property name="java.library.path" value="@alaska_root@/build-tools\jdk1.5.0_09\jre\bin;.;C:\WINNT\system32;C:\WINNT;@alaska_root@/build-tools\jdk1.5.0_09\bin;@alaska_root@/build-tools\apache-ant-1.6.5\bin;@alaska_root@/build-tools\jdk1.5.0_09\bin;C:\opt\maven-2.0.5\bin;@alaska_root@/build-tools\jdk1.5.0_09\bin;C:\opt\maven-2.0.5\bin;@alaska_root@/build-tools\jdk1.5.0_09\bin;C:\opt\maven-2.0.5\bin;C:\Documents and Settings\blu;C:\opt\Java\jdk1.5.0_03\bin;C:\opt\MATLAB701\bin\win32;C:\opt\tcsh\bin;C:\WINNT\system32;C:\WINNT;C:\WINNT\system32\WBEM;C:\opt\cvs1-11;C:\Program Files\ATI Technologies\ATI Control Panel;C:\Program Files\Hummingbird\Connectivity\8.00\Accessories\;C:\Program Files\Microsoft SQL Server\80\Tools\BINN;C:\Oracle\product\10.1.0\Client_1\BIN;C:\opt\Subversion\bin;C:\opt\maven-2.0.5\bin"></property>
    <property name="libs.toplink.javadoc" value=""></property>
    <property name="ant.java.version" value="1.5"></property>
    <property name="basedir" value="@drivertest_dir@/iepse\usecases\IEP-EJBInterOp\Iep-EjbInterOpCompositeApp"></property>
    <property name="javadoc.noindex" value="false"></property>
    <property name="java.class.version" value="49.0"></property>
    <property name="dist.jar.dir" value="@drivertest_dir@/iepse\usecases\IEP-EJBInterOp\Iep-EjbInterOpCompositeApp\dist"></property>
    <property name="j2ee.platform" value="1.4"></property>
    <property name="ant.home" value="@alaska_root@/build-tools\apache-ant-1.6.5"></property>
    <property name="javadoc.splitindex" value="true"></property>
    <property name="libs.toplink.src" value=""></property>
    <property name="project.Ejb-IepInterOp-Inbound-EJBModule" value="../Ejb-IepInterOp-Inbound-EJBModule"></property>
    <property name="libs.javac-api.javadoc" value=""></property>
    <property name="javadoc.preview" value="true"></property>
    <property name="libs.CopyLibs.javadoc" value=""></property>
    <property name="libs.jaxws20.javadoc" value=""></property>
    <property name="sun.boot.library.path" value="@alaska_root@/build-tools\jdk1.5.0_09\jre\bin"></property>
    <property name="build.dir" value="build"></property>
    <property name="ant.file." value="@drivertest_dir@/iepse\usecases\IEP-EJBInterOp\Iep-EjbInterOpCompositeApp\build.xml"></property>
    <property name="sun.management.compiler" value="HotSpot Client Compiler"></property>
    <property name="org.netbeans.modules.compapp.projects.jbi.descriptor.uuid.assembly-unit" value="Iep-EjbInterOpCompositeApp"></property>
    <property name="java.awt.graphicsenv" value="sun.awt.Win32GraphicsEnvironment"></property>
    <property name="user.variant" value=""></property>
    <property name="no.netbeans.home" value="true"></property>
    <property name="libs.jaxb20.classpath" value="@SRCROOT@/nb_all\nbbuild\netbeans\ide8\modules\ext\jaxws21\activation.jar;@SRCROOT@/nb_all\nbbuild\netbeans\ide8\modules\ext\jaxws21\api\jaxb-api.jar;@SRCROOT@/nb_all\nbbuild\netbeans\ide8\modules\ext\jaxws21\jaxb-impl.jar;@SRCROOT@/nb_all\nbbuild\netbeans\ide8\modules\ext\jaxws21\jaxb-xjc.jar"></property>
    <property name="reference.Iep-EjbInterOp-Outbound-EJBModule.dist" value="../Iep-EjbInterOp-Outbound-EJBModule/dist/Iep-EjbInterOp-Outbound-EJBModule.jar"></property>
    <property name="javadoc.windowtitle" value=""></property>
    <property name="j2ee.platform.classpath" value="@SRCROOT@/glassfish/lib/javaee.jar:@SRCROOT@/glassfish/lib/jsf-impl.jar:@SRCROOT@/glassfish/lib/activation.jar:@SRCROOT@/glassfish/lib/appserv-tags.jar:@SRCROOT@/glassfish/lib/mail.jar:@SRCROOT@/glassfish/lib/appserv-jstl.jar:@SRCROOT@/glassfish/lib/webservices-tools.jar:@SRCROOT@/glassfish/lib/webservices-rt.jar"></property>
    <property name="libs.jstl11.javadoc" value="@SRCROOT@/nb_all\nbbuild\netbeans\enterprise4\docs\javaee5-doc-api.zip"></property>
    <property name="libs.IdentityAntTasks.src" value=""></property>
    <property name="Iep-EjbInterOp-Outbound-EJBModule.su.dir" value="src/jbiasa/../jbiServiceUnits/Iep-EjbInterOp-Outbound-EJBModule"></property>
    <property name="libs.jstl11.src" value=""></property>
    <property name="ant.project.name" value=""></property>
    <property name="libs.swing-layout.classpath" value="@SRCROOT@/nb_all\nbbuild\netbeans\platform7\modules\ext\swing-layout-1.0.1.jar"></property>
    <property name="java.vm.specification.version" value="1.0"></property>
    <property name="ant.file.capstool" value="@jbicomps_home@/nbbuild\build.xml"></property>
    <property name="caps.appserver.home" value="@SRCROOT@/glassfish"></property>
    <property name="awt.toolkit" value="sun.awt.windows.WToolkit"></property>
    <property name="javadoc.use" value="true"></property>
    <property name="sun.cpu.isalist" value="pentium_pro+mmx pentium_pro pentium+mmx pentium i486 i386 i86"></property>
    <property name="java.ext.dirs" value="@alaska_root@/build-tools\jdk1.5.0_09\jre\lib\ext"></property>
    <property name="os.version" value="5.0"></property>
    <property name="libs.jstl11.classpath" value="@SRCROOT@/nb_all\nbbuild\netbeans\enterprise4\modules\ext\standard.jar;@SRCROOT@/nb_all\nbbuild\netbeans\enterprise4\modules\ext\jstl.jar"></property>
    <property name="user.home" value="C:\Documents and Settings\blu"></property>
    <property name="java.vm.vendor" value="Sun Microsystems Inc."></property>
    <property name="libs.struts.src" value=""></property>
    <property name="user.dir" value="@drivertest_dir@/iepse\usecases\IEP-EJBInterOp\Iep-EjbInterOpCompositeApp"></property>
    <property name="libs.jaxb20.javadoc" value=""></property>
    <property name="test.dir" value="test"></property>
    <property name="libs.jsf.javadoc" value="@SRCROOT@/nb_all\nbbuild\netbeans\enterprise4\docs\javaee5-doc-api.zip"></property>
    <property name="org.netbeans.modules.compapp.jbiserver.component.conf.root" value="nbproject/private"></property>
    <property name="sun.cpu.endian" value="little"></property>
    <property name="com.sun.jbi.routing" value="true"></property>
    <property name="libs.jaxb20.src" value=""></property>
    <property name="reference.Iep-EjbInterOpIEPModule.dist_se" value="../Iep-EjbInterOpIEPModule/build/SEDeployment.jar"></property>
    <property name="java.vm.version" value="1.5.0_09-b01"></property>
    <property name="java.class.path" value="@SRCROOT@/nb_all\nbbuild\netbeans\soa1\modules\ext\jbi\catd.jar;@SRCROOT@/nb_all\nbbuild\netbeans\soa1\modules\ext\jbi\xmlunit1.0.jar;@SRCROOT@/nb_all\nbbuild\netbeans\ide8\modules\ext\jaxrpc16\FastInfoset.jar;@SRCROOT@/nb_all\nbbuild\netbeans\ide8\modules\ext\jaxrpc16\saaj-api.jar;@SRCROOT@/nb_all\nbbuild\netbeans\ide8\modules\ext\jaxrpc16\saaj-impl.jar;@SRCROOT@/nb_all\nbbuild\netbeans\ide8\modules\org-netbeans-modules-xml-xdm.jar;@SRCROOT@/nb_all\nbbuild\netbeans\ide8\modules\org-netbeans-modules-xml-xam.jar;@SRCROOT@/nb_all\nbbuild\netbeans\ide8\modules\org-netbeans-modules-editor-lib.jar;@SRCROOT@/nb_all\nbbuild\netbeans\ide8\modules\org-netbeans-modules-xml-text.jar;@SRCROOT@/nb_all\nbbuild\netbeans\ide8\modules\org-netbeans-modules-editor.jar;@SRCROOT@/nb_all\nbbuild\netbeans\ide8\modules\org-netbeans-modules-editor-util.jar;@SRCROOT@/nb_all\nbbuild\netbeans\ide8\modules\org-netbeans-modules-xml-core.jar;@SRCROOT@/nb_all\nbbuild\netbeans\platform7\lib\org-openide-modules.jar;@SRCROOT@/nb_all\nbbuild\netbeans\platform7\lib\org-openide-util.jar;@SRCROOT@/nb_all\nbbuild\netbeans\platform7\modules\org-openide-options.jar;@SRCROOT@/nb_all\nbbuild\netbeans\platform7\modules\org-openide-text.jar;@SRCROOT@/nb_all\nbbuild\netbeans\platform7\modules\org-openide-loaders.jar;@SRCROOT@/nb_all\nbbuild\netbeans\platform7\modules\org-openide-nodes.jar;@SRCROOT@/nb_all\nbbuild\netbeans\platform7\core\org-openide-filesystems.jar;@alaska_root@/build-tools\apache-ant-1.6.5\lib\junit-3.8.1.jar;@alaska_root@/build-tools\apache-ant-1.6.5\lib\ant-launcher.jar;@alaska_root@/build-tools\apache-ant-1.6.5\lib\ant.jar;@alaska_root@/build-tools\apache-ant-1.6.5\lib\ant-junit.jar"></property>
    <property name="ant.library.dir" value="@alaska_root@/build-tools\apache-ant-1.6.5\lib"></property>
    <property name="os.arch" value="x86"></property>
    <property name="reference.Ejb-IepInterOp-Inbound-EJBModule.dist" value="../Ejb-IepInterOp-Inbound-EJBModule/dist/Ejb-IepInterOp-Inbound-EJBModule.jar"></property>
    <property name="javac.deprecation" value="false"></property>
    <property name="nbplatform.default.netbeans.dest.dir" value="@SRCROOT@/nb_all\nbbuild\netbeans"></property>
    <property name="build.classes.excludes" value="**/*.java,**/*.form,**/.nbattrs"></property>
    <property name="dist.dir" value="dist"></property>
    <property name="netbeans.user" value="C:/Documents and Settings/blu/.netbeans/5.5"></property>
    <property name="debug.classpath" value="${javac.classpath}:build/jar"></property>
    <property name="java.vm.specification.vendor" value="Sun Microsystems Inc."></property>
    <property name="libs.JAVADB_DRIVER_LABEL.javadoc" value=""></property>
    <property name="from.commandline" value="true"></property>
    <property name="file.separator" value="\"></property>
    <property name="java.runtime.version" value="1.5.0_09-b01"></property>
    <property name="sun.boot.class.path" value="@alaska_root@/build-tools\jdk1.5.0_09\jre\lib\rt.jar;@alaska_root@/build-tools\jdk1.5.0_09\jre\lib\i18n.jar;@alaska_root@/build-tools\jdk1.5.0_09\jre\lib\sunrsasign.jar;@alaska_root@/build-tools\jdk1.5.0_09\jre\lib\jsse.jar;@alaska_root@/build-tools\jdk1.5.0_09\jre\lib\jce.jar;@alaska_root@/build-tools\jdk1.5.0_09\jre\lib\charsets.jar;@alaska_root@/build-tools\jdk1.5.0_09\jre\classes"></property>
    <property name="j2ee.platform.wsimport.classpath" value="@SRCROOT@/glassfish/lib/webservices-tools.jar:@SRCROOT@/glassfish/lib/webservices-rt.jar:@SRCROOT@/glassfish/lib/webservices.jar:@SRCROOT@/glassfish/lib/tools.jar:@SRCROOT@/glassfish/lib/appserv-jstl.jar:@SRCROOT@/glassfish/lib/javaee.jar:@SRCROOT@/glassfish/lib/appserv-ws.jar:@SRCROOT@/glassfish/lib/mail.jar:@SRCROOT@/glassfish/lib/activation.jar"></property>
    <property name="have.tests" value="true"></property>
    <property name="libs.javac-api.classpath" value="@SRCROOT@/nb_all\nbbuild\netbeans\ide8\modules\ext\javac-api.jar"></property>
    <property name="user.country" value="US"></property>
    <property name="javadoc.notree" value="false"></property>
    <property name="Ejb-IepInterOp-Inbound-EJBModule.su.name" value="Ejb-IepInterOp-Inbound-EJBModule"></property>
    <property name="libs.struts.javadoc" value="@SRCROOT@/nb_all\nbbuild\netbeans\enterprise4\docs\struts-1.2.9-javadoc.zip"></property>
    <property name="default.javac.target" value="1.5"></property>
    <property name="build.classes.dir" value="build/jar"></property>
    <property name="Ejb-IepInterOp-Inbound-EJBModule.se.jar.name" value="Ejb-IepInterOp-Inbound-EJBModule.jar"></property>
    <property name="libs.swing-layout.src" value=""></property>
    <property name="libs.swing-layout.javadoc" value="@SRCROOT@/nb_all\nbbuild\netbeans\platform7\docs\swing-layout-1.0.1-doc.zip"></property>
    <property name="java.vendor" value="Sun Microsystems Inc."></property>
    <property name="javac.target" value="1.4"></property>
    <property name="libs.jaxrpc16.javadoc" value=""></property>
    <property name="java.specification.version" value="1.5"></property>
    <property name="sun.arch.data.model" value="32"></property>
  </properties>
  <testcase classname="org.netbeans.modules.compapp.catd.ConfiguredTest" name="TestCase1" time="315.712">
    <error message="org/netbeans/modules/editor/lib2/search/EditorFindSupport" type="java.lang.NoClassDefFoundError">java.lang.NoClassDefFoundError: org/netbeans/modules/editor/lib2/search/EditorFindSupport
	at org.netbeans.editor.FindSupport.addPropertyChangeListener(FindSupport.java:176)
	at org.netbeans.editor.BaseDocument.&lt;init&gt;(BaseDocument.java:319)
	at org.netbeans.modules.xml.xdm.diff.XDMUtil.compareXML(XDMUtil.java:146)
	at org.netbeans.modules.xml.xdm.diff.XDMUtil.compareXML(XDMUtil.java:126)
	at org.netbeans.modules.compapp.catd.ConfiguredTest.testCompareXMLIdentical(ConfiguredTest.java:2597)
	at org.netbeans.modules.compapp.catd.ConfiguredTest.testCompareXMLIdentical(ConfiguredTest.java:2591)
	at org.netbeans.modules.compapp.catd.ConfiguredTest.checkExpectedOutput(ConfiguredTest.java:2082)
	at org.netbeans.modules.compapp.catd.ConfiguredTest.checkExpectedOutput(ConfiguredTest.java:1977)
	at org.netbeans.modules.compapp.catd.ConfiguredTest.testConcurrentSOAPRequest(ConfiguredTest.java:757)
</error>
  </testcase>
  <system-out><![CDATA[{java.runtime.name=Java(TM) 2 Runtime Environment, Standard Edition, sun.boot.library.path=@alaska_root@/build-tools\jdk1.5.0_09\jre\bin, java.vm.version=1.5.0_09-b01, java.vm.vendor=Sun Microsystems Inc., java.vendor.url=http://java.sun.com/, path.separator=;, java.vm.name=Java HotSpot(TM) Client VM, file.encoding.pkg=sun.io, user.country=US, sun.os.patch.level=Service Pack 4, java.vm.specification.name=Java Virtual Machine Specification, user.dir=@drivertest_dir@/iepse\usecases\IEP-EJBInterOp\Iep-EjbInterOpCompositeApp, java.runtime.version=1.5.0_09-b01, java.awt.graphicsenv=sun.awt.Win32GraphicsEnvironment, java.endorsed.dirs=@alaska_root@/build-tools\jdk1.5.0_09\jre\lib\endorsed, os.arch=x86, java.io.tmpdir=C:\DOCUME~1\blu\LOCALS~1\Temp\, line.separator=
, java.vm.specification.vendor=Sun Microsystems Inc., user.variant=, os.name=Windows 2000, sun.jnu.encoding=Cp1252, java.library.path=@alaska_root@/build-tools\jdk1.5.0_09\jre\bin;.;C:\WINNT\system32;C:\WINNT;@alaska_root@/build-tools\jdk1.5.0_09\bin;@alaska_root@/build-tools\apache-ant-1.6.5\bin;@alaska_root@/build-tools\jdk1.5.0_09\bin;C:\opt\maven-2.0.5\bin;@alaska_root@/build-tools\jdk1.5.0_09\bin;C:\opt\maven-2.0.5\bin;@alaska_root@/build-tools\jdk1.5.0_09\bin;C:\opt\maven-2.0.5\bin;C:\Documents and Settings\blu;C:\opt\Java\jdk1.5.0_03\bin;C:\opt\MATLAB701\bin\win32;C:\opt\tcsh\bin;C:\WINNT\system32;C:\WINNT;C:\WINNT\system32\WBEM;C:\opt\cvs1-11;C:\Program Files\ATI Technologies\ATI Control Panel;C:\Program Files\Hummingbird\Connectivity\8.00\Accessories\;C:\Program Files\Microsoft SQL Server\80\Tools\BINN;C:\Oracle\product\10.1.0\Client_1\BIN;C:\opt\Subversion\bin;C:\opt\maven-2.0.5\bin, java.specification.name=Java Platform API Specification, java.class.version=49.0, sun.management.compiler=HotSpot Client Compiler, os.version=5.0, user.home=C:\Documents and Settings\blu, user.timezone=America/Los_Angeles, java.awt.printerjob=sun.awt.windows.WPrinterJob, file.encoding=Cp1252, java.specification.version=1.5, java.class.path=@SRCROOT@/nb_all\nbbuild\netbeans\soa1\modules\ext\jbi\catd.jar;@SRCROOT@/nb_all\nbbuild\netbeans\soa1\modules\ext\jbi\xmlunit1.0.jar;@SRCROOT@/nb_all\nbbuild\netbeans\ide8\modules\ext\jaxrpc16\FastInfoset.jar;@SRCROOT@/nb_all\nbbuild\netbeans\ide8\modules\ext\jaxrpc16\saaj-api.jar;@SRCROOT@/nb_all\nbbuild\netbeans\ide8\modules\ext\jaxrpc16\saaj-impl.jar;@SRCROOT@/nb_all\nbbuild\netbeans\ide8\modules\org-netbeans-modules-xml-xdm.jar;@SRCROOT@/nb_all\nbbuild\netbeans\ide8\modules\org-netbeans-modules-xml-xam.jar;@SRCROOT@/nb_all\nbbuild\netbeans\ide8\modules\org-netbeans-modules-editor-lib.jar;@SRCROOT@/nb_all\nbbuild\netbeans\ide8\modules\org-netbeans-modules-xml-text.jar;@SRCROOT@/nb_all\nbbuild\netbeans\ide8\modules\org-netbeans-modules-editor.jar;@SRCROOT@/nb_all\nbbuild\netbeans\ide8\modules\org-netbeans-modules-editor-util.jar;@SRCROOT@/nb_all\nbbuild\netbeans\ide8\modules\org-netbeans-modules-xml-core.jar;@SRCROOT@/nb_all\nbbuild\netbeans\platform7\lib\org-openide-modules.jar;@SRCROOT@/nb_all\nbbuild\netbeans\platform7\lib\org-openide-util.jar;@SRCROOT@/nb_all\nbbuild\netbeans\platform7\modules\org-openide-options.jar;@SRCROOT@/nb_all\nbbuild\netbeans\platform7\modules\org-openide-text.jar;@SRCROOT@/nb_all\nbbuild\netbeans\platform7\modules\org-openide-loaders.jar;@SRCROOT@/nb_all\nbbuild\netbeans\platform7\modules\org-openide-nodes.jar;@SRCROOT@/nb_all\nbbuild\netbeans\platform7\core\org-openide-filesystems.jar;@alaska_root@/build-tools\apache-ant-1.6.5\lib\junit-3.8.1.jar;@alaska_root@/build-tools\apache-ant-1.6.5\lib\ant-launcher.jar;@alaska_root@/build-tools\apache-ant-1.6.5\lib\ant.jar;@alaska_root@/build-tools\apache-ant-1.6.5\lib\ant-junit.jar, user.name=blu, java.vm.specification.version=1.0, java.home=@alaska_root@/build-tools\jdk1.5.0_09\jre, sun.arch.data.model=32, user.language=en, java.specification.vendor=Sun Microsystems Inc., awt.toolkit=sun.awt.windows.WToolkit, java.vm.info=mixed mode, java.version=1.5.0_09, java.ext.dirs=@alaska_root@/build-tools\jdk1.5.0_09\jre\lib\ext, sun.boot.class.path=@alaska_root@/build-tools\jdk1.5.0_09\jre\lib\rt.jar;@alaska_root@/build-tools\jdk1.5.0_09\jre\lib\i18n.jar;@alaska_root@/build-tools\jdk1.5.0_09\jre\lib\sunrsasign.jar;@alaska_root@/build-tools\jdk1.5.0_09\jre\lib\jsse.jar;@alaska_root@/build-tools\jdk1.5.0_09\jre\lib\jce.jar;@alaska_root@/build-tools\jdk1.5.0_09\jre\lib\charsets.jar;@alaska_root@/build-tools\jdk1.5.0_09\jre\classes, java.vendor=Sun Microsystems Inc., file.separator=\, java.vendor.url.bug=http://java.sun.com/cgi-bin/bugreport.cgi, sun.io.unicode.encoding=UnicodeLittle, sun.cpu.endian=little, sun.desktop=windows, sun.cpu.isalist=pentium_pro+mmx pentium_pro pentium+mmx pentium i486 i386 i86}
Test TestCase1\Concurrent.properties Failed.
]]></system-out>
  <system-err><![CDATA[Mar 20, 2007 3:36:37 PM org.netbeans.modules.editor.impl.KitsTracker logOnce
WARNING: No mime type uses editor kit implementation class: class org.netbeans.modules.xml.text.syntax.XMLKit
]]></system-err>
</testsuite>
