<?xml version="1.0" encoding="UTF-8"?>
<con:soapui-project name="test-consumer-complex-CXF" soapui-version="2.5 beta2" resourceRoot="" xmlns:con="http://eviware.com/soapui/config"><con:settings><con:setting id="ProjectSettings@projectRoot">D:\workspace\jbi4corba\proj\corba-bc\integration-test\test-consumer-complex\consumer-complex-integration-test\src\test\etc\soapui</con:setting><con:setting id="com.eviware.soapui.impl.wsdl.actions.iface.tools.soapui.TestRunnerAction@values-local"><![CDATA[<xml-fragment xmlns:con="http://eviware.com/soapui/config">
  <con:entry key="TestRunner Path" value=""/>
  <con:entry key="Domain" value=""/>
  <con:entry key="WSS Password Type" value=""/>
  <con:entry key="Tool Args" value=""/>
  <con:entry key="Host:Port" value=""/>
  <con:entry key="Add Settings" value="false"/>
  <con:entry key="Save Project" value="false"/>
  <con:entry key="Root Folder" value=""/>
  <con:entry key="Coverage Report" value="false"/>
  <con:entry key="Export All" value="false"/>
  <con:entry key="Enable UI" value="false"/>
  <con:entry key="TestSuite" value="&lt;all>"/>
  <con:entry key="Password" value=""/>
  <con:entry key="TestCase" value="&lt;all>"/>
  <con:entry key="Endpoint" value=""/>
  <con:entry key="Export JUnit Results" value="false"/>
  <con:entry key="Print Report" value="false"/>
  <con:entry key="Open Report" value="false"/>
  <con:entry key="Username" value=""/>
</xml-fragment>]]></con:setting></con:settings><con:interface name="EchoComplexCorbaBinding" bindingName="{urn:jbi4corba/test-consumer-complex}EchoComplexCorbaBinding" soapVersion="1_1" definition="http://localhost:8192/Service/test-consumer-complex/?wsdl" xsi:type="con:WsdlInterface" wsaVersion="NONE" xmlns:xsi="http://www.w3.org/2001/XMLSchema-instance"><con:settings/><con:definitionCache type="TEXT" rootPart="http://localhost:8192/Service/test-consumer-complex/?wsdl"><con:part><con:url>http://localhost:8192/Service/test-consumer-complex/?wsdl</con:url><con:content><![CDATA[<wsdl:definitions name="EchoComplex" targetNamespace="urn:jbi4corba/test-consumer-complex" xmlns:wsdl="http://schemas.xmlsoap.org/wsdl/" xmlns:tns="urn:jbi4corba/test-consumer-complex" xmlns:xsd="http://www.w3.org/2001/XMLSchema" xmlns:wsdlsoap="http://schemas.xmlsoap.org/wsdl/soap/">
  <wsdl:types>
    <xs:schema attributeFormDefault="qualified" elementFormDefault="qualified" targetNamespace="http://test_consumer_complex.jbi4corba/" xmlns:tns="http://test_consumer_complex.jbi4corba/" xmlns:xs="http://www.w3.org/2001/XMLSchema">
      <xs:complexType name="tResSeq">
        <xs:sequence>
          <xs:element name="dataBoolean" type="xs:boolean"/>
          <xs:element name="dataDouble" type="xs:double"/>
          <xs:element name="dataFloat" type="xs:float"/>
          <xs:element name="dataInt" type="xs:int"/>
          <xs:element name="dataLong" type="xs:long"/>
          <xs:element name="dataUByte" type="xs:short"/>
          <xs:element name="dataUInt" type="xs:long"/>
          <xs:element name="dataUShort" type="xs:int"/>
          <xs:element minOccurs="0" name="dataAnyURI" type="xs:string"/>
          <xs:element minOccurs="0" name="dataENTITY" type="xs:string"/>
          <xs:element minOccurs="0" name="dataID" type="xs:string"/>
          <xs:element minOccurs="0" name="dataLanguage" type="xs:string"/>
          <xs:element minOccurs="0" name="dataNCName" type="xs:string"/>
          <xs:element minOccurs="0" name="dataNMTOKEN" type="xs:string"/>
          <xs:element minOccurs="0" name="dataName" type="xs:string"/>
          <xs:element minOccurs="0" name="dataNormalizedString" type="xs:string"/>
          <xs:element minOccurs="0" name="dataString" type="xs:string"/>
        </xs:sequence>
      </xs:complexType>
      <xs:complexType name="tReqSC">
        <xs:sequence>
          <xs:element name="dataBoolean" type="xs:boolean"/>
          <xs:element name="dataDouble" type="xs:double"/>
          <xs:element name="dataFloat" type="xs:float"/>
          <xs:element name="dataInt" type="xs:int"/>
          <xs:element name="dataLong" type="xs:long"/>
          <xs:element name="dataUByte" type="xs:short"/>
          <xs:element name="dataUInt" type="xs:long"/>
          <xs:element name="dataUShort" type="xs:int"/>
          <xs:element minOccurs="0" name="dataAnyURI" type="xs:string"/>
          <xs:element minOccurs="0" name="dataENTITY" type="xs:string"/>
          <xs:element minOccurs="0" name="dataID" type="xs:string"/>
          <xs:element minOccurs="0" name="dataLanguage" type="xs:string"/>
          <xs:element minOccurs="0" name="dataNCName" type="xs:string"/>
          <xs:element minOccurs="0" name="dataNMTOKEN" type="xs:string"/>
          <xs:element minOccurs="0" name="dataName" type="xs:string"/>
          <xs:element minOccurs="0" name="dataNormalizedString" type="xs:string"/>
          <xs:element minOccurs="0" name="dataString" type="xs:string"/>
          <xs:element minOccurs="0" name="dataToken" type="xs:string"/>
        </xs:sequence>
      </xs:complexType>
      <xs:complexType name="tResSC">
        <xs:sequence>
          <xs:element name="dataBoolean" type="xs:boolean"/>
          <xs:element name="dataDouble" type="xs:double"/>
          <xs:element name="dataFloat" type="xs:float"/>
          <xs:element name="dataInt" type="xs:int"/>
          <xs:element name="dataLong" type="xs:long"/>
          <xs:element name="dataUByte" type="xs:short"/>
          <xs:element name="dataUInt" type="xs:long"/>
          <xs:element name="dataUShort" type="xs:int"/>
          <xs:element minOccurs="0" name="dataAnyURI" type="xs:string"/>
          <xs:element minOccurs="0" name="dataENTITY" type="xs:string"/>
          <xs:element minOccurs="0" name="dataID" type="xs:string"/>
          <xs:element minOccurs="0" name="dataLanguage" type="xs:string"/>
          <xs:element minOccurs="0" name="dataNCName" type="xs:string"/>
          <xs:element minOccurs="0" name="dataNMTOKEN" type="xs:string"/>
          <xs:element minOccurs="0" name="dataName" type="xs:string"/>
          <xs:element minOccurs="0" name="dataNormalizedString" type="xs:string"/>
          <xs:element minOccurs="0" name="dataString" type="xs:string"/>
          <xs:element minOccurs="0" name="dataToken" type="xs:string"/>
        </xs:sequence>
      </xs:complexType>
      <xs:complexType name="tResAll">
        <xs:sequence>
          <xs:element name="dataBoolean" type="xs:boolean"/>
          <xs:element name="dataDouble" type="xs:double"/>
          <xs:element name="dataFloat" type="xs:float"/>
          <xs:element name="dataInt" type="xs:int"/>
          <xs:element name="dataLong" type="xs:long"/>
          <xs:element name="dataUByte" type="xs:short"/>
          <xs:element name="dataUInt" type="xs:long"/>
          <xs:element name="dataUShort" type="xs:int"/>
          <xs:element minOccurs="0" name="dataAnyURI" type="xs:string"/>
          <xs:element minOccurs="0" name="dataENTITY" type="xs:string"/>
          <xs:element minOccurs="0" name="dataID" type="xs:string"/>
          <xs:element minOccurs="0" name="dataLanguage" type="xs:string"/>
          <xs:element minOccurs="0" name="dataNCName" type="xs:string"/>
          <xs:element minOccurs="0" name="dataNMTOKEN" type="xs:string"/>
          <xs:element minOccurs="0" name="dataName" type="xs:string"/>
          <xs:element minOccurs="0" name="dataNormalizedString" type="xs:string"/>
          <xs:element minOccurs="0" name="dataString" type="xs:string"/>
        </xs:sequence>
      </xs:complexType>
      <xs:complexType name="tReqAll">
        <xs:sequence>
          <xs:element name="dataBoolean" type="xs:boolean"/>
          <xs:element name="dataDouble" type="xs:double"/>
          <xs:element name="dataFloat" type="xs:float"/>
          <xs:element name="dataInt" type="xs:int"/>
          <xs:element name="dataLong" type="xs:long"/>
          <xs:element name="dataUByte" type="xs:short"/>
          <xs:element name="dataUInt" type="xs:long"/>
          <xs:element name="dataUShort" type="xs:int"/>
          <xs:element minOccurs="0" name="dataAnyURI" type="xs:string"/>
          <xs:element minOccurs="0" name="dataENTITY" type="xs:string"/>
          <xs:element minOccurs="0" name="dataID" type="xs:string"/>
          <xs:element minOccurs="0" name="dataLanguage" type="xs:string"/>
          <xs:element minOccurs="0" name="dataNCName" type="xs:string"/>
          <xs:element minOccurs="0" name="dataNMTOKEN" type="xs:string"/>
          <xs:element minOccurs="0" name="dataName" type="xs:string"/>
          <xs:element minOccurs="0" name="dataNormalizedString" type="xs:string"/>
          <xs:element minOccurs="0" name="dataString" type="xs:string"/>
        </xs:sequence>
      </xs:complexType>
      <xs:complexType name="tResCC">
        <xs:sequence>
          <xs:element minOccurs="0" name="dataComplex" type="tns:dComplex"/>
        </xs:sequence>
      </xs:complexType>
      <xs:complexType name="dComplex">
        <xs:sequence>
          <xs:element name="dataBoolean" type="xs:boolean"/>
          <xs:element name="dataDouble" type="xs:double"/>
          <xs:element name="dataFloat" type="xs:float"/>
          <xs:element name="dataInt" type="xs:int"/>
          <xs:element name="dataLong" type="xs:long"/>
          <xs:element name="dataUByte" type="xs:short"/>
          <xs:element name="dataUInt" type="xs:long"/>
          <xs:element name="dataUShort" type="xs:int"/>
          <xs:element minOccurs="0" name="dataAnyURI" type="xs:string"/>
          <xs:element minOccurs="0" name="dataENTITY" type="xs:string"/>
          <xs:element minOccurs="0" name="dataID" type="xs:string"/>
          <xs:element minOccurs="0" name="dataLanguage" type="xs:string"/>
          <xs:element minOccurs="0" name="dataNCName" type="xs:string"/>
          <xs:element minOccurs="0" name="dataNMTOKEN" type="xs:string"/>
          <xs:element minOccurs="0" name="dataName" type="xs:string"/>
          <xs:element minOccurs="0" name="dataNormalizedString" type="xs:string"/>
          <xs:element minOccurs="0" name="dataString" type="xs:string"/>
        </xs:sequence>
      </xs:complexType>
      <xs:complexType name="tReqCC">
        <xs:sequence>
          <xs:element minOccurs="0" name="dataComplex" type="tns:dComplex"/>
        </xs:sequence>
      </xs:complexType>
      <xs:complexType name="tReqSeq">
        <xs:sequence>
          <xs:element name="dataBoolean" type="xs:boolean"/>
          <xs:element name="dataDouble" type="xs:double"/>
          <xs:element name="dataFloat" type="xs:float"/>
          <xs:element name="dataInt" type="xs:int"/>
          <xs:element name="dataLong" type="xs:long"/>
          <xs:element name="dataUByte" type="xs:short"/>
          <xs:element name="dataUInt" type="xs:long"/>
          <xs:element name="dataUShort" type="xs:int"/>
          <xs:element minOccurs="0" name="dataAnyURI" type="xs:string"/>
          <xs:element minOccurs="0" name="dataENTITY" type="xs:string"/>
          <xs:element minOccurs="0" name="dataID" type="xs:string"/>
          <xs:element minOccurs="0" name="dataLanguage" type="xs:string"/>
          <xs:element minOccurs="0" name="dataNCName" type="xs:string"/>
          <xs:element minOccurs="0" name="dataNMTOKEN" type="xs:string"/>
          <xs:element minOccurs="0" name="dataName" type="xs:string"/>
          <xs:element minOccurs="0" name="dataNormalizedString" type="xs:string"/>
          <xs:element minOccurs="0" name="dataString" type="xs:string"/>
        </xs:sequence>
      </xs:complexType>
      <xs:complexType name="tReqGroup">
        <xs:sequence>
          <xs:element name="dataBoolean" type="xs:boolean"/>
          <xs:element name="dataDouble" type="xs:double"/>
          <xs:element name="dataFloat" type="xs:float"/>
          <xs:element name="dataInt" type="xs:int"/>
          <xs:element name="dataLong" type="xs:long"/>
          <xs:element name="dataUByte" type="xs:short"/>
          <xs:element name="dataUInt" type="xs:long"/>
          <xs:element name="dataUShort" type="xs:int"/>
          <xs:element minOccurs="0" name="dataAnyURI" type="xs:string"/>
          <xs:element minOccurs="0" name="dataENTITY" type="xs:string"/>
          <xs:element minOccurs="0" name="dataID" type="xs:string"/>
          <xs:element minOccurs="0" name="dataLanguage" type="xs:string"/>
          <xs:element minOccurs="0" name="dataNCName" type="xs:string"/>
          <xs:element minOccurs="0" name="dataNMTOKEN" type="xs:string"/>
          <xs:element minOccurs="0" name="dataName" type="xs:string"/>
          <xs:element minOccurs="0" name="dataNormalizedString" type="xs:string"/>
          <xs:element minOccurs="0" name="dataString" type="xs:string"/>
        </xs:sequence>
      </xs:complexType>
      <xs:complexType name="tResGroup">
        <xs:sequence>
          <xs:element name="dataBoolean" type="xs:boolean"/>
          <xs:element name="dataDouble" type="xs:double"/>
          <xs:element name="dataFloat" type="xs:float"/>
          <xs:element name="dataInt" type="xs:int"/>
          <xs:element name="dataLong" type="xs:long"/>
          <xs:element name="dataUByte" type="xs:short"/>
          <xs:element name="dataUInt" type="xs:long"/>
          <xs:element name="dataUShort" type="xs:int"/>
          <xs:element minOccurs="0" name="dataAnyURI" type="xs:string"/>
          <xs:element minOccurs="0" name="dataENTITY" type="xs:string"/>
          <xs:element minOccurs="0" name="dataID" type="xs:string"/>
          <xs:element minOccurs="0" name="dataLanguage" type="xs:string"/>
          <xs:element minOccurs="0" name="dataNCName" type="xs:string"/>
          <xs:element minOccurs="0" name="dataNMTOKEN" type="xs:string"/>
          <xs:element minOccurs="0" name="dataName" type="xs:string"/>
          <xs:element minOccurs="0" name="dataNormalizedString" type="xs:string"/>
          <xs:element minOccurs="0" name="dataString" type="xs:string"/>
        </xs:sequence>
      </xs:complexType>
    </xs:schema>
    <xsd:schema attributeFormDefault="unqualified" elementFormDefault="qualified" targetNamespace="urn:jbi4corba/test-consumer-complex" xmlns:ns0="http://test_consumer_complex.jbi4corba/">
      <xsd:import namespace="http://test_consumer_complex.jbi4corba/"/>
      <xsd:element name="echoSimpleToken">
        <xsd:complexType>
          <xsd:sequence>
            <xsd:element minOccurs="0" name="arg0" type="xsd:string"/>
          </xsd:sequence>
        </xsd:complexType>
      </xsd:element>
      <xsd:element name="echoSimpleTokenResponse">
        <xsd:complexType>
          <xsd:sequence>
            <xsd:element minOccurs="0" name="return" type="xsd:string"/>
          </xsd:sequence>
        </xsd:complexType>
      </xsd:element>
      <xsd:element name="echoAll">
        <xsd:complexType>
          <xsd:sequence>
            <xsd:element minOccurs="0" name="arg0" type="ns0:tReqAll"/>
          </xsd:sequence>
        </xsd:complexType>
      </xsd:element>
      <xsd:element name="echoAllResponse">
        <xsd:complexType>
          <xsd:sequence>
            <xsd:element minOccurs="0" name="return" type="ns0:tResAll"/>
          </xsd:sequence>
        </xsd:complexType>
      </xsd:element>
      <xsd:element name="echoSimpleUByte">
        <xsd:complexType>
          <xsd:sequence>
            <xsd:element name="arg0" type="xsd:short"/>
          </xsd:sequence>
        </xsd:complexType>
      </xsd:element>
      <xsd:element name="echoSimpleUByteResponse">
        <xsd:complexType>
          <xsd:sequence>
            <xsd:element name="return" type="xsd:short"/>
          </xsd:sequence>
        </xsd:complexType>
      </xsd:element>
      <xsd:element name="echoSimpleLanguage">
        <xsd:complexType>
          <xsd:sequence>
            <xsd:element minOccurs="0" name="arg0" type="xsd:string"/>
          </xsd:sequence>
        </xsd:complexType>
      </xsd:element>
      <xsd:element name="echoSimpleLanguageResponse">
        <xsd:complexType>
          <xsd:sequence>
            <xsd:element minOccurs="0" name="return" type="xsd:string"/>
          </xsd:sequence>
        </xsd:complexType>
      </xsd:element>
      <xsd:element name="echoSimpleNMTOKEN">
        <xsd:complexType>
          <xsd:sequence>
            <xsd:element minOccurs="0" name="arg0" type="xsd:string"/>
          </xsd:sequence>
        </xsd:complexType>
      </xsd:element>
      <xsd:element name="echoSimpleNMTOKENResponse">
        <xsd:complexType>
          <xsd:sequence>
            <xsd:element minOccurs="0" name="return" type="xsd:string"/>
          </xsd:sequence>
        </xsd:complexType>
      </xsd:element>
      <xsd:element name="echoSimpleNCName">
        <xsd:complexType>
          <xsd:sequence>
            <xsd:element minOccurs="0" name="arg0" type="xsd:string"/>
          </xsd:sequence>
        </xsd:complexType>
      </xsd:element>
      <xsd:element name="echoSimpleNCNameResponse">
        <xsd:complexType>
          <xsd:sequence>
            <xsd:element minOccurs="0" name="return" type="xsd:string"/>
          </xsd:sequence>
        </xsd:complexType>
      </xsd:element>
      <xsd:element name="echoSimpleAnyURI">
        <xsd:complexType>
          <xsd:sequence>
            <xsd:element minOccurs="0" name="arg0" type="xsd:string"/>
          </xsd:sequence>
        </xsd:complexType>
      </xsd:element>
      <xsd:element name="echoSimpleAnyURIResponse">
        <xsd:complexType>
          <xsd:sequence>
            <xsd:element minOccurs="0" name="return" type="xsd:string"/>
          </xsd:sequence>
        </xsd:complexType>
      </xsd:element>
      <xsd:element name="echoSC">
        <xsd:complexType>
          <xsd:sequence>
            <xsd:element minOccurs="0" name="arg0" type="ns0:tReqSC"/>
          </xsd:sequence>
        </xsd:complexType>
      </xsd:element>
      <xsd:element name="echoSCResponse">
        <xsd:complexType>
          <xsd:sequence>
            <xsd:element minOccurs="0" name="return" type="ns0:tResSC"/>
          </xsd:sequence>
        </xsd:complexType>
      </xsd:element>
      <xsd:element name="echoSimpleENTITY">
        <xsd:complexType>
          <xsd:sequence>
            <xsd:element minOccurs="0" name="arg0" type="xsd:string"/>
          </xsd:sequence>
        </xsd:complexType>
      </xsd:element>
      <xsd:element name="echoSimpleENTITYResponse">
        <xsd:complexType>
          <xsd:sequence>
            <xsd:element minOccurs="0" name="return" type="xsd:string"/>
          </xsd:sequence>
        </xsd:complexType>
      </xsd:element>
      <xsd:element name="echoSeq">
        <xsd:complexType>
          <xsd:sequence>
            <xsd:element minOccurs="0" name="arg0" type="ns0:tReqSeq"/>
          </xsd:sequence>
        </xsd:complexType>
      </xsd:element>
      <xsd:element name="echoSeqResponse">
        <xsd:complexType>
          <xsd:sequence>
            <xsd:element minOccurs="0" name="return" type="ns0:tResSeq"/>
          </xsd:sequence>
        </xsd:complexType>
      </xsd:element>
      <xsd:element name="echoSimpleUShort">
        <xsd:complexType>
          <xsd:sequence>
            <xsd:element name="arg0" type="xsd:int"/>
          </xsd:sequence>
        </xsd:complexType>
      </xsd:element>
      <xsd:element name="echoSimpleUShortResponse">
        <xsd:complexType>
          <xsd:sequence>
            <xsd:element name="return" type="xsd:int"/>
          </xsd:sequence>
        </xsd:complexType>
      </xsd:element>
      <xsd:element name="echoSimpleID">
        <xsd:complexType>
          <xsd:sequence>
            <xsd:element minOccurs="0" name="arg0" type="xsd:string"/>
          </xsd:sequence>
        </xsd:complexType>
      </xsd:element>
      <xsd:element name="echoSimpleIDResponse">
        <xsd:complexType>
          <xsd:sequence>
            <xsd:element minOccurs="0" name="return" type="xsd:string"/>
          </xsd:sequence>
        </xsd:complexType>
      </xsd:element>
      <xsd:element name="echoSimpleLong">
        <xsd:complexType>
          <xsd:sequence>
            <xsd:element name="arg0" type="xsd:long"/>
          </xsd:sequence>
        </xsd:complexType>
      </xsd:element>
      <xsd:element name="echoSimpleLongResponse">
        <xsd:complexType>
          <xsd:sequence>
            <xsd:element name="return" type="xsd:long"/>
          </xsd:sequence>
        </xsd:complexType>
      </xsd:element>
      <xsd:element name="echoCC">
        <xsd:complexType>
          <xsd:sequence>
            <xsd:element minOccurs="0" name="arg0" type="ns0:tReqCC"/>
          </xsd:sequence>
        </xsd:complexType>
      </xsd:element>
      <xsd:element name="echoCCResponse">
        <xsd:complexType>
          <xsd:sequence>
            <xsd:element minOccurs="0" name="return" type="ns0:tResCC"/>
          </xsd:sequence>
        </xsd:complexType>
      </xsd:element>
      <xsd:element name="echoGroup">
        <xsd:complexType>
          <xsd:sequence>
            <xsd:element minOccurs="0" name="arg0" type="ns0:tReqGroup"/>
          </xsd:sequence>
        </xsd:complexType>
      </xsd:element>
      <xsd:element name="echoGroupResponse">
        <xsd:complexType>
          <xsd:sequence>
            <xsd:element minOccurs="0" name="return" type="ns0:tResGroup"/>
          </xsd:sequence>
        </xsd:complexType>
      </xsd:element>
      <xsd:element name="echoSimpleInt">
        <xsd:complexType>
          <xsd:sequence>
            <xsd:element name="arg0" type="xsd:int"/>
          </xsd:sequence>
        </xsd:complexType>
      </xsd:element>
      <xsd:element name="echoSimpleIntResponse">
        <xsd:complexType>
          <xsd:sequence>
            <xsd:element name="return" type="xsd:int"/>
          </xsd:sequence>
        </xsd:complexType>
      </xsd:element>
      <xsd:element name="echoSimpleFloat">
        <xsd:complexType>
          <xsd:sequence>
            <xsd:element name="arg0" type="xsd:float"/>
          </xsd:sequence>
        </xsd:complexType>
      </xsd:element>
      <xsd:element name="echoSimpleFloatResponse">
        <xsd:complexType>
          <xsd:sequence>
            <xsd:element name="return" type="xsd:float"/>
          </xsd:sequence>
        </xsd:complexType>
      </xsd:element>
      <xsd:element name="echoSimpleUInt">
        <xsd:complexType>
          <xsd:sequence>
            <xsd:element name="arg0" type="xsd:long"/>
          </xsd:sequence>
        </xsd:complexType>
      </xsd:element>
      <xsd:element name="echoSimpleUIntResponse">
        <xsd:complexType>
          <xsd:sequence>
            <xsd:element name="return" type="xsd:long"/>
          </xsd:sequence>
        </xsd:complexType>
      </xsd:element>
      <xsd:element name="echoSimpleString">
        <xsd:complexType>
          <xsd:sequence>
            <xsd:element minOccurs="0" name="arg0" type="xsd:string"/>
          </xsd:sequence>
        </xsd:complexType>
      </xsd:element>
      <xsd:element name="echoSimpleStringResponse">
        <xsd:complexType>
          <xsd:sequence>
            <xsd:element minOccurs="0" name="return" type="xsd:string"/>
          </xsd:sequence>
        </xsd:complexType>
      </xsd:element>
      <xsd:element name="echoSimpleBoolean">
        <xsd:complexType>
          <xsd:sequence>
            <xsd:element name="arg0" type="xsd:boolean"/>
          </xsd:sequence>
        </xsd:complexType>
      </xsd:element>
      <xsd:element name="echoSimpleBooleanResponse">
        <xsd:complexType>
          <xsd:sequence>
            <xsd:element name="return" type="xsd:boolean"/>
          </xsd:sequence>
        </xsd:complexType>
      </xsd:element>
      <xsd:element name="echoSimpleDouble">
        <xsd:complexType>
          <xsd:sequence>
            <xsd:element name="arg0" type="xsd:double"/>
          </xsd:sequence>
        </xsd:complexType>
      </xsd:element>
      <xsd:element name="echoSimpleDoubleResponse">
        <xsd:complexType>
          <xsd:sequence>
            <xsd:element name="return" type="xsd:double"/>
          </xsd:sequence>
        </xsd:complexType>
      </xsd:element>
      <xsd:element name="echoSimpleName">
        <xsd:complexType>
          <xsd:sequence>
            <xsd:element minOccurs="0" name="arg0" type="xsd:string"/>
          </xsd:sequence>
        </xsd:complexType>
      </xsd:element>
      <xsd:element name="echoSimpleNameResponse">
        <xsd:complexType>
          <xsd:sequence>
            <xsd:element minOccurs="0" name="return" type="xsd:string"/>
          </xsd:sequence>
        </xsd:complexType>
      </xsd:element>
      <xsd:element name="echoSimpleNormalizedString">
        <xsd:complexType>
          <xsd:sequence>
            <xsd:element minOccurs="0" name="arg0" type="xsd:string"/>
          </xsd:sequence>
        </xsd:complexType>
      </xsd:element>
      <xsd:element name="echoSimpleNormalizedStringResponse">
        <xsd:complexType>
          <xsd:sequence>
            <xsd:element minOccurs="0" name="return" type="xsd:string"/>
          </xsd:sequence>
        </xsd:complexType>
      </xsd:element>
    </xsd:schema>
  </wsdl:types>
  <wsdl:message name="echoSimpleLanguage">
    <wsdl:part name="parameters" element="tns:echoSimpleLanguage"></wsdl:part>
  </wsdl:message>
  <wsdl:message name="echoSeqResponse">
    <wsdl:part name="parameters" element="tns:echoSeqResponse"></wsdl:part>
  </wsdl:message>
  <wsdl:message name="echoSimpleNCName">
    <wsdl:part name="parameters" element="tns:echoSimpleNCName"></wsdl:part>
  </wsdl:message>
  <wsdl:message name="echoSimpleUByte">
    <wsdl:part name="parameters" element="tns:echoSimpleUByte"></wsdl:part>
  </wsdl:message>
  <wsdl:message name="echoSimpleLanguageResponse">
    <wsdl:part name="parameters" element="tns:echoSimpleLanguageResponse"></wsdl:part>
  </wsdl:message>
  <wsdl:message name="echoGroupResponse">
    <wsdl:part name="parameters" element="tns:echoGroupResponse"></wsdl:part>
  </wsdl:message>
  <wsdl:message name="echoAll">
    <wsdl:part name="parameters" element="tns:echoAll"></wsdl:part>
  </wsdl:message>
  <wsdl:message name="echoSimpleUByteResponse">
    <wsdl:part name="parameters" element="tns:echoSimpleUByteResponse"></wsdl:part>
  </wsdl:message>
  <wsdl:message name="echoSimpleNameResponse">
    <wsdl:part name="parameters" element="tns:echoSimpleNameResponse"></wsdl:part>
  </wsdl:message>
  <wsdl:message name="echoSimpleIDResponse">
    <wsdl:part name="parameters" element="tns:echoSimpleIDResponse"></wsdl:part>
  </wsdl:message>
  <wsdl:message name="echoSimpleNMTOKENResponse">
    <wsdl:part name="parameters" element="tns:echoSimpleNMTOKENResponse"></wsdl:part>
  </wsdl:message>
  <wsdl:message name="echoSimpleStringResponse">
    <wsdl:part name="parameters" element="tns:echoSimpleStringResponse"></wsdl:part>
  </wsdl:message>
  <wsdl:message name="echoSimpleBoolean">
    <wsdl:part name="parameters" element="tns:echoSimpleBoolean"></wsdl:part>
  </wsdl:message>
  <wsdl:message name="echoSimpleAnyURIResponse">
    <wsdl:part name="parameters" element="tns:echoSimpleAnyURIResponse"></wsdl:part>
  </wsdl:message>
  <wsdl:message name="echoSimpleNormalizedStringResponse">
    <wsdl:part name="parameters" element="tns:echoSimpleNormalizedStringResponse"></wsdl:part>
  </wsdl:message>
  <wsdl:message name="echoSimpleUShortResponse">
    <wsdl:part name="parameters" element="tns:echoSimpleUShortResponse"></wsdl:part>
  </wsdl:message>
  <wsdl:message name="echoSC">
    <wsdl:part name="parameters" element="tns:echoSC"></wsdl:part>
  </wsdl:message>
  <wsdl:message name="echoSimpleUInt">
    <wsdl:part name="parameters" element="tns:echoSimpleUInt"></wsdl:part>
  </wsdl:message>
  <wsdl:message name="echoSimpleENTITYResponse">
    <wsdl:part name="parameters" element="tns:echoSimpleENTITYResponse"></wsdl:part>
  </wsdl:message>
  <wsdl:message name="echoSimpleNormalizedString">
    <wsdl:part name="parameters" element="tns:echoSimpleNormalizedString"></wsdl:part>
  </wsdl:message>
  <wsdl:message name="echoSimpleENTITY">
    <wsdl:part name="parameters" element="tns:echoSimpleENTITY"></wsdl:part>
  </wsdl:message>
  <wsdl:message name="echoSimpleInt">
    <wsdl:part name="parameters" element="tns:echoSimpleInt"></wsdl:part>
  </wsdl:message>
  <wsdl:message name="echoAllResponse">
    <wsdl:part name="parameters" element="tns:echoAllResponse"></wsdl:part>
  </wsdl:message>
  <wsdl:message name="echoSimpleDouble">
    <wsdl:part name="parameters" element="tns:echoSimpleDouble"></wsdl:part>
  </wsdl:message>
  <wsdl:message name="echoGroup">
    <wsdl:part name="parameters" element="tns:echoGroup"></wsdl:part>
  </wsdl:message>
  <wsdl:message name="echoSimpleAnyURI">
    <wsdl:part name="parameters" element="tns:echoSimpleAnyURI"></wsdl:part>
  </wsdl:message>
  <wsdl:message name="echoSimpleLong">
    <wsdl:part name="parameters" element="tns:echoSimpleLong"></wsdl:part>
  </wsdl:message>
  <wsdl:message name="echoSimpleNMTOKEN">
    <wsdl:part name="parameters" element="tns:echoSimpleNMTOKEN"></wsdl:part>
  </wsdl:message>
  <wsdl:message name="echoSimpleToken">
    <wsdl:part name="parameters" element="tns:echoSimpleToken"></wsdl:part>
  </wsdl:message>
  <wsdl:message name="echoSimpleNCNameResponse">
    <wsdl:part name="parameters" element="tns:echoSimpleNCNameResponse"></wsdl:part>
  </wsdl:message>
  <wsdl:message name="echoCC">
    <wsdl:part name="parameters" element="tns:echoCC"></wsdl:part>
  </wsdl:message>
  <wsdl:message name="echoSimpleBooleanResponse">
    <wsdl:part name="parameters" element="tns:echoSimpleBooleanResponse"></wsdl:part>
  </wsdl:message>
  <wsdl:message name="echoSimpleDoubleResponse">
    <wsdl:part name="parameters" element="tns:echoSimpleDoubleResponse"></wsdl:part>
  </wsdl:message>
  <wsdl:message name="echoSimpleIntResponse">
    <wsdl:part name="parameters" element="tns:echoSimpleIntResponse"></wsdl:part>
  </wsdl:message>
  <wsdl:message name="echoSimpleFloatResponse">
    <wsdl:part name="parameters" element="tns:echoSimpleFloatResponse"></wsdl:part>
  </wsdl:message>
  <wsdl:message name="echoSimpleUShort">
    <wsdl:part name="parameters" element="tns:echoSimpleUShort"></wsdl:part>
  </wsdl:message>
  <wsdl:message name="echoSCResponse">
    <wsdl:part name="parameters" element="tns:echoSCResponse"></wsdl:part>
  </wsdl:message>
  <wsdl:message name="echoSimpleName">
    <wsdl:part name="parameters" element="tns:echoSimpleName"></wsdl:part>
  </wsdl:message>
  <wsdl:message name="echoSimpleUIntResponse">
    <wsdl:part name="parameters" element="tns:echoSimpleUIntResponse"></wsdl:part>
  </wsdl:message>
  <wsdl:message name="echoSimpleString">
    <wsdl:part name="parameters" element="tns:echoSimpleString"></wsdl:part>
  </wsdl:message>
  <wsdl:message name="echoSeq">
    <wsdl:part name="parameters" element="tns:echoSeq"></wsdl:part>
  </wsdl:message>
  <wsdl:message name="echoSimpleTokenResponse">
    <wsdl:part name="parameters" element="tns:echoSimpleTokenResponse"></wsdl:part>
  </wsdl:message>
  <wsdl:message name="echoCCResponse">
    <wsdl:part name="parameters" element="tns:echoCCResponse"></wsdl:part>
  </wsdl:message>
  <wsdl:message name="echoSimpleFloat">
    <wsdl:part name="parameters" element="tns:echoSimpleFloat"></wsdl:part>
  </wsdl:message>
  <wsdl:message name="echoSimpleID">
    <wsdl:part name="parameters" element="tns:echoSimpleID"></wsdl:part>
  </wsdl:message>
  <wsdl:message name="echoSimpleLongResponse">
    <wsdl:part name="parameters" element="tns:echoSimpleLongResponse"></wsdl:part>
  </wsdl:message>
  <wsdl:portType name="EchoComplexPortTypeCorbaInterfaceOperations">
    <wsdl:operation name="echoSimpleToken">
      <wsdl:input name="echoSimpleToken" message="tns:echoSimpleToken"></wsdl:input>
      <wsdl:output name="echoSimpleTokenResponse" message="tns:echoSimpleTokenResponse"></wsdl:output>
    </wsdl:operation>
    <wsdl:operation name="echoAll">
      <wsdl:input name="echoAll" message="tns:echoAll"></wsdl:input>
      <wsdl:output name="echoAllResponse" message="tns:echoAllResponse"></wsdl:output>
    </wsdl:operation>
    <wsdl:operation name="echoSimpleUByte">
      <wsdl:input name="echoSimpleUByte" message="tns:echoSimpleUByte"></wsdl:input>
      <wsdl:output name="echoSimpleUByteResponse" message="tns:echoSimpleUByteResponse"></wsdl:output>
    </wsdl:operation>
    <wsdl:operation name="echoSimpleLanguage">
      <wsdl:input name="echoSimpleLanguage" message="tns:echoSimpleLanguage"></wsdl:input>
      <wsdl:output name="echoSimpleLanguageResponse" message="tns:echoSimpleLanguageResponse"></wsdl:output>
    </wsdl:operation>
    <wsdl:operation name="echoSimpleNMTOKEN">
      <wsdl:input name="echoSimpleNMTOKEN" message="tns:echoSimpleNMTOKEN"></wsdl:input>
      <wsdl:output name="echoSimpleNMTOKENResponse" message="tns:echoSimpleNMTOKENResponse"></wsdl:output>
    </wsdl:operation>
    <wsdl:operation name="echoSimpleNCName">
      <wsdl:input name="echoSimpleNCName" message="tns:echoSimpleNCName"></wsdl:input>
      <wsdl:output name="echoSimpleNCNameResponse" message="tns:echoSimpleNCNameResponse"></wsdl:output>
    </wsdl:operation>
    <wsdl:operation name="echoSimpleAnyURI">
      <wsdl:input name="echoSimpleAnyURI" message="tns:echoSimpleAnyURI"></wsdl:input>
      <wsdl:output name="echoSimpleAnyURIResponse" message="tns:echoSimpleAnyURIResponse"></wsdl:output>
    </wsdl:operation>
    <wsdl:operation name="echoSC">
      <wsdl:input name="echoSC" message="tns:echoSC"></wsdl:input>
      <wsdl:output name="echoSCResponse" message="tns:echoSCResponse"></wsdl:output>
    </wsdl:operation>
    <wsdl:operation name="echoSimpleENTITY">
      <wsdl:input name="echoSimpleENTITY" message="tns:echoSimpleENTITY"></wsdl:input>
      <wsdl:output name="echoSimpleENTITYResponse" message="tns:echoSimpleENTITYResponse"></wsdl:output>
    </wsdl:operation>
    <wsdl:operation name="echoSeq">
      <wsdl:input name="echoSeq" message="tns:echoSeq"></wsdl:input>
      <wsdl:output name="echoSeqResponse" message="tns:echoSeqResponse"></wsdl:output>
    </wsdl:operation>
    <wsdl:operation name="echoSimpleUShort">
      <wsdl:input name="echoSimpleUShort" message="tns:echoSimpleUShort"></wsdl:input>
      <wsdl:output name="echoSimpleUShortResponse" message="tns:echoSimpleUShortResponse"></wsdl:output>
    </wsdl:operation>
    <wsdl:operation name="echoSimpleID">
      <wsdl:input name="echoSimpleID" message="tns:echoSimpleID"></wsdl:input>
      <wsdl:output name="echoSimpleIDResponse" message="tns:echoSimpleIDResponse"></wsdl:output>
    </wsdl:operation>
    <wsdl:operation name="echoSimpleLong">
      <wsdl:input name="echoSimpleLong" message="tns:echoSimpleLong"></wsdl:input>
      <wsdl:output name="echoSimpleLongResponse" message="tns:echoSimpleLongResponse"></wsdl:output>
    </wsdl:operation>
    <wsdl:operation name="echoCC">
      <wsdl:input name="echoCC" message="tns:echoCC"></wsdl:input>
      <wsdl:output name="echoCCResponse" message="tns:echoCCResponse"></wsdl:output>
    </wsdl:operation>
    <wsdl:operation name="echoGroup">
      <wsdl:input name="echoGroup" message="tns:echoGroup"></wsdl:input>
      <wsdl:output name="echoGroupResponse" message="tns:echoGroupResponse"></wsdl:output>
    </wsdl:operation>
    <wsdl:operation name="echoSimpleInt">
      <wsdl:input name="echoSimpleInt" message="tns:echoSimpleInt"></wsdl:input>
      <wsdl:output name="echoSimpleIntResponse" message="tns:echoSimpleIntResponse"></wsdl:output>
    </wsdl:operation>
    <wsdl:operation name="echoSimpleFloat">
      <wsdl:input name="echoSimpleFloat" message="tns:echoSimpleFloat"></wsdl:input>
      <wsdl:output name="echoSimpleFloatResponse" message="tns:echoSimpleFloatResponse"></wsdl:output>
    </wsdl:operation>
    <wsdl:operation name="echoSimpleUInt">
      <wsdl:input name="echoSimpleUInt" message="tns:echoSimpleUInt"></wsdl:input>
      <wsdl:output name="echoSimpleUIntResponse" message="tns:echoSimpleUIntResponse"></wsdl:output>
    </wsdl:operation>
    <wsdl:operation name="echoSimpleString">
      <wsdl:input name="echoSimpleString" message="tns:echoSimpleString"></wsdl:input>
      <wsdl:output name="echoSimpleStringResponse" message="tns:echoSimpleStringResponse"></wsdl:output>
    </wsdl:operation>
    <wsdl:operation name="echoSimpleBoolean">
      <wsdl:input name="echoSimpleBoolean" message="tns:echoSimpleBoolean"></wsdl:input>
      <wsdl:output name="echoSimpleBooleanResponse" message="tns:echoSimpleBooleanResponse"></wsdl:output>
    </wsdl:operation>
    <wsdl:operation name="echoSimpleDouble">
      <wsdl:input name="echoSimpleDouble" message="tns:echoSimpleDouble"></wsdl:input>
      <wsdl:output name="echoSimpleDoubleResponse" message="tns:echoSimpleDoubleResponse"></wsdl:output>
    </wsdl:operation>
    <wsdl:operation name="echoSimpleName">
      <wsdl:input name="echoSimpleName" message="tns:echoSimpleName"></wsdl:input>
      <wsdl:output name="echoSimpleNameResponse" message="tns:echoSimpleNameResponse"></wsdl:output>
    </wsdl:operation>
    <wsdl:operation name="echoSimpleNormalizedString">
      <wsdl:input name="echoSimpleNormalizedString" message="tns:echoSimpleNormalizedString"></wsdl:input>
      <wsdl:output name="echoSimpleNormalizedStringResponse" message="tns:echoSimpleNormalizedStringResponse"></wsdl:output>
    </wsdl:operation>
  </wsdl:portType>
  <wsdl:binding name="EchoComplexCorbaBinding" type="tns:EchoComplexPortTypeCorbaInterfaceOperations">
    <wsdlsoap:binding style="document" transport="http://schemas.xmlsoap.org/soap/http"/>
    <wsdl:operation name="echoSimpleToken">
      <wsdlsoap:operation/>
      <wsdl:input name="echoSimpleToken">
        <wsdlsoap:body use="literal"/>
      </wsdl:input>
      <wsdl:output name="echoSimpleTokenResponse">
        <wsdlsoap:body use="literal"/>
      </wsdl:output>
    </wsdl:operation>
    <wsdl:operation name="echoAll">
      <wsdlsoap:operation/>
      <wsdl:input name="echoAll">
        <wsdlsoap:body use="literal"/>
      </wsdl:input>
      <wsdl:output name="echoAllResponse">
        <wsdlsoap:body use="literal"/>
      </wsdl:output>
    </wsdl:operation>
    <wsdl:operation name="echoSimpleUByte">
      <wsdlsoap:operation/>
      <wsdl:input name="echoSimpleUByte">
        <wsdlsoap:body use="literal"/>
      </wsdl:input>
      <wsdl:output name="echoSimpleUByteResponse">
        <wsdlsoap:body use="literal"/>
      </wsdl:output>
    </wsdl:operation>
    <wsdl:operation name="echoSimpleLanguage">
      <wsdlsoap:operation/>
      <wsdl:input name="echoSimpleLanguage">
        <wsdlsoap:body use="literal"/>
      </wsdl:input>
      <wsdl:output name="echoSimpleLanguageResponse">
        <wsdlsoap:body use="literal"/>
      </wsdl:output>
    </wsdl:operation>
    <wsdl:operation name="echoSimpleNMTOKEN">
      <wsdlsoap:operation/>
      <wsdl:input name="echoSimpleNMTOKEN">
        <wsdlsoap:body use="literal"/>
      </wsdl:input>
      <wsdl:output name="echoSimpleNMTOKENResponse">
        <wsdlsoap:body use="literal"/>
      </wsdl:output>
    </wsdl:operation>
    <wsdl:operation name="echoSimpleAnyURI">
      <wsdlsoap:operation/>
      <wsdl:input name="echoSimpleAnyURI">
        <wsdlsoap:body use="literal"/>
      </wsdl:input>
      <wsdl:output name="echoSimpleAnyURIResponse">
        <wsdlsoap:body use="literal"/>
      </wsdl:output>
    </wsdl:operation>
    <wsdl:operation name="echoSimpleNCName">
      <wsdlsoap:operation/>
      <wsdl:input name="echoSimpleNCName">
        <wsdlsoap:body use="literal"/>
      </wsdl:input>
      <wsdl:output name="echoSimpleNCNameResponse">
        <wsdlsoap:body use="literal"/>
      </wsdl:output>
    </wsdl:operation>
    <wsdl:operation name="echoSC">
      <wsdlsoap:operation/>
      <wsdl:input name="echoSC">
        <wsdlsoap:body use="literal"/>
      </wsdl:input>
      <wsdl:output name="echoSCResponse">
        <wsdlsoap:body use="literal"/>
      </wsdl:output>
    </wsdl:operation>
    <wsdl:operation name="echoSimpleENTITY">
      <wsdlsoap:operation/>
      <wsdl:input name="echoSimpleENTITY">
        <wsdlsoap:body use="literal"/>
      </wsdl:input>
      <wsdl:output name="echoSimpleENTITYResponse">
        <wsdlsoap:body use="literal"/>
      </wsdl:output>
    </wsdl:operation>
    <wsdl:operation name="echoSeq">
      <wsdlsoap:operation/>
      <wsdl:input name="echoSeq">
        <wsdlsoap:body use="literal"/>
      </wsdl:input>
      <wsdl:output name="echoSeqResponse">
        <wsdlsoap:body use="literal"/>
      </wsdl:output>
    </wsdl:operation>
    <wsdl:operation name="echoSimpleUShort">
      <wsdlsoap:operation/>
      <wsdl:input name="echoSimpleUShort">
        <wsdlsoap:body use="literal"/>
      </wsdl:input>
      <wsdl:output name="echoSimpleUShortResponse">
        <wsdlsoap:body use="literal"/>
      </wsdl:output>
    </wsdl:operation>
    <wsdl:operation name="echoSimpleID">
      <wsdlsoap:operation/>
      <wsdl:input name="echoSimpleID">
        <wsdlsoap:body use="literal"/>
      </wsdl:input>
      <wsdl:output name="echoSimpleIDResponse">
        <wsdlsoap:body use="literal"/>
      </wsdl:output>
    </wsdl:operation>
    <wsdl:operation name="echoSimpleLong">
      <wsdlsoap:operation/>
      <wsdl:input name="echoSimpleLong">
        <wsdlsoap:body use="literal"/>
      </wsdl:input>
      <wsdl:output name="echoSimpleLongResponse">
        <wsdlsoap:body use="literal"/>
      </wsdl:output>
    </wsdl:operation>
    <wsdl:operation name="echoCC">
      <wsdlsoap:operation/>
      <wsdl:input name="echoCC">
        <wsdlsoap:body use="literal"/>
      </wsdl:input>
      <wsdl:output name="echoCCResponse">
        <wsdlsoap:body use="literal"/>
      </wsdl:output>
    </wsdl:operation>
    <wsdl:operation name="echoGroup">
      <wsdlsoap:operation/>
      <wsdl:input name="echoGroup">
        <wsdlsoap:body use="literal"/>
      </wsdl:input>
      <wsdl:output name="echoGroupResponse">
        <wsdlsoap:body use="literal"/>
      </wsdl:output>
    </wsdl:operation>
    <wsdl:operation name="echoSimpleFloat">
      <wsdlsoap:operation/>
      <wsdl:input name="echoSimpleFloat">
        <wsdlsoap:body use="literal"/>
      </wsdl:input>
      <wsdl:output name="echoSimpleFloatResponse">
        <wsdlsoap:body use="literal"/>
      </wsdl:output>
    </wsdl:operation>
    <wsdl:operation name="echoSimpleInt">
      <wsdlsoap:operation/>
      <wsdl:input name="echoSimpleInt">
        <wsdlsoap:body use="literal"/>
      </wsdl:input>
      <wsdl:output name="echoSimpleIntResponse">
        <wsdlsoap:body use="literal"/>
      </wsdl:output>
    </wsdl:operation>
    <wsdl:operation name="echoSimpleUInt">
      <wsdlsoap:operation/>
      <wsdl:input name="echoSimpleUInt">
        <wsdlsoap:body use="literal"/>
      </wsdl:input>
      <wsdl:output name="echoSimpleUIntResponse">
        <wsdlsoap:body use="literal"/>
      </wsdl:output>
    </wsdl:operation>
    <wsdl:operation name="echoSimpleString">
      <wsdlsoap:operation/>
      <wsdl:input name="echoSimpleString">
        <wsdlsoap:body use="literal"/>
      </wsdl:input>
      <wsdl:output name="echoSimpleStringResponse">
        <wsdlsoap:body use="literal"/>
      </wsdl:output>
    </wsdl:operation>
    <wsdl:operation name="echoSimpleBoolean">
      <wsdlsoap:operation/>
      <wsdl:input name="echoSimpleBoolean">
        <wsdlsoap:body use="literal"/>
      </wsdl:input>
      <wsdl:output name="echoSimpleBooleanResponse">
        <wsdlsoap:body use="literal"/>
      </wsdl:output>
    </wsdl:operation>
    <wsdl:operation name="echoSimpleDouble">
      <wsdlsoap:operation/>
      <wsdl:input name="echoSimpleDouble">
        <wsdlsoap:body use="literal"/>
      </wsdl:input>
      <wsdl:output name="echoSimpleDoubleResponse">
        <wsdlsoap:body use="literal"/>
      </wsdl:output>
    </wsdl:operation>
    <wsdl:operation name="echoSimpleName">
      <wsdlsoap:operation/>
      <wsdl:input name="echoSimpleName">
        <wsdlsoap:body use="literal"/>
      </wsdl:input>
      <wsdl:output name="echoSimpleNameResponse">
        <wsdlsoap:body use="literal"/>
      </wsdl:output>
    </wsdl:operation>
    <wsdl:operation name="echoSimpleNormalizedString">
      <wsdlsoap:operation/>
      <wsdl:input name="echoSimpleNormalizedString">
        <wsdlsoap:body use="literal"/>
      </wsdl:input>
      <wsdl:output name="echoSimpleNormalizedStringResponse">
        <wsdlsoap:body use="literal"/>
      </wsdl:output>
    </wsdl:operation>
  </wsdl:binding>
  <wsdl:service name="EchoComplex">
    <wsdl:port name="EchoComplexPortTypeCorbaInterfaceOperationsPort" binding="tns:EchoComplexCorbaBinding">
      <wsdlsoap:address location="http://localhost:8192/Service/test-consumer-complex/"/>
    </wsdl:port>
  </wsdl:service>
</wsdl:definitions>]]></con:content><con:type>http://schemas.xmlsoap.org/wsdl/</con:type></con:part></con:definitionCache><con:endpoints><con:endpoint>http://localhost:8192/Service/test-consumer-complex/</con:endpoint><con:endpoint>http://localhost:8192/Service/test-consumer-complex/</con:endpoint></con:endpoints><con:operation isOneWay="false" action="" name="echoAll" bindingOperationName="echoAll" inputName="echoAll" outputName="echoAllResponse" receivesAttachments="false" sendsAttachments="false" type="Request-Response" anonymous="optional"><con:settings/><con:call name="Request 1"><con:settings/><con:encoding>UTF-8</con:encoding><con:endpoint>http://localhost:8192/Service/test-consumer-complex/</con:endpoint><con:request><![CDATA[<soapenv:Envelope xmlns:soapenv="http://schemas.xmlsoap.org/soap/envelope/" xmlns:test="urn:jbi4corba/test-consumer-complex" xmlns:test1="http://test_consumer_complex.jbi4corba/">
   <soapenv:Header/>
   <soapenv:Body>
      <test:echoAll>
         <!--Optional:-->
         <test:arg0>
            <test1:dataBoolean>true</test1:dataBoolean>
            <test1:dataDouble>1.1</test1:dataDouble>
            <test1:dataFloat>2</test1:dataFloat>
            <test1:dataInt>3</test1:dataInt>
            <test1:dataLong>4</test1:dataLong>
            <test1:dataUByte>6</test1:dataUByte>
            <test1:dataUInt>7</test1:dataUInt>
            <test1:dataUShort>8</test1:dataUShort>
            <!--Optional:-->
            <test1:dataAnyURI>AnyURI</test1:dataAnyURI>
            <!--Optional:-->
            <test1:dataENTITY>ENTITY</test1:dataENTITY>
            <!--Optional:-->
            <test1:dataID>ID</test1:dataID>
            <!--Optional:-->
            <test1:dataLanguage>language</test1:dataLanguage>
            <!--Optional:-->
            <test1:dataNCName>NCName</test1:dataNCName>
            <!--Optional:-->
            <test1:dataNMTOKEN>NMTOKEN</test1:dataNMTOKEN>
            <!--Optional:-->
            <test1:dataName>dataName</test1:dataName>
            <!--Optional:-->
            <test1:dataNormalizedString>NormalizedString</test1:dataNormalizedString>
            <!--Optional:-->
            <test1:dataString>String</test1:dataString>
         </test:arg0>
      </test:echoAll>
   </soapenv:Body>
</soapenv:Envelope>]]></con:request><con:wsaConfig mustUnderstand="NONE" version="200508"/></con:call></con:operation><con:operation isOneWay="false" action="" name="echoCC" bindingOperationName="echoCC" inputName="echoCC" outputName="echoCCResponse" receivesAttachments="false" sendsAttachments="false" type="Request-Response" anonymous="optional"><con:settings/><con:call name="Request 1"><con:settings/><con:encoding>UTF-8</con:encoding><con:endpoint>http://localhost:8192/Service/test-consumer-complex/</con:endpoint><con:request><![CDATA[<soapenv:Envelope xmlns:soapenv="http://schemas.xmlsoap.org/soap/envelope/" xmlns:test="urn:jbi4corba/test-consumer-complex" xmlns:test1="http://test_consumer_complex.jbi4corba/">
   <soapenv:Header/>
   <soapenv:Body>
      <test:echoCC>
         <!--Optional:-->
         <test:arg0>
            <!--Optional:-->
            <test1:dataComplex>
               <test1:dataBoolean>false</test1:dataBoolean>
               <test1:dataDouble>1.051732E7</test1:dataDouble>
               <test1:dataFloat>1.5E2</test1:dataFloat>
               <test1:dataInt>3</test1:dataInt>
               <test1:dataLong>10</test1:dataLong>
               <test1:dataUByte>1</test1:dataUByte>
               <test1:dataUInt>10</test1:dataUInt>
               <test1:dataUShort>3</test1:dataUShort>
               <!--Optional:-->
               <test1:dataAnyURI>cum murmure</test1:dataAnyURI>
               <!--Optional:-->
               <test1:dataENTITY>aeoliam venit</test1:dataENTITY>
               <!--Optional:-->
               <test1:dataID>ventos tempestatesque</test1:dataID>
               <!--Optional:-->
               <test1:dataLanguage>temperat iras</test1:dataLanguage>
               <!--Optional:-->
               <test1:dataNCName>turbine corripuit</test1:dataNCName>
               <!--Optional:-->
               <test1:dataNMTOKEN>regemque dedit</test1:dataNMTOKEN>
               <!--Optional:-->
               <test1:dataName>fremunt celsa</test1:dataName>
               <!--Optional:-->
               <test1:dataNormalizedString>ferant rapidi</test1:dataNormalizedString>
               <!--Optional:-->
               <test1:dataString>sceptra tenens</test1:dataString>
            </test1:dataComplex>
         </test:arg0>
      </test:echoCC>
   </soapenv:Body>
</soapenv:Envelope>]]></con:request><con:wsaConfig mustUnderstand="NONE" version="200508" action="urn:jbi4corba/test-consumer-complex/EchoComplexPortTypeCorbaInterfaceOperations/echoCC"/></con:call></con:operation><con:operation isOneWay="false" action="" name="echoGroup" bindingOperationName="echoGroup" inputName="echoGroup" outputName="echoGroupResponse" receivesAttachments="false" sendsAttachments="false" type="Request-Response"><con:settings/><con:call name="Request 1"><con:settings/><con:encoding>UTF-8</con:encoding><con:endpoint>http://localhost:8192/Service/test-consumer-complex/</con:endpoint><con:request><![CDATA[<soapenv:Envelope xmlns:soapenv="http://schemas.xmlsoap.org/soap/envelope/" xmlns:test="urn:jbi4corba/test-consumer-complex" xmlns:test1="http://test_consumer_complex.jbi4corba/">
   <soapenv:Header/>
   <soapenv:Body>
      <test:echoGroup>
         <!--Optional:-->
         <test:arg0>
            <test1:dataBoolean>true</test1:dataBoolean>
            <test1:dataDouble>1.1</test1:dataDouble>
            <test1:dataFloat>2</test1:dataFloat>
            <test1:dataInt>4</test1:dataInt>
            <test1:dataLong>5</test1:dataLong>
            <test1:dataUByte>5</test1:dataUByte>
            <test1:dataUInt>6</test1:dataUInt>
            <test1:dataUShort>7</test1:dataUShort>
            <!--Optional:-->
            <test1:dataAnyURI>AnyURI</test1:dataAnyURI>
            <!--Optional:-->
            <test1:dataENTITY>ENTITY</test1:dataENTITY>
            <!--Optional:-->
            <test1:dataID>ID?</test1:dataID>
            <!--Optional:-->
            <test1:dataLanguage>language</test1:dataLanguage>
            <!--Optional:-->
            <test1:dataNCName>NCName</test1:dataNCName>
            <!--Optional:-->
            <test1:dataNMTOKEN>NMTOKEN</test1:dataNMTOKEN>
            <!--Optional:-->
            <test1:dataName>dataName</test1:dataName>
            <!--Optional:-->
            <test1:dataNormalizedString>NormalizedString</test1:dataNormalizedString>
            <!--Optional:-->
            <test1:dataString>String</test1:dataString>
         </test:arg0>
      </test:echoGroup>
   </soapenv:Body>
</soapenv:Envelope>]]></con:request><con:wsaConfig mustUnderstand="NONE" version="200508"/></con:call></con:operation><con:operation isOneWay="false" action="" name="echoSC" bindingOperationName="echoSC" inputName="echoSC" outputName="echoSCResponse" receivesAttachments="false" sendsAttachments="false" type="Request-Response"><con:settings/><con:call name="Request 1"><con:settings/><con:encoding>UTF-8</con:encoding><con:endpoint>http://localhost:8192/Service/test-consumer-complex/</con:endpoint><con:request><![CDATA[<soapenv:Envelope xmlns:soapenv="http://schemas.xmlsoap.org/soap/envelope/" xmlns:test="urn:jbi4corba/test-consumer-complex" xmlns:test1="http://test_consumer_complex.jbi4corba/">
   <soapenv:Header/>
   <soapenv:Body>
      <test:echoSC>
         <!--Optional:-->
         <test:arg0>
	    <test1:dataBoolean>true</test1:dataBoolean>
            <test1:dataDouble>1.1</test1:dataDouble>
            <test1:dataFloat>2</test1:dataFloat>
            <test1:dataInt>3</test1:dataInt>
            <test1:dataLong>4</test1:dataLong>
            <test1:dataUByte>6</test1:dataUByte>
            <test1:dataUInt>7</test1:dataUInt>
            <test1:dataUShort>8</test1:dataUShort>
            <!--Optional:-->
            <test1:dataAnyURI>AnyURI</test1:dataAnyURI>
            <!--Optional:-->
            <test1:dataENTITY>ENTITY</test1:dataENTITY>
            <!--Optional:-->
            <test1:dataID>ID</test1:dataID>
            <!--Optional:-->
            <test1:dataLanguage>language</test1:dataLanguage>
            <!--Optional:-->
            <test1:dataNCName>NCName</test1:dataNCName>
            <!--Optional:-->
            <test1:dataNMTOKEN>NMTOKEN</test1:dataNMTOKEN>
            <!--Optional:-->
            <test1:dataName>dataName</test1:dataName>
            <!--Optional:-->
            <test1:dataNormalizedString>NormalizedString</test1:dataNormalizedString>
            <!--Optional:-->
            <test1:dataString>string</test1:dataString>
            <!--Optional:-->
            <test1:dataToken>Token</test1:dataToken>
         </test:arg0>
      </test:echoSC>
   </soapenv:Body>
</soapenv:Envelope>]]></con:request><con:wsaConfig mustUnderstand="NONE" version="200508"/></con:call></con:operation><con:operation isOneWay="false" action="" name="echoSeq" bindingOperationName="echoSeq" inputName="echoSeq" outputName="echoSeqResponse" receivesAttachments="false" sendsAttachments="false" type="Request-Response"><con:settings/><con:call name="Request 1"><con:settings/><con:encoding>UTF-8</con:encoding><con:endpoint>http://localhost:8192/Service/test-consumer-complex/</con:endpoint><con:request><![CDATA[<soapenv:Envelope xmlns:soapenv="http://schemas.xmlsoap.org/soap/envelope/" xmlns:test="urn:jbi4corba/test-consumer-complex" xmlns:test1="http://test_consumer_complex.jbi4corba/">
   <soapenv:Header/>
   <soapenv:Body>
      <test:echoSeq>
         <!--Optional:-->
         <test:arg0>
            <test1:dataBoolean>true</test1:dataBoolean>
            <test1:dataDouble>1.1</test1:dataDouble>
            <test1:dataFloat>2</test1:dataFloat>
            <test1:dataInt>3</test1:dataInt>
            <test1:dataLong>4</test1:dataLong>
            <test1:dataUByte>5</test1:dataUByte>
            <test1:dataUInt>6</test1:dataUInt>
            <test1:dataUShort>7</test1:dataUShort>
            <!--Optional:-->
            <test1:dataAnyURI>AnyURI</test1:dataAnyURI>
            <!--Optional:-->
            <test1:dataENTITY>ENTITY</test1:dataENTITY>
            <!--Optional:-->
            <test1:dataID>ID</test1:dataID>
            <!--Optional:-->
            <test1:dataLanguage>language</test1:dataLanguage>
            <!--Optional:-->
            <test1:dataNCName>NCName</test1:dataNCName>
            <!--Optional:-->
            <test1:dataNMTOKEN>NMTOKEN</test1:dataNMTOKEN>
            <!--Optional:-->
            <test1:dataName>Name</test1:dataName>
            <!--Optional:-->
            <test1:dataNormalizedString>NormalizedString</test1:dataNormalizedString>
            <!--Optional:-->
            <test1:dataString>string</test1:dataString>
         </test:arg0>
      </test:echoSeq>
   </soapenv:Body>
</soapenv:Envelope>]]></con:request><con:wsaConfig mustUnderstand="NONE" version="200508"/></con:call></con:operation><con:operation isOneWay="false" action="" name="echoSimpleAnyURI" bindingOperationName="echoSimpleAnyURI" inputName="echoSimpleAnyURI" outputName="echoSimpleAnyURIResponse" receivesAttachments="false" sendsAttachments="false" type="Request-Response"><con:settings/><con:call name="Request 1"><con:settings/><con:encoding>UTF-8</con:encoding><con:endpoint>http://localhost:8192/Service/test-consumer-complex/</con:endpoint><con:request><![CDATA[<soapenv:Envelope xmlns:soapenv="http://schemas.xmlsoap.org/soap/envelope/" xmlns:test="urn:jbi4corba/test-consumer-complex">
   <soapenv:Header/>
   <soapenv:Body>
      <test:echoSimpleAnyURI>
         <!--Optional:-->
         <test:arg0>SimpleAnyURI</test:arg0>
      </test:echoSimpleAnyURI>
   </soapenv:Body>
</soapenv:Envelope>]]></con:request></con:call></con:operation><con:operation isOneWay="false" action="" name="echoSimpleBoolean" bindingOperationName="echoSimpleBoolean" inputName="echoSimpleBoolean" outputName="echoSimpleBooleanResponse" receivesAttachments="false" sendsAttachments="false" type="Request-Response"><con:settings/><con:call name="Request 1"><con:settings/><con:encoding>UTF-8</con:encoding><con:endpoint>http://localhost:8192/Service/test-consumer-complex/</con:endpoint><con:request><![CDATA[<soapenv:Envelope xmlns:soapenv="http://schemas.xmlsoap.org/soap/envelope/" xmlns:test="urn:jbi4corba/test-consumer-complex">
   <soapenv:Header/>
   <soapenv:Body>
      <test:echoSimpleBoolean>
         <test:arg0>true</test:arg0>
      </test:echoSimpleBoolean>
   </soapenv:Body>
</soapenv:Envelope>]]></con:request></con:call></con:operation><con:operation isOneWay="false" action="" name="echoSimpleDouble" bindingOperationName="echoSimpleDouble" inputName="echoSimpleDouble" outputName="echoSimpleDoubleResponse" receivesAttachments="false" sendsAttachments="false" type="Request-Response"><con:settings/><con:call name="Request 1"><con:settings/><con:encoding>UTF-8</con:encoding><con:endpoint>http://localhost:8192/Service/test-consumer-complex/</con:endpoint><con:request><![CDATA[<soapenv:Envelope xmlns:soapenv="http://schemas.xmlsoap.org/soap/envelope/" xmlns:test="urn:jbi4corba/test-consumer-complex">
   <soapenv:Header/>
   <soapenv:Body>
      <test:echoSimpleDouble>
         <test:arg0>1.123</test:arg0>
      </test:echoSimpleDouble>
   </soapenv:Body>
</soapenv:Envelope>]]></con:request></con:call></con:operation><con:operation isOneWay="false" action="" name="echoSimpleENTITY" bindingOperationName="echoSimpleENTITY" inputName="echoSimpleENTITY" outputName="echoSimpleENTITYResponse" receivesAttachments="false" sendsAttachments="false" type="Request-Response"><con:settings/><con:call name="Request 1"><con:settings/><con:encoding>UTF-8</con:encoding><con:endpoint>http://localhost:8192/Service/test-consumer-complex/</con:endpoint><con:request><![CDATA[<soapenv:Envelope xmlns:soapenv="http://schemas.xmlsoap.org/soap/envelope/" xmlns:test="urn:jbi4corba/test-consumer-complex">
   <soapenv:Header/>
   <soapenv:Body>
      <test:echoSimpleENTITY>
         <!--Optional:-->
         <test:arg0>SimpleENTITY</test:arg0>
      </test:echoSimpleENTITY>
   </soapenv:Body>
</soapenv:Envelope>]]></con:request></con:call></con:operation><con:operation isOneWay="false" action="" name="echoSimpleFloat" bindingOperationName="echoSimpleFloat" inputName="echoSimpleFloat" outputName="echoSimpleFloatResponse" receivesAttachments="false" sendsAttachments="false" type="Request-Response"><con:settings/><con:call name="Request 1"><con:settings/><con:encoding>UTF-8</con:encoding><con:endpoint>http://localhost:8192/Service/test-consumer-complex/</con:endpoint><con:request><![CDATA[<soapenv:Envelope xmlns:soapenv="http://schemas.xmlsoap.org/soap/envelope/" xmlns:test="urn:jbi4corba/test-consumer-complex">
   <soapenv:Header/>
   <soapenv:Body>
      <test:echoSimpleFloat>
         <test:arg0>123</test:arg0>
      </test:echoSimpleFloat>
   </soapenv:Body>
</soapenv:Envelope>]]></con:request></con:call></con:operation><con:operation isOneWay="false" action="" name="echoSimpleID" bindingOperationName="echoSimpleID" inputName="echoSimpleID" outputName="echoSimpleIDResponse" receivesAttachments="false" sendsAttachments="false" type="Request-Response"><con:settings/><con:call name="Request 1"><con:settings/><con:encoding>UTF-8</con:encoding><con:endpoint>http://localhost:8192/Service/test-consumer-complex/</con:endpoint><con:request><![CDATA[<soapenv:Envelope xmlns:soapenv="http://schemas.xmlsoap.org/soap/envelope/" xmlns:test="urn:jbi4corba/test-consumer-complex">
   <soapenv:Header/>
   <soapenv:Body>
      <test:echoSimpleID>
         <!--Optional:-->
         <test:arg0>ID</test:arg0>
      </test:echoSimpleID>
   </soapenv:Body>
</soapenv:Envelope>]]></con:request></con:call></con:operation><con:operation isOneWay="false" action="" name="echoSimpleInt" bindingOperationName="echoSimpleInt" inputName="echoSimpleInt" outputName="echoSimpleIntResponse" receivesAttachments="false" sendsAttachments="false" type="Request-Response"><con:settings/><con:call name="Request 1"><con:settings/><con:encoding>UTF-8</con:encoding><con:endpoint>http://localhost:8192/Service/test-consumer-complex/</con:endpoint><con:request><![CDATA[<soapenv:Envelope xmlns:soapenv="http://schemas.xmlsoap.org/soap/envelope/" xmlns:test="urn:jbi4corba/test-consumer-complex">
   <soapenv:Header/>
   <soapenv:Body>
      <test:echoSimpleInt>
         <test:arg0>2</test:arg0>
      </test:echoSimpleInt>
   </soapenv:Body>
</soapenv:Envelope>]]></con:request></con:call></con:operation><con:operation isOneWay="false" action="" name="echoSimpleLanguage" bindingOperationName="echoSimpleLanguage" inputName="echoSimpleLanguage" outputName="echoSimpleLanguageResponse" receivesAttachments="false" sendsAttachments="false" type="Request-Response"><con:settings/><con:call name="Request 1"><con:settings/><con:encoding>UTF-8</con:encoding><con:endpoint>http://localhost:8192/Service/test-consumer-complex/</con:endpoint><con:request><![CDATA[<soapenv:Envelope xmlns:soapenv="http://schemas.xmlsoap.org/soap/envelope/" xmlns:test="urn:jbi4corba/test-consumer-complex">
   <soapenv:Header/>
   <soapenv:Body>
      <test:echoSimpleLanguage>
         <!--Optional:-->
         <test:arg0>SimpleLanguage</test:arg0>
      </test:echoSimpleLanguage>
   </soapenv:Body>
</soapenv:Envelope>]]></con:request></con:call></con:operation><con:operation isOneWay="false" action="" name="echoSimpleLong" bindingOperationName="echoSimpleLong" inputName="echoSimpleLong" outputName="echoSimpleLongResponse" receivesAttachments="false" sendsAttachments="false" type="Request-Response"><con:settings/><con:call name="Request 1"><con:settings/><con:encoding>UTF-8</con:encoding><con:endpoint>http://localhost:8192/Service/test-consumer-complex/</con:endpoint><con:request><![CDATA[<soapenv:Envelope xmlns:soapenv="http://schemas.xmlsoap.org/soap/envelope/" xmlns:test="urn:jbi4corba/test-consumer-complex">
   <soapenv:Header/>
   <soapenv:Body>
      <test:echoSimpleLong>
         <test:arg0>1000</test:arg0>
      </test:echoSimpleLong>
   </soapenv:Body>
</soapenv:Envelope>]]></con:request></con:call></con:operation><con:operation isOneWay="false" action="" name="echoSimpleName" bindingOperationName="echoSimpleName" inputName="echoSimpleName" outputName="echoSimpleNameResponse" receivesAttachments="false" sendsAttachments="false" type="Request-Response"><con:settings/><con:call name="Request 1"><con:settings/><con:encoding>UTF-8</con:encoding><con:endpoint>http://localhost:8192/Service/test-consumer-complex/</con:endpoint><con:request><![CDATA[<soapenv:Envelope xmlns:soapenv="http://schemas.xmlsoap.org/soap/envelope/" xmlns:test="urn:jbi4corba/test-consumer-complex">
   <soapenv:Header/>
   <soapenv:Body>
      <test:echoSimpleName>
         <!--Optional:-->
         <test:arg0>SimpleName</test:arg0>
      </test:echoSimpleName>
   </soapenv:Body>
</soapenv:Envelope>]]></con:request></con:call></con:operation><con:operation isOneWay="false" action="" name="echoSimpleNCName" bindingOperationName="echoSimpleNCName" inputName="echoSimpleNCName" outputName="echoSimpleNCNameResponse" receivesAttachments="false" sendsAttachments="false" type="Request-Response"><con:settings/><con:call name="Request 1"><con:settings/><con:encoding>UTF-8</con:encoding><con:endpoint>http://localhost:8192/Service/test-consumer-complex/</con:endpoint><con:request><![CDATA[<soapenv:Envelope xmlns:soapenv="http://schemas.xmlsoap.org/soap/envelope/" xmlns:test="urn:jbi4corba/test-consumer-complex">
   <soapenv:Header/>
   <soapenv:Body>
      <test:echoSimpleNCName>
         <!--Optional:-->
         <test:arg0>NCName</test:arg0>
      </test:echoSimpleNCName>
   </soapenv:Body>
</soapenv:Envelope>]]></con:request></con:call></con:operation><con:operation isOneWay="false" action="" name="echoSimpleNMTOKEN" bindingOperationName="echoSimpleNMTOKEN" inputName="echoSimpleNMTOKEN" outputName="echoSimpleNMTOKENResponse" receivesAttachments="false" sendsAttachments="false" type="Request-Response"><con:settings/><con:call name="Request 1"><con:settings/><con:encoding>UTF-8</con:encoding><con:endpoint>http://localhost:8192/Service/test-consumer-complex/</con:endpoint><con:request><![CDATA[<soapenv:Envelope xmlns:soapenv="http://schemas.xmlsoap.org/soap/envelope/" xmlns:test="urn:jbi4corba/test-consumer-complex">
   <soapenv:Header/>
   <soapenv:Body>
      <test:echoSimpleNMTOKEN>
         <!--Optional:-->
         <test:arg0>NMTOKEN</test:arg0>
      </test:echoSimpleNMTOKEN>
   </soapenv:Body>
</soapenv:Envelope>]]></con:request></con:call></con:operation><con:operation isOneWay="false" action="" name="echoSimpleNormalizedString" bindingOperationName="echoSimpleNormalizedString" inputName="echoSimpleNormalizedString" outputName="echoSimpleNormalizedStringResponse" receivesAttachments="false" sendsAttachments="false" type="Request-Response"><con:settings/><con:call name="Request 1"><con:settings/><con:encoding>UTF-8</con:encoding><con:endpoint>http://localhost:8192/Service/test-consumer-complex/</con:endpoint><con:request><![CDATA[<soapenv:Envelope xmlns:soapenv="http://schemas.xmlsoap.org/soap/envelope/" xmlns:test="urn:jbi4corba/test-consumer-complex">
   <soapenv:Header/>
   <soapenv:Body>
      <test:echoSimpleNormalizedString>
         <!--Optional:-->
         <test:arg0>NormalizedString</test:arg0>
      </test:echoSimpleNormalizedString>
   </soapenv:Body>
</soapenv:Envelope>]]></con:request></con:call></con:operation><con:operation isOneWay="false" action="" name="echoSimpleString" bindingOperationName="echoSimpleString" inputName="echoSimpleString" outputName="echoSimpleStringResponse" receivesAttachments="false" sendsAttachments="false" type="Request-Response"><con:settings/><con:call name="Request 1"><con:settings/><con:encoding>UTF-8</con:encoding><con:endpoint>http://localhost:8192/Service/test-consumer-complex/</con:endpoint><con:request><![CDATA[<soapenv:Envelope xmlns:soapenv="http://schemas.xmlsoap.org/soap/envelope/" xmlns:test="urn:jbi4corba/test-consumer-complex">
   <soapenv:Header/>
   <soapenv:Body>
      <test:echoSimpleString>
         <!--Optional:-->
         <test:arg0>string</test:arg0>
      </test:echoSimpleString>
   </soapenv:Body>
</soapenv:Envelope>]]></con:request></con:call></con:operation><con:operation isOneWay="false" action="" name="echoSimpleToken" bindingOperationName="echoSimpleToken" inputName="echoSimpleToken" outputName="echoSimpleTokenResponse" receivesAttachments="false" sendsAttachments="false" type="Request-Response"><con:settings/><con:call name="Request 1"><con:settings/><con:encoding>UTF-8</con:encoding><con:endpoint>http://localhost:8192/Service/test-consumer-complex/</con:endpoint><con:request><![CDATA[<soapenv:Envelope xmlns:soapenv="http://schemas.xmlsoap.org/soap/envelope/" xmlns:test="urn:jbi4corba/test-consumer-complex">
   <soapenv:Header/>
   <soapenv:Body>
      <test:echoSimpleToken>
         <!--Optional:-->
         <test:arg0>Token</test:arg0>
      </test:echoSimpleToken>
   </soapenv:Body>
</soapenv:Envelope>]]></con:request></con:call></con:operation><con:operation isOneWay="false" action="" name="echoSimpleUByte" bindingOperationName="echoSimpleUByte" inputName="echoSimpleUByte" outputName="echoSimpleUByteResponse" receivesAttachments="false" sendsAttachments="false" type="Request-Response"><con:settings/><con:call name="Request 1"><con:settings/><con:encoding>UTF-8</con:encoding><con:endpoint>http://localhost:8192/Service/test-consumer-complex/</con:endpoint><con:request><![CDATA[<soapenv:Envelope xmlns:soapenv="http://schemas.xmlsoap.org/soap/envelope/" xmlns:test="urn:jbi4corba/test-consumer-complex">
   <soapenv:Header/>
   <soapenv:Body>
      <test:echoSimpleUByte>
         <test:arg0>12</test:arg0>
      </test:echoSimpleUByte>
   </soapenv:Body>
</soapenv:Envelope>]]></con:request></con:call></con:operation><con:operation isOneWay="false" action="" name="echoSimpleUInt" bindingOperationName="echoSimpleUInt" inputName="echoSimpleUInt" outputName="echoSimpleUIntResponse" receivesAttachments="false" sendsAttachments="false" type="Request-Response"><con:settings/><con:call name="Request 1"><con:settings/><con:encoding>UTF-8</con:encoding><con:endpoint>http://localhost:8192/Service/test-consumer-complex/</con:endpoint><con:request><![CDATA[<soapenv:Envelope xmlns:soapenv="http://schemas.xmlsoap.org/soap/envelope/" xmlns:test="urn:jbi4corba/test-consumer-complex">
   <soapenv:Header/>
   <soapenv:Body>
      <test:echoSimpleUInt>
         <test:arg0>1</test:arg0>
      </test:echoSimpleUInt>
   </soapenv:Body>
</soapenv:Envelope>]]></con:request></con:call></con:operation><con:operation isOneWay="false" action="" name="echoSimpleUShort" bindingOperationName="echoSimpleUShort" inputName="echoSimpleUShort" outputName="echoSimpleUShortResponse" receivesAttachments="false" sendsAttachments="false" type="Request-Response"><con:settings/><con:call name="Request 1"><con:settings/><con:encoding>UTF-8</con:encoding><con:endpoint>http://localhost:8192/Service/test-consumer-complex/</con:endpoint><con:request><![CDATA[<soapenv:Envelope xmlns:soapenv="http://schemas.xmlsoap.org/soap/envelope/" xmlns:test="urn:jbi4corba/test-consumer-complex">
   <soapenv:Header/>
   <soapenv:Body>
      <test:echoSimpleUShort>
         <test:arg0>3</test:arg0>
      </test:echoSimpleUShort>
   </soapenv:Body>
</soapenv:Envelope>]]></con:request></con:call></con:operation></con:interface><con:testSuite name="EchoComplexCorbaBinding TestSuite"><con:settings/><con:runType>SEQUENTIAL</con:runType><con:testCase failOnError="true" failTestCaseOnErrors="true" keepSession="false" maxResults="0" name="EchoComplexCorbaBinding TestSuite" searchProperties="true" id="3c803d9d-e12a-45d8-9b68-f59581568517" timeout="0"><con:settings/><con:testStep type="request" name="echoAll"><con:settings/><con:config xsi:type="con:RequestStep" xmlns:xsi="http://www.w3.org/2001/XMLSchema-instance"><con:interface>EchoComplexCorbaBinding</con:interface><con:operation>echoAll</con:operation><con:request name="echoAll"><con:settings/><con:encoding>UTF-8</con:encoding><con:endpoint>http://localhost:8192/Service/test-consumer-complex/</con:endpoint><con:request><![CDATA[<soapenv:Envelope xmlns:soapenv="http://schemas.xmlsoap.org/soap/envelope/" xmlns:test="urn:jbi4corba/test-consumer-complex" xmlns:test1="http://test_consumer_complex.jbi4corba/">
   <soapenv:Header/>
   <soapenv:Body>
      <test:echoAll>
         <!--Optional:-->
         <test:arg0>
            <test1:dataBoolean>false</test1:dataBoolean>
            <test1:dataDouble>1.051732E7</test1:dataDouble>
            <test1:dataFloat>1.5E2</test1:dataFloat>
            <test1:dataInt>3</test1:dataInt>
            <test1:dataLong>10</test1:dataLong>
            <test1:dataUByte>1</test1:dataUByte>
            <test1:dataUInt>10</test1:dataUInt>
            <test1:dataUShort>3</test1:dataUShort>
            <!--Optional:-->
            <test1:dataAnyURI>cum murmure</test1:dataAnyURI>
            <!--Optional:-->
            <test1:dataENTITY>aeoliam venit</test1:dataENTITY>
            <!--Optional:-->
            <test1:dataID>ventos tempestatesque</test1:dataID>
            <!--Optional:-->
            <test1:dataLanguage>temperat iras</test1:dataLanguage>
            <!--Optional:-->
            <test1:dataNCName>turbine corripuit</test1:dataNCName>
            <!--Optional:-->
            <test1:dataNMTOKEN>regemque dedit</test1:dataNMTOKEN>
            <!--Optional:-->
            <test1:dataName>fremunt celsa</test1:dataName>
            <!--Optional:-->
            <test1:dataNormalizedString>ferant rapidi</test1:dataNormalizedString>
            <!--Optional:-->
            <test1:dataString>sceptra tenens</test1:dataString>
         </test:arg0>
      </test:echoAll>
   </soapenv:Body>
</soapenv:Envelope>]]></con:request><con:assertion type="SOAP Response"/><con:assertion type="Schema Compliance"><con:configuration><definition/></con:configuration></con:assertion><con:assertion type="SOAP Fault Assertion"/><con:wsaConfig action="urn:jbi4corba/test-consumer-complex/EchoComplexPortTypeCorbaInterfaceOperations/echoAll" mustUnderstand="NONE" version="200508"/></con:request></con:config></con:testStep><con:testStep type="request" name="echoCC"><con:settings/><con:config xsi:type="con:RequestStep" xmlns:xsi="http://www.w3.org/2001/XMLSchema-instance"><con:interface>EchoComplexCorbaBinding</con:interface><con:operation>echoCC</con:operation><con:request name="echoCC"><con:settings/><con:encoding>UTF-8</con:encoding><con:endpoint>http://localhost:8192/Service/test-consumer-complex/</con:endpoint><con:request><![CDATA[<soapenv:Envelope xmlns:soapenv="http://schemas.xmlsoap.org/soap/envelope/" xmlns:test="urn:jbi4corba/test-consumer-complex" xmlns:test1="http://test_consumer_complex.jbi4corba/">
   <soapenv:Header/>
   <soapenv:Body>
      <test:echoCC>
         <!--Optional:-->
         <test:arg0>
            <!--Optional:-->
            <test1:dataComplex>
               <test1:dataBoolean>false</test1:dataBoolean>
               <test1:dataDouble>1.051732E7</test1:dataDouble>
               <test1:dataFloat>1.5E2</test1:dataFloat>
               <test1:dataInt>3</test1:dataInt>
               <test1:dataLong>10</test1:dataLong>
               <test1:dataUByte>1</test1:dataUByte>
               <test1:dataUInt>10</test1:dataUInt>
               <test1:dataUShort>3</test1:dataUShort>
               <!--Optional:-->
               <test1:dataAnyURI>cum murmure</test1:dataAnyURI>
               <!--Optional:-->
               <test1:dataENTITY>aeoliam venit</test1:dataENTITY>
               <!--Optional:-->
               <test1:dataID>ventos tempestatesque</test1:dataID>
               <!--Optional:-->
               <test1:dataLanguage>temperat iras</test1:dataLanguage>
               <!--Optional:-->
               <test1:dataNCName>turbine corripuit</test1:dataNCName>
               <!--Optional:-->
               <test1:dataNMTOKEN>regemque dedit</test1:dataNMTOKEN>
               <!--Optional:-->
               <test1:dataName>fremunt celsa</test1:dataName>
               <!--Optional:-->
               <test1:dataNormalizedString>ferant rapidi</test1:dataNormalizedString>
               <!--Optional:-->
               <test1:dataString>sceptra tenens</test1:dataString>
            </test1:dataComplex>
         </test:arg0>
      </test:echoCC>
   </soapenv:Body>
</soapenv:Envelope>]]></con:request><con:assertion type="SOAP Response"/><con:assertion type="Schema Compliance"><con:configuration><definition/></con:configuration></con:assertion><con:assertion type="SOAP Fault Assertion"/><con:wsaConfig action="urn:jbi4corba/test-consumer-complex/EchoComplexPortTypeCorbaInterfaceOperations/echoCC" mustUnderstand="NONE" version="200508"/></con:request></con:config></con:testStep><con:testStep type="request" name="echoGroup"><con:settings/><con:config xsi:type="con:RequestStep" xmlns:xsi="http://www.w3.org/2001/XMLSchema-instance"><con:interface>EchoComplexCorbaBinding</con:interface><con:operation>echoGroup</con:operation><con:request name="echoGroup"><con:settings/><con:encoding>UTF-8</con:encoding><con:endpoint>http://localhost:8192/Service/test-consumer-complex/</con:endpoint><con:request><![CDATA[<soapenv:Envelope xmlns:soapenv="http://schemas.xmlsoap.org/soap/envelope/" xmlns:test="urn:jbi4corba/test-consumer-complex" xmlns:test1="http://test_consumer_complex.jbi4corba/">
   <soapenv:Header/>
   <soapenv:Body>
      <test:echoGroup>
         <!--Optional:-->
         <test:arg0>
            <test1:dataBoolean>false</test1:dataBoolean>
            <test1:dataDouble>1.051732E7</test1:dataDouble>
            <test1:dataFloat>1.5E2</test1:dataFloat>
            <test1:dataInt>3</test1:dataInt>
            <test1:dataLong>10</test1:dataLong>
            <test1:dataUByte>1</test1:dataUByte>
            <test1:dataUInt>10</test1:dataUInt>
            <test1:dataUShort>3</test1:dataUShort>
            <!--Optional:-->
            <test1:dataAnyURI>cum murmure</test1:dataAnyURI>
            <!--Optional:-->
            <test1:dataENTITY>aeoliam venit</test1:dataENTITY>
            <!--Optional:-->
            <test1:dataID>ventos tempestatesque</test1:dataID>
            <!--Optional:-->
            <test1:dataLanguage>temperat iras</test1:dataLanguage>
            <!--Optional:-->
            <test1:dataNCName>turbine corripuit</test1:dataNCName>
            <!--Optional:-->
            <test1:dataNMTOKEN>regemque dedit</test1:dataNMTOKEN>
            <!--Optional:-->
            <test1:dataName>fremunt celsa</test1:dataName>
            <!--Optional:-->
            <test1:dataNormalizedString>ferant rapidi</test1:dataNormalizedString>
            <!--Optional:-->
            <test1:dataString>sceptra tenens</test1:dataString>
         </test:arg0>
      </test:echoGroup>
   </soapenv:Body>
</soapenv:Envelope>]]></con:request><con:assertion type="SOAP Response"/><con:assertion type="Schema Compliance"><con:configuration><definition/></con:configuration></con:assertion><con:assertion type="SOAP Fault Assertion"/><con:wsaConfig action="urn:jbi4corba/test-consumer-complex/EchoComplexPortTypeCorbaInterfaceOperations/echoGroup" mustUnderstand="NONE" version="200508"/></con:request></con:config></con:testStep><con:testStep type="request" name="echoSC"><con:settings/><con:config xsi:type="con:RequestStep" xmlns:xsi="http://www.w3.org/2001/XMLSchema-instance"><con:interface>EchoComplexCorbaBinding</con:interface><con:operation>echoSC</con:operation><con:request name="echoSC"><con:settings/><con:encoding>UTF-8</con:encoding><con:endpoint>http://localhost:8192/Service/test-consumer-complex/</con:endpoint><con:request><![CDATA[<soapenv:Envelope xmlns:soapenv="http://schemas.xmlsoap.org/soap/envelope/" xmlns:test="urn:jbi4corba/test-consumer-complex" xmlns:test1="http://test_consumer_complex.jbi4corba/">
   <soapenv:Header/>
   <soapenv:Body>
      <test:echoSC>
         <!--Optional:-->
         <test:arg0>
            <test1:dataBoolean>false</test1:dataBoolean>
            <test1:dataDouble>1.051732E7</test1:dataDouble>
            <test1:dataFloat>1.5E2</test1:dataFloat>
            <test1:dataInt>3</test1:dataInt>
            <test1:dataLong>10</test1:dataLong>
            <test1:dataUByte>1</test1:dataUByte>
            <test1:dataUInt>10</test1:dataUInt>
            <test1:dataUShort>3</test1:dataUShort>
            <!--Optional:-->
            <test1:dataAnyURI>cum murmure</test1:dataAnyURI>
            <!--Optional:-->
            <test1:dataENTITY>aeoliam venit</test1:dataENTITY>
            <!--Optional:-->
            <test1:dataID>ventos tempestatesque</test1:dataID>
            <!--Optional:-->
            <test1:dataLanguage>temperat iras</test1:dataLanguage>
            <!--Optional:-->
            <test1:dataNCName>turbine corripuit</test1:dataNCName>
            <!--Optional:-->
            <test1:dataNMTOKEN>regemque dedit</test1:dataNMTOKEN>
            <!--Optional:-->
            <test1:dataName>fremunt celsa</test1:dataName>
            <!--Optional:-->
            <test1:dataNormalizedString>ferant rapidi</test1:dataNormalizedString>
            <!--Optional:-->
            <test1:dataString>sceptra tenens</test1:dataString>
            <!--Optional:-->
            <test1:dataToken>turbine corripuit scopuloque</test1:dataToken>
         </test:arg0>
      </test:echoSC>
   </soapenv:Body>
</soapenv:Envelope>]]></con:request><con:assertion type="SOAP Response"/><con:assertion type="Schema Compliance"><con:configuration><definition/></con:configuration></con:assertion><con:assertion type="SOAP Fault Assertion"/><con:wsaConfig action="urn:jbi4corba/test-consumer-complex/EchoComplexPortTypeCorbaInterfaceOperations/echoSC" mustUnderstand="NONE" version="200508"/></con:request></con:config></con:testStep><con:testStep type="request" name="echoSeq"><con:settings/><con:config xsi:type="con:RequestStep" xmlns:xsi="http://www.w3.org/2001/XMLSchema-instance"><con:interface>EchoComplexCorbaBinding</con:interface><con:operation>echoSeq</con:operation><con:request name="echoSeq"><con:settings/><con:encoding>UTF-8</con:encoding><con:endpoint>http://localhost:8192/Service/test-consumer-complex/</con:endpoint><con:request><![CDATA[<soapenv:Envelope xmlns:soapenv="http://schemas.xmlsoap.org/soap/envelope/" xmlns:test="urn:jbi4corba/test-consumer-complex" xmlns:test1="http://test_consumer_complex.jbi4corba/">
   <soapenv:Header/>
   <soapenv:Body>
      <test:echoSeq>
         <!--Optional:-->
         <test:arg0>
            <test1:dataBoolean>false</test1:dataBoolean>
            <test1:dataDouble>1.051732E7</test1:dataDouble>
            <test1:dataFloat>1.5E2</test1:dataFloat>
            <test1:dataInt>3</test1:dataInt>
            <test1:dataLong>10</test1:dataLong>
            <test1:dataUByte>1</test1:dataUByte>
            <test1:dataUInt>10</test1:dataUInt>
            <test1:dataUShort>3</test1:dataUShort>
            <!--Optional:-->
            <test1:dataAnyURI>cum murmure</test1:dataAnyURI>
            <!--Optional:-->
            <test1:dataENTITY>aeoliam venit</test1:dataENTITY>
            <!--Optional:-->
            <test1:dataID>ventos tempestatesque</test1:dataID>
            <!--Optional:-->
            <test1:dataLanguage>temperat iras</test1:dataLanguage>
            <!--Optional:-->
            <test1:dataNCName>turbine corripuit</test1:dataNCName>
            <!--Optional:-->
            <test1:dataNMTOKEN>regemque dedit</test1:dataNMTOKEN>
            <!--Optional:-->
            <test1:dataName>fremunt celsa</test1:dataName>
            <!--Optional:-->
            <test1:dataNormalizedString>ferant rapidi</test1:dataNormalizedString>
            <!--Optional:-->
            <test1:dataString>sceptra tenens</test1:dataString>
         </test:arg0>
      </test:echoSeq>
   </soapenv:Body>
</soapenv:Envelope>]]></con:request><con:assertion type="SOAP Response"/><con:assertion type="Schema Compliance"><con:configuration><definition/></con:configuration></con:assertion><con:assertion type="SOAP Fault Assertion"/><con:wsaConfig action="urn:jbi4corba/test-consumer-complex/EchoComplexPortTypeCorbaInterfaceOperations/echoSeq" mustUnderstand="NONE" version="200508"/></con:request></con:config></con:testStep><con:testStep type="request" name="echoSimpleAnyURI"><con:settings/><con:config xsi:type="con:RequestStep" xmlns:xsi="http://www.w3.org/2001/XMLSchema-instance"><con:interface>EchoComplexCorbaBinding</con:interface><con:operation>echoSimpleAnyURI</con:operation><con:request name="echoSimpleAnyURI"><con:settings/><con:encoding>UTF-8</con:encoding><con:endpoint>http://localhost:8192/Service/test-consumer-complex/</con:endpoint><con:request><![CDATA[<soapenv:Envelope xmlns:soapenv="http://schemas.xmlsoap.org/soap/envelope/" xmlns:test="urn:jbi4corba/test-consumer-complex">
   <soapenv:Header/>
   <soapenv:Body>
      <test:echoSimpleAnyURI>
         <!--Optional:-->
         <test:arg0>gero et</test:arg0>
      </test:echoSimpleAnyURI>
   </soapenv:Body>
</soapenv:Envelope>]]></con:request><con:assertion type="SOAP Response"/><con:assertion type="Schema Compliance"><con:configuration><definition/></con:configuration></con:assertion><con:assertion type="SOAP Fault Assertion"/><con:wsaConfig action="urn:jbi4corba/test-consumer-complex/EchoComplexPortTypeCorbaInterfaceOperations/echoSimpleAnyURI" mustUnderstand="NONE" version="200508"/></con:request></con:config></con:testStep><con:testStep type="request" name="echoSimpleBoolean"><con:settings/><con:config xsi:type="con:RequestStep" xmlns:xsi="http://www.w3.org/2001/XMLSchema-instance"><con:interface>EchoComplexCorbaBinding</con:interface><con:operation>echoSimpleBoolean</con:operation><con:request name="echoSimpleBoolean"><con:settings/><con:encoding>UTF-8</con:encoding><con:endpoint>http://localhost:8192/Service/test-consumer-complex/</con:endpoint><con:request><![CDATA[<soapenv:Envelope xmlns:soapenv="http://schemas.xmlsoap.org/soap/envelope/" xmlns:test="urn:jbi4corba/test-consumer-complex">
   <soapenv:Header/>
   <soapenv:Body>
      <test:echoSimpleBoolean>
         <test:arg0>false</test:arg0>
      </test:echoSimpleBoolean>
   </soapenv:Body>
</soapenv:Envelope>]]></con:request><con:assertion type="SOAP Response"/><con:assertion type="Schema Compliance"><con:configuration><definition/></con:configuration></con:assertion><con:assertion type="SOAP Fault Assertion"/><con:wsaConfig action="urn:jbi4corba/test-consumer-complex/EchoComplexPortTypeCorbaInterfaceOperations/echoSimpleBoolean" mustUnderstand="NONE" version="200508"/></con:request></con:config></con:testStep><con:testStep type="request" name="echoSimpleDouble"><con:settings/><con:config xsi:type="con:RequestStep" xmlns:xsi="http://www.w3.org/2001/XMLSchema-instance"><con:interface>EchoComplexCorbaBinding</con:interface><con:operation>echoSimpleDouble</con:operation><con:request name="echoSimpleDouble"><con:settings/><con:encoding>UTF-8</con:encoding><con:endpoint>http://localhost:8192/Service/test-consumer-complex/</con:endpoint><con:request><![CDATA[<soapenv:Envelope xmlns:soapenv="http://schemas.xmlsoap.org/soap/envelope/" xmlns:test="urn:jbi4corba/test-consumer-complex">
   <soapenv:Header/>
   <soapenv:Body>
      <test:echoSimpleDouble>
         <test:arg0>1.051732E7</test:arg0>
      </test:echoSimpleDouble>
   </soapenv:Body>
</soapenv:Envelope>]]></con:request><con:assertion type="SOAP Response"/><con:assertion type="Schema Compliance"><con:configuration><definition/></con:configuration></con:assertion><con:assertion type="SOAP Fault Assertion"/><con:wsaConfig action="urn:jbi4corba/test-consumer-complex/EchoComplexPortTypeCorbaInterfaceOperations/echoSimpleDouble" mustUnderstand="NONE" version="200508"/></con:request></con:config></con:testStep><con:testStep type="request" name="echoSimpleENTITY"><con:settings/><con:config xsi:type="con:RequestStep" xmlns:xsi="http://www.w3.org/2001/XMLSchema-instance"><con:interface>EchoComplexCorbaBinding</con:interface><con:operation>echoSimpleENTITY</con:operation><con:request name="echoSimpleENTITY"><con:settings/><con:encoding>UTF-8</con:encoding><con:endpoint>http://localhost:8192/Service/test-consumer-complex/</con:endpoint><con:request><![CDATA[<soapenv:Envelope xmlns:soapenv="http://schemas.xmlsoap.org/soap/envelope/" xmlns:test="urn:jbi4corba/test-consumer-complex">
   <soapenv:Header/>
   <soapenv:Body>
      <test:echoSimpleENTITY>
         <!--Optional:-->
         <test:arg0>gero et</test:arg0>
      </test:echoSimpleENTITY>
   </soapenv:Body>
</soapenv:Envelope>]]></con:request><con:assertion type="SOAP Response"/><con:assertion type="Schema Compliance"><con:configuration><definition/></con:configuration></con:assertion><con:assertion type="SOAP Fault Assertion"/><con:wsaConfig action="urn:jbi4corba/test-consumer-complex/EchoComplexPortTypeCorbaInterfaceOperations/echoSimpleENTITY" mustUnderstand="NONE" version="200508"/></con:request></con:config></con:testStep><con:testStep type="request" name="echoSimpleFloat"><con:settings/><con:config xsi:type="con:RequestStep" xmlns:xsi="http://www.w3.org/2001/XMLSchema-instance"><con:interface>EchoComplexCorbaBinding</con:interface><con:operation>echoSimpleFloat</con:operation><con:request name="echoSimpleFloat"><con:settings/><con:encoding>UTF-8</con:encoding><con:endpoint>http://localhost:8192/Service/test-consumer-complex/</con:endpoint><con:request><![CDATA[<soapenv:Envelope xmlns:soapenv="http://schemas.xmlsoap.org/soap/envelope/" xmlns:test="urn:jbi4corba/test-consumer-complex">
   <soapenv:Header/>
   <soapenv:Body>
      <test:echoSimpleFloat>
         <test:arg0>1.5E2</test:arg0>
      </test:echoSimpleFloat>
   </soapenv:Body>
</soapenv:Envelope>]]></con:request><con:assertion type="SOAP Response"/><con:assertion type="Schema Compliance"><con:configuration><definition/></con:configuration></con:assertion><con:assertion type="SOAP Fault Assertion"/><con:wsaConfig action="urn:jbi4corba/test-consumer-complex/EchoComplexPortTypeCorbaInterfaceOperations/echoSimpleFloat" mustUnderstand="NONE" version="200508"/></con:request></con:config></con:testStep><con:testStep type="request" name="echoSimpleID"><con:settings/><con:config xsi:type="con:RequestStep" xmlns:xsi="http://www.w3.org/2001/XMLSchema-instance"><con:interface>EchoComplexCorbaBinding</con:interface><con:operation>echoSimpleID</con:operation><con:request name="echoSimpleID"><con:settings/><con:encoding>UTF-8</con:encoding><con:endpoint>http://localhost:8192/Service/test-consumer-complex/</con:endpoint><con:request><![CDATA[<soapenv:Envelope xmlns:soapenv="http://schemas.xmlsoap.org/soap/envelope/" xmlns:test="urn:jbi4corba/test-consumer-complex">
   <soapenv:Header/>
   <soapenv:Body>
      <test:echoSimpleID>
         <!--Optional:-->
         <test:arg0>gero et</test:arg0>
      </test:echoSimpleID>
   </soapenv:Body>
</soapenv:Envelope>]]></con:request><con:assertion type="SOAP Response"/><con:assertion type="Schema Compliance"><con:configuration><definition/></con:configuration></con:assertion><con:assertion type="SOAP Fault Assertion"/><con:wsaConfig action="urn:jbi4corba/test-consumer-complex/EchoComplexPortTypeCorbaInterfaceOperations/echoSimpleID" mustUnderstand="NONE" version="200508"/></con:request></con:config></con:testStep><con:testStep type="request" name="echoSimpleInt"><con:settings/><con:config xsi:type="con:RequestStep" xmlns:xsi="http://www.w3.org/2001/XMLSchema-instance"><con:interface>EchoComplexCorbaBinding</con:interface><con:operation>echoSimpleInt</con:operation><con:request name="echoSimpleInt"><con:settings/><con:encoding>UTF-8</con:encoding><con:endpoint>http://localhost:8192/Service/test-consumer-complex/</con:endpoint><con:request><![CDATA[<soapenv:Envelope xmlns:soapenv="http://schemas.xmlsoap.org/soap/envelope/" xmlns:test="urn:jbi4corba/test-consumer-complex">
   <soapenv:Header/>
   <soapenv:Body>
      <test:echoSimpleInt>
         <test:arg0>3</test:arg0>
      </test:echoSimpleInt>
   </soapenv:Body>
</soapenv:Envelope>]]></con:request><con:assertion type="SOAP Response"/><con:assertion type="Schema Compliance"><con:configuration><definition/></con:configuration></con:assertion><con:assertion type="SOAP Fault Assertion"/><con:wsaConfig action="urn:jbi4corba/test-consumer-complex/EchoComplexPortTypeCorbaInterfaceOperations/echoSimpleInt" mustUnderstand="NONE" version="200508"/></con:request></con:config></con:testStep><con:testStep type="request" name="echoSimpleLanguage"><con:settings/><con:config xsi:type="con:RequestStep" xmlns:xsi="http://www.w3.org/2001/XMLSchema-instance"><con:interface>EchoComplexCorbaBinding</con:interface><con:operation>echoSimpleLanguage</con:operation><con:request name="echoSimpleLanguage"><con:settings/><con:encoding>UTF-8</con:encoding><con:endpoint>http://localhost:8192/Service/test-consumer-complex/</con:endpoint><con:request><![CDATA[<soapenv:Envelope xmlns:soapenv="http://schemas.xmlsoap.org/soap/envelope/" xmlns:test="urn:jbi4corba/test-consumer-complex">
   <soapenv:Header/>
   <soapenv:Body>
      <test:echoSimpleLanguage>
         <!--Optional:-->
         <test:arg0>gero et</test:arg0>
      </test:echoSimpleLanguage>
   </soapenv:Body>
</soapenv:Envelope>]]></con:request><con:assertion type="SOAP Response"/><con:assertion type="Schema Compliance"><con:configuration><definition/></con:configuration></con:assertion><con:assertion type="SOAP Fault Assertion"/><con:wsaConfig action="urn:jbi4corba/test-consumer-complex/EchoComplexPortTypeCorbaInterfaceOperations/echoSimpleLanguage" mustUnderstand="NONE" version="200508"/></con:request></con:config></con:testStep><con:testStep type="request" name="echoSimpleLong"><con:settings/><con:config xsi:type="con:RequestStep" xmlns:xsi="http://www.w3.org/2001/XMLSchema-instance"><con:interface>EchoComplexCorbaBinding</con:interface><con:operation>echoSimpleLong</con:operation><con:request name="echoSimpleLong"><con:settings/><con:encoding>UTF-8</con:encoding><con:endpoint>http://localhost:8192/Service/test-consumer-complex/</con:endpoint><con:request><![CDATA[<soapenv:Envelope xmlns:soapenv="http://schemas.xmlsoap.org/soap/envelope/" xmlns:test="urn:jbi4corba/test-consumer-complex">
   <soapenv:Header/>
   <soapenv:Body>
      <test:echoSimpleLong>
         <test:arg0>10</test:arg0>
      </test:echoSimpleLong>
   </soapenv:Body>
</soapenv:Envelope>]]></con:request><con:assertion type="SOAP Response"/><con:assertion type="Schema Compliance"><con:configuration><definition/></con:configuration></con:assertion><con:assertion type="SOAP Fault Assertion"/><con:wsaConfig action="urn:jbi4corba/test-consumer-complex/EchoComplexPortTypeCorbaInterfaceOperations/echoSimpleLong" mustUnderstand="NONE" version="200508"/></con:request></con:config></con:testStep><con:testStep type="request" name="echoSimpleName"><con:settings/><con:config xsi:type="con:RequestStep" xmlns:xsi="http://www.w3.org/2001/XMLSchema-instance"><con:interface>EchoComplexCorbaBinding</con:interface><con:operation>echoSimpleName</con:operation><con:request name="echoSimpleName"><con:settings/><con:encoding>UTF-8</con:encoding><con:endpoint>http://localhost:8192/Service/test-consumer-complex/</con:endpoint><con:request><![CDATA[<soapenv:Envelope xmlns:soapenv="http://schemas.xmlsoap.org/soap/envelope/" xmlns:test="urn:jbi4corba/test-consumer-complex">
   <soapenv:Header/>
   <soapenv:Body>
      <test:echoSimpleName>
         <!--Optional:-->
         <test:arg0>gero et</test:arg0>
      </test:echoSimpleName>
   </soapenv:Body>
</soapenv:Envelope>]]></con:request><con:assertion type="SOAP Response"/><con:assertion type="Schema Compliance"><con:configuration><definition/></con:configuration></con:assertion><con:assertion type="SOAP Fault Assertion"/><con:wsaConfig action="urn:jbi4corba/test-consumer-complex/EchoComplexPortTypeCorbaInterfaceOperations/echoSimpleName" mustUnderstand="NONE" version="200508"/></con:request></con:config></con:testStep><con:testStep type="request" name="echoSimpleNCName"><con:settings/><con:config xsi:type="con:RequestStep" xmlns:xsi="http://www.w3.org/2001/XMLSchema-instance"><con:interface>EchoComplexCorbaBinding</con:interface><con:operation>echoSimpleNCName</con:operation><con:request name="echoSimpleNCName"><con:settings/><con:encoding>UTF-8</con:encoding><con:endpoint>http://localhost:8192/Service/test-consumer-complex/</con:endpoint><con:request><![CDATA[<soapenv:Envelope xmlns:soapenv="http://schemas.xmlsoap.org/soap/envelope/" xmlns:test="urn:jbi4corba/test-consumer-complex">
   <soapenv:Header/>
   <soapenv:Body>
      <test:echoSimpleNCName>
         <!--Optional:-->
         <test:arg0>gero et</test:arg0>
      </test:echoSimpleNCName>
   </soapenv:Body>
</soapenv:Envelope>]]></con:request><con:assertion type="SOAP Response"/><con:assertion type="Schema Compliance"><con:configuration><definition/></con:configuration></con:assertion><con:assertion type="SOAP Fault Assertion"/><con:wsaConfig action="urn:jbi4corba/test-consumer-complex/EchoComplexPortTypeCorbaInterfaceOperations/echoSimpleNCName" mustUnderstand="NONE" version="200508"/></con:request></con:config></con:testStep><con:testStep type="request" name="echoSimpleNMTOKEN"><con:settings/><con:config xsi:type="con:RequestStep" xmlns:xsi="http://www.w3.org/2001/XMLSchema-instance"><con:interface>EchoComplexCorbaBinding</con:interface><con:operation>echoSimpleNMTOKEN</con:operation><con:request name="echoSimpleNMTOKEN"><con:settings/><con:encoding>UTF-8</con:encoding><con:endpoint>http://localhost:8192/Service/test-consumer-complex/</con:endpoint><con:request><![CDATA[<soapenv:Envelope xmlns:soapenv="http://schemas.xmlsoap.org/soap/envelope/" xmlns:test="urn:jbi4corba/test-consumer-complex">
   <soapenv:Header/>
   <soapenv:Body>
      <test:echoSimpleNMTOKEN>
         <!--Optional:-->
         <test:arg0>gero et</test:arg0>
      </test:echoSimpleNMTOKEN>
   </soapenv:Body>
</soapenv:Envelope>]]></con:request><con:assertion type="SOAP Response"/><con:assertion type="Schema Compliance"><con:configuration><definition/></con:configuration></con:assertion><con:assertion type="SOAP Fault Assertion"/><con:wsaConfig action="urn:jbi4corba/test-consumer-complex/EchoComplexPortTypeCorbaInterfaceOperations/echoSimpleNMTOKEN" mustUnderstand="NONE" version="200508"/></con:request></con:config></con:testStep><con:testStep type="request" name="echoSimpleNormalizedString"><con:settings/><con:config xsi:type="con:RequestStep" xmlns:xsi="http://www.w3.org/2001/XMLSchema-instance"><con:interface>EchoComplexCorbaBinding</con:interface><con:operation>echoSimpleNormalizedString</con:operation><con:request name="echoSimpleNormalizedString"><con:settings/><con:encoding>UTF-8</con:encoding><con:endpoint>http://localhost:8192/Service/test-consumer-complex/</con:endpoint><con:request><![CDATA[<soapenv:Envelope xmlns:soapenv="http://schemas.xmlsoap.org/soap/envelope/" xmlns:test="urn:jbi4corba/test-consumer-complex">
   <soapenv:Header/>
   <soapenv:Body>
      <test:echoSimpleNormalizedString>
         <!--Optional:-->
         <test:arg0>gero et</test:arg0>
      </test:echoSimpleNormalizedString>
   </soapenv:Body>
</soapenv:Envelope>]]></con:request><con:assertion type="SOAP Response"/><con:assertion type="Schema Compliance"><con:configuration><definition/></con:configuration></con:assertion><con:assertion type="SOAP Fault Assertion"/><con:wsaConfig action="urn:jbi4corba/test-consumer-complex/EchoComplexPortTypeCorbaInterfaceOperations/echoSimpleNormalizedString" mustUnderstand="NONE" version="200508"/></con:request></con:config></con:testStep><con:testStep type="request" name="echoSimpleString"><con:settings/><con:config xsi:type="con:RequestStep" xmlns:xsi="http://www.w3.org/2001/XMLSchema-instance"><con:interface>EchoComplexCorbaBinding</con:interface><con:operation>echoSimpleString</con:operation><con:request name="echoSimpleString"><con:settings/><con:encoding>UTF-8</con:encoding><con:endpoint>http://localhost:8192/Service/test-consumer-complex/</con:endpoint><con:request><![CDATA[<soapenv:Envelope xmlns:soapenv="http://schemas.xmlsoap.org/soap/envelope/" xmlns:test="urn:jbi4corba/test-consumer-complex">
   <soapenv:Header/>
   <soapenv:Body>
      <test:echoSimpleString>
         <!--Optional:-->
         <test:arg0>gero et</test:arg0>
      </test:echoSimpleString>
   </soapenv:Body>
</soapenv:Envelope>]]></con:request><con:assertion type="SOAP Response"/><con:assertion type="Schema Compliance"><con:configuration><definition/></con:configuration></con:assertion><con:assertion type="SOAP Fault Assertion"/><con:wsaConfig action="urn:jbi4corba/test-consumer-complex/EchoComplexPortTypeCorbaInterfaceOperations/echoSimpleString" mustUnderstand="NONE" version="200508"/></con:request></con:config></con:testStep><con:testStep type="request" name="echoSimpleToken"><con:settings/><con:config xsi:type="con:RequestStep" xmlns:xsi="http://www.w3.org/2001/XMLSchema-instance"><con:interface>EchoComplexCorbaBinding</con:interface><con:operation>echoSimpleToken</con:operation><con:request name="echoSimpleToken"><con:settings/><con:encoding>UTF-8</con:encoding><con:endpoint>http://localhost:8192/Service/test-consumer-complex/</con:endpoint><con:request><![CDATA[<soapenv:Envelope xmlns:soapenv="http://schemas.xmlsoap.org/soap/envelope/" xmlns:test="urn:jbi4corba/test-consumer-complex">
   <soapenv:Header/>
   <soapenv:Body>
      <test:echoSimpleToken>
         <!--Optional:-->
         <test:arg0>gero et</test:arg0>
      </test:echoSimpleToken>
   </soapenv:Body>
</soapenv:Envelope>]]></con:request><con:assertion type="SOAP Response"/><con:assertion type="Schema Compliance"><con:configuration><definition/></con:configuration></con:assertion><con:assertion type="SOAP Fault Assertion"/><con:wsaConfig action="urn:jbi4corba/test-consumer-complex/EchoComplexPortTypeCorbaInterfaceOperations/echoSimpleToken" mustUnderstand="NONE" version="200508"/></con:request></con:config></con:testStep><con:testStep type="request" name="echoSimpleUByte"><con:settings/><con:config xsi:type="con:RequestStep" xmlns:xsi="http://www.w3.org/2001/XMLSchema-instance"><con:interface>EchoComplexCorbaBinding</con:interface><con:operation>echoSimpleUByte</con:operation><con:request name="echoSimpleUByte"><con:settings/><con:encoding>UTF-8</con:encoding><con:endpoint>http://localhost:8192/Service/test-consumer-complex/</con:endpoint><con:request><![CDATA[<soapenv:Envelope xmlns:soapenv="http://schemas.xmlsoap.org/soap/envelope/" xmlns:test="urn:jbi4corba/test-consumer-complex">
   <soapenv:Header/>
   <soapenv:Body>
      <test:echoSimpleUByte>
         <test:arg0>1</test:arg0>
      </test:echoSimpleUByte>
   </soapenv:Body>
</soapenv:Envelope>]]></con:request><con:assertion type="SOAP Response"/><con:assertion type="Schema Compliance"><con:configuration><definition/></con:configuration></con:assertion><con:assertion type="SOAP Fault Assertion"/><con:wsaConfig action="urn:jbi4corba/test-consumer-complex/EchoComplexPortTypeCorbaInterfaceOperations/echoSimpleUByte" mustUnderstand="NONE" version="200508"/></con:request></con:config></con:testStep><con:testStep type="request" name="echoSimpleUInt"><con:settings/><con:config xsi:type="con:RequestStep" xmlns:xsi="http://www.w3.org/2001/XMLSchema-instance"><con:interface>EchoComplexCorbaBinding</con:interface><con:operation>echoSimpleUInt</con:operation><con:request name="echoSimpleUInt"><con:settings/><con:encoding>UTF-8</con:encoding><con:endpoint>http://localhost:8192/Service/test-consumer-complex/</con:endpoint><con:request><![CDATA[<soapenv:Envelope xmlns:soapenv="http://schemas.xmlsoap.org/soap/envelope/" xmlns:test="urn:jbi4corba/test-consumer-complex">
   <soapenv:Header/>
   <soapenv:Body>
      <test:echoSimpleUInt>
         <test:arg0>10</test:arg0>
      </test:echoSimpleUInt>
   </soapenv:Body>
</soapenv:Envelope>]]></con:request><con:assertion type="SOAP Response"/><con:assertion type="Schema Compliance"><con:configuration><definition/></con:configuration></con:assertion><con:assertion type="SOAP Fault Assertion"/><con:wsaConfig action="urn:jbi4corba/test-consumer-complex/EchoComplexPortTypeCorbaInterfaceOperations/echoSimpleUInt" mustUnderstand="NONE" version="200508"/></con:request></con:config></con:testStep><con:testStep type="request" name="echoSimpleUShort"><con:settings/><con:config xsi:type="con:RequestStep" xmlns:xsi="http://www.w3.org/2001/XMLSchema-instance"><con:interface>EchoComplexCorbaBinding</con:interface><con:operation>echoSimpleUShort</con:operation><con:request name="echoSimpleUShort"><con:settings/><con:encoding>UTF-8</con:encoding><con:endpoint>http://localhost:8192/Service/test-consumer-complex/</con:endpoint><con:request><![CDATA[<soapenv:Envelope xmlns:soapenv="http://schemas.xmlsoap.org/soap/envelope/" xmlns:test="urn:jbi4corba/test-consumer-complex">
   <soapenv:Header/>
   <soapenv:Body>
      <test:echoSimpleUShort>
         <test:arg0>3</test:arg0>
      </test:echoSimpleUShort>
   </soapenv:Body>
</soapenv:Envelope>]]></con:request><con:assertion type="SOAP Response"/><con:assertion type="Schema Compliance"><con:configuration><definition/></con:configuration></con:assertion><con:assertion type="SOAP Fault Assertion"/><con:wsaConfig action="urn:jbi4corba/test-consumer-complex/EchoComplexPortTypeCorbaInterfaceOperations/echoSimpleUShort" mustUnderstand="NONE" version="200508"/></con:request></con:config></con:testStep><con:properties/></con:testCase><con:properties/></con:testSuite><con:properties/><con:wssContainer/></con:soapui-project>