<?xml version="1.0" encoding="UTF-8" ?>
<testsuite errors="0" failures="0" name="org.netbeans.modules.compapp.catd.ConfiguredTest" tests="5" time="46.453">
  <properties>
    <property name="default.javac.source" value="1.5"></property>
    <property name="file.encoding.pkg" value="sun.io"></property>
    <property name="libs.jdbcsupport-designtime.javadoc" value=""></property>
    <property name="libs.toplink.maven-pom" value=""></property>
    <property name="javac.source" value="1.4"></property>
    <property name="libs.exceptionhandler-runtime.maven-pom" value=""></property>
    <property name="java.home" value="C:\Program Files\Java\jdk1.5.0_12\jre"></property>
    <property name="com.sun.jbi.sa.internal.routing" value="true"></property>
    <property name="libs.jaxws21.src" value=""></property>
    <property name="javadoc.version" value="false"></property>
    <property name="libs.CopyLibs.classpath" value="C:\open-esb\netbeans\java1\ant\extra\org-netbeans-modules-java-j2seproject-copylibstask.jar"></property>
    <property name="libs.javac-api.src" value=""></property>
    <property name="libs.JAVADB_DRIVER_LABEL.classpath" value="C:\open-esb\glassfish\javadb\lib\derby.jar;C:\open-esb\glassfish\javadb\lib\derbyclient.jar;C:\open-esb\glassfish\javadb\lib\derbynet.jar"></property>
    <property name="java.endorsed.dirs" value="C:\Program Files\Java\jdk1.5.0_12\jre\lib\endorsed"></property>
    <property name="libs.MySQLDriver.classpath" value="C:\open-esb\netbeans\ide8\modules\ext\mysql-connector-java-5.0.7-bin.jar"></property>
    <property name="libs.junit.maven-pom" value=""></property>
    <property name="libs.jsf12.src" value=""></property>
    <property name="libs.PostgreSQLDriver.src" value=""></property>
    <property name="src.dir" value="src/jbiasa"></property>
    <property name="nbplatform.default.harness.dir" value="C:\open-esb\netbeans/harness"></property>
    <property name="source.root" value="src"></property>
    <property name="source.encoding" value="windows-1252"></property>
    <property name="libs.jaxws21.classpath" value="C:\open-esb\netbeans\java1\modules\ext\jaxws21\activation.jar;C:\open-esb\netbeans\java1\modules\ext\jaxws21\FastInfoset.jar;C:\open-esb\netbeans\java1\modules\ext\jaxws21\http.jar;C:\open-esb\netbeans\java1\modules\ext\jaxws21\api\jaxb-api.jar;C:\open-esb\netbeans\java1\modules\ext\jaxws21\jaxb-impl.jar;C:\open-esb\netbeans\java1\modules\ext\jaxws21\jaxb-xjc.jar;C:\open-esb\netbeans\java1\modules\ext\jaxws21\api\jaxws-api.jar;C:\open-esb\netbeans\java1\modules\ext\jaxws21\jaxws-rt.jar;C:\open-esb\netbeans\java1\modules\ext\jaxws21\jaxws-tools.jar;C:\open-esb\netbeans\java1\modules\ext\jaxws21\api\jsr173_api.jar;C:\open-esb\netbeans\java1\modules\ext\jaxws21\api\jsr181-api.jar;C:\open-esb\netbeans\java1\modules\ext\jaxws21\api\jsr250-api.jar;C:\open-esb\netbeans\java1\modules\ext\jaxws21\api\saaj-api.jar;C:\open-esb\netbeans\java1\modules\ext\jaxws21\saaj-impl.jar;C:\open-esb\netbeans\java1\modules\ext\jaxws21\sjsxp.jar;C:\open-esb\netbeans\java1\modules\ext\jaxws21\stax-ex.jar;C:\open-esb\netbeans\java1\modules\ext\jaxws21\streambuffer.jar"></property>
    <property name="libs.swing-app-framework.javadoc" value="C:\open-esb\netbeans\java1\docs\appframework-1.0.3-doc.zip"></property>
    <property name="libs.JAVADB_DRIVER_LABEL.src" value=""></property>
    <property name="sun.os.patch.level" value="Service Pack 2"></property>
    <property name="java.vendor.url" value="http://java.sun.com/"></property>
    <property name="libs.exceptionhandler-runtime.javadoc" value=""></property>
    <property name="java.version" value="1.5.0_12"></property>
    <property name="libs.jaxb21.javadoc" value=""></property>
    <property name="libs.woodstock-theme-default.classpath" value="C:\open-esb\netbeans\visualweb1\modules\ext\webui-jsf-suntheme.jar"></property>
    <property name="caps.netbeans.home" value="c:/open-esb/netbeans"></property>
    <property name="javac.debug" value="true"></property>
    <property name="libs.PostgreSQLDriver.maven-pom" value=""></property>
    <property name="java.vendor.url.bug" value="http://java.sun.com/cgi-bin/bugreport.cgi"></property>
    <property name="WaitBpel.su.name" value="WaitBpel"></property>
    <property name="libs.jdbcsupport-designtime.maven-pom" value=""></property>
    <property name="jbi.service-assembly.description" value="Represents the Service Assembly of WaitForJbi"></property>
    <property name="libs.absolutelayout.javadoc" value=""></property>
    <property name="libs.junit_4.maven-pom" value=""></property>
    <property name="libs.swing-app-framework.maven-pom" value=""></property>
    <property name="user.name" value="pbhagat"></property>
    <property name="libs.webui.src" value="C:\open-esb\netbeans\visualweb1\docs\webui-src.zip"></property>
    <property name="sun.io.unicode.encoding" value="UnicodeLittle"></property>
    <property name="libs.jstl11.maven-pom" value=""></property>
    <property name="sun.jnu.encoding" value="Cp1252"></property>
    <property name="java.runtime.name" value="Java(TM) 2 Runtime Environment, Standard Edition"></property>
    <property name="jspc.classpath" value="C:\open-esb\netbeans\java1\ant\lib\ant.jar:C:\open-esb\netbeans\enterprise4\modules\ext\servlet2.5-jsp2.1-api.jar:c:/open-esb/glassfish/lib/javaee.jar:c:/open-esb/glassfish/lib/jsf-impl.jar:c:/open-esb/glassfish/lib/activation.jar:c:/open-esb/glassfish/lib/appserv-tags.jar:c:/open-esb/glassfish/lib/mail.jar:c:/open-esb/glassfish/lib/appserv-jstl.jar:c:/open-esb/glassfish/lib/webservices-tools.jar:c:/open-esb/glassfish/lib/webservices-rt.jar:C:\open-esb\netbeans\enterprise4\modules\ext\glassfish-jspparser-2.0.jar:C:\open-esb\netbeans\enterprise4\modules\ext\glassfish-logging-2.0.jar:C:\open-esb\netbeans\ide8\modules\ext\commons-logging-1.0.4.jar:C:\open-esb\netbeans\java1\ant\lib\ant-launcher.jar"></property>
    <property name="j2ee.platform.wsgen.classpath" value="c:/open-esb/glassfish/lib/webservices-tools.jar:c:/open-esb/glassfish/lib/webservices-rt.jar:c:/open-esb/glassfish/lib/tools.jar:c:/open-esb/glassfish/lib/appserv-jstl.jar:c:/open-esb/glassfish/lib/javaee.jar:c:/open-esb/glassfish/lib/appserv-ws.jar:c:/open-esb/glassfish/lib/mail.jar:c:/open-esb/glassfish/lib/activation.jar"></property>
    <property name="java.specification.name" value="Java Platform API Specification"></property>
    <property name="javadoc.author" value="false"></property>
    <property name="user.timezone" value=""></property>
    <property name="libs.jsfsupport-runtime.classpath" value="C:\open-esb\netbeans\visualweb1\modules\ext\jsfcl.jar;C:\open-esb\netbeans\visualweb1\modules\ext\appbase.jar;C:\open-esb\netbeans\visualweb1\modules\ext\dataprovider.jar;C:\open-esb\netbeans\visualweb1\modules\ext\sqlx.jar"></property>
    <property name="libs.swing-layout.maven-pom" value=""></property>
    <property name="libs.junit.javadoc" value="C:\open-esb\netbeans\java1\docs\junit-3.8.2-api.zip"></property>
    <property name="path.separator" value=";"></property>
    <property name="libs.absolutelayout.classpath" value="C:\open-esb\netbeans\java1\modules\ext\AbsoluteLayout.jar"></property>
    <property name="libs.jsfsupport-designtime.src" value="C:\open-esb\netbeans\visualweb1\docs\appbase-src.zip;C:\open-esb\netbeans\visualweb1\docs\dataprovider-src.zip;C:\open-esb\netbeans\visualweb1\docs\jsfcl-src.zip"></property>
    <property name="libs.woodstock-components.classpath" value="C:\open-esb\netbeans\visualweb1\modules\ext\webui-jsf.jar;C:\open-esb\netbeans\enterprise4\modules\ext\commons-fileupload-1.0.jar;C:\open-esb\netbeans\visualweb1\modules\ext\json-2.jar;C:\open-esb\netbeans\visualweb1\modules\ext\prototype-1.5.0.jar;C:\open-esb\netbeans\visualweb1\modules\ext\dojo-1.0.1.jar;C:\open-esb\netbeans\visualweb1\modules\ext\jsf-extensions-common-0.1.jar;C:\open-esb\netbeans\visualweb1\modules\ext\jsf-extensions-dynamic-faces-0.1.jar"></property>
    <property name="libs.jsf12-support.javadoc" value="C:\open-esb\netbeans\visualweb1\docs\appbase-doc.zip;C:\open-esb\netbeans\visualweb1\docs\dataprovider-doc.zip;C:\open-esb\netbeans\visualweb1\docs\jsfcl-doc.zip"></property>
    <property name="file.encoding" value="Cp1252"></property>
    <property name="dist.javadoc.dir" value="dist/javadoc"></property>
    <property name="libs.jsf12-support.src" value="C:\open-esb\netbeans\visualweb1\docs\appbase-src.zip;C:\open-esb\netbeans\visualweb1\docs\dataprovider-src.zip;C:\open-esb\netbeans\visualweb1\docs\jsfcl-src.zip"></property>
    <property name="libs.junit.src" value=""></property>
    <property name="libs.jaxb21.maven-pom" value=""></property>
    <property name="ant.file" value="C:\open-esb\open-jbi-components\driver-tests\bpelse\wait\WaitForJbi\build.xml"></property>
    <property name="libs.theme-default.classpath" value="C:\open-esb\netbeans\visualweb1\modules\ext\defaulttheme.jar"></property>
    <property name="copyfiles.classpath" value="C:\open-esb\netbeans\enterprise4\ant\extra\copyfiles.jar"></property>
    <property name="libs.junit_4.src" value=""></property>
    <property name="j2ee.server.instance" value=""></property>
    <property name="java.io.tmpdir" value="C:\DOCUME~1\pbhagat\LOCALS~1\Temp\"></property>
    <property name="user.language" value="en"></property>
    <property name="line.separator" value="
"></property>
    <property name="libs.absolutelayout.src" value=""></property>
    <property name="caps.alaska.root" value="@alaska_root@"></property>
    <property name="libs.webui.classpath" value="C:\open-esb\netbeans\visualweb1\modules\ext\webui.jar;C:\open-esb\netbeans\enterprise4\modules\ext\commons-fileupload-1.0.jar"></property>
    <property name="libs.woodstock-components.javadoc" value="C:\open-esb\netbeans\visualweb1\docs\webui-jsf-doc.zip;C:\open-esb\netbeans\visualweb1\docs\webui-jsf-tld.zip"></property>
    <property name="libs.jdbcsupport-runtime.src" value=""></property>
    <property name="jar.compress" value="false"></property>
    <property name="caps.jbi.home" value="c:/open-esb/glassfish/jbi"></property>
    <property name="jbi.service-unit.description" value="Represents this Service Unit"></property>
    <property name="libs.jdbcsupport-runtime.classpath" value="C:\open-esb\netbeans\visualweb1\modules\ext\sqlx.jar"></property>
    <property name="java.vm.info" value="mixed mode"></property>
    <property name="libs.javac-api.maven-pom" value=""></property>
    <property name="javadoc.private" value="false"></property>
    <property name="sun.desktop" value="windows"></property>
    <property name="java.vm.specification.name" value="Java Virtual Machine Specification"></property>
    <property name="libs.theme-default-green.classpath" value="C:\open-esb\netbeans\visualweb1\modules\ext\defaulttheme-green.jar"></property>
    <property name="libs.MySQLDriver.javadoc" value=""></property>
    <property name="jbi.service-assembly.id" value="WaitForJbi"></property>
    <property name="jbi.content.additional" value="../WaitBpel/build/SEDeployment.jar"></property>
    <property name="libs.beans-binding.javadoc" value="C:\open-esb\netbeans\java1\docs\beansbinding-1.2.1-doc.zip"></property>
    <property name="libs.jdbcsupport-designtime.src" value=""></property>
    <property name="platform.active" value="default_platform"></property>
    <property name="meta.inf" value="src/conf"></property>
    <property name="libs.junit_4.javadoc" value=""></property>
    <property name="libs.theme-default-gray.runtime" value="C:\open-esb\netbeans\visualweb1\modules\ext\defaulttheme-gray.jar"></property>
    <property name="test.results.dir" value="C:\open-esb\open-jbi-components\driver-tests\bpelse\wait\WaitForJbi/test/results"></property>
    <property name="libs.beans-binding.maven-pom" value=""></property>
    <property name="javadoc.encoding" value=""></property>
    <property name="java.awt.printerjob" value="sun.awt.windows.WPrinterJob"></property>
    <property name="jbi.content.component" value="sun-bpel-engine"></property>
    <property name="libs.jsf12-support.classpath" value="C:\open-esb\netbeans\visualweb1\modules\ext\jsfcl.jar;C:\open-esb\netbeans\visualweb1\modules\ext\appbase.jar;C:\open-esb\netbeans\visualweb1\modules\ext\dataprovider.jar;C:\open-esb\netbeans\visualweb1\modules\ext\sqlx.jar"></property>
    <property name="dist.jar" value="dist/WaitForJbi.zip"></property>
    <property name="WaitBpel.su.dir" value="src/jbiasa/../jbiServiceUnits/WaitBpel"></property>
    <property name="libs.struts.classpath" value="C:\open-esb\netbeans\enterprise4\modules\ext\struts\antlr.jar;C:\open-esb\netbeans\enterprise4\modules\ext\struts\commons-beanutils.jar;C:\open-esb\netbeans\enterprise4\modules\ext\struts\commons-digester.jar;C:\open-esb\netbeans\enterprise4\modules\ext\struts\commons-logging.jar;C:\open-esb\netbeans\enterprise4\modules\ext\struts\commons-validator.jar;C:\open-esb\netbeans\enterprise4\modules\ext\struts\jakarta-oro.jar;C:\open-esb\netbeans\enterprise4\modules\ext\struts\struts.jar;C:\open-esb\netbeans\enterprise4\modules\ext\commons-fileupload-1.0.jar"></property>
    <property name="ant.version" value="Apache Ant version 1.6.5 compiled on June 2 2005"></property>
    <property name="netbeans.home" value="c:/open-esb/netbeans/platform6"></property>
    <property name="javadoc.nonavbar" value="false"></property>
    <property name="user.properties.file" value="C:/Documents and Settings/pbhagat/.netbeans/sierra/build.properties"></property>
    <property name="libs.toplink.classpath" value="C:\open-esb\netbeans\java1\modules\ext\toplink\toplink-essentials.jar;C:\open-esb\netbeans\java1\modules\ext\toplink\toplink-essentials-agent.jar"></property>
    <property name="jar.name" value="WaitForJbi.jar"></property>
    <property name="libs.jsf12.maven-pom" value=""></property>
    <property name="module.install.dir" value="C:\open-esb\netbeans\soa1\modules"></property>
    <property name="libs.exceptionhandler-runtime.classpath" value="C:\open-esb\netbeans\visualweb1\modules\ext\errorhandler.jar"></property>
    <property name="include.jar.manifest" value=""></property>
    <property name="libs.CopyLibs.maven-pom" value=""></property>
    <property name="j2ee.server.type" value="J2EE"></property>
    <property name="build.generated.dir" value="build/generated"></property>
    <property name="netbeans.home+have.tests" value="true"></property>
    <property name="os.name" value="Windows XP"></property>
    <property name="caps.netbeans.user" value="C:/Documents and Settings/pbhagat/.netbeans/sierra"></property>
    <property name="java.specification.vendor" value="Sun Microsystems Inc."></property>
    <property name="libs.webui-runtime.classpath" value="C:\open-esb\netbeans\visualweb1\modules\ext\webui.jar;C:\open-esb\netbeans\enterprise4\modules\ext\commons-fileupload-1.0.jar"></property>
    <property name="java.vm.name" value="Java HotSpot(TM) Client VM"></property>
    <property name="NetBeansUserDir" value="C:\Documents and Settings\pbhagat\.netbeans\sierra"></property>
    <property name="libs.CopyLibs.src" value=""></property>
    <property name="libs.jaxb21.src" value=""></property>
    <property name="libs.junit.classpath" value="C:\open-esb\netbeans\java1\modules\ext\junit-3.8.2.jar"></property>
    <property name="libs.beans-binding.src" value=""></property>
    <property name="java.library.path" value="C:\Program Files\Java\jdk1.5.0_12\jre\bin;.;C:\WINDOWS\system32;C:\WINDOWS;C:\Program Files\Java\jdk1.5.0_12\bin;C:\open-esb\glassfish\lib\ant\bin;C:\WINDOWS\system32;C:\WINDOWS;C:\WINDOWS\System32\Wbem;C:\Program Files\Common Files\Roxio Shared\DLLShared\;C:\Program Files\Reflection\;C:\maven-2.0.5\bin;C:\open-esb\open-jbi-components;C:\Program Files\IDM Computer Solutions\UltraEdit-32;C:\Program Files\QuickTime\QTSystem\"></property>
    <property name="libs.webui.javadoc" value="C:\open-esb\netbeans\visualweb1\docs\webui-doc.zip"></property>
    <property name="libs.PostgreSQLDriver.javadoc" value=""></property>
    <property name="libs.toplink.javadoc" value="C:\open-esb\netbeans\enterprise4\docs\javaee5-doc-api.zip"></property>
    <property name="libs.jsfsupport-designtime.javadoc" value="C:\open-esb\netbeans\visualweb1\docs\appbase-doc.zip;C:\open-esb\netbeans\visualweb1\docs\dataprovider-doc.zip;C:\open-esb\netbeans\visualweb1\docs\jsfcl-doc.zip"></property>
    <property name="ant.java.version" value="1.5"></property>
    <property name="basedir" value="C:\open-esb\open-jbi-components\driver-tests\bpelse\wait\WaitForJbi"></property>
    <property name="javadoc.noindex" value="false"></property>
    <property name="java.class.version" value="49.0"></property>
    <property name="dist.jar.dir" value="C:\open-esb\open-jbi-components\driver-tests\bpelse\wait\WaitForJbi\dist"></property>
    <property name="j2ee.platform" value="1.4"></property>
    <property name="ant.home" value="C:\open-esb\glassfish\lib\ant"></property>
    <property name="javadoc.splitindex" value="true"></property>
    <property name="libs.toplink.src" value=""></property>
    <property name="libs.JAVADB_DRIVER_LABEL.maven-pom" value=""></property>
    <property name="libs.javac-api.javadoc" value=""></property>
    <property name="javadoc.preview" value="true"></property>
    <property name="libs.MySQLDriver.maven-pom" value=""></property>
    <property name="libs.CopyLibs.javadoc" value=""></property>
    <property name="libs.PostgreSQLDriver.classpath" value="C:\open-esb\netbeans\ide8\modules\ext\postgresql-8.2-506.jdbc3.jar"></property>
    <property name="libs.jaxws21.maven-pom" value=""></property>
    <property name="libs.jdbcsupport-designtime.classpath" value="C:\open-esb\netbeans\visualweb1\modules\ext\sqlx.jar"></property>
    <property name="libs.junit_4.classpath" value="C:\open-esb\netbeans\java1\modules\ext\junit-4.1.jar"></property>
    <property name="reference.WaitBpel.dist_se" value="../WaitBpel/build/SEDeployment.jar"></property>
    <property name="build.dir" value="build"></property>
    <property name="sun.boot.library.path" value="C:\Program Files\Java\jdk1.5.0_12\jre\bin"></property>
    <property name="libs.webui-designtime.src" value="C:\open-esb\netbeans\visualweb1\docs\webui-src.zip"></property>
    <property name="ant.file." value="C:\open-esb\open-jbi-components\driver-tests\bpelse\wait\WaitForJbi\build.xml"></property>
    <property name="libs.swing-app-framework.classpath" value="C:\open-esb\netbeans\java1\modules\ext\appframework-1.0.3.jar;C:\open-esb\netbeans\java1\modules\ext\swing-worker-1.1.jar"></property>
    <property name="sun.management.compiler" value="HotSpot Client Compiler"></property>
    <property name="user.variant" value=""></property>
    <property name="java.awt.graphicsenv" value="sun.awt.Win32GraphicsEnvironment"></property>
    <property name="no.netbeans.home" value="true"></property>
    <property name="javadoc.windowtitle" value=""></property>
    <property name="j2ee.platform.classpath" value="c:/open-esb/glassfish/lib/javaee.jar:c:/open-esb/glassfish/lib/jsf-impl.jar:c:/open-esb/glassfish/lib/activation.jar:c:/open-esb/glassfish/lib/appserv-tags.jar:c:/open-esb/glassfish/lib/mail.jar:c:/open-esb/glassfish/lib/appserv-jstl.jar:c:/open-esb/glassfish/lib/webservices-tools.jar:c:/open-esb/glassfish/lib/webservices-rt.jar"></property>
    <property name="libs.jstl11.javadoc" value="C:\open-esb\netbeans\enterprise4\docs\javaee5-doc-api.zip"></property>
    <property name="project.WaitBpel" value="../WaitBpel"></property>
    <property name="libs.jstl11.src" value=""></property>
    <property name="ant.project.name" value=""></property>
    <property name="libs.swing-layout.classpath" value="C:\open-esb\netbeans\platform7\modules\ext\swing-layout-1.0.3.jar"></property>
    <property name="ant.file.capstool" value="C:\open-esb\open-jbi-components\nbbuild\build.xml"></property>
    <property name="java.vm.specification.version" value="1.0"></property>
    <property name="caps.appserver.home" value="c:/open-esb/glassfish"></property>
    <property name="awt.toolkit" value="sun.awt.windows.WToolkit"></property>
    <property name="javadoc.use" value="true"></property>
    <property name="sun.cpu.isalist" value="pentium_pro+mmx pentium_pro pentium+mmx pentium i486 i386 i86"></property>
    <property name="libs.exceptionhandler-runtime.src" value=""></property>
    <property name="libs.jdbcsupport-runtime.javadoc" value=""></property>
    <property name="java.ext.dirs" value="C:\Program Files\Java\jdk1.5.0_12\jre\lib\ext"></property>
    <property name="os.version" value="5.1"></property>
    <property name="libs.jstl11.classpath" value="C:\open-esb\netbeans\enterprise4\modules\ext\standard.jar;C:\open-esb\netbeans\enterprise4\modules\ext\jstl.jar"></property>
    <property name="user.home" value="C:\Documents and Settings\pbhagat"></property>
    <property name="libs.jaxb21.classpath" value="C:\open-esb\netbeans\java1\modules\ext\jaxws21\activation.jar;C:\open-esb\netbeans\java1\modules\ext\jaxws21\api\jaxb-api.jar;C:\open-esb\netbeans\java1\modules\ext\jaxws21\jaxb-impl.jar;C:\open-esb\netbeans\java1\modules\ext\jaxws21\jaxb-xjc.jar;C:\open-esb\netbeans\java1\modules\ext\jaxws21\api\jsr173_api.jar"></property>
    <property name="java.vm.vendor" value="Sun Microsystems Inc."></property>
    <property name="libs.struts.src" value=""></property>
    <property name="libs.absolutelayout.maven-pom" value=""></property>
    <property name="user.dir" value="C:\open-esb\open-jbi-components\driver-tests\bpelse\wait\WaitForJbi"></property>
    <property name="libs.jsf12.javadoc" value="C:\open-esb\netbeans\enterprise4\docs\javaee5-doc-api.zip"></property>
    <property name="ant.file.WaitForJbi-jbi-impl" value="C:\open-esb\open-jbi-components\driver-tests\bpelse\wait\WaitForJbi\nbproject\build-impl.xml"></property>
    <property name="test.dir" value="test"></property>
    <property name="sun.cpu.endian" value="little"></property>
    <property name="com.sun.jbi.routing" value="true"></property>
    <property name="libs.woodstock-components.src" value="C:\open-esb\netbeans\visualweb1\docs\webui-jsf-src.zip"></property>
    <property name="libs.MySQLDriver.src" value=""></property>
    <property name="java.vm.version" value="1.5.0_12-b04"></property>
    <property name="libs.webui-designtime.classpath" value="C:\open-esb\netbeans\visualweb1\modules\ext\webui.jar;C:\open-esb\netbeans\enterprise4\modules\ext\commons-fileupload-1.0.jar"></property>
    <property name="java.class.path" value="C:\open-esb\netbeans\soa1\modules\org-netbeans-modules-compapp-manager-jbi.jar;C:\open-esb\netbeans\soa1\modules\ext\jbi\catd.jar;C:\open-esb\netbeans\java1\modules\ext\junit-3.8.2.jar;C:\open-esb\netbeans\java1\modules\ext\jaxws21\api\saaj-api.jar;C:\open-esb\netbeans\java1\modules\ext\jaxws21\saaj-impl.jar;C:\open-esb\netbeans\java1\modules\ext\jaxws21\FastInfoset.jar;C:\open-esb\netbeans\ide8\modules\org-netbeans-modules-xml-xdm.jar;C:\open-esb\netbeans\ide8\modules\org-netbeans-modules-xml-xam.jar;C:\open-esb\netbeans\ide8\modules\org-netbeans-modules-editor-lib.jar;C:\open-esb\netbeans\ide8\modules\org-netbeans-modules-xml-text.jar;C:\open-esb\netbeans\ide8\modules\org-netbeans-modules-editor.jar;C:\open-esb\netbeans\ide8\modules\org-netbeans-modules-editor-util.jar;C:\open-esb\netbeans\ide8\modules\org-netbeans-modules-xml-core.jar;C:\open-esb\netbeans\ide8\modules\org-netbeans-modules-editor-lib2.jar;C:\open-esb\netbeans\ide8\modules\org-netbeans-modules-lexer.jar;C:\open-esb\netbeans\ide8\modules\org-netbeans-modules-xml-lexer.jar;C:\open-esb\netbeans\platform7\lib\org-openide-modules.jar;C:\open-esb\netbeans\platform7\lib\org-openide-util.jar;C:\open-esb\netbeans\platform7\modules\org-openide-options.jar;C:\open-esb\netbeans\platform7\modules\org-openide-text.jar;C:\open-esb\netbeans\platform7\modules\org-openide-loaders.jar;C:\open-esb\netbeans\platform7\modules\org-openide-nodes.jar;C:\open-esb\netbeans\platform7\modules\org-netbeans-modules-editor-mimelookup.jar;C:\open-esb\netbeans\platform7\core\org-openide-filesystems.jar;C:\open-esb\open-jbi-components\driver-tests\bpelse\wait\WaitForJbi;C:\Program Files\Java\jre1.5.0_12\lib\ext\QTJava.zip;C:\open-esb\glassfish\lib\ant\lib\ant-launcher.jar;C:\open-esb\glassfish\lib\ant\lib\ant.jar;C:\open-esb\glassfish\lib\ant\lib\ant-junit.jar"></property>
    <property name="ant.library.dir" value="C:\open-esb\glassfish\lib\ant\lib"></property>
    <property name="os.arch" value="x86"></property>
    <property name="javac.deprecation" value="false"></property>
    <property name="libs.webui-designtime.javadoc" value="C:\open-esb\netbeans\visualweb1\docs\webui-doc.zip"></property>
    <property name="libs.woodstock-theme-default.runtime" value="C:\open-esb\netbeans\visualweb1\modules\ext\webui-jsf-suntheme.jar"></property>
    <property name="nbplatform.default.netbeans.dest.dir" value="C:\open-esb\netbeans"></property>
    <property name="build.classes.excludes" value="**/*.java,**/*.form,**/.nbattrs"></property>
    <property name="libs.theme-default.runtime" value="C:\open-esb\netbeans\visualweb1\modules\ext\defaulttheme.jar"></property>
    <property name="dist.dir" value="dist"></property>
    <property name="netbeans.user" value="C:\Documents and Settings\pbhagat\.netbeans\sierra"></property>
    <property name="debug.classpath" value="${javac.classpath}:build/jar"></property>
    <property name="sun.java.launcher" value="SUN_STANDARD"></property>
    <property name="libs.JAVADB_DRIVER_LABEL.javadoc" value=""></property>
    <property name="java.vm.specification.vendor" value="Sun Microsystems Inc."></property>
    <property name="from.commandline" value="true"></property>
    <property name="file.separator" value="\"></property>
    <property name="libs.jdbcsupport-runtime.maven-pom" value=""></property>
    <property name="java.runtime.version" value="1.5.0_12-b04"></property>
    <property name="sun.boot.class.path" value="C:\Program Files\Java\jdk1.5.0_12\jre\lib\rt.jar;C:\Program Files\Java\jdk1.5.0_12\jre\lib\i18n.jar;C:\Program Files\Java\jdk1.5.0_12\jre\lib\sunrsasign.jar;C:\Program Files\Java\jdk1.5.0_12\jre\lib\jsse.jar;C:\Program Files\Java\jdk1.5.0_12\jre\lib\jce.jar;C:\Program Files\Java\jdk1.5.0_12\jre\lib\charsets.jar;C:\Program Files\Java\jdk1.5.0_12\jre\classes"></property>
    <property name="libs.theme-default-gray.classpath" value="C:\open-esb\netbeans\visualweb1\modules\ext\defaulttheme-gray.jar"></property>
    <property name="libs.beans-binding.classpath" value="C:\open-esb\netbeans\java1\modules\ext\beansbinding-1.2.1.jar"></property>
    <property name="j2ee.platform.wsimport.classpath" value="c:/open-esb/glassfish/lib/webservices-tools.jar:c:/open-esb/glassfish/lib/webservices-rt.jar:c:/open-esb/glassfish/lib/webservices.jar:c:/open-esb/glassfish/lib/tools.jar:c:/open-esb/glassfish/lib/appserv-jstl.jar:c:/open-esb/glassfish/lib/javaee.jar:c:/open-esb/glassfish/lib/appserv-ws.jar:c:/open-esb/glassfish/lib/mail.jar:c:/open-esb/glassfish/lib/activation.jar"></property>
    <property name="have.tests" value="true"></property>
    <property name="libs.javac-api.classpath" value="C:\open-esb\netbeans\java1\modules\ext\javac-api-nb-7.0-b07.jar"></property>
    <property name="user.country" value="US"></property>
    <property name="javadoc.notree" value="false"></property>
    <property name="libs.jsfsupport-designtime.classpath" value="C:\open-esb\netbeans\visualweb1\modules\ext\jsfcl.jar;C:\open-esb\netbeans\visualweb1\modules\ext\appbase.jar;C:\open-esb\netbeans\visualweb1\modules\ext\dataprovider.jar;C:\open-esb\netbeans\visualweb1\modules\ext\sqlx.jar"></property>
    <property name="libs.struts.javadoc" value="C:\open-esb\netbeans\enterprise4\docs\struts-1.2.9-javadoc.zip"></property>
    <property name="libs.jaxws21.javadoc" value="C:\open-esb\netbeans\java1\docs\jaxws-2_1-api-doc.zip"></property>
    <property name="libs.jsf12.classpath" value="C:\open-esb\netbeans\enterprise4\modules\ext\jsf-1_2\commons-beanutils.jar;C:\open-esb\netbeans\enterprise4\modules\ext\jsf-1_2\commons-collections.jar;C:\open-esb\netbeans\enterprise4\modules\ext\jsf-1_2\commons-digester.jar;C:\open-esb\netbeans\enterprise4\modules\ext\jsf-1_2\commons-logging.jar;C:\open-esb\netbeans\enterprise4\modules\ext\jsf-1_2\jsf-api.jar;C:\open-esb\netbeans\enterprise4\modules\ext\jsf-1_2\jsf-impl.jar"></property>
    <property name="default.javac.target" value="1.5"></property>
    <property name="build.classes.dir" value="build/jar"></property>
    <property name="libs.swing-layout.javadoc" value="C:\open-esb\netbeans\platform7\docs\swing-layout-1.0.3-doc.zip"></property>
    <property name="libs.swing-layout.src" value="C:\open-esb\netbeans\platform7\docs\swing-layout-1.0.3-src.zip"></property>
    <property name="java.vendor" value="Sun Microsystems Inc."></property>
    <property name="javac.target" value="1.4"></property>
    <property name="libs.theme-default-green.runtime" value="C:\open-esb\netbeans\visualweb1\modules\ext\defaulttheme-green.jar"></property>
    <property name="libs.swing-app-framework.src" value=""></property>
    <property name="java.specification.version" value="1.5"></property>
    <property name="libs.struts.maven-pom" value=""></property>
    <property name="sun.arch.data.model" value="32"></property>
  </properties>
  <testcase classname="org.netbeans.modules.compapp.catd.ConfiguredTest" name="WaitFaultHandling7" time="0.032"></testcase>
  <testcase classname="org.netbeans.modules.compapp.catd.ConfiguredTest" name="WaitFlowTest9" time="0.0"></testcase>
  <testcase classname="org.netbeans.modules.compapp.catd.ConfiguredTest" name="WaitForBasicTest" time="11.093"></testcase>
  <testcase classname="org.netbeans.modules.compapp.catd.ConfiguredTest" name="WaitForBasicTest_Invalid2" time="0.0"></testcase>
  <testcase classname="org.netbeans.modules.compapp.catd.ConfiguredTest" name="WaitForEach8" time="35.297"></testcase>
  <system-out><![CDATA[{java.runtime.name=Java(TM) 2 Runtime Environment, Standard Edition, sun.boot.library.path=C:\Program Files\Java\jdk1.5.0_12\jre\bin, java.vm.version=1.5.0_12-b04, java.vm.vendor=Sun Microsystems Inc., java.vendor.url=http://java.sun.com/, path.separator=;, java.vm.name=Java HotSpot(TM) Client VM, file.encoding.pkg=sun.io, sun.java.launcher=SUN_STANDARD, user.country=US, sun.os.patch.level=Service Pack 2, java.vm.specification.name=Java Virtual Machine Specification, user.dir=C:\open-esb\open-jbi-components\driver-tests\bpelse\wait\WaitForJbi, java.runtime.version=1.5.0_12-b04, java.awt.graphicsenv=sun.awt.Win32GraphicsEnvironment, java.endorsed.dirs=C:\Program Files\Java\jdk1.5.0_12\jre\lib\endorsed, os.arch=x86, java.io.tmpdir=C:\DOCUME~1\pbhagat\LOCALS~1\Temp\, line.separator=
, java.vm.specification.vendor=Sun Microsystems Inc., user.variant=, os.name=Windows XP, sun.jnu.encoding=Cp1252, java.library.path=C:\Program Files\Java\jdk1.5.0_12\jre\bin;.;C:\WINDOWS\system32;C:\WINDOWS;C:\Program Files\Java\jdk1.5.0_12\bin;C:\open-esb\glassfish\lib\ant\bin;C:\WINDOWS\system32;C:\WINDOWS;C:\WINDOWS\System32\Wbem;C:\Program Files\Common Files\Roxio Shared\DLLShared\;C:\Program Files\Reflection\;C:\maven-2.0.5\bin;C:\open-esb\open-jbi-components;C:\Program Files\IDM Computer Solutions\UltraEdit-32;C:\Program Files\QuickTime\QTSystem\, java.specification.name=Java Platform API Specification, java.class.version=49.0, sun.management.compiler=HotSpot Client Compiler, os.version=5.1, user.home=C:\Documents and Settings\pbhagat, user.timezone=America/Los_Angeles, java.awt.printerjob=sun.awt.windows.WPrinterJob, file.encoding=Cp1252, java.specification.version=1.5, java.class.path=C:\open-esb\netbeans\soa1\modules\org-netbeans-modules-compapp-manager-jbi.jar;C:\open-esb\netbeans\soa1\modules\ext\jbi\catd.jar;C:\open-esb\netbeans\java1\modules\ext\junit-3.8.2.jar;C:\open-esb\netbeans\java1\modules\ext\jaxws21\api\saaj-api.jar;C:\open-esb\netbeans\java1\modules\ext\jaxws21\saaj-impl.jar;C:\open-esb\netbeans\java1\modules\ext\jaxws21\FastInfoset.jar;C:\open-esb\netbeans\ide8\modules\org-netbeans-modules-xml-xdm.jar;C:\open-esb\netbeans\ide8\modules\org-netbeans-modules-xml-xam.jar;C:\open-esb\netbeans\ide8\modules\org-netbeans-modules-editor-lib.jar;C:\open-esb\netbeans\ide8\modules\org-netbeans-modules-xml-text.jar;C:\open-esb\netbeans\ide8\modules\org-netbeans-modules-editor.jar;C:\open-esb\netbeans\ide8\modules\org-netbeans-modules-editor-util.jar;C:\open-esb\netbeans\ide8\modules\org-netbeans-modules-xml-core.jar;C:\open-esb\netbeans\ide8\modules\org-netbeans-modules-editor-lib2.jar;C:\open-esb\netbeans\ide8\modules\org-netbeans-modules-lexer.jar;C:\open-esb\netbeans\ide8\modules\org-netbeans-modules-xml-lexer.jar;C:\open-esb\netbeans\platform7\lib\org-openide-modules.jar;C:\open-esb\netbeans\platform7\lib\org-openide-util.jar;C:\open-esb\netbeans\platform7\modules\org-openide-options.jar;C:\open-esb\netbeans\platform7\modules\org-openide-text.jar;C:\open-esb\netbeans\platform7\modules\org-openide-loaders.jar;C:\open-esb\netbeans\platform7\modules\org-openide-nodes.jar;C:\open-esb\netbeans\platform7\modules\org-netbeans-modules-editor-mimelookup.jar;C:\open-esb\netbeans\platform7\core\org-openide-filesystems.jar;C:\open-esb\open-jbi-components\driver-tests\bpelse\wait\WaitForJbi;C:\Program Files\Java\jre1.5.0_12\lib\ext\QTJava.zip;C:\open-esb\glassfish\lib\ant\lib\ant-launcher.jar;C:\open-esb\glassfish\lib\ant\lib\ant.jar;C:\open-esb\glassfish\lib\ant\lib\ant-junit.jar, user.name=pbhagat, java.vm.specification.version=1.0, java.home=C:\Program Files\Java\jdk1.5.0_12\jre, sun.arch.data.model=32, user.language=en, java.specification.vendor=Sun Microsystems Inc., NetBeansUserDir=C:\Documents and Settings\pbhagat\.netbeans\sierra, awt.toolkit=sun.awt.windows.WToolkit, java.vm.info=mixed mode, java.version=1.5.0_12, java.ext.dirs=C:\Program Files\Java\jdk1.5.0_12\jre\lib\ext, sun.boot.class.path=C:\Program Files\Java\jdk1.5.0_12\jre\lib\rt.jar;C:\Program Files\Java\jdk1.5.0_12\jre\lib\i18n.jar;C:\Program Files\Java\jdk1.5.0_12\jre\lib\sunrsasign.jar;C:\Program Files\Java\jdk1.5.0_12\jre\lib\jsse.jar;C:\Program Files\Java\jdk1.5.0_12\jre\lib\jce.jar;C:\Program Files\Java\jdk1.5.0_12\jre\lib\charsets.jar;C:\Program Files\Java\jdk1.5.0_12\jre\classes, java.vendor=Sun Microsystems Inc., file.separator=\, java.vendor.url.bug=http://java.sun.com/cgi-bin/bugreport.cgi, sun.io.unicode.encoding=UnicodeLittle, sun.cpu.endian=little, sun.desktop=windows, sun.cpu.isalist=pentium_pro+mmx pentium_pro pentium+mmx pentium i486 i386 i86}
Test WaitFaultHandling7\Concurrent.properties in Development
Test WaitFlowTest9\Concurrent.properties in Development
Test WaitForBasicTest\Concurrent.properties Passed. Threads count Success: <10> Error: <0> Not completed: <0> Throughput: <10> invocations in <100.47>s = <0.09953219866626854> invokes/s
Test WaitForBasicTest_Invalid2\Concurrent.properties in Development
Test WaitForEach8\Concurrent.properties Passed. Threads count Success: <10> Error: <0> Not completed: <0> Throughput: <10> invocations in <350.86>s = <0.028501396568431852> invokes/s
]]></system-out>
  <system-err><![CDATA[]]></system-err>
</testsuite>
