<?xml version="1.0" encoding="UTF-8" ?>
<testsuite errors="0" failures="1" name="org.netbeans.modules.compapp.catd.ConfiguredTest" tests="1" time="40.388">
  <properties>
    <property name="netbeans.autoupdate.country" value="US"></property>
    <property name="org.netbeans.modules.compapp.jbiserver.alias.application-sub-assembly" value="This Service Unit"></property>
    <property name="com.sun.jbi.sa.internal.routing" value="true"></property>
    <property name="Env-TMP" value="C:\DOCUME~1\kbhumana\LOCALS~1\Temp"></property>
    <property name="javax.xml.parsers.SAXParserFactory" value="org.netbeans.core.startup.SAXFactoryImpl"></property>
    <property name="org.netbeans.modules.compapp.jbiserver.description.assembly-unit" value="Represents this Service Assembly"></property>
    <property name="env-os2libpath" value="C:\WINNT\system32\os2\dll;"></property>
    <property name="source.root" value="src"></property>
    <property name="org.openide.TopManager.GUI" value="true"></property>
    <property name="libs.junit.javadoc" value="@SRCROOT@/nb_all\nbbuild\netbeans\ide7\docs\junit-3.8.1-api.zip"></property>
    <property name="javadoc.windowtitle" value=""></property>
    <property name="libs.toplink.classpath" value="@SRCROOT@/nb_all\nbbuild\netbeans\enterprise3\modules\ext\toplink\toplink-essentials.jar;@SRCROOT@/nb_all\nbbuild\netbeans\enterprise3\modules\ext\toplink\toplink-essentials-agent.jar"></property>
    <property name="user.dir" value="@drivertest_dir@/recovery\hardCrash\hardcrashJBI"></property>
    <property name="java.vm.version" value="1.5.0_04-b05"></property>
    <property name="jbi.content.additional" value="@drivertest_dir@/recovery\hardCrash\hardCrashBPEL/build/SEDeployment.jar"></property>
    <property name="env-path" value="C:\office\recovery\Perl\bin\;C:\WINNT\system32;C:\WINNT;C:\WINNT\system32\WBEM;C:\Program Files\Common Filec Shared\System;C:\Program Files\Hummingbird\Connectivity\7.10\Accessories\;C:\Program Files\SeeBeyond_Download\TortoiseCVS;C:\Kiran\tools\ultraedit32\;C:\Program Files\ATlogies\ATI Control Panel;C:\Kiran\tools\junction;C:\Program Files\Subversion\bin;C:\Program Files\Executive Software\DiskeeperWorkstation\;C:\adabas\bin;C:\adabas\pgm;C:\Sun\jstudio_enttpr1\AppServ8.1\bin;C:\1RAA\Sun\AppServer\bin"></property>
    <property name="Env-CVSROOT_OLD" value=":pserver:kbhumana@cvsserver:/cvs/Hawaii"></property>
    <property name="libs.jaxb20.classpath" value="@SRCROOT@/nb_all\nbbuild\netbeans\ide7\modules\ext\jaxws20\activation.jar;@SRCROOT@/nb_all\nbbuild\netbeans\ide7\modules\ext\jaxws20\jaxb-api.jar;@SRCROOT@/nb_all\nbbuild\netbeans\ide7\modules\ext\jaxws20\jaxb-impl.jar;@SRCROOT@/nb_all\nbbuild\netbeans\ide7\modules\ext\jaxws20\jaxb-xjc.jar;@SRCROOT@/nb_all\nbbuild\netbeans\ide7\modules\ext\jaxws20\jsr173_api.jar"></property>
    <property name="libs.jstl11.src" value=""></property>
    <property name="javadoc.notree" value="false"></property>
    <property name="netbeans.autoupdate.version" value="1.19"></property>
    <property name="libs.jaxrpc16.src" value=""></property>
    <property name="env-computername" value="KBHUMANA"></property>
    <property name="Env-Os2LibPath" value="C:\WINNT\system32\os2\dll;"></property>
    <property name="jdk.home" value="@alaska_root@/build-tools/jdk1.5.0_04"></property>
    <property name="env-dbroot" value="C:\adabas\"></property>
    <property name="wsclientuptodate.classpath" value="@SRCROOT@/nb_all\nbbuild\netbeans\enterprise3\ant\extra\wsclientuptodate.jar"></property>
    <property name="javadoc.noindex" value="false"></property>
    <property name="Env-HOME" value="c:\kiran\home"></property>
    <property name="sun.os.patch.level" value="Service Pack 4"></property>
    <property name="java.vm.specification.name" value="Java Virtual Machine Specification"></property>
    <property name="com.sun.appserver.instance.password" value="adminadmin"></property>
    <property name="netbeans.autoupdate.variant" value=""></property>
    <property name="have.tests" value="true"></property>
    <property name="env-os" value="Windows_NT"></property>
    <property name="org.xml.sax.driver" value="com.sun.org.apache.xerces.internal.parsers.SAXParser"></property>
    <property name="j2ee.server.instance" value="[@SRCROOT@/Sun\Appserver]deployer:Sun:AppServer::localhost:4848"></property>
    <property name="os.name" value="Windows 2000"></property>
    <property name="env-processor_revision" value="0d06"></property>
    <property name="libs.jaxrpc16.classpath" value="@SRCROOT@/nb_all\nbbuild\netbeans\ide7\modules\ext\jaxrpc16\activation.jar;@SRCROOT@/nb_all\nbbuild\netbeans\ide7\modules\ext\jaxrpc16\FastInfoset.jar;@SRCROOT@/nb_all\nbbuild\netbeans\ide7\modules\ext\jaxrpc16\jax-qname.jar;@SRCROOT@/nb_all\nbbuild\netbeans\ide7\modules\ext\jaxrpc16\jaxp-api.jar;@SRCROOT@/nb_all\nbbuild\netbeans\ide7\modules\ext\jaxrpc16\jaxrpc-api.jar;@SRCROOT@/nb_all\nbbuild\netbeans\ide7\modules\ext\jaxrpc16\jaxrpc-impl.jar;@SRCROOT@/nb_all\nbbuild\netbeans\ide7\modules\ext\jaxrpc16\jaxrpc-spi.jar;@SRCROOT@/nb_all\nbbuild\netbeans\ide7\modules\ext\jaxrpc16\jsr173_api.jar;@SRCROOT@/nb_all\nbbuild\netbeans\ide7\modules\ext\jaxrpc16\mail.jar;@SRCROOT@/nb_all\nbbuild\netbeans\ide7\modules\ext\jaxrpc16\relaxngDatatype.jar;@SRCROOT@/nb_all\nbbuild\netbeans\ide7\modules\ext\jaxrpc16\saaj-api.jar;@SRCROOT@/nb_all\nbbuild\netbeans\ide7\modules\ext\jaxrpc16\saaj-impl.jar;@SRCROOT@/nb_all\nbbuild\netbeans\ide7\modules\ext\jaxrpc16\xsdlib.jar"></property>
    <property name="ant.file.hardcrashJBI-jbi-impl" value="@drivertest_dir@/recovery\hardCrash\hardcrashJBI\nbproject\build-impl.xml"></property>
    <property name="Env-USERDNSDOMAIN" value="stc.com"></property>
    <property name="java.vendor.url.bug" value="http://java.sun.com/cgi-bin/bugreport.cgi"></property>
    <property name="os.arch" value="x86"></property>
    <property name="user.name" value="kBhumana"></property>
    <property name="build.classes.dir" value="build/jar"></property>
    <property name="netbeans.accept_license_class" value="org.netbeans.license.AcceptLicense"></property>
    <property name="Env-DiskeeperIcon" value="C:\Program Files\Executive Software\DiskeeperWorkstation\"></property>
    <property name="Env-APR_ICONV_PATH" value="C:\Program Files\Subversion\iconv"></property>
    <property name="Env-Path" value="C:\office\recovery\Perl\bin\;C:\WINNT\system32;C:\WINNT;C:\WINNT\system32\WBEM;C:\Program Files\Common Filec Shared\System;C:\Program Files\Hummingbird\Connectivity\7.10\Accessories\;C:\Program Files\SeeBeyond_Download\TortoiseCVS;C:\Kiran\tools\ultraedit32\;C:\Program Files\ATlogies\ATI Control Panel;C:\Kiran\tools\junction;C:\Program Files\Subversion\bin;C:\Program Files\Executive Software\DiskeeperWorkstation\;C:\adabas\bin;C:\adabas\pgm;C:\Sun\jstudio_enttpr1\AppServ8.1\bin;C:\1RAA\Sun\AppServer\bin"></property>
    <property name="env-systemroot" value="C:\WINNT"></property>
    <property name="javax.xml.parsers.DocumentBuilderFactory" value="org.netbeans.core.startup.DOMFactoryImpl"></property>
    <property name="user.country" value="US"></property>
    <property name="libs.jstl11.javadoc" value="@SRCROOT@/nb_all\nbbuild\netbeans\enterprise3\docs\jstl-1.1.2-javadoc.zip"></property>
    <property name="Env-ComSpec" value="C:\WINNT\system32\@shell_cmd@"></property>
    <property name="javadoc.encoding" value=""></property>
    <property name="libs.JAVADB_DRIVER_LABEL.src" value=""></property>
    <property name="meta.inf" value="src/conf"></property>
    <property name="netbeans.home" value="@SRCROOT@/nb_all\nbbuild\netbeans\platform6"></property>
    <property name="build.compiler.emacs" value="true"></property>
    <property name="Env-PROCESSOR_ARCHITECTURE" value="x86"></property>
    <property name="java.endorsed.dirs" value="@alaska_root@/build-tools\jdk1.5.0_04\jre\lib\endorsed"></property>
    <property name="netbeans.dynamic.classpath" value="@SRCROOT@/nb_all\nbbuild\netbeans\platform6\core\core.jar;@SRCROOT@/nb_all\nbbuild\netbeans\platform6\core\org-openide-filesystems.jar;@SRCROOT@/nb_all\nbbuild\netbeans\nb5.5\core\org-netbeans-upgrader.jar;@SRCROOT@/nb_all\nbbuild\netbeans\nb5.5\core\locale\core_nb.jar;@SRCROOT@/nb_all\nbbuild\netbeans\ide7\core\org-netbeans-modules-utilities-cli.jar"></property>
    <property name="Env-HOMEDRIVE" value="C:"></property>
    <property name="java.vm.specification.version" value="1.0"></property>
    <property name="netbeans.autoupdate.language" value="en"></property>
    <property name="Env-USERPROFILE" value="C:\Documents and Settings\kbhumana"></property>
    <property name="java.vendor" value="Sun Microsystems Inc."></property>
    <property name="env-userdnsdomain" value="stc.com"></property>
    <property name="env-processor_identifier" value="x86 Family 6 Model 13 Stepping 6, GenuineIntel"></property>
    <property name="env-logonserver" value="\\KBHUMANA"></property>
    <property name="javac.debug" value="true"></property>
    <property name="javadoc.splitindex" value="true"></property>
    <property name="file.separator" value="\"></property>
    <property name="org.netbeans.modules.compapp.jbiserver.alias.assembly-unit" value="This Service Assembly"></property>
    <property name="env-tvdumpflags" value="8"></property>
    <property name="netbeans.buildnumber" value="200606070200, Pack 2006.06.07"></property>
    <property name="user.variant" value=""></property>
    <property name="libs.junit.classpath" value="@SRCROOT@/nb_all\nbbuild\netbeans\ide7\modules\ext\junit-3.8.1.jar"></property>
    <property name="libs.struts.classpath" value="@SRCROOT@/nb_all\nbbuild\netbeans\enterprise3\modules\ext\struts\antlr.jar;@SRCROOT@/nb_all\nbbuild\netbeans\enterprise3\modules\ext\struts\commons-beanutils.jar;@SRCROOT@/nb_all\nbbuild\netbeans\enterprise3\modules\ext\struts\commons-digester.jar;@SRCROOT@/nb_all\nbbuild\netbeans\enterprise3\modules\ext\struts\commons-fileupload.jar;@SRCROOT@/nb_all\nbbuild\netbeans\enterprise3\modules\ext\struts\commons-logging.jar;@SRCROOT@/nb_all\nbbuild\netbeans\enterprise3\modules\ext\struts\commons-validator.jar;@SRCROOT@/nb_all\nbbuild\netbeans\enterprise3\modules\ext\struts\jakarta-oro.jar;@SRCROOT@/nb_all\nbbuild\netbeans\enterprise3\modules\ext\struts\struts.jar"></property>
    <property name="ant.home" value="@SRCROOT@/nb_all\nbbuild\netbeans\ide7\ant"></property>
    <property name="Env-USERDOMAIN" value="STC"></property>
    <property name="ant.java.version" value="1.5"></property>
    <property name="java.library.path" value="@alaska_root@/build-tools\jdk1.5.0_04\jre\bin;.;C:\WINNT\system32;C:\WINNT;C:\office\recovery\Perl\bin\;C:\WINNT\system32;C:\WINNT;C:\WINNT\system32\WBEM;C:\Program Files\Common Filec Shared\System;C:\Program Files\Hummingbird\Connectivity\7.10\Accessories\;C:\Program Files\SeeBeyond_Download\TortoiseCVS;C:\Kiran\tools\ultraedit32\;C:\Program Files\ATlogies\ATI Control Panel;C:\Kiran\tools\junction;C:\Program Files\Subversion\bin;C:\Program Files\Executive Software\DiskeeperWorkstation\;C:\adabas\bin;C:\adabas\pgm;C:\Sun\jstudio_enttpr1\AppServ8.1\bin;C:\1RAA\Sun\AppServer\bin"></property>
    <property name="javadoc.author" value="false"></property>
    <property name="https.proxyPort" value=""></property>
    <property name="libs.jaxws20.src" value=""></property>
    <property name="libs.jaxrpc16.javadoc" value=""></property>
    <property name="sun.arch.data.model" value="32"></property>
    <property name="basedir" value="@drivertest_dir@/recovery\hardCrash\hardcrashJBI"></property>
    <property name="jar.compress" value="false"></property>
    <property name="libs.jstl11.classpath" value="@SRCROOT@/nb_all\nbbuild\netbeans\enterprise3\modules\ext\standard.jar;@SRCROOT@/nb_all\nbbuild\netbeans\enterprise3\modules\ext\jstl.jar"></property>
    <property name="path.separator" value=";"></property>
    <property name="sun.io.unicode.encoding" value="UnicodeLittle"></property>
    <property name="env-dbconfig" value="C:\adabas\sql"></property>
    <property name="libs.struts.src" value=""></property>
    <property name="Env-APPDATA" value="C:\Documents and Settings\kbhumana\Application Data"></property>
    <property name="user.language" value="en"></property>
    <property name="Env-windir" value="C:\WINNT"></property>
    <property name="ant.file." value="@drivertest_dir@/recovery\hardCrash\hardcrashJBI\build.xml"></property>
    <property name="env-programfiles" value="C:\Program Files"></property>
    <property name="libs.swing-layout.javadoc" value="@SRCROOT@/nb_all\nbbuild\netbeans\platform6\docs\swing-layout-1.0-doc.zip"></property>
    <property name="Env-PATHEXT" value=".COM;.EXE;.BAT;.CMD;.VBS;.VBE;.JS;.JSE;.WSF;.WSH"></property>
    <property name="env-number_of_processors" value="1"></property>
    <property name="Env-STC_ROOT" value="C:\Hawaii"></property>
    <property name="https.nonProxyHosts" value="localhost|127.0.0.1|KBHUMANA|KBHUMANA.stc.com"></property>
    <property name="java.class.version" value="49.0"></property>
    <property name="Env-JAVA_HOME_UNUSED" value="C:\Hawaii\build-tools\j2sdk1.4.1_01"></property>
    <property name="libs.JAVADB_DRIVER_LABEL.classpath" value="@SRCROOT@/Sun\AppServer\javadb\lib\derby.jar;@SRCROOT@/Sun\AppServer\javadb\lib\derbyclient.jar;@SRCROOT@/Sun\AppServer\javadb\lib\derbynet.jar"></property>
    <property name="reference.hardCrashBPEL.dist_se" value="@drivertest_dir@/recovery\hardCrash\hardcrashJBI/build/SEDeployment.jar"></property>
    <property name="netbeans.system_http_proxy" value="DIRECT"></property>
    <property name="user.properties.file" value="C:\Documents and Settings\kbhumana\.netbeans\5.5dev\build.properties"></property>
    <property name="env-stc_home" value="c:\stc"></property>
    <property name="file.encoding.pkg" value="sun.io"></property>
    <property name="sun.cpu.endian" value="little"></property>
    <property name="Env-JAVAHOME_UNUSED" value="C:\Hawaii\build-tools\j2sdk1.4.1_01"></property>
    <property name="env-username" value="kBhumana"></property>
    <property name="env-homepath" value="\Documents and Settings\kbhumana"></property>
    <property name="javadoc.preview" value="true"></property>
    <property name="org.netbeans.modules.compapp.jbiserver.deployment.conf.file" value="default.xml"></property>
    <property name="nbplatform.default.harness.dir" value="@SRCROOT@/nb_all\nbbuild\netbeans/harness"></property>
    <property name="java.home" value="@alaska_root@/build-tools\jdk1.5.0_04\jre"></property>
    <property name="copyfiles.classpath" value="@SRCROOT@/nb_all\nbbuild\netbeans\enterprise3\ant\extra\copyfiles.jar"></property>
    <property name="netbeans.importclass" value="org.netbeans.upgrade.AutoUpgrade"></property>
    <property name="libs.jsf.javadoc" value="@SRCROOT@/nb_all\nbbuild\netbeans\enterprise3\docs\jsf-1.1.01-javadoc.zip"></property>
    <property name="org.netbeans.modules.compapp.projects.jbi.descriptor.uuid.assembly-unit" value="29000000-942977D60B0100-0A01AD0D-01"></property>
    <property name="org.openide.TopManager" value="org.netbeans.core.NonGui"></property>
    <property name="env-commonprogramfiles" value="C:\Program Files\Common Files"></property>
    <property name="env-processor_level" value="6"></property>
    <property name="Env-TZ" value="PST8PDT"></property>
    <property name="http.nonProxyHosts" value="localhost|127.0.0.1|KBHUMANA|KBHUMANA.stc.com"></property>
    <property name="Env-PROCESSOR_IDENTIFIER" value="x86 Family 6 Model 13 Stepping 6, GenuineIntel"></property>
    <property name="libs.toplink.src" value=""></property>
    <property name="test.results.dir" value="@drivertest_dir@/recovery\hardCrash\hardcrashJBI/test/results"></property>
    <property name="jar.name" value="hardcrashJBI.jar"></property>
    <property name="libs.jaxb20.src" value=""></property>
    <property name="Env-SystemRoot" value="C:\WINNT"></property>
    <property name="http.proxyHost" value=""></property>
    <property name="Env-TEMP" value="C:\DOCUME~1\kbhumana\LOCALS~1\Temp"></property>
    <property name="sun.management.compiler" value="HotSpot Client Compiler"></property>
    <property name="javac.deprecation" value="false"></property>
    <property name="javadoc.use" value="true"></property>
    <property name="libs.jsf.src" value=""></property>
    <property name="env-home" value="c:\kiran\home"></property>
    <property name="env-netbeans_home" value="C:\ed\edesigner\usrdir"></property>
    <property name="ant.file" value="@drivertest_dir@/recovery\hardCrash\hardcrashJBI\build.xml"></property>
    <property name="env-tmp" value="C:\DOCUME~1\kbhumana\LOCALS~1\Temp"></property>
    <property name="Env-SystemDrive" value="C:"></property>
    <property name="sun.awt.exception.handler" value="org.netbeans.core.NbErrorManager$AWTHandler"></property>
    <property name="env-apr_iconv_path" value="C:\Program Files\Subversion\iconv"></property>
    <property name="Env-CommonProgramFiles" value="C:\Program Files\Common Files"></property>
    <property name="java.vm.specification.vendor" value="Sun Microsystems Inc."></property>
    <property name="libs.swing-layout.src" value=""></property>
    <property name="org.openide.major.version" value="IDE/1"></property>
    <property name="java.vm.name" value="Java HotSpot(TM) Client VM"></property>
    <property name="netbeans.user" value="C:\Documents and Settings\kbhumana\.netbeans\5.5dev"></property>
    <property name="java.io.tmpdir" value="C:\DOCUME~1\kbhumana\LOCALS~1\Temp\"></property>
    <property name="java.vendor.url" value="http://java.sun.com/"></property>
    <property name="Env-tvdumpflags" value="8"></property>
    <property name="env-=::" value="::\"></property>
    <property name="jspc.classpath" value="@SRCROOT@/nb_all\nbbuild\netbeans\ide7\ant\lib\ant.jar:${j2ee.platform.classpath}:@SRCROOT@/nb_all\nbbuild\netbeans\enterprise3\modules\ext\glassfish-jspparser.jar:@SRCROOT@/nb_all\nbbuild\netbeans\ide7\modules\ext\commons-logging-1.0.4.jar:@SRCROOT@/nb_all\nbbuild\netbeans\enterprise3\modules\ext\servlet2.5-jsp2.1-api.jar"></property>
    <property name="env-appdata" value="C:\Documents and Settings\kbhumana\Application Data"></property>
    <property name="Env-ProgramFiles" value="C:\Program Files"></property>
    <property name="env-windir" value="C:\WINNT"></property>
    <property name="sun.boot.library.path" value="@alaska_root@/build-tools\jdk1.5.0_04\jre\bin"></property>
    <property name="debug.classpath" value="${javac.classpath}:build/jar"></property>
    <property name="javadoc.private" value="false"></property>
    <property name="env-pathext" value=".COM;.EXE;.BAT;.CMD;.VBS;.VBE;.JS;.JSE;.WSF;.WSH"></property>
    <property name="Env-ALLUSERSPROFILE" value="C:\Documents and Settings\All Users"></property>
    <property name="dist.jar" value="dist/hardcrashJBI.zip"></property>
    <property name="Env-LOGONSERVER" value="\\KBHUMANA"></property>
    <property name="java.runtime.name" value="Java(TM) 2 Runtime Environment, Standard Edition"></property>
    <property name="env-comspec" value="C:\WINNT\system32\@shell_cmd@"></property>
    <property name="Env-DBWORK" value="C:\adabas\sql"></property>
    <property name="Env-=::" value="::\"></property>
    <property name="ant.project.name" value=""></property>
    <property name="netbeans.hash.code" value="unique=1389300419"></property>
    <property name="Env-CVSROOT" value="pserver:kbhumana@cvsserver.stc.com:2401:/cvs/Alaska"></property>
    <property name="sun.cpu.isalist" value="pentium_pro+mmx pentium_pro pentium+mmx pentium i486 i386 i86"></property>
    <property name="libs.CopyLibs.javadoc" value=""></property>
    <property name="org.openide.specification.version" value="6.2"></property>
    <property name="user.home" value="C:\Documents and Settings\kbhumana"></property>
    <property name="com.sun.jbi.routing" value="true"></property>
    <property name="libs.jaxws20.classpath" value="@SRCROOT@/nb_all\nbbuild\netbeans\ide7\modules\ext\jaxws20\activation.jar;@SRCROOT@/nb_all\nbbuild\netbeans\ide7\modules\ext\jaxws20\FastInfoset.jar;@SRCROOT@/nb_all\nbbuild\netbeans\ide7\modules\ext\jaxws20\http.jar;@SRCROOT@/nb_all\nbbuild\netbeans\ide7\modules\ext\jaxws20\jaxb-api.jar;@SRCROOT@/nb_all\nbbuild\netbeans\ide7\modules\ext\jaxws20\jaxb-impl.jar;@SRCROOT@/nb_all\nbbuild\netbeans\ide7\modules\ext\jaxws20\jaxb-xjc.jar;@SRCROOT@/nb_all\nbbuild\netbeans\ide7\modules\ext\jaxws20\jaxws-api.jar;@SRCROOT@/nb_all\nbbuild\netbeans\ide7\modules\ext\jaxws20\jaxws-rt.jar;@SRCROOT@/nb_all\nbbuild\netbeans\ide7\modules\ext\jaxws20\jaxws-tools.jar;@SRCROOT@/nb_all\nbbuild\netbeans\ide7\modules\ext\jaxws20\jsr173_api.jar;@SRCROOT@/nb_all\nbbuild\netbeans\ide7\modules\ext\jaxws20\jsr181-api.jar;@SRCROOT@/nb_all\nbbuild\netbeans\ide7\modules\ext\jaxws20\jsr250-api.jar;@SRCROOT@/nb_all\nbbuild\netbeans\ide7\modules\ext\jaxws20\saaj-api.jar;@SRCROOT@/nb_all\nbbuild\netbeans\ide7\modules\ext\jaxws20\saaj-impl.jar;@SRCROOT@/nb_all\nbbuild\netbeans\ide7\modules\ext\jaxws20\sjsxp.jar"></property>
    <property name="netbeans.osenv" value="C:\DOCUME~1\kbhumana\LOCALS~1\Temp\nbenv100"></property>
    <property name="libs.absolutelayout.javadoc" value=""></property>
    <property name="java.specification.name" value="Java Platform API Specification"></property>
    <property name="libs.jsf.classpath" value="@SRCROOT@/nb_all\nbbuild\netbeans\enterprise3\modules\ext\jsf\commons-beanutils.jar;@SRCROOT@/nb_all\nbbuild\netbeans\enterprise3\modules\ext\jsf\commons-collections.jar;@SRCROOT@/nb_all\nbbuild\netbeans\enterprise3\modules\ext\jsf\commons-digester.jar;@SRCROOT@/nb_all\nbbuild\netbeans\enterprise3\modules\ext\jsf\commons-logging.jar;@SRCROOT@/nb_all\nbbuild\netbeans\enterprise3\modules\ext\jsf\jsf-api.jar;@SRCROOT@/nb_all\nbbuild\netbeans\enterprise3\modules\ext\jsf\jsf-impl.jar"></property>
    <property name="java.specification.vendor" value="Sun Microsystems Inc."></property>
    <property name="Env-OS" value="Windows_NT"></property>
    <property name="java.version" value="1.5.0_04"></property>
    <property name="org.netbeans.modules.compapp.jbiserver.deployment.conf.root" value="nbproject/deployment"></property>
    <property name="javadoc.version" value="false"></property>
    <property name="org.openide.version" value="deprecated"></property>
    <property name="Env-PROCESSOR_LEVEL" value="6"></property>
    <property name="env-javahome_unused" value="C:\Hawaii\build-tools\j2sdk1.4.1_01"></property>
    <property name="project.hardCrashBPEL" value="@drivertest_dir@/recovery\hardCrash\hardCrashBPEL"></property>
    <property name="com.sun.appserver.instance.userName" value="admin"></property>
    <property name="netbeans.home+have.tests" value="true"></property>
    <property name="test.dir" value="test"></property>
    <property name="org.netbeans.modules.compapp.projects.jbi.descriptor.uuid.9" value="32000000-661E28D80B0100-C6A80102-01"></property>
    <property name="Env-DBCONFIG" value="C:\adabas\sql"></property>
    <property name="org.netbeans.modules.compapp.projects.jbi.descriptor.uuid.8" value="31000000-661E28D80B0100-C6A80102-01"></property>
    <property name="org.netbeans.modules.compapp.projects.jbi.descriptor.uuid.7" value="30000000-661E28D80B0100-C6A80102-01"></property>
    <property name="org.netbeans.modules.compapp.projects.jbi.descriptor.uuid.6" value="2F000000-661E28D80B0100-C6A80102-01"></property>
    <property name="org.netbeans.modules.compapp.projects.jbi.descriptor.uuid.5" value="2E000000-661E28D80B0100-C6A80102-01"></property>
    <property name="org.netbeans.modules.compapp.projects.jbi.descriptor.uuid.4" value="2D000000-661E28D80B0100-C6A80102-01"></property>
    <property name="org.netbeans.modules.compapp.projects.jbi.descriptor.uuid.3" value="2C000000-661E28D80B0100-C6A80102-01"></property>
    <property name="org.netbeans.modules.compapp.projects.jbi.descriptor.uuid.2" value="2B000000-661E28D80B0100-C6A80102-01"></property>
    <property name="org.netbeans.modules.compapp.projects.jbi.descriptor.uuid.1" value="2A000000-661E28D80B0100-C6A80102-01"></property>
    <property name="org.netbeans.modules.compapp.projects.jbi.descriptor.uuid.0" value="29000000-661E28D80B0100-C6A80102-01"></property>
    <property name="dist.javadoc.dir" value="dist/javadoc"></property>
    <property name="libs.swing-layout.classpath" value="@SRCROOT@/nb_all\nbbuild\netbeans\platform6\modules\ext\swing-layout-1.0.jar"></property>
    <property name="module.install.dir" value="@SRCROOT@/nb_all\nbbuild\netbeans\soa1\modules"></property>
    <property name="build.generated.dir" value="build/generated"></property>
    <property name="javac.source" value="1.4"></property>
    <property name="org.netbeans.modules.compapp.jbiserver.component.conf.file" value="ComponentInformation.xml"></property>
    <property name="line.separator" value="
"></property>
    <property name="java.specification.version" value="1.5"></property>
    <property name="libs.jaxws20.javadoc" value=""></property>
    <property name="java.vm.info" value="mixed mode"></property>
    <property name="env-diskeepericon" value="C:\Program Files\Executive Software\DiskeeperWorkstation\"></property>
    <property name="netbeans.logger.console" value="true"></property>
    <property name="org.netbeans.modules.compapp.jbiserver.description.application-sub-assembly" value="Represents this Service Unit"></property>
    <property name="env-dbwork" value="C:\adabas\sql"></property>
    <property name="sun.boot.class.path" value="@alaska_root@/build-tools\jdk1.5.0_04\jre\lib\rt.jar;@alaska_root@/build-tools\jdk1.5.0_04\jre\lib\i18n.jar;@alaska_root@/build-tools\jdk1.5.0_04\jre\lib\sunrsasign.jar;@alaska_root@/build-tools\jdk1.5.0_04\jre\lib\jsse.jar;@alaska_root@/build-tools\jdk1.5.0_04\jre\lib\jce.jar;@alaska_root@/build-tools\jdk1.5.0_04\jre\lib\charsets.jar;@alaska_root@/build-tools\jdk1.5.0_04\jre\classes"></property>
    <property name="javac.target" value="1.4"></property>
    <property name="netbeans.osenv.nullsep" value="true"></property>
    <property name="src.dir" value="src/jbiasa"></property>
    <property name="com.sun.appserver.instance.hostName" value="localhost"></property>
    <property name="sun.awt.keepWorkingSetOnMinimize" value="true"></property>
    <property name="j2ee.platform" value="1.4"></property>
    <property name="nbplatform.default.netbeans.dest.dir" value="@SRCROOT@/nb_all\nbbuild\netbeans"></property>
    <property name="env-systemdrive" value="C:"></property>
    <property name="libs.struts.javadoc" value="@SRCROOT@/nb_all\nbbuild\netbeans\enterprise3\docs\struts-javadoc.zip"></property>
    <property name="pack.build.number" value="2006.06.07"></property>
    <property name="dist.dir" value="dist"></property>
    <property name="http.proxyPort" value=""></property>
    <property name="Env-USERNAME" value="kBhumana"></property>
    <property name="java.awt.printerjob" value="sun.awt.windows.WPrinterJob"></property>
    <property name="Env-HOMEPATH" value="\Documents and Settings\kbhumana"></property>
    <property name="default.javac.source" value="1.5"></property>
    <property name="env-homedrive" value="C:"></property>
    <property name="sun.jnu.encoding" value="Cp1252"></property>
    <property name="env-userdomain" value="STC"></property>
    <property name="Env-COMPUTERNAME" value="KBHUMANA"></property>
    <property name="java.runtime.version" value="1.5.0_04-b05"></property>
    <property name="env-allusersprofile" value="C:\Documents and Settings\All Users"></property>
    <property name="default.javac.target" value="1.5"></property>
    <property name="user.timezone" value=""></property>
    <property name="Env-PROCESSOR_REVISION" value="0d06"></property>
    <property name="libs.JAVADB_DRIVER_LABEL.javadoc" value=""></property>
    <property name="netbeans.dirs" value="@SRCROOT@/nb_all\nbbuild\netbeans\nb5.5;@SRCROOT@/nb_all\nbbuild\netbeans\ide7;@SRCROOT@/nb_all\nbbuild\netbeans\enterprise3;@SRCROOT@/nb_all\nbbuild\netbeans\harness;@SRCROOT@/nb_all\nbbuild\netbeans\soa1;@SRCROOT@/nb_all\nbbuild\netbeans\xmltools1;@SRCROOT@/nb_all/nbbuild/netbeans/BusinessIntegration"></property>
    <property name="com.sun.appserver.instance.administrationPort" value="4848"></property>
    <property name="java.ext.dirs" value="@alaska_root@/build-tools\jdk1.5.0_04\jre\lib\ext"></property>
    <property name="env-cvsroot" value="pserver:kbhumana@cvsserver.stc.com:2401:/cvs/Alaska"></property>
    <property name="Env-STC_HOME" value="c:\stc"></property>
    <property name="libs.absolutelayout.classpath" value="@SRCROOT@/nb_all\nbbuild\netbeans\ide7\modules\ext\AbsoluteLayout.jar"></property>
    <property name="env-stc_root" value="C:\Hawaii"></property>
    <property name="env-tz" value="PST8PDT"></property>
    <property name="java.class.path" value="@SRCROOT@/nb_all\nbbuild\netbeans\soa1\modules\ext\jbi\catd.jar;@SRCROOT@/nb_all\nbbuild\netbeans\soa1\modules\ext\jbi\xmlunit1.0.jar;@SRCROOT@/nb_all\nbbuild\netbeans\ide7\modules\ext\junit-3.8.1.jar;@SRCROOT@/nb_all\nbbuild\netbeans\ide7\modules\ext\jaxrpc16\FastInfoset.jar;@SRCROOT@/nb_all\nbbuild\netbeans\ide7\modules\ext\jaxrpc16\saaj-api.jar;@SRCROOT@/nb_all\nbbuild\netbeans\ide7\modules\ext\jaxrpc16\saaj-impl.jar;@SRCROOT@/nb_all\nbbuild\netbeans\ide7\ant\lib\ant-launcher.jar;@SRCROOT@/nb_all\nbbuild\netbeans\ide7\ant\lib\ant.jar;@SRCROOT@/nb_all\nbbuild\netbeans\ide7\ant\lib\ant-junit.jar"></property>
    <property name="jbi.content.component" value="com.sun.bpelse-1.0-2"></property>
    <property name="apple.laf.useScreenMenuBar" value="true"></property>
    <property name="Env-NETBEANS_HOME" value="C:\ed\edesigner\usrdir"></property>
    <property name="env-userprofile" value="C:\Documents and Settings\kbhumana"></property>
    <property name="libs.absolutelayout.src" value=""></property>
    <property name="j2ee.server.type" value="J2EE"></property>
    <property name="os.version" value="5.0"></property>
    <property name="libs.toplink.javadoc" value=""></property>
    <property name="env-cvsroot_old" value=":pserver:kbhumana@cvsserver:/cvs/Hawaii"></property>
    <property name="sun.desktop" value="windows"></property>
    <property name="libs.jaxb20.javadoc" value=""></property>
    <property name="java.awt.graphicsenv" value="sun.awt.Win32GraphicsEnvironment"></property>
    <property name="Env-DBROOT" value="C:\adabas\"></property>
    <property name="java.vm.vendor" value="Sun Microsystems Inc."></property>
    <property name="libs.CopyLibs.classpath" value="@SRCROOT@/nb_all\nbbuild\netbeans\ide7\ant\extra\org-netbeans-modules-java-j2seproject-copylibstask.jar"></property>
    <property name="env-processor_architecture" value="x86"></property>
    <property name="Env-NUMBER_OF_PROCESSORS" value="1"></property>
    <property name="env-temp" value="C:\DOCUME~1\kbhumana\LOCALS~1\Temp"></property>
    <property name="env-java_home_unused" value="C:\Hawaii\build-tools\j2sdk1.4.1_01"></property>
    <property name="libs.junit.src" value=""></property>
    <property name="build.dir" value="build"></property>
    <property name="libs.CopyLibs.src" value=""></property>
    <property name="ant.version" value="Apache Ant version 1.6.5 compiled on June 2 2005"></property>
    <property name="build.classes.excludes" value="**/*.java,**/*.form,**/.nbattrs"></property>
    <property name="file.encoding" value="Cp1252"></property>
    <property name="javadoc.nonavbar" value="false"></property>
    <property name="platform.active" value="default_platform"></property>
    <property name="https.proxyHost" value=""></property>
    <property name="awt.toolkit" value="sun.awt.windows.WToolkit"></property>
    <property name="org.netbeans.modules.compapp.jbiserver.component.conf.root" value="nbproject/private"></property>
  </properties>
  <testcase classname="org.netbeans.modules.compapp.catd.ConfiguredTest" name="hardcrash_2w" time="40.348">
    <failure message="Response is not identical to expected output. 
Write response to file: Actual_20060615080554.xml" type="junit.framework.AssertionFailedError">junit.framework.AssertionFailedError: Response is not identical to expected output. 
Write response to file: Actual_20060615080554.xml
	at org.netbeans.modules.compapp.catd.ConfiguredTest.checkExpectedOutput(ConfiguredTest.java:1157)
	at org.netbeans.modules.compapp.catd.ConfiguredTest.checkExpectedOutput(ConfiguredTest.java:1107)
	at org.netbeans.modules.compapp.catd.ConfiguredTest.testConcurrentSOAPRequest(ConfiguredTest.java:439)
</failure>
  </testcase>
  <system-out><![CDATA[{java.runtime.name=Java(TM) 2 Runtime Environment, Standard Edition, sun.boot.library.path=@alaska_root@/build-tools\jdk1.5.0_04\jre\bin, java.vm.version=1.5.0_04-b05, java.vm.vendor=Sun Microsystems Inc., java.vendor.url=http://java.sun.com/, path.separator=;, java.vm.name=Java HotSpot(TM) Client VM, file.encoding.pkg=sun.io, user.country=US, sun.os.patch.level=Service Pack 4, java.vm.specification.name=Java Virtual Machine Specification, user.dir=@drivertest_dir@/recovery\hardCrash\hardcrashJBI, java.runtime.version=1.5.0_04-b05, java.awt.graphicsenv=sun.awt.Win32GraphicsEnvironment, java.endorsed.dirs=@alaska_root@/build-tools\jdk1.5.0_04\jre\lib\endorsed, os.arch=x86, java.io.tmpdir=C:\DOCUME~1\kbhumana\LOCALS~1\Temp\, line.separator=
, java.vm.specification.vendor=Sun Microsystems Inc., user.variant=, os.name=Windows 2000, sun.jnu.encoding=Cp1252, java.library.path=@alaska_root@/build-tools\jdk1.5.0_04\jre\bin;.;C:\WINNT\system32;C:\WINNT;C:\office\recovery\Perl\bin\;C:\WINNT\system32;C:\WINNT;C:\WINNT\system32\WBEM;C:\Program Files\Common Filec Shared\System;C:\Program Files\Hummingbird\Connectivity\7.10\Accessories\;C:\Program Files\SeeBeyond_Download\TortoiseCVS;C:\Kiran\tools\ultraedit32\;C:\Program Files\ATlogies\ATI Control Panel;C:\Kiran\tools\junction;C:\Program Files\Subversion\bin;C:\Program Files\Executive Software\DiskeeperWorkstation\;C:\adabas\bin;C:\adabas\pgm;C:\Sun\jstudio_enttpr1\AppServ8.1\bin;C:\1RAA\Sun\AppServer\bin, java.specification.name=Java Platform API Specification, java.class.version=49.0, sun.management.compiler=HotSpot Client Compiler, os.version=5.0, user.home=C:\Documents and Settings\kbhumana, user.timezone=America/Los_Angeles, java.awt.printerjob=sun.awt.windows.WPrinterJob, file.encoding=Cp1252, java.specification.version=1.5, java.class.path=@SRCROOT@/nb_all\nbbuild\netbeans\soa1\modules\ext\jbi\catd.jar;@SRCROOT@/nb_all\nbbuild\netbeans\soa1\modules\ext\jbi\xmlunit1.0.jar;@SRCROOT@/nb_all\nbbuild\netbeans\ide7\modules\ext\junit-3.8.1.jar;@SRCROOT@/nb_all\nbbuild\netbeans\ide7\modules\ext\jaxrpc16\FastInfoset.jar;@SRCROOT@/nb_all\nbbuild\netbeans\ide7\modules\ext\jaxrpc16\saaj-api.jar;@SRCROOT@/nb_all\nbbuild\netbeans\ide7\modules\ext\jaxrpc16\saaj-impl.jar;@SRCROOT@/nb_all\nbbuild\netbeans\ide7\ant\lib\ant-launcher.jar;@SRCROOT@/nb_all\nbbuild\netbeans\ide7\ant\lib\ant.jar;@SRCROOT@/nb_all\nbbuild\netbeans\ide7\ant\lib\ant-junit.jar, user.name=kBhumana, java.vm.specification.version=1.0, java.home=@alaska_root@/build-tools\jdk1.5.0_04\jre, sun.arch.data.model=32, user.language=en, java.specification.vendor=Sun Microsystems Inc., awt.toolkit=sun.awt.windows.WToolkit, java.vm.info=mixed mode, java.version=1.5.0_04, java.ext.dirs=@alaska_root@/build-tools\jdk1.5.0_04\jre\lib\ext, sun.boot.class.path=@alaska_root@/build-tools\jdk1.5.0_04\jre\lib\rt.jar;@alaska_root@/build-tools\jdk1.5.0_04\jre\lib\i18n.jar;@alaska_root@/build-tools\jdk1.5.0_04\jre\lib\sunrsasign.jar;@alaska_root@/build-tools\jdk1.5.0_04\jre\lib\jsse.jar;@alaska_root@/build-tools\jdk1.5.0_04\jre\lib\jce.jar;@alaska_root@/build-tools\jdk1.5.0_04\jre\lib\charsets.jar;@alaska_root@/build-tools\jdk1.5.0_04\jre\classes, java.vendor=Sun Microsystems Inc., file.separator=\, java.vendor.url.bug=http://java.sun.com/cgi-bin/bugreport.cgi, sun.io.unicode.encoding=UnicodeLittle, sun.cpu.endian=little, sun.desktop=windows, sun.cpu.isalist=pentium_pro+mmx pentium_pro pentium+mmx pentium i486 i386 i86}
Test hardcrash_2w\Concurrent.properties Failed.
]]></system-out>
  <system-err><![CDATA[]]></system-err>
</testsuite>
