<?xml version="1.0" encoding="UTF-8" ?>
<testsuite errors="0" failures="0" hostname="Philip-VAIO" name="org.netbeans.modules.compapp.catd.ConfiguredTest" tests="1" time="2.042" timestamp="2009-02-11T21:54:59">
  <properties>
    <property name="default.javac.source" value="1.5" />
    <property name="project.FlowBpel" value="../FlowBpel" />
    <property name="file.encoding.pkg" value="sun.io" />
    <property name="libs.jdbcsupport-designtime.javadoc" value="" />
    <property name="libs.toplink.maven-pom" value="" />
    <property name="javac.source" value="1.4" />
    <property name="libs.exceptionhandler-runtime.maven-pom" value="" />
    <property name="netbeans.system_http_proxy" value="DIRECT" />
    <property name="java.home" value="C:\Java\jdk1.5.0_15\jre" />
    <property name="com.sun.jbi.sa.internal.routing" value="true" />
    <property name="libs.jaxws21.src" value="" />
    <property name="javadoc.version" value="false" />
    <property name="libs.CopyLibs.classpath" value="C:\soa-dev\nbbuild\netbeans\java2\ant\extra\org-netbeans-modules-java-j2seproject-copylibstask.jar" />
    <property name="libs.javac-api.src" value="" />
    <property name="libs.JAVADB_DRIVER_LABEL.classpath" value="C:\ojc-runtime\glassfish\javadb\lib\derby.jar;C:\ojc-runtime\glassfish\javadb\lib\derbyclient.jar;C:\ojc-runtime\glassfish\javadb\lib\derbynet.jar" />
    <property name="libs.restlib.src" value="" />
    <property name="java.endorsed.dirs" value="C:\Java\jdk1.5.0_15\jre\lib\endorsed" />
    <property name="libs.MySQLDriver.classpath" value="C:\soa-dev\nbbuild\netbeans\ide9\modules\ext\mysql-connector-java-5.1.5-bin.jar" />
    <property name="libs.junit.maven-pom" value="" />
    <property name="libs.jsf12.src" value="" />
    <property name="libs.PostgreSQLDriver.src" value="" />
    <property name="src.dir" value="src/jbiasa" />
    <property name="nbplatform.default.harness.dir" value="C:\soa-dev\nbbuild\netbeans/harness" />
    <property name="inDebug" value="${inDebug}" />
    <property name="source.root" value="src" />
    <property name="source.encoding" value="windows-1252" />
    <property name="libs.jaxws21.classpath" value="C:\soa-dev\nbbuild\netbeans\java2\modules\ext\jaxws21\activation.jar;C:\soa-dev\nbbuild\netbeans\java2\modules\ext\jaxws21\FastInfoset.jar;C:\soa-dev\nbbuild\netbeans\java2\modules\ext\jaxws21\http.jar;C:\soa-dev\nbbuild\netbeans\java2\modules\ext\jaxws21\api\jaxb-api.jar;C:\soa-dev\nbbuild\netbeans\java2\modules\ext\jaxws21\jaxb-impl.jar;C:\soa-dev\nbbuild\netbeans\java2\modules\ext\jaxws21\jaxb-xjc.jar;C:\soa-dev\nbbuild\netbeans\java2\modules\ext\jaxws21\api\jaxws-api.jar;C:\soa-dev\nbbuild\netbeans\java2\modules\ext\jaxws21\jaxws-rt.jar;C:\soa-dev\nbbuild\netbeans\java2\modules\ext\jaxws21\jaxws-tools.jar;C:\soa-dev\nbbuild\netbeans\java2\modules\ext\jaxws21\api\jsr173_api.jar;C:\soa-dev\nbbuild\netbeans\java2\modules\ext\jaxws21\api\jsr181-api.jar;C:\soa-dev\nbbuild\netbeans\java2\modules\ext\jaxws21\api\jsr250-api.jar;C:\soa-dev\nbbuild\netbeans\java2\modules\ext\jaxws21\api\saaj-api.jar;C:\soa-dev\nbbuild\netbeans\java2\modules\ext\jaxws21\saaj-impl.jar;C:\soa-dev\nbbuild\netbeans\java2\modules\ext\jaxws21\sjsxp.jar;C:\soa-dev\nbbuild\netbeans\java2\modules\ext\jaxws21\stax-ex.jar;C:\soa-dev\nbbuild\netbeans\java2\modules\ext\jaxws21\streambuffer.jar" />
    <property name="libs.swing-app-framework.javadoc" value="C:\soa-dev\nbbuild\netbeans\java2\docs\appframework-1.0.3-doc.zip" />
    <property name="libs.JAVADB_DRIVER_LABEL.src" value="" />
    <property name="sun.os.patch.level" value="Service Pack 1" />
    <property name="java.vendor.url" value="http://java.sun.com/" />
    <property name="libs.restapi.src" value="" />
    <property name="libs.exceptionhandler-runtime.javadoc" value="" />
    <property name="java.version" value="1.5.0_15" />
    <property name="libs.jaxb21.javadoc" value="" />
    <property name="libs.woodstock-theme-default.classpath" value="C:\soa-dev\nbbuild\netbeans\visualweb2\modules\ext\webui-jsf-suntheme.jar" />
    <property name="javac.debug" value="true" />
    <property name="org.openide.major.version" value="IDE/1" />
    <property name="libs.PostgreSQLDriver.maven-pom" value="" />
    <property name="java.vendor.url.bug" value="http://java.sun.com/cgi-bin/bugreport.cgi" />
    <property name="libs.jdbcsupport-designtime.maven-pom" value="" />
    <property name="jbi.service-assembly.description" value="Represents the Service Assembly of FlowJbi" />
    <property name="libs.absolutelayout.javadoc" value="" />
    <property name="libs.junit_4.maven-pom" value="" />
    <property name="netbeans.buildnumber" value="200810140114" />
    <property name="libs.swing-app-framework.maven-pom" value="" />
    <property name="user.name" value="pVarghese" />
    <property name="libs.webui.src" value="C:\soa-dev\nbbuild\netbeans\visualweb2\docs\webui-src.zip" />
    <property name="sun.io.unicode.encoding" value="UnicodeLittle" />
    <property name="libs.jstl11.maven-pom" value="" />
    <property name="sun.jnu.encoding" value="Cp1252" />
    <property name="java.runtime.name" value="Java(TM) 2 Runtime Environment, Standard Edition" />
    <property name="jdk.home" value="C:\Java\jdk1.5.0_15" />
    <property name="jspc.classpath" value="C:\soa-dev\nbbuild\netbeans\java2\ant\lib\ant.jar:C:\soa-dev\nbbuild\netbeans\enterprise5\modules\ext\servlet2.5-jsp2.1-api.jar:${j2ee.platform.classpath}:C:\soa-dev\nbbuild\netbeans\enterprise5\modules\ext\glassfish-jspparser-2.0.jar:C:\soa-dev\nbbuild\netbeans\enterprise5\modules\ext\glassfish-logging-2.0.jar:C:\soa-dev\nbbuild\netbeans\ide9\modules\ext\commons-logging-1.0.4.jar:C:\soa-dev\nbbuild\netbeans\java2\ant\lib\ant-launcher.jar" />
    <property name="sun.awt.keepWorkingSetOnMinimize" value="true" />
    <property name="org.openide.TopManager" value="org.netbeans.core.NonGui" />
    <property name="netbeans.dirs" value="C:\soa-dev\nbbuild\netbeans\nb6.1;C:\soa-dev\nbbuild\netbeans\ide9;C:\soa-dev\nbbuild\netbeans\java2;C:\soa-dev\nbbuild\netbeans\xml2;C:\soa-dev\nbbuild\netbeans\apisupport1;C:\soa-dev\nbbuild\netbeans\enterprise5;C:\soa-dev\nbbuild\netbeans\profiler3;C:\soa-dev\nbbuild\netbeans\gsf1;C:\soa-dev\nbbuild\netbeans\visualweb2;C:\soa-dev\nbbuild\netbeans\soa2;C:\soa-dev\nbbuild\netbeans\harness" />
    <property name="java.specification.name" value="Java Platform API Specification" />
    <property name="javadoc.author" value="false" />
    <property name="user.timezone" value="" />
    <property name="libs.jsfsupport-runtime.classpath" value="C:\soa-dev\nbbuild\netbeans\visualweb2\modules\ext\jsfcl.jar;C:\soa-dev\nbbuild\netbeans\visualweb2\modules\ext\appbase.jar;C:\soa-dev\nbbuild\netbeans\visualweb2\modules\ext\dataprovider.jar;C:\soa-dev\nbbuild\netbeans\visualweb2\modules\ext\sqlx.jar" />
    <property name="netbeans.system_http_non_proxy_hosts" value="" />
    <property name="libs.spring-framework.maven-pom" value="" />
    <property name="libs.swing-layout.maven-pom" value="" />
    <property name="libs.junit.javadoc" value="C:\soa-dev\nbbuild\netbeans\java2\docs\junit-3.8.2-api.zip" />
    <property name="org.openide.specification.version" value="6.2" />
    <property name="path.separator" value=";" />
    <property name="rave.build" value="thresher-fcs" />
    <property name="libs.absolutelayout.classpath" value="C:\soa-dev\nbbuild\netbeans\java2\modules\ext\AbsoluteLayout.jar" />
    <property name="libs.jsfsupport-designtime.src" value="C:\soa-dev\nbbuild\netbeans\visualweb2\docs\appbase-src.zip;C:\soa-dev\nbbuild\netbeans\visualweb2\docs\dataprovider-src.zip;C:\soa-dev\nbbuild\netbeans\visualweb2\docs\jsfcl-src.zip" />
    <property name="libs.woodstock-components.classpath" value="C:\soa-dev\nbbuild\netbeans\visualweb2\modules\ext\webui-jsf.jar;C:\soa-dev\nbbuild\netbeans\enterprise5\modules\ext\commons-fileupload-1.0.jar;C:\soa-dev\nbbuild\netbeans\visualweb2\modules\ext\json-2.jar;C:\soa-dev\nbbuild\netbeans\visualweb2\modules\ext\jsf-extensions-common-0.1.jar;C:\soa-dev\nbbuild\netbeans\visualweb2\modules\ext\jsf-extensions-dynamic-faces-0.1.jar" />
    <property name="libs.jsf12-support.javadoc" value="C:\soa-dev\nbbuild\netbeans\visualweb2\docs\appbase-doc.zip;C:\soa-dev\nbbuild\netbeans\visualweb2\docs\dataprovider-doc.zip;C:\soa-dev\nbbuild\netbeans\visualweb2\docs\jsfcl-doc.zip" />
    <property name="netbeans.accept_license_class" value="org.netbeans.license.AcceptLicense" />
    <property name="file.encoding" value="Cp1252" />
    <property name="dist.javadoc.dir" value="dist/javadoc" />
    <property name="libs.jsf12-support.src" value="C:\soa-dev\nbbuild\netbeans\visualweb2\docs\appbase-src.zip;C:\soa-dev\nbbuild\netbeans\visualweb2\docs\dataprovider-src.zip;C:\soa-dev\nbbuild\netbeans\visualweb2\docs\jsfcl-src.zip" />
    <property name="https.nonProxyHosts" value="localhost|127.0.0.1|Philip-VAIO" />
    <property name="libs.junit.src" value="" />
    <property name="libs.jaxb21.maven-pom" value="" />
    <property name="ant.file" value="C:\open-jbi-components\driver-tests\bpelse\flow\FlowJbi\build.xml" />
    <property name="libs.theme-default.classpath" value="C:\soa-dev\nbbuild\netbeans\visualweb2\modules\ext\defaulttheme.jar" />
    <property name="copyfiles.classpath" value="C:\soa-dev\nbbuild\netbeans\enterprise5\ant\extra\copyfiles.jar" />
    <property name="libs.junit_4.src" value="" />
    <property name="j2ee.server.instance" value="[C:\ojc-runtime\glassfish]deployer:Sun:AppServer::localhost:4848" />
    <property name="java.io.tmpdir" value="C:\Users\PVARGH~1\AppData\Local\Temp\" />
    <property name="user.language" value="en" />
    <property name="line.separator" value="
" />
    <property name="apple.laf.useScreenMenuBar" value="true" />
    <property name="libs.absolutelayout.src" value="" />
    <property name="xml.module.install.dir" value="C:\soa-dev\nbbuild\netbeans\xml2\modules" />
    <property name="lastJBIComponentInstallationDir" value="C:\open-jbi-components\ojc-core\bpelse\packaging\bld" />
    <property name="libs.webui.classpath" value="C:\soa-dev\nbbuild\netbeans\visualweb2\modules\ext\webui.jar;C:\soa-dev\nbbuild\netbeans\enterprise5\modules\ext\commons-fileupload-1.0.jar" />
    <property name="libs.woodstock-components.javadoc" value="C:\soa-dev\nbbuild\netbeans\visualweb2\docs\webui-jsf-doc.zip;C:\soa-dev\nbbuild\netbeans\visualweb2\docs\webui-jsf-tld.zip" />
    <property name="libs.jdbcsupport-runtime.src" value="" />
    <property name="libs.restapi.classpath" value="C:\soa-dev\nbbuild\netbeans\enterprise5\modules\ext\rest\jsr311-api.jar" />
    <property name="jar.compress" value="false" />
    <property name="jbi.service-unit.description" value="Represents this Service Unit" />
    <property name="libs.jdbcsupport-runtime.classpath" value="C:\soa-dev\nbbuild\netbeans\visualweb2\modules\ext\sqlx.jar" />
    <property name="java.vm.info" value="mixed mode" />
    <property name="libs.javac-api.maven-pom" value="" />
    <property name="libs.restlib.classpath" value="C:\soa-dev\nbbuild\netbeans\enterprise5\modules\ext\rest\jersey.jar;C:\soa-dev\nbbuild\netbeans\java2\modules\ext\jaxws21\activation.jar;C:\soa-dev\nbbuild\netbeans\java2\modules\ext\jaxws21\api\jsr250-api.jar;C:\soa-dev\nbbuild\netbeans\enterprise5\modules\ext\rest\http.jar;C:\soa-dev\nbbuild\netbeans\enterprise5\modules\ext\rest\wadl2java.jar;C:\soa-dev\nbbuild\netbeans\java2\modules\ext\jaxws21\api\jaxws-api.jar;C:\soa-dev\nbbuild\netbeans\java2\modules\ext\jaxws21\api\jaxb-api.jar;C:\soa-dev\nbbuild\netbeans\java2\modules\ext\jaxws21\jaxb-impl.jar;C:\soa-dev\nbbuild\netbeans\java2\modules\ext\jaxws21\jaxb-xjc.jar;C:\soa-dev\nbbuild\netbeans\java2\modules\ext\jaxws21\api\jsr173_api.jar;C:\soa-dev\nbbuild\netbeans\enterprise5\modules\ext\rest\rome-0.9.jar;C:\soa-dev\nbbuild\netbeans\enterprise5\modules\ext\rest\jdom-1.0.jar;C:\soa-dev\nbbuild\netbeans\enterprise5\modules\ext\rest\jettison-1.0-RC1.jar;C:\soa-dev\nbbuild\netbeans\enterprise5\modules\ext\rest\asm-3.1.jar;C:\soa-dev\nbbuild\netbeans\enterprise5\modules\ext\rest\grizzly-servlet-webserver-1.7.3.2.jar" />
    <property name="javadoc.private" value="false" />
    <property name="sun.desktop" value="windows" />
    <property name="java.vm.specification.name" value="Java Virtual Machine Specification" />
    <property name="libs.theme-default-green.classpath" value="C:\soa-dev\nbbuild\netbeans\visualweb2\modules\ext\defaulttheme-green.jar" />
    <property name="libs.MySQLDriver.javadoc" value="" />
    <property name="libs.spring-webmvc.classpath" value="C:\soa-dev\nbbuild\netbeans\enterprise5\modules\ext\spring\spring-webmvc-2.5.jar" />
    <property name="jbi.service-assembly.id" value="FlowJbi" />
    <property name="jbi.content.additional" value="../FlowBpel/build/SEDeployment.jar" />
    <property name="netbeans.dynamic.classpath" value="C:\soa-dev\nbbuild\netbeans\platform8\core\core.jar;C:\soa-dev\nbbuild\netbeans\platform8\core\org-openide-filesystems.jar;C:\soa-dev\nbbuild\netbeans\nb6.1\core\org-netbeans-upgrader.jar;C:\soa-dev\nbbuild\netbeans\nb6.1\core\locale\core_nb.jar" />
    <property name="libs.beans-binding.javadoc" value="C:\soa-dev\nbbuild\netbeans\java2\docs\beansbinding-1.2.1-doc.zip" />
    <property name="libs.jdbcsupport-designtime.src" value="" />
    <property name="java.module.install.dir" value="C:\soa-dev\nbbuild\netbeans\java2\modules" />
    <property name="platform.active" value="default_platform" />
    <property name="meta.inf" value="src/conf" />
    <property name="ant.file.FlowJbi-jbi-impl" value="C:\open-jbi-components\driver-tests\bpelse\flow\FlowJbi\nbproject\build-impl.xml" />
    <property name="http.nonProxyHosts" value="localhost|127.0.0.1|Philip-VAIO" />
    <property name="libs.junit_4.javadoc" value="" />
    <property name="libs.PojoSELib.classpath" value="C:\soa-dev\nbbuild\netbeans\soa2\modules\ext\jbi\openesb-pojo-engine-api.jar;C:\soa-dev\nbbuild\netbeans\soa2\modules\ext\jbi\jbi.jar" />
    <property name="libs.spring-framework.src" value="" />
    <property name="libs.theme-default-gray.runtime" value="C:\soa-dev\nbbuild\netbeans\visualweb2\modules\ext\defaulttheme-gray.jar" />
    <property name="test.results.dir" value="C:\open-jbi-components\driver-tests\bpelse\flow\FlowJbi/test/results" />
    <property name="libs.beans-binding.maven-pom" value="" />
    <property name="javadoc.encoding" value="" />
    <property name="java.awt.printerjob" value="sun.awt.windows.WPrinterJob" />
    <property name="ide.module.install.dir" value="C:\soa-dev\nbbuild\netbeans\ide9\modules" />
    <property name="jbi.content.component" value="sun-bpel-engine" />
    <property name="libs.jsf12-support.classpath" value="C:\soa-dev\nbbuild\netbeans\visualweb2\modules\ext\jsfcl.jar;C:\soa-dev\nbbuild\netbeans\visualweb2\modules\ext\appbase.jar;C:\soa-dev\nbbuild\netbeans\visualweb2\modules\ext\dataprovider.jar;C:\soa-dev\nbbuild\netbeans\visualweb2\modules\ext\sqlx.jar" />
    <property name="dist.jar" value="dist/FlowJbi.zip" />
    <property name="libs.struts.classpath" value="C:\soa-dev\nbbuild\netbeans\enterprise5\modules\ext\struts\antlr.jar;C:\soa-dev\nbbuild\netbeans\enterprise5\modules\ext\struts\commons-beanutils.jar;C:\soa-dev\nbbuild\netbeans\enterprise5\modules\ext\struts\commons-digester.jar;C:\soa-dev\nbbuild\netbeans\enterprise5\modules\ext\struts\commons-logging.jar;C:\soa-dev\nbbuild\netbeans\enterprise5\modules\ext\struts\commons-validator.jar;C:\soa-dev\nbbuild\netbeans\enterprise5\modules\ext\struts\jakarta-oro.jar;C:\soa-dev\nbbuild\netbeans\enterprise5\modules\ext\struts\struts.jar;C:\soa-dev\nbbuild\netbeans\enterprise5\modules\ext\commons-fileupload-1.0.jar" />
    <property name="ant.version" value="Apache Ant version 1.7.0 compiled on December 13 2006" />
    <property name="netbeans.home" value="C:\soa-dev\nbbuild\netbeans\platform8" />
    <property name="javadoc.nonavbar" value="false" />
    <property name="user.properties.file" value="C:\Users\pvarghese\.netbeans\sierra\build.properties" />
    <property name="libs.toplink.classpath" value="C:\soa-dev\nbbuild\netbeans\java2\modules\ext\toplink\toplink-essentials.jar;C:\soa-dev\nbbuild\netbeans\java2\modules\ext\toplink\toplink-essentials-agent.jar" />
    <property name="jar.name" value="FlowJbi.jar" />
    <property name="netbeans.importclass" value="org.netbeans.upgrade.AutoUpgrade" />
    <property name="libs.jsf12.maven-pom" value="" />
    <property name="libs.exceptionhandler-runtime.classpath" value="C:\soa-dev\nbbuild\netbeans\visualweb2\modules\ext\errorhandler.jar" />
    <property name="libs.spring-framework.javadoc" value="" />
    <property name="libs.CopyLibs.maven-pom" value="" />
    <property name="j2ee.server.type" value="J2EE" />
    <property name="build.generated.dir" value="build/generated" />
    <property name="netbeans.home+have.tests" value="true" />
    <property name="libs.restlib.javadoc" value="" />
    <property name="os.name" value="Windows Vista" />
    <property name="java.specification.vendor" value="Sun Microsystems Inc." />
    <property name="libs.webui-runtime.classpath" value="C:\soa-dev\nbbuild\netbeans\visualweb2\modules\ext\webui.jar;C:\soa-dev\nbbuild\netbeans\enterprise5\modules\ext\commons-fileupload-1.0.jar" />
    <property name="NetBeansUserDir" value="C:\Users\pvarghese\.netbeans\sierra" />
    <property name="libs.CopyLibs.src" value="" />
    <property name="java.vm.name" value="Java HotSpot(TM) Client VM" />
    <property name="libs.jaxb21.src" value="" />
    <property name="org.openide.version" value="deprecated" />
    <property name="reference.FlowBpel.dist_se" value="../FlowBpel/build/SEDeployment.jar" />
    <property name="libs.beans-binding.src" value="" />
    <property name="libs.junit.classpath" value="C:\soa-dev\nbbuild\netbeans\java2\modules\ext\junit-3.8.2.jar" />
    <property name="java.library.path" value="C:\Java\jdk1.5.0_15\jre\bin;.;C:\Windows\system32;C:\Windows;C:\Java\jdk1.5.0_17\bin;C:\Java\javafx-sdk1.0\bin;C:\Java\javafx-sdk1.0\emulator\bin;C:\ojc-runtime\glassfish\lib\ant\bin;C:\Windows\system32;C:\Windows;C:\Windows\System32\Wbem;C:\Program Files\Common Files\Roxio Shared\DLLShared\;C:\Program Files\Common Files\Roxio Shared\9.0\DLLShared\;C:\Applications\gnuserv;C:\Applications\emacs-21.2\bin;C:\Applications\apache-maven-2.0.9\bin;C:\Program Files\QuickTime\QTSystem\;C:\Program Files\Reflection\;C:\Program Files\CVSNT\;C:\Applications\Mercurial\Mercurial" />
    <property name="libs.toplink.javadoc" value="C:\soa-dev\nbbuild\netbeans\enterprise5\docs\javaee5-doc-api.zip" />
    <property name="libs.PostgreSQLDriver.javadoc" value="" />
    <property name="libs.webui.javadoc" value="C:\soa-dev\nbbuild\netbeans\visualweb2\docs\webui-doc.zip" />
    <property name="libs.jsfsupport-designtime.javadoc" value="C:\soa-dev\nbbuild\netbeans\visualweb2\docs\appbase-doc.zip;C:\soa-dev\nbbuild\netbeans\visualweb2\docs\dataprovider-doc.zip;C:\soa-dev\nbbuild\netbeans\visualweb2\docs\jsfcl-doc.zip" />
    <property name="ant.java.version" value="1.5" />
    <property name="java.class.version" value="49.0" />
    <property name="basedir" value="C:\open-jbi-components\driver-tests\bpelse\flow\FlowJbi" />
    <property name="javadoc.noindex" value="false" />
    <property name="sun.awt.exception.handler" value="org.netbeans.core.startup.TopLogging$AWTHandler" />
    <property name="j2ee.platform" value="1.4" />
    <property name="ant.home" value="C:\soa-dev\nbbuild\netbeans\java2\ant" />
    <property name="javadoc.splitindex" value="true" />
    <property name="libs.toplink.src" value="" />
    <property name="libs.JAVADB_DRIVER_LABEL.maven-pom" value="" />
    <property name="libs.javac-api.javadoc" value="" />
    <property name="javadoc.preview" value="true" />
    <property name="rave.version" value="2.0.0" />
    <property name="libs.MySQLDriver.maven-pom" value="" />
    <property name="libs.CopyLibs.javadoc" value="" />
    <property name="libs.restapi.javadoc" value="C:\soa-dev\nbbuild\netbeans\enterprise5\docs\jsr311-api-doc.zip" />
    <property name="libs.PostgreSQLDriver.classpath" value="C:\soa-dev\nbbuild\netbeans\ide9\modules\ext\postgresql-8.3-603.jdbc3.jar" />
    <property name="libs.junit_4.classpath" value="C:\soa-dev\nbbuild\netbeans\java2\modules\ext\junit-4.1.jar" />
    <property name="libs.jdbcsupport-designtime.classpath" value="C:\soa-dev\nbbuild\netbeans\visualweb2\modules\ext\sqlx.jar" />
    <property name="libs.jaxws21.maven-pom" value="" />
    <property name="sun.boot.library.path" value="C:\Java\jdk1.5.0_15\jre\bin" />
    <property name="build.dir" value="build" />
    <property name="libs.spring-webmvc.src" value="" />
    <property name="libs.webui-designtime.src" value="C:\soa-dev\nbbuild\netbeans\visualweb2\docs\webui-src.zip" />
    <property name="ant.file." value="C:\open-jbi-components\driver-tests\bpelse\flow\FlowJbi\build.xml" />
    <property name="sun.management.compiler" value="HotSpot Client Compiler" />
    <property name="libs.swing-app-framework.classpath" value="C:\soa-dev\nbbuild\netbeans\java2\modules\ext\appframework-1.0.3.jar;C:\soa-dev\nbbuild\netbeans\java2\modules\ext\swing-worker-1.1.jar" />
    <property name="user.variant" value="" />
    <property name="java.awt.graphicsenv" value="sun.awt.Win32GraphicsEnvironment" />
    <property name="netbeans.logger.console" value="true" />
    <property name="org.netbeans.core.startup.specialResource" value="nullcom.sun.jdo.api.persistence.mapping.ejb" />
    <property name="javadoc.windowtitle" value="" />
    <property name="libs.jstl11.javadoc" value="C:\soa-dev\nbbuild\netbeans\enterprise5\docs\javaee5-doc-api.zip" />
    <property name="build.compiler.emacs" value="true" />
    <property name="libs.jstl11.src" value="" />
    <property name="ant.project.name" value="" />
    <property name="libs.spring-framework.classpath" value="C:\soa-dev\nbbuild\netbeans\java2\modules\ext\spring\commons-logging-1.1.jar;C:\soa-dev\nbbuild\netbeans\java2\modules\ext\spring\spring-2.5.jar" />
    <property name="libs.swing-layout.classpath" value="C:\soa-dev\nbbuild\netbeans\platform8\modules\ext\swing-layout-1.0.3.jar" />
    <property name="java.vm.specification.version" value="1.0" />
    <property name="soa.module.install.dir" value="C:\soa-dev\nbbuild\netbeans\soa2\modules" />
    <property name="awt.toolkit" value="sun.awt.windows.WToolkit" />
    <property name="javadoc.use" value="true" />
    <property name="sun.cpu.isalist" value="pentium_pro+mmx pentium_pro pentium+mmx pentium i486 i386 i86" />
    <property name="libs.exceptionhandler-runtime.src" value="" />
    <property name="libs.jdbcsupport-runtime.javadoc" value="" />
    <property name="java.ext.dirs" value="C:\Java\jdk1.5.0_15\jre\lib\ext" />
    <property name="os.version" value="6.0" />
    <property name="libs.jstl11.classpath" value="C:\soa-dev\nbbuild\netbeans\enterprise5\modules\ext\standard.jar;C:\soa-dev\nbbuild\netbeans\enterprise5\modules\ext\jstl.jar" />
    <property name="user.home" value="C:\Users\pvarghese" />
    <property name="libs.jaxb21.classpath" value="C:\soa-dev\nbbuild\netbeans\java2\modules\ext\jaxws21\activation.jar;C:\soa-dev\nbbuild\netbeans\java2\modules\ext\jaxws21\api\jaxb-api.jar;C:\soa-dev\nbbuild\netbeans\java2\modules\ext\jaxws21\jaxb-impl.jar;C:\soa-dev\nbbuild\netbeans\java2\modules\ext\jaxws21\jaxb-xjc.jar;C:\soa-dev\nbbuild\netbeans\java2\modules\ext\jaxws21\api\jsr173_api.jar" />
    <property name="org.xml.sax.driver" value="com.sun.org.apache.xerces.internal.parsers.SAXParser" />
    <property name="javax.xml.parsers.DocumentBuilderFactory" value="org.netbeans.core.startup.DOMFactoryImpl" />
    <property name="java.vm.vendor" value="Sun Microsystems Inc." />
    <property name="libs.struts.src" value="" />
    <property name="libs.absolutelayout.maven-pom" value="" />
    <property name="org.openide.TopManager.GUI" value="true" />
    <property name="user.dir" value="C:\open-jbi-components\driver-tests\bpelse\flow\FlowJbi" />
    <property name="libs.jsf12.javadoc" value="C:\soa-dev\nbbuild\netbeans\enterprise5\docs\javaee5-doc-api.zip" />
    <property name="test.dir" value="test" />
    <property name="sun.cpu.endian" value="little" />
    <property name="com.sun.jbi.routing" value="true" />
    <property name="libs.woodstock-components.src" value="C:\soa-dev\nbbuild\netbeans\visualweb2\docs\webui-jsf-src.zip" />
    <property name="libs.MySQLDriver.src" value="" />
    <property name="java.vm.version" value="1.5.0_15-b04" />
    <property name="libs.webui-designtime.classpath" value="C:\soa-dev\nbbuild\netbeans\visualweb2\modules\ext\webui.jar;C:\soa-dev\nbbuild\netbeans\enterprise5\modules\ext\commons-fileupload-1.0.jar" />
    <property name="java.class.path" value="C:\soa-dev\nbbuild\netbeans\soa2\modules\org-netbeans-modules-compapp-manager-jbi.jar;C:\soa-dev\nbbuild\netbeans\soa2\modules\org-netbeans-modules-compapp-projects-jbi.jar;C:\soa-dev\nbbuild\netbeans\soa2\modules\ext\jbi\jbi-admin-common.jar;C:\soa-dev\nbbuild\netbeans\soa2\modules\ext\jbi\catd.jar;C:\soa-dev\nbbuild\netbeans\java2\modules\ext\junit-3.8.2.jar;C:\soa-dev\nbbuild\netbeans\java2\modules\ext\jaxws21\api\saaj-api.jar;C:\soa-dev\nbbuild\netbeans\java2\modules\ext\jaxws21\saaj-impl.jar;C:\soa-dev\nbbuild\netbeans\java2\modules\ext\jaxws21\FastInfoset.jar;C:\soa-dev\nbbuild\netbeans\ide9\modules\org-netbeans-modules-editor-lib.jar;C:\soa-dev\nbbuild\netbeans\ide9\modules\org-netbeans-modules-editor.jar;C:\soa-dev\nbbuild\netbeans\ide9\modules\org-netbeans-modules-editor-util.jar;C:\soa-dev\nbbuild\netbeans\ide9\modules\org-netbeans-modules-editor-lib2.jar;C:\soa-dev\nbbuild\netbeans\ide9\modules\org-netbeans-modules-editor-indent.jar;C:\soa-dev\nbbuild\netbeans\ide9\modules\org-netbeans-modules-editor-plain.jar;C:\soa-dev\nbbuild\netbeans\ide9\modules\org-netbeans-modules-editor-plain-lib.jar;C:\soa-dev\nbbuild\netbeans\ide9\modules\org-netbeans-modules-editor-settings.jar;C:\soa-dev\nbbuild\netbeans\ide9\modules\org-netbeans-modules-lexer.jar;C:\soa-dev\nbbuild\netbeans\ide9\modules\org-netbeans-modules-xml-core.jar;C:\soa-dev\nbbuild\netbeans\ide9\modules\org-netbeans-modules-xml-lexer.jar;C:\soa-dev\nbbuild\netbeans\ide9\modules\org-netbeans-modules-xml-text.jar;C:\soa-dev\nbbuild\netbeans\ide9\modules\org-netbeans-modules-xml-xdm.jar;C:\soa-dev\nbbuild\netbeans\ide9\modules\org-netbeans-modules-xml-xam.jar;C:\soa-dev\nbbuild\netbeans\platform8\lib\org-openide-modules.jar;C:\soa-dev\nbbuild\netbeans\platform8\lib\org-openide-util.jar;C:\soa-dev\nbbuild\netbeans\platform8\modules\org-openide-options.jar;C:\soa-dev\nbbuild\netbeans\platform8\modules\org-openide-text.jar;C:\soa-dev\nbbuild\netbeans\platform8\modules\org-openide-loaders.jar;C:\soa-dev\nbbuild\netbeans\platform8\modules\org-openide-nodes.jar;C:\soa-dev\nbbuild\netbeans\platform8\modules\org-netbeans-modules-editor-mimelookup.jar;C:\soa-dev\nbbuild\netbeans\platform8\modules\org-netbeans-modules-editor-mimelookup-impl.jar;C:\soa-dev\nbbuild\netbeans\platform8\core\org-openide-filesystems.jar;C:\open-jbi-components\driver-tests\bpelse\flow\FlowJbi;C:\soa-dev\nbbuild\netbeans\java2\ant\lib\ant-launcher.jar;C:\soa-dev\nbbuild\netbeans\java2\ant\lib\ant.jar;C:\soa-dev\nbbuild\netbeans\java2\ant\lib\ant-junit.jar" />
    <property name="javax.xml.parsers.SAXParserFactory" value="org.netbeans.core.startup.SAXFactoryImpl" />
    <property name="os.arch" value="x86" />
    <property name="libs.PojoSELib.src" value="C:\soa-dev\nbbuild\netbeans\soa2\modules\ext\jbi\openesb-pojo-engine-api-src.jar" />
    <property name="javac.deprecation" value="false" />
    <property name="libs.PojoSELib.javadoc" value="C:\soa-dev\nbbuild\netbeans\soa2\modules\ext\jbi\openesb-pojo-engine-api-javadoc.jar" />
    <property name="libs.woodstock-theme-default.runtime" value="C:\soa-dev\nbbuild\netbeans\visualweb2\modules\ext\webui-jsf-suntheme.jar" />
    <property name="libs.webui-designtime.javadoc" value="C:\soa-dev\nbbuild\netbeans\visualweb2\docs\webui-doc.zip" />
    <property name="nbplatform.default.netbeans.dest.dir" value="C:\soa-dev\nbbuild\netbeans" />
    <property name="build.classes.excludes" value="**/*.java,**/*.form,**/.nbattrs" />
    <property name="libs.theme-default.runtime" value="C:\soa-dev\nbbuild\netbeans\visualweb2\modules\ext\defaulttheme.jar" />
    <property name="dist.dir" value="dist" />
    <property name="netbeans.user" value="C:\Users\pvarghese\.netbeans\sierra" />
    <property name="debug.classpath" value="${javac.classpath}:build/jar" />
    <property name="sun.java.launcher" value="SUN_STANDARD" />
    <property name="enterprise.module.install.dir" value="C:\soa-dev\nbbuild\netbeans\enterprise5\modules" />
    <property name="ant.core.lib" value="C:\soa-dev\nbbuild\netbeans\java2\ant\lib\ant.jar" />
    <property name="java.vm.specification.vendor" value="Sun Microsystems Inc." />
    <property name="libs.JAVADB_DRIVER_LABEL.javadoc" value="" />
    <property name="libs.restapi.maven-pom" value="" />
    <property name="file.separator" value="\" />
    <property name="libs.jdbcsupport-runtime.maven-pom" value="" />
    <property name="java.runtime.version" value="1.5.0_15-b04" />
    <property name="sun.boot.class.path" value="C:\Java\jdk1.5.0_15\jre\lib\rt.jar;C:\Java\jdk1.5.0_15\jre\lib\i18n.jar;C:\Java\jdk1.5.0_15\jre\lib\sunrsasign.jar;C:\Java\jdk1.5.0_15\jre\lib\jsse.jar;C:\Java\jdk1.5.0_15\jre\lib\jce.jar;C:\Java\jdk1.5.0_15\jre\lib\charsets.jar;C:\Java\jdk1.5.0_15\jre\classes" />
    <property name="libs.theme-default-gray.classpath" value="C:\soa-dev\nbbuild\netbeans\visualweb2\modules\ext\defaulttheme-gray.jar" />
    <property name="libs.restlib.maven-pom" value="" />
    <property name="libs.beans-binding.classpath" value="C:\soa-dev\nbbuild\netbeans\java2\modules\ext\beansbinding-1.2.1.jar" />
    <property name="have.tests" value="true" />
    <property name="libs.spring-webmvc.maven-pom" value="" />
    <property name="libs.spring-webmvc.javadoc" value="" />
    <property name="java.util.logging.config.class" value="org.netbeans.core.startup.TopLogging" />
    <property name="libs.javac-api.classpath" value="C:\soa-dev\nbbuild\netbeans\java2\modules\ext\javac-api-nb-7.0-b07.jar" />
    <property name="user.country" value="US" />
    <property name="javadoc.notree" value="false" />
    <property name="libs.jsfsupport-designtime.classpath" value="C:\soa-dev\nbbuild\netbeans\visualweb2\modules\ext\jsfcl.jar;C:\soa-dev\nbbuild\netbeans\visualweb2\modules\ext\appbase.jar;C:\soa-dev\nbbuild\netbeans\visualweb2\modules\ext\dataprovider.jar;C:\soa-dev\nbbuild\netbeans\visualweb2\modules\ext\sqlx.jar" />
    <property name="libs.struts.javadoc" value="C:\soa-dev\nbbuild\netbeans\enterprise5\docs\struts-1.2.9-javadoc.zip" />
    <property name="libs.jaxws21.javadoc" value="C:\soa-dev\nbbuild\netbeans\java2\docs\jaxws-2_1-api-doc.zip" />
    <property name="libs.jsf12.classpath" value="C:\soa-dev\nbbuild\netbeans\enterprise5\modules\ext\jsf-1_2\commons-beanutils.jar;C:\soa-dev\nbbuild\netbeans\enterprise5\modules\ext\jsf-1_2\commons-collections.jar;C:\soa-dev\nbbuild\netbeans\enterprise5\modules\ext\jsf-1_2\commons-digester.jar;C:\soa-dev\nbbuild\netbeans\enterprise5\modules\ext\jsf-1_2\commons-logging.jar;C:\soa-dev\nbbuild\netbeans\enterprise5\modules\ext\jsf-1_2\jsf-api.jar;C:\soa-dev\nbbuild\netbeans\enterprise5\modules\ext\jsf-1_2\jsf-impl.jar" />
    <property name="default.javac.target" value="1.5" />
    <property name="build.classes.dir" value="build/jar" />
    <property name="libs.PojoSELib.maven-pom" value="" />
    <property name="libs.swing-layout.src" value="C:\soa-dev\nbbuild\netbeans\platform8\docs\swing-layout-1.0.3-src.zip" />
    <property name="libs.swing-layout.javadoc" value="C:\soa-dev\nbbuild\netbeans\platform8\docs\swing-layout-1.0.3-doc.zip" />
    <property name="java.vendor" value="Sun Microsystems Inc." />
    <property name="javac.target" value="1.4" />
    <property name="libs.theme-default-green.runtime" value="C:\soa-dev\nbbuild\netbeans\visualweb2\modules\ext\defaulttheme-green.jar" />
    <property name="libs.swing-app-framework.src" value="" />
    <property name="java.specification.version" value="1.5" />
    <property name="libs.struts.maven-pom" value="" />
    <property name="sun.arch.data.model" value="32" />
  </properties>
  <testcase classname="org.netbeans.modules.compapp.catd.ConfiguredTest" name="FlowInWhileTest" time="1.944" />
  <system-out><![CDATA[{java.runtime.name=Java(TM) 2 Runtime Environment, Standard Edition, sun.boot.library.path=C:\Java\jdk1.5.0_15\jre\bin, java.vm.version=1.5.0_15-b04, java.vm.vendor=Sun Microsystems Inc., java.vendor.url=http://java.sun.com/, path.separator=;, java.vm.name=Java HotSpot(TM) Client VM, file.encoding.pkg=sun.io, sun.java.launcher=SUN_STANDARD, user.country=US, sun.os.patch.level=Service Pack 1, java.vm.specification.name=Java Virtual Machine Specification, user.dir=C:\open-jbi-components\driver-tests\bpelse\flow\FlowJbi, java.runtime.version=1.5.0_15-b04, java.awt.graphicsenv=sun.awt.Win32GraphicsEnvironment, inDebug=${inDebug}, java.endorsed.dirs=C:\Java\jdk1.5.0_15\jre\lib\endorsed, os.arch=x86, java.io.tmpdir=C:\Users\PVARGH~1\AppData\Local\Temp\, line.separator=
, java.vm.specification.vendor=Sun Microsystems Inc., user.variant=, os.name=Windows Vista, sun.jnu.encoding=Cp1252, java.library.path=C:\Java\jdk1.5.0_15\jre\bin;.;C:\Windows\system32;C:\Windows;C:\Java\jdk1.5.0_17\bin;C:\Java\javafx-sdk1.0\bin;C:\Java\javafx-sdk1.0\emulator\bin;C:\ojc-runtime\glassfish\lib\ant\bin;C:\Windows\system32;C:\Windows;C:\Windows\System32\Wbem;C:\Program Files\Common Files\Roxio Shared\DLLShared\;C:\Program Files\Common Files\Roxio Shared\9.0\DLLShared\;C:\Applications\gnuserv;C:\Applications\emacs-21.2\bin;C:\Applications\apache-maven-2.0.9\bin;C:\Program Files\QuickTime\QTSystem\;C:\Program Files\Reflection\;C:\Program Files\CVSNT\;C:\Applications\Mercurial\Mercurial, java.specification.name=Java Platform API Specification, java.class.version=49.0, sun.management.compiler=HotSpot Client Compiler, os.version=6.0, user.home=C:\Users\pvarghese, user.timezone=America/Los_Angeles, java.awt.printerjob=sun.awt.windows.WPrinterJob, file.encoding=Cp1252, java.specification.version=1.5, java.class.path=C:\soa-dev\nbbuild\netbeans\soa2\modules\org-netbeans-modules-compapp-manager-jbi.jar;C:\soa-dev\nbbuild\netbeans\soa2\modules\org-netbeans-modules-compapp-projects-jbi.jar;C:\soa-dev\nbbuild\netbeans\soa2\modules\ext\jbi\jbi-admin-common.jar;C:\soa-dev\nbbuild\netbeans\soa2\modules\ext\jbi\catd.jar;C:\soa-dev\nbbuild\netbeans\java2\modules\ext\junit-3.8.2.jar;C:\soa-dev\nbbuild\netbeans\java2\modules\ext\jaxws21\api\saaj-api.jar;C:\soa-dev\nbbuild\netbeans\java2\modules\ext\jaxws21\saaj-impl.jar;C:\soa-dev\nbbuild\netbeans\java2\modules\ext\jaxws21\FastInfoset.jar;C:\soa-dev\nbbuild\netbeans\ide9\modules\org-netbeans-modules-editor-lib.jar;C:\soa-dev\nbbuild\netbeans\ide9\modules\org-netbeans-modules-editor.jar;C:\soa-dev\nbbuild\netbeans\ide9\modules\org-netbeans-modules-editor-util.jar;C:\soa-dev\nbbuild\netbeans\ide9\modules\org-netbeans-modules-editor-lib2.jar;C:\soa-dev\nbbuild\netbeans\ide9\modules\org-netbeans-modules-editor-indent.jar;C:\soa-dev\nbbuild\netbeans\ide9\modules\org-netbeans-modules-editor-plain.jar;C:\soa-dev\nbbuild\netbeans\ide9\modules\org-netbeans-modules-editor-plain-lib.jar;C:\soa-dev\nbbuild\netbeans\ide9\modules\org-netbeans-modules-editor-settings.jar;C:\soa-dev\nbbuild\netbeans\ide9\modules\org-netbeans-modules-lexer.jar;C:\soa-dev\nbbuild\netbeans\ide9\modules\org-netbeans-modules-xml-core.jar;C:\soa-dev\nbbuild\netbeans\ide9\modules\org-netbeans-modules-xml-lexer.jar;C:\soa-dev\nbbuild\netbeans\ide9\modules\org-netbeans-modules-xml-text.jar;C:\soa-dev\nbbuild\netbeans\ide9\modules\org-netbeans-modules-xml-xdm.jar;C:\soa-dev\nbbuild\netbeans\ide9\modules\org-netbeans-modules-xml-xam.jar;C:\soa-dev\nbbuild\netbeans\platform8\lib\org-openide-modules.jar;C:\soa-dev\nbbuild\netbeans\platform8\lib\org-openide-util.jar;C:\soa-dev\nbbuild\netbeans\platform8\modules\org-openide-options.jar;C:\soa-dev\nbbuild\netbeans\platform8\modules\org-openide-text.jar;C:\soa-dev\nbbuild\netbeans\platform8\modules\org-openide-loaders.jar;C:\soa-dev\nbbuild\netbeans\platform8\modules\org-openide-nodes.jar;C:\soa-dev\nbbuild\netbeans\platform8\modules\org-netbeans-modules-editor-mimelookup.jar;C:\soa-dev\nbbuild\netbeans\platform8\modules\org-netbeans-modules-editor-mimelookup-impl.jar;C:\soa-dev\nbbuild\netbeans\platform8\core\org-openide-filesystems.jar;C:\open-jbi-components\driver-tests\bpelse\flow\FlowJbi;C:\soa-dev\nbbuild\netbeans\java2\ant\lib\ant-launcher.jar;C:\soa-dev\nbbuild\netbeans\java2\ant\lib\ant.jar;C:\soa-dev\nbbuild\netbeans\java2\ant\lib\ant-junit.jar, user.name=pVarghese, java.vm.specification.version=1.0, java.home=C:\Java\jdk1.5.0_15\jre, sun.arch.data.model=32, user.language=en, java.specification.vendor=Sun Microsystems Inc., NetBeansUserDir=C:\Users\pvarghese\.netbeans\sierra, awt.toolkit=sun.awt.windows.WToolkit, java.vm.info=mixed mode, java.version=1.5.0_15, java.ext.dirs=C:\Java\jdk1.5.0_15\jre\lib\ext, sun.boot.class.path=C:\Java\jdk1.5.0_15\jre\lib\rt.jar;C:\Java\jdk1.5.0_15\jre\lib\i18n.jar;C:\Java\jdk1.5.0_15\jre\lib\sunrsasign.jar;C:\Java\jdk1.5.0_15\jre\lib\jsse.jar;C:\Java\jdk1.5.0_15\jre\lib\jce.jar;C:\Java\jdk1.5.0_15\jre\lib\charsets.jar;C:\Java\jdk1.5.0_15\jre\classes, java.vendor=Sun Microsystems Inc., file.separator=\, java.vendor.url.bug=http://java.sun.com/cgi-bin/bugreport.cgi, sun.io.unicode.encoding=UnicodeLittle, sun.cpu.endian=little, sun.desktop=windows, sun.cpu.isalist=pentium_pro+mmx pentium_pro pentium+mmx pentium i486 i386 i86}
Test FlowInWhileTest\Concurrent.properties
Replace '${HttpDefaultPort}' in WSDL soap location by '9080' defined in sun-http-binding.
 Passed. Threads count Success: <1> Error: <0> Not completed: <0>
]]></system-out>
  <system-err><![CDATA[]]></system-err>
</testsuite>
