<?xml version="1.0" encoding="UTF-8"?>
<con:soapui-project name="test-consumer-fromidl-complex-uniontypes" resourceRoot="" soapui-version="2.5" xmlns:con="http://eviware.com/soapui/config"><con:settings><con:setting id="ProjectSettings@projectRoot">/home/raffaele/lavoro/Progetti/nokia/progetto/pragma_prefix/open-jbi-components/contrib-imola/corba-bc/integration-test/test-consumer-fromidl-complex-uniontypes/consumer-fromidl-complex-uniontypes-integration-test/src/test/etc/soapui</con:setting></con:settings><con:interface xsi:type="con:WsdlInterface" wsaVersion="NONE" name="EchoUnionTypesCorbaBinding" type="wsdl" bindingName="{urn:jbi4corba/test-consumer-fromidl-complex-uniontypes}EchoUnionTypesCorbaBinding" soapVersion="1_1" anonymous="optional" definition="http://localhost:8192/Service/test-consumer-fromidl-complex-uniontypes/?wsdl" xmlns:xsi="http://www.w3.org/2001/XMLSchema-instance"><con:settings/><con:definitionCache type="TEXT" rootPart="http://localhost:8192/Service/test-consumer-fromidl-complex-uniontypes/?wsdl"><con:part><con:url>http://localhost:8192/Service/test-consumer-fromidl-complex-uniontypes/?wsdl</con:url><con:content><![CDATA[<wsdl:definitions name="EchoUnionTypes" targetNamespace="urn:jbi4corba/test-consumer-fromidl-complex-uniontypes" xmlns:plnk="http://docs.oasis-open.org/wsbpel/2.0/plnktype" xmlns:imolacorba="uri://schemas.imola.it/jbi/wsdl-extensions/corba/" xmlns:wsdl="http://schemas.xmlsoap.org/wsdl/" xmlns:tns="urn:jbi4corba/test-consumer-fromidl-complex-uniontypes" xmlns:xsd="http://www.w3.org/2001/XMLSchema" xmlns:soap="http://schemas.xmlsoap.org/wsdl/soap/">
  <wsdl:types>
    <xs:schema attributeFormDefault="qualified" elementFormDefault="qualified" targetNamespace="http://testconsumerfromidluniontypes.test.jbi4corba.imolinfo.it/" xmlns="http://testconsumerfromidluniontypes.test.jbi4corba.imolinfo.it/" xmlns:ns1="urn:jbi4corba/test-consumer-fromidl-complex-uniontypes" xmlns:ns2="http://jaxb.dev.java.net/array" xmlns:xs="http://www.w3.org/2001/XMLSchema">
      <xs:import namespace="urn:jbi4corba/test-consumer-fromidl-complex-uniontypes"/>
      <xs:import namespace="http://jaxb.dev.java.net/array"/>
      <xs:complexType name="complexStruct1">
        <xs:sequence>
          <xs:element name="fieldBoolean" type="xs:boolean"/>
          <xs:element name="fieldChar" type="xs:unsignedShort"/>
          <xs:choice minOccurs="0">
            <xs:element name="alfanumeric" type="xs:string"/>
            <xs:element name="numeric" type="xs:int"/>
            <xs:element name="two_format" type="ns1:any"/>
          </xs:choice>
        </xs:sequence>
      </xs:complexType>
      <xs:complexType final="#all" name="complexStruct1Array">
        <xs:sequence>
          <xs:element maxOccurs="unbounded" minOccurs="0" name="item" nillable="true" type="complexStruct1"/>
        </xs:sequence>
      </xs:complexType>
      <xs:complexType name="secondunion">
        <xs:sequence>
          <xs:choice minOccurs="0">
            <xs:element name="alfanumeric" type="xs:string"/>
            <xs:element name="numeric" type="xs:int"/>
            <xs:element name="two_format" type="ns1:any"/>
          </xs:choice>
        </xs:sequence>
      </xs:complexType>
      <xs:complexType name="thirdunion">
        <xs:sequence>
          <xs:choice minOccurs="0">
            <xs:element name="primo" type="xs:int"/>
            <xs:element name="altro" type="xs:boolean"/>
            <xs:element name="secondo" type="xs:short"/>
            <xs:element name="third" type="ns2:anyTypeArray"/>
          </xs:choice>
        </xs:sequence>
      </xs:complexType>
    </xs:schema>
    <xs:schema attributeFormDefault="unqualified" elementFormDefault="unqualified" targetNamespace="http://jaxb.dev.java.net/array" xmlns="http://jaxb.dev.java.net/array" xmlns:xs="http://www.w3.org/2001/XMLSchema">
      <xs:complexType final="#all" name="anyTypeArray">
        <xs:sequence>
          <xs:element maxOccurs="unbounded" minOccurs="0" name="item" nillable="true" type="xs:anyType"/>
        </xs:sequence>
      </xs:complexType>
    </xs:schema>
    <xs:schema attributeFormDefault="unqualified" elementFormDefault="qualified" targetNamespace="urn:jbi4corba/test-consumer-fromidl-complex-uniontypes" xmlns="urn:jbi4corba/test-consumer-fromidl-complex-uniontypes" xmlns:ns1="http://testconsumerfromidluniontypes.test.jbi4corba.imolinfo.it/" xmlns:xs="http://www.w3.org/2001/XMLSchema">
      <xs:import namespace="http://testconsumerfromidluniontypes.test.jbi4corba.imolinfo.it/"/>
      <xs:element name="echo1">
        <xs:complexType>
          <xs:sequence>
            <xs:element minOccurs="0" name="msg" type="ns1:thirdunion"/>
          </xs:sequence>
        </xs:complexType>
      </xs:element>
      <xs:element name="echo1Response">
        <xs:complexType>
          <xs:sequence>
            <xs:element minOccurs="0" name="return" type="xs:string"/>
          </xs:sequence>
        </xs:complexType>
      </xs:element>
      <xs:element name="echo2">
        <xs:complexType>
          <xs:sequence>
            <xs:element minOccurs="0" name="msg" type="ns1:secondunion"/>
          </xs:sequence>
        </xs:complexType>
      </xs:element>
      <xs:element name="echo2Response">
        <xs:complexType>
          <xs:sequence>
            <xs:element minOccurs="0" name="return" type="ns1:thirdunion"/>
            <xs:element minOccurs="0" name="msg" type="ns1:secondunion"/>
          </xs:sequence>
        </xs:complexType>
      </xs:element>
      <xs:element name="echo3">
        <xs:complexType>
          <xs:sequence>
            <xs:element minOccurs="0" name="msg" type="xs:string"/>
          </xs:sequence>
        </xs:complexType>
      </xs:element>
      <xs:element name="echo3Response">
        <xs:complexType>
          <xs:sequence>
            <xs:element minOccurs="0" name="return" type="ns1:complexStruct1"/>
          </xs:sequence>
        </xs:complexType>
      </xs:element>
      <xs:element name="echo4">
        <xs:complexType>
          <xs:sequence>
            <xs:element minOccurs="0" name="msg" type="ns1:complexStruct1"/>
          </xs:sequence>
        </xs:complexType>
      </xs:element>
      <xs:element name="echo4Response">
        <xs:complexType>
          <xs:sequence>
            <xs:element minOccurs="0" name="return" type="xs:string"/>
          </xs:sequence>
        </xs:complexType>
      </xs:element>
      <xs:element name="echo5">
        <xs:complexType>
          <xs:sequence>
            <xs:element minOccurs="0" name="msg" type="ns1:complexStruct1"/>
          </xs:sequence>
        </xs:complexType>
      </xs:element>
      <xs:element name="echo5Response">
        <xs:complexType>
          <xs:sequence>
            <xs:element minOccurs="0" name="return" type="xs:string"/>
            <xs:element minOccurs="0" name="msg" type="ns1:complexStruct1"/>
          </xs:sequence>
        </xs:complexType>
      </xs:element>
      <xs:element name="echo6">
        <xs:complexType>
          <xs:sequence>
            <xs:element minOccurs="0" name="msg" type="xs:string"/>
          </xs:sequence>
        </xs:complexType>
      </xs:element>
      <xs:element name="echo6Response">
        <xs:complexType>
          <xs:sequence>
            <xs:element minOccurs="0" name="return" type="ns1:complexStruct1"/>
          </xs:sequence>
        </xs:complexType>
      </xs:element>
      <xs:element name="echo7">
        <xs:complexType>
          <xs:sequence>
            <xs:element minOccurs="0" name="msg" type="xs:string"/>
          </xs:sequence>
        </xs:complexType>
      </xs:element>
      <xs:element name="echo7Response">
        <xs:complexType>
          <xs:sequence>
            <xs:element maxOccurs="unbounded" minOccurs="0" name="return" type="ns1:complexStruct1Array"/>
          </xs:sequence>
        </xs:complexType>
      </xs:element>
      <xs:element name="echo8">
        <xs:complexType>
          <xs:sequence>
            <xs:element minOccurs="0" name="msg" type="xs:string"/>
          </xs:sequence>
        </xs:complexType>
      </xs:element>
      <xs:element name="echo8Response">
        <xs:complexType>
          <xs:sequence>
            <xs:element minOccurs="0" name="return" type="ns1:secondunion"/>
          </xs:sequence>
        </xs:complexType>
      </xs:element>
      <xs:element name="echo9">
        <xs:complexType>
          <xs:sequence>
            <xs:element maxOccurs="unbounded" minOccurs="0" name="msg" type="ns1:complexStruct1Array"/>
          </xs:sequence>
        </xs:complexType>
      </xs:element>
      <xs:element name="echo9Response">
        <xs:complexType>
          <xs:sequence>
            <xs:element minOccurs="0" name="return" type="xs:string"/>
          </xs:sequence>
        </xs:complexType>
      </xs:element>
      <xs:complexType abstract="true" name="any"/>
      <xs:element name="EchoUnionException" type="EchoUnionException"/>
      <xs:complexType name="EchoUnionException">
        <xs:sequence>
          <xs:element name="reason" nillable="true" type="xs:anyType"/>
        </xs:sequence>
      </xs:complexType>
    </xs:schema>
  </wsdl:types>
  <wsdl:message name="echo3Response">
    <wsdl:part name="parameters" element="tns:echo3Response"></wsdl:part>
  </wsdl:message>
  <wsdl:message name="EchoUnionException">
    <wsdl:part name="EchoUnionException" element="tns:EchoUnionException"></wsdl:part>
  </wsdl:message>
  <wsdl:message name="echo6Response">
    <wsdl:part name="parameters" element="tns:echo6Response"></wsdl:part>
  </wsdl:message>
  <wsdl:message name="echo1">
    <wsdl:part name="parameters" element="tns:echo1"></wsdl:part>
  </wsdl:message>
  <wsdl:message name="echo2">
    <wsdl:part name="parameters" element="tns:echo2"></wsdl:part>
  </wsdl:message>
  <wsdl:message name="echo3">
    <wsdl:part name="parameters" element="tns:echo3"></wsdl:part>
  </wsdl:message>
  <wsdl:message name="echo4">
    <wsdl:part name="parameters" element="tns:echo4"></wsdl:part>
  </wsdl:message>
  <wsdl:message name="echo6">
    <wsdl:part name="parameters" element="tns:echo6"></wsdl:part>
  </wsdl:message>
  <wsdl:message name="echo5">
    <wsdl:part name="parameters" element="tns:echo5"></wsdl:part>
  </wsdl:message>
  <wsdl:message name="echo7Response">
    <wsdl:part name="parameters" element="tns:echo7Response"></wsdl:part>
  </wsdl:message>
  <wsdl:message name="echo8">
    <wsdl:part name="parameters" element="tns:echo8"></wsdl:part>
  </wsdl:message>
  <wsdl:message name="echo7">
    <wsdl:part name="parameters" element="tns:echo7"></wsdl:part>
  </wsdl:message>
  <wsdl:message name="echo4Response">
    <wsdl:part name="parameters" element="tns:echo4Response"></wsdl:part>
  </wsdl:message>
  <wsdl:message name="echo1Response">
    <wsdl:part name="parameters" element="tns:echo1Response"></wsdl:part>
  </wsdl:message>
  <wsdl:message name="echo9">
    <wsdl:part name="parameters" element="tns:echo9"></wsdl:part>
  </wsdl:message>
  <wsdl:message name="echo5Response">
    <wsdl:part name="parameters" element="tns:echo5Response"></wsdl:part>
  </wsdl:message>
  <wsdl:message name="echo9Response">
    <wsdl:part name="parameters" element="tns:echo9Response"></wsdl:part>
  </wsdl:message>
  <wsdl:message name="echo2Response">
    <wsdl:part name="parameters" element="tns:echo2Response"></wsdl:part>
  </wsdl:message>
  <wsdl:message name="echo8Response">
    <wsdl:part name="parameters" element="tns:echo8Response"></wsdl:part>
  </wsdl:message>
  <wsdl:portType name="EchoUnionTypesPortType">
    <wsdl:operation name="echo8">
      <wsdl:input name="echo8" message="tns:echo8"></wsdl:input>
      <wsdl:output name="echo8Response" message="tns:echo8Response"></wsdl:output>
      <wsdl:fault name="EchoUnionException" message="tns:EchoUnionException"></wsdl:fault>
    </wsdl:operation>
    <wsdl:operation name="echo1">
      <wsdl:input name="echo1" message="tns:echo1"></wsdl:input>
      <wsdl:output name="echo1Response" message="tns:echo1Response"></wsdl:output>
    </wsdl:operation>
    <wsdl:operation name="echo3">
      <wsdl:input name="echo3" message="tns:echo3"></wsdl:input>
      <wsdl:output name="echo3Response" message="tns:echo3Response"></wsdl:output>
    </wsdl:operation>
    <wsdl:operation name="echo6">
      <wsdl:input name="echo6" message="tns:echo6"></wsdl:input>
      <wsdl:output name="echo6Response" message="tns:echo6Response"></wsdl:output>
    </wsdl:operation>
    <wsdl:operation name="echo9">
      <wsdl:input name="echo9" message="tns:echo9"></wsdl:input>
      <wsdl:output name="echo9Response" message="tns:echo9Response"></wsdl:output>
    </wsdl:operation>
    <wsdl:operation name="echo2">
      <wsdl:input name="echo2" message="tns:echo2"></wsdl:input>
      <wsdl:output name="echo2Response" message="tns:echo2Response"></wsdl:output>
    </wsdl:operation>
    <wsdl:operation name="echo7">
      <wsdl:input name="echo7" message="tns:echo7"></wsdl:input>
      <wsdl:output name="echo7Response" message="tns:echo7Response"></wsdl:output>
    </wsdl:operation>
    <wsdl:operation name="echo4">
      <wsdl:input name="echo4" message="tns:echo4"></wsdl:input>
      <wsdl:output name="echo4Response" message="tns:echo4Response"></wsdl:output>
    </wsdl:operation>
    <wsdl:operation name="echo5">
      <wsdl:input name="echo5" message="tns:echo5"></wsdl:input>
      <wsdl:output name="echo5Response" message="tns:echo5Response"></wsdl:output>
    </wsdl:operation>
  </wsdl:portType>
  <wsdl:binding name="EchoUnionTypesCorbaBinding" type="tns:EchoUnionTypesPortType">
    <soap:binding transport="http://schemas.xmlsoap.org/soap/http"/>
    <wsdl:operation name="echo8">
      <soap:operation/>
      <wsdl:input name="echo8">
        <soap:body use="literal"/>
      </wsdl:input>
      <wsdl:output name="echo8Response">
        <soap:body use="literal"/>
      </wsdl:output>
      <wsdl:fault name="EchoUnionException">
        <soap:fault name="EchoUnionException" use="literal"/>
      </wsdl:fault>
    </wsdl:operation>
    <wsdl:operation name="echo7">
      <soap:operation/>
      <wsdl:input name="echo7">
        <soap:body use="literal"/>
      </wsdl:input>
      <wsdl:output name="echo7Response">
        <soap:body use="literal"/>
      </wsdl:output>
    </wsdl:operation>
    <wsdl:operation name="echo6">
      <soap:operation/>
      <wsdl:input name="echo6">
        <soap:body use="literal"/>
      </wsdl:input>
      <wsdl:output name="echo6Response">
        <soap:body use="literal"/>
      </wsdl:output>
    </wsdl:operation>
    <wsdl:operation name="echo9">
      <soap:operation/>
      <wsdl:input name="echo9">
        <soap:body use="literal"/>
      </wsdl:input>
      <wsdl:output name="echo9Response">
        <soap:body use="literal"/>
      </wsdl:output>
    </wsdl:operation>
    <wsdl:operation name="echo2">
      <soap:operation/>
      <wsdl:input name="echo2">
        <soap:body use="literal"/>
      </wsdl:input>
      <wsdl:output name="echo2Response">
        <soap:body use="literal"/>
      </wsdl:output>
    </wsdl:operation>
    <wsdl:operation name="echo1">
      <soap:operation/>
      <wsdl:input name="echo1">
        <soap:body use="literal"/>
      </wsdl:input>
      <wsdl:output name="echo1Response">
        <soap:body use="literal"/>
      </wsdl:output>
    </wsdl:operation>
    <wsdl:operation name="echo4">
      <soap:operation/>
      <wsdl:input name="echo4">
        <soap:body use="literal"/>
      </wsdl:input>
      <wsdl:output name="echo4Response">
        <soap:body use="literal"/>
      </wsdl:output>
    </wsdl:operation>
    <wsdl:operation name="echo3">
      <soap:operation/>
      <wsdl:input name="echo3">
        <soap:body use="literal"/>
      </wsdl:input>
      <wsdl:output name="echo3Response">
        <soap:body use="literal"/>
      </wsdl:output>
    </wsdl:operation>
    <wsdl:operation name="echo5">
      <soap:operation/>
      <wsdl:input name="echo5">
        <soap:body use="literal"/>
      </wsdl:input>
      <wsdl:output name="echo5Response">
        <soap:body use="literal"/>
      </wsdl:output>
    </wsdl:operation>
  </wsdl:binding>
  <wsdl:service name="EchoUnionTypes">
    <wsdl:port name="EchoUnionTypesCorbaPort" binding="tns:EchoUnionTypesCorbaBinding">
      <soap:address location="http://localhost:8192/Service/test-consumer-fromidl-complex-uniontypes/"/>
    </wsdl:port>
  </wsdl:service>
  <plnk:partnerLinkType name="echoUnionTypesProcess">
    <plnk:role name="echoUnionTypesProcess" portType="tns:EchoUnionTypesPortType"/>
  </plnk:partnerLinkType>
</wsdl:definitions>]]></con:content><con:type>http://schemas.xmlsoap.org/wsdl/</con:type></con:part></con:definitionCache><con:endpoints><con:endpoint>http://localhost:8192/Service/test-consumer-fromidl-complex-uniontypes/</con:endpoint><con:endpoint>http://localhost:8192/Service/test-consumer-fromidl-complex-uniontypes/</con:endpoint></con:endpoints><con:operation isOneWay="false" action="" name="echo1" bindingOperationName="echo1" type="Request-Response" outputName="echo1Response" inputName="echo1" receivesAttachments="false" sendsAttachments="false" anonymous="optional"><con:settings/><con:call name="Request 1"><con:settings/><con:encoding>UTF-8</con:encoding><con:endpoint>http://localhost:8192/Service/test-consumer-fromidl-complex-uniontypes/</con:endpoint><con:request><![CDATA[<soapenv:Envelope xmlns:soapenv="http://schemas.xmlsoap.org/soap/envelope/" xmlns:test="urn:jbi4corba/test-consumer-fromidl-complex-uniontypes" xmlns:tes="http://testconsumerfromidluniontypes.test.jbi4corba.imolinfo.it/">
   <soapenv:Header/>
   <soapenv:Body>
      <test:echo1>
         <!--Optional:-->
         <test:msg>
            <!--You have a CHOICE of the next 4 items at this level-->
            <tes:primo>3</tes:primo>
            <tes:altro>false</tes:altro>
            <tes:secondo>1</tes:secondo>
            <tes:third>
               <!--Zero or more repetitions:-->
               <item>anyType</item>
            </tes:third>
         </test:msg>
      </test:echo1>
   </soapenv:Body>
</soapenv:Envelope>]]></con:request><con:wsaConfig mustUnderstand="NONE" version="200508" action="urn:jbi4corba/test-consumer-fromidl-complex-uniontypes/EchoUnionTypesPortType/echo1"/></con:call></con:operation><con:operation isOneWay="false" action="" name="echo2" bindingOperationName="echo2" type="Request-Response" outputName="echo2Response" inputName="echo2" receivesAttachments="false" sendsAttachments="false" anonymous="optional"><con:settings/><con:call name="Request 1"><con:settings/><con:encoding>UTF-8</con:encoding><con:endpoint>http://localhost:8192/Service/test-consumer-fromidl-complex-uniontypes/</con:endpoint><con:request><![CDATA[<soapenv:Envelope xmlns:soapenv="http://schemas.xmlsoap.org/soap/envelope/" xmlns:test="urn:jbi4corba/test-consumer-fromidl-complex-uniontypes" xmlns:tes="http://testconsumerfromidluniontypes.test.jbi4corba.imolinfo.it/">
   <soapenv:Header/>
   <soapenv:Body>
      <test:echo2>
         <!--Optional:-->
         <test:msg>
            <!--You have a CHOICE of the next 3 items at this level-->
            <tes:alfanumeric>gero et</tes:alfanumeric>
            <tes:numeric>3</tes:numeric>
            <tes:two_format/>
         </test:msg>
      </test:echo2>
   </soapenv:Body>
</soapenv:Envelope>]]></con:request><con:wsaConfig mustUnderstand="NONE" version="200508" action="urn:jbi4corba/test-consumer-fromidl-complex-uniontypes/EchoUnionTypesPortType/echo2"/></con:call></con:operation><con:operation isOneWay="false" action="" name="echo3" bindingOperationName="echo3" type="Request-Response" outputName="echo3Response" inputName="echo3" receivesAttachments="false" sendsAttachments="false" anonymous="optional"><con:settings/><con:call name="Request 1"><con:settings/><con:encoding>UTF-8</con:encoding><con:endpoint>http://localhost:8192/Service/test-consumer-fromidl-complex-uniontypes/</con:endpoint><con:request><![CDATA[<soapenv:Envelope xmlns:soapenv="http://schemas.xmlsoap.org/soap/envelope/" xmlns:test="urn:jbi4corba/test-consumer-fromidl-complex-uniontypes">
   <soapenv:Header/>
   <soapenv:Body>
      <test:echo3>
         <!--Optional:-->
         <test:msg>gero et</test:msg>
      </test:echo3>
   </soapenv:Body>
</soapenv:Envelope>]]></con:request><con:wsaConfig mustUnderstand="NONE" version="200508" action="urn:jbi4corba/test-consumer-fromidl-complex-uniontypes/EchoUnionTypesPortType/echo3"/></con:call></con:operation><con:operation isOneWay="false" action="" name="echo4" bindingOperationName="echo4" type="Request-Response" outputName="echo4Response" inputName="echo4" receivesAttachments="false" sendsAttachments="false" anonymous="optional"><con:settings/><con:call name="Request 1"><con:settings/><con:encoding>UTF-8</con:encoding><con:endpoint>http://localhost:8192/Service/test-consumer-fromidl-complex-uniontypes/</con:endpoint><con:request><![CDATA[<soapenv:Envelope xmlns:soapenv="http://schemas.xmlsoap.org/soap/envelope/" xmlns:test="urn:jbi4corba/test-consumer-fromidl-complex-uniontypes" xmlns:tes="http://testconsumerfromidluniontypes.test.jbi4corba.imolinfo.it/">
   <soapenv:Header/>
   <soapenv:Body>
      <test:echo4>
         <!--Optional:-->
         <test:msg>
            <tes:fieldBoolean>false</tes:fieldBoolean>
            <tes:fieldChar>5</tes:fieldChar>
            <!--You have a CHOICE of the next 3 items at this level-->
            <tes:alfanumeric>cum murmure</tes:alfanumeric>
            <tes:numeric>3</tes:numeric>
            <tes:two_format/>
         </test:msg>
      </test:echo4>
   </soapenv:Body>
</soapenv:Envelope>]]></con:request><con:wsaConfig mustUnderstand="NONE" version="200508" action="urn:jbi4corba/test-consumer-fromidl-complex-uniontypes/EchoUnionTypesPortType/echo4"/></con:call></con:operation><con:operation isOneWay="false" action="" name="echo5" bindingOperationName="echo5" type="Request-Response" outputName="echo5Response" inputName="echo5" receivesAttachments="false" sendsAttachments="false" anonymous="optional"><con:settings/><con:call name="Request 1"><con:settings/><con:encoding>UTF-8</con:encoding><con:endpoint>http://localhost:8192/Service/test-consumer-fromidl-complex-uniontypes/</con:endpoint><con:request><![CDATA[<soapenv:Envelope xmlns:soapenv="http://schemas.xmlsoap.org/soap/envelope/" xmlns:test="urn:jbi4corba/test-consumer-fromidl-complex-uniontypes" xmlns:tes="http://testconsumerfromidluniontypes.test.jbi4corba.imolinfo.it/">
   <soapenv:Header/>
   <soapenv:Body>
      <test:echo5>
         <!--Optional:-->
         <test:msg>
            <tes:fieldBoolean>false</tes:fieldBoolean>
            <tes:fieldChar>5</tes:fieldChar>
            <!--You have a CHOICE of the next 3 items at this level-->
            <tes:alfanumeric>cum murmure</tes:alfanumeric>
            <tes:numeric>3</tes:numeric>
            <tes:two_format/>
         </test:msg>
      </test:echo5>
   </soapenv:Body>
</soapenv:Envelope>]]></con:request><con:wsaConfig mustUnderstand="NONE" version="200508" action="urn:jbi4corba/test-consumer-fromidl-complex-uniontypes/EchoUnionTypesPortType/echo5"/></con:call></con:operation><con:operation isOneWay="false" action="" name="echo6" bindingOperationName="echo6" type="Request-Response" outputName="echo6Response" inputName="echo6" receivesAttachments="false" sendsAttachments="false" anonymous="optional"><con:settings/><con:call name="Request 1"><con:settings/><con:encoding>UTF-8</con:encoding><con:endpoint>http://localhost:8192/Service/test-consumer-fromidl-complex-uniontypes/</con:endpoint><con:request><![CDATA[<soapenv:Envelope xmlns:soapenv="http://schemas.xmlsoap.org/soap/envelope/" xmlns:test="urn:jbi4corba/test-consumer-fromidl-complex-uniontypes">
   <soapenv:Header/>
   <soapenv:Body>
      <test:echo6>
         <!--Optional:-->
         <test:msg>gero et</test:msg>
      </test:echo6>
   </soapenv:Body>
</soapenv:Envelope>]]></con:request><con:wsaConfig mustUnderstand="NONE" version="200508" action="urn:jbi4corba/test-consumer-fromidl-complex-uniontypes/EchoUnionTypesPortType/echo6"/></con:call></con:operation><con:operation isOneWay="false" action="" name="echo7" bindingOperationName="echo7" type="Request-Response" outputName="echo7Response" inputName="echo7" receivesAttachments="false" sendsAttachments="false" anonymous="optional"><con:settings/><con:call name="Request 1"><con:settings/><con:encoding>UTF-8</con:encoding><con:endpoint>http://localhost:8192/Service/test-consumer-fromidl-complex-uniontypes/</con:endpoint><con:request><![CDATA[<soapenv:Envelope xmlns:soapenv="http://schemas.xmlsoap.org/soap/envelope/" xmlns:test="urn:jbi4corba/test-consumer-fromidl-complex-uniontypes">
   <soapenv:Header/>
   <soapenv:Body>
      <test:echo7>
         <!--Optional:-->
         <test:msg>gero et</test:msg>
      </test:echo7>
   </soapenv:Body>
</soapenv:Envelope>]]></con:request><con:wsaConfig mustUnderstand="NONE" version="200508" action="urn:jbi4corba/test-consumer-fromidl-complex-uniontypes/EchoUnionTypesPortType/echo7"/></con:call></con:operation><con:operation isOneWay="false" action="" name="echo8" bindingOperationName="echo8" type="Request-Response" outputName="echo8Response" inputName="echo8" receivesAttachments="false" sendsAttachments="false" anonymous="optional"><con:settings/><con:call name="Request 1"><con:settings/><con:encoding>UTF-8</con:encoding><con:endpoint>http://localhost:8192/Service/test-consumer-fromidl-complex-uniontypes/</con:endpoint><con:request><![CDATA[<soapenv:Envelope xmlns:soapenv="http://schemas.xmlsoap.org/soap/envelope/" xmlns:test="urn:jbi4corba/test-consumer-fromidl-complex-uniontypes">
   <soapenv:Header/>
   <soapenv:Body>
      <test:echo8>
         <!--Optional:-->
         <test:msg>gero et</test:msg>
      </test:echo8>
   </soapenv:Body>
</soapenv:Envelope>]]></con:request><con:wsaConfig mustUnderstand="NONE" version="200508" action="urn:jbi4corba/test-consumer-fromidl-complex-uniontypes/EchoUnionTypesPortType/echo8"/></con:call></con:operation><con:operation isOneWay="false" action="" name="echo9" bindingOperationName="echo9" type="Request-Response" outputName="echo9Response" inputName="echo9" receivesAttachments="false" sendsAttachments="false" anonymous="optional"><con:settings/><con:call name="Request 1"><con:settings/><con:encoding>UTF-8</con:encoding><con:endpoint>http://localhost:8192/Service/test-consumer-fromidl-complex-uniontypes/</con:endpoint><con:request><![CDATA[<soapenv:Envelope xmlns:soapenv="http://schemas.xmlsoap.org/soap/envelope/" xmlns:test="urn:jbi4corba/test-consumer-fromidl-complex-uniontypes" xmlns:tes="http://testconsumerfromidluniontypes.test.jbi4corba.imolinfo.it/">
   <soapenv:Header/>
   <soapenv:Body>
      <test:echo9>
         <!--Zero or more repetitions:-->
         <test:msg>
            <!--Zero or more repetitions:-->
            <tes:item>
               <tes:fieldBoolean>false</tes:fieldBoolean>
               <tes:fieldChar>5</tes:fieldChar>
               <!--You have a CHOICE of the next 3 items at this level-->
               <tes:alfanumeric>cum murmure</tes:alfanumeric>
               <tes:numeric>3</tes:numeric>
               <tes:two_format/>
            </tes:item>
         </test:msg>
      </test:echo9>
   </soapenv:Body>
</soapenv:Envelope>]]></con:request><con:wsaConfig mustUnderstand="NONE" version="200508" action="urn:jbi4corba/test-consumer-fromidl-complex-uniontypes/EchoUnionTypesPortType/echo9"/></con:call></con:operation></con:interface><con:testSuite name="EchoUnionTypesCorbaBinding TestSuite"><con:settings/><con:runType>SEQUENTIAL</con:runType><con:testCase failOnError="true" failTestCaseOnErrors="true" keepSession="false" maxResults="0" name="EchoUnionTypesCorbaBinding TestSuite" searchProperties="true" timeout="0" id="95ad6bd3-c844-44d2-9d7e-9b0e3ff72706"><con:settings/><con:testStep type="request" name="echo1"><con:settings/><con:config xsi:type="con:RequestStep" xmlns:xsi="http://www.w3.org/2001/XMLSchema-instance"><con:interface>EchoUnionTypesCorbaBinding</con:interface><con:operation>echo1</con:operation><con:request name="echo1"><con:settings/><con:encoding>UTF-8</con:encoding><con:endpoint>http://localhost:8192/Service/test-consumer-fromidl-complex-uniontypes/</con:endpoint><con:request><![CDATA[<soapenv:Envelope xmlns:soapenv="http://schemas.xmlsoap.org/soap/envelope/" xmlns:test="urn:jbi4corba/test-consumer-fromidl-complex-uniontypes" xmlns:tes="http://testconsumerfromidluniontypes.test.jbi4corba.imolinfo.it/">
   <soapenv:Header/>
   <soapenv:Body>
      <test:echo1>
         <!--Optional:-->
         <test:msg>
            <!--You have a CHOICE of the next 4 items at this level-->
            
            <tes:altro>true</tes:altro>
            
         </test:msg>
      </test:echo1>
   </soapenv:Body>
</soapenv:Envelope>]]></con:request><con:assertion type="SOAP Response"/><con:assertion type="SOAP Fault Assertion"/><con:assertion type="Schema Compliance"><con:configuration><definition/></con:configuration></con:assertion><con:wsaConfig action="urn:jbi4corba/test-consumer-fromidl-complex-uniontypes/EchoUnionTypesPortType/echo1" mustUnderstand="NONE" version="200508"/></con:request></con:config></con:testStep><con:testStep type="request" name="echo2"><con:settings/><con:config xsi:type="con:RequestStep" xmlns:xsi="http://www.w3.org/2001/XMLSchema-instance"><con:interface>EchoUnionTypesCorbaBinding</con:interface><con:operation>echo2</con:operation><con:request name="echo2"><con:settings/><con:encoding>UTF-8</con:encoding><con:endpoint>http://localhost:8192/Service/test-consumer-fromidl-complex-uniontypes/</con:endpoint><con:request><![CDATA[<soapenv:Envelope xmlns:soapenv="http://schemas.xmlsoap.org/soap/envelope/" xmlns:test="urn:jbi4corba/test-consumer-fromidl-complex-uniontypes" xmlns:tes="http://testconsumerfromidluniontypes.test.jbi4corba.imolinfo.it/">
   <soapenv:Header/>
   <soapenv:Body>
      <test:echo2>
         <!--Optional:-->
         <test:msg>
            <!--You have a CHOICE of the next 3 items at this level-->
            <tes:alfanumeric>gero et</tes:alfanumeric>
              </test:msg>
      </test:echo2>
   </soapenv:Body>
</soapenv:Envelope>]]></con:request><con:assertion type="SOAP Response"/><con:assertion type="Schema Compliance"><con:configuration><definition/></con:configuration></con:assertion><con:assertion type="SOAP Fault Assertion"/><con:wsaConfig action="urn:jbi4corba/test-consumer-fromidl-complex-uniontypes/EchoUnionTypesPortType/echo2" mustUnderstand="NONE" version="200508"/></con:request></con:config></con:testStep><con:testStep type="request" name="echo3"><con:settings/><con:config xsi:type="con:RequestStep" xmlns:xsi="http://www.w3.org/2001/XMLSchema-instance"><con:interface>EchoUnionTypesCorbaBinding</con:interface><con:operation>echo3</con:operation><con:request name="echo3"><con:settings/><con:encoding>UTF-8</con:encoding><con:endpoint>http://localhost:8192/Service/test-consumer-fromidl-complex-uniontypes/</con:endpoint><con:request><![CDATA[<soapenv:Envelope xmlns:soapenv="http://schemas.xmlsoap.org/soap/envelope/" xmlns:test="urn:jbi4corba/test-consumer-fromidl-complex-uniontypes">
   <soapenv:Header/>
   <soapenv:Body>
      <test:echo3>
         <!--Optional:-->
         <test:msg>gero et</test:msg>
      </test:echo3>
   </soapenv:Body>
</soapenv:Envelope>]]></con:request><con:assertion type="SOAP Response"/><con:assertion type="SOAP Fault Assertion"/><con:wsaConfig action="urn:jbi4corba/test-consumer-fromidl-complex-uniontypes/EchoUnionTypesPortType/echo3" mustUnderstand="NONE" version="200508"/></con:request></con:config></con:testStep><con:testStep type="request" name="echo4"><con:settings/><con:config xsi:type="con:RequestStep" xmlns:xsi="http://www.w3.org/2001/XMLSchema-instance"><con:interface>EchoUnionTypesCorbaBinding</con:interface><con:operation>echo4</con:operation><con:request name="echo4"><con:settings/><con:encoding>UTF-8</con:encoding><con:endpoint>http://localhost:8192/Service/test-consumer-fromidl-complex-uniontypes/</con:endpoint><con:request><![CDATA[<soapenv:Envelope xmlns:soapenv="http://schemas.xmlsoap.org/soap/envelope/" xmlns:test="urn:jbi4corba/test-consumer-fromidl-complex-uniontypes" xmlns:tes="http://testconsumerfromidluniontypes.test.jbi4corba.imolinfo.it/">
   <soapenv:Header/>
   <soapenv:Body>
      <test:echo4>
         <!--Optional:-->
         <test:msg>
            <tes:fieldBoolean>false</tes:fieldBoolean>
            <tes:fieldChar>5</tes:fieldChar>
            <tes:fieldWChar>
                <tes:alfanumeric>cum murmure</tes:alfanumeric>
	   </tes:fieldWChar>
         </test:msg>
      </test:echo4>
   </soapenv:Body>
</soapenv:Envelope>]]></con:request><con:assertion type="SOAP Response"/><con:assertion type="Schema Compliance"><con:configuration><definition/></con:configuration></con:assertion><con:assertion type="SOAP Fault Assertion"/><con:wsaConfig action="urn:jbi4corba/test-consumer-fromidl-complex-uniontypes/EchoUnionTypesPortType/echo4" mustUnderstand="NONE" version="200508"/></con:request></con:config></con:testStep><con:testStep type="request" name="echo5"><con:settings/><con:config xsi:type="con:RequestStep" xmlns:xsi="http://www.w3.org/2001/XMLSchema-instance"><con:interface>EchoUnionTypesCorbaBinding</con:interface><con:operation>echo5</con:operation><con:request name="echo5"><con:settings/><con:encoding>UTF-8</con:encoding><con:endpoint>http://localhost:8192/Service/test-consumer-fromidl-complex-uniontypes/</con:endpoint><con:request><![CDATA[<soapenv:Envelope xmlns:soapenv="http://schemas.xmlsoap.org/soap/envelope/" xmlns:test="urn:jbi4corba/test-consumer-fromidl-complex-uniontypes" xmlns:tes="http://testconsumerfromidluniontypes.test.jbi4corba.imolinfo.it/">
   <soapenv:Header/>
   <soapenv:Body>
      <test:echo5>
         <!--Optional:-->
         <test:msg>
            <tes:fieldBoolean>false</tes:fieldBoolean>
            <tes:fieldChar>5</tes:fieldChar>
            <tes:fieldWChar>
               <tes:alfanumeric>cum murmure</tes:alfanumeric>
            </tes:fieldWChar>
         </test:msg>
      </test:echo5>
   </soapenv:Body>
</soapenv:Envelope>]]></con:request><con:assertion type="SOAP Response"/><con:assertion type="SOAP Fault Assertion"/><con:wsaConfig action="urn:jbi4corba/test-consumer-fromidl-complex-uniontypes/EchoUnionTypesPortType/echo5" mustUnderstand="NONE" version="200508"/></con:request></con:config></con:testStep><con:testStep type="request" name="echo6"><con:settings/><con:config xsi:type="con:RequestStep" xmlns:xsi="http://www.w3.org/2001/XMLSchema-instance"><con:interface>EchoUnionTypesCorbaBinding</con:interface><con:operation>echo6</con:operation><con:request name="echo6"><con:settings/><con:encoding>UTF-8</con:encoding><con:endpoint>http://localhost:8192/Service/test-consumer-fromidl-complex-uniontypes/</con:endpoint><con:request><![CDATA[<soapenv:Envelope xmlns:soapenv="http://schemas.xmlsoap.org/soap/envelope/" xmlns:test="urn:jbi4corba/test-consumer-fromidl-complex-uniontypes">
   <soapenv:Header/>
   <soapenv:Body>
      <test:echo6>
         <!--Optional:-->
         <test:msg>gero et</test:msg>
      </test:echo6>
   </soapenv:Body>
</soapenv:Envelope>]]></con:request><con:assertion type="SOAP Response"/><con:assertion type="SOAP Fault Assertion"/><con:wsaConfig action="urn:jbi4corba/test-consumer-fromidl-complex-uniontypes/EchoUnionTypesPortType/echo6" mustUnderstand="NONE" version="200508"/></con:request></con:config></con:testStep><con:testStep type="request" name="echo8"><con:settings/><con:config xsi:type="con:RequestStep" xmlns:xsi="http://www.w3.org/2001/XMLSchema-instance"><con:interface>EchoUnionTypesCorbaBinding</con:interface><con:operation>echo8</con:operation><con:request name="echo8"><con:settings/><con:encoding>UTF-8</con:encoding><con:endpoint>http://localhost:8192/Service/test-consumer-fromidl-complex-uniontypes/</con:endpoint><con:request><![CDATA[<soapenv:Envelope xmlns:soapenv="http://schemas.xmlsoap.org/soap/envelope/" xmlns:test="urn:jbi4corba/test-consumer-fromidl-complex-uniontypes">
   <soapenv:Header/>
   <soapenv:Body>
      <test:echo8>
         <!--Optional:-->
         <test:msg>gero et</test:msg>
      </test:echo8>
   </soapenv:Body>
</soapenv:Envelope>]]></con:request><con:assertion type="SOAP Response"/><con:assertion type="Schema Compliance"><con:configuration><definition/></con:configuration></con:assertion><con:assertion type="SOAP Fault Assertion"/><con:wsaConfig action="urn:jbi4corba/test-consumer-fromidl-complex-uniontypes/EchoUnionTypesPortType/echo8" mustUnderstand="NONE" version="200508"/></con:request></con:config></con:testStep><con:testStep type="request" name="echo9"><con:settings/><con:config xsi:type="con:RequestStep" xmlns:xsi="http://www.w3.org/2001/XMLSchema-instance"><con:interface>EchoUnionTypesCorbaBinding</con:interface><con:operation>echo9</con:operation><con:request name="echo9"><con:settings/><con:encoding>UTF-8</con:encoding><con:endpoint>http://localhost:8192/Service/test-consumer-fromidl-complex-uniontypes/</con:endpoint><con:request><![CDATA[<soapenv:Envelope xmlns:soapenv="http://schemas.xmlsoap.org/soap/envelope/" xmlns:test="urn:jbi4corba/test-consumer-fromidl-complex-uniontypes" xmlns:tes="http://testconsumerfromidluniontypes.test.jbi4corba.imolinfo.it/">
   <soapenv:Header/>
   <soapenv:Body>
      <test:echo9>
         <!--Zero or more repetitions:-->
         <test:msg>
            <!--Zero or more repetitions:-->
            <item>
               <tes:fieldBoolean>false</tes:fieldBoolean>
               <tes:fieldChar>233</tes:fieldChar>
               <!--You have a CHOICE of the next 3 items at this level-->
              <tes:fieldWChar>
                 <tes:alfanumeric>00</tes:alfanumeric>
                </tes:fieldWChar>
     
            </item>
 	    <item>
               <tes:fieldBoolean>false</tes:fieldBoolean>
               <tes:fieldChar>233</tes:fieldChar>
               <!--You have a CHOICE of the next 3 items at this level-->
              <tes:fieldWChar>
                 <tes:alfanumeric>01</tes:alfanumeric>
                </tes:fieldWChar>
          
            </item>
            <item>
               <tes:fieldBoolean>false</tes:fieldBoolean>
               <tes:fieldChar>233</tes:fieldChar>
                <tes:fieldWChar>
                 <tes:alfanumeric>02</tes:alfanumeric>
                </tes:fieldWChar>
            </item>
         </test:msg>
         <test:msg>
            <!--Zero or more repetitions:-->
            <item xmlns="" xmlns:ns3="http://testprovideruniontypes.test.jbi4corba.imolinfo.it/">
               <tes:fieldBoolean>false</tes:fieldBoolean>
               <tes:fieldChar>233</tes:fieldChar>
              <tes:fieldWChar>
                 <tes:alfanumeric>10</tes:alfanumeric>
                </tes:fieldWChar>
          
            </item>
            <item xmlns="" xmlns:ns3="http://testprovideruniontypes.test.jbi4corba.imolinfo.it/">
               <tes:fieldBoolean>false</tes:fieldBoolean>
               <tes:fieldChar>233</tes:fieldChar>
              <tes:fieldWChar>
                 <tes:alfanumeric>11</tes:alfanumeric>
                </tes:fieldWChar>
       
            </item>
            <item xmlns="" xmlns:ns3="http://testprovideruniontypes.test.jbi4corba.imolinfo.it/">
               <tes:fieldBoolean>false</tes:fieldBoolean>
               <tes:fieldChar>233</tes:fieldChar>
              <tes:fieldWChar>
                 <tes:alfanumeric>12</tes:alfanumeric>
                </tes:fieldWChar>
     
            </item>
         </test:msg>
      </test:echo9>
   </soapenv:Body>
</soapenv:Envelope>]]></con:request><con:assertion type="SOAP Response"/><con:assertion type="Schema Compliance"><con:configuration><definition/></con:configuration></con:assertion><con:assertion type="SOAP Fault Assertion"/><con:wsaConfig action="urn:jbi4corba/test-consumer-fromidl-complex-uniontypes/EchoUnionTypesPortType/echo9" mustUnderstand="NONE" version="200508"/></con:request></con:config></con:testStep><con:properties/></con:testCase><con:properties/></con:testSuite><con:properties/><con:wssContainer/></con:soapui-project>