<?xml version="1.0" encoding="UTF-8"?>
<con:soapui-project name="test-provider-crb106" soapui-version="2.5" resourceRoot="" xmlns:con="http://eviware.com/soapui/config"><con:settings><con:setting id="ProjectSettings@projectRoot">/home/raffaele/lavoro/Progetti/nokia/progetto/pragma_prefix/open-jbi-components/contrib-imola/corba-bc/integration-test/test-provider-crb106/provider-crb106-integration-test/src/test/etc/soapui</con:setting></con:settings><con:interface name="EchoCrb106SingleCorbaBinding" bindingName="{urn:jbi4corba/test-provider-crb106}EchoCrb106SingleCorbaBinding" soapVersion="1_1" definition="http://localhost:8192/Service/test-provider-crb106/EchoCrb106SingleService/?wsdl" xsi:type="con:WsdlInterface" wsaVersion="NONE" xmlns:xsi="http://www.w3.org/2001/XMLSchema-instance"><con:settings/><con:definitionCache type="TEXT" rootPart="http://localhost:8192/Service/test-provider-crb106/EchoCrb106SingleService/?wsdl"><con:part><con:url>http://192.168.1.209:8192/provider-crb106-http-consumer-single/TypeDef_testprovidercrb106.test.jbi4corba.imolinfo.it.xsd</con:url><con:content><![CDATA[<xs:schema attributeFormDefault="qualified" elementFormDefault="qualified" targetNamespace="http://testprovidercrb106.test.jbi4corba.imolinfo.it/" xmlns:xs="http://www.w3.org/2001/XMLSchema" xmlns:tns="http://testprovidercrb106.test.jbi4corba.imolinfo.it/">
  <xs:complexType name="valueTypeA">
    <xs:sequence>
      <xs:element name="fieldBoolean" type="xs:boolean"/>
      <xs:element name="fieldChar" type="xs:unsignedShort"/>
      <xs:element name="fieldWChar" type="xs:unsignedShort"/>
      <xs:element name="fieldOctet" type="xs:byte"/>
      <xs:element minOccurs="0" name="fieldString" type="xs:string"/>
      <xs:element minOccurs="0" name="fieldWString" type="xs:string"/>
      <xs:element name="fieldShort" type="xs:short"/>
      <xs:element name="fieldUnsignedShort" type="xs:short"/>
      <xs:element name="fieldLong" type="xs:int"/>
      <xs:element name="fieldUnsignedLong" type="xs:int"/>
      <xs:element name="fieldLongLong" type="xs:long"/>
      <xs:element name="fieldUnsignedLongLong" type="xs:long"/>
      <xs:element name="fieldFloat" type="xs:float"/>
      <xs:element name="fieldDouble" type="xs:double"/>
      <xs:element minOccurs="0" name="typeB" type="tns:valueTypeB"/>
    </xs:sequence>
  </xs:complexType>
  <xs:complexType name="valueTypeB">
    <xs:sequence>
      <xs:element name="fieldBoolean" type="xs:boolean"/>
      <xs:element name="fieldChar" type="xs:unsignedShort"/>
      <xs:element name="fieldWChar" type="xs:unsignedShort"/>
      <xs:element name="fieldOctet" type="xs:byte"/>
      <xs:element minOccurs="0" name="fieldString" type="xs:string"/>
      <xs:element minOccurs="0" name="fieldWString" type="xs:string"/>
      <xs:element name="fieldShort" type="xs:short"/>
      <xs:element name="fieldUnsignedShort" type="xs:short"/>
      <xs:element name="fieldLong" type="xs:int"/>
      <xs:element name="fieldUnsignedLong" type="xs:int"/>
      <xs:element name="fieldLongLong" type="xs:long"/>
      <xs:element name="fieldUnsignedLongLong" type="xs:long"/>
      <xs:element name="fieldFloat" type="xs:float"/>
      <xs:element name="fieldDouble" type="xs:double"/>
      <xs:element minOccurs="0" name="typeA" type="tns:valueTypeA"/>
    </xs:sequence>
  </xs:complexType>
  <xs:complexType name="structAB">
    <xs:sequence>
      <xs:element minOccurs="0" name="a" type="tns:valueTypeA"/>
      <xs:element minOccurs="0" name="b" type="tns:valueTypeB"/>
    </xs:sequence>
  </xs:complexType>
</xs:schema>]]></con:content><con:type>http://www.w3.org/2001/XMLSchema</con:type></con:part><con:part><con:url>http://localhost:8192/Service/test-provider-crb106/EchoCrb106SingleService/?wsdl</con:url><con:content><![CDATA[<wsdl:definitions name="EchoCrb106Single" targetNamespace="urn:jbi4corba/test-provider-crb106" xmlns:plnk="http://docs.oasis-open.org/wsbpel/2.0/plnktype" xmlns:wsdl="http://schemas.xmlsoap.org/wsdl/" xmlns:tns="urn:jbi4corba/test-provider-crb106" xmlns:xsd="http://www.w3.org/2001/XMLSchema" xmlns:soap="http://schemas.xmlsoap.org/wsdl/soap/">
  <wsdl:types>
    <xs:schema attributeFormDefault="unqualified" elementFormDefault="qualified" targetNamespace="urn:jbi4corba/test-provider-crb106" xmlns="urn:jbi4corba/test-provider-crb106" xmlns:ns1="http://testprovidercrb106.test.jbi4corba.imolinfo.it/" xmlns:xs="http://www.w3.org/2001/XMLSchema">
      <xs:import namespace="http://testprovidercrb106.test.jbi4corba.imolinfo.it/" schemaLocation="http://192.168.1.209:8192/provider-crb106-http-consumer-single/TypeDef_testprovidercrb106.test.jbi4corba.imolinfo.it.xsd"/>
      <xs:element name="methodA">
        <xs:complexType>
          <xs:sequence>
            <xs:element minOccurs="0" name="a" type="ns1:valueTypeA"/>
          </xs:sequence>
        </xs:complexType>
      </xs:element>
      <xs:element name="methodAResponse">
        <xs:complexType>
          <xs:sequence>
            <xs:element minOccurs="0" name="return" type="ns1:structAB"/>
          </xs:sequence>
        </xs:complexType>
      </xs:element>
      <xs:element name="methodB">
        <xs:complexType>
          <xs:sequence>
            <xs:element minOccurs="0" name="a" type="ns1:valueTypeA"/>
          </xs:sequence>
        </xs:complexType>
      </xs:element>
      <xs:element name="methodBResponse">
        <xs:complexType>
          <xs:sequence>
            <xs:element minOccurs="0" name="return" type="ns1:structAB"/>
          </xs:sequence>
        </xs:complexType>
      </xs:element>
    </xs:schema>
  </wsdl:types>
  <wsdl:message name="methodBResponse">
    <wsdl:part name="parameters" element="tns:methodBResponse"></wsdl:part>
  </wsdl:message>
  <wsdl:message name="methodB">
    <wsdl:part name="parameters" element="tns:methodB"></wsdl:part>
  </wsdl:message>
  <wsdl:message name="methodA">
    <wsdl:part name="parameters" element="tns:methodA"></wsdl:part>
  </wsdl:message>
  <wsdl:message name="methodAResponse">
    <wsdl:part name="parameters" element="tns:methodAResponse"></wsdl:part>
  </wsdl:message>
  <wsdl:portType name="EchoCrb106Single">
    <wsdl:operation name="methodB">
      <wsdl:input name="methodB" message="tns:methodB"></wsdl:input>
      <wsdl:output name="methodBResponse" message="tns:methodBResponse"></wsdl:output>
    </wsdl:operation>
    <wsdl:operation name="methodA">
      <wsdl:input name="methodA" message="tns:methodA"></wsdl:input>
      <wsdl:output name="methodAResponse" message="tns:methodAResponse"></wsdl:output>
    </wsdl:operation>
  </wsdl:portType>
  <wsdl:binding name="EchoCrb106SingleCorbaBinding" type="tns:EchoCrb106Single">
    <soap:binding style="document" transport="http://schemas.xmlsoap.org/soap/http"/>
    <wsdl:operation name="methodB">
      <soap:operation/>
      <wsdl:input name="methodB">
        <soap:body use="literal"/>
      </wsdl:input>
      <wsdl:output name="methodBResponse">
        <soap:body use="literal"/>
      </wsdl:output>
    </wsdl:operation>
    <wsdl:operation name="methodA">
      <soap:operation/>
      <wsdl:input name="methodA">
        <soap:body use="literal"/>
      </wsdl:input>
      <wsdl:output name="methodAResponse">
        <soap:body use="literal"/>
      </wsdl:output>
    </wsdl:operation>
  </wsdl:binding>
  <wsdl:service name="EchoCrb106Single">
    <wsdl:port name="EchoCrb106SingleCorbaPort" binding="tns:EchoCrb106SingleCorbaBinding">
      <soap:address location="http://192.168.1.209:8192/Service/test-provider-crb106/EchoCrb106SingleService/"/>
    </wsdl:port>
  </wsdl:service>
  <plnk:partnerLinkType name="EchoCrb106Single">
    <plnk:role name="EchoCrb106SinglePortTypeRole" portType="tns:EchoCrb106Single"/>
  </plnk:partnerLinkType>
</wsdl:definitions>]]></con:content><con:type>http://schemas.xmlsoap.org/wsdl/</con:type></con:part></con:definitionCache><con:endpoints><con:endpoint>http://localhost:8192/Service/test-provider-crb106/EchoCrb106SingleService/</con:endpoint><con:endpoint>http://localhost:8192/Service/test-provider-crb106/EchoCrb106SingleService/</con:endpoint><con:endpoint>http://192.168.1.209:8192/Service/test-provider-crb106/EchoCrb106SingleService/</con:endpoint></con:endpoints><con:operation isOneWay="false" action="" name="methodA" bindingOperationName="methodA" inputName="methodA" outputName="methodAResponse" receivesAttachments="false" sendsAttachments="false" type="Request-Response"><con:settings/><con:call name="Request 1"><con:settings/><con:encoding>UTF-8</con:encoding><con:endpoint>http://localhost:8192/Service/test-provider-crb106/EchoCrb106SingleService/</con:endpoint><con:request><![CDATA[<soapenv:Envelope xmlns:soapenv="http://schemas.xmlsoap.org/soap/envelope/" xmlns:test="urn:jbi4corba/test-provider-crb106" xmlns:tes="http://testprovidercrb106.test.jbi4corba.imolinfo.it/">
   <soapenv:Header/>
   <soapenv:Body>
      <test:methodA>
         <!--Optional:-->
         <test:a>
            <tes:fieldBoolean>true</tes:fieldBoolean>
            <tes:fieldChar>2</tes:fieldChar>
            <tes:fieldWChar>2</tes:fieldWChar>
            <tes:fieldOctet>5</tes:fieldOctet>
            <!--Optional:-->
            <tes:fieldString>2</tes:fieldString>
            <!--Optional:-->
            <tes:fieldWString>2</tes:fieldWString>
            <tes:fieldShort>6</tes:fieldShort>
            <tes:fieldUnsignedShort>9</tes:fieldUnsignedShort>
            <tes:fieldLong>3</tes:fieldLong>
            <tes:fieldUnsignedLong>7</tes:fieldUnsignedLong>
            <tes:fieldLongLong>4</tes:fieldLongLong>
            <tes:fieldUnsignedLongLong>8</tes:fieldUnsignedLongLong>
            <tes:fieldFloat>2.0</tes:fieldFloat>
            <tes:fieldDouble>1.0</tes:fieldDouble>
            <!--Optional:-->
            <tes:typeB>
               <tes:fieldBoolean>false</tes:fieldBoolean>
               <tes:fieldChar>1</tes:fieldChar>
               <tes:fieldWChar>1</tes:fieldWChar>
               <tes:fieldOctet>3</tes:fieldOctet>
               <!--Optional:-->
               <tes:fieldString>string2</tes:fieldString>
               <!--Optional:-->
               <tes:fieldWString>wzstring</tes:fieldWString>
               <tes:fieldShort>4</tes:fieldShort>
               <tes:fieldUnsignedShort>7</tes:fieldUnsignedShort>
               <tes:fieldLong>1</tes:fieldLong>
               <tes:fieldUnsignedLong>5</tes:fieldUnsignedLong>
               <tes:fieldLongLong>2</tes:fieldLongLong>
               <tes:fieldUnsignedLongLong>6</tes:fieldUnsignedLongLong>
               <tes:fieldFloat>56.78</tes:fieldFloat>
               <tes:fieldDouble>12.34</tes:fieldDouble>
               <!--Optional:-->
             
            </tes:typeB>
         </test:a>
      </test:methodA>
   </soapenv:Body>
</soapenv:Envelope>]]></con:request><con:wsaConfig mustUnderstand="NONE" version="200508"/></con:call></con:operation><con:operation isOneWay="false" action="" name="methodB" bindingOperationName="methodB" inputName="methodB" outputName="methodBResponse" receivesAttachments="false" sendsAttachments="false" type="Request-Response"><con:settings/><con:call name="Request 1"><con:settings/><con:encoding>UTF-8</con:encoding><con:endpoint>http://localhost:8192/Service/test-provider-crb106/EchoCrb106SingleService/</con:endpoint><con:request><![CDATA[<soapenv:Envelope xmlns:soapenv="http://schemas.xmlsoap.org/soap/envelope/" xmlns:test="urn:jbi4corba/test-provider-crb106" xmlns:tes="http://testprovidercrb106.test.jbi4corba.imolinfo.it/">
   <soapenv:Header/>
   <soapenv:Body>
      <test:methodB>
         <!--Optional:-->
         <test:a>
            <tes:fieldBoolean>true</tes:fieldBoolean>
            <tes:fieldChar>1</tes:fieldChar>
            <tes:fieldWChar>3</tes:fieldWChar>
            <tes:fieldOctet>6</tes:fieldOctet>
            <!--Optional:-->
            <tes:fieldString>8</tes:fieldString>
            <!--Optional:-->
            <tes:fieldWString>12</tes:fieldWString>
            <tes:fieldShort>7</tes:fieldShort>
            <tes:fieldUnsignedShort>11</tes:fieldUnsignedShort>
            <tes:fieldLong>4</tes:fieldLong>
            <tes:fieldUnsignedLong>9</tes:fieldUnsignedLong>
            <tes:fieldLongLong>5</tes:fieldLongLong>
            <tes:fieldUnsignedLongLong>10</tes:fieldUnsignedLongLong>
            <tes:fieldFloat>3</tes:fieldFloat>
            <tes:fieldDouble>2</tes:fieldDouble>
            <!--Optional:-->
            <tes:typeB>
               <tes:fieldBoolean>true</tes:fieldBoolean>
               <tes:fieldChar>3</tes:fieldChar>
               <tes:fieldWChar>7</tes:fieldWChar>
               <tes:fieldOctet>1</tes:fieldOctet>
               <!--Optional:-->
               <tes:fieldString>3</tes:fieldString>
               <!--Optional:-->
               <tes:fieldWString>8</tes:fieldWString>
               <tes:fieldShort>2</tes:fieldShort>
               <tes:fieldUnsignedShort>6</tes:fieldUnsignedShort>
               <tes:fieldLong>15</tes:fieldLong>
               <tes:fieldUnsignedLong>4</tes:fieldUnsignedLong>
               <tes:fieldLongLong>16</tes:fieldLongLong>
               <tes:fieldUnsignedLongLong>5</tes:fieldUnsignedLongLong>
               <tes:fieldFloat>14</tes:fieldFloat>
               <tes:fieldDouble>13</tes:fieldDouble>
               <!--Optional:-->
               <tes:typeA/>
            </tes:typeB>
         </test:a>
      </test:methodB>
   </soapenv:Body>
</soapenv:Envelope>]]></con:request><con:wsaConfig mustUnderstand="NONE" version="200508"/></con:call></con:operation></con:interface><con:interface name="EchoCrb106DoubleCorbaBinding" bindingName="{urn:jbi4corba/test-provider-crb106}EchoCrb106DoubleCorbaBinding" soapVersion="1_1" definition="http://localhost:8192/Service/test-provider-crb106/EchoCrb106DoubleService/?wsdl" xsi:type="con:WsdlInterface" wsaVersion="NONE" xmlns:xsi="http://www.w3.org/2001/XMLSchema-instance"><con:settings/><con:definitionCache type="TEXT" rootPart="http://localhost:8192/Service/test-provider-crb106/EchoCrb106DoubleService/?wsdl"><con:part><con:url>http://localhost:8192/Service/test-provider-crb106/EchoCrb106DoubleService/?wsdl</con:url><con:content><![CDATA[<wsdl:definitions name="EchoCrb106Double" targetNamespace="urn:jbi4corba/test-provider-crb106" xmlns:plnk="http://docs.oasis-open.org/wsbpel/2.0/plnktype" xmlns:wsdl="http://schemas.xmlsoap.org/wsdl/" xmlns:tns="urn:jbi4corba/test-provider-crb106" xmlns:xsd="http://www.w3.org/2001/XMLSchema" xmlns:soap="http://schemas.xmlsoap.org/wsdl/soap/">
  <wsdl:types>
    <xs:schema attributeFormDefault="unqualified" elementFormDefault="qualified" targetNamespace="urn:jbi4corba/test-provider-crb106" xmlns="urn:jbi4corba/test-provider-crb106" xmlns:ns1="http://testprovidercrb106.test.jbi4corba.imolinfo.it/" xmlns:xs="http://www.w3.org/2001/XMLSchema">
      <xs:import namespace="http://testprovidercrb106.test.jbi4corba.imolinfo.it/" schemaLocation="http://192.168.1.209:8192/provider-crb106-http-consumer-double/TypeDef_testprovidercrb106.test.jbi4corba.imolinfo.it.xsd"/>
      <xs:element name="methodA">
        <xs:complexType>
          <xs:sequence>
            <xs:element minOccurs="0" name="a" type="ns1:valueTypeA"/>
            <xs:element minOccurs="0" name="b" type="ns1:valueTypeB"/>
          </xs:sequence>
        </xs:complexType>
      </xs:element>
      <xs:element name="methodAResponse">
        <xs:complexType>
          <xs:sequence>
            <xs:element minOccurs="0" name="return" type="ns1:structAB"/>
          </xs:sequence>
        </xs:complexType>
      </xs:element>
      <xs:element name="methodB">
        <xs:complexType>
          <xs:sequence>
            <xs:element minOccurs="0" name="a" type="ns1:valueTypeA"/>
            <xs:element minOccurs="0" name="b" type="ns1:valueTypeB"/>
          </xs:sequence>
        </xs:complexType>
      </xs:element>
      <xs:element name="methodBResponse">
        <xs:complexType>
          <xs:sequence>
            <xs:element minOccurs="0" name="return" type="ns1:structAB"/>
          </xs:sequence>
        </xs:complexType>
      </xs:element>
    </xs:schema>
  </wsdl:types>
  <wsdl:message name="methodBResponse">
    <wsdl:part name="parameters" element="tns:methodBResponse"></wsdl:part>
  </wsdl:message>
  <wsdl:message name="methodB">
    <wsdl:part name="parameters" element="tns:methodB"></wsdl:part>
  </wsdl:message>
  <wsdl:message name="methodA">
    <wsdl:part name="parameters" element="tns:methodA"></wsdl:part>
  </wsdl:message>
  <wsdl:message name="methodAResponse">
    <wsdl:part name="parameters" element="tns:methodAResponse"></wsdl:part>
  </wsdl:message>
  <wsdl:portType name="EchoCrb106Double">
    <wsdl:operation name="methodB">
      <wsdl:input name="methodB" message="tns:methodB"></wsdl:input>
      <wsdl:output name="methodBResponse" message="tns:methodBResponse"></wsdl:output>
    </wsdl:operation>
    <wsdl:operation name="methodA">
      <wsdl:input name="methodA" message="tns:methodA"></wsdl:input>
      <wsdl:output name="methodAResponse" message="tns:methodAResponse"></wsdl:output>
    </wsdl:operation>
  </wsdl:portType>
  <wsdl:binding name="EchoCrb106DoubleCorbaBinding" type="tns:EchoCrb106Double">
    <soap:binding style="document" transport="http://schemas.xmlsoap.org/soap/http"/>
    <wsdl:operation name="methodB">
      <soap:operation/>
      <wsdl:input name="methodB">
        <soap:body use="literal"/>
      </wsdl:input>
      <wsdl:output name="methodBResponse">
        <soap:body use="literal"/>
      </wsdl:output>
    </wsdl:operation>
    <wsdl:operation name="methodA">
      <soap:operation/>
      <wsdl:input name="methodA">
        <soap:body use="literal"/>
      </wsdl:input>
      <wsdl:output name="methodAResponse">
        <soap:body use="literal"/>
      </wsdl:output>
    </wsdl:operation>
  </wsdl:binding>
  <wsdl:service name="EchoCrb106Double">
    <wsdl:port name="EchoCrb106DoubleCorbaPort" binding="tns:EchoCrb106DoubleCorbaBinding">
      <soap:address location="http://192.168.1.209:8192/Service/test-provider-crb106/EchoCrb106DoubleService/"/>
    </wsdl:port>
  </wsdl:service>
  <plnk:partnerLinkType name="EchoCrb106Double">
    <plnk:role name="EchoCrb106DoublePortTypeRole" portType="tns:EchoCrb106Double"/>
  </plnk:partnerLinkType>
</wsdl:definitions>]]></con:content><con:type>http://schemas.xmlsoap.org/wsdl/</con:type></con:part><con:part><con:url>http://192.168.1.209:8192/provider-crb106-http-consumer-double/TypeDef_testprovidercrb106.test.jbi4corba.imolinfo.it.xsd</con:url><con:content><![CDATA[<xs:schema attributeFormDefault="qualified" elementFormDefault="qualified" targetNamespace="http://testprovidercrb106.test.jbi4corba.imolinfo.it/" xmlns:xs="http://www.w3.org/2001/XMLSchema" xmlns:tns="http://testprovidercrb106.test.jbi4corba.imolinfo.it/">
  <xs:complexType name="valueTypeA">
    <xs:sequence>
      <xs:element name="fieldBoolean" type="xs:boolean"/>
      <xs:element name="fieldChar" type="xs:unsignedShort"/>
      <xs:element name="fieldWChar" type="xs:unsignedShort"/>
      <xs:element name="fieldOctet" type="xs:byte"/>
      <xs:element minOccurs="0" name="fieldString" type="xs:string"/>
      <xs:element minOccurs="0" name="fieldWString" type="xs:string"/>
      <xs:element name="fieldShort" type="xs:short"/>
      <xs:element name="fieldUnsignedShort" type="xs:short"/>
      <xs:element name="fieldLong" type="xs:int"/>
      <xs:element name="fieldUnsignedLong" type="xs:int"/>
      <xs:element name="fieldLongLong" type="xs:long"/>
      <xs:element name="fieldUnsignedLongLong" type="xs:long"/>
      <xs:element name="fieldFloat" type="xs:float"/>
      <xs:element name="fieldDouble" type="xs:double"/>
      <xs:element minOccurs="0" name="typeB" type="tns:valueTypeB"/>
    </xs:sequence>
  </xs:complexType>
  <xs:complexType name="valueTypeB">
    <xs:sequence>
      <xs:element name="fieldBoolean" type="xs:boolean"/>
      <xs:element name="fieldChar" type="xs:unsignedShort"/>
      <xs:element name="fieldWChar" type="xs:unsignedShort"/>
      <xs:element name="fieldOctet" type="xs:byte"/>
      <xs:element minOccurs="0" name="fieldString" type="xs:string"/>
      <xs:element minOccurs="0" name="fieldWString" type="xs:string"/>
      <xs:element name="fieldShort" type="xs:short"/>
      <xs:element name="fieldUnsignedShort" type="xs:short"/>
      <xs:element name="fieldLong" type="xs:int"/>
      <xs:element name="fieldUnsignedLong" type="xs:int"/>
      <xs:element name="fieldLongLong" type="xs:long"/>
      <xs:element name="fieldUnsignedLongLong" type="xs:long"/>
      <xs:element name="fieldFloat" type="xs:float"/>
      <xs:element name="fieldDouble" type="xs:double"/>
      <xs:element minOccurs="0" name="typeA" type="tns:valueTypeA"/>
    </xs:sequence>
  </xs:complexType>
  <xs:complexType name="structAB">
    <xs:sequence>
      <xs:element minOccurs="0" name="a" type="tns:valueTypeA"/>
      <xs:element minOccurs="0" name="b" type="tns:valueTypeB"/>
    </xs:sequence>
  </xs:complexType>
</xs:schema>]]></con:content><con:type>http://www.w3.org/2001/XMLSchema</con:type></con:part></con:definitionCache><con:endpoints><con:endpoint>http://localhost:8192/Service/test-provider-crb106/EchoCrb106DoubleService/</con:endpoint><con:endpoint>http://192.168.1.209:8192/Service/test-provider-crb106/EchoCrb106DoubleService/</con:endpoint></con:endpoints><con:operation isOneWay="false" action="" name="methodA" bindingOperationName="methodA" inputName="methodA" outputName="methodAResponse" receivesAttachments="false" sendsAttachments="false" type="Request-Response"><con:settings/><con:call name="Request 1"><con:settings/><con:encoding>UTF-8</con:encoding><con:endpoint>http://192.168.1.209:8192/Service/test-provider-crb106/EchoCrb106DoubleService/</con:endpoint><con:request><![CDATA[<soapenv:Envelope xmlns:soapenv="http://schemas.xmlsoap.org/soap/envelope/" xmlns:test="urn:jbi4corba/test-provider-crb106" xmlns:tes="http://testprovidercrb106.test.jbi4corba.imolinfo.it/">
   <soapenv:Header/>
   <soapenv:Body>
      <test:methodA>
         <!--Optional:-->
         <test:a>
            <tes:fieldBoolean>true</tes:fieldBoolean>
            <tes:fieldChar>2</tes:fieldChar>
            <tes:fieldWChar>2</tes:fieldWChar>
            <tes:fieldOctet>5</tes:fieldOctet>
            <!--Optional:-->
            <tes:fieldString>7</tes:fieldString>
            <!--Optional:-->
            <tes:fieldWString>ws</tes:fieldWString>
            <tes:fieldShort>6</tes:fieldShort>
            <tes:fieldUnsignedShort>10</tes:fieldUnsignedShort>
            <tes:fieldLong>3</tes:fieldLong>
            <tes:fieldUnsignedLong>8</tes:fieldUnsignedLong>
            <tes:fieldLongLong>4</tes:fieldLongLong>
            <tes:fieldUnsignedLongLong>9</tes:fieldUnsignedLongLong>
            <tes:fieldFloat>2</tes:fieldFloat>
            <tes:fieldDouble>1</tes:fieldDouble>
            <!--Optional:-->
            <tes:typeB>
               <tes:fieldBoolean>true</tes:fieldBoolean>
               <tes:fieldChar>2</tes:fieldChar>
               <tes:fieldWChar>1</tes:fieldWChar>
               <tes:fieldOctet>6</tes:fieldOctet>
               <!--Optional:-->
               <tes:fieldString>hstring</tes:fieldString>
               <!--Optional:-->
               <tes:fieldWString>wstring</tes:fieldWString>
               <tes:fieldShort>7</tes:fieldShort>
               <tes:fieldUnsignedShort>1</tes:fieldUnsignedShort>
               <tes:fieldLong>3</tes:fieldLong>
               <tes:fieldUnsignedLong>9</tes:fieldUnsignedLong>
               <tes:fieldLongLong>5</tes:fieldLongLong>
               <tes:fieldUnsignedLongLong>10</tes:fieldUnsignedLongLong>
               <tes:fieldFloat>43.4</tes:fieldFloat>
               <tes:fieldDouble>123.32</tes:fieldDouble>
               <!--Optional:-->
               <tes:typeA/>
            </tes:typeB>
         </test:a>
         <!--Optional:-->
         <test:b>
            <tes:fieldBoolean>false</tes:fieldBoolean>
            <tes:fieldChar>2</tes:fieldChar>
            <tes:fieldWChar>3</tes:fieldWChar>
            <tes:fieldOctet>4</tes:fieldOctet>
            <!--Optional:-->
            <tes:fieldString>string</tes:fieldString>
            <!--Optional:-->
            <tes:fieldWString>fwstring</tes:fieldWString>
            <tes:fieldShort>5</tes:fieldShort>
            <tes:fieldUnsignedShort>8</tes:fieldUnsignedShort>
            <tes:fieldLong>2</tes:fieldLong>
            <tes:fieldUnsignedLong>6</tes:fieldUnsignedLong>
            <tes:fieldLongLong>3</tes:fieldLongLong>
            <tes:fieldUnsignedLongLong>7</tes:fieldUnsignedLongLong>
            <tes:fieldFloat>1</tes:fieldFloat>
            <tes:fieldDouble>12.43</tes:fieldDouble>
            <!--Optional:-->
            <tes:typeA>
               <tes:fieldBoolean>true</tes:fieldBoolean>
               <tes:fieldChar>3</tes:fieldChar>
               <tes:fieldWChar>3</tes:fieldWChar>
               <tes:fieldOctet>5</tes:fieldOctet>
               <!--Optional:-->
               <tes:fieldString>string</tes:fieldString>
               <!--Optional:-->
               <tes:fieldWString>rwstring</tes:fieldWString>
               <tes:fieldShort>6</tes:fieldShort>
               <tes:fieldUnsignedShort>9</tes:fieldUnsignedShort>
               <tes:fieldLong>3</tes:fieldLong>
               <tes:fieldUnsignedLong>7</tes:fieldUnsignedLong>
               <tes:fieldLongLong>4</tes:fieldLongLong>
               <tes:fieldUnsignedLongLong>8</tes:fieldUnsignedLongLong>
               <tes:fieldFloat>2</tes:fieldFloat>
               <tes:fieldDouble>1</tes:fieldDouble>
               <!--Optional:-->
               <tes:typeB/>
            </tes:typeA>
         </test:b>
      </test:methodA>
   </soapenv:Body>
</soapenv:Envelope>]]></con:request><con:wsaConfig mustUnderstand="NONE" version="200508"/></con:call></con:operation><con:operation isOneWay="false" action="" name="methodB" bindingOperationName="methodB" inputName="methodB" outputName="methodBResponse" receivesAttachments="false" sendsAttachments="false" type="Request-Response"><con:settings/><con:call name="Request 1"><con:settings/><con:encoding>UTF-8</con:encoding><con:endpoint>http://192.168.1.209:8192/Service/test-provider-crb106/EchoCrb106DoubleService/</con:endpoint><con:request><![CDATA[<soapenv:Envelope xmlns:soapenv="http://schemas.xmlsoap.org/soap/envelope/" xmlns:test="urn:jbi4corba/test-provider-crb106" xmlns:tes="http://testprovidercrb106.test.jbi4corba.imolinfo.it/">
   <soapenv:Header/>
   <soapenv:Body>
      <test:methodB>
         <!--Optional:-->
         <test:a>
            <tes:fieldBoolean>true</tes:fieldBoolean>
            <tes:fieldChar>1</tes:fieldChar>
            <tes:fieldWChar>1</tes:fieldWChar>
            <tes:fieldOctet>5</tes:fieldOctet>
            <!--Optional:-->
            <tes:fieldString>7</tes:fieldString>
            <!--Optional:-->
            <tes:fieldWString>ws</tes:fieldWString>
            <tes:fieldShort>6</tes:fieldShort>
            <tes:fieldUnsignedShort>10</tes:fieldUnsignedShort>
            <tes:fieldLong>3</tes:fieldLong>
            <tes:fieldUnsignedLong>8</tes:fieldUnsignedLong>
            <tes:fieldLongLong>4</tes:fieldLongLong>
            <tes:fieldUnsignedLongLong>9</tes:fieldUnsignedLongLong>
            <tes:fieldFloat>2</tes:fieldFloat>
            <tes:fieldDouble>1</tes:fieldDouble>
            <!--Optional:-->
            <tes:typeB>
               <tes:fieldBoolean>true</tes:fieldBoolean>
               <tes:fieldChar>2</tes:fieldChar>
               <tes:fieldWChar>2</tes:fieldWChar>
               <tes:fieldOctet>5</tes:fieldOctet>
               <!--Optional:-->
               <tes:fieldString>7</tes:fieldString>
               <!--Optional:-->
               <tes:fieldWString>ws</tes:fieldWString>
               <tes:fieldShort>6</tes:fieldShort>
               <tes:fieldUnsignedShort>10</tes:fieldUnsignedShort>
               <tes:fieldLong>3</tes:fieldLong>
               <tes:fieldUnsignedLong>8</tes:fieldUnsignedLong>
               <tes:fieldLongLong>4</tes:fieldLongLong>
               <tes:fieldUnsignedLongLong>9</tes:fieldUnsignedLongLong>
               <tes:fieldFloat>2</tes:fieldFloat>
               <tes:fieldDouble>1</tes:fieldDouble>
               <!--Optional:-->
               <tes:typeA/>
            </tes:typeB>
         </test:a>
         <!--Optional:-->
         <test:b>
            <tes:fieldBoolean>true</tes:fieldBoolean>
            <tes:fieldChar>4</tes:fieldChar>
            <tes:fieldWChar>5</tes:fieldWChar>
            <tes:fieldOctet>5</tes:fieldOctet>
            <!--Optional:-->
            <tes:fieldString>7</tes:fieldString>
            <!--Optional:-->
            <tes:fieldWString>ws</tes:fieldWString>
            <tes:fieldShort>6</tes:fieldShort>
            <tes:fieldUnsignedShort>10</tes:fieldUnsignedShort>
            <tes:fieldLong>3</tes:fieldLong>
            <tes:fieldUnsignedLong>8</tes:fieldUnsignedLong>
            <tes:fieldLongLong>4</tes:fieldLongLong>
            <tes:fieldUnsignedLongLong>9</tes:fieldUnsignedLongLong>
            <tes:fieldFloat>2</tes:fieldFloat>
            <tes:fieldDouble>1</tes:fieldDouble>
            <!--Optional:-->
            <tes:typeA>
               <tes:fieldBoolean>true</tes:fieldBoolean>
               <tes:fieldChar>5</tes:fieldChar>
               <tes:fieldWChar>5</tes:fieldWChar>
               <tes:fieldOctet>5</tes:fieldOctet>
               <!--Optional:-->
               <tes:fieldString>7</tes:fieldString>
               <!--Optional:-->
               <tes:fieldWString>ws</tes:fieldWString>
               <tes:fieldShort>6</tes:fieldShort>
               <tes:fieldUnsignedShort>10</tes:fieldUnsignedShort>
               <tes:fieldLong>3</tes:fieldLong>
               <tes:fieldUnsignedLong>8</tes:fieldUnsignedLong>
               <tes:fieldLongLong>4</tes:fieldLongLong>
               <tes:fieldUnsignedLongLong>9</tes:fieldUnsignedLongLong>
               <tes:fieldFloat>2</tes:fieldFloat>
               <tes:fieldDouble>1</tes:fieldDouble>
               <!--Optional:-->
               <tes:typeB/>
            </tes:typeA>
         </test:b>
      </test:methodB>
   </soapenv:Body>
</soapenv:Envelope>]]></con:request><con:wsaConfig mustUnderstand="NONE" version="200508"/></con:call></con:operation></con:interface><con:testSuite name="testsuite-provider-crb106"><con:settings/><con:runType>SEQUENTIAL</con:runType><con:testCase failOnError="true" failTestCaseOnErrors="true" keepSession="false" name="EchoCrb106CorbaBinding TestSuite" searchProperties="true" maxResults="0" id="4802fd11-9918-4fa9-9698-64761e5b92a5"><con:settings/><con:testStep type="request" name="methodASingle"><con:settings/><con:config xsi:type="con:RequestStep" xmlns:xsi="http://www.w3.org/2001/XMLSchema-instance"><con:interface>EchoCrb106SingleCorbaBinding</con:interface><con:operation>methodA</con:operation><con:request name="methodASingle" wssPasswordType=""><con:settings><con:setting id="com.eviware.soapui.impl.wsdl.WsdlRequest@request-headers">&lt;xml-fragment/></con:setting></con:settings><con:encoding>UTF-8</con:encoding><con:endpoint>http://localhost:8192/Service/test-provider-crb106/EchoCrb106SingleService/</con:endpoint><con:request><![CDATA[<soapenv:Envelope xmlns:soapenv="http://schemas.xmlsoap.org/soap/envelope/" xmlns:test="urn:jbi4corba/test-provider-crb106" xmlns:tes="http://testprovidercrb106.test.jbi4corba.imolinfo.it/">
   <soapenv:Header/>
   <soapenv:Body>
      <test:methodA>
         <!--Optional:-->
         <test:a>
            <tes:fieldBoolean>true</tes:fieldBoolean>
            <tes:fieldChar>2</tes:fieldChar>
            <tes:fieldWChar>2</tes:fieldWChar>
            <tes:fieldOctet>5</tes:fieldOctet>
            <!--Optional:-->
            <tes:fieldString>string</tes:fieldString>
            <!--Optional:-->
            <tes:fieldWString>wstring</tes:fieldWString>
            <tes:fieldShort>6</tes:fieldShort>
            <tes:fieldUnsignedShort>9</tes:fieldUnsignedShort>
            <tes:fieldLong>3</tes:fieldLong>
            <tes:fieldUnsignedLong>7</tes:fieldUnsignedLong>
            <tes:fieldLongLong>4</tes:fieldLongLong>
            <tes:fieldUnsignedLongLong>8</tes:fieldUnsignedLongLong>
            <tes:fieldFloat>2.0</tes:fieldFloat>
            <tes:fieldDouble>1.0</tes:fieldDouble>
            <!--Optional:-->
            <tes:typeB>
               <tes:fieldBoolean>false</tes:fieldBoolean>
               <tes:fieldChar>2</tes:fieldChar>
               <tes:fieldWChar>2</tes:fieldWChar>
               <tes:fieldOctet>3</tes:fieldOctet>
               <!--Optional:-->
               <tes:fieldString>string2</tes:fieldString>
               <!--Optional:-->
               <tes:fieldWString>wzstring</tes:fieldWString>
               <tes:fieldShort>4</tes:fieldShort>
               <tes:fieldUnsignedShort>7</tes:fieldUnsignedShort>
               <tes:fieldLong>1</tes:fieldLong>
               <tes:fieldUnsignedLong>5</tes:fieldUnsignedLong>
               <tes:fieldLongLong>2</tes:fieldLongLong>
               <tes:fieldUnsignedLongLong>6</tes:fieldUnsignedLongLong>
               <tes:fieldFloat>56.78</tes:fieldFloat>
               <tes:fieldDouble>12.34</tes:fieldDouble>
               <!--Optional:-->
               <!--tes:typeA>
	            </tes:typeA-->
            </tes:typeB>
         </test:a>
      </test:methodA>
   </soapenv:Body>
</soapenv:Envelope>]]></con:request><con:assertion type="SOAP Response"/><con:assertion type="Schema Compliance"><con:configuration/></con:assertion><con:assertion type="SOAP Fault Assertion"/><con:wsaConfig mustUnderstand="NONE" version="200508"/></con:request></con:config></con:testStep><con:testStep type="request" name="methodBSingle"><con:settings/><con:config xsi:type="con:RequestStep" xmlns:xsi="http://www.w3.org/2001/XMLSchema-instance"><con:interface>EchoCrb106SingleCorbaBinding</con:interface><con:operation>methodB</con:operation><con:request name="methodBSingle" wssPasswordType=""><con:settings><con:setting id="com.eviware.soapui.impl.wsdl.WsdlRequest@request-headers">&lt;xml-fragment/></con:setting></con:settings><con:encoding>UTF-8</con:encoding><con:endpoint>http://localhost:8192/Service/test-provider-crb106/EchoCrb106SingleService/</con:endpoint><con:request><![CDATA[<soapenv:Envelope xmlns:soapenv="http://schemas.xmlsoap.org/soap/envelope/" xmlns:test="urn:jbi4corba/test-provider-crb106" xmlns:tes="http://testprovidercrb106.test.jbi4corba.imolinfo.it/">
   <soapenv:Header/>
   <soapenv:Body>
      <test:methodB>
         <!--Optional:-->
         <test:a>
            <tes:fieldBoolean>true</tes:fieldBoolean>
            <tes:fieldChar>1</tes:fieldChar>
            <tes:fieldWChar>2</tes:fieldWChar>
            <tes:fieldOctet>6</tes:fieldOctet>
            <!--Optional:-->
            <tes:fieldString>8</tes:fieldString>
            <!--Optional:-->
            <tes:fieldWString>12</tes:fieldWString>
            <tes:fieldShort>7</tes:fieldShort>
            <tes:fieldUnsignedShort>11</tes:fieldUnsignedShort>
            <tes:fieldLong>4</tes:fieldLong>
            <tes:fieldUnsignedLong>9</tes:fieldUnsignedLong>
            <tes:fieldLongLong>5</tes:fieldLongLong>
            <tes:fieldUnsignedLongLong>10</tes:fieldUnsignedLongLong>
            <tes:fieldFloat>3</tes:fieldFloat>
            <tes:fieldDouble>2</tes:fieldDouble>
            <!--Optional:-->
            <tes:typeB>
               <tes:fieldBoolean>true</tes:fieldBoolean>
               <tes:fieldChar>2</tes:fieldChar>
               <tes:fieldWChar>7</tes:fieldWChar>
               <tes:fieldOctet>1</tes:fieldOctet>
               <!--Optional:-->
               <tes:fieldString>3</tes:fieldString>
               <!--Optional:-->
               <tes:fieldWString>8</tes:fieldWString>
               <tes:fieldShort>2</tes:fieldShort>
               <tes:fieldUnsignedShort>6</tes:fieldUnsignedShort>
               <tes:fieldLong>15</tes:fieldLong>
               <tes:fieldUnsignedLong>4</tes:fieldUnsignedLong>
               <tes:fieldLongLong>16</tes:fieldLongLong>
               <tes:fieldUnsignedLongLong>5</tes:fieldUnsignedLongLong>
               <tes:fieldFloat>14</tes:fieldFloat>
               <tes:fieldDouble>13</tes:fieldDouble>
               <!--Optional:-->
            </tes:typeB>
         </test:a>
      </test:methodB>
   </soapenv:Body>
</soapenv:Envelope>]]></con:request><con:assertion type="SOAP Response"/><con:assertion type="Schema Compliance"><con:configuration/></con:assertion><con:assertion type="SOAP Fault Assertion"/><con:wsaConfig mustUnderstand="NONE" version="200508"/></con:request></con:config></con:testStep><con:testStep type="request" name="methodADouble"><con:settings/><con:config xsi:type="con:RequestStep" xmlns:xsi="http://www.w3.org/2001/XMLSchema-instance"><con:interface>EchoCrb106DoubleCorbaBinding</con:interface><con:operation>methodA</con:operation><con:request name="methodADouble" wssPasswordType=""><con:settings><con:setting id="com.eviware.soapui.impl.wsdl.WsdlRequest@request-headers">&lt;xml-fragment/></con:setting></con:settings><con:encoding>UTF-8</con:encoding><con:endpoint>http://localhost:8192/Service/test-provider-crb106/EchoCrb106DoubleService/</con:endpoint><con:request><![CDATA[<soapenv:Envelope xmlns:soapenv="http://schemas.xmlsoap.org/soap/envelope/" xmlns:test="urn:jbi4corba/test-provider-crb106" xmlns:tes="http://testprovidercrb106.test.jbi4corba.imolinfo.it/">
   <soapenv:Header/>
   <soapenv:Body>
      <test:methodA>
         <!--Optional:-->
         <test:a>
            <tes:fieldBoolean>true</tes:fieldBoolean>
            <tes:fieldChar>4</tes:fieldChar>
            <tes:fieldWChar>4</tes:fieldWChar>
            <tes:fieldOctet>5</tes:fieldOctet>
            <!--Optional:-->
            <tes:fieldString>7</tes:fieldString>
            <!--Optional:-->
            <tes:fieldWString>ws</tes:fieldWString>
            <tes:fieldShort>6</tes:fieldShort>
            <tes:fieldUnsignedShort>10</tes:fieldUnsignedShort>
            <tes:fieldLong>3</tes:fieldLong>
            <tes:fieldUnsignedLong>8</tes:fieldUnsignedLong>
            <tes:fieldLongLong>4</tes:fieldLongLong>
            <tes:fieldUnsignedLongLong>9</tes:fieldUnsignedLongLong>
            <tes:fieldFloat>2</tes:fieldFloat>
            <tes:fieldDouble>1</tes:fieldDouble>
            <!--Optional:-->
            <tes:typeB>
               <tes:fieldBoolean>true</tes:fieldBoolean>
               <tes:fieldChar>4</tes:fieldChar>
               <tes:fieldWChar>5</tes:fieldWChar>
               <tes:fieldOctet>6</tes:fieldOctet>
               <!--Optional:-->
               <tes:fieldString>hstring</tes:fieldString>
               <!--Optional:-->
               <tes:fieldWString>wstring</tes:fieldWString>
               <tes:fieldShort>7</tes:fieldShort>
               <tes:fieldUnsignedShort>1</tes:fieldUnsignedShort>
               <tes:fieldLong>3</tes:fieldLong>
               <tes:fieldUnsignedLong>9</tes:fieldUnsignedLong>
               <tes:fieldLongLong>5</tes:fieldLongLong>
               <tes:fieldUnsignedLongLong>10</tes:fieldUnsignedLongLong>
               <tes:fieldFloat>43.4</tes:fieldFloat>
               <tes:fieldDouble>123.32</tes:fieldDouble>
               <!--Optional:-->
               
            </tes:typeB>
         </test:a>
         <!--Optional:-->
         <test:b>
            <tes:fieldBoolean>false</tes:fieldBoolean>
            <tes:fieldChar>4</tes:fieldChar>
            <tes:fieldWChar>3</tes:fieldWChar>
            <tes:fieldOctet>4</tes:fieldOctet>
            <!--Optional:-->
            <tes:fieldString>string</tes:fieldString>
            <!--Optional:-->
            <tes:fieldWString>fwstring</tes:fieldWString>
            <tes:fieldShort>5</tes:fieldShort>
            <tes:fieldUnsignedShort>8</tes:fieldUnsignedShort>
            <tes:fieldLong>2</tes:fieldLong>
            <tes:fieldUnsignedLong>6</tes:fieldUnsignedLong>
            <tes:fieldLongLong>3</tes:fieldLongLong>
            <tes:fieldUnsignedLongLong>7</tes:fieldUnsignedLongLong>
            <tes:fieldFloat>1</tes:fieldFloat>
            <tes:fieldDouble>12.43</tes:fieldDouble>
            <!--Optional:-->
            <tes:typeA>
               <tes:fieldBoolean>true</tes:fieldBoolean>
               <tes:fieldChar>1</tes:fieldChar>
               <tes:fieldWChar>2</tes:fieldWChar>
               <tes:fieldOctet>5</tes:fieldOctet>
               <!--Optional:-->
               <tes:fieldString>string</tes:fieldString>
               <!--Optional:-->
               <tes:fieldWString>rwstring</tes:fieldWString>
               <tes:fieldShort>6</tes:fieldShort>
               <tes:fieldUnsignedShort>9</tes:fieldUnsignedShort>
               <tes:fieldLong>3</tes:fieldLong>
               <tes:fieldUnsignedLong>7</tes:fieldUnsignedLong>
               <tes:fieldLongLong>4</tes:fieldLongLong>
               <tes:fieldUnsignedLongLong>8</tes:fieldUnsignedLongLong>
               <tes:fieldFloat>2</tes:fieldFloat>
               <tes:fieldDouble>1</tes:fieldDouble>
               <!--Optional:-->
               
            </tes:typeA>
         </test:b>
      </test:methodA>
   </soapenv:Body>
</soapenv:Envelope>]]></con:request><con:assertion type="SOAP Response"/><con:assertion type="Schema Compliance"><con:configuration/></con:assertion><con:assertion type="SOAP Fault Assertion"/><con:wsaConfig mustUnderstand="NONE" version="200508"/></con:request></con:config></con:testStep><con:testStep type="request" name="methodBDouble"><con:settings/><con:config xsi:type="con:RequestStep" xmlns:xsi="http://www.w3.org/2001/XMLSchema-instance"><con:interface>EchoCrb106DoubleCorbaBinding</con:interface><con:operation>methodB</con:operation><con:request name="methodBDouble" wssPasswordType=""><con:settings><con:setting id="com.eviware.soapui.impl.wsdl.WsdlRequest@request-headers">&lt;xml-fragment/></con:setting></con:settings><con:encoding>UTF-8</con:encoding><con:endpoint>http://localhost:8192/Service/test-provider-crb106/EchoCrb106DoubleService/</con:endpoint><con:request><![CDATA[<soapenv:Envelope xmlns:soapenv="http://schemas.xmlsoap.org/soap/envelope/" xmlns:test="urn:jbi4corba/test-provider-crb106" xmlns:tes="http://testprovidercrb106.test.jbi4corba.imolinfo.it/">
   <soapenv:Header/>
   <soapenv:Body>
      <test:methodB>
         <!--Optional:-->
         <test:a>
            <tes:fieldBoolean>true</tes:fieldBoolean>
            <tes:fieldChar>3</tes:fieldChar>
            <tes:fieldWChar>4</tes:fieldWChar>
            <tes:fieldOctet>5</tes:fieldOctet>
            <!--Optional:-->
            <tes:fieldString>7</tes:fieldString>
            <!--Optional:-->
            <tes:fieldWString>ws</tes:fieldWString>
            <tes:fieldShort>6</tes:fieldShort>
            <tes:fieldUnsignedShort>10</tes:fieldUnsignedShort>
            <tes:fieldLong>3</tes:fieldLong>
            <tes:fieldUnsignedLong>8</tes:fieldUnsignedLong>
            <tes:fieldLongLong>4</tes:fieldLongLong>
            <tes:fieldUnsignedLongLong>9</tes:fieldUnsignedLongLong>
            <tes:fieldFloat>2</tes:fieldFloat>
            <tes:fieldDouble>1</tes:fieldDouble>
            <!--Optional:-->
            <tes:typeB>
               <tes:fieldBoolean>true</tes:fieldBoolean>
               <tes:fieldChar>5</tes:fieldChar>
               <tes:fieldWChar>6</tes:fieldWChar>
               <tes:fieldOctet>5</tes:fieldOctet>
               <!--Optional:-->
               <tes:fieldString>7</tes:fieldString>
               <!--Optional:-->
               <tes:fieldWString>ws</tes:fieldWString>
               <tes:fieldShort>6</tes:fieldShort>
               <tes:fieldUnsignedShort>10</tes:fieldUnsignedShort>
               <tes:fieldLong>3</tes:fieldLong>
               <tes:fieldUnsignedLong>8</tes:fieldUnsignedLong>
               <tes:fieldLongLong>4</tes:fieldLongLong>
               <tes:fieldUnsignedLongLong>9</tes:fieldUnsignedLongLong>
               <tes:fieldFloat>2</tes:fieldFloat>
               <tes:fieldDouble>1</tes:fieldDouble>
               <!--Optional:-->
            </tes:typeB>
         </test:a>
         <!--Optional:-->
         <test:b>
            <tes:fieldBoolean>true</tes:fieldBoolean>
            <tes:fieldChar>5</tes:fieldChar>
            <tes:fieldWChar>2</tes:fieldWChar>
            <tes:fieldOctet>5</tes:fieldOctet>
            <!--Optional:-->
            <tes:fieldString>7</tes:fieldString>
            <!--Optional:-->
            <tes:fieldWString>ws</tes:fieldWString>
            <tes:fieldShort>6</tes:fieldShort>
            <tes:fieldUnsignedShort>10</tes:fieldUnsignedShort>
            <tes:fieldLong>3</tes:fieldLong>
            <tes:fieldUnsignedLong>8</tes:fieldUnsignedLong>
            <tes:fieldLongLong>4</tes:fieldLongLong>
            <tes:fieldUnsignedLongLong>9</tes:fieldUnsignedLongLong>
            <tes:fieldFloat>2</tes:fieldFloat>
            <tes:fieldDouble>1</tes:fieldDouble>
            <!--Optional:-->
            <tes:typeA>
               <tes:fieldBoolean>true</tes:fieldBoolean>
               <tes:fieldChar>5</tes:fieldChar>
               <tes:fieldWChar>6</tes:fieldWChar>
               <tes:fieldOctet>5</tes:fieldOctet>
               <!--Optional:-->
               <tes:fieldString>7</tes:fieldString>
               <!--Optional:-->
               <tes:fieldWString>ws</tes:fieldWString>
               <tes:fieldShort>6</tes:fieldShort>
               <tes:fieldUnsignedShort>10</tes:fieldUnsignedShort>
               <tes:fieldLong>3</tes:fieldLong>
               <tes:fieldUnsignedLong>8</tes:fieldUnsignedLong>
               <tes:fieldLongLong>4</tes:fieldLongLong>
               <tes:fieldUnsignedLongLong>9</tes:fieldUnsignedLongLong>
               <tes:fieldFloat>2</tes:fieldFloat>
               <tes:fieldDouble>1</tes:fieldDouble>
               <!--Optional:-->
            </tes:typeA>
         </test:b>
      </test:methodB>
   </soapenv:Body>
</soapenv:Envelope>]]></con:request><con:assertion type="SOAP Response"/><con:assertion type="Schema Compliance"><con:configuration/></con:assertion><con:assertion type="SOAP Fault Assertion"/><con:wsaConfig mustUnderstand="NONE" version="200508"/></con:request></con:config></con:testStep><con:properties/></con:testCase><con:properties/></con:testSuite><con:properties/><con:wssContainer/></con:soapui-project>