<?xml version="1.0" encoding="UTF-8" ?>
<testsuite errors="0" failures="1" hostname="kbhumana-hp" name="org.netbeans.modules.compapp.catd.ConfiguredTest" tests="1" time="0.5" timestamp="2007-05-02T20:40:18">
  <properties>
    <property name="libs.jaxws20.classpath" value="C:\openesb\netbeans\ide8\modules\ext\jaxws21\activation.jar;C:\openesb\netbeans\ide8\modules\ext\jaxws21\FastInfoset.jar;C:\openesb\netbeans\ide8\modules\ext\jaxws21\http.jar;C:\openesb\netbeans\ide8\modules\ext\jaxws21\api\jaxb-api.jar;C:\openesb\netbeans\ide8\modules\ext\jaxws21\jaxb-impl.jar;C:\openesb\netbeans\ide8\modules\ext\jaxws21\jaxb-xjc.jar;C:\openesb\netbeans\ide8\modules\ext\jaxws21\api\jaxws-api.jar;C:\openesb\netbeans\ide8\modules\ext\jaxws21\jaxws-rt.jar;C:\openesb\netbeans\ide8\modules\ext\jaxws21\jaxws-tools.jar;C:\openesb\netbeans\ide8\modules\ext\jaxws21\api\jsr173_api.jar;C:\openesb\netbeans\ide8\modules\ext\jaxws21\api\jsr181-api.jar;C:\openesb\netbeans\ide8\modules\ext\jaxws21\jsr250-api.jar;C:\openesb\netbeans\ide8\modules\ext\jaxws21\api\saaj-api.jar;C:\openesb\netbeans\ide8\modules\ext\jaxws21\saaj-impl.jar;C:\openesb\netbeans\ide8\modules\ext\jaxws21\sjsxp.jar;C:\openesb\netbeans\ide8\modules\ext\jaxws21\stax-ex.jar;C:\openesb\netbeans\ide8\modules\ext\jaxws21\streambuffer.jar" />
    <property name="default.javac.source" value="1.5" />
    <property name="file.encoding.pkg" value="sun.io" />
    <property name="org.netbeans.modules.compapp.jbiserver.description.application-sub-assembly" value="Represents this Service Unit" />
    <property name="javac.source" value="1.4" />
    <property name="libs.jaxrpc16.src" value="" />
    <property name="netbeans.system_http_proxy" value="DIRECT" />
    <property name="java.home" value="C:\alaska\root\build-tools\jdk1.5.0_09\jre" />
    <property name="com.sun.jbi.sa.internal.routing" value="true" />
    <property name="javadoc.version" value="false" />
    <property name="ant.file.AtomicAssignJBI-jbi-impl" value="C:\openesb\open-jbi-components\driver-tests\bpelse\assign\AtomicAssignJBI\nbproject\build-impl.xml" />
    <property name="libs.CopyLibs.classpath" value="C:\openesb\netbeans\ide8\ant\extra\org-netbeans-modules-java-j2seproject-copylibstask.jar" />
    <property name="libs.javac-api.src" value="" />
    <property name="libs.JAVADB_DRIVER_LABEL.classpath" value="C:\openesb\glassfish\javadb\lib\derby.jar;C:\openesb\glassfish\javadb\lib\derbyclient.jar;C:\openesb\glassfish\javadb\lib\derbynet.jar" />
    <property name="org.netbeans.modules.compapp.jbiserver.description.assembly-unit" value="Represents the Service Assembly of AtomicAssignJBI" />
    <property name="java.endorsed.dirs" value="C:\alaska\root\build-tools\jdk1.5.0_09\jre\lib\endorsed" />
    <property name="src.dir" value="src/jbiasa" />
    <property name="nbplatform.default.harness.dir" value="C:\openesb\netbeans/harness" />
    <property name="source.root" value="src" />
    <property name="src.build.dir" value="src/jbiServiceUnits" />
    <property name="libs.swing-app-framework.javadoc" value="C:\openesb\netbeans\ide8\docs\appframework-0.21-doc.zip" />
    <property name="libs.JAVADB_DRIVER_LABEL.src" value="" />
    <property name="sun.os.patch.level" value="Service Pack 2" />
    <property name="java.vendor.url" value="http://java.sun.com/" />
    <property name="java.version" value="1.5.0_09" />
    <property name="libs.jsf.classpath" value="C:\openesb\netbeans\enterprise4\modules\ext\jsf\commons-beanutils.jar;C:\openesb\netbeans\enterprise4\modules\ext\jsf\commons-collections.jar;C:\openesb\netbeans\enterprise4\modules\ext\jsf\commons-digester.jar;C:\openesb\netbeans\enterprise4\modules\ext\jsf\commons-logging.jar;C:\openesb\netbeans\enterprise4\modules\ext\jsf\jsf-api.jar;C:\openesb\netbeans\enterprise4\modules\ext\jsf\jsf-impl.jar" />
    <property name="javac.debug" value="true" />
    <property name="org.openide.major.version" value="IDE/1" />
    <property name="java.vendor.url.bug" value="http://java.sun.com/cgi-bin/bugreport.cgi" />
    <property name="libs.absolutelayout.javadoc" value="" />
    <property name="netbeans.buildnumber" value="20070409-0841" />
    <property name="org.netbeans.modules.compapp.jbiserver.alias.application-sub-assembly" value="This Service Unit" />
    <property name="org.netbeans.modules.compapp.jbiserver.deployment.conf.root" value="nbproject/deployment" />
    <property name="libs.IdentityAntTasks.classpath" value="C:\openesb\netbeans\soa1\ant\nblib\org-netbeans-modules-identity-ant.jar;C:\openesb\netbeans\soa1\modules\org-netbeans-modules-identity-profile-api.jar" />
    <property name="user.name" value="kbhumana" />
    <property name="sun.io.unicode.encoding" value="UnicodeLittle" />
    <property name="sun.jnu.encoding" value="Cp1252" />
    <property name="java.runtime.name" value="Java(TM) 2 Runtime Environment, Standard Edition" />
    <property name="jdk.home" value="C:\alaska\root\build-tools\jdk1.5.0_09" />
    <property name="jspc.classpath" value="C:\openesb\netbeans\ide8\ant\lib\ant.jar:C:\openesb\netbeans\enterprise4\modules\ext\servlet2.5-jsp2.1-api.jar:${j2ee.platform.classpath}:C:\openesb\netbeans\enterprise4\modules\ext\glassfish-jspparser.jar:C:\openesb\netbeans\enterprise4\modules\ext\glassfish-logging.jar:C:\openesb\netbeans\ide8\modules\ext\commons-logging-1.0.4.jar" />
    <property name="project.AtomicAssign" value="C:\openesb\open-jbi-components\driver-tests\bpelse\assign\AtomicAssign" />
    <property name="sun.awt.keepWorkingSetOnMinimize" value="true" />
    <property name="org.openide.TopManager" value="org.netbeans.core.NonGui" />
    <property name="netbeans.dirs" value="C:\openesb\netbeans\nb6.0;C:\openesb\netbeans\ide8;C:\openesb\netbeans\enterprise4;C:\openesb\netbeans\profiler2;C:\openesb\netbeans\harness;C:\openesb\netbeans\soa1" />
    <property name="java.specification.name" value="Java Platform API Specification" />
    <property name="javadoc.author" value="false" />
    <property name="user.timezone" value="" />
    <property name="netbeans.system_http_non_proxy_hosts" value="" />
    <property name="libs.junit.javadoc" value="C:\openesb\netbeans\ide8\docs\junit-3.8.2-api.zip" />
    <property name="org.openide.specification.version" value="6.2" />
    <property name="path.separator" value=";" />
    <property name="libs.absolutelayout.classpath" value="C:\openesb\netbeans\ide8\modules\ext\AbsoluteLayout.jar" />
    <property name="libs.jaxrpc16.classpath" value="C:\openesb\netbeans\ide8\modules\ext\jaxrpc16\activation.jar;C:\openesb\netbeans\ide8\modules\ext\jaxrpc16\FastInfoset.jar;C:\openesb\netbeans\ide8\modules\ext\jaxrpc16\jaxp-api.jar;C:\openesb\netbeans\ide8\modules\ext\jaxrpc16\jax-qname.jar;C:\openesb\netbeans\ide8\modules\ext\jaxrpc16\jaxrpc-api.jar;C:\openesb\netbeans\ide8\modules\ext\jaxrpc16\jaxrpc-impl.jar;C:\openesb\netbeans\ide8\modules\ext\jaxrpc16\jaxrpc-spi.jar;C:\openesb\netbeans\ide8\modules\ext\jaxrpc16\jsr173_api.jar;C:\openesb\netbeans\ide8\modules\ext\jaxrpc16\mail.jar;C:\openesb\netbeans\ide8\modules\ext\jaxrpc16\relaxngDatatype.jar;C:\openesb\netbeans\ide8\modules\ext\jaxrpc16\saaj-api.jar;C:\openesb\netbeans\ide8\modules\ext\jaxrpc16\saaj-impl.jar;C:\openesb\netbeans\ide8\modules\ext\jaxrpc16\xsdlib.jar" />
    <property name="netbeans.accept_license_class" value="org.netbeans.license.AcceptLicense" />
    <property name="file.encoding" value="Cp1252" />
    <property name="dist.javadoc.dir" value="dist/javadoc" />
    <property name="https.nonProxyHosts" value="localhost|127.0.0.1|kbhumana-hp" />
    <property name="libs.junit.src" value="" />
    <property name="ant.file" value="C:\openesb\open-jbi-components\driver-tests\bpelse\assign\AtomicAssignJBI\build.xml" />
    <property name="copyfiles.classpath" value="C:\openesb\netbeans\enterprise4\ant\extra\copyfiles.jar" />
    <property name="j2ee.server.instance" value="[C:\openesb\glassfish]deployer:Sun:AppServer::localhost:4848" />
    <property name="java.io.tmpdir" value="C:\DOCUME~1\kbhumana\LOCALS~1\Temp\" />
    <property name="user.language" value="en" />
    <property name="libs.jaxws20.src" value="" />
    <property name="line.separator" value="
" />
    <property name="maven.repo.local" value="C:\openesb\open-jbi-components\m2\repository" />
    <property name="apple.laf.useScreenMenuBar" value="true" />
    <property name="libs.absolutelayout.src" value="" />
    <property name="reference.AtomicAssign.dist_se" value="C:\openesb\open-jbi-components\driver-tests\bpelse\assign\AtomicAssign/build/SEDeployment.jar" />
    <property name="org.netbeans.modules.compapp.jbiserver.alias.assembly-unit" value="This Service Assembly" />
    <property name="jar.compress" value="false" />
    <property name="java.vm.info" value="mixed mode" />
    <property name="javadoc.private" value="false" />
    <property name="sun.desktop" value="windows" />
    <property name="java.vm.specification.name" value="Java Virtual Machine Specification" />
    <property name="jbi.content.additional" value="C:\openesb\open-jbi-components\driver-tests\bpelse\assign\AtomicAssign/build/SEDeployment.jar" />
    <property name="netbeans.dynamic.classpath" value="C:\openesb\netbeans\platform7\core\core.jar;C:\openesb\netbeans\platform7\core\org-openide-filesystems.jar;C:\openesb\netbeans\nb6.0\core\org-netbeans-upgrader.jar;C:\openesb\netbeans\nb6.0\core\locale\core_nb.jar" />
    <property name="libs.beans-binding.javadoc" value="" />
    <property name="platform.active" value="default_platform" />
    <property name="meta.inf" value="src/conf" />
    <property name="http.nonProxyHosts" value="localhost|127.0.0.1|kbhumana-hp" />
    <property name="libs.jsf.src" value="" />
    <property name="test.results.dir" value="C:\openesb\open-jbi-components\driver-tests\bpelse\assign\AtomicAssignJBI/test/results" />
    <property name="javadoc.encoding" value="" />
    <property name="java.awt.printerjob" value="sun.awt.windows.WPrinterJob" />
    <property name="jbi.content.component" value="sun-bpel-engine" />
    <property name="dist.jar" value="dist/AtomicAssignJBI.zip" />
    <property name="libs.struts.classpath" value="C:\openesb\netbeans\enterprise4\modules\ext\struts\antlr.jar;C:\openesb\netbeans\enterprise4\modules\ext\struts\commons-beanutils.jar;C:\openesb\netbeans\enterprise4\modules\ext\struts\commons-digester.jar;C:\openesb\netbeans\enterprise4\modules\ext\struts\commons-fileupload.jar;C:\openesb\netbeans\enterprise4\modules\ext\struts\commons-logging.jar;C:\openesb\netbeans\enterprise4\modules\ext\struts\commons-validator.jar;C:\openesb\netbeans\enterprise4\modules\ext\struts\jakarta-oro.jar;C:\openesb\netbeans\enterprise4\modules\ext\struts\struts.jar" />
    <property name="ant.version" value="Apache Ant version 1.7.0 compiled on December 13 2006" />
    <property name="netbeans.home" value="C:\openesb\netbeans\platform7" />
    <property name="javadoc.nonavbar" value="false" />
    <property name="user.properties.file" value="C:\Documents and Settings\kbhumana\.netbeans\dev\build.properties" />
    <property name="libs.toplink.classpath" value="C:\openesb\netbeans\ide8\modules\ext\toplink\toplink-essentials.jar;C:\openesb\netbeans\ide8\modules\ext\toplink\toplink-essentials-agent.jar" />
    <property name="netbeans.importclass" value="org.netbeans.upgrade.AutoUpgrade" />
    <property name="module.install.dir" value="C:\openesb\netbeans\soa1\modules" />
    <property name="libs.IdentityAntTasks.javadoc" value="" />
    <property name="build.generated.dir" value="build/generated" />
    <property name="netbeans.home+have.tests" value="true" />
    <property name="os.name" value="Windows XP" />
    <property name="java.specification.vendor" value="Sun Microsystems Inc." />
    <property name="java.vm.name" value="Java HotSpot(TM) Client VM" />
    <property name="libs.CopyLibs.src" value="" />
    <property name="org.openide.version" value="deprecated" />
    <property name="org.netbeans.modules.compapp.jbiserver.component.conf.file" value="ComponentInformation.xml" />
    <property name="libs.junit.classpath" value="C:\openesb\netbeans\ide8\modules\ext\junit-3.8.2.jar;C:\openesb\netbeans\ide8\modules\ext\junit-4.1.jar" />
    <property name="libs.beans-binding.src" value="" />
    <property name="java.library.path" value="C:\alaska\root\build-tools\jdk1.5.0_09\jre\bin;.;C:\WINDOWS\system32;C:\WINDOWS;C:\oracle\ora92\bin;C:\Program Files\Oracle\jre\1.3.1\bin;C:\Program Files\Oracle\jre\1.1.8\bin;C:\WINDOWS\system32;C:\WINDOWS;C:\WINDOWS\System32\Wbem;C:\Program Files\TortoiseCVS;C:\tools\maven-2.0.6\bin" />
    <property name="libs.toplink.javadoc" value="C:\openesb\netbeans\enterprise4\docs\javaee5-doc-api.zip" />
    <property name="ant.java.version" value="1.5" />
    <property name="basedir" value="C:\openesb\open-jbi-components\driver-tests\bpelse\assign\AtomicAssignJBI" />
    <property name="javadoc.noindex" value="false" />
    <property name="java.class.version" value="49.0" />
    <property name="sun.awt.exception.handler" value="org.netbeans.core.startup.TopLogging$AWTHandler" />
    <property name="j2ee.platform" value="1.4" />
    <property name="ant.home" value="C:\openesb\netbeans\ide8\ant" />
    <property name="javadoc.splitindex" value="true" />
    <property name="libs.toplink.src" value="" />
    <property name="libs.javac-api.javadoc" value="" />
    <property name="javadoc.preview" value="true" />
    <property name="libs.CopyLibs.javadoc" value="" />
    <property name="libs.jaxws20.javadoc" value="" />
    <property name="sun.boot.library.path" value="C:\alaska\root\build-tools\jdk1.5.0_09\jre\bin" />
    <property name="build.dir" value="build" />
    <property name="ant.file." value="C:\openesb\open-jbi-components\driver-tests\bpelse\assign\AtomicAssignJBI\build.xml" />
    <property name="libs.swing-app-framework.classpath" value="C:\openesb\netbeans\ide8\modules\ext\appframework-0.21.jar;C:\openesb\netbeans\ide8\modules\ext\swing-worker.jar" />
    <property name="sun.management.compiler" value="HotSpot Client Compiler" />
    <property name="resource.AtomicAssign" value="C:\openesb\open-jbi-components\driver-tests\bpelse\assign\AtomicAssign/setup" />
    <property name="org.netbeans.modules.compapp.projects.jbi.descriptor.uuid.assembly-unit" value="AtomicAssignJBI" />
    <property name="netbeans.logger.console" value="true" />
    <property name="java.awt.graphicsenv" value="sun.awt.Win32GraphicsEnvironment" />
    <property name="user.variant" value="" />
    <property name="libs.jaxb20.classpath" value="C:\openesb\netbeans\ide8\modules\ext\jaxws21\activation.jar;C:\openesb\netbeans\ide8\modules\ext\jaxws21\api\jaxb-api.jar;C:\openesb\netbeans\ide8\modules\ext\jaxws21\jaxb-impl.jar;C:\openesb\netbeans\ide8\modules\ext\jaxws21\jaxb-xjc.jar" />
    <property name="javadoc.windowtitle" value="" />
    <property name="http.proxyPort" value="8080" />
    <property name="libs.jstl11.javadoc" value="C:\openesb\netbeans\enterprise4\docs\javaee5-doc-api.zip" />
    <property name="libs.IdentityAntTasks.src" value="" />
    <property name="build.compiler.emacs" value="true" />
    <property name="libs.jstl11.src" value="" />
    <property name="ant.project.name" value="" />
    <property name="libs.swing-layout.classpath" value="C:\openesb\netbeans\platform7\modules\ext\swing-layout-1.0.1.jar" />
    <property name="java.vm.specification.version" value="1.0" />
    <property name="awt.toolkit" value="sun.awt.windows.WToolkit" />
    <property name="javadoc.use" value="true" />
    <property name="sun.cpu.isalist" value="pentium_pro+mmx pentium_pro pentium+mmx pentium i486 i386 i86" />
    <property name="java.ext.dirs" value="C:\alaska\root\build-tools\jdk1.5.0_09\jre\lib\ext" />
    <property name="os.version" value="5.1" />
    <property name="libs.jstl11.classpath" value="C:\openesb\netbeans\enterprise4\modules\ext\standard.jar;C:\openesb\netbeans\enterprise4\modules\ext\jstl.jar" />
    <property name="user.home" value="C:\Documents and Settings\kbhumana" />
    <property name="org.xml.sax.driver" value="com.sun.org.apache.xerces.internal.parsers.SAXParser" />
    <property name="javax.xml.parsers.DocumentBuilderFactory" value="org.netbeans.core.startup.DOMFactoryImpl" />
    <property name="java.vm.vendor" value="Sun Microsystems Inc." />
    <property name="libs.struts.src" value="" />
    <property name="org.openide.TopManager.GUI" value="true" />
    <property name="user.dir" value="C:\openesb\open-jbi-components\driver-tests\bpelse\assign\AtomicAssignJBI" />
    <property name="libs.jaxb20.javadoc" value="" />
    <property name="libs.jsf.javadoc" value="C:\openesb\netbeans\enterprise4\docs\javaee5-doc-api.zip" />
    <property name="test.dir" value="test" />
    <property name="org.netbeans.modules.compapp.jbiserver.component.conf.root" value="nbproject/private" />
    <property name="sun.cpu.endian" value="little" />
    <property name="com.sun.jbi.routing" value="true" />
    <property name="libs.jaxb20.src" value="" />
    <property name="java.vm.version" value="1.5.0_09-b01" />
    <property name="org.apache.maven.global-plugin-registry" value="C:\Documents and Settings\kbhumana\.netbeans\dev\maven2\plugin-registry.xml" />
    <property name="java.class.path" value="C:\openesb\netbeans\soa1\modules\ext\jbi\catd.jar;C:\openesb\netbeans\soa1\modules\ext\jbi\xmlunit1.0.jar;C:\openesb\netbeans\ide8\modules\ext\junit-3.8.2.jar;C:\openesb\netbeans\ide8\modules\ext\jaxrpc16\FastInfoset.jar;C:\openesb\netbeans\ide8\modules\ext\jaxrpc16\saaj-api.jar;C:\openesb\netbeans\ide8\modules\ext\jaxrpc16\saaj-impl.jar;C:\openesb\netbeans\ide8\modules\org-netbeans-modules-xml-xdm.jar;C:\openesb\netbeans\ide8\modules\org-netbeans-modules-xml-xam.jar;C:\openesb\netbeans\ide8\modules\org-netbeans-modules-editor-lib.jar;C:\openesb\netbeans\ide8\modules\org-netbeans-modules-xml-text.jar;C:\openesb\netbeans\ide8\modules\org-netbeans-modules-editor.jar;C:\openesb\netbeans\ide8\modules\org-netbeans-modules-editor-util.jar;C:\openesb\netbeans\ide8\modules\org-netbeans-modules-xml-core.jar;C:\openesb\netbeans\ide8\modules\org-netbeans-modules-editor-lib2.jar;C:\openesb\netbeans\platform7\lib\org-openide-modules.jar;C:\openesb\netbeans\platform7\lib\org-openide-util.jar;C:\openesb\netbeans\platform7\modules\org-openide-options.jar;C:\openesb\netbeans\platform7\modules\org-openide-text.jar;C:\openesb\netbeans\platform7\modules\org-openide-loaders.jar;C:\openesb\netbeans\platform7\modules\org-openide-nodes.jar;C:\openesb\netbeans\platform7\core\org-openide-filesystems.jar;C:\openesb\netbeans\ide8\ant\lib\ant-launcher.jar;C:\openesb\netbeans\ide8\ant\lib\ant.jar;C:\openesb\netbeans\ide8\ant\lib\ant-junit.jar" />
    <property name="javax.xml.parsers.SAXParserFactory" value="org.netbeans.core.startup.SAXFactoryImpl" />
    <property name="os.arch" value="x86" />
    <property name="javac.deprecation" value="false" />
    <property name="http.proxyHost" value="webcache.east.sun.com" />
    <property name="nbplatform.default.netbeans.dest.dir" value="C:\openesb\netbeans" />
    <property name="build.classes.excludes" value="**/*.java,**/*.form,**/.nbattrs" />
    <property name="dist.dir" value="dist" />
    <property name="netbeans.user" value="C:\Documents and Settings\kbhumana\.netbeans\dev" />
    <property name="debug.classpath" value="${javac.classpath}:build/jar" />
    <property name="ant.core.lib" value="C:\openesb\netbeans\ide8\ant\lib\ant.jar" />
    <property name="libs.JAVADB_DRIVER_LABEL.javadoc" value="" />
    <property name="java.vm.specification.vendor" value="Sun Microsystems Inc." />
    <property name="file.separator" value="\" />
    <property name="org.netbeans.modules.compapp.jbiserver.deployment.conf.file" value="default.xml" />
    <property name="java.runtime.version" value="1.5.0_09-b01" />
    <property name="sun.boot.class.path" value="C:\alaska\root\build-tools\jdk1.5.0_09\jre\lib\rt.jar;C:\alaska\root\build-tools\jdk1.5.0_09\jre\lib\i18n.jar;C:\alaska\root\build-tools\jdk1.5.0_09\jre\lib\sunrsasign.jar;C:\alaska\root\build-tools\jdk1.5.0_09\jre\lib\jsse.jar;C:\alaska\root\build-tools\jdk1.5.0_09\jre\lib\jce.jar;C:\alaska\root\build-tools\jdk1.5.0_09\jre\lib\charsets.jar;C:\alaska\root\build-tools\jdk1.5.0_09\jre\classes" />
    <property name="libs.beans-binding.classpath" value="C:\openesb\netbeans\ide8\modules\ext\beansbinding-0.5.jar" />
    <property name="have.tests" value="true" />
    <property name="java.util.logging.config.class" value="org.netbeans.core.startup.TopLogging" />
    <property name="libs.javac-api.classpath" value="C:\openesb\netbeans\ide8\modules\ext\javac-api.jar" />
    <property name="user.country" value="US" />
    <property name="javadoc.notree" value="false" />
    <property name="libs.struts.javadoc" value="C:\openesb\netbeans\enterprise4\docs\struts-1.2.9-javadoc.zip" />
    <property name="default.javac.target" value="1.5" />
    <property name="build.classes.dir" value="build/jar" />
    <property name="libs.swing-layout.javadoc" value="C:\openesb\netbeans\platform7\docs\swing-layout-1.0.1-doc.zip" />
    <property name="libs.swing-layout.src" value="" />
    <property name="java.vendor" value="Sun Microsystems Inc." />
    <property name="javac.target" value="1.4" />
    <property name="libs.jaxrpc16.javadoc" value="" />
    <property name="libs.swing-app-framework.src" value="" />
    <property name="java.specification.version" value="1.5" />
    <property name="sun.arch.data.model" value="32" />
  </properties>
  <testcase classname="org.netbeans.modules.compapp.catd.ConfiguredTest" name="atomicCopy" time="0.468">
    <failure message="[May 2, 2007 1:40:18 PM] The response is not identical to the expected output." type="junit.framework.AssertionFailedError">junit.framework.AssertionFailedError: [May 2, 2007 1:40:18 PM] The response is not identical to the expected output.
	at org.netbeans.modules.compapp.catd.ConfiguredTest.checkExpectedOutput(ConfiguredTest.java:2120)
	at org.netbeans.modules.compapp.catd.ConfiguredTest.checkExpectedOutput(ConfiguredTest.java:2004)
	at org.netbeans.modules.compapp.catd.ConfiguredTest.testConcurrentSOAPRequest(ConfiguredTest.java:757)
</failure>
  </testcase>
  <system-out><![CDATA[{java.runtime.name=Java(TM) 2 Runtime Environment, Standard Edition, sun.boot.library.path=C:\alaska\root\build-tools\jdk1.5.0_09\jre\bin, java.vm.version=1.5.0_09-b01, java.vm.vendor=Sun Microsystems Inc., java.vendor.url=http://java.sun.com/, path.separator=;, java.vm.name=Java HotSpot(TM) Client VM, file.encoding.pkg=sun.io, user.country=US, sun.os.patch.level=Service Pack 2, java.vm.specification.name=Java Virtual Machine Specification, user.dir=C:\openesb\open-jbi-components\driver-tests\bpelse\assign\AtomicAssignJBI, java.runtime.version=1.5.0_09-b01, java.awt.graphicsenv=sun.awt.Win32GraphicsEnvironment, java.endorsed.dirs=C:\alaska\root\build-tools\jdk1.5.0_09\jre\lib\endorsed, os.arch=x86, java.io.tmpdir=C:\DOCUME~1\kbhumana\LOCALS~1\Temp\, line.separator=
, java.vm.specification.vendor=Sun Microsystems Inc., user.variant=, os.name=Windows XP, sun.jnu.encoding=Cp1252, java.library.path=C:\alaska\root\build-tools\jdk1.5.0_09\jre\bin;.;C:\WINDOWS\system32;C:\WINDOWS;C:\oracle\ora92\bin;C:\Program Files\Oracle\jre\1.3.1\bin;C:\Program Files\Oracle\jre\1.1.8\bin;C:\WINDOWS\system32;C:\WINDOWS;C:\WINDOWS\System32\Wbem;C:\Program Files\TortoiseCVS;C:\tools\maven-2.0.6\bin, java.specification.name=Java Platform API Specification, java.class.version=49.0, sun.management.compiler=HotSpot Client Compiler, os.version=5.1, user.home=C:\Documents and Settings\kbhumana, user.timezone=America/Los_Angeles, java.awt.printerjob=sun.awt.windows.WPrinterJob, file.encoding=Cp1252, java.specification.version=1.5, java.class.path=C:\openesb\netbeans\soa1\modules\ext\jbi\catd.jar;C:\openesb\netbeans\soa1\modules\ext\jbi\xmlunit1.0.jar;C:\openesb\netbeans\ide8\modules\ext\junit-3.8.2.jar;C:\openesb\netbeans\ide8\modules\ext\jaxrpc16\FastInfoset.jar;C:\openesb\netbeans\ide8\modules\ext\jaxrpc16\saaj-api.jar;C:\openesb\netbeans\ide8\modules\ext\jaxrpc16\saaj-impl.jar;C:\openesb\netbeans\ide8\modules\org-netbeans-modules-xml-xdm.jar;C:\openesb\netbeans\ide8\modules\org-netbeans-modules-xml-xam.jar;C:\openesb\netbeans\ide8\modules\org-netbeans-modules-editor-lib.jar;C:\openesb\netbeans\ide8\modules\org-netbeans-modules-xml-text.jar;C:\openesb\netbeans\ide8\modules\org-netbeans-modules-editor.jar;C:\openesb\netbeans\ide8\modules\org-netbeans-modules-editor-util.jar;C:\openesb\netbeans\ide8\modules\org-netbeans-modules-xml-core.jar;C:\openesb\netbeans\ide8\modules\org-netbeans-modules-editor-lib2.jar;C:\openesb\netbeans\platform7\lib\org-openide-modules.jar;C:\openesb\netbeans\platform7\lib\org-openide-util.jar;C:\openesb\netbeans\platform7\modules\org-openide-options.jar;C:\openesb\netbeans\platform7\modules\org-openide-text.jar;C:\openesb\netbeans\platform7\modules\org-openide-loaders.jar;C:\openesb\netbeans\platform7\modules\org-openide-nodes.jar;C:\openesb\netbeans\platform7\core\org-openide-filesystems.jar;C:\openesb\netbeans\ide8\ant\lib\ant-launcher.jar;C:\openesb\netbeans\ide8\ant\lib\ant.jar;C:\openesb\netbeans\ide8\ant\lib\ant-junit.jar, user.name=kbhumana, java.vm.specification.version=1.0, java.home=C:\alaska\root\build-tools\jdk1.5.0_09\jre, sun.arch.data.model=32, user.language=en, java.specification.vendor=Sun Microsystems Inc., awt.toolkit=sun.awt.windows.WToolkit, java.vm.info=mixed mode, java.version=1.5.0_09, java.ext.dirs=C:\alaska\root\build-tools\jdk1.5.0_09\jre\lib\ext, sun.boot.class.path=C:\alaska\root\build-tools\jdk1.5.0_09\jre\lib\rt.jar;C:\alaska\root\build-tools\jdk1.5.0_09\jre\lib\i18n.jar;C:\alaska\root\build-tools\jdk1.5.0_09\jre\lib\sunrsasign.jar;C:\alaska\root\build-tools\jdk1.5.0_09\jre\lib\jsse.jar;C:\alaska\root\build-tools\jdk1.5.0_09\jre\lib\jce.jar;C:\alaska\root\build-tools\jdk1.5.0_09\jre\lib\charsets.jar;C:\alaska\root\build-tools\jdk1.5.0_09\jre\classes, java.vendor=Sun Microsystems Inc., file.separator=\, java.vendor.url.bug=http://java.sun.com/cgi-bin/bugreport.cgi, sun.io.unicode.encoding=UnicodeLittle, sun.cpu.endian=little, sun.desktop=windows, sun.cpu.isalist=pentium_pro+mmx pentium_pro pentium+mmx pentium i486 i386 i86}
Test atomicCopy\Concurrent.properties Failed.
]]></system-out>
  <system-err><![CDATA[May 2, 2007 1:40:18 PM org.netbeans.modules.editor.impl.KitsTracker logOnce
WARNING: No mime type uses editor kit implementation class: class org.netbeans.modules.xml.text.syntax.XMLKit
May 2, 2007 1:40:18 PM org.netbeans.editor.Settings getKitMap
WARNING: null
java.lang.NullPointerException
	at org.netbeans.modules.editor.NbEditorSettingsInitializer.updateSettingsMap(NbEditorSettingsInitializer.java:102)
	at org.netbeans.editor.Settings.getKitMap(Settings.java:626)
	at org.netbeans.editor.Settings.getValue(Settings.java:330)
	at org.netbeans.editor.Settings.getValue(Settings.java:314)
	at org.netbeans.editor.SettingsUtil.getInteger(SettingsUtil.java:102)
	at org.netbeans.editor.SettingsUtil.getPositiveInteger(SettingsUtil.java:113)
	at org.netbeans.editor.SettingsUtil.getPositiveInteger(SettingsUtil.java:122)
	at org.netbeans.editor.BaseDocument.settingsChange(BaseDocument.java:339)
	at org.netbeans.editor.Settings.fireSettingsChange(Settings.java:593)
	at org.netbeans.editor.Settings.access$100(Settings.java:80)
	at org.netbeans.editor.Settings$1.run(Settings.java:156)
	at org.openide.util.RequestProcessor$Task.run(RequestProcessor.java:539)
	at org.openide.util.RequestProcessor$Processor.run(RequestProcessor.java:964)
]]></system-err>
</testsuite>
