<?xml version="1.0" encoding="UTF-8"?>
<con:soapui-project name="test-consumer-fromidl-complex-anytypes" resourceRoot="" soapui-version="2.5" xmlns:con="http://eviware.com/soapui/config"><con:settings><con:setting id="ProjectSettings@projectRoot">/home/raffaele/lavoro/Progetti/nokia/progetto/pragma_prefix/open-jbi-components/contrib-imola/corba-bc/integration-test/test-consumer-fromidl-complex-anytypes/consumer-fromidl-complex-anytypes-integration-test/src/test/etc/soapui</con:setting></con:settings><con:interface xsi:type="con:WsdlInterface" wsaVersion="NONE" name="EchoAnyTypesCorbaBinding" type="wsdl" bindingName="{urn:jbi4corba/test-consumer-fromidl-complex-anytypes}EchoAnyTypesCorbaBinding" soapVersion="1_1" anonymous="optional" definition="http://localhost:8192/Service/test-consumer-fromidl-complex-anytypes/?wsdl" xmlns:xsi="http://www.w3.org/2001/XMLSchema-instance"><con:settings/><con:definitionCache type="TEXT" rootPart="http://localhost:8192/Service/test-consumer-fromidl-complex-anytypes/?wsdl"><con:part><con:url>http://localhost:8192/Service/test-consumer-fromidl-complex-anytypes/?wsdl</con:url><con:content><![CDATA[<wsdl:definitions name="EchoAnyTypes" targetNamespace="urn:jbi4corba/test-consumer-fromidl-complex-anytypes" xmlns:plnk="http://docs.oasis-open.org/wsbpel/2.0/plnktype" xmlns:imolacorba="uri://schemas.imola.it/jbi/wsdl-extensions/corba/" xmlns:wsdl="http://schemas.xmlsoap.org/wsdl/" xmlns:tns="urn:jbi4corba/test-consumer-fromidl-complex-anytypes" xmlns:xsd="http://www.w3.org/2001/XMLSchema" xmlns:soap="http://schemas.xmlsoap.org/wsdl/soap/" xmlns:soap12="http://schemas.xmlsoap.org/wsdl/soap12/">
  <wsdl:types>
    <xs:schema attributeFormDefault="unqualified" elementFormDefault="unqualified" targetNamespace="http://jaxb.dev.java.net/array" xmlns="http://jaxb.dev.java.net/array" xmlns:xs="http://www.w3.org/2001/XMLSchema">
      <xs:complexType final="#all" name="anyTypeArray">
        <xs:sequence>
          <xs:element maxOccurs="unbounded" minOccurs="0" name="item" nillable="true" type="xs:anyType"/>
        </xs:sequence>
      </xs:complexType>
    </xs:schema>
    <xs:schema attributeFormDefault="qualified" elementFormDefault="qualified" targetNamespace="http://testconsumerfromidlanytypes.test.jbi4corba.imolinfo.it/" xmlns="http://testconsumerfromidlanytypes.test.jbi4corba.imolinfo.it/" xmlns:xs="http://www.w3.org/2001/XMLSchema">
      <xs:complexType name="complexStruct1">
        <xs:sequence>
          <xs:element name="fieldBoolean" type="xs:boolean"/>
          <xs:element name="fieldChar" type="xs:unsignedShort"/>
          <xs:element maxOccurs="unbounded" minOccurs="0" name="fieldAny" nillable="true" type="xs:anyType"/>
        </xs:sequence>
      </xs:complexType>
      <xs:complexType name="TempUnionWrapper">
        <xs:sequence>
          <xs:choice minOccurs="0">
            <xs:element name="alfanumeric" type="xs:string"/>
            <xs:element name="numeric" type="xs:int"/>
            <xs:element name="two_format" type="xs:anyType"/>
          </xs:choice>
        </xs:sequence>
      </xs:complexType>
      <xs:complexType name="tempUnion">
        <xs:sequence>
          <xs:element name="___numeric" type="xs:int"/>
          <xs:element minOccurs="0" name="___alfanumeric" type="xs:string"/>
          <xs:element minOccurs="0" name="___two_format" type="xs:anyType"/>
          <xs:element name="__discriminator" type="xs:short"/>
          <xs:element name="__uninitialized" type="xs:boolean"/>
        </xs:sequence>
      </xs:complexType>
    </xs:schema>
    <xs:schema attributeFormDefault="unqualified" elementFormDefault="qualified" targetNamespace="urn:jbi4corba/test-consumer-fromidl-complex-anytypes" xmlns="urn:jbi4corba/test-consumer-fromidl-complex-anytypes" xmlns:ns1="http://testconsumerfromidlanytypes.test.jbi4corba.imolinfo.it/" xmlns:ns2="http://jaxb.dev.java.net/array" xmlns:xs="http://www.w3.org/2001/XMLSchema">
      <xs:import namespace="http://testconsumerfromidlanytypes.test.jbi4corba.imolinfo.it/"/>
      <xs:import namespace="http://jaxb.dev.java.net/array"/>
      <xs:element name="echo1">
        <xs:complexType>
          <xs:sequence>
            <xs:element minOccurs="0" name="msg" type="xs:anyType"/>
          </xs:sequence>
        </xs:complexType>
      </xs:element>
      <xs:element name="echo1Response">
        <xs:complexType>
          <xs:sequence>
            <xs:element minOccurs="0" name="return" type="xs:string"/>
            <xs:element minOccurs="0" name="msg" type="xs:anyType"/>
          </xs:sequence>
        </xs:complexType>
      </xs:element>
      <xs:element name="echo2">
        <xs:complexType>
          <xs:sequence>
            <xs:element minOccurs="0" name="msg" type="xs:anyType"/>
          </xs:sequence>
        </xs:complexType>
      </xs:element>
      <xs:element name="echo2Response">
        <xs:complexType>
          <xs:sequence>
            <xs:element minOccurs="0" name="return" type="xs:anyType"/>
          </xs:sequence>
        </xs:complexType>
      </xs:element>
      <xs:element name="echo3">
        <xs:complexType>
          <xs:sequence>
            <xs:element minOccurs="0" name="msg" type="ns1:TempUnionWrapper"/>
          </xs:sequence>
        </xs:complexType>
      </xs:element>
      <xs:element name="echo3Response">
        <xs:complexType>
          <xs:sequence>
            <xs:element minOccurs="0" name="return" type="ns1:complexStruct1"/>
          </xs:sequence>
        </xs:complexType>
      </xs:element>
      <xs:element name="echo4">
        <xs:complexType>
          <xs:sequence>
            <xs:element minOccurs="0" name="msg" type="ns1:complexStruct1"/>
          </xs:sequence>
        </xs:complexType>
      </xs:element>
      <xs:element name="echo4Response">
        <xs:complexType>
          <xs:sequence>
            <xs:element maxOccurs="unbounded" minOccurs="0" name="return" type="ns2:anyTypeArray"/>
            <xs:element minOccurs="0" name="msg" type="ns1:complexStruct1"/>
          </xs:sequence>
        </xs:complexType>
      </xs:element>
      <xs:element name="EchoAnyException" type="EchoAnyException"/>
      <xs:complexType name="EchoAnyException">
        <xs:sequence>
          <xs:element name="reason" nillable="true" type="xs:anyType"/>
        </xs:sequence>
      </xs:complexType>
    </xs:schema>
  </wsdl:types>
  <wsdl:message name="echo4">
    <wsdl:part name="parameters" element="tns:echo4"></wsdl:part>
  </wsdl:message>
  <wsdl:message name="echo3">
    <wsdl:part name="parameters" element="tns:echo3"></wsdl:part>
  </wsdl:message>
  <wsdl:message name="echo2">
    <wsdl:part name="parameters" element="tns:echo2"></wsdl:part>
  </wsdl:message>
  <wsdl:message name="echo1">
    <wsdl:part name="parameters" element="tns:echo1"></wsdl:part>
  </wsdl:message>
  <wsdl:message name="echo2Response">
    <wsdl:part name="parameters" element="tns:echo2Response"></wsdl:part>
  </wsdl:message>
  <wsdl:message name="echo1Response">
    <wsdl:part name="parameters" element="tns:echo1Response"></wsdl:part>
  </wsdl:message>
  <wsdl:message name="echo4Response">
    <wsdl:part name="parameters" element="tns:echo4Response"></wsdl:part>
  </wsdl:message>
  <wsdl:message name="EchoAnyException">
    <wsdl:part name="EchoAnyException" element="tns:EchoAnyException"></wsdl:part>
  </wsdl:message>
  <wsdl:message name="echo3Response">
    <wsdl:part name="parameters" element="tns:echo3Response"></wsdl:part>
  </wsdl:message>
  <wsdl:portType name="EchoAnyTypesPortType">
    <wsdl:operation name="echo4">
      <wsdl:input name="echo4" message="tns:echo4"></wsdl:input>
      <wsdl:output name="echo4Response" message="tns:echo4Response"></wsdl:output>
    </wsdl:operation>
    <wsdl:operation name="echo1">
      <wsdl:input name="echo1" message="tns:echo1"></wsdl:input>
      <wsdl:output name="echo1Response" message="tns:echo1Response"></wsdl:output>
    </wsdl:operation>
    <wsdl:operation name="echo2">
      <wsdl:input name="echo2" message="tns:echo2"></wsdl:input>
      <wsdl:output name="echo2Response" message="tns:echo2Response"></wsdl:output>
      <wsdl:fault name="EchoAnyException" message="tns:EchoAnyException"></wsdl:fault>
    </wsdl:operation>
    <wsdl:operation name="echo3">
      <wsdl:input name="echo3" message="tns:echo3"></wsdl:input>
      <wsdl:output name="echo3Response" message="tns:echo3Response"></wsdl:output>
    </wsdl:operation>
  </wsdl:portType>
  <wsdl:binding name="EchoAnyTypesCorbaBinding" type="tns:EchoAnyTypesPortType">
    <soap:binding transport="http://schemas.xmlsoap.org/soap/http"/>
    <wsdl:operation name="echo1">
      <soap:operation/>
      <wsdl:input name="echo1">
        <soap:body use="literal"/>
      </wsdl:input>
      <wsdl:output name="echo1Response">
        <soap:body use="literal"/>
      </wsdl:output>
    </wsdl:operation>
    <wsdl:operation name="echo4">
      <soap:operation/>
      <wsdl:input name="echo4">
        <soap:body use="literal"/>
      </wsdl:input>
      <wsdl:output name="echo4Response">
        <soap:body use="literal"/>
      </wsdl:output>
    </wsdl:operation>
    <wsdl:operation name="echo2">
      <soap:operation/>
      <wsdl:input name="echo2">
        <soap:body use="literal"/>
      </wsdl:input>
      <wsdl:output name="echo2Response">
        <soap:body use="literal"/>
      </wsdl:output>
      <wsdl:fault name="EchoAnyException">
        <soap:fault name="EchoAnyException" use="literal"/>
      </wsdl:fault>
    </wsdl:operation>
    <wsdl:operation name="echo3">
      <soap:operation/>
      <wsdl:input name="echo3">
        <soap:body use="literal"/>
      </wsdl:input>
      <wsdl:output name="echo3Response">
        <soap:body use="literal"/>
      </wsdl:output>
    </wsdl:operation>
  </wsdl:binding>
  <wsdl:service name="EchoAnyTypes">
    <wsdl:port name="EchoAnyTypesCorbaPort" binding="tns:EchoAnyTypesCorbaBinding">
      <soap:address location="http://localhost:8192/Service/test-consumer-fromidl-complex-anytypes/"/>
    </wsdl:port>
  </wsdl:service>
  <plnk:partnerLinkType name="EchoAnyTypes">
    <plnk:role name="EchoAnyTypesPortTypeRole" portType="tns:EchoAnyTypesPortType"/>
  </plnk:partnerLinkType>
</wsdl:definitions>]]></con:content><con:type>http://schemas.xmlsoap.org/wsdl/</con:type></con:part></con:definitionCache><con:endpoints><con:endpoint>http://localhost:8192/Service/test-consumer-fromidl-complex-anytypes/</con:endpoint></con:endpoints><con:operation isOneWay="false" action="" name="echo1" bindingOperationName="echo1" type="Request-Response" outputName="echo1Response" inputName="echo1" receivesAttachments="false" sendsAttachments="false" anonymous="optional"><con:settings/><con:call name="Request 1"><con:settings/><con:encoding>UTF-8</con:encoding><con:endpoint>http://localhost:8192/Service/test-consumer-fromidl-complex-anytypes/</con:endpoint><con:request><![CDATA[<soapenv:Envelope xmlns:soapenv="http://schemas.xmlsoap.org/soap/envelope/" xmlns:test="urn:jbi4corba/test-consumer-fromidl-complex-anytypes">
   <soapenv:Header/>
   <soapenv:Body>
      <test:echo1>
         <!--Optional:-->
         <test:msg>anyType</test:msg>
      </test:echo1>
   </soapenv:Body>
</soapenv:Envelope>]]></con:request><con:wsaConfig mustUnderstand="NONE" version="200508" action="urn:jbi4corba/test-consumer-fromidl-complex-anytypes/EchoAnyTypesPortType/echo1"/></con:call></con:operation><con:operation isOneWay="false" action="" name="echo2" bindingOperationName="echo2" type="Request-Response" outputName="echo2Response" inputName="echo2" receivesAttachments="false" sendsAttachments="false" anonymous="optional"><con:settings/><con:call name="Request 1"><con:settings/><con:encoding>UTF-8</con:encoding><con:endpoint>http://localhost:8192/Service/test-consumer-fromidl-complex-anytypes/</con:endpoint><con:request><![CDATA[<soapenv:Envelope xmlns:soapenv="http://schemas.xmlsoap.org/soap/envelope/" xmlns:test="urn:jbi4corba/test-consumer-fromidl-complex-anytypes">
   <soapenv:Header/>
   <soapenv:Body>
      <test:echo2>
         <!--Optional:-->
         <test:msg>anyType</test:msg>
      </test:echo2>
   </soapenv:Body>
</soapenv:Envelope>]]></con:request><con:wsaConfig mustUnderstand="NONE" version="200508" action="urn:jbi4corba/test-consumer-fromidl-complex-anytypes/EchoAnyTypesPortType/echo2"/></con:call></con:operation><con:operation isOneWay="false" action="" name="echo3" bindingOperationName="echo3" type="Request-Response" outputName="echo3Response" inputName="echo3" receivesAttachments="false" sendsAttachments="false" anonymous="optional"><con:settings/><con:call name="Request 1"><con:settings/><con:encoding>UTF-8</con:encoding><con:endpoint>http://localhost:8192/Service/test-consumer-fromidl-complex-anytypes/</con:endpoint><con:request><![CDATA[<soapenv:Envelope xmlns:soapenv="http://schemas.xmlsoap.org/soap/envelope/" xmlns:test="urn:jbi4corba/test-consumer-fromidl-complex-anytypes" xmlns:tes="http://testconsumerfromidlanytypes.test.jbi4corba.imolinfo.it/">
   <soapenv:Header/>
   <soapenv:Body>
      <test:echo3>
         <!--Optional:-->
         <test:msg>
            <!--You have a CHOICE of the next 3 items at this level-->
            <tes:alfanumeric>gero et</tes:alfanumeric>
            <tes:numeric>3</tes:numeric>
            <tes:two_format>anyType</tes:two_format>
         </test:msg>
      </test:echo3>
   </soapenv:Body>
</soapenv:Envelope>]]></con:request><con:wsaConfig mustUnderstand="NONE" version="200508" action="urn:jbi4corba/test-consumer-fromidl-complex-anytypes/EchoAnyTypesPortType/echo3"/></con:call></con:operation><con:operation isOneWay="false" action="" name="echo4" bindingOperationName="echo4" type="Request-Response" outputName="echo4Response" inputName="echo4" receivesAttachments="false" sendsAttachments="false" anonymous="optional"><con:settings/><con:call name="Request 1"><con:settings/><con:encoding>UTF-8</con:encoding><con:endpoint>http://localhost:8192/Service/test-consumer-fromidl-complex-anytypes/</con:endpoint><con:request><![CDATA[<soapenv:Envelope xmlns:soapenv="http://schemas.xmlsoap.org/soap/envelope/" xmlns:test="urn:jbi4corba/test-consumer-fromidl-complex-anytypes" xmlns:tes="http://testconsumerfromidlanytypes.test.jbi4corba.imolinfo.it/">
   <soapenv:Header/>
   <soapenv:Body>
      <test:echo4>
         <!--Optional:-->
         <test:msg>
            <tes:fieldBoolean>false</tes:fieldBoolean>
            <tes:fieldChar>5</tes:fieldChar>
            <!--Zero or more repetitions:-->
            <tes:fieldAny>anyType</tes:fieldAny>
         </test:msg>
      </test:echo4>
   </soapenv:Body>
</soapenv:Envelope>]]></con:request><con:wsaConfig mustUnderstand="NONE" version="200508" action="urn:jbi4corba/test-consumer-fromidl-complex-anytypes/EchoAnyTypesPortType/echo4"/></con:call></con:operation></con:interface><con:testSuite name="EchoAnyTypesCorbaBinding TestSuite"><con:settings/><con:runType>SEQUENTIAL</con:runType><con:testCase failOnError="true" failTestCaseOnErrors="true" keepSession="false" maxResults="0" name="EchoAnyTypesCorbaBinding TestSuite" searchProperties="true" id="8acbd2a9-01e5-4ab5-931b-8a35b7e7ea15"><con:settings/><con:testStep type="request" name="EchoAnyHolderBoolean"><con:settings/><con:config xsi:type="con:RequestStep" xmlns:xsi="http://www.w3.org/2001/XMLSchema-instance"><con:interface>EchoAnyTypesCorbaBinding</con:interface><con:operation>echo1</con:operation><con:request name="EchoAnyHolderBoolean"><con:settings/><con:encoding>UTF-8</con:encoding><con:endpoint>http://localhost:8192/Service/test-consumer-fromidl-complex-anytypes/</con:endpoint><con:request><![CDATA[<soapenv:Envelope xmlns:soapenv="http://schemas.xmlsoap.org/soap/envelope/" xmlns:test="urn:jbi4corba/test-consumer-fromidl-complex-anytypes">
   <soapenv:Header/>
   <soapenv:Body>
     <test:echo1>
         <!--Optional:-->
         <test:msg xmlns:xsi="http://www.w3.org/2001/XMLSchema-instance" xmlns:xs="http://www.w3.org/2001/XMLSchema" xsi:type="xs:boolean">false</test:msg>
      </test:echo1>
   </soapenv:Body>
</soapenv:Envelope>]]></con:request><con:assertion type="SOAP Response"/><con:assertion type="SOAP Fault Assertion"/></con:request></con:config></con:testStep><con:testStep type="request" name="EchoAnyHolderFloat"><con:settings/><con:config xsi:type="con:RequestStep" xmlns:xsi="http://www.w3.org/2001/XMLSchema-instance"><con:interface>EchoAnyTypesCorbaBinding</con:interface><con:operation>echo1</con:operation><con:request name="EchoAnyHolderFloat"><con:settings/><con:encoding>UTF-8</con:encoding><con:endpoint>http://localhost:8192/Service/test-consumer-fromidl-complex-anytypes/</con:endpoint><con:request><![CDATA[<soapenv:Envelope xmlns:soapenv="http://schemas.xmlsoap.org/soap/envelope/" xmlns:it="urn:jbi4corba/test-consumer-fromidl-complex-anytypes">
   <soapenv:Header/>
   <soapenv:Body>
     <it:echo1>
         <!--Optional:-->
         <it:msg xmlns:xsi="http://www.w3.org/2001/XMLSchema-instance" xmlns:xs="http://www.w3.org/2001/XMLSchema" xsi:type="xs:float">3.4</it:msg>
      </it:echo1>
   </soapenv:Body>
</soapenv:Envelope>]]></con:request><con:assertion type="SOAP Response"/><con:assertion type="SOAP Fault Assertion"/></con:request></con:config></con:testStep><con:testStep type="request" name=" EchoAnyHolderString"><con:settings/><con:config xsi:type="con:RequestStep" xmlns:xsi="http://www.w3.org/2001/XMLSchema-instance"><con:interface>EchoAnyTypesCorbaBinding</con:interface><con:operation>echo1</con:operation><con:request name=" EchoAnyHolderString"><con:settings/><con:encoding>UTF-8</con:encoding><con:endpoint>http://localhost:8192/Service/test-consumer-fromidl-complex-anytypes/</con:endpoint><con:request><![CDATA[<soapenv:Envelope xmlns:soapenv="http://schemas.xmlsoap.org/soap/envelope/" xmlns:it="urn:jbi4corba/test-consumer-fromidl-complex-anytypes">
   <soapenv:Header/>
   <soapenv:Body>
     <it:echo1>
         <!--Optional:-->
         <it:msg xmlns:xsi="http://www.w3.org/2001/XMLSchema-instance" xmlns:xs="http://www.w3.org/2001/XMLSchema" xsi:type="xs:string">string value</it:msg>
      </it:echo1>
   </soapenv:Body>
</soapenv:Envelope>]]></con:request><con:assertion type="SOAP Response"/><con:assertion type="SOAP Fault Assertion"/></con:request></con:config></con:testStep><con:testStep type="request" name="EchoAnyHolderDouble"><con:settings/><con:config xsi:type="con:RequestStep" xmlns:xsi="http://www.w3.org/2001/XMLSchema-instance"><con:interface>EchoAnyTypesCorbaBinding</con:interface><con:operation>echo1</con:operation><con:request name="EchoAnyHolderDouble"><con:settings/><con:encoding>UTF-8</con:encoding><con:endpoint>http://localhost:8192/Service/test-consumer-fromidl-complex-anytypes/</con:endpoint><con:request><![CDATA[<soapenv:Envelope xmlns:soapenv="http://schemas.xmlsoap.org/soap/envelope/" xmlns:it="urn:jbi4corba/test-consumer-fromidl-complex-anytypes">
   <soapenv:Header/>
   <soapenv:Body>
     <it:echo1>
         <!--Optional:-->
         <it:msg xmlns:xsi="http://www.w3.org/2001/XMLSchema-instance" xmlns:xs="http://www.w3.org/2001/XMLSchema" xsi:type="xs:double">222.222</it:msg>
      </it:echo1>
   </soapenv:Body>
</soapenv:Envelope>]]></con:request><con:assertion type="SOAP Response"/><con:assertion type="SOAP Fault Assertion"/></con:request></con:config></con:testStep><con:testStep type="request" name="EchoAnyHolderInteger"><con:settings/><con:config xsi:type="con:RequestStep" xmlns:xsi="http://www.w3.org/2001/XMLSchema-instance"><con:interface>EchoAnyTypesCorbaBinding</con:interface><con:operation>echo1</con:operation><con:request name="EchoAnyHolderInteger"><con:settings/><con:encoding>UTF-8</con:encoding><con:endpoint>http://localhost:8192/Service/test-consumer-fromidl-complex-anytypes/</con:endpoint><con:request><![CDATA[<soapenv:Envelope xmlns:soapenv="http://schemas.xmlsoap.org/soap/envelope/" xmlns:it="urn:jbi4corba/test-consumer-fromidl-complex-anytypes">
   <soapenv:Header/>
   <soapenv:Body>
       <it:echo1>
         <!--Optional:-->
         <it:msg xmlns:xsi="http://www.w3.org/2001/XMLSchema-instance" xmlns:xs="http://www.w3.org/2001/XMLSchema" xsi:type="xs:long">333</it:msg>
      </it:echo1>
   </soapenv:Body>
</soapenv:Envelope>]]></con:request><con:assertion type="SOAP Response"/><con:assertion type="SOAP Fault Assertion"/></con:request></con:config></con:testStep><con:testStep type="request" name="EchoHolderAnyNonPositiveInteger"><con:settings/><con:config xsi:type="con:RequestStep" xmlns:xsi="http://www.w3.org/2001/XMLSchema-instance"><con:interface>EchoAnyTypesCorbaBinding</con:interface><con:operation>echo1</con:operation><con:request name="EchoHolderAnyNonPositiveInteger"><con:settings/><con:encoding>UTF-8</con:encoding><con:endpoint>http://localhost:8192/Service/test-consumer-fromidl-complex-anytypes/</con:endpoint><con:request><![CDATA[<soapenv:Envelope xmlns:soapenv="http://schemas.xmlsoap.org/soap/envelope/" xmlns:it="urn:jbi4corba/test-consumer-fromidl-complex-anytypes">
   <soapenv:Header/>
   <soapenv:Body>
<it:echo1>
         <!--Optional:-->
         <it:msg xmlns:xsi="http://www.w3.org/2001/XMLSchema-instance" xmlns:xs="http://www.w3.org/2001/XMLSchema" xsi:type="xs:nonPositiveInteger">-53323234123432423423432233</it:msg>
      </it:echo1>
     
   </soapenv:Body>
</soapenv:Envelope>]]></con:request><con:assertion type="SOAP Response"/><con:assertion type="SOAP Fault Assertion"/></con:request></con:config></con:testStep><con:testStep type="request" name="EchoAnyHolderNonNegativeInteger"><con:settings/><con:config xsi:type="con:RequestStep" xmlns:xsi="http://www.w3.org/2001/XMLSchema-instance"><con:interface>EchoAnyTypesCorbaBinding</con:interface><con:operation>echo1</con:operation><con:request name="EchoAnyHolderNonNegativeInteger"><con:settings/><con:encoding>UTF-8</con:encoding><con:endpoint>http://localhost:8192/Service/test-consumer-fromidl-complex-anytypes/</con:endpoint><con:request><![CDATA[<soapenv:Envelope xmlns:soapenv="http://schemas.xmlsoap.org/soap/envelope/" xmlns:it="urn:jbi4corba/test-consumer-fromidl-complex-anytypes">
   <soapenv:Header/>
   <soapenv:Body>
      <it:echo1>
         <!--Optional:-->
         <it:msg xmlns:xsi="http://www.w3.org/2001/XMLSchema-instance" xmlns:xs="http://www.w3.org/2001/XMLSchema" xsi:type="xs:nonNegativeInteger">34453323234123432423423432233</it:msg>
      </it:echo1>
   </soapenv:Body>
</soapenv:Envelope>]]></con:request><con:assertion type="SOAP Response"/><con:assertion type="SOAP Fault Assertion"/></con:request></con:config></con:testStep><con:testStep type="request" name="EchoAnyHolderDecimal"><con:settings/><con:config xsi:type="con:RequestStep" xmlns:xsi="http://www.w3.org/2001/XMLSchema-instance"><con:interface>EchoAnyTypesCorbaBinding</con:interface><con:operation>echo1</con:operation><con:request name="EchoAnyHolderDecimal"><con:settings/><con:encoding>UTF-8</con:encoding><con:endpoint>http://localhost:8192/Service/test-consumer-fromidl-complex-anytypes/</con:endpoint><con:request><![CDATA[<soapenv:Envelope xmlns:soapenv="http://schemas.xmlsoap.org/soap/envelope/" xmlns:it="urn:jbi4corba/test-consumer-fromidl-complex-anytypes">
   <soapenv:Header/>
   <soapenv:Body>
     <it:echo1>
         <!--Optional:-->
         <it:msg xmlns:xsi="http://www.w3.org/2001/XMLSchema-instance" xmlns:xs="http://www.w3.org/2001/XMLSchema" xsi:type="xs:decimal">-53323234123432423423432233</it:msg>
      </it:echo1>
     
   </soapenv:Body>
</soapenv:Envelope>]]></con:request><con:assertion type="SOAP Response"/><con:assertion type="SOAP Fault Assertion"/></con:request></con:config></con:testStep><con:testStep type="request" name="EchoAnyHolderByte"><con:settings/><con:config xsi:type="con:RequestStep" xmlns:xsi="http://www.w3.org/2001/XMLSchema-instance"><con:interface>EchoAnyTypesCorbaBinding</con:interface><con:operation>echo1</con:operation><con:request name="EchoAnyHolderByte"><con:settings/><con:encoding>UTF-8</con:encoding><con:endpoint>http://localhost:8192/Service/test-consumer-fromidl-complex-anytypes/</con:endpoint><con:request><![CDATA[<soapenv:Envelope xmlns:soapenv="http://schemas.xmlsoap.org/soap/envelope/" xmlns:it="urn:jbi4corba/test-consumer-fromidl-complex-anytypes">
   <soapenv:Header/>
   <soapenv:Body>
       <it:echo1>
         <!--Optional:-->
         <it:msg xmlns:xsi="http://www.w3.org/2001/XMLSchema-instance" xmlns:xs="http://www.w3.org/2001/XMLSchema" xsi:type="xs:byte">1</it:msg>
      </it:echo1>
   </soapenv:Body>
</soapenv:Envelope>]]></con:request><con:assertion type="SOAP Response"/><con:assertion type="SOAP Fault Assertion"/></con:request></con:config></con:testStep><con:testStep type="request" name="EchoAnyHolderUnion"><con:settings/><con:config xsi:type="con:RequestStep" xmlns:xsi="http://www.w3.org/2001/XMLSchema-instance"><con:interface>EchoAnyTypesCorbaBinding</con:interface><con:operation>echo1</con:operation><con:request name="EchoAnyHolderUnion"><con:settings/><con:encoding>UTF-8</con:encoding><con:endpoint>http://localhost:8192/Service/test-consumer-fromidl-complex-anytypes/</con:endpoint><con:request><![CDATA[<soapenv:Envelope xmlns:soapenv="http://schemas.xmlsoap.org/soap/envelope/" xmlns:it="urn:jbi4corba/test-consumer-fromidl-complex-anytypes">
   <soapenv:Header/>
   <soapenv:Body>
      <it:echo1>
  <it:msg xmlns:xsi="http://www.w3.org/2001/XMLSchema-instance" xmlns:xs="http://testconsumerfromidlanytypes.test.jbi4corba.imolinfo.it/" xsi:type="xs:TempUnion">
 		<xs:alfanumeric>anyUnionUnion</xs:alfanumeric>
             
	</it:msg>
</it:echo1>
   </soapenv:Body>
</soapenv:Envelope>]]></con:request><con:assertion type="SOAP Response"/><con:assertion type="SOAP Fault Assertion"/></con:request></con:config></con:testStep><con:testStep type="request" name="EchoAnyRequestWithUnion"><con:settings/><con:config xsi:type="con:RequestStep" xmlns:xsi="http://www.w3.org/2001/XMLSchema-instance"><con:interface>EchoAnyTypesCorbaBinding</con:interface><con:operation>echo2</con:operation><con:request name="EchoAnyRequestWithUnion"><con:settings/><con:encoding>UTF-8</con:encoding><con:endpoint>http://localhost:8192/Service/test-consumer-fromidl-complex-anytypes/</con:endpoint><con:request><![CDATA[<soapenv:Envelope xmlns:soapenv="http://schemas.xmlsoap.org/soap/envelope/" xmlns:it="urn:jbi4corba/test-consumer-fromidl-complex-anytypes">
   <soapenv:Header/>
   <soapenv:Body>
     <it:echo2>
         <!--Optional:-->
         <it:msg xmlns:xsi="http://www.w3.org/2001/XMLSchema-instance" xmlns:xs="http://testconsumerfromidlanytypes.test.jbi4corba.imolinfo.it/" xsi:type="xs:TempUnion">
 		<xs:alfanumeric>anyUnionUnion</xs:alfanumeric>
             
	</it:msg>
      </it:echo2>
   </soapenv:Body>
</soapenv:Envelope>]]></con:request><con:assertion type="SOAP Response"/><con:assertion type="SOAP Fault Assertion"/></con:request></con:config></con:testStep><con:testStep type="request" name="EchoAnyHolderStruct"><con:settings/><con:config xsi:type="con:RequestStep" xmlns:xsi="http://www.w3.org/2001/XMLSchema-instance"><con:interface>EchoAnyTypesCorbaBinding</con:interface><con:operation>echo1</con:operation><con:request name="EchoAnyHolderStruct"><con:settings/><con:encoding>UTF-8</con:encoding><con:endpoint>http://localhost:8192/Service/test-consumer-fromidl-complex-anytypes/</con:endpoint><con:request><![CDATA[<soapenv:Envelope xmlns:soapenv="http://schemas.xmlsoap.org/soap/envelope/" xmlns:it="urn:jbi4corba/test-consumer-fromidl-complex-anytypes">
   <soapenv:Header/>
   <soapenv:Body>
        <it:echo1>
  <it:msg xmlns:xsi="http://www.w3.org/2001/XMLSchema-instance" xmlns:xs="http://testconsumerfromidlanytypes.test.jbi4corba.imolinfo.it/" xsi:type="xs:complexStruct1">
 		<xs:fieldBoolean>true</xs:fieldBoolean>
                <xs:fieldChar>120</xs:fieldChar>
	<xs:fieldAny xsi:type="xs1:string" xmlns:xs1="http://www.w3.org/2001/XMLSchema">anyString</xs:fieldAny>

            <xs:fieldAny xsi:type="xs1:int" xmlns:xs1="http://www.w3.org/2001/XMLSchema">20</xs:fieldAny>

            <xs:fieldAny xsi:type="xs1:long" xmlns:xs1="http://www.w3.org/2001/XMLSchema">25</xs:fieldAny>

            <xs:fieldAny xsi:type="xs1:double" xmlns:xs1="http://www.w3.org/2001/XMLSchema">30.0</xs:fieldAny>

            <xs:fieldAny xsi:type="xs1:boolean" xmlns:xs1="http://www.w3.org/2001/XMLSchema">true</xs:fieldAny>


             
	</it:msg>
</it:echo1>

   </soapenv:Body>
</soapenv:Envelope>]]></con:request><con:assertion type="SOAP Response"/><con:assertion type="SOAP Fault Assertion"/></con:request></con:config></con:testStep><con:testStep type="request" name="EchoAnyExceptionWithString"><con:settings/><con:config xsi:type="con:RequestStep" xmlns:xsi="http://www.w3.org/2001/XMLSchema-instance"><con:interface>EchoAnyTypesCorbaBinding</con:interface><con:operation>echo2</con:operation><con:request name="EchoAnyExceptionWithString"><con:settings/><con:encoding>UTF-8</con:encoding><con:endpoint>http://localhost:8192/Service/test-consumer-fromidl-complex-anytypes/</con:endpoint><con:request><![CDATA[<soapenv:Envelope xmlns:soapenv="http://schemas.xmlsoap.org/soap/envelope/" xmlns:it="urn:jbi4corba/test-consumer-fromidl-complex-anytypes">
   <soapenv:Header/>
   <soapenv:Body>
       <it:echo2>
         <!--Optional:-->
         <it:msg xmlns:xsi="http://www.w3.org/2001/XMLSchema-instance" xmlns:xs="http://www.w3.org/2001/XMLSchema" xsi:type="xs:string">exception</it:msg>
      </it:echo2>
   </soapenv:Body>
</soapenv:Envelope>]]></con:request><con:assertion type="SOAP Response"/><con:assertion type="Not SOAP Fault Assertion"/><con:wsaConfig mustUnderstand="NONE" version="200508"/></con:request></con:config></con:testStep><con:properties/></con:testCase><con:properties/></con:testSuite><con:properties/><con:wssContainer/></con:soapui-project>