<?xml version="1.0" encoding="UTF-8" ?>
<testsuite errors="0" failures="0" name="org.netbeans.modules.compapp.catd.ConfiguredTest" tests="4" time="0.947">
  <properties>
    <property name="libs.jsp-compiler.javadoc" value=""></property>
    <property name="com.sun.jbi.sa.internal.routing" value="true"></property>
    <property name="libs.Encoder-HL7.javadoc" value=""></property>
    <property name="libs.jsf20.maven-pom" value=""></property>
    <property name="libs.j2me_ant_ext.javadoc" value=""></property>
    <property name="source.root" value="src"></property>
    <property name="ant.library.dir" value="C:\GlassFishESBv22\glassfish\lib\ant\lib"></property>
    <property name="libs.junit.javadoc" value="C:\OpenESB-v2.3\netbeans\java\docs\junit-3.8.2-api.zip"></property>
    <property name="libs.nokiaS80-ant-utils.javadoc" value=""></property>
    <property name="libs.jakarta_slide_ant_webdav.javadoc" value=""></property>
    <property name="javadoc.windowtitle" value=""></property>
    <property name="libs.jsp-compilation.javadoc" value=""></property>
    <property name="user.dir" value="C:\OpenESB_Work_Tree\driver-tests\bpelse\assign\VariablePropertyTest\conditionProjJBI"></property>
    <property name="libs.hibernate-persistence.javadoc" value=""></property>
    <property name="libs.JMUnit4CLDC10.javadoc" value="C:\OpenESB-v2.3\netbeans\mobility\modules\docs\jmunit-1.2.1-api.zip"></property>
    <property name="java.vm.version" value="20.12-b01"></property>
    <property name="libs.jstl11.maven-pom" value=""></property>
    <property name="libs.MySQLDriver.classpath" value="C:\OpenESB-v2.3\netbeans\ide\modules\ext\mysql-connector-java-5.1.18-bin.jar"></property>
    <property name="jbi.content.additional" value="../conditionProj/build/SEDeployment.jar"></property>
    <property name="libs.eclipselinkmodelgen.src" value=""></property>
    <property name="libs.jstl11.src" value=""></property>
    <property name="javadoc.notree" value="false"></property>
    <property name="libs.javaee-web-api-6.0.classpath" value="C:\OpenESB-v2.3\netbeans\enterprise\modules\ext\javaee-web-api-6.0.jar"></property>
    <property name="libs.hibernate-support.maven-pom" value=""></property>
    <property name="libs.hibernate-support.javadoc" value=""></property>
    <property name="libs.javac-api.src" value=""></property>
    <property name="javadoc.noindex" value="false"></property>
    <property name="xml.module.install.dir" value="C:\OpenESB-v2.3\netbeans\soa\modules"></property>
    <property name="sun.os.patch.level" value="Service Pack 1"></property>
    <property name="java.vm.specification.name" value="Java Virtual Machine Specification"></property>
    <property name="libs.semc-ant-utils.classpath" value="C:\OpenESB-v2.3\netbeans\mobility\modules\ext\org-netbeans-modules-j2me-cdc-project-semc.jar"></property>
    <property name="libs.Encoder-Custom.javadoc" value=""></property>
    <property name="libs.nokiadeployment.classpath" value="C:\OpenESB-v2.3\netbeans\mobility\modules\org-netbeans-modules-mobility-deployment-nokia.jar"></property>
    <property name="have.tests" value="true"></property>
    <property name="libs.nokiaS80-ant-utils.maven-pom" value=""></property>
    <property name="j2ee.server.instance" value="[C:\OpenESB-v2.3\glassfish]deployer:Sun:AppServer::localhost:4848"></property>
    <property name="libs.javac-api.javadoc" value=""></property>
    <property name="os.name" value="Windows 7"></property>
    <property name="esb.netbeans.platform" value="C:\OpenESB-v2.3\netbeans/platform"></property>
    <property name="libs.beans-binding.classpath" value="C:\OpenESB-v2.3\netbeans\java\modules\ext\beansbinding-1.2.1.jar"></property>
    <property name="libs.restapi.javadoc" value="C:\OpenESB-v2.3\netbeans\enterprise\docs\jsr311-api-1.1.1-javadoc.zip"></property>
    <property name="libs.JWSAntTasks.maven-pom" value=""></property>
    <property name="libs.testng.src" value=""></property>
    <property name="libs.ojec-ant-utils.src" value=""></property>
    <property name="libs.spring-webmvc3.0.src" value=""></property>
    <property name="libs.restapi.classpath" value="C:\OpenESB-v2.3\netbeans\enterprise\modules\ext\rest\jsr311-api-1.1.1.jar"></property>
    <property name="java.vendor.url.bug" value="http://java.sun.com/cgi-bin/bugreport.cgi"></property>
    <property name="libs.jaxb.maven-pom" value=""></property>
    <property name="os.arch" value="amd64"></property>
    <property name="libs.Encoder-Custom.classpath" value="C:\OpenESB-v2.3\netbeans\soa\modules\ext\custom.jar;C:\OpenESB-v2.3\netbeans\soa\modules\ext\customencoder-xsdextension.jar"></property>
    <property name="libs.eclipselink.src" value=""></property>
    <property name="user.name" value="logicoy"></property>
    <property name="libs.jsf12.javadoc" value="C:\OpenESB-v2.3\netbeans\enterprise\docs\javaee6-doc-api.zip"></property>
    <property name="libs.spring-webmvc3.0.maven-pom" value=""></property>
    <property name="libs.swing-layout.maven-pom" value=""></property>
    <property name="sun.java.command" value="org.apache.tools.ant.taskdefs.optional.junit.JUnitTestRunner org.netbeans.modules.compapp.catd.ConfiguredTest filtertrace=true haltOnError=false haltOnFailure=false showoutput=true formatter=org.apache.tools.ant.taskdefs.optional.junit.BriefJUnitResultFormatter formatter=org.apache.tools.ant.taskdefs.optional.junit.XMLJUnitResultFormatter,C:\OpenESB_Work_Tree\driver-tests\bpelse\assign\VariablePropertyTest\conditionProjJBI\test\results\TEST-org.netbeans.modules.compapp.catd.ConfiguredTest.xml propsfile=C:\Users\logicoy\AppData\Local\Temp\junit1492491670.properties"></property>
    <property name="build.classes.dir" value="build/jar"></property>
    <property name="enterprise.module.install.dir" value="C:\OpenESB-v2.3\netbeans\enterprise\modules"></property>
    <property name="libs.jaxws21.javadoc" value="C:\OpenESB-v2.3\netbeans\java\docs\jaxws-api-doc.zip"></property>
    <property name="libs.ojec-ant-utils.maven-pom" value=""></property>
    <property name="user.country" value="US"></property>
    <property name="libs.jstl11.javadoc" value="C:\OpenESB-v2.3\netbeans\enterprise\docs\javaee6-doc-api.zip"></property>
    <property name="libs.JMUnit4CLDC11.src" value=""></property>
    <property name="javadoc.encoding" value=""></property>
    <property name="libs.jsp-compilation-syscp.src" value=""></property>
    <property name="esb.netbeans.user" value="C:\OpenESB-v2.3\.netbeans\openesb"></property>
    <property name="meta.inf" value="src/conf"></property>
    <property name="ServerPassword" value="adminadmin"></property>
    <property name="libs.javaee-web-api-6.0.src" value=""></property>
    <property name="libs.ejb3-persistence.src" value=""></property>
    <property name="libs.jsp-compilation-syscp.classpath" value="C:\OpenESB-v2.3\netbeans\java\ant\lib\ant.jar;C:\OpenESB-v2.3\netbeans\enterprise\modules\ext\servlet3.0-jsp2.2-api.jar;C:\OpenESB-v2.3\netbeans\enterprise\modules\ext\glassfish-jspparser-3.0.jar;C:\OpenESB-v2.3\netbeans\enterprise\modules\ext\standard.jar;C:\OpenESB-v2.3\netbeans\enterprise\modules\ext\jsf-2_1\jsf-impl.jar"></property>
    <property name="libs.nokiaS80-ant-utils.src" value=""></property>
    <property name="libs.cdc-pp-awt-layout.javadoc" value=""></property>
    <property name="libs.j2me_ant_ext.classpath" value="C:\OpenESB-v2.3\netbeans\mobility\modules\org-netbeans-modules-mobility-antext.jar;C:\OpenESB-v2.3\netbeans\java\modules\org-netbeans-modules-classfile.jar"></property>
    <property name="java.endorsed.dirs" value="C:\Program Files\Java\jdk1.6.0_37\jre\lib\endorsed"></property>
    <property name="libs.groovy-all.src" value=""></property>
    <property name="libs.cdc-agui-swing-layout.maven-pom" value=""></property>
    <property name="libs.cdc-pp-awt-layout.src" value="C:\OpenESB-v2.3\netbeans\mobility\sources\cdc-pp-awt-layout-src.zip"></property>
    <property name="java.vm.specification.version" value="1.0"></property>
    <property name="libs.jakarta_slide_ant_webdav.src" value=""></property>
    <property name="libs.primefaces.classpath" value="C:\OpenESB-v2.3\netbeans\enterprise\modules\ext\primefaces\primefaces-3.2.jar"></property>
    <property name="libs.javaee-api-6.0.classpath" value="C:\OpenESB-v2.3\netbeans\enterprise\modules\ext\javaee-api-6.0.jar"></property>
    <property name="libs.sjmc-ant-utils.maven-pom" value=""></property>
    <property name="libs.groovy-all.maven-pom" value=""></property>
    <property name="libs.JMUnit4CLDC10.maven-pom" value=""></property>
    <property name="java.awt.headless" value="${java.awt.headless}"></property>
    <property name="libs.hibernate-persistence.classpath" value="C:\OpenESB-v2.3\netbeans\java\modules\ext\hibernate\antlr-2.7.6.jar;C:\OpenESB-v2.3\netbeans\java\modules\ext\hibernate\asm.jar;C:\OpenESB-v2.3\netbeans\java\modules\ext\hibernate\asm-attrs.jar;C:\OpenESB-v2.3\netbeans\java\modules\ext\hibernate\cglib-2.1.3.jar;C:\OpenESB-v2.3\netbeans\java\modules\ext\hibernate\commons-collections-2.1.1.jar;C:\OpenESB-v2.3\netbeans\ide\modules\org-apache-commons-logging.jar;C:\OpenESB-v2.3\netbeans\java\modules\ext\hibernate\dom4j-1.6.1.jar;C:\OpenESB-v2.3\netbeans\java\modules\ext\hibernate\ehcache-1.2.3.jar;C:\OpenESB-v2.3\netbeans\java\modules\ext\hibernate\jdbc2_0-stdext.jar;C:\OpenESB-v2.3\netbeans\java\modules\ext\hibernate\jta.jar;C:\OpenESB-v2.3\netbeans\java\modules\ext\hibernate\hibernate3.jar;C:\OpenESB-v2.3\netbeans\java\modules\ext\hibernate\hibernate-tools.jar;C:\OpenESB-v2.3\netbeans\java\modules\ext\hibernate\hibernate-annotations.jar;C:\OpenESB-v2.3\netbeans\java\modules\ext\hibernate\hibernate-commons-annotations.jar;C:\OpenESB-v2.3\netbeans\java\modules\ext\hibernate\hibernate-entitymanager.jar;C:\OpenESB-v2.3\netbeans\java\modules\ext\hibernate\javassist.jar;C:\OpenESB-v2.3\netbeans\java\modules\ext\hibernate\ejb3-persistence.jar"></property>
    <property name="libs.jaxws21.src" value=""></property>
    <property name="libs.jakarta_slide_ant_webdav.classpath" value="C:\OpenESB-v2.3\netbeans\mobility\modules\ext\commons-httpclient-3.0.1.jar;C:\OpenESB-v2.3\netbeans\ide\modules\org-apache-commons-logging.jar;C:\OpenESB-v2.3\netbeans\mobility\modules\ext\jdom-1.0.jar;C:\OpenESB-v2.3\netbeans\mobility\modules\ext\jakarta-slide-webdavlib-2.1.jar;C:\OpenESB-v2.3\netbeans\mobility\modules\ext\jakarta-slide-ant-webdav-2.1.jar"></property>
    <property name="libs.Encoder-Framework.javadoc" value=""></property>
    <property name="java.vendor" value="Sun Microsystems Inc."></property>
    <property name="libs.JMUnit4CLDC10.src" value=""></property>
    <property name="libs.javaee-api-6.0.javadoc" value="C:\OpenESB-v2.3\netbeans\enterprise\docs\javaee6-doc-api.zip"></property>
    <property name="javac.debug" value="true"></property>
    <property name="javadoc.splitindex" value="true"></property>
    <property name="file.separator" value="\"></property>
    <property name="libs.junit_4.maven-pom" value=""></property>
    <property name="libs.JWSAntTasks.javadoc" value=""></property>
    <property name="user.variant" value=""></property>
    <property name="libs.eclipselinkmodelgen.classpath" value="C:\OpenESB-v2.3\netbeans\java\modules\ext\eclipselink\org.eclipse.persistence.jpa.modelgen.processor-2.3.2.jar"></property>
    <property name="sun.java.launcher" value="SUN_STANDARD"></property>
    <property name="libs.junit.classpath" value="C:\OpenESB-v2.3\netbeans\java\modules\ext\junit-3.8.2.jar"></property>
    <property name="libs.jaxb.javadoc" value="C:\OpenESB-v2.3\netbeans\ide\docs\jaxb-api-doc.zip"></property>
    <property name="libs.struts.classpath" value="C:\OpenESB-v2.3\netbeans\enterprise\modules\ext\struts\antlr-2.7.2.jar;C:\OpenESB-v2.3\netbeans\enterprise\modules\ext\struts\bsf-2.3.0.jar;C:\OpenESB-v2.3\netbeans\enterprise\modules\ext\struts\commons-beanutils-1.8.0.jar;C:\OpenESB-v2.3\netbeans\enterprise\modules\ext\struts\commons-chain-1.2.jar;C:\OpenESB-v2.3\netbeans\enterprise\modules\ext\struts\commons-digester-1.8.jar;C:\OpenESB-v2.3\netbeans\enterprise\modules\ext\struts\commons-fileupload-1.1.1.jar;C:\OpenESB-v2.3\netbeans\enterprise\modules\ext\struts\commons-io-1.1.jar;C:\OpenESB-v2.3\netbeans\enterprise\modules\ext\struts\commons-logging-1.0.4.jar;C:\OpenESB-v2.3\netbeans\enterprise\modules\ext\struts\commons-validator-1.3.1.jar;C:\OpenESB-v2.3\netbeans\enterprise\modules\ext\struts\jstl-1.0.2.jar;C:\OpenESB-v2.3\netbeans\enterprise\modules\ext\struts\oro-2.0.8.jar;C:\OpenESB-v2.3\netbeans\enterprise\modules\ext\struts\standard-1.0.6.jar;C:\OpenESB-v2.3\netbeans\enterprise\modules\ext\struts\struts-core-1.3.10.jar;C:\OpenESB-v2.3\netbeans\enterprise\modules\ext\struts\struts-el-1.3.10.jar;C:\OpenESB-v2.3\netbeans\enterprise\modules\ext\struts\struts-extras-1.3.10.jar;C:\OpenESB-v2.3\netbeans\enterprise\modules\ext\struts\struts-faces-1.3.10.jar;C:\OpenESB-v2.3\netbeans\enterprise\modules\ext\struts\struts-mailreader-dao-1.3.10.jar;C:\OpenESB-v2.3\netbeans\enterprise\modules\ext\struts\struts-scripting-1.3.10.jar;C:\OpenESB-v2.3\netbeans\enterprise\modules\ext\struts\struts-taglib-1.3.10.jar;C:\OpenESB-v2.3\netbeans\enterprise\modules\ext\struts\struts-tiles-1.3.10.jar"></property>
    <property name="ant.home" value="C:\GlassFishESBv22\glassfish\lib\ant"></property>
    <property name="libs.junit_4.src" value="C:\OpenESB-v2.3\netbeans\java\docs\junit-4.10-sources.jar"></property>
    <property name="libs.testng.classpath" value="C:\OpenESB-v2.3\netbeans\platform\modules\ext\testng-6.5.1-dist.jar"></property>
    <property name="libs.absolutelayout.maven-pom" value=""></property>
    <property name="ant.java.version" value="1.5"></property>
    <property name="java.library.path" value="C:\Program Files\Java\jdk1.6.0_37\jre\bin;C:\Windows\Sun\Java\bin;C:\Windows\system32;C:\Windows;C:\oraclexe\app\oracle\product\11.2.0\server\bin;;C:\Program Files\Common Files\Microsoft Shared\Windows Live;C:\Program Files (x86)\Common Files\Microsoft Shared\Windows Live;c:\Program Files (x86)\AMD APP\bin\x86_64;c:\Program Files (x86)\AMD APP\bin\x86;c:\Program Files (x86)\Intel\iCLS Client\;c:\Program Files\Intel\iCLS Client\;C:\Windows\system32;C:\Windows;C:\Windows\System32\Wbem;C:\Windows\System32\WindowsPowerShell\v1.0\;C:\Program Files\Intel\WiFi\bin\;C:\Program Files\Common Files\Intel\WirelessCommon\;c:\Program Files (x86)\ATI Technologies\ATI.ACE\Core-Static;C:\Program Files (x86)\Windows Live\Shared;C:\Program Files\Internet Explorer;C:\Program Files\Java\jdk1.6.0_37\bin;C:\Program Files\TortoiseSVN\bin;D:\apache-maven-3.0.3\bin;C:\GlassFishESBv22\glassfish\lib\ant\bin;."></property>
    <property name="javadoc.author" value="false"></property>
    <property name="libs.metro.maven-pom" value=""></property>
    <property name="libs.Encoder-HL7.classpath" value="C:\OpenESB-v2.3\netbeans\soa\modules\ext\hl7.jar;C:\OpenESB-v2.3\netbeans\soa\modules\ext\hl7encoder-xsdextension.jar"></property>
    <property name="libs.PostgreSQLDriver.src" value=""></property>
    <property name="sun.arch.data.model" value="64"></property>
    <property name="basedir" value="C:\OpenESB_Work_Tree\driver-tests\bpelse\assign\VariablePropertyTest\conditionProjJBI"></property>
    <property name="libs.jpa20-persistence.maven-pom" value=""></property>
    <property name="jar.compress" value="false"></property>
    <property name="libs.jstl11.classpath" value="C:\OpenESB-v2.3\netbeans\enterprise\modules\ext\standard.jar;C:\OpenESB-v2.3\netbeans\enterprise\modules\ext\jstl.jar"></property>
    <property name="path.separator" value=";"></property>
    <property name="libs.javaee-web-api-6.0.javadoc" value="C:\OpenESB-v2.3\netbeans\enterprise\docs\javaee6-doc-api.zip"></property>
    <property name="sun.io.unicode.encoding" value="UnicodeLittle"></property>
    <property name="libs.semc-ant-utils.javadoc" value=""></property>
    <property name="libs.jaxws21.classpath" value="C:\OpenESB-v2.3\netbeans\ide\modules\ext\jaxb\jaxb-impl.jar;C:\OpenESB-v2.3\netbeans\ide\modules\ext\jaxb\jaxb-xjc.jar;C:\OpenESB-v2.3\netbeans\java\modules\ext\jaxws22\FastInfoset.jar;C:\OpenESB-v2.3\netbeans\java\modules\ext\jaxws22\gmbal-api-only.jar;C:\OpenESB-v2.3\netbeans\java\modules\ext\jaxws22\ha-api.jar;C:\OpenESB-v2.3\netbeans\java\modules\ext\jaxws22\javax.mail_1.4.jar;C:\OpenESB-v2.3\netbeans\java\modules\ext\jaxws22\jaxws-rt.jar;C:\OpenESB-v2.3\netbeans\java\modules\ext\jaxws22\jaxws-tools.jar;C:\OpenESB-v2.3\netbeans\java\modules\ext\jaxws22\management-api.jar;C:\OpenESB-v2.3\netbeans\java\modules\ext\jaxws22\mimepull.jar;C:\OpenESB-v2.3\netbeans\java\modules\ext\jaxws22\policy.jar;C:\OpenESB-v2.3\netbeans\java\modules\ext\jaxws22\saaj-impl.jar;C:\OpenESB-v2.3\netbeans\java\modules\ext\jaxws22\stax-ex.jar;C:\OpenESB-v2.3\netbeans\java\modules\ext\jaxws22\stax2-api.jar;C:\OpenESB-v2.3\netbeans\java\modules\ext\jaxws22\streambuffer.jar;C:\OpenESB-v2.3\netbeans\java\modules\ext\jaxws22\woodstox-core-asl.jar;C:\OpenESB-v2.3\netbeans\java\modules\ext\jaxws22\api\jaxws-api.jar;C:\OpenESB-v2.3\netbeans\java\modules\ext\jaxws22\api\jsr181-api.jar;C:\OpenESB-v2.3\netbeans\java\modules\ext\jaxws22\api\javax.annotation.jar;C:\OpenESB-v2.3\netbeans\java\modules\ext\jaxws22\api\saaj-api.jar;C:\OpenESB-v2.3\netbeans\ide\modules\ext\jaxb\activation.jar;C:\OpenESB-v2.3\netbeans\ide\modules\ext\jaxb\api\jaxb-api.jar;C:\OpenESB-v2.3\netbeans\ide\modules\ext\jaxb\api\jsr173_1.0_api.jar"></property>
    <property name="libs.struts.src" value=""></property>
    <property name="user.language" value="en"></property>
    <property name="libs.Encoder-Framework.src" value=""></property>
    <property name="libs.JAXB-ENDORSED.maven-pom" value=""></property>
    <property name="ant.file." value="C:\OpenESB_Work_Tree\driver-tests\bpelse\assign\VariablePropertyTest\conditionProjJBI\build.xml"></property>
    <property name="libs.spring-framework.classpath" value="C:\OpenESB-v2.3\netbeans\ide\modules\org-apache-commons-logging.jar;C:\OpenESB-v2.3\netbeans\java\modules\ext\cglib-2.2.jar;C:\OpenESB-v2.3\netbeans\java\modules\ext\spring\spring-2.5.6.SEC03.jar"></property>
    <property name="libs.eclipselink.maven-pom" value=""></property>
    <property name="libs.primefaces.javadoc" value=""></property>
    <property name="libs.spring-framework300.maven-pom" value=""></property>
    <property name="libs.Encoder-Framework.classpath" value="C:\OpenESB-v2.3\netbeans\soa\modules\ext\encoderframework.jar;C:\OpenESB-v2.3\netbeans\soa\modules\ext\encoderfrmwk-xsdextension.jar;C:\OpenESB-v2.3\netbeans\soa\modules\ext\xbean.jar"></property>
    <property name="libs.swing-layout.javadoc" value="C:\OpenESB-v2.3\netbeans\platform\docs\swing-layout-1.0.4-doc.zip"></property>
    <property name="libs.ejb3-persistence.maven-pom" value=""></property>
    <property name="libs.PostgreSQLDriver.maven-pom" value=""></property>
    <property name="java.class.version" value="50.0"></property>
    <property name="libs.javaee-endorsed-api-6.0.src" value=""></property>
    <property name="libs.cdc-ant-utils.classpath" value="C:\OpenESB-v2.3\netbeans\mobility\modules\ext\org-netbeans-modules-j2me-cdc-project.jar"></property>
    <property name="libs.eclipselink.javadoc" value=""></property>
    <property name="libs.jsp-compilation.maven-pom" value=""></property>
    <property name="user.properties.file" value="C:\OpenESB-v2.3\.netbeans\openesb\build.properties"></property>
    <property name="libs.spring-framework.src" value=""></property>
    <property name="libs.javac-api.maven-pom" value=""></property>
    <property name="file.encoding.pkg" value="sun.io"></property>
    <property name="sun.cpu.endian" value="little"></property>
    <property name="libs.JAXB-ENDORSED.javadoc" value=""></property>
    <property name="libs.JWSAntTasks.classpath" value="C:\OpenESB-v2.3\netbeans\java\ant\extra\org-netbeans-modules-javawebstart-anttasks.jar"></property>
    <property name="libs.spring-framework300.src" value=""></property>
    <property name="libs.PojoSELib.src" value="C:\OpenESB-v2.3\netbeans\soa\modules\ext\sun-pojo-engine-api-src.jar"></property>
    <property name="libs.ant-contrib.classpath" value="C:\OpenESB-v2.3\netbeans\mobility\modules\ext\ant-contrib-1.0b3.jar"></property>
    <property name="javadoc.preview" value="true"></property>
    <property name="libs.jpa20-persistence.javadoc" value=""></property>
    <property name="java.home" value="C:\Program Files\Java\jdk1.6.0_37\jre"></property>
    <property name="libs.ojec-ant-utils.javadoc" value=""></property>
    <property name="libs.jsp-compilation.src" value=""></property>
    <property name="libs.spring-webmvc.src" value=""></property>
    <property name="libs.ant-contrib.javadoc" value=""></property>
    <property name="libs.javaee-endorsed-api-6.0.classpath" value="C:\OpenESB-v2.3\netbeans\enterprise\modules\ext\javaee6-endorsed\javax.annotation.jar;C:\OpenESB-v2.3\netbeans\enterprise\modules\ext\javaee6-endorsed\jaxb-api-osgi.jar;C:\OpenESB-v2.3\netbeans\enterprise\modules\ext\javaee6-endorsed\webservices-api-osgi.jar"></property>
    <property name="libs.javaee-api-6.0.src" value=""></property>
    <property name="libs.savaje-ant-utils.classpath" value="C:\OpenESB-v2.3\netbeans\mobility\modules\ext\org-netbeans-modules-j2me-cdc-project-savaje.jar"></property>
    <property name="libs.PostgreSQLDriver.javadoc" value=""></property>
    <property name="libs.restlib.classpath" value="C:\OpenESB-v2.3\netbeans\enterprise\modules\ext\rest\asm-3.1.jar;C:\OpenESB-v2.3\netbeans\enterprise\modules\ext\rest\jackson-core-asl-1.7.1.jar;C:\OpenESB-v2.3\netbeans\enterprise\modules\ext\rest\jackson-jaxrs-1.7.1.jar;C:\OpenESB-v2.3\netbeans\enterprise\modules\ext\rest\jackson-mapper-asl-1.7.1.jar;C:\OpenESB-v2.3\netbeans\enterprise\modules\ext\rest\jackson-xc-1.7.1.jar;C:\OpenESB-v2.3\netbeans\enterprise\modules\ext\rest\jersey-apache-client-1.8.jar;C:\OpenESB-v2.3\netbeans\enterprise\modules\ext\rest\jersey-atom-abdera-1.8.jar;C:\OpenESB-v2.3\netbeans\enterprise\modules\ext\rest\jersey-client-1.8.jar;C:\OpenESB-v2.3\netbeans\enterprise\modules\ext\rest\jersey-core-1.8.jar;C:\OpenESB-v2.3\netbeans\enterprise\modules\ext\rest\jersey-guice-1.8.jar;C:\OpenESB-v2.3\netbeans\enterprise\modules\ext\rest\jersey-json-1.8.jar;C:\OpenESB-v2.3\netbeans\enterprise\modules\ext\rest\jersey-multipart-1.8.jar;C:\OpenESB-v2.3\netbeans\enterprise\modules\ext\rest\jersey-server-1.8.jar;C:\OpenESB-v2.3\netbeans\enterprise\modules\ext\rest\jersey-simple-server-1.8.jar;C:\OpenESB-v2.3\netbeans\enterprise\modules\ext\rest\jersey-spring-1.8.jar;C:\OpenESB-v2.3\netbeans\enterprise\modules\ext\rest\jettison-1.1.jar;C:\OpenESB-v2.3\netbeans\enterprise\modules\ext\rest\oauth-client-1.8.jar;C:\OpenESB-v2.3\netbeans\enterprise\modules\ext\rest\oauth-server-1.8.jar;C:\OpenESB-v2.3\netbeans\enterprise\modules\ext\rest\oauth-signature-1.8.jar;C:\OpenESB-v2.3\netbeans\ide\modules\ext\jaxb\activation.jar;C:\OpenESB-v2.3\netbeans\ide\modules\ext\jaxb\api\jaxb-api.jar;C:\OpenESB-v2.3\netbeans\ide\modules\ext\jaxb\api\jsr173_1.0_api.jar"></property>
    <property name="libs.JMUnit4CLDC11.javadoc" value="C:\OpenESB-v2.3\netbeans\mobility\modules\docs\jmunit-1.2.1-api.zip"></property>
    <property name="jbi.service-unit.description" value="Represents this Service Unit"></property>
    <property name="libs.MySQLDriver.maven-pom" value=""></property>
    <property name="libs.savaje-ant-utils.src" value=""></property>
    <property name="libs.junit_4.javadoc" value="C:\OpenESB-v2.3\netbeans\java\docs\junit-4.10-javadoc.jar"></property>
    <property name="netbeans.dir" value="C:\OpenESB-v2.3\netbeans"></property>
    <property name="libs.spring-webmvc.javadoc" value=""></property>
    <property name="test.results.dir" value="C:\OpenESB_Work_Tree\driver-tests\bpelse\assign\VariablePropertyTest\conditionProjJBI/test/results"></property>
    <property name="libs.javaee-web-api-6.0.maven-pom" value=""></property>
    <property name="libs.cdc-pp-awt-layout.classpath" value="C:\OpenESB-v2.3\netbeans\mobility\modules\ext\cdc-pp-awt-layout.jar"></property>
    <property name="libs.cdc-agui-swing-layout.src" value="C:\OpenESB-v2.3\netbeans\mobility\sources\cdc-agui-swing-layout-src.zip"></property>
    <property name="libs.hibernate-support.src" value=""></property>
    <property name="libs.javaee-endorsed-api-6.0.javadoc" value="C:\OpenESB-v2.3\netbeans\enterprise\docs\javaee6-doc-api.zip"></property>
    <property name="libs.JMUnit4CLDC11.classpath" value="C:\OpenESB-v2.3\netbeans\mobility\modules\ext\jmunit4cldc11-1.2.1.jar"></property>
    <property name="libs.PojoSELib.classpath" value="C:\OpenESB-v2.3\netbeans\soa\modules\ext\sun-pojo-engine-api.jar;C:\OpenESB-v2.3\netbeans\soa\modules\ext\jbi.jar"></property>
    <property name="libs.spring-webmvc3.0.javadoc" value=""></property>
    <property name="resource.conditionProj" value="../conditionProj/setup"></property>
    <property name="libs.semc-ant-utils.maven-pom" value=""></property>
    <property name="libs.nokiadeployment.maven-pom" value=""></property>
    <property name="libs.restapi.src" value=""></property>
    <property name="sun.management.compiler" value="HotSpot 64-Bit Tiered Compilers"></property>
    <property name="javac.deprecation" value="false"></property>
    <property name="javadoc.use" value="true"></property>
    <property name="libs.jsp-compiler.classpath" value="C:\OpenESB-v2.3\netbeans\enterprise\ant\extra\jspcompile.jar"></property>
    <property name="libs.spring-webmvc.classpath" value="C:\OpenESB-v2.3\netbeans\enterprise\modules\ext\spring\spring-webmvc-2.5.6.SEC03.jar"></property>
    <property name="ant.file" value="C:\OpenESB_Work_Tree\driver-tests\bpelse\assign\VariablePropertyTest\conditionProjJBI\build.xml"></property>
    <property name="libs.beans-binding.maven-pom" value=""></property>
    <property name="libs.jsf12.classpath" value="C:\OpenESB-v2.3\netbeans\enterprise\modules\ext\jsf-1_2\commons-beanutils.jar;C:\OpenESB-v2.3\netbeans\enterprise\modules\ext\jsf-1_2\commons-collections.jar;C:\OpenESB-v2.3\netbeans\enterprise\modules\ext\jsf-1_2\commons-digester.jar;C:\OpenESB-v2.3\netbeans\enterprise\modules\ext\jsf-1_2\commons-logging.jar;C:\OpenESB-v2.3\netbeans\enterprise\modules\ext\jsf-1_2\jsf-api.jar;C:\OpenESB-v2.3\netbeans\enterprise\modules\ext\jsf-1_2\jsf-impl.jar"></property>
    <property name="libs.Encoder-HL7.src" value=""></property>
    <property name="GenerateATSOutput" value="${generate.ats.output}"></property>
    <property name="libs.restapi.maven-pom" value=""></property>
    <property name="no.catd.context" value="true"></property>
    <property name="libs.beans-binding.src" value=""></property>
    <property name="java.vm.specification.vendor" value="Sun Microsystems Inc."></property>
    <property name="libs.swing-layout.src" value="C:\OpenESB-v2.3\netbeans\platform\docs\swing-layout-1.0.4-src.zip"></property>
    <property name="libs.j2me_ant_ext.src" value=""></property>
    <property name="java.vm.name" value="Java HotSpot(TM) 64-Bit Server VM"></property>
    <property name="libs.Encoder-Custom.maven-pom" value=""></property>
    <property name="netbeans.user" value="C:\OpenESB-v2.3\.netbeans\openesb"></property>
    <property name="java.io.tmpdir" value="C:\Users\logicoy\AppData\Local\Temp\"></property>
    <property name="java.vendor.url" value="http://java.sun.com/"></property>
    <property name="libs.jsp-compiler.src" value=""></property>
    <property name="libs.Encoder-COCO.src" value=""></property>
    <property name="sun.boot.library.path" value="C:\Program Files\Java\jdk1.6.0_37\jre\bin"></property>
    <property name="debug.classpath" value="${javac.classpath}:build/jar"></property>
    <property name="javadoc.private" value="false"></property>
    <property name="libs.jsf20.classpath" value="C:\OpenESB-v2.3\netbeans\enterprise\modules\ext\jsf-2_1\jsf-api.jar;C:\OpenESB-v2.3\netbeans\enterprise\modules\ext\jsf-2_1\jsf-impl.jar"></property>
    <property name="src.build.dir" value="src/jbiServiceUnits"></property>
    <property name="dist.jar" value="dist/conditionProjJBI.zip"></property>
    <property name="java.runtime.name" value="Java(TM) SE Runtime Environment"></property>
    <property name="ant.project.name" value=""></property>
    <property name="libs.PojoSELib.javadoc" value="C:\OpenESB-v2.3\netbeans\soa\modules\ext\sun-pojo-engine-api-javadoc.jar"></property>
    <property name="libs.jsp-compilation-syscp.maven-pom" value=""></property>
    <property name="libs.j2me_ant_ext.maven-pom" value=""></property>
    <property name="sun.cpu.isalist" value="amd64"></property>
    <property name="libs.CopyLibs.javadoc" value=""></property>
    <property name="libs.hibernate-support.classpath" value="C:\OpenESB-v2.3\netbeans\java\modules\ext\hibernate\antlr-2.7.6.jar;C:\OpenESB-v2.3\netbeans\java\modules\ext\hibernate\asm.jar;C:\OpenESB-v2.3\netbeans\java\modules\ext\hibernate\asm-attrs.jar;C:\OpenESB-v2.3\netbeans\java\modules\ext\hibernate\cglib-2.1.3.jar;C:\OpenESB-v2.3\netbeans\java\modules\ext\hibernate\commons-collections-2.1.1.jar;C:\OpenESB-v2.3\netbeans\ide\modules\org-apache-commons-logging.jar;C:\OpenESB-v2.3\netbeans\java\modules\ext\hibernate\dom4j-1.6.1.jar;C:\OpenESB-v2.3\netbeans\java\modules\ext\hibernate\ehcache-1.2.3.jar;C:\OpenESB-v2.3\netbeans\java\modules\ext\hibernate\jdbc2_0-stdext.jar;C:\OpenESB-v2.3\netbeans\java\modules\ext\hibernate\jta.jar;C:\OpenESB-v2.3\netbeans\java\modules\ext\hibernate\hibernate3.jar;C:\OpenESB-v2.3\netbeans\java\modules\ext\hibernate\hibernate-tools.jar;C:\OpenESB-v2.3\netbeans\java\modules\ext\hibernate\hibernate-annotations.jar;C:\OpenESB-v2.3\netbeans\java\modules\ext\hibernate\hibernate-commons-annotations.jar;C:\OpenESB-v2.3\netbeans\java\modules\ext\hibernate\hibernate-entitymanager.jar;C:\OpenESB-v2.3\netbeans\java\modules\ext\hibernate\javassist.jar"></property>
    <property name="user.home" value="C:\Users\logicoy"></property>
    <property name="libs.primefaces.maven-pom" value=""></property>
    <property name="com.sun.jbi.routing" value="true"></property>
    <property name="libs.javaee-api-6.0.maven-pom" value=""></property>
    <property name="libs.JWSAntTasks.src" value=""></property>
    <property name="libs.CopyLibs.maven-pom" value=""></property>
    <property name="libs.spring-framework300.javadoc" value=""></property>
    <property name="libs.hibernate-persistence.maven-pom" value=""></property>
    <property name="libs.absolutelayout.javadoc" value=""></property>
    <property name="java.specification.name" value="Java Platform API Specification"></property>
    <property name="libs.jakarta_slide_ant_webdav.maven-pom" value=""></property>
    <property name="libs.Encoder-COCO.maven-pom" value=""></property>
    <property name="ide.module.install.dir" value="C:\OpenESB-v2.3\netbeans\ide\modules"></property>
    <property name="libs.sjmc-ant-utils.src" value=""></property>
    <property name="libs.cdc-agui-swing-layout.javadoc" value=""></property>
    <property name="java.specification.vendor" value="Sun Microsystems Inc."></property>
    <property name="libs.javac-api.classpath" value="C:\OpenESB-v2.3\netbeans\java\modules\ext\nb-javac-api.jar"></property>
    <property name="libs.nokiaS80-ant-utils.classpath" value="C:\OpenESB-v2.3\netbeans\mobility\modules\ext\org-netbeans-modules-j2me-cdc-project-nokiaS80.jar"></property>
    <property name="java.version" value="1.6.0_37"></property>
    <property name="javadoc.version" value="false"></property>
    <property name="libs.MySQLDriver.javadoc" value=""></property>
    <property name="project.conditionProj" value="../conditionProj"></property>
    <property name="source.encoding" value="UTF-8"></property>
    <property name="libs.eclipselinkmodelgen.maven-pom" value=""></property>
    <property name="libs.jsp-compilation-syscp.javadoc" value=""></property>
    <property name="server.password" value="adminadmin"></property>
    <property name="libs.junit.maven-pom" value=""></property>
    <property name="libs.eclipselinkmodelgen.javadoc" value=""></property>
    <property name="libs.metro.javadoc" value="C:\OpenESB-v2.3\netbeans\enterprise\docs\metro-1.4-doc.zip"></property>
    <property name="libs.struts.maven-pom" value=""></property>
    <property name="libs.testng.maven-pom" value=""></property>
    <property name="NetBeansUserDir" value="C:\OpenESB-v2.3\.netbeans\openesb"></property>
    <property name="test.dir" value="test"></property>
    <property name="libs.jaxb.src" value=""></property>
    <property name="libs.Encoder-HL7.maven-pom" value=""></property>
    <property name="libs.cdc-ant-utils.src" value=""></property>
    <property name="libs.jaxb.classpath" value="C:\OpenESB-v2.3\netbeans\ide\modules\ext\jaxb\jaxb-impl.jar;C:\OpenESB-v2.3\netbeans\ide\modules\ext\jaxb\jaxb-xjc.jar;C:\OpenESB-v2.3\netbeans\ide\modules\ext\jaxb\jaxb1-impl.jar;C:\OpenESB-v2.3\netbeans\ide\modules\ext\jaxb\activation.jar;C:\OpenESB-v2.3\netbeans\ide\modules\ext\jaxb\api\jaxb-api.jar;C:\OpenESB-v2.3\netbeans\ide\modules\ext\jaxb\api\jsr173_1.0_api.jar"></property>
    <property name="dist.javadoc.dir" value="dist/javadoc"></property>
    <property name="libs.swing-layout.classpath" value="C:\OpenESB-v2.3\netbeans\platform\modules\ext\swing-layout-1.0.4.jar"></property>
    <property name="libs.spring-webmvc3.0.classpath" value="C:\OpenESB-v2.3\netbeans\java\modules\ext\spring-3.0\spring-webmvc-3.1.1.RELEASE.jar"></property>
    <property name="libs.restlib.src" value=""></property>
    <property name="build.generated.dir" value="build/generated"></property>
    <property name="javac.source" value="1.4"></property>
    <property name="libs.hibernate-persistence.src" value=""></property>
    <property name="line.separator" value="
"></property>
    <property name="java.specification.version" value="1.6"></property>
    <property name="libs.jaxws21.maven-pom" value=""></property>
    <property name="java.vm.info" value="mixed mode"></property>
    <property name="libs.cdc-ant-utils.javadoc" value=""></property>
    <property name="libs.ojec-ant-utils.classpath" value="C:\OpenESB-v2.3\netbeans\mobility\modules\ext\org-netbeans-modules-j2me-cdc-project-ojec.jar"></property>
    <property name="libs.spring-framework.maven-pom" value=""></property>
    <property name="sun.boot.class.path" value="C:\Program Files\Java\jdk1.6.0_37\jre\lib\resources.jar;C:\Program Files\Java\jdk1.6.0_37\jre\lib\rt.jar;C:\Program Files\Java\jdk1.6.0_37\jre\lib\sunrsasign.jar;C:\Program Files\Java\jdk1.6.0_37\jre\lib\jsse.jar;C:\Program Files\Java\jdk1.6.0_37\jre\lib\jce.jar;C:\Program Files\Java\jdk1.6.0_37\jre\lib\charsets.jar;C:\Program Files\Java\jdk1.6.0_37\jre\lib\modules\jdk.boot.jar;C:\Program Files\Java\jdk1.6.0_37\jre\classes"></property>
    <property name="javac.target" value="1.4"></property>
    <property name="src.dir" value="src/jbiasa"></property>
    <property name="libs.Encoder-Framework.maven-pom" value=""></property>
    <property name="libs.jsf20.src" value=""></property>
    <property name="libs.jpa20-persistence.src" value=""></property>
    <property name="libs.jsf12.src" value=""></property>
    <property name="j2ee.platform" value="1.4"></property>
    <property name="libs.nokiadeployment.src" value=""></property>
    <property name="libs.savaje-ant-utils.javadoc" value=""></property>
    <property name="libs.struts.javadoc" value="C:\OpenESB-v2.3\netbeans\enterprise\docs\struts-1.3.10-javadoc.zip"></property>
    <property name="libs.cdc-ant-utils.maven-pom" value=""></property>
    <property name="libs.primefaces.src" value=""></property>
    <property name="libs.cdc-agui-swing-layout.classpath" value="C:\OpenESB-v2.3\netbeans\mobility\modules\ext\cdc-agui-swing-layout.jar"></property>
    <property name="ant.file.conditionProjJBI-jbi-impl" value="C:\OpenESB_Work_Tree\driver-tests\bpelse\assign\VariablePropertyTest\conditionProjJBI\nbproject\build-impl.xml"></property>
    <property name="dist.dir" value="dist"></property>
    <property name="libs.groovy-all.javadoc" value=""></property>
    <property name="libs.groovy-all.classpath" value="C:\OpenESB-v2.3\netbeans\groovy\modules\ext\groovy-all.jar"></property>
    <property name="org.netbeans.modules.compapp.catd.context" value=""></property>
    <property name="libs.sjmc-ant-utils.classpath" value="C:\OpenESB-v2.3\netbeans\mobility\modules\ext\org-netbeans-modules-j2me-cdc-project-sjmc.jar"></property>
    <property name="libs.JMUnit4CLDC10.classpath" value="C:\OpenESB-v2.3\netbeans\mobility\modules\ext\jmunit4cldc10-1.2.1.jar"></property>
    <property name="java.awt.printerjob" value="sun.awt.windows.WPrinterJob"></property>
    <property name="default.javac.source" value="1.6"></property>
    <property name="sun.jnu.encoding" value="Cp1252"></property>
    <property name="libs.MySQLDriver.src" value=""></property>
    <property name="jbi.service-assembly.id" value="conditionProjJBI"></property>
    <property name="libs.Encoder-COCO.javadoc" value=""></property>
    <property name="reference.conditionProj.dist_se" value="../conditionProj/build/SEDeployment.jar"></property>
    <property name="libs.ant-contrib.maven-pom" value=""></property>
    <property name="libs.nokiadeployment.javadoc" value=""></property>
    <property name="esb.netbeans.home" value="C:\OpenESB-v2.3\netbeans"></property>
    <property name="java.runtime.version" value="1.6.0_37-b06"></property>
    <property name="libs.ejb3-persistence.javadoc" value=""></property>
    <property name="libs.sjmc-ant-utils.javadoc" value=""></property>
    <property name="jbi.service-assembly.description" value="Represents the Service Assembly of conditionProjJBI"></property>
    <property name="default.javac.target" value="1.6"></property>
    <property name="libs.junit_4.classpath" value="C:\OpenESB-v2.3\netbeans\platform\modules\ext\junit-4.10.jar"></property>
    <property name="user.timezone" value=""></property>
    <property name="java.module.install.dir" value="C:\OpenESB-v2.3\netbeans\java\modules"></property>
    <property name="libs.ant-contrib.src" value=""></property>
    <property name="libs.javaee-endorsed-api-6.0.maven-pom" value=""></property>
    <property name="libs.jsf20.javadoc" value="C:\OpenESB-v2.3\netbeans\enterprise\docs\javaee6-doc-api.zip"></property>
    <property name="java.ext.dirs" value="C:\Program Files\Java\jdk1.6.0_37\jre\lib\ext;C:\Windows\Sun\Java\lib\ext"></property>
    <property name="libs.metro.src" value=""></property>
    <property name="libs.savaje-ant-utils.maven-pom" value=""></property>
    <property name="libs.semc-ant-utils.src" value=""></property>
    <property name="libs.absolutelayout.classpath" value="C:\OpenESB-v2.3\netbeans\java\modules\ext\AbsoluteLayout.jar"></property>
    <property name="libs.metro.classpath" value="C:\OpenESB-v2.3\netbeans\ide\modules\ext\jaxb\activation.jar;C:\OpenESB-v2.3\netbeans\enterprise\modules\ext\metro\webservices-api.jar;C:\OpenESB-v2.3\netbeans\enterprise\modules\ext\metro\webservices-extra-api.jar;C:\OpenESB-v2.3\netbeans\enterprise\modules\ext\metro\webservices-extra.jar;C:\OpenESB-v2.3\netbeans\enterprise\modules\ext\metro\webservices-rt.jar;C:\OpenESB-v2.3\netbeans\enterprise\modules\ext\metro\webservices-tools.jar"></property>
    <property name="libs.restlib.maven-pom" value=""></property>
    <property name="jbi.content.component" value="sun-bpel-engine"></property>
    <property name="java.class.path" value="C:\OpenESB-v2.3\netbeans\soa\modules\org-netbeans-modules-compapp-manager-jbi.jar;C:\OpenESB-v2.3\netbeans\soa\modules\org-netbeans-modules-compapp-projects-jbi.jar;C:\OpenESB-v2.3\netbeans\soa\modules\ext\jbi-admin-common.jar;C:\OpenESB-v2.3\netbeans\soa\modules\ext\catd.jar;C:\OpenESB-v2.3\netbeans\java\modules\ext\junit-3.8.2.jar;C:\OpenESB-v2.3\netbeans\ide\modules\org-netbeans-modules-editor-lib.jar;C:\OpenESB-v2.3\netbeans\ide\modules\org-netbeans-modules-editor.jar;C:\OpenESB-v2.3\netbeans\ide\modules\org-netbeans-modules-editor-deprecated-pre65formatting.jar;C:\OpenESB-v2.3\netbeans\ide\modules\org-netbeans-modules-editor-util.jar;C:\OpenESB-v2.3\netbeans\ide\modules\org-netbeans-modules-editor-lib2.jar;C:\OpenESB-v2.3\netbeans\ide\modules\org-netbeans-modules-editor-indent.jar;C:\OpenESB-v2.3\netbeans\ide\modules\org-netbeans-modules-editor-plain.jar;C:\OpenESB-v2.3\netbeans\ide\modules\org-netbeans-modules-editor-plain-lib.jar;C:\OpenESB-v2.3\netbeans\ide\modules\org-netbeans-modules-editor-settings.jar;C:\OpenESB-v2.3\netbeans\ide\modules\org-netbeans-modules-editor-settings-storage.jar;C:\OpenESB-v2.3\netbeans\ide\modules\org-netbeans-modules-lexer.jar;C:\OpenESB-v2.3\netbeans\ide\modules\org-netbeans-modules-xml-core.jar;C:\OpenESB-v2.3\netbeans\ide\modules\org-netbeans-modules-xml-lexer.jar;C:\OpenESB-v2.3\netbeans\ide\modules\org-netbeans-modules-xml-text.jar;C:\OpenESB-v2.3\netbeans\ide\modules\org-netbeans-modules-xml-xdm.jar;C:\OpenESB-v2.3\netbeans\ide\modules\org-netbeans-modules-xml-xam.jar;C:\OpenESB-v2.3\netbeans\ide\modules\org-netbeans-modules-csl-api.jar;C:\OpenESB-v2.3\netbeans\ide\modules\ext\jaxb\activation.jar;C:\OpenESB-v2.3\netbeans\platform\lib\org-openide-modules.jar;C:\OpenESB-v2.3\netbeans\platform\lib\org-openide-util.jar;C:\OpenESB-v2.3\netbeans\platform\lib\org-openide-util-lookup.jar;C:\OpenESB-v2.3\netbeans\platform\modules\org-openide-awt.jar;C:\OpenESB-v2.3\netbeans\platform\modules\org-openide-options.jar;C:\OpenESB-v2.3\netbeans\platform\modules\org-openide-text.jar;C:\OpenESB-v2.3\netbeans\platform\modules\org-openide-loaders.jar;C:\OpenESB-v2.3\netbeans\platform\modules\org-openide-nodes.jar;C:\OpenESB-v2.3\netbeans\platform\modules\org-netbeans-modules-editor-mimelookup.jar;C:\OpenESB-v2.3\netbeans\platform\modules\org-netbeans-modules-editor-mimelookup-impl.jar;C:\OpenESB-v2.3\netbeans\platform\core\org-openide-filesystems.jar;C:\OpenESB-v2.3\netbeans\platform\modules\org-netbeans-modules-keyring.jar;C:\OpenESB-v2.3\netbeans\platform\modules\org-openide-dialogs.jar;C:\GlassFishESBv22\glassfish\lib\ant\lib\junit-4.0.jar;C:\GlassFishESBv22\glassfish\lib\ant\lib\ant-launcher.jar;C:\GlassFishESBv22\glassfish\lib\ant\lib\ant.jar;C:\GlassFishESBv22\glassfish\lib\ant\lib\ant-junit.jar"></property>
    <property name="libs.absolutelayout.src" value=""></property>
    <property name="from.commandline" value="true"></property>
    <property name="libs.jpa20-persistence.classpath" value="C:\OpenESB-v2.3\netbeans\java\modules\ext\eclipselink\javax.persistence-2.0.3.jar"></property>
    <property name="libs.cdc-pp-awt-layout.maven-pom" value=""></property>
    <property name="j2ee.server.type" value="J2EE"></property>
    <property name="os.version" value="6.1"></property>
    <property name="libs.JMUnit4CLDC11.maven-pom" value=""></property>
    <property name="sun.desktop" value="windows"></property>
    <property name="libs.PojoSELib.maven-pom" value=""></property>
    <property name="libs.restlib.javadoc" value="C:\OpenESB-v2.3\netbeans\enterprise\docs\jersey-1.8-javadoc.zip;C:\OpenESB-v2.3\netbeans\enterprise\docs\jersey-apache-client-1.8-javadoc.zip;C:\OpenESB-v2.3\netbeans\enterprise\docs\jersey-atom-abdera-1.8-javadoc.zip;C:\OpenESB-v2.3\netbeans\enterprise\docs\jersey-guice-1.8-javadoc.zip;C:\OpenESB-v2.3\netbeans\enterprise\docs\jersey-multipart-1.8-javadoc.zip;C:\OpenESB-v2.3\netbeans\enterprise\docs\jersey-simple-server-1.8-javadoc.zip;C:\OpenESB-v2.3\netbeans\enterprise\docs\jersey-spring-1.8-javadoc.zip;C:\OpenESB-v2.3\netbeans\enterprise\docs\oauth-client-1.8-javadoc.zip;C:\OpenESB-v2.3\netbeans\enterprise\docs\oauth-server-1.8-javadoc.zip;C:\OpenESB-v2.3\netbeans\enterprise\docs\oauth-signature-1.8-javadoc.zip"></property>
    <property name="libs.JAXB-ENDORSED.classpath" value="C:\OpenESB-v2.3\netbeans\ide\modules\ext\jaxb\api\jaxb-api.jar"></property>
    <property name="libs.eclipselink.classpath" value="C:\OpenESB-v2.3\netbeans\java\modules\ext\eclipselink\eclipselink-2.3.2.jar;C:\OpenESB-v2.3\netbeans\java\modules\ext\eclipselink\javax.persistence-2.0.3.jar;C:\OpenESB-v2.3\netbeans\java\modules\ext\eclipselink\org.eclipse.persistence.jpa.jpql_1.0.1.jar"></property>
    <property name="libs.beans-binding.javadoc" value="C:\OpenESB-v2.3\netbeans\java\docs\beansbinding-1.2.1-doc.zip"></property>
    <property name="java.awt.graphicsenv" value="sun.awt.Win32GraphicsEnvironment"></property>
    <property name="java.vm.vendor" value="Sun Microsystems Inc."></property>
    <property name="libs.CopyLibs.classpath" value="C:\OpenESB-v2.3\netbeans\java\ant\extra\org-netbeans-modules-java-j2seproject-copylibstask.jar"></property>
    <property name="libs.spring-framework300.classpath" value="C:\OpenESB-v2.3\netbeans\ide\modules\org-apache-commons-logging.jar;C:\OpenESB-v2.3\netbeans\java\modules\ext\cglib-2.2.jar;C:\OpenESB-v2.3\netbeans\java\modules\ext\spring-3.0\spring-aop-3.1.1.RELEASE.jar;C:\OpenESB-v2.3\netbeans\java\modules\ext\spring-3.0\spring-asm-3.1.1.RELEASE.jar;C:\OpenESB-v2.3\netbeans\java\modules\ext\spring-3.0\spring-aspects-3.1.1.RELEASE.jar;C:\OpenESB-v2.3\netbeans\java\modules\ext\spring-3.0\spring-beans-3.1.1.RELEASE.jar;C:\OpenESB-v2.3\netbeans\java\modules\ext\spring-3.0\spring-context-3.1.1.RELEASE.jar;C:\OpenESB-v2.3\netbeans\java\modules\ext\spring-3.0\spring-context-support-3.1.1.RELEASE.jar;C:\OpenESB-v2.3\netbeans\java\modules\ext\spring-3.0\spring-core-3.1.1.RELEASE.jar;C:\OpenESB-v2.3\netbeans\java\modules\ext\spring-3.0\spring-expression-3.1.1.RELEASE.jar;C:\OpenESB-v2.3\netbeans\java\modules\ext\spring-3.0\spring-instrument-3.1.1.RELEASE.jar;C:\OpenESB-v2.3\netbeans\java\modules\ext\spring-3.0\spring-instrument-tomcat-3.1.1.RELEASE.jar;C:\OpenESB-v2.3\netbeans\java\modules\ext\spring-3.0\spring-jdbc-3.1.1.RELEASE.jar;C:\OpenESB-v2.3\netbeans\java\modules\ext\spring-3.0\spring-jms-3.1.1.RELEASE.jar;C:\OpenESB-v2.3\netbeans\java\modules\ext\spring-3.0\spring-orm-3.1.1.RELEASE.jar;C:\OpenESB-v2.3\netbeans\java\modules\ext\spring-3.0\spring-oxm-3.1.1.RELEASE.jar;C:\OpenESB-v2.3\netbeans\java\modules\ext\spring-3.0\spring-test-3.1.1.RELEASE.jar;C:\OpenESB-v2.3\netbeans\java\modules\ext\spring-3.0\spring-tx-3.1.1.RELEASE.jar;C:\OpenESB-v2.3\netbeans\java\modules\ext\spring-3.0\spring-web-3.1.1.RELEASE.jar;C:\OpenESB-v2.3\netbeans\java\modules\ext\spring-3.0\spring-webmvc-portlet-3.1.1.RELEASE.jar;C:\OpenESB-v2.3\netbeans\java\modules\ext\spring-3.0\spring-webmvc-3.1.1.RELEASE.jar;C:\OpenESB-v2.3\netbeans\java\modules\ext\spring-3.0\spring-struts-3.1.1.RELEASE.jar"></property>
    <property name="libs.jsp-compiler.maven-pom" value=""></property>
    <property name="libs.Encoder-COCO.classpath" value="C:\OpenESB-v2.3\netbeans\soa\modules\ext\coco.jar;C:\OpenESB-v2.3\netbeans\soa\modules\ext\cocoencoder-xsdextension.jar"></property>
    <property name="libs.spring-webmvc.maven-pom" value=""></property>
    <property name="libs.ejb3-persistence.classpath" value="C:\OpenESB-v2.3\netbeans\java\modules\ext\hibernate\ejb3-persistence.jar"></property>
    <property name="libs.JAXB-ENDORSED.src" value=""></property>
    <property name="libs.spring-framework.javadoc" value=""></property>
    <property name="libs.testng.javadoc" value="C:\OpenESB-v2.3\netbeans\platform\docs\testng-6.5.1-javadoc.zip"></property>
    <property name="libs.PostgreSQLDriver.classpath" value="C:\OpenESB-v2.3\netbeans\ide\modules\ext\postgresql-9.1-901.jdbc4.jar"></property>
    <property name="libs.jsf12.maven-pom" value=""></property>
    <property name="soa.module.install.dir" value="C:\OpenESB-v2.3\netbeans\soa\modules"></property>
    <property name="libs.Encoder-Custom.src" value=""></property>
    <property name="libs.junit.src" value=""></property>
    <property name="build.dir" value="build"></property>
    <property name="libs.CopyLibs.src" value=""></property>
    <property name="libs.jsp-compilation.classpath" value="C:\OpenESB-v2.3\netbeans\java\ant\lib\ant.jar;C:\OpenESB-v2.3\netbeans\enterprise\modules\ext\servlet3.0-jsp2.2-api.jar;C:\OpenESB-v2.3\netbeans\enterprise\modules\ext\glassfish-jspparser-3.0.jar;C:\OpenESB-v2.3\netbeans\enterprise\modules\ext\jsf-2_1\jsf-api.jar;C:\OpenESB-v2.3\netbeans\enterprise\modules\ext\jstl.jar;C:\OpenESB-v2.3\netbeans\java\ant\lib\ant-launcher.jar"></property>
    <property name="ant.version" value="Apache Ant version 1.6.5 compiled on June 2 2005"></property>
    <property name="file.encoding" value="Cp1252"></property>
    <property name="build.classes.excludes" value="**/*.java,**/*.form,**/.nbattrs"></property>
    <property name="javadoc.nonavbar" value="false"></property>
    <property name="platform.active" value="default_platform"></property>
    <property name="awt.toolkit" value="sun.awt.windows.WToolkit"></property>
  </properties>
  <testcase classname="org.netbeans.modules.compapp.catd.ConfiguredTest" name="ConditionOnElementBasedPropertyTest" time="0.836"></testcase>
  <testcase classname="org.netbeans.modules.compapp.catd.ConfiguredTest" name="ConditionOnMesgTypeBasedProperty" time="0.025"></testcase>
  <testcase classname="org.netbeans.modules.compapp.catd.ConfiguredTest" name="ConditionOnTypeBasedPropertyTest" time="0.04"></testcase>
  <testcase classname="org.netbeans.modules.compapp.catd.ConfiguredTest" name="IntPropValueAdditionTest" time="0.03"></testcase>
  <system-out><![CDATA[GenerateATSOutput=${generate.ats.output}
NetBeansUserDir=C:\OpenESB-v2.3\.netbeans\openesb
ServerPassword=adminadmin
awt.toolkit=sun.awt.windows.WToolkit
file.encoding=Cp1252
file.encoding.pkg=sun.io
file.separator=\
java.awt.graphicsenv=sun.awt.Win32GraphicsEnvironment
java.awt.headless=${java.awt.headless}
java.awt.printerjob=sun.awt.windows.WPrinterJob
java.class.path=C:\OpenESB-v2.3\netbeans\soa\modules\org-netbeans-modules-compapp-manager-jbi.jar;C:\OpenESB-v2.3\netbeans\soa\modules\org-netbeans-modules-compapp-projects-jbi.jar;C:\OpenESB-v2.3\netbeans\soa\modules\ext\jbi-admin-common.jar;C:\OpenESB-v2.3\netbeans\soa\modules\ext\catd.jar;C:\OpenESB-v2.3\netbeans\java\modules\ext\junit-3.8.2.jar;C:\OpenESB-v2.3\netbeans\ide\modules\org-netbeans-modules-editor-lib.jar;C:\OpenESB-v2.3\netbeans\ide\modules\org-netbeans-modules-editor.jar;C:\OpenESB-v2.3\netbeans\ide\modules\org-netbeans-modules-editor-deprecated-pre65formatting.jar;C:\OpenESB-v2.3\netbeans\ide\modules\org-netbeans-modules-editor-util.jar;C:\OpenESB-v2.3\netbeans\ide\modules\org-netbeans-modules-editor-lib2.jar;C:\OpenESB-v2.3\netbeans\ide\modules\org-netbeans-modules-editor-indent.jar;C:\OpenESB-v2.3\netbeans\ide\modules\org-netbeans-modules-editor-plain.jar;C:\OpenESB-v2.3\netbeans\ide\modules\org-netbeans-modules-editor-plain-lib.jar;C:\OpenESB-v2.3\netbeans\ide\modules\org-netbeans-modules-editor-settings.jar;C:\OpenESB-v2.3\netbeans\ide\modules\org-netbeans-modules-editor-settings-storage.jar;C:\OpenESB-v2.3\netbeans\ide\modules\org-netbeans-modules-lexer.jar;C:\OpenESB-v2.3\netbeans\ide\modules\org-netbeans-modules-xml-core.jar;C:\OpenESB-v2.3\netbeans\ide\modules\org-netbeans-modules-xml-lexer.jar;C:\OpenESB-v2.3\netbeans\ide\modules\org-netbeans-modules-xml-text.jar;C:\OpenESB-v2.3\netbeans\ide\modules\org-netbeans-modules-xml-xdm.jar;C:\OpenESB-v2.3\netbeans\ide\modules\org-netbeans-modules-xml-xam.jar;C:\OpenESB-v2.3\netbeans\ide\modules\org-netbeans-modules-csl-api.jar;C:\OpenESB-v2.3\netbeans\ide\modules\ext\jaxb\activation.jar;C:\OpenESB-v2.3\netbeans\platform\lib\org-openide-modules.jar;C:\OpenESB-v2.3\netbeans\platform\lib\org-openide-util.jar;C:\OpenESB-v2.3\netbeans\platform\lib\org-openide-util-lookup.jar;C:\OpenESB-v2.3\netbeans\platform\modules\org-openide-awt.jar;C:\OpenESB-v2.3\netbeans\platform\modules\org-openide-options.jar;C:\OpenESB-v2.3\netbeans\platform\modules\org-openide-text.jar;C:\OpenESB-v2.3\netbeans\platform\modules\org-openide-loaders.jar;C:\OpenESB-v2.3\netbeans\platform\modules\org-openide-nodes.jar;C:\OpenESB-v2.3\netbeans\platform\modules\org-netbeans-modules-editor-mimelookup.jar;C:\OpenESB-v2.3\netbeans\platform\modules\org-netbeans-modules-editor-mimelookup-impl.jar;C:\OpenESB-v2.3\netbeans\platform\core\org-openide-filesystems.jar;C:\OpenESB-v2.3\netbeans\platform\modules\org-netbeans-modules-keyring.jar;C:\OpenESB-v2.3\netbeans\platform\modules\org-openide-dialogs.jar;C:\GlassFishESBv22\glassfish\lib\ant\lib\junit-4.0.jar;C:\GlassFishESBv22\glassfish\lib\ant\lib\ant-launcher.jar;C:\GlassFishESBv22\glassfish\lib\ant\lib\ant.jar;C:\GlassFishESBv22\glassfish\lib\ant\lib\ant-junit.jar
java.class.version=50.0
java.endorsed.dirs=C:\Program Files\Java\jdk1.6.0_37\jre\lib\endorsed
java.ext.dirs=C:\Program Files\Java\jdk1.6.0_37\jre\lib\ext;C:\Windows\Sun\Java\lib\ext
java.home=C:\Program Files\Java\jdk1.6.0_37\jre
java.io.tmpdir=C:\Users\logicoy\AppData\Local\Temp\
java.library.path=C:\Program Files\Java\jdk1.6.0_37\jre\bin;C:\Windows\Sun\Java\bin;C:\Windows\system32;C:\Windows;C:\oraclexe\app\oracle\product\11.2.0\server\bin;;C:\Program Files\Common Files\Microsoft Shared\Windows Live;C:\Program Files (x86)\Common Files\Microsoft Shared\Windows Live;c:\Program Files (x86)\AMD APP\bin\x86_64;c:\Program Files (x86)\AMD APP\bin\x86;c:\Program Files (x86)\Intel\iCLS Client\;c:\Program Files\Intel\iCLS Client\;C:\Windows\system32;C:\Windows;C:\Windows\System32\Wbem;C:\Windows\System32\WindowsPowerShell\v1.0\;C:\Program Files\Intel\WiFi\bin\;C:\Program Files\Common Files\Intel\WirelessCommon\;c:\Program Files (x86)\ATI Technologies\ATI.ACE\Core-Static;C:\Program Files (x86)\Windows Live\Shared;C:\Program Files\Internet Explorer;C:\Program Files\Java\jdk1.6.0_37\bin;C:\Program Files\TortoiseSVN\bin;D:\apache-maven-3.0.3\bin;C:\GlassFishESBv22\glassfish\lib\ant\bin;.
java.runtime.name=Java(TM) SE Runtime Environment
java.runtime.version=1.6.0_37-b06
java.specification.name=Java Platform API Specification
java.specification.vendor=Sun Microsystems Inc.
java.specification.version=1.6
java.vendor=Sun Microsystems Inc.
java.vendor.url=http://java.sun.com/
java.vendor.url.bug=http://java.sun.com/cgi-bin/bugreport.cgi
java.version=1.6.0_37
java.vm.info=mixed mode
java.vm.name=Java HotSpot(TM) 64-Bit Server VM
java.vm.specification.name=Java Virtual Machine Specification
java.vm.specification.vendor=Sun Microsystems Inc.
java.vm.specification.version=1.0
java.vm.vendor=Sun Microsystems Inc.
java.vm.version=20.12-b01
line.separator=

org.netbeans.modules.compapp.catd.context=
os.arch=amd64
os.name=Windows 7
os.version=6.1
path.separator=;
sun.arch.data.model=64
sun.boot.class.path=C:\Program Files\Java\jdk1.6.0_37\jre\lib\resources.jar;C:\Program Files\Java\jdk1.6.0_37\jre\lib\rt.jar;C:\Program Files\Java\jdk1.6.0_37\jre\lib\sunrsasign.jar;C:\Program Files\Java\jdk1.6.0_37\jre\lib\jsse.jar;C:\Program Files\Java\jdk1.6.0_37\jre\lib\jce.jar;C:\Program Files\Java\jdk1.6.0_37\jre\lib\charsets.jar;C:\Program Files\Java\jdk1.6.0_37\jre\lib\modules\jdk.boot.jar;C:\Program Files\Java\jdk1.6.0_37\jre\classes
sun.boot.library.path=C:\Program Files\Java\jdk1.6.0_37\jre\bin
sun.cpu.endian=little
sun.cpu.isalist=amd64
sun.desktop=windows
sun.io.unicode.encoding=UnicodeLittle
sun.java.command=org.apache.tools.ant.taskdefs.optional.junit.JUnitTestRunner org.netbeans.modules.compapp.catd.ConfiguredTest filtertrace=true haltOnError=false haltOnFailure=false showoutput=true formatter=org.apache.tools.ant.taskdefs.optional.junit.BriefJUnitResultFormatter formatter=org.apache.tools.ant.taskdefs.optional.junit.XMLJUnitResultFormatter,C:\OpenESB_Work_Tree\driver-tests\bpelse\assign\VariablePropertyTest\conditionProjJBI\test\results\TEST-org.netbeans.modules.compapp.catd.ConfiguredTest.xml propsfile=C:\Users\logicoy\AppData\Local\Temp\junit1492491670.properties
sun.java.launcher=SUN_STANDARD
sun.jnu.encoding=Cp1252
sun.management.compiler=HotSpot 64-Bit Tiered Compilers
sun.os.patch.level=Service Pack 1
user.country=US
user.dir=C:\OpenESB_Work_Tree\driver-tests\bpelse\assign\VariablePropertyTest\conditionProjJBI
user.home=C:\Users\logicoy
user.language=en
user.name=logicoy
user.timezone=Asia/Calcutta
user.variant=
Test ConditionOnElementBasedPropertyTest\Concurrent.properties Passed. Threads count Success: <1> Error: <0> Not completed: <0>
Test ConditionOnMesgTypeBasedProperty\Concurrent.properties Passed. Threads count Success: <1> Error: <0> Not completed: <0>
Test ConditionOnTypeBasedPropertyTest\Concurrent.properties Passed. Threads count Success: <1> Error: <0> Not completed: <0>
Test IntPropValueAdditionTest\Concurrent.properties Passed. Threads count Success: <1> Error: <0> Not completed: <0>
]]></system-out>
  <system-err><![CDATA[Feb 22, 2013 1:01:13 PM org.netbeans.modules.editor.settings.storage.keybindings.KeyMapsStorage$KeyMapsReader startElement
WARNING: The keybinding 'A-MOUSE_WHEEL_UP' in Editors/Keybindings/NetBeans/Defaults/org-netbeans-modules-editor-keybindings.xml may not work correctly on Mac. Keybindings starting with Alt or Ctrl should be coded with latin capital letters 'O' or 'D' respectively. For details see org.openide.util.Utilities.stringToKey().
Feb 22, 2013 1:01:13 PM org.netbeans.modules.editor.settings.storage.keybindings.KeyMapsStorage$KeyMapsReader startElement
WARNING: The keybinding 'A-MOUSE_WHEEL_DOWN' in Editors/Keybindings/NetBeans/Defaults/org-netbeans-modules-editor-keybindings.xml may not work correctly on Mac. Keybindings starting with Alt or Ctrl should be coded with latin capital letters 'O' or 'D' respectively. For details see org.openide.util.Utilities.stringToKey().
]]></system-err>
</testsuite>
