<?xml version="1.0" encoding="UTF-8" ?>
<testsuite errors="0" failures="0" hostname="Adiraj" name="org.netbeans.modules.compapp.catd.ConfiguredTest" tests="1" time="8.578" timestamp="2007-03-30T09:01:18">
  <properties>
    <property name="default.javac.source" value="1.4" />
    <property name="file.encoding.pkg" value="sun.io" />
    <property name="org.netbeans.modules.compapp.jbiserver.description.application-sub-assembly" value="Represents this Service Unit" />
    <property name="javac.source" value="1.4" />
    <property name="j2ee.platform.wsit.classpath" value="" />
    <property name="netbeans.system_http_proxy" value="webcache.japan.sun.com:8080" />
    <property name="java.home" value="C:\Program Files\Java\jdk1.6.0\jre" />
    <property name="com.sun.jbi.sa.internal.routing" value="true" />
    <property name="javadoc.version" value="false" />
    <property name="org.netbeans.modules.compapp.jbiserver.description.assembly-unit" value="Represents the Service Assembly of mulToccbccEmptyJbi" />
    <property name="java.endorsed.dirs" value="C:\Program Files\Java\jdk1.6.0\jre\lib\endorsed" />
    <property name="src.dir" value="src/jbiasa" />
    <property name="source.root" value="src" />
    <property name="src.build.dir" value="src/jbiServiceUnits" />
    <property name="j2ee.platform.is.jsr109" value="true" />
    <property name="sun.os.patch.level" value="Service Pack 2" />
    <property name="java.vendor.url" value="http://java.sun.com/" />
    <property name="java.version" value="1.6.0" />
    <property name="javac.debug" value="true" />
    <property name="org.openide.major.version" value="IDE/1" />
    <property name="deploy.ant.properties.file" value="c:/space/netbeans/userdir/glassfish.properties" />
    <property name="java.vendor.url.bug" value="http://java.sun.com/cgi-bin/bugreport.cgi" />
    <property name="netbeans.buildnumber" value="200703121900" />
    <property name="org.netbeans.modules.compapp.jbiserver.alias.application-sub-assembly" value="This Service Unit" />
    <property name="org.netbeans.modules.compapp.jbiserver.deployment.conf.root" value="nbproject/deployment" />
    <property name="user.name" value="sainath" />
    <property name="sun.io.unicode.encoding" value="UnicodeLittle" />
    <property name="sun.jnu.encoding" value="Cp1252" />
    <property name="java.runtime.name" value="Java(TM) SE Runtime Environment" />
    <property name="jdk.home" value="C:\Program Files\Java\jdk1.6.0" />
    <property name="j2ee.platform.wsgen.classpath" value="c:/space/gf91/lib/webservices-tools.jar:c:/space/gf91/lib/webservices-rt.jar:c:/space/gf91/lib/webservices.jar:c:/space/gf91/lib/tools.jar:c:/space/gf91/lib/appserv-jstl.jar:c:/space/gf91/lib/javaee.jar:c:/space/gf91/lib/appserv-ws.jar:c:/space/gf91/lib/mail.jar:c:/space/gf91/lib/activation.jar" />
    <property name="sun.awt.keepWorkingSetOnMinimize" value="true" />
    <property name="org.openide.TopManager" value="org.netbeans.core.NonGui" />
    <property name="netbeans.dirs" value="@SRCROOT@/nb_all\nbbuild\netbeans\nb6.0;@SRCROOT@/nb_all\nbbuild\netbeans\ide8;@SRCROOT@/nb_all\nbbuild\netbeans\enterprise4;@SRCROOT@/nb_all\nbbuild\netbeans\profiler2;@SRCROOT@/nb_all\nbbuild\netbeans\harness;@SRCROOT@/nb_all\nbbuild\netbeans\soa1;@SRCROOT@/nb_all\nbbuild\netbeans\xmltools1;@SRCROOT@/nb_all\nbbuild\netbeans\identity1" />
    <property name="java.specification.name" value="Java Platform API Specification" />
    <property name="javadoc.author" value="false" />
    <property name="user.timezone" value="" />
    <property name="netbeans.system_http_non_proxy_hosts" value="" />
    <property name="org.openide.specification.version" value="6.2" />
    <property name="path.separator" value=";" />
    <property name="netbeans.accept_license_class" value="org.netbeans.license.AcceptLicense" />
    <property name="file.encoding" value="Cp1252" />
    <property name="dist.javadoc.dir" value="dist/javadoc" />
    <property name="https.nonProxyHosts" value="localhost|127.0.0.1|Adiraj" />
    <property name="ant.file" value="C:\QEDriverTests\nb\mulToccbccEmptyJbi\build.xml" />
    <property name="j2ee.server.instance" value="[@SRCROOT@/glassfish]deployer:Sun:AppServer::localhost:4848" />
    <property name="java.io.tmpdir" value="C:\DOCUME~1\sainath\LOCALS~1\Temp\" />
    <property name="user.language" value="en" />
    <property name="line.separator" value="
" />
    <property name="apple.laf.useScreenMenuBar" value="true" />
    <property name="org.netbeans.modules.compapp.jbiserver.alias.assembly-unit" value="This Service Assembly" />
    <property name="jar.compress" value="false" />
    <property name="java.vm.info" value="mixed mode, sharing" />
    <property name="javadoc.private" value="false" />
    <property name="sun.desktop" value="windows" />
    <property name="java.vm.specification.name" value="Java Virtual Machine Specification" />
    <property name="jbi.content.additional" value="C:\QEDriverTests\nb\mulToccbccEmptyBpel/build/SEDeployment.jar" />
    <property name="netbeans.dynamic.classpath" value="@SRCROOT@/nb_all\nbbuild\netbeans\platform7\core\core.jar;@SRCROOT@/nb_all\nbbuild\netbeans\platform7\core\org-openide-filesystems.jar;@SRCROOT@/nb_all\nbbuild\netbeans\nb6.0\core\org-netbeans-upgrader.jar;@SRCROOT@/nb_all\nbbuild\netbeans\nb6.0\core\locale\core_nb.jar" />
    <property name="platform.active" value="default_platform" />
    <property name="meta.inf" value="src/conf" />
    <property name="http.nonProxyHosts" value="localhost|127.0.0.1|Adiraj" />
    <property name="test.results.dir" value="C:\QEDriverTests\nb\mulToccbccEmptyJbi/test/results" />
    <property name="javadoc.encoding" value="" />
    <property name="java.awt.printerjob" value="sun.awt.windows.WPrinterJob" />
    <property name="jbi.content.component" value="sun-bpel-engine" />
    <property name="dist.jar" value="dist/mulToccbccEmptyJbi.zip" />
    <property name="ant.version" value="Apache Ant version 1.7.0 compiled on December 13 2006" />
    <property name="netbeans.home" value="@SRCROOT@/nb_all\nbbuild\netbeans\platform7" />
    <property name="javadoc.nonavbar" value="false" />
    <property name="user.properties.file" value="c:/space/netbeans/userdir/build.properties" />
    <property name="jar.name" value="mulToccbccEmptyJbi.jar" />
    <property name="netbeans.importclass" value="org.netbeans.upgrade.AutoUpgrade" />
    <property name="module.install.dir" value="@SRCROOT@/nb_all\nbbuild\netbeans\soa1\modules" />
    <property name="https.proxyPort" value="8080" />
    <property name="j2ee.platform.wscompile.classpath" value="c:/space/gf91/lib/j2ee.jar:c:/space/gf91/lib/saaj-api.jar:c:/space/gf91/lib/saaj-impl.jar:c:/space/gf91/lib/jaxrpc-api.jar:c:/space/gf91/lib/jaxrpc-impl.jar:c:/space/gf91/lib/endorsed/jaxp-api.jar:c:/space/gf91/lib/appserv-ws.jar:c:/space/gf91/lib/webservices-tools.jar:c:/space/gf91/lib/webservices-rt.jar" />
    <property name="j2ee.server.type" value="J2EE" />
    <property name="build.generated.dir" value="build/generated" />
    <property name="netbeans.home+have.tests" value="true" />
    <property name="os.name" value="Windows XP" />
    <property name="java.specification.vendor" value="Sun Microsystems Inc." />
    <property name="java.vm.name" value="Java HotSpot(TM) Client VM" />
    <property name="org.openide.version" value="deprecated" />
    <property name="java.library.path" value="C:\Program Files\Java\jdk1.6.0\jre\bin;.;C:\WINDOWS\Sun\Java\bin;C:\WINDOWS\system32;C:\WINDOWS;C:\Perl\site\bin;C:\Perl\bin;C:\WINDOWS\system32;C:\WINDOWS;C:\WINDOWS\System32\Wbem;C:\Program Files\Wave Systems Corp\Dell Preboot Manager\Access Client\v5\;C:\cygwin\bin;C:\Downloads;@alaska_root@/build-tools\apache-ant-1.6.5;C:\Program Files\cvsnt;@SRCROOT@/glassfish\bin" />
    <property name="ant.java.version" value="1.6" />
    <property name="basedir" value="C:\QEDriverTests\nb\mulToccbccEmptyJbi" />
    <property name="javadoc.noindex" value="false" />
    <property name="java.class.version" value="50.0" />
    <property name="sun.awt.exception.handler" value="org.netbeans.core.startup.TopLogging$AWTHandler" />
    <property name="j2ee.platform" value="1.4" />
    <property name="ant.home" value="@SRCROOT@/nb_all\nbbuild\netbeans\ide8\ant" />
    <property name="javadoc.splitindex" value="true" />
    <property name="javadoc.preview" value="true" />
    <property name="sun.boot.library.path" value="C:\Program Files\Java\jdk1.6.0\jre\bin" />
    <property name="build.dir" value="build" />
    <property name="ant.file." value="C:\QEDriverTests\nb\mulToccbccEmptyJbi\build.xml" />
    <property name="sun.management.compiler" value="HotSpot Client Compiler" />
    <property name="org.netbeans.modules.compapp.projects.jbi.descriptor.uuid.assembly-unit" value="mulToccbccEmptyJbi" />
    <property name="netbeans.logger.console" value="true" />
    <property name="java.awt.graphicsenv" value="sun.awt.Win32GraphicsEnvironment" />
    <property name="user.variant" value="" />
    <property name="javadoc.windowtitle" value="" />
    <property name="reference.mulToccbccEmptyBpel.dist_se" value="C:\QEDriverTests\nb\mulToccbccEmptyBpel/build/SEDeployment.jar" />
    <property name="project.mulToccbccEmptyBpel" value="C:\QEDriverTests\nb\mulToccbccEmptyBpel" />
    <property name="j2ee.platform.classpath" value="c:/space/gf91/lib/javaee.jar:c:/space/gf91/lib/jsf-impl.jar:c:/space/gf91/lib/activation.jar:c:/space/gf91/lib/appserv-tags.jar:c:/space/gf91/lib/mail.jar:c:/space/gf91/lib/appserv-jstl.jar:c:/space/gf91/lib/webservices-tools.jar:c:/space/gf91/lib/webservices-rt.jar" />
    <property name="http.proxyPort" value="8080" />
    <property name="org.apache.lucene.lockDir" value="C:\Documents and Settings\sainath\.netbeans\dev\var\lock\lucene" />
    <property name="https.proxyHost" value="webcache.singapore.sun.com" />
    <property name="build.compiler.emacs" value="true" />
    <property name="ant.project.name" value="" />
    <property name="java.vm.specification.version" value="1.0" />
    <property name="awt.toolkit" value="sun.awt.windows.WToolkit" />
    <property name="javadoc.use" value="true" />
    <property name="sun.cpu.isalist" value="pentium_pro+mmx pentium_pro pentium+mmx pentium i486 i386 i86" />
    <property name="java.ext.dirs" value="C:\Program Files\Java\jdk1.6.0\jre\lib\ext;C:\WINDOWS\Sun\Java\lib\ext" />
    <property name="os.version" value="5.1" />
    <property name="user.home" value="C:\Documents and Settings\sainath" />
    <property name="org.xml.sax.driver" value="com.sun.org.apache.xerces.internal.jaxp.SAXParserImpl$JAXPSAXParser" />
    <property name="java.vm.vendor" value="Sun Microsystems Inc." />
    <property name="javax.xml.parsers.DocumentBuilderFactory" value="org.netbeans.core.startup.DOMFactoryImpl" />
    <property name="user.dir" value="C:\QEDriverTests\nb\mulToccbccEmptyJbi" />
    <property name="org.openide.TopManager.GUI" value="true" />
    <property name="test.dir" value="test" />
    <property name="org.netbeans.modules.compapp.jbiserver.component.conf.root" value="nbproject/private" />
    <property name="sun.cpu.endian" value="little" />
    <property name="com.sun.jbi.routing" value="true" />
    <property name="java.vm.version" value="1.6.0-b105" />
    <property name="java.class.path" value="@SRCROOT@/nb_all\nbbuild\netbeans\soa1\modules\ext\jbi\catd.jar;@SRCROOT@/nb_all\nbbuild\netbeans\soa1\modules\ext\jbi\xmlunit1.0.jar;@SRCROOT@/nb_all\nbbuild\netbeans\ide8\modules\ext\junit-3.8.2.jar;@SRCROOT@/nb_all\nbbuild\netbeans\ide8\modules\ext\jaxrpc16\FastInfoset.jar;@SRCROOT@/nb_all\nbbuild\netbeans\ide8\modules\ext\jaxrpc16\saaj-api.jar;@SRCROOT@/nb_all\nbbuild\netbeans\ide8\modules\ext\jaxrpc16\saaj-impl.jar;@SRCROOT@/nb_all\nbbuild\netbeans\ide8\modules\org-netbeans-modules-xml-xdm.jar;@SRCROOT@/nb_all\nbbuild\netbeans\ide8\modules\org-netbeans-modules-xml-xam.jar;@SRCROOT@/nb_all\nbbuild\netbeans\ide8\modules\org-netbeans-modules-editor-lib.jar;@SRCROOT@/nb_all\nbbuild\netbeans\ide8\modules\org-netbeans-modules-xml-text.jar;@SRCROOT@/nb_all\nbbuild\netbeans\ide8\modules\org-netbeans-modules-editor.jar;@SRCROOT@/nb_all\nbbuild\netbeans\ide8\modules\org-netbeans-modules-editor-util.jar;@SRCROOT@/nb_all\nbbuild\netbeans\ide8\modules\org-netbeans-modules-xml-core.jar;@SRCROOT@/nb_all\nbbuild\netbeans\ide8\modules\org-netbeans-modules-editor-lib2.jar;@SRCROOT@/nb_all\nbbuild\netbeans\platform7\lib\org-openide-modules.jar;@SRCROOT@/nb_all\nbbuild\netbeans\platform7\lib\org-openide-util.jar;@SRCROOT@/nb_all\nbbuild\netbeans\platform7\modules\org-openide-options.jar;@SRCROOT@/nb_all\nbbuild\netbeans\platform7\modules\org-openide-text.jar;@SRCROOT@/nb_all\nbbuild\netbeans\platform7\modules\org-openide-loaders.jar;@SRCROOT@/nb_all\nbbuild\netbeans\platform7\modules\org-openide-nodes.jar;@SRCROOT@/nb_all\nbbuild\netbeans\platform7\core\org-openide-filesystems.jar;@SRCROOT@/nb_all\nbbuild\netbeans\ide8\ant\lib\ant-launcher.jar;@SRCROOT@/nb_all\nbbuild\netbeans\ide8\ant\lib\ant.jar;@SRCROOT@/nb_all\nbbuild\netbeans\ide8\ant\lib\ant-junit.jar" />
    <property name="javax.xml.parsers.SAXParserFactory" value="org.netbeans.core.startup.SAXFactoryImpl" />
    <property name="os.arch" value="x86" />
    <property name="http.proxyHost" value="webcache.singapore.sun.com" />
    <property name="javac.deprecation" value="false" />
    <property name="build.classes.excludes" value="**/*.java,**/*.form,**/.nbattrs" />
    <property name="dist.dir" value="dist" />
    <property name="debug.classpath" value="${javac.classpath}:build/jar" />
    <property name="netbeans.user" value="C:\Documents and Settings\sainath\.netbeans\dev" />
    <property name="sun.java.launcher" value="SUN_STANDARD" />
    <property name="ant.core.lib" value="@SRCROOT@/nb_all\nbbuild\netbeans\ide8\ant\lib\ant.jar" />
    <property name="java.vm.specification.vendor" value="Sun Microsystems Inc." />
    <property name="file.separator" value="\" />
    <property name="java.runtime.version" value="1.6.0-b105" />
    <property name="sun.boot.class.path" value="C:\Program Files\Java\jdk1.6.0\jre\lib\resources.jar;C:\Program Files\Java\jdk1.6.0\jre\lib\rt.jar;C:\Program Files\Java\jdk1.6.0\jre\lib\sunrsasign.jar;C:\Program Files\Java\jdk1.6.0\jre\lib\jsse.jar;C:\Program Files\Java\jdk1.6.0\jre\lib\jce.jar;C:\Program Files\Java\jdk1.6.0\jre\lib\charsets.jar;C:\Program Files\Java\jdk1.6.0\jre\classes" />
    <property name="j2ee.platform.wsimport.classpath" value="c:/space/gf91/lib/webservices-tools.jar:c:/space/gf91/lib/webservices-rt.jar:c:/space/gf91/lib/webservices.jar:c:/space/gf91/lib/tools.jar:c:/space/gf91/lib/appserv-jstl.jar:c:/space/gf91/lib/javaee.jar:c:/space/gf91/lib/appserv-ws.jar:c:/space/gf91/lib/mail.jar:c:/space/gf91/lib/activation.jar" />
    <property name="ant.file.mulToccbccEmptyJbi-jbi-impl" value="C:\QEDriverTests\nb\mulToccbccEmptyJbi\nbproject\build-impl.xml" />
    <property name="have.tests" value="true" />
    <property name="java.util.logging.config.class" value="org.netbeans.core.startup.TopLogging" />
    <property name="user.country" value="US" />
    <property name="javadoc.notree" value="false" />
    <property name="default.javac.target" value="1.4" />
    <property name="build.classes.dir" value="build/jar" />
    <property name="java.vendor" value="Sun Microsystems Inc." />
    <property name="javac.target" value="1.4" />
    <property name="java.specification.version" value="1.6" />
    <property name="sun.arch.data.model" value="32" />
  </properties>
  <testcase classname="org.netbeans.modules.compapp.catd.ConfiguredTest" name="TestCase1" time="8.531" />
  <system-out><![CDATA[{java.runtime.name=Java(TM) SE Runtime Environment, sun.boot.library.path=C:\Program Files\Java\jdk1.6.0\jre\bin, java.vm.version=1.6.0-b105, java.vm.vendor=Sun Microsystems Inc., java.vendor.url=http://java.sun.com/, path.separator=;, java.vm.name=Java HotSpot(TM) Client VM, file.encoding.pkg=sun.io, sun.java.launcher=SUN_STANDARD, user.country=US, sun.os.patch.level=Service Pack 2, java.vm.specification.name=Java Virtual Machine Specification, user.dir=C:\QEDriverTests\nb\mulToccbccEmptyJbi, java.runtime.version=1.6.0-b105, java.awt.graphicsenv=sun.awt.Win32GraphicsEnvironment, java.endorsed.dirs=C:\Program Files\Java\jdk1.6.0\jre\lib\endorsed, os.arch=x86, java.io.tmpdir=C:\DOCUME~1\sainath\LOCALS~1\Temp\, line.separator=
, java.vm.specification.vendor=Sun Microsystems Inc., user.variant=, os.name=Windows XP, sun.jnu.encoding=Cp1252, java.library.path=C:\Program Files\Java\jdk1.6.0\jre\bin;.;C:\WINDOWS\Sun\Java\bin;C:\WINDOWS\system32;C:\WINDOWS;C:\Perl\site\bin;C:\Perl\bin;C:\WINDOWS\system32;C:\WINDOWS;C:\WINDOWS\System32\Wbem;C:\Program Files\Wave Systems Corp\Dell Preboot Manager\Access Client\v5\;C:\cygwin\bin;C:\Downloads;@alaska_root@/build-tools\apache-ant-1.6.5;C:\Program Files\cvsnt;@SRCROOT@/glassfish\bin, java.specification.name=Java Platform API Specification, java.class.version=50.0, sun.management.compiler=HotSpot Client Compiler, os.version=5.1, user.home=C:\Documents and Settings\sainath, user.timezone=Asia/Calcutta, java.awt.printerjob=sun.awt.windows.WPrinterJob, file.encoding=Cp1252, java.specification.version=1.6, java.class.path=@SRCROOT@/nb_all\nbbuild\netbeans\soa1\modules\ext\jbi\catd.jar;@SRCROOT@/nb_all\nbbuild\netbeans\soa1\modules\ext\jbi\xmlunit1.0.jar;@SRCROOT@/nb_all\nbbuild\netbeans\ide8\modules\ext\junit-3.8.2.jar;@SRCROOT@/nb_all\nbbuild\netbeans\ide8\modules\ext\jaxrpc16\FastInfoset.jar;@SRCROOT@/nb_all\nbbuild\netbeans\ide8\modules\ext\jaxrpc16\saaj-api.jar;@SRCROOT@/nb_all\nbbuild\netbeans\ide8\modules\ext\jaxrpc16\saaj-impl.jar;@SRCROOT@/nb_all\nbbuild\netbeans\ide8\modules\org-netbeans-modules-xml-xdm.jar;@SRCROOT@/nb_all\nbbuild\netbeans\ide8\modules\org-netbeans-modules-xml-xam.jar;@SRCROOT@/nb_all\nbbuild\netbeans\ide8\modules\org-netbeans-modules-editor-lib.jar;@SRCROOT@/nb_all\nbbuild\netbeans\ide8\modules\org-netbeans-modules-xml-text.jar;@SRCROOT@/nb_all\nbbuild\netbeans\ide8\modules\org-netbeans-modules-editor.jar;@SRCROOT@/nb_all\nbbuild\netbeans\ide8\modules\org-netbeans-modules-editor-util.jar;@SRCROOT@/nb_all\nbbuild\netbeans\ide8\modules\org-netbeans-modules-xml-core.jar;@SRCROOT@/nb_all\nbbuild\netbeans\ide8\modules\org-netbeans-modules-editor-lib2.jar;@SRCROOT@/nb_all\nbbuild\netbeans\platform7\lib\org-openide-modules.jar;@SRCROOT@/nb_all\nbbuild\netbeans\platform7\lib\org-openide-util.jar;@SRCROOT@/nb_all\nbbuild\netbeans\platform7\modules\org-openide-options.jar;@SRCROOT@/nb_all\nbbuild\netbeans\platform7\modules\org-openide-text.jar;@SRCROOT@/nb_all\nbbuild\netbeans\platform7\modules\org-openide-loaders.jar;@SRCROOT@/nb_all\nbbuild\netbeans\platform7\modules\org-openide-nodes.jar;@SRCROOT@/nb_all\nbbuild\netbeans\platform7\core\org-openide-filesystems.jar;@SRCROOT@/nb_all\nbbuild\netbeans\ide8\ant\lib\ant-launcher.jar;@SRCROOT@/nb_all\nbbuild\netbeans\ide8\ant\lib\ant.jar;@SRCROOT@/nb_all\nbbuild\netbeans\ide8\ant\lib\ant-junit.jar, user.name=sainath, java.vm.specification.version=1.0, java.home=C:\Program Files\Java\jdk1.6.0\jre, sun.arch.data.model=32, user.language=en, java.specification.vendor=Sun Microsystems Inc., awt.toolkit=sun.awt.windows.WToolkit, java.vm.info=mixed mode, sharing, java.version=1.6.0, java.ext.dirs=C:\Program Files\Java\jdk1.6.0\jre\lib\ext;C:\WINDOWS\Sun\Java\lib\ext, sun.boot.class.path=C:\Program Files\Java\jdk1.6.0\jre\lib\resources.jar;C:\Program Files\Java\jdk1.6.0\jre\lib\rt.jar;C:\Program Files\Java\jdk1.6.0\jre\lib\sunrsasign.jar;C:\Program Files\Java\jdk1.6.0\jre\lib\jsse.jar;C:\Program Files\Java\jdk1.6.0\jre\lib\jce.jar;C:\Program Files\Java\jdk1.6.0\jre\lib\charsets.jar;C:\Program Files\Java\jdk1.6.0\jre\classes, java.vendor=Sun Microsystems Inc., file.separator=\, java.vendor.url.bug=http://java.sun.com/cgi-bin/bugreport.cgi, sun.io.unicode.encoding=UnicodeLittle, sun.cpu.endian=little, sun.desktop=windows, sun.cpu.isalist=pentium_pro+mmx pentium_pro pentium+mmx pentium i486 i386 i86}
Test TestCase1\Concurrent.properties Passed. Threads count Success: <1> Error: <0> Not completed: <0>
]]></system-out>
  <system-err><![CDATA[Mar 30, 2007 2:31:26 PM org.netbeans.modules.editor.impl.KitsTracker logOnce
WARNING: No mime type uses editor kit implementation class: class org.netbeans.modules.xml.text.syntax.XMLKit
]]></system-err>
</testsuite>
