<?xml version="1.0" encoding="UTF-8"?>
<con:soapui-project name="test-provider-array" soapui-version="2.5" resourceRoot="" xmlns:con="http://eviware.com/soapui/config"><con:settings><con:setting id="ProjectSettings@projectRoot">/home/raffaele/lavoro/Progetti/nokia/progetto/pragma_prefix/open-jbi-components/contrib-imola/corba-bc/integration-test/test-provider-array/provider-array-integration-test/src/test/etc/soapui</con:setting></con:settings><con:interface name="EchoArrayCorbaBinding" bindingName="{urn:jbi4corba/test-provider-array}EchoArrayCorbaBinding" soapVersion="1_1" definition="http://localhost:8192/Service/test-provider-array/?wsdl" xsi:type="con:WsdlInterface" wsaVersion="NONE" xmlns:xsi="http://www.w3.org/2001/XMLSchema-instance"><con:settings/><con:definitionCache type="TEXT" rootPart="http://localhost:8192/Service/test-provider-array/?wsdl"><con:part><con:url>http://localhost:8192/Service/test-provider-array/?wsdl</con:url><con:content><![CDATA[<wsdl:definitions name="EchoArray" targetNamespace="urn:jbi4corba/test-provider-array" xmlns:plnk="http://docs.oasis-open.org/wsbpel/2.0/plnktype" xmlns:wsdl="http://schemas.xmlsoap.org/wsdl/" xmlns:tns="urn:jbi4corba/test-provider-array" xmlns:xsd="http://www.w3.org/2001/XMLSchema" xmlns:soap="http://schemas.xmlsoap.org/wsdl/soap/">
  <wsdl:types>
    <xs:schema attributeFormDefault="unqualified" elementFormDefault="qualified" targetNamespace="urn:jbi4corba/test-provider-array" xmlns="urn:jbi4corba/test-provider-array" xmlns:ns1="http://jaxb.dev.java.net/array" xmlns:ns2="http://testproviderarray.test.jbi4corba.imolinfo.it/" xmlns:xs="http://www.w3.org/2001/XMLSchema">
      <xs:import namespace="http://jaxb.dev.java.net/array" schemaLocation="http://localhost:8192/provider-array-http-consumer/TypeDef_array.xsd"/>
      <xs:import namespace="http://testproviderarray.test.jbi4corba.imolinfo.it/" schemaLocation="http://localhost:8192/provider-array-http-consumer/TypeDef_testproviderarray.test.jbi4corba.imolinfo.it.xsd"/>
      <xs:element name="echoArrayBoolean">
        <xs:complexType>
          <xs:sequence>
            <xs:element maxOccurs="unbounded" name="e" type="xs:boolean"/>
          </xs:sequence>
        </xs:complexType>
      </xs:element>
      <xs:element name="echoArrayBooleanResponse">
        <xs:complexType>
          <xs:sequence>
            <xs:element maxOccurs="unbounded" name="return" type="xs:boolean"/>
          </xs:sequence>
        </xs:complexType>
      </xs:element>
      <xs:element name="echoArrayChar">
        <xs:complexType>
          <xs:sequence>
            <xs:element maxOccurs="unbounded" name="e" type="xs:unsignedShort"/>
          </xs:sequence>
        </xs:complexType>
      </xs:element>
      <xs:element name="echoArrayCharResponse">
        <xs:complexType>
          <xs:sequence>
            <xs:element maxOccurs="unbounded" name="return" type="xs:unsignedShort"/>
          </xs:sequence>
        </xs:complexType>
      </xs:element>
      <xs:element name="echoArrayComplexStruct">
        <xs:complexType>
          <xs:sequence>
            <xs:element maxOccurs="unbounded" name="e" type="ns2:complexStruct"/>
          </xs:sequence>
        </xs:complexType>
      </xs:element>
      <xs:element name="echoArrayComplexStructResponse">
        <xs:complexType>
          <xs:sequence>
            <xs:element maxOccurs="unbounded" name="return" type="ns2:complexStruct"/>
          </xs:sequence>
        </xs:complexType>
      </xs:element>
      <xs:element name="echoArrayDouble">
        <xs:complexType>
          <xs:sequence>
            <xs:element maxOccurs="unbounded" name="e" type="xs:double"/>
          </xs:sequence>
        </xs:complexType>
      </xs:element>
      <xs:element name="echoArrayDoubleResponse">
        <xs:complexType>
          <xs:sequence>
            <xs:element maxOccurs="unbounded" name="return" type="xs:double"/>
          </xs:sequence>
        </xs:complexType>
      </xs:element>
      <xs:element name="echoArrayFloat">
        <xs:complexType>
          <xs:sequence>
            <xs:element maxOccurs="unbounded" name="e" type="xs:float"/>
          </xs:sequence>
        </xs:complexType>
      </xs:element>
      <xs:element name="echoArrayFloatResponse">
        <xs:complexType>
          <xs:sequence>
            <xs:element maxOccurs="unbounded" name="return" type="xs:float"/>
          </xs:sequence>
        </xs:complexType>
      </xs:element>
      <xs:element name="echoArrayLong">
        <xs:complexType>
          <xs:sequence>
            <xs:element maxOccurs="unbounded" name="e" type="xs:int"/>
          </xs:sequence>
        </xs:complexType>
      </xs:element>
      <xs:element name="echoArrayLongLong">
        <xs:complexType>
          <xs:sequence>
            <xs:element maxOccurs="unbounded" name="e" type="xs:long"/>
          </xs:sequence>
        </xs:complexType>
      </xs:element>
      <xs:element name="echoArrayLongLongResponse">
        <xs:complexType>
          <xs:sequence>
            <xs:element maxOccurs="unbounded" name="return" type="xs:long"/>
          </xs:sequence>
        </xs:complexType>
      </xs:element>
      <xs:element name="echoArrayLongResponse">
        <xs:complexType>
          <xs:sequence>
            <xs:element maxOccurs="unbounded" name="return" type="xs:int"/>
          </xs:sequence>
        </xs:complexType>
      </xs:element>
      <xs:element name="echoArrayOctet">
        <xs:complexType>
          <xs:sequence>
            <xs:element name="e" type="xs:base64Binary"/>
          </xs:sequence>
        </xs:complexType>
      </xs:element>
      <xs:element name="echoArrayOctetResponse">
        <xs:complexType>
          <xs:sequence>
            <xs:element name="return" type="xs:base64Binary"/>
          </xs:sequence>
        </xs:complexType>
      </xs:element>
      <xs:element name="echoArrayShort">
        <xs:complexType>
          <xs:sequence>
            <xs:element maxOccurs="unbounded" name="e" type="xs:short"/>
          </xs:sequence>
        </xs:complexType>
      </xs:element>
      <xs:element name="echoArrayShortResponse">
        <xs:complexType>
          <xs:sequence>
            <xs:element maxOccurs="unbounded" name="return" type="xs:short"/>
          </xs:sequence>
        </xs:complexType>
      </xs:element>
      <xs:element name="echoArrayString">
        <xs:complexType>
          <xs:sequence>
            <xs:element maxOccurs="unbounded" name="e" type="xs:string"/>
          </xs:sequence>
        </xs:complexType>
      </xs:element>
      <xs:element name="echoArrayStringResponse">
        <xs:complexType>
          <xs:sequence>
            <xs:element maxOccurs="unbounded" name="return" type="xs:string"/>
          </xs:sequence>
        </xs:complexType>
      </xs:element>
      <xs:element name="echoArrayUnsignedLong">
        <xs:complexType>
          <xs:sequence>
            <xs:element maxOccurs="unbounded" name="e" type="xs:int"/>
          </xs:sequence>
        </xs:complexType>
      </xs:element>
      <xs:element name="echoArrayUnsignedLongLong">
        <xs:complexType>
          <xs:sequence>
            <xs:element maxOccurs="unbounded" name="e" type="xs:long"/>
          </xs:sequence>
        </xs:complexType>
      </xs:element>
      <xs:element name="echoArrayUnsignedLongLongResponse">
        <xs:complexType>
          <xs:sequence>
            <xs:element maxOccurs="unbounded" name="return" type="xs:long"/>
          </xs:sequence>
        </xs:complexType>
      </xs:element>
      <xs:element name="echoArrayUnsignedLongResponse">
        <xs:complexType>
          <xs:sequence>
            <xs:element maxOccurs="unbounded" name="return" type="xs:int"/>
          </xs:sequence>
        </xs:complexType>
      </xs:element>
      <xs:element name="echoArrayUnsignedShort">
        <xs:complexType>
          <xs:sequence>
            <xs:element maxOccurs="unbounded" name="e" type="xs:short"/>
          </xs:sequence>
        </xs:complexType>
      </xs:element>
      <xs:element name="echoArrayUnsignedShortResponse">
        <xs:complexType>
          <xs:sequence>
            <xs:element maxOccurs="unbounded" name="return" type="xs:short"/>
          </xs:sequence>
        </xs:complexType>
      </xs:element>
      <xs:element name="echoArrayWChar">
        <xs:complexType>
          <xs:sequence>
            <xs:element maxOccurs="unbounded" name="e" type="xs:unsignedShort"/>
          </xs:sequence>
        </xs:complexType>
      </xs:element>
      <xs:element name="echoArrayWCharResponse">
        <xs:complexType>
          <xs:sequence>
            <xs:element maxOccurs="unbounded" name="return" type="xs:unsignedShort"/>
          </xs:sequence>
        </xs:complexType>
      </xs:element>
      <xs:element name="echoArrayWString">
        <xs:complexType>
          <xs:sequence>
            <xs:element maxOccurs="unbounded" name="e" type="xs:string"/>
          </xs:sequence>
        </xs:complexType>
      </xs:element>
      <xs:element name="echoArrayWStringResponse">
        <xs:complexType>
          <xs:sequence>
            <xs:element maxOccurs="unbounded" name="return" type="xs:string"/>
          </xs:sequence>
        </xs:complexType>
      </xs:element>
      <xs:element name="echoMatrixString">
        <xs:complexType>
          <xs:sequence>
            <xs:element maxOccurs="unbounded" name="e" type="ns1:stringArray"/>
          </xs:sequence>
        </xs:complexType>
      </xs:element>
      <xs:element name="echoMatrixStringResponse">
        <xs:complexType>
          <xs:sequence>
            <xs:element maxOccurs="unbounded" name="return" type="ns1:stringArray"/>
          </xs:sequence>
        </xs:complexType>
      </xs:element>
    </xs:schema>
  </wsdl:types>
  <wsdl:message name="echoArrayUnsignedLongResponse">
    <wsdl:part name="parameters" element="tns:echoArrayUnsignedLongResponse"></wsdl:part>
  </wsdl:message>
  <wsdl:message name="echoArrayString">
    <wsdl:part name="parameters" element="tns:echoArrayString"></wsdl:part>
  </wsdl:message>
  <wsdl:message name="echoArrayFloatResponse">
    <wsdl:part name="parameters" element="tns:echoArrayFloatResponse"></wsdl:part>
  </wsdl:message>
  <wsdl:message name="echoArrayUnsignedShort">
    <wsdl:part name="parameters" element="tns:echoArrayUnsignedShort"></wsdl:part>
  </wsdl:message>
  <wsdl:message name="echoArrayBooleanResponse">
    <wsdl:part name="parameters" element="tns:echoArrayBooleanResponse"></wsdl:part>
  </wsdl:message>
  <wsdl:message name="echoArrayComplexStruct">
    <wsdl:part name="parameters" element="tns:echoArrayComplexStruct"></wsdl:part>
  </wsdl:message>
  <wsdl:message name="echoArrayFloat">
    <wsdl:part name="parameters" element="tns:echoArrayFloat"></wsdl:part>
  </wsdl:message>
  <wsdl:message name="echoArrayUnsignedShortResponse">
    <wsdl:part name="parameters" element="tns:echoArrayUnsignedShortResponse"></wsdl:part>
  </wsdl:message>
  <wsdl:message name="echoArrayUnsignedLongLongResponse">
    <wsdl:part name="parameters" element="tns:echoArrayUnsignedLongLongResponse"></wsdl:part>
  </wsdl:message>
  <wsdl:message name="echoMatrixString">
    <wsdl:part name="parameters" element="tns:echoMatrixString"></wsdl:part>
  </wsdl:message>
  <wsdl:message name="echoArrayUnsignedLongLong">
    <wsdl:part name="parameters" element="tns:echoArrayUnsignedLongLong"></wsdl:part>
  </wsdl:message>
  <wsdl:message name="echoArrayOctetResponse">
    <wsdl:part name="parameters" element="tns:echoArrayOctetResponse"></wsdl:part>
  </wsdl:message>
  <wsdl:message name="echoArrayChar">
    <wsdl:part name="parameters" element="tns:echoArrayChar"></wsdl:part>
  </wsdl:message>
  <wsdl:message name="echoMatrixStringResponse">
    <wsdl:part name="parameters" element="tns:echoMatrixStringResponse"></wsdl:part>
  </wsdl:message>
  <wsdl:message name="echoArrayUnsignedLong">
    <wsdl:part name="parameters" element="tns:echoArrayUnsignedLong"></wsdl:part>
  </wsdl:message>
  <wsdl:message name="echoArrayDouble">
    <wsdl:part name="parameters" element="tns:echoArrayDouble"></wsdl:part>
  </wsdl:message>
  <wsdl:message name="echoArrayWChar">
    <wsdl:part name="parameters" element="tns:echoArrayWChar"></wsdl:part>
  </wsdl:message>
  <wsdl:message name="echoArrayWString">
    <wsdl:part name="parameters" element="tns:echoArrayWString"></wsdl:part>
  </wsdl:message>
  <wsdl:message name="echoArrayShort">
    <wsdl:part name="parameters" element="tns:echoArrayShort"></wsdl:part>
  </wsdl:message>
  <wsdl:message name="echoArrayWCharResponse">
    <wsdl:part name="parameters" element="tns:echoArrayWCharResponse"></wsdl:part>
  </wsdl:message>
  <wsdl:message name="echoArrayOctet">
    <wsdl:part name="parameters" element="tns:echoArrayOctet"></wsdl:part>
  </wsdl:message>
  <wsdl:message name="echoArrayLong">
    <wsdl:part name="parameters" element="tns:echoArrayLong"></wsdl:part>
  </wsdl:message>
  <wsdl:message name="echoArrayWStringResponse">
    <wsdl:part name="parameters" element="tns:echoArrayWStringResponse"></wsdl:part>
  </wsdl:message>
  <wsdl:message name="echoArrayBoolean">
    <wsdl:part name="parameters" element="tns:echoArrayBoolean"></wsdl:part>
  </wsdl:message>
  <wsdl:message name="echoArrayComplexStructResponse">
    <wsdl:part name="parameters" element="tns:echoArrayComplexStructResponse"></wsdl:part>
  </wsdl:message>
  <wsdl:message name="echoArrayShortResponse">
    <wsdl:part name="parameters" element="tns:echoArrayShortResponse"></wsdl:part>
  </wsdl:message>
  <wsdl:message name="echoArrayStringResponse">
    <wsdl:part name="parameters" element="tns:echoArrayStringResponse"></wsdl:part>
  </wsdl:message>
  <wsdl:message name="echoArrayLongLong">
    <wsdl:part name="parameters" element="tns:echoArrayLongLong"></wsdl:part>
  </wsdl:message>
  <wsdl:message name="echoArrayLongLongResponse">
    <wsdl:part name="parameters" element="tns:echoArrayLongLongResponse"></wsdl:part>
  </wsdl:message>
  <wsdl:message name="echoArrayDoubleResponse">
    <wsdl:part name="parameters" element="tns:echoArrayDoubleResponse"></wsdl:part>
  </wsdl:message>
  <wsdl:message name="echoArrayLongResponse">
    <wsdl:part name="parameters" element="tns:echoArrayLongResponse"></wsdl:part>
  </wsdl:message>
  <wsdl:message name="echoArrayCharResponse">
    <wsdl:part name="parameters" element="tns:echoArrayCharResponse"></wsdl:part>
  </wsdl:message>
  <wsdl:portType name="EchoArray">
    <wsdl:operation name="echoArrayChar">
      <wsdl:input name="echoArrayChar" message="tns:echoArrayChar"></wsdl:input>
      <wsdl:output name="echoArrayCharResponse" message="tns:echoArrayCharResponse"></wsdl:output>
    </wsdl:operation>
    <wsdl:operation name="echoArrayWString">
      <wsdl:input name="echoArrayWString" message="tns:echoArrayWString"></wsdl:input>
      <wsdl:output name="echoArrayWStringResponse" message="tns:echoArrayWStringResponse"></wsdl:output>
    </wsdl:operation>
    <wsdl:operation name="echoArrayString">
      <wsdl:input name="echoArrayString" message="tns:echoArrayString"></wsdl:input>
      <wsdl:output name="echoArrayStringResponse" message="tns:echoArrayStringResponse"></wsdl:output>
    </wsdl:operation>
    <wsdl:operation name="echoArrayUnsignedShort">
      <wsdl:input name="echoArrayUnsignedShort" message="tns:echoArrayUnsignedShort"></wsdl:input>
      <wsdl:output name="echoArrayUnsignedShortResponse" message="tns:echoArrayUnsignedShortResponse"></wsdl:output>
    </wsdl:operation>
    <wsdl:operation name="echoArrayFloat">
      <wsdl:input name="echoArrayFloat" message="tns:echoArrayFloat"></wsdl:input>
      <wsdl:output name="echoArrayFloatResponse" message="tns:echoArrayFloatResponse"></wsdl:output>
    </wsdl:operation>
    <wsdl:operation name="echoMatrixString">
      <wsdl:input name="echoMatrixString" message="tns:echoMatrixString"></wsdl:input>
      <wsdl:output name="echoMatrixStringResponse" message="tns:echoMatrixStringResponse"></wsdl:output>
    </wsdl:operation>
    <wsdl:operation name="echoArrayBoolean">
      <wsdl:input name="echoArrayBoolean" message="tns:echoArrayBoolean"></wsdl:input>
      <wsdl:output name="echoArrayBooleanResponse" message="tns:echoArrayBooleanResponse"></wsdl:output>
    </wsdl:operation>
    <wsdl:operation name="echoArrayOctet">
      <wsdl:input name="echoArrayOctet" message="tns:echoArrayOctet"></wsdl:input>
      <wsdl:output name="echoArrayOctetResponse" message="tns:echoArrayOctetResponse"></wsdl:output>
    </wsdl:operation>
    <wsdl:operation name="echoArrayLongLong">
      <wsdl:input name="echoArrayLongLong" message="tns:echoArrayLongLong"></wsdl:input>
      <wsdl:output name="echoArrayLongLongResponse" message="tns:echoArrayLongLongResponse"></wsdl:output>
    </wsdl:operation>
    <wsdl:operation name="echoArrayShort">
      <wsdl:input name="echoArrayShort" message="tns:echoArrayShort"></wsdl:input>
      <wsdl:output name="echoArrayShortResponse" message="tns:echoArrayShortResponse"></wsdl:output>
    </wsdl:operation>
    <wsdl:operation name="echoArrayWChar">
      <wsdl:input name="echoArrayWChar" message="tns:echoArrayWChar"></wsdl:input>
      <wsdl:output name="echoArrayWCharResponse" message="tns:echoArrayWCharResponse"></wsdl:output>
    </wsdl:operation>
    <wsdl:operation name="echoArrayComplexStruct">
      <wsdl:input name="echoArrayComplexStruct" message="tns:echoArrayComplexStruct"></wsdl:input>
      <wsdl:output name="echoArrayComplexStructResponse" message="tns:echoArrayComplexStructResponse"></wsdl:output>
    </wsdl:operation>
    <wsdl:operation name="echoArrayLong">
      <wsdl:input name="echoArrayLong" message="tns:echoArrayLong"></wsdl:input>
      <wsdl:output name="echoArrayLongResponse" message="tns:echoArrayLongResponse"></wsdl:output>
    </wsdl:operation>
    <wsdl:operation name="echoArrayUnsignedLongLong">
      <wsdl:input name="echoArrayUnsignedLongLong" message="tns:echoArrayUnsignedLongLong"></wsdl:input>
      <wsdl:output name="echoArrayUnsignedLongLongResponse" message="tns:echoArrayUnsignedLongLongResponse"></wsdl:output>
    </wsdl:operation>
    <wsdl:operation name="echoArrayUnsignedLong">
      <wsdl:input name="echoArrayUnsignedLong" message="tns:echoArrayUnsignedLong"></wsdl:input>
      <wsdl:output name="echoArrayUnsignedLongResponse" message="tns:echoArrayUnsignedLongResponse"></wsdl:output>
    </wsdl:operation>
    <wsdl:operation name="echoArrayDouble">
      <wsdl:input name="echoArrayDouble" message="tns:echoArrayDouble"></wsdl:input>
      <wsdl:output name="echoArrayDoubleResponse" message="tns:echoArrayDoubleResponse"></wsdl:output>
    </wsdl:operation>
  </wsdl:portType>
  <wsdl:binding name="EchoArrayCorbaBinding" type="tns:EchoArray">
    <soap:binding style="document" transport="http://schemas.xmlsoap.org/soap/http"/>
    <wsdl:operation name="echoArrayChar">
      <soap:operation/>
      <wsdl:input name="echoArrayChar">
        <soap:body use="literal"/>
      </wsdl:input>
      <wsdl:output name="echoArrayCharResponse">
        <soap:body use="literal"/>
      </wsdl:output>
    </wsdl:operation>
    <wsdl:operation name="echoArrayWString">
      <soap:operation/>
      <wsdl:input name="echoArrayWString">
        <soap:body use="literal"/>
      </wsdl:input>
      <wsdl:output name="echoArrayWStringResponse">
        <soap:body use="literal"/>
      </wsdl:output>
    </wsdl:operation>
    <wsdl:operation name="echoArrayString">
      <soap:operation/>
      <wsdl:input name="echoArrayString">
        <soap:body use="literal"/>
      </wsdl:input>
      <wsdl:output name="echoArrayStringResponse">
        <soap:body use="literal"/>
      </wsdl:output>
    </wsdl:operation>
    <wsdl:operation name="echoArrayUnsignedShort">
      <soap:operation/>
      <wsdl:input name="echoArrayUnsignedShort">
        <soap:body use="literal"/>
      </wsdl:input>
      <wsdl:output name="echoArrayUnsignedShortResponse">
        <soap:body use="literal"/>
      </wsdl:output>
    </wsdl:operation>
    <wsdl:operation name="echoArrayFloat">
      <soap:operation/>
      <wsdl:input name="echoArrayFloat">
        <soap:body use="literal"/>
      </wsdl:input>
      <wsdl:output name="echoArrayFloatResponse">
        <soap:body use="literal"/>
      </wsdl:output>
    </wsdl:operation>
    <wsdl:operation name="echoMatrixString">
      <soap:operation/>
      <wsdl:input name="echoMatrixString">
        <soap:body use="literal"/>
      </wsdl:input>
      <wsdl:output name="echoMatrixStringResponse">
        <soap:body use="literal"/>
      </wsdl:output>
    </wsdl:operation>
    <wsdl:operation name="echoArrayBoolean">
      <soap:operation/>
      <wsdl:input name="echoArrayBoolean">
        <soap:body use="literal"/>
      </wsdl:input>
      <wsdl:output name="echoArrayBooleanResponse">
        <soap:body use="literal"/>
      </wsdl:output>
    </wsdl:operation>
    <wsdl:operation name="echoArrayOctet">
      <soap:operation/>
      <wsdl:input name="echoArrayOctet">
        <soap:body use="literal"/>
      </wsdl:input>
      <wsdl:output name="echoArrayOctetResponse">
        <soap:body use="literal"/>
      </wsdl:output>
    </wsdl:operation>
    <wsdl:operation name="echoArrayLongLong">
      <soap:operation/>
      <wsdl:input name="echoArrayLongLong">
        <soap:body use="literal"/>
      </wsdl:input>
      <wsdl:output name="echoArrayLongLongResponse">
        <soap:body use="literal"/>
      </wsdl:output>
    </wsdl:operation>
    <wsdl:operation name="echoArrayShort">
      <soap:operation/>
      <wsdl:input name="echoArrayShort">
        <soap:body use="literal"/>
      </wsdl:input>
      <wsdl:output name="echoArrayShortResponse">
        <soap:body use="literal"/>
      </wsdl:output>
    </wsdl:operation>
    <wsdl:operation name="echoArrayWChar">
      <soap:operation/>
      <wsdl:input name="echoArrayWChar">
        <soap:body use="literal"/>
      </wsdl:input>
      <wsdl:output name="echoArrayWCharResponse">
        <soap:body use="literal"/>
      </wsdl:output>
    </wsdl:operation>
    <wsdl:operation name="echoArrayComplexStruct">
      <soap:operation/>
      <wsdl:input name="echoArrayComplexStruct">
        <soap:body use="literal"/>
      </wsdl:input>
      <wsdl:output name="echoArrayComplexStructResponse">
        <soap:body use="literal"/>
      </wsdl:output>
    </wsdl:operation>
    <wsdl:operation name="echoArrayLong">
      <soap:operation/>
      <wsdl:input name="echoArrayLong">
        <soap:body use="literal"/>
      </wsdl:input>
      <wsdl:output name="echoArrayLongResponse">
        <soap:body use="literal"/>
      </wsdl:output>
    </wsdl:operation>
    <wsdl:operation name="echoArrayUnsignedLongLong">
      <soap:operation/>
      <wsdl:input name="echoArrayUnsignedLongLong">
        <soap:body use="literal"/>
      </wsdl:input>
      <wsdl:output name="echoArrayUnsignedLongLongResponse">
        <soap:body use="literal"/>
      </wsdl:output>
    </wsdl:operation>
    <wsdl:operation name="echoArrayUnsignedLong">
      <soap:operation/>
      <wsdl:input name="echoArrayUnsignedLong">
        <soap:body use="literal"/>
      </wsdl:input>
      <wsdl:output name="echoArrayUnsignedLongResponse">
        <soap:body use="literal"/>
      </wsdl:output>
    </wsdl:operation>
    <wsdl:operation name="echoArrayDouble">
      <soap:operation/>
      <wsdl:input name="echoArrayDouble">
        <soap:body use="literal"/>
      </wsdl:input>
      <wsdl:output name="echoArrayDoubleResponse">
        <soap:body use="literal"/>
      </wsdl:output>
    </wsdl:operation>
  </wsdl:binding>
  <wsdl:service name="EchoArray">
    <wsdl:port name="EchoArrayCorbaPort" binding="tns:EchoArrayCorbaBinding">
      <soap:address location="http://localhost:8192/Service/test-provider-array/"/>
    </wsdl:port>
  </wsdl:service>
  <plnk:partnerLinkType name="EchoArray">
    <plnk:role name="EchoArrayPortTypeRole" portType="tns:EchoArray"/>
  </plnk:partnerLinkType>
</wsdl:definitions>]]></con:content><con:type>http://schemas.xmlsoap.org/wsdl/</con:type></con:part><con:part><con:url>http://localhost:8192/provider-array-http-consumer/TypeDef_testproviderarray.test.jbi4corba.imolinfo.it.xsd</con:url><con:content><![CDATA[<xs:schema attributeFormDefault="qualified" elementFormDefault="qualified" targetNamespace="http://testproviderarray.test.jbi4corba.imolinfo.it/" xmlns:xs="http://www.w3.org/2001/XMLSchema" xmlns="http://testproviderarray.test.jbi4corba.imolinfo.it/">
  <xs:complexType name="complexStruct">
    <xs:sequence>
      <xs:element name="fieldBoolean" type="xs:boolean"/>
      <xs:element name="fieldChar" type="xs:unsignedShort"/>
      <xs:element name="fieldWChar" type="xs:unsignedShort"/>
      <xs:element name="fieldOctet" type="xs:byte"/>
      <xs:element name="fieldString" type="xs:string"/>
      <xs:element name="fieldWString" type="xs:string"/>
      <xs:element name="fieldShort" type="xs:short"/>
      <xs:element name="fieldUnsignedShort" type="xs:short"/>
      <xs:element name="fieldLong" type="xs:int"/>
      <xs:element name="fieldUnsignedLong" type="xs:int"/>
      <xs:element name="fieldLongLong" type="xs:long"/>
      <xs:element name="fieldUnsignedLongLong" type="xs:long"/>
      <xs:element name="fieldFloat" type="xs:float"/>
      <xs:element name="fieldDouble" type="xs:double"/>
    </xs:sequence>
  </xs:complexType>
</xs:schema>]]></con:content><con:type>http://www.w3.org/2001/XMLSchema</con:type></con:part><con:part><con:url>http://localhost:8192/provider-array-http-consumer/TypeDef_array.xsd</con:url><con:content><![CDATA[<xs:schema attributeFormDefault="unqualified" elementFormDefault="unqualified" targetNamespace="http://jaxb.dev.java.net/array" xmlns:xs="http://www.w3.org/2001/XMLSchema" xmlns="http://jaxb.dev.java.net/array">
  <xs:complexType final="#all" name="stringArray">
    <xs:sequence>
      <xs:element maxOccurs="unbounded" minOccurs="0" name="item" nillable="true" type="xs:string"/>
    </xs:sequence>
  </xs:complexType>
</xs:schema>]]></con:content><con:type>http://www.w3.org/2001/XMLSchema</con:type></con:part></con:definitionCache><con:endpoints><con:endpoint>http://localhost:8192/Service/test-provider-array/</con:endpoint><con:endpoint>http://localhost:8192/Service/test-provider-array/</con:endpoint><con:endpoint>http://localhost:8192/Service/test-provider-array/</con:endpoint></con:endpoints><con:operation isOneWay="false" action="" name="echoArrayBoolean" bindingOperationName="echoArrayBoolean" inputName="echoArrayBoolean" outputName="echoArrayBooleanResponse" receivesAttachments="false" sendsAttachments="false" type="Request-Response" anonymous="optional"><con:settings/><con:call name="Request 1"><con:settings/><con:encoding>UTF-8</con:encoding><con:endpoint>http://localhost:8192/Service/test-provider-array/</con:endpoint><con:request><![CDATA[<soapenv:Envelope xmlns:soapenv="http://schemas.xmlsoap.org/soap/envelope/" xmlns:test="urn:jbi4corba/test-provider-array">
   <soapenv:Header/>
   <soapenv:Body>
      <test:echoArrayBoolean>
         <!--Zero or more repetitions:-->
         <test:e>false</test:e>
	 <test:e>true</test:e>
      </test:echoArrayBoolean>
   </soapenv:Body>
</soapenv:Envelope>]]></con:request><con:wsaConfig mustUnderstand="NONE" version="200508" action="urn:jbi4corba/test-provider-array/EchoArray/echoArrayBoolean"/></con:call></con:operation><con:operation isOneWay="false" action="" name="echoArrayChar" bindingOperationName="echoArrayChar" inputName="echoArrayChar" outputName="echoArrayCharResponse" receivesAttachments="false" sendsAttachments="false" type="Request-Response" anonymous="optional"><con:settings/><con:call name="Request 1"><con:settings/><con:encoding>UTF-8</con:encoding><con:endpoint>http://localhost:8192/Service/test-provider-array/</con:endpoint><con:request><![CDATA[<soapenv:Envelope xmlns:soapenv="http://schemas.xmlsoap.org/soap/envelope/" xmlns:test="urn:jbi4corba/test-provider-array">
   <soapenv:Header/>
   <soapenv:Body>
      <test:echoArrayChar>
         <!--Zero or more repetitions:-->
         <test:e>1</test:e>
         <test:e>2</test:e>
      </test:echoArrayChar>
   </soapenv:Body>
</soapenv:Envelope>]]></con:request><con:wsaConfig mustUnderstand="NONE" version="200508"/></con:call></con:operation><con:operation isOneWay="false" action="" name="echoArrayComplexStruct" bindingOperationName="echoArrayComplexStruct" inputName="echoArrayComplexStruct" outputName="echoArrayComplexStructResponse" receivesAttachments="false" sendsAttachments="false" type="Request-Response" anonymous="optional"><con:settings/><con:call name="Request 1"><con:settings/><con:encoding>UTF-8</con:encoding><con:endpoint>http://localhost:8192/Service/test-provider-array/</con:endpoint><con:request><![CDATA[<soapenv:Envelope xmlns:soapenv="http://schemas.xmlsoap.org/soap/envelope/" xmlns:test="urn:jbi4corba/test-provider-array" xmlns:tes="http://testproviderarray.test.jbi4corba.imolinfo.it/">
   <soapenv:Header/>
   <soapenv:Body>
      <test:echoArrayComplexStruct>
         <!--Zero or more repetitions:-->
         <test:e>
            <tes:fieldBoolean>true</tes:fieldBoolean>
            <tes:fieldChar>4</tes:fieldChar>
            <tes:fieldWChar>2</tes:fieldWChar>
            <tes:fieldOctet>5</tes:fieldOctet>
            <!--Optional:-->
            <tes:fieldString>s</tes:fieldString>
            <!--Optional:-->
            <tes:fieldWString>wstring</tes:fieldWString>
            <tes:fieldShort>6</tes:fieldShort>
            <tes:fieldUnsignedShort>9</tes:fieldUnsignedShort>
            <tes:fieldLong>3</tes:fieldLong>
            <tes:fieldUnsignedLong>7</tes:fieldUnsignedLong>
            <tes:fieldLongLong>4</tes:fieldLongLong>
            <tes:fieldUnsignedLongLong>8</tes:fieldUnsignedLongLong>
            <tes:fieldFloat>2.0</tes:fieldFloat>
            <tes:fieldDouble>1.0</tes:fieldDouble>
         </test:e>
	<test:e>
            <tes:fieldBoolean>true</tes:fieldBoolean>
            <tes:fieldChar>4</tes:fieldChar>
            <tes:fieldWChar>2</tes:fieldWChar>
            <tes:fieldOctet>5</tes:fieldOctet>
            <!--Optional:-->
            <tes:fieldString>s</tes:fieldString>
            <!--Optional:-->
            <tes:fieldWString>wstring</tes:fieldWString>
            <tes:fieldShort>6</tes:fieldShort>
            <tes:fieldUnsignedShort>9</tes:fieldUnsignedShort>
            <tes:fieldLong>3</tes:fieldLong>
            <tes:fieldUnsignedLong>7</tes:fieldUnsignedLong>
            <tes:fieldLongLong>4</tes:fieldLongLong>
            <tes:fieldUnsignedLongLong>8</tes:fieldUnsignedLongLong>
            <tes:fieldFloat>2.0</tes:fieldFloat>
            <tes:fieldDouble>1.0</tes:fieldDouble>
         </test:e>
      </test:echoArrayComplexStruct>
   </soapenv:Body>
</soapenv:Envelope>]]></con:request><con:wsaConfig mustUnderstand="NONE" version="200508"/></con:call></con:operation><con:operation isOneWay="false" action="" name="echoArrayDouble" bindingOperationName="echoArrayDouble" inputName="echoArrayDouble" outputName="echoArrayDoubleResponse" receivesAttachments="false" sendsAttachments="false" type="Request-Response" anonymous="optional"><con:settings/><con:call name="Request 1"><con:settings/><con:encoding>UTF-8</con:encoding><con:endpoint>http://localhost:8192/Service/test-provider-array/</con:endpoint><con:request><![CDATA[<soapenv:Envelope xmlns:soapenv="http://schemas.xmlsoap.org/soap/envelope/" xmlns:test="urn:jbi4corba/test-provider-array">
   <soapenv:Header/>
   <soapenv:Body>
      <test:echoArrayDouble>
         <!--Zero or more repetitions:-->
         <test:e>1.0</test:e>
         <test:e>2.0</test:e>
      </test:echoArrayDouble>
   </soapenv:Body>
</soapenv:Envelope>]]></con:request><con:wsaConfig mustUnderstand="NONE" version="200508"/></con:call></con:operation><con:operation isOneWay="false" action="" name="echoArrayFloat" bindingOperationName="echoArrayFloat" inputName="echoArrayFloat" outputName="echoArrayFloatResponse" receivesAttachments="false" sendsAttachments="false" type="Request-Response" anonymous="optional"><con:settings/><con:call name="Request 1"><con:settings/><con:encoding>UTF-8</con:encoding><con:endpoint>http://localhost:8192/Service/test-provider-array/</con:endpoint><con:request><![CDATA[<soapenv:Envelope xmlns:soapenv="http://schemas.xmlsoap.org/soap/envelope/" xmlns:test="urn:jbi4corba/test-provider-array">
   <soapenv:Header/>
   <soapenv:Body>
      <test:echoArrayFloat>
         <!--Zero or more repetitions:-->
         <test:e>3</test:e>
         <test:e>4</test:e>
      </test:echoArrayFloat>
   </soapenv:Body>
</soapenv:Envelope>]]></con:request><con:wsaConfig mustUnderstand="NONE" version="200508"/></con:call></con:operation><con:operation isOneWay="false" action="" name="echoArrayLong" bindingOperationName="echoArrayLong" inputName="echoArrayLong" outputName="echoArrayLongResponse" receivesAttachments="false" sendsAttachments="false" type="Request-Response" anonymous="optional"><con:settings/><con:call name="Request 1"><con:settings/><con:encoding>UTF-8</con:encoding><con:endpoint>http://localhost:8192/Service/test-provider-array/</con:endpoint><con:request><![CDATA[<soapenv:Envelope xmlns:soapenv="http://schemas.xmlsoap.org/soap/envelope/" xmlns:test="urn:jbi4corba/test-provider-array">
   <soapenv:Header/>
   <soapenv:Body>
      <test:echoArrayLong>
         <!--Zero or more repetitions:-->
         <test:e>100</test:e>
         <test:e>200</test:e>
      </test:echoArrayLong>
   </soapenv:Body>
</soapenv:Envelope>]]></con:request><con:wsaConfig mustUnderstand="NONE" version="200508"/></con:call><con:call name="Request 1"><con:settings/><con:encoding>UTF-8</con:encoding><con:endpoint>http://localhost:8192/Service/test-provider-array/</con:endpoint><con:request><![CDATA[<soapenv:Envelope xmlns:soapenv="http://schemas.xmlsoap.org/soap/envelope/" xmlns:test="urn:jbi4corba/test-provider-array">
   <soapenv:Header/>
   <soapenv:Body>
      <test:echoArrayLong>
         <!--Zero or more repetitions:-->
         <test:e>?</test:e>
      </test:echoArrayLong>
   </soapenv:Body>
</soapenv:Envelope>]]></con:request><con:wsaConfig mustUnderstand="NONE" version="200508" action="urn:jbi4corba/test-provider-array/EchoArray/echoArrayLong"/></con:call></con:operation><con:operation isOneWay="false" action="" name="echoArrayLongLong" bindingOperationName="echoArrayLongLong" inputName="echoArrayLongLong" outputName="echoArrayLongLongResponse" receivesAttachments="false" sendsAttachments="false" type="Request-Response" anonymous="optional"><con:settings/><con:call name="Request 1"><con:settings/><con:encoding>UTF-8</con:encoding><con:endpoint>http://localhost:8192/Service/test-provider-array/</con:endpoint><con:request><![CDATA[<soapenv:Envelope xmlns:soapenv="http://schemas.xmlsoap.org/soap/envelope/" xmlns:test="urn:jbi4corba/test-provider-array">
   <soapenv:Header/>
   <soapenv:Body>
      <test:echoArrayLongLong>
         <!--Zero or more repetitions:-->
         <test:e>100</test:e>
         <test:e>200</test:e>
      </test:echoArrayLongLong>
   </soapenv:Body>
</soapenv:Envelope>]]></con:request><con:wsaConfig mustUnderstand="NONE" version="200508"/></con:call><con:call name="Request 1"><con:settings/><con:encoding>UTF-8</con:encoding><con:endpoint>http://localhost:8192/Service/test-provider-array/</con:endpoint><con:request><![CDATA[<soapenv:Envelope xmlns:soapenv="http://schemas.xmlsoap.org/soap/envelope/" xmlns:test="urn:jbi4corba/test-provider-array">
   <soapenv:Header/>
   <soapenv:Body>
      <test:echoArrayLongLong>
         <!--Zero or more repetitions:-->
         <test:e>?</test:e>
      </test:echoArrayLongLong>
   </soapenv:Body>
</soapenv:Envelope>]]></con:request><con:wsaConfig mustUnderstand="NONE" version="200508" action="urn:jbi4corba/test-provider-array/EchoArray/echoArrayLongLong"/></con:call></con:operation><con:operation isOneWay="false" action="" name="echoArrayShort" bindingOperationName="echoArrayShort" inputName="echoArrayShort" outputName="echoArrayShortResponse" receivesAttachments="false" sendsAttachments="false" type="Request-Response" anonymous="optional"><con:settings/><con:call name="Request 1"><con:settings/><con:encoding>UTF-8</con:encoding><con:endpoint>http://localhost:8192/Service/test-provider-array/</con:endpoint><con:request><![CDATA[<soapenv:Envelope xmlns:soapenv="http://schemas.xmlsoap.org/soap/envelope/" xmlns:test="urn:jbi4corba/test-provider-array">
   <soapenv:Header/>
   <soapenv:Body>
      <test:echoArrayShort>
         <!--Zero or more repetitions:-->
         <test:e>5</test:e>
         <test:e>6</test:e>
      </test:echoArrayShort>
   </soapenv:Body>
</soapenv:Envelope>]]></con:request><con:wsaConfig mustUnderstand="NONE" version="200508"/></con:call><con:call name="Request 1"><con:settings/><con:encoding>UTF-8</con:encoding><con:endpoint>http://localhost:8192/Service/test-provider-array/</con:endpoint><con:request><![CDATA[<soapenv:Envelope xmlns:soapenv="http://schemas.xmlsoap.org/soap/envelope/" xmlns:test="urn:jbi4corba/test-provider-array">
   <soapenv:Header/>
   <soapenv:Body>
      <test:echoArrayShort>
         <!--Zero or more repetitions:-->
         <test:e>?</test:e>
      </test:echoArrayShort>
   </soapenv:Body>
</soapenv:Envelope>]]></con:request><con:wsaConfig mustUnderstand="NONE" version="200508" action="urn:jbi4corba/test-provider-array/EchoArray/echoArrayShort"/></con:call></con:operation><con:operation isOneWay="false" action="" name="echoArrayString" bindingOperationName="echoArrayString" inputName="echoArrayString" outputName="echoArrayStringResponse" receivesAttachments="false" sendsAttachments="false" type="Request-Response" anonymous="optional"><con:settings/><con:call name="Request 1"><con:settings/><con:encoding>UTF-8</con:encoding><con:endpoint>http://localhost:8192/Service/test-provider-array/</con:endpoint><con:request><![CDATA[<soapenv:Envelope xmlns:soapenv="http://schemas.xmlsoap.org/soap/envelope/" xmlns:test="urn:jbi4corba/test-provider-array">
   <soapenv:Header/>
   <soapenv:Body>
      <test:echoArrayString>
         <!--Zero or more repetitions:-->
         <test:e>string1</test:e>
         <test:e>string2</test:e>
      </test:echoArrayString>
   </soapenv:Body>
</soapenv:Envelope>]]></con:request><con:wsaConfig mustUnderstand="NONE" version="200508"/></con:call><con:call name="Request 1"><con:settings/><con:encoding>UTF-8</con:encoding><con:endpoint>http://localhost:8192/Service/test-provider-array/</con:endpoint><con:request><![CDATA[<soapenv:Envelope xmlns:soapenv="http://schemas.xmlsoap.org/soap/envelope/" xmlns:test="urn:jbi4corba/test-provider-array">
   <soapenv:Header/>
   <soapenv:Body>
      <test:echoArrayString>
         <!--Zero or more repetitions:-->
         <test:e>?</test:e>
      </test:echoArrayString>
   </soapenv:Body>
</soapenv:Envelope>]]></con:request><con:wsaConfig mustUnderstand="NONE" version="200508" action="urn:jbi4corba/test-provider-array/EchoArray/echoArrayString"/></con:call></con:operation><con:operation isOneWay="false" action="" name="echoArrayUnsignedLong" bindingOperationName="echoArrayUnsignedLong" inputName="echoArrayUnsignedLong" outputName="echoArrayUnsignedLongResponse" receivesAttachments="false" sendsAttachments="false" type="Request-Response" anonymous="optional"><con:settings/><con:call name="Request 1"><con:settings/><con:encoding>UTF-8</con:encoding><con:endpoint>http://localhost:8192/Service/test-provider-array/</con:endpoint><con:request><![CDATA[<soapenv:Envelope xmlns:soapenv="http://schemas.xmlsoap.org/soap/envelope/" xmlns:test="urn:jbi4corba/test-provider-array">
   <soapenv:Header/>
   <soapenv:Body>
      <test:echoArrayUnsignedLong>
         <!--Zero or more repetitions:-->
         <test:e>100</test:e>
         <test:e>200</test:e>
      </test:echoArrayUnsignedLong>
   </soapenv:Body>
</soapenv:Envelope>]]></con:request><con:wsaConfig mustUnderstand="NONE" version="200508"/></con:call><con:call name="Request 1"><con:settings/><con:encoding>UTF-8</con:encoding><con:endpoint>http://localhost:8192/Service/test-provider-array/</con:endpoint><con:request><![CDATA[<soapenv:Envelope xmlns:soapenv="http://schemas.xmlsoap.org/soap/envelope/" xmlns:test="urn:jbi4corba/test-provider-array">
   <soapenv:Header/>
   <soapenv:Body>
      <test:echoArrayUnsignedLong>
         <!--Zero or more repetitions:-->
         <test:e>?</test:e>
      </test:echoArrayUnsignedLong>
   </soapenv:Body>
</soapenv:Envelope>]]></con:request><con:wsaConfig mustUnderstand="NONE" version="200508" action="urn:jbi4corba/test-provider-array/EchoArray/echoArrayUnsignedLong"/></con:call></con:operation><con:operation isOneWay="false" action="" name="echoArrayUnsignedLongLong" bindingOperationName="echoArrayUnsignedLongLong" inputName="echoArrayUnsignedLongLong" outputName="echoArrayUnsignedLongLongResponse" receivesAttachments="false" sendsAttachments="false" type="Request-Response" anonymous="optional"><con:settings/><con:call name="Request 1"><con:settings/><con:encoding>UTF-8</con:encoding><con:endpoint>http://localhost:8192/Service/test-provider-array/</con:endpoint><con:request><![CDATA[<soapenv:Envelope xmlns:soapenv="http://schemas.xmlsoap.org/soap/envelope/" xmlns:test="urn:jbi4corba/test-provider-array">
   <soapenv:Header/>
   <soapenv:Body>
      <test:echoArrayUnsignedLongLong>
         <!--Zero or more repetitions:-->
         <test:e>100</test:e>
         <test:e>200</test:e>
      </test:echoArrayUnsignedLongLong>
   </soapenv:Body>
</soapenv:Envelope>]]></con:request><con:wsaConfig mustUnderstand="NONE" version="200508"/></con:call><con:call name="Request 1"><con:settings/><con:encoding>UTF-8</con:encoding><con:endpoint>http://localhost:8192/Service/test-provider-array/</con:endpoint><con:request><![CDATA[<soapenv:Envelope xmlns:soapenv="http://schemas.xmlsoap.org/soap/envelope/" xmlns:test="urn:jbi4corba/test-provider-array">
   <soapenv:Header/>
   <soapenv:Body>
      <test:echoArrayUnsignedLongLong>
         <!--Zero or more repetitions:-->
         <test:e>?</test:e>
      </test:echoArrayUnsignedLongLong>
   </soapenv:Body>
</soapenv:Envelope>]]></con:request><con:wsaConfig mustUnderstand="NONE" version="200508" action="urn:jbi4corba/test-provider-array/EchoArray/echoArrayUnsignedLongLong"/></con:call></con:operation><con:operation isOneWay="false" action="" name="echoArrayUnsignedShort" bindingOperationName="echoArrayUnsignedShort" inputName="echoArrayUnsignedShort" outputName="echoArrayUnsignedShortResponse" receivesAttachments="false" sendsAttachments="false" type="Request-Response" anonymous="optional"><con:settings/><con:call name="Request 1"><con:settings/><con:encoding>UTF-8</con:encoding><con:endpoint>http://localhost:8192/Service/test-provider-array/</con:endpoint><con:request><![CDATA[<soapenv:Envelope xmlns:soapenv="http://schemas.xmlsoap.org/soap/envelope/" xmlns:test="urn:jbi4corba/test-provider-array">
   <soapenv:Header/>
   <soapenv:Body>
      <test:echoArrayUnsignedShort>
         <!--Zero or more repetitions:-->
         <test:e>1</test:e>
         <test:e>2</test:e>
      </test:echoArrayUnsignedShort>
   </soapenv:Body>
</soapenv:Envelope>]]></con:request><con:wsaConfig mustUnderstand="NONE" version="200508"/></con:call><con:call name="Request 1"><con:settings/><con:encoding>UTF-8</con:encoding><con:endpoint>http://localhost:8192/Service/test-provider-array/</con:endpoint><con:request><![CDATA[<soapenv:Envelope xmlns:soapenv="http://schemas.xmlsoap.org/soap/envelope/" xmlns:test="urn:jbi4corba/test-provider-array">
   <soapenv:Header/>
   <soapenv:Body>
      <test:echoArrayUnsignedShort>
         <!--Zero or more repetitions:-->
         <test:e>?</test:e>
      </test:echoArrayUnsignedShort>
   </soapenv:Body>
</soapenv:Envelope>]]></con:request><con:wsaConfig mustUnderstand="NONE" version="200508" action="urn:jbi4corba/test-provider-array/EchoArray/echoArrayUnsignedShort"/></con:call></con:operation><con:operation isOneWay="false" action="" name="echoArrayWChar" bindingOperationName="echoArrayWChar" inputName="echoArrayWChar" outputName="echoArrayWCharResponse" receivesAttachments="false" sendsAttachments="false" type="Request-Response" anonymous="optional"><con:settings/><con:call name="Request 1"><con:settings/><con:encoding>UTF-8</con:encoding><con:endpoint>http://localhost:8192/Service/test-provider-array/</con:endpoint><con:request><![CDATA[<soapenv:Envelope xmlns:soapenv="http://schemas.xmlsoap.org/soap/envelope/" xmlns:test="urn:jbi4corba/test-provider-array">
   <soapenv:Header/>
   <soapenv:Body>
      <test:echoArrayWChar>
         <!--Zero or more repetitions:-->
         <test:e>1</test:e>
         
	<test:e>2</test:e>
      </test:echoArrayWChar>
   </soapenv:Body>
</soapenv:Envelope>]]></con:request><con:wsaConfig mustUnderstand="NONE" version="200508"/></con:call><con:call name="Request 1"><con:settings/><con:encoding>UTF-8</con:encoding><con:endpoint>http://localhost:8192/Service/test-provider-array/</con:endpoint><con:request><![CDATA[<soapenv:Envelope xmlns:soapenv="http://schemas.xmlsoap.org/soap/envelope/" xmlns:test="urn:jbi4corba/test-provider-array">
   <soapenv:Header/>
   <soapenv:Body>
      <test:echoArrayWChar>
         <!--Zero or more repetitions:-->
         <test:e>?</test:e>
      </test:echoArrayWChar>
   </soapenv:Body>
</soapenv:Envelope>]]></con:request><con:wsaConfig mustUnderstand="NONE" version="200508" action="urn:jbi4corba/test-provider-array/EchoArray/echoArrayWChar"/></con:call></con:operation><con:operation isOneWay="false" action="" name="echoArrayWString" bindingOperationName="echoArrayWString" inputName="echoArrayWString" outputName="echoArrayWStringResponse" receivesAttachments="false" sendsAttachments="false" type="Request-Response" anonymous="optional"><con:settings/><con:call name="Request 1"><con:settings/><con:encoding>UTF-8</con:encoding><con:endpoint>http://localhost:8192/Service/test-provider-array/</con:endpoint><con:request><![CDATA[<soapenv:Envelope xmlns:soapenv="http://schemas.xmlsoap.org/soap/envelope/" xmlns:test="urn:jbi4corba/test-provider-array">
   <soapenv:Header/>
   <soapenv:Body>
      <test:echoArrayWString>
         <!--Zero or more repetitions:-->
         <test:e>wString1</test:e>
         <test:e>wString2</test:e>
      </test:echoArrayWString>
   </soapenv:Body>
</soapenv:Envelope>]]></con:request><con:wsaConfig mustUnderstand="NONE" version="200508"/></con:call><con:call name="Request 1"><con:settings/><con:encoding>UTF-8</con:encoding><con:endpoint>http://localhost:8192/Service/test-provider-array/</con:endpoint><con:request><![CDATA[<soapenv:Envelope xmlns:soapenv="http://schemas.xmlsoap.org/soap/envelope/" xmlns:test="urn:jbi4corba/test-provider-array">
   <soapenv:Header/>
   <soapenv:Body>
      <test:echoArrayWString>
         <!--Zero or more repetitions:-->
         <test:e>?</test:e>
      </test:echoArrayWString>
   </soapenv:Body>
</soapenv:Envelope>]]></con:request><con:wsaConfig mustUnderstand="NONE" version="200508" action="urn:jbi4corba/test-provider-array/EchoArray/echoArrayWString"/></con:call></con:operation><con:operation isOneWay="false" action="" name="echoMatrixString" bindingOperationName="echoMatrixString" inputName="echoMatrixString" outputName="echoMatrixStringResponse" receivesAttachments="false" sendsAttachments="false" type="Request-Response" anonymous="optional"><con:settings/><con:call name="Request 1"><con:settings/><con:encoding>UTF-8</con:encoding><con:endpoint>http://localhost:8192/Service/test-provider-array/</con:endpoint><con:request><![CDATA[<soapenv:Envelope xmlns:soapenv="http://schemas.xmlsoap.org/soap/envelope/" xmlns:test="urn:jbi4corba/test-provider-array">
   <soapenv:Header/>
   <soapenv:Body>
      <test:echoMatrixString>
         <!--Zero or more repetitions:-->
         <test:e>
            <!--Zero or more repetitions:-->
            <item>x</item>
            <item>y</item>
         </test:e>
         <test:e>
            <!--Zero or more repetitions:-->
            <item>t</item>
            <item>z</item>
         </test:e>
      </test:echoMatrixString>
   </soapenv:Body>
</soapenv:Envelope>]]></con:request><con:wsaConfig mustUnderstand="NONE" version="200508"/></con:call><con:call name="Request 1"><con:settings/><con:encoding>UTF-8</con:encoding><con:endpoint>http://localhost:8192/Service/test-provider-array/</con:endpoint><con:request><![CDATA[<soapenv:Envelope xmlns:soapenv="http://schemas.xmlsoap.org/soap/envelope/" xmlns:test="urn:jbi4corba/test-provider-array">
   <soapenv:Header/>
   <soapenv:Body>
      <test:echoMatrixString>
         <!--Zero or more repetitions:-->
         <test:e>
            <!--Zero or more repetitions:-->
            <item>?</item>
         </test:e>
      </test:echoMatrixString>
   </soapenv:Body>
</soapenv:Envelope>]]></con:request><con:wsaConfig mustUnderstand="NONE" version="200508" action="urn:jbi4corba/test-provider-array/EchoArray/echoMatrixString"/></con:call></con:operation><con:operation isOneWay="false" action="" name="echoArrayOctet" bindingOperationName="echoArrayOctet" type="Request-Response" outputName="echoArrayOctetResponse" inputName="echoArrayOctet" receivesAttachments="false" sendsAttachments="false" anonymous="optional"><con:settings/><con:call name="Request 1"><con:settings/><con:encoding>UTF-8</con:encoding><con:endpoint>http://localhost:8192/Service/test-provider-array/</con:endpoint><con:request><![CDATA[<soapenv:Envelope xmlns:soapenv="http://schemas.xmlsoap.org/soap/envelope/" xmlns:test="urn:jbi4corba/test-provider-array">
   <soapenv:Header/>
   <soapenv:Body>
      <test:echoArrayOctet>
         <test:e>MTI=</test:e>
      </test:echoArrayOctet>
   </soapenv:Body>
</soapenv:Envelope>]]></con:request><con:wsaConfig mustUnderstand="NONE" version="200508" action="urn:jbi4corba/test-provider-array/EchoArray/echoArrayOctet"/></con:call></con:operation></con:interface><con:testSuite name="testsuite-provider-array"><con:settings/><con:runType>SEQUENTIAL</con:runType><con:testCase failOnError="true" failTestCaseOnErrors="true" keepSession="false" name="EchoArrayCorbaBinding TestSuite" searchProperties="true" maxResults="0" id="3f26ba9f-ed80-4fb6-bff4-46bd25b739ec"><con:settings/><con:testStep type="request" name="echoArrayBoolean"><con:settings/><con:config xsi:type="con:RequestStep" xmlns:xsi="http://www.w3.org/2001/XMLSchema-instance"><con:interface>EchoArrayCorbaBinding</con:interface><con:operation>echoArrayBoolean</con:operation><con:request name="echoArrayBoolean" wssPasswordType=""><con:settings><con:setting id="com.eviware.soapui.impl.wsdl.WsdlRequest@request-headers">&lt;xml-fragment/></con:setting></con:settings><con:encoding>UTF-8</con:encoding><con:endpoint>http://localhost:8192/Service/test-provider-array/</con:endpoint><con:request><![CDATA[<soapenv:Envelope xmlns:soapenv="http://schemas.xmlsoap.org/soap/envelope/" xmlns:test="urn:jbi4corba/test-provider-array">
   <soapenv:Header/>
   <soapenv:Body>
      <test:echoArrayBoolean>
         <!--Zero or more repetitions:-->
         <test:e>true</test:e>
	 <test:e>false</test:e>
      </test:echoArrayBoolean>
   </soapenv:Body>
</soapenv:Envelope>]]></con:request><con:assertion type="SOAP Response"/><con:assertion type="Schema Compliance"><con:configuration/></con:assertion><con:assertion type="SOAP Fault Assertion"/><con:wsaConfig mustUnderstand="NONE" version="200508"/></con:request></con:config></con:testStep><con:testStep type="request" name="echoArrayChar"><con:settings/><con:config xsi:type="con:RequestStep" xmlns:xsi="http://www.w3.org/2001/XMLSchema-instance"><con:interface>EchoArrayCorbaBinding</con:interface><con:operation>echoArrayChar</con:operation><con:request name="echoArrayChar" wssPasswordType=""><con:settings><con:setting id="com.eviware.soapui.impl.wsdl.WsdlRequest@request-headers">&lt;xml-fragment/></con:setting></con:settings><con:encoding>UTF-8</con:encoding><con:endpoint>http://localhost:8192/Service/test-provider-array/</con:endpoint><con:request><![CDATA[<soapenv:Envelope xmlns:soapenv="http://schemas.xmlsoap.org/soap/envelope/" xmlns:test="urn:jbi4corba/test-provider-array">
   <soapenv:Header/>
   <soapenv:Body>
      <test:echoArrayChar>
         <!--Zero or more repetitions:-->
         <test:e>1</test:e>
	 <test:e>2</test:e>
      </test:echoArrayChar>
   </soapenv:Body>
</soapenv:Envelope>]]></con:request><con:assertion type="SOAP Response"/><con:assertion type="Schema Compliance"><con:configuration/></con:assertion><con:assertion type="SOAP Fault Assertion"/><con:wsaConfig mustUnderstand="NONE" version="200508"/></con:request></con:config></con:testStep><con:testStep type="request" name="echoArrayComplexStruct"><con:settings/><con:config xsi:type="con:RequestStep" xmlns:xsi="http://www.w3.org/2001/XMLSchema-instance"><con:interface>EchoArrayCorbaBinding</con:interface><con:operation>echoArrayComplexStruct</con:operation><con:request name="echoArrayComplexStruct" wssPasswordType=""><con:settings><con:setting id="com.eviware.soapui.impl.wsdl.WsdlRequest@request-headers">&lt;xml-fragment/></con:setting></con:settings><con:encoding>UTF-8</con:encoding><con:endpoint>http://localhost:8192/Service/test-provider-array/</con:endpoint><con:request><![CDATA[<soapenv:Envelope xmlns:soapenv="http://schemas.xmlsoap.org/soap/envelope/" xmlns:test="urn:jbi4corba/test-provider-array" xmlns:tes="http://testproviderarray.test.jbi4corba.imolinfo.it/">
   <soapenv:Header/>
   <soapenv:Body>
      <test:echoArrayComplexStruct>
         <!--Zero or more repetitions:-->
         <test:e>
            <tes:fieldBoolean>true</tes:fieldBoolean>
            <tes:fieldChar>1</tes:fieldChar>
            <tes:fieldWChar>1</tes:fieldWChar>
            <tes:fieldOctet>5</tes:fieldOctet>
            <!--Optional:-->
            <tes:fieldString>s</tes:fieldString>
            <!--Optional:-->
            <tes:fieldWString>wstring</tes:fieldWString>
            <tes:fieldShort>6</tes:fieldShort>
            <tes:fieldUnsignedShort>9</tes:fieldUnsignedShort>
            <tes:fieldLong>3</tes:fieldLong>
            <tes:fieldUnsignedLong>7</tes:fieldUnsignedLong>
            <tes:fieldLongLong>4</tes:fieldLongLong>
            <tes:fieldUnsignedLongLong>8</tes:fieldUnsignedLongLong>
            <tes:fieldFloat>2.0</tes:fieldFloat>
            <tes:fieldDouble>1.0</tes:fieldDouble>
         </test:e>
	<test:e>
            <tes:fieldBoolean>true</tes:fieldBoolean>
            <tes:fieldChar>1</tes:fieldChar>
            <tes:fieldWChar>1</tes:fieldWChar>
            <tes:fieldOctet>5</tes:fieldOctet>
            <!--Optional:-->
            <tes:fieldString>s</tes:fieldString>
            <!--Optional:-->
            <tes:fieldWString>wstring</tes:fieldWString>
            <tes:fieldShort>6</tes:fieldShort>
            <tes:fieldUnsignedShort>9</tes:fieldUnsignedShort>
            <tes:fieldLong>3</tes:fieldLong>
            <tes:fieldUnsignedLong>7</tes:fieldUnsignedLong>
            <tes:fieldLongLong>4</tes:fieldLongLong>
            <tes:fieldUnsignedLongLong>8</tes:fieldUnsignedLongLong>
            <tes:fieldFloat>2.0</tes:fieldFloat>
            <tes:fieldDouble>1.0</tes:fieldDouble>
         </test:e>
      </test:echoArrayComplexStruct>
   </soapenv:Body>
</soapenv:Envelope>]]></con:request><con:assertion type="SOAP Response"/><con:assertion type="Schema Compliance"><con:configuration/></con:assertion><con:assertion type="SOAP Fault Assertion"/><con:wsaConfig mustUnderstand="NONE" version="200508"/></con:request></con:config></con:testStep><con:testStep type="request" name="echoArrayDouble"><con:settings/><con:config xsi:type="con:RequestStep" xmlns:xsi="http://www.w3.org/2001/XMLSchema-instance"><con:interface>EchoArrayCorbaBinding</con:interface><con:operation>echoArrayDouble</con:operation><con:request name="echoArrayDouble" wssPasswordType=""><con:settings><con:setting id="com.eviware.soapui.impl.wsdl.WsdlRequest@request-headers">&lt;xml-fragment/></con:setting></con:settings><con:encoding>UTF-8</con:encoding><con:endpoint>http://localhost:8192/Service/test-provider-array/</con:endpoint><con:request><![CDATA[<soapenv:Envelope xmlns:soapenv="http://schemas.xmlsoap.org/soap/envelope/" xmlns:test="urn:jbi4corba/test-provider-array">
   <soapenv:Header/>
   <soapenv:Body>
      <test:echoArrayDouble>
         <!--Zero or more repetitions:-->
         <test:e>1.0</test:e>
	 <test:e>2.0</test:e>
      </test:echoArrayDouble>
   </soapenv:Body>
</soapenv:Envelope>]]></con:request><con:assertion type="SOAP Response"/><con:assertion type="Schema Compliance"><con:configuration/></con:assertion><con:assertion type="SOAP Fault Assertion"/><con:wsaConfig mustUnderstand="NONE" version="200508"/></con:request></con:config></con:testStep><con:testStep type="request" name="echoArrayFloat"><con:settings/><con:config xsi:type="con:RequestStep" xmlns:xsi="http://www.w3.org/2001/XMLSchema-instance"><con:interface>EchoArrayCorbaBinding</con:interface><con:operation>echoArrayFloat</con:operation><con:request name="echoArrayFloat" wssPasswordType=""><con:settings><con:setting id="com.eviware.soapui.impl.wsdl.WsdlRequest@request-headers">&lt;xml-fragment/></con:setting></con:settings><con:encoding>UTF-8</con:encoding><con:endpoint>http://localhost:8192/Service/test-provider-array/</con:endpoint><con:request><![CDATA[<soapenv:Envelope xmlns:soapenv="http://schemas.xmlsoap.org/soap/envelope/" xmlns:test="urn:jbi4corba/test-provider-array">
   <soapenv:Header/>
   <soapenv:Body>
      <test:echoArrayFloat>
         <!--Zero or more repetitions:-->
         <test:e>3</test:e>
         <test:e>4</test:e>
      </test:echoArrayFloat>
   </soapenv:Body>
</soapenv:Envelope>]]></con:request><con:assertion type="SOAP Response"/><con:assertion type="Schema Compliance"><con:configuration/></con:assertion><con:assertion type="SOAP Fault Assertion"/><con:wsaConfig mustUnderstand="NONE" version="200508"/></con:request></con:config></con:testStep><con:testStep type="request" name="echoArrayLong"><con:settings/><con:config xsi:type="con:RequestStep" xmlns:xsi="http://www.w3.org/2001/XMLSchema-instance"><con:interface>EchoArrayCorbaBinding</con:interface><con:operation>echoArrayLong</con:operation><con:request name="echoArrayLong" wssPasswordType=""><con:settings><con:setting id="com.eviware.soapui.impl.wsdl.WsdlRequest@request-headers">&lt;xml-fragment/></con:setting></con:settings><con:encoding>UTF-8</con:encoding><con:endpoint>http://localhost:8192/Service/test-provider-array/</con:endpoint><con:request><![CDATA[<soapenv:Envelope xmlns:soapenv="http://schemas.xmlsoap.org/soap/envelope/" xmlns:test="urn:jbi4corba/test-provider-array">
   <soapenv:Header/>
   <soapenv:Body>
      <test:echoArrayLong>
         <!--Zero or more repetitions:-->
         <test:e>100</test:e>
	 <test:e>200</test:e>
      </test:echoArrayLong>
   </soapenv:Body>
</soapenv:Envelope>]]></con:request><con:assertion type="SOAP Response"/><con:assertion type="Schema Compliance"><con:configuration/></con:assertion><con:assertion type="SOAP Fault Assertion"/><con:wsaConfig mustUnderstand="NONE" version="200508"/></con:request></con:config></con:testStep><con:testStep type="request" name="echoArrayLongLong"><con:settings/><con:config xsi:type="con:RequestStep" xmlns:xsi="http://www.w3.org/2001/XMLSchema-instance"><con:interface>EchoArrayCorbaBinding</con:interface><con:operation>echoArrayLongLong</con:operation><con:request name="echoArrayLongLong" wssPasswordType=""><con:settings><con:setting id="com.eviware.soapui.impl.wsdl.WsdlRequest@request-headers">&lt;xml-fragment/></con:setting></con:settings><con:encoding>UTF-8</con:encoding><con:endpoint>http://localhost:8192/Service/test-provider-array/</con:endpoint><con:request><![CDATA[<soapenv:Envelope xmlns:soapenv="http://schemas.xmlsoap.org/soap/envelope/" xmlns:test="urn:jbi4corba/test-provider-array">
   <soapenv:Header/>
   <soapenv:Body>
      <test:echoArrayLongLong>
         <!--Zero or more repetitions:-->
         <test:e>100</test:e>
         <test:e>200</test:e>
      </test:echoArrayLongLong>
   </soapenv:Body>
</soapenv:Envelope>]]></con:request><con:assertion type="SOAP Response"/><con:assertion type="Schema Compliance"><con:configuration/></con:assertion><con:assertion type="SOAP Fault Assertion"/><con:wsaConfig mustUnderstand="NONE" version="200508"/></con:request></con:config></con:testStep><con:testStep type="request" name="echoArrayShort"><con:settings/><con:config xsi:type="con:RequestStep" xmlns:xsi="http://www.w3.org/2001/XMLSchema-instance"><con:interface>EchoArrayCorbaBinding</con:interface><con:operation>echoArrayShort</con:operation><con:request name="echoArrayShort" wssPasswordType=""><con:settings><con:setting id="com.eviware.soapui.impl.wsdl.WsdlRequest@request-headers">&lt;xml-fragment/></con:setting></con:settings><con:encoding>UTF-8</con:encoding><con:endpoint>http://localhost:8192/Service/test-provider-array/</con:endpoint><con:request><![CDATA[<soapenv:Envelope xmlns:soapenv="http://schemas.xmlsoap.org/soap/envelope/" xmlns:test="urn:jbi4corba/test-provider-array">
   <soapenv:Header/>
   <soapenv:Body>
      <test:echoArrayShort>
         <!--Zero or more repetitions:-->
         <test:e>5</test:e>
         <test:e>6</test:e>
      </test:echoArrayShort>
   </soapenv:Body>
</soapenv:Envelope>]]></con:request><con:assertion type="SOAP Response"/><con:assertion type="Schema Compliance"><con:configuration/></con:assertion><con:assertion type="SOAP Fault Assertion"/><con:wsaConfig mustUnderstand="NONE" version="200508"/></con:request></con:config></con:testStep><con:testStep type="request" name="echoArrayShort 1"><con:settings/><con:config xsi:type="con:RequestStep" xmlns:xsi="http://www.w3.org/2001/XMLSchema-instance"><con:interface>EchoArrayCorbaBinding</con:interface><con:operation>echoArrayShort</con:operation><con:request name="echoArrayShort 1" wssPasswordType=""><con:settings/><con:encoding>UTF-8</con:encoding><con:endpoint>http://localhost:8192/Service/test-provider-array/</con:endpoint><con:request><![CDATA[<soapenv:Envelope xmlns:soapenv="http://schemas.xmlsoap.org/soap/envelope/" xmlns:test="urn:jbi4corba/test-provider-array">
   <soapenv:Header/>
   <soapenv:Body>
      <test:echoArrayShort>
         <!--Zero or more repetitions:-->
         <test:e>5</test:e>
         <test:e>6</test:e>
      </test:echoArrayShort>
   </soapenv:Body>
</soapenv:Envelope>]]></con:request><con:assertion type="SOAP Fault Assertion"/><con:wsaConfig mustUnderstand="NONE" version="200508"/></con:request></con:config></con:testStep><con:testStep type="request" name="echoArrayString"><con:settings/><con:config xsi:type="con:RequestStep" xmlns:xsi="http://www.w3.org/2001/XMLSchema-instance"><con:interface>EchoArrayCorbaBinding</con:interface><con:operation>echoArrayString</con:operation><con:request name="echoArrayString" wssPasswordType=""><con:settings><con:setting id="com.eviware.soapui.impl.wsdl.WsdlRequest@request-headers">&lt;xml-fragment/></con:setting></con:settings><con:encoding>UTF-8</con:encoding><con:endpoint>http://localhost:8192/Service/test-provider-array/</con:endpoint><con:request><![CDATA[<soapenv:Envelope xmlns:soapenv="http://schemas.xmlsoap.org/soap/envelope/" xmlns:test="urn:jbi4corba/test-provider-array">
   <soapenv:Header/>
   <soapenv:Body>
      <test:echoArrayString>
         <!--Zero or more repetitions:-->
         <test:e>string1</test:e>
         <test:e>string2</test:e>
      </test:echoArrayString>
   </soapenv:Body>
</soapenv:Envelope>]]></con:request><con:assertion type="SOAP Response"/><con:assertion type="Schema Compliance"><con:configuration/></con:assertion><con:assertion type="SOAP Fault Assertion"/><con:wsaConfig mustUnderstand="NONE" version="200508"/></con:request></con:config></con:testStep><con:testStep type="request" name="echoArrayUnsignedLong"><con:settings/><con:config xsi:type="con:RequestStep" xmlns:xsi="http://www.w3.org/2001/XMLSchema-instance"><con:interface>EchoArrayCorbaBinding</con:interface><con:operation>echoArrayUnsignedLong</con:operation><con:request name="echoArrayUnsignedLong" wssPasswordType=""><con:settings><con:setting id="com.eviware.soapui.impl.wsdl.WsdlRequest@request-headers">&lt;xml-fragment/></con:setting></con:settings><con:encoding>UTF-8</con:encoding><con:endpoint>http://localhost:8192/Service/test-provider-array/</con:endpoint><con:request><![CDATA[<soapenv:Envelope xmlns:soapenv="http://schemas.xmlsoap.org/soap/envelope/" xmlns:test="urn:jbi4corba/test-provider-array">
   <soapenv:Header/>
   <soapenv:Body>
      <test:echoArrayUnsignedLong>
         <!--Zero or more repetitions:-->
         <test:e>100</test:e>
         <test:e>200</test:e>
      </test:echoArrayUnsignedLong>
   </soapenv:Body>
</soapenv:Envelope>]]></con:request><con:assertion type="SOAP Response"/><con:assertion type="Schema Compliance"><con:configuration/></con:assertion><con:assertion type="SOAP Fault Assertion"/><con:wsaConfig mustUnderstand="NONE" version="200508"/></con:request></con:config></con:testStep><con:testStep type="request" name="echoArrayUnsignedLongLong"><con:settings/><con:config xsi:type="con:RequestStep" xmlns:xsi="http://www.w3.org/2001/XMLSchema-instance"><con:interface>EchoArrayCorbaBinding</con:interface><con:operation>echoArrayUnsignedLongLong</con:operation><con:request name="echoArrayUnsignedLongLong" wssPasswordType=""><con:settings><con:setting id="com.eviware.soapui.impl.wsdl.WsdlRequest@request-headers">&lt;xml-fragment/></con:setting></con:settings><con:encoding>UTF-8</con:encoding><con:endpoint>http://localhost:8192/Service/test-provider-array/</con:endpoint><con:request><![CDATA[<soapenv:Envelope xmlns:soapenv="http://schemas.xmlsoap.org/soap/envelope/" xmlns:test="urn:jbi4corba/test-provider-array">
   <soapenv:Header/>
   <soapenv:Body>
      <test:echoArrayUnsignedLongLong>
         <!--Zero or more repetitions:-->
         <test:e>100</test:e>
         <test:e>200</test:e>
      </test:echoArrayUnsignedLongLong>
   </soapenv:Body>
</soapenv:Envelope>]]></con:request><con:assertion type="SOAP Response"/><con:assertion type="Schema Compliance"><con:configuration/></con:assertion><con:assertion type="SOAP Fault Assertion"/><con:wsaConfig mustUnderstand="NONE" version="200508"/></con:request></con:config></con:testStep><con:testStep type="request" name="echoArrayUnsignedShort"><con:settings/><con:config xsi:type="con:RequestStep" xmlns:xsi="http://www.w3.org/2001/XMLSchema-instance"><con:interface>EchoArrayCorbaBinding</con:interface><con:operation>echoArrayUnsignedShort</con:operation><con:request name="echoArrayUnsignedShort" wssPasswordType=""><con:settings><con:setting id="com.eviware.soapui.impl.wsdl.WsdlRequest@request-headers">&lt;xml-fragment/></con:setting></con:settings><con:encoding>UTF-8</con:encoding><con:endpoint>http://localhost:8192/Service/test-provider-array/</con:endpoint><con:request><![CDATA[<soapenv:Envelope xmlns:soapenv="http://schemas.xmlsoap.org/soap/envelope/" xmlns:test="urn:jbi4corba/test-provider-array">
   <soapenv:Header/>
   <soapenv:Body>
      <test:echoArrayUnsignedShort>
         <!--Zero or more repetitions:-->
         <test:e>1</test:e>
         <test:e>2</test:e>
      </test:echoArrayUnsignedShort>
   </soapenv:Body>
</soapenv:Envelope>]]></con:request><con:assertion type="SOAP Response"/><con:assertion type="Schema Compliance"><con:configuration/></con:assertion><con:assertion type="SOAP Fault Assertion"/><con:wsaConfig mustUnderstand="NONE" version="200508"/></con:request></con:config></con:testStep><con:testStep type="request" name="echoArrayWChar"><con:settings/><con:config xsi:type="con:RequestStep" xmlns:xsi="http://www.w3.org/2001/XMLSchema-instance"><con:interface>EchoArrayCorbaBinding</con:interface><con:operation>echoArrayWChar</con:operation><con:request name="echoArrayWChar" wssPasswordType=""><con:settings><con:setting id="com.eviware.soapui.impl.wsdl.WsdlRequest@request-headers">&lt;xml-fragment/></con:setting></con:settings><con:encoding>UTF-8</con:encoding><con:endpoint>http://localhost:8192/Service/test-provider-array/</con:endpoint><con:request><![CDATA[<soapenv:Envelope xmlns:soapenv="http://schemas.xmlsoap.org/soap/envelope/" xmlns:test="urn:jbi4corba/test-provider-array">
   <soapenv:Header/>
   <soapenv:Body>
      <test:echoArrayWChar>
         <!--Zero or more repetitions:-->
         <test:e>1</test:e>
         
	<test:e>2</test:e>
      </test:echoArrayWChar>
   </soapenv:Body>
</soapenv:Envelope>]]></con:request><con:assertion type="SOAP Response"/><con:assertion type="Schema Compliance"><con:configuration/></con:assertion><con:assertion type="SOAP Fault Assertion"/><con:wsaConfig mustUnderstand="NONE" version="200508"/></con:request></con:config></con:testStep><con:testStep type="request" name="echoArrayWString"><con:settings/><con:config xsi:type="con:RequestStep" xmlns:xsi="http://www.w3.org/2001/XMLSchema-instance"><con:interface>EchoArrayCorbaBinding</con:interface><con:operation>echoArrayWString</con:operation><con:request name="echoArrayWString" wssPasswordType=""><con:settings><con:setting id="com.eviware.soapui.impl.wsdl.WsdlRequest@request-headers">&lt;xml-fragment/></con:setting></con:settings><con:encoding>UTF-8</con:encoding><con:endpoint>http://localhost:8192/Service/test-provider-array/</con:endpoint><con:request><![CDATA[<soapenv:Envelope xmlns:soapenv="http://schemas.xmlsoap.org/soap/envelope/" xmlns:test="urn:jbi4corba/test-provider-array">
   <soapenv:Header/>
   <soapenv:Body>
      <test:echoArrayWString>
         <!--Zero or more repetitions:-->
         <test:e>wString1</test:e>
         <test:e>wString2</test:e>
      </test:echoArrayWString>
   </soapenv:Body>
</soapenv:Envelope>]]></con:request><con:assertion type="SOAP Response"/><con:assertion type="Schema Compliance"><con:configuration/></con:assertion><con:assertion type="SOAP Fault Assertion"/><con:wsaConfig mustUnderstand="NONE" version="200508"/></con:request></con:config></con:testStep><con:testStep type="request" name="echoMatrixString"><con:settings/><con:config xsi:type="con:RequestStep" xmlns:xsi="http://www.w3.org/2001/XMLSchema-instance"><con:interface>EchoArrayCorbaBinding</con:interface><con:operation>echoMatrixString</con:operation><con:request name="echoMatrixString" wssPasswordType=""><con:settings><con:setting id="com.eviware.soapui.impl.wsdl.WsdlRequest@request-headers">&lt;xml-fragment/></con:setting></con:settings><con:encoding>UTF-8</con:encoding><con:endpoint>http://localhost:8192/Service/test-provider-array/</con:endpoint><con:request><![CDATA[<soapenv:Envelope xmlns:soapenv="http://schemas.xmlsoap.org/soap/envelope/" xmlns:test="urn:jbi4corba/test-provider-array">
   <soapenv:Header/>
   <soapenv:Body>
      <test:echoMatrixString>
         <!--Zero or more repetitions:-->
         <test:e>
            <!--Zero or more repetitions:-->
            <item>x</item>
            <item>y</item>
         </test:e>
         <test:e>
            <!--Zero or more repetitions:-->
            <item>t</item>
            <item>z</item>
         </test:e>
      </test:echoMatrixString>
   </soapenv:Body>
</soapenv:Envelope>]]></con:request><con:assertion type="SOAP Response"/><con:assertion type="Schema Compliance"><con:configuration/></con:assertion><con:assertion type="SOAP Fault Assertion"/><con:wsaConfig mustUnderstand="NONE" version="200508"/></con:request></con:config></con:testStep><con:testStep type="request" name="echoArrayOctet" disabled="true"><con:settings/><con:config xsi:type="con:RequestStep" xmlns:xsi="http://www.w3.org/2001/XMLSchema-instance"><con:interface>EchoArrayCorbaBinding</con:interface><con:operation>echoArrayOctet</con:operation><con:request name="echoArrayOctet"><con:settings/><con:encoding>UTF-8</con:encoding><con:endpoint>http://localhost:8192/Service/test-provider-array/</con:endpoint><con:request><![CDATA[<soapenv:Envelope xmlns:soapenv="http://schemas.xmlsoap.org/soap/envelope/" xmlns:test="urn:jbi4corba/test-provider-array">
   <soapenv:Header/>
   <soapenv:Body>
      <test:echoArrayOctet>
         <test:e>MTI=</test:e>
      </test:echoArrayOctet>
   </soapenv:Body>
</soapenv:Envelope>]]></con:request><con:assertion type="SOAP Response"/><con:assertion type="Schema Compliance"><con:configuration/></con:assertion><con:assertion type="SOAP Fault Assertion"/><con:wsaConfig mustUnderstand="NONE" version="200508"/></con:request></con:config></con:testStep><con:properties/></con:testCase><con:properties/></con:testSuite><con:properties/><con:wssContainer/></con:soapui-project>