<?xml version="1.0" encoding="UTF-8"?>
<con:soapui-project name="jbi4ejb-soapui-project" soapui-version="1.7" xmlns:con="http://eviware.com/soapui/config"><con:settings><con:setting id="ProjectSettings@projectRoot">/home/marco/workspace/jbi4ejb/src/test/etc/soapui</con:setting></con:settings><con:interface name="TestSessionRemoteBinding" bindingName="{http://test14.imolinfo.it}TestSessionRemoteBinding" soapVersion="1_1" definition="http://localhost:8192/services/TestSessionRemote?wsdl"><con:settings/><con:endpoints><con:endpoint>http://localhost:8192/services/TestSessionRemote</con:endpoint></con:endpoints><con:operation action="" name="getBalance" bindingOperationName="getBalance" inputName="getBalanceRequest" outputName="getBalanceResponse" isOneWay="false" receivesAttachments="false" sendsAttachments="false"><con:settings/><con:call name="getBalance"><con:settings/><con:encoding>UTF-8</con:encoding><con:endpoint>http://localhost:8192/services/TestSessionRemote</con:endpoint><con:request><![CDATA[<soapenv:Envelope xmlns:soapenv="http://schemas.xmlsoap.org/soap/envelope/" xmlns:tes="http://test14.imolinfo.it">
   <soapenv:Header/>
   <soapenv:Body>
      <tes:getBalance>
         <tes:in0>code</tes:in0>
      </tes:getBalance>
   </soapenv:Body>
</soapenv:Envelope>]]></con:request></con:call></con:operation><con:definitionCache rootPart="http://localhost:8192/services/TestSessionRemote?wsdl"><con:part><con:url>http://localhost:8192/services/TestSessionRemote?wsdl</con:url><con:content><wsdl:definitions targetNamespace="http://test14.imolinfo.it" xmlns:tns="http://test14.imolinfo.it" xmlns:wsdlsoap="http://schemas.xmlsoap.org/wsdl/soap/" xmlns:soap12="http://www.w3.org/2003/05/soap-envelope" xmlns:xsd="http://www.w3.org/2001/XMLSchema" xmlns:soapenc11="http://schemas.xmlsoap.org/soap/encoding/" xmlns:soapenc12="http://www.w3.org/2003/05/soap-encoding" xmlns:soap11="http://schemas.xmlsoap.org/soap/envelope/" xmlns:wsdl="http://schemas.xmlsoap.org/wsdl/">
  <wsdl:types>
    <xsd:schema attributeFormDefault="qualified" elementFormDefault="qualified" targetNamespace="http://test14.imolinfo.it">
<xsd:element name="getBalance">
<xsd:complexType>
<xsd:sequence>
<xsd:element maxOccurs="1" minOccurs="1" name="in0" nillable="true" type="xsd:string"/>
</xsd:sequence>
</xsd:complexType>
</xsd:element>
<xsd:element name="getBalanceResponse">
<xsd:complexType>
<xsd:sequence>
<xsd:element maxOccurs="1" minOccurs="1" name="out" type="xsd:double"/>
</xsd:sequence>
</xsd:complexType>
</xsd:element>
</xsd:schema>
  </wsdl:types>
  <wsdl:message name="getBalanceResponse">
    <wsdl:part name="parameters" element="tns:getBalanceResponse">
    </wsdl:part>
  </wsdl:message>
  <wsdl:message name="getBalanceRequest">
    <wsdl:part name="parameters" element="tns:getBalance">
    </wsdl:part>
  </wsdl:message>
  <wsdl:portType name="TestComplexSessionRemote">
    <wsdl:operation name="getBalance">
      <wsdl:input name="getBalanceRequest" message="tns:getBalanceRequest">
    </wsdl:input>
      <wsdl:output name="getBalanceResponse" message="tns:getBalanceResponse">
    </wsdl:output>
    </wsdl:operation>
  </wsdl:portType>
  <wsdl:binding name="TestSessionRemoteBinding" type="tns:TestComplexSessionRemote">
    <wsdlsoap:binding style="document" transport="http://schemas.xmlsoap.org/soap/http"/>
    <wsdl:operation name="getBalance">
      <wsdlsoap:operation soapAction=""/>
      <wsdl:input name="getBalanceRequest">
        <wsdlsoap:body use="literal"/>
      </wsdl:input>
      <wsdl:output name="getBalanceResponse">
        <wsdlsoap:body use="literal"/>
      </wsdl:output>
    </wsdl:operation>
  </wsdl:binding>
  <wsdl:service name="TestSessionRemote">
    <wsdl:port name="TestSessionRemotePort" binding="tns:TestSessionRemoteBinding">
      <wsdlsoap:address location="http://localhost:8192/services/TestSessionRemote"/>
    </wsdl:port>
  </wsdl:service>
</wsdl:definitions></con:content><con:type>http://schemas.xmlsoap.org/wsdl/</con:type></con:part></con:definitionCache></con:interface><con:testSuite name="Jbi4Ejb-TestSimpleSuite"><con:settings/><con:runType>SEQUENTIAL</con:runType><con:testCase failOnError="true" failTestCaseOnErrors="true" keepSession="false" name="TestSimple" searchProperties="true"><con:settings/><con:testStep type="request" name="getBalance"><con:settings/><con:config xsi:type="con:RequestStep" xmlns:xsi="http://www.w3.org/2001/XMLSchema-instance"><con:interface>TestSessionRemoteBinding</con:interface><con:operation>getBalance</con:operation><con:request name="getBalance"><con:settings/><con:encoding>UTF-8</con:encoding><con:endpoint>http://localhost:8192/services/TestSessionRemote</con:endpoint><con:request><![CDATA[<soapenv:Envelope xmlns:soapenv="http://schemas.xmlsoap.org/soap/envelope/" xmlns:tes="http://test14.imolinfo.it">
   <soapenv:Header/>
   <soapenv:Body>
      <tes:getBalance>
         <tes:in0>pippo</tes:in0>
      </tes:getBalance>
   </soapenv:Body>
</soapenv:Envelope>]]></con:request><con:assertion type="SOAP Response"/><con:assertion type="Schema Compliance"><con:configuration/></con:assertion><con:assertion type="SOAP Fault Assertion"/></con:request></con:config></con:testStep></con:testCase></con:testSuite></con:soapui-project>